500
0 9125 5974 664 3292 309 9817 7274 8898 9908 412
1 2655 2015 7032 6274 8603 7041 1663 9323 9655 7983 1060 3184 6817 4035 412
2 5574 9485 9345 6117 5953 6882 2220 2952 9207 6712 2437 2842 3521 7029
3 6653 5317 4402 3554 1467 5159 8780 4100 6469 553 871 2681 7659 2192 3923 7099 6178 3468 3432
4 8460 1962 8717 3001 5950 5122 1668 3394 3005 1339 8209 9543 4776 1498 8176 8151 7185 8879 1319 5962 199 4314 9903 2555 300 7438
5 6156 3838 7006 2911 8597 9711 5532 2248 7315 6387 4356 5748
6 6411 4893 6848 5847 5716 9745 8637 9364 1834 4388 6982 708 2345 7285 4340 8121
7 5516 4306 3846 8654 7828 5472 7330 9924 1405 7919 9224
8 3812 4253 780 8895 2401 7980 1450 8586 1038 6865 6623 2806 3312 8987 6369 2240
9 8999 336 4121 8746 7537 9833 3099 9456 7271 3082 1430 952
10 1963 2973 7611 1316 2778 2603 6746 8518 4814 4974 2147 5161 4855
11 9466 8865 120 8237 2780 1332 7367 9619 285 9147 9056 755 1167
12 9275 5624 8648 9618 3297 5362 1724 5147 2278 7454 4109 5132 477 2288 9842
13 728 5301 6452 9569 5045 8040 4087 8703 6818 3051 4611 5111 7677 5446 2986
14 8624 9358 3833 3150 1592 7164 2320 5282 1518 3543 7669
15 2819 563 6766 4132 7194 5968 985 7220 7613 4027 7206 6482 6744 8994
16 2745 3208 9805 3966 4028 5840 5678 2593 6052 9387 4013 5807 2704 6538
17 2835 5075 5943 5904 9788 1525 2113 2059 6197 3046 4002 8195 2666
18 3143 8757 8162 8561 8975 8501 6006 9398 2212 8037 4901
19 8683 4594 8355 1502 3026 6441 1028 6190 3453 7740 8027 4664 2555
20 8042 6451 7030 6362 4862 4440 1905 965 6015 7083 5733 7962 2085 3113
21 5943 978 2092 9572 9449 1019 5047 9115 1233 8715 4311
22 4187 3076 5630 8338 9194 3549 5904 5396 8127 7794 8660 8574 6281 8043
23 1711 3524 9717 6367 7487 1444 6489 3534 7814 3036 891 2396 8200 4679 4855 8293
24 5427 3419 961 3340 4176 4818 6992 992 6551 3597 1039 6945 6482 6327 4985
25 8543 7754 9303 8939 77 6993 7945 5893 5090 6801 3110 6281 3984 370 8644
26 5705 426 9025 2245 140 6700 3995 810 8634 3111
27 8274 1111 8846 8502 3860 8757 578 6710 5239 3073
28 8605 3152 9133 5708 3388 6675 3721 718 1777 3854 9615 7073 4449 3104 2589 7120
29 7540 6881 268 8057 1531 5022 2969 9827 79 5546 4785 7631 2234 4199 8830
30 8018 853 57 4708 1403 4489 5244 547 4957 2858
31 3410 3451 6826 9066 4751 455 7026 5521 2202 8088 8337 6101
32 5208 1629 7062 1250 36 8079 2024 9326 1504 4855
33 9924 2047 2865 9094 6612 7263 7344 8030 2970 971 123 8132 9826 6460 2518 9050 776
34 8389 3315 303 1316 3593 8825 5834 9643 6639 896 8284
35 6810 9312 8392 1737 6443 8552 1200 7276 4465 6442 9659 9758 8141 116 5788
36 8972 1019 4809 1010 186 4630 2817 3620 4275 254 1770 1401
37 6116 4202 8821 4547 6781 3805 2049 9818 6937 9121 719 8431
38 8208 8507 5504 1536 1407 600 580 8655 3471 1759 7560 1546 1105
39 9132 4462 6502 3647 9179 2036 6436 1081 2069 19 4655 478 2846 7791 1134 1774 9244
40 2996 8091 5022 9938 4993 4537 7362 5433 2423 1676 9706 2192 7618 9370 8722
41 115 7907 6352 835 7730 8970 5611 1152 3044 3665 201 1140 4343 5869
42 4224 3311 8861 4306 52 1611 4563 5308 4676 5390 8428
43 9923 6412 8349 9862 4553 7552 7072 6009 4432 5704 2135 3050 2413 6889 7438
44 3561 494 6351 5145 4937 6188 879 100 5534 4269 4887 8362 7121 7170 1480 4327 367 8491
45 641 5291 306 4541 9859 4104 5359 6025 691 2235 7680 3125 9638 5340 9842
46 6933 5773 7346 3670 7712 8532 2463 7951 3743 1917 3341 2544 7960 8583 8005
47 5210 565 9792 3150 2525 8675 1236 9132 362 5029 2555 7240
48 2512 833 2054 9340 8610 3350 2941 7464 9841 8259 5775 5580
49 720 4546 571 9063 9317 7389 8689 2621 28 7142 9311 6020 7559 4102 5848
50 2033 8004 4230 643 7597 3171 2575 5169 5860 1069 6347 1964 2475 4784
51 372 2722 4380 9023 2991 259 4134 1102 6101 3637 5553 2464 6287 6077 6062 9349 399 7296
52 8222 1116 1693 1521 549 7074 1716 6354 2721 2962
53 2203 6610 704 4290 7097 2602 5948 4999 7028 8367 1567 8852 1601 7055 3006
54 5589 7453 3078 8983 8738 3202 3248 947 5965
55 4684 6311 5592 915 2672 2217 1416 6918 3523 9468 4045
56 5425 1525 2731 4867 7161 8548 1943 2284 5912 1476 6790
57 2509 8459 4644 209 9725 917 3626 1127 1465 6699 660 79
58 5398 7482 2105 4197 4798 9181 8635 6614 3156 1666 5144 2052
59 219 5729 823 5044 7414 5109 6894 167 7513 5857 4522 6910 4619 6141 6986
60 2376 7397 9030 5371 8549 7779 5405 5535 8215 7048 4180 3144
61 3227 4051 1093 2701 3657 1696 9840 6764 6579 6426 6095 2128 3673 7364 2630 9270 4199
62 759 6593 6242 9803 6046 7286 1665 560 5547 8128 8144 9517 5212 9478 4614 8209 7413 8491
63 8828 8789 8298 472 8434 3579 5257 1973 4025 4074 3784 9645 2322 9332 5341 6082
64 11 2467 342 1890 4419 4396 970 3987 866 4212 8881 8058 6492 552 8134
65 1239 2213 5557 9931 9127 4579 5308 3691 8520 8146 9313 8522 857 9806 2114 7736
66 4920 1973 1222 3736 5631 2747 9122 3188 8772 8949 3897 7133
67 5170 4947 8158 1474 121 4487 4758 3284 4004 5748 1289 7219
68 1164 3643 1078 7582 438 8302 1766 6548 1954 9677 6672 4271 5758 8711
69 417 2614 6282 4648 1792 9779 9292 6257 7317 1059 9777 6621 3728
70 7947 3741 3710 4304 8035 6184 624 1109 7593 7077 7586 793 3602
71 5899 8480 1577 7234 5228 6695 8652 435 6552 1022 8775 1408 3036 4968 2293 8531 3089 447
72 7574 6103 5794 619 7768 6698 7800 7885 4429 1497 8263 3320 7123 2784 3103 1383
73 9472 2326 486 6702 2394 686 6364 6363 3890 6155 5913 1923 6082 2349 7699
74 6247 4581 5843 2813 4933 1677 2671 3928 3122 7787 4199
75 958 2044 6491 9707 987 9052 865 1616 8969 212 5276 4974 6067 4691 4034
76 1757 403 7702 9492 5573 1837 1691 5224 5071 6598 2735 3543 3830 6482
77 1399 6642 166 2044 5805 3999 3515 2757 2341 7300 9451 1984 3376
78 2638 8453 6299 6656 4500 5907 9192 4850 8473 9438 4855 7299
79 3896 4569 4982 8720 2168 8769 1039 5926 5553 5362 8242 6437 6360
80 955 1712 3156 9244 3370 3376 6646 8786 1345 8897 4490 5676 9414 9640 7266
81 7531 4681 5679 9633 1688 544 5114 8997 3405 1680 1043 6895 9573 8716
82 8029 1276 9391 109 8643 9461 7495 16 9529 4779 3851 9669 9114 8814
83 3242 5615 2258 5426 9225 1767 6761 1987 4730 6105 2643
84 329 2243 2744 7131 8278 2693 3399 3471 3362 7333 3590 3119 8958 4734 3597 8618 4760 8728 1121 4765
85 7848 8143 1449 173 5467 2441 1517 4501 8191 6816 4572 2569 4962 183
86 5539 9152 7351 7262 3274 4735 6201 5868 2461 7060 9704 4112 8599 8043
87 2622 2215 8006 6494 6319 4923 6044 3720 8798 6937 6240 7828 5307 7968 9007
88 524 8353 4505 1683 428 5556 4959 5044 7087 8021 4846 906 2486 5862 496 5412
89 9676 5391 3133 7828 1603 6846 9031 172 3053 3341 3950
90 5892 8710 8936 8135 4161 756 8608 7843 8236 6954 7781 7291 7183 2182 2768 3320 9197
91 3041 871 5207 5016 6468 7237 6720 7038 8810 810 5921
92 2779 8160 7321 500 7516 8446 9915 7091 3127 3146 4457 321
93 7494 5900 1218 4212 4106 1493 421 1484 3416 4613 1523 6187 2155
94 7332 4589 3961 9628 8790 9737 2423 2018 8373 2487 5041 774 3135
95 5727 4026 542 7668 1453 4782 3793 4755 323 9957 5178 7932 4108 4728
96 1896 48 9246 1513 7799 2788 8996 2570 2516 4633 1710
97 9295 9782 815 6084 7451 8464 6941 2836 2726 4903 7698 2771 8450
98 8305 4463 9330 4477 9774 4754 589 5666 150 7965 9332 6960 9852
99 6054 9235 1940 2468 3807 9710 9385 6339 1617 4177 4859 9139 2879 3056 2439 2155 9930
100 6657 1034 9538 1131 3738 7577 4538 6035 3705 8668 9545 1731
101 4728 3123 5538 7447 120 270 5766 3447 5517 8989 5442 7684 8281 2902 9301
102 8090 5479 6448 1364 3629 1050 8531 5761 4241 2582 3325 6605 7916 6555 7755
103 5957 7789 1507 9426 1767 1344 6321 1810 60 8082 2148 8832 412
104 6543 2915 3514 2857 760 232 4407 3845 5647 7054 2647 2282 9472 813 2583 8431
105 5280 760 5884 9040 7228 8170 3330 7116 4126 8770 2696 6608 2628 1865 3648 4493 3842 8797 7285 7429 1145 7713
106 5499 9641 6220 7111 7649 2822 4593 7703 3064 8248 1429 5848 8125 5412 5715
107 1517 2557 6580 1729 9820 9513 5 9481 9627 2486 7629 5946
108 5407 1327 4542 30 3353 7721 8753 3084 9876 9856 9977 9271 6875 7252 6534 8212 3144
109 6636 4426 3902 4015 8725 9790 8864 633 1060 5153 1593 2480 7751 2892 8005
110 9111 5754 7241 6193 9053 5191 3421 5293 5700 4834
111 7047 995 9189 433 5353 2231 9109 2965 5415 6836 7709
112 132 6560 5749 9316 5220 3217 8577 7213 7013 4352 9534 6619 3153 3379 7787 2121 352 2704
113 8080 9722 5339 1477 6192 1439 9675 4875 4928 4720 2294 7240 8751 3949 1501 7467 183
114 8234 6324 7833 5494 3182 653 8560 2152 860 8572 9090 819 1377 3975 5507
115 7261 9932 4054 6337 2931 2391 3625 3537 2330 8762 1412 8932
116 2366 8784 1910 5653 1494 4049 2576 7174 7113 7361 6021
117 1336 847 8786 6554 2979 2003 1982 8481 1027 7498 8645 1064 2202 9654 9842 7296 2013
118 8853 4185 8952 4038 2238 146 7155 704 6867 1555 7133
119 8479 4048 9082 1604 7713 7749 4452 8547 9315 7845 8756 6750 5341 8462
120 364 489 4625 5565 3909 3494 5738 5138 2505 7380 9508 5642 2771 1121 2555
121 1023 6813 2594 1781 7052 9155 4831 7602 4868 6603 4749 2136
122 1349 8194 472 9578 8154 213 5633 3326 3411 9031 8790 9979
123 6879 5867 8749 5154 9254 740 4480 3167 4966 5196 4727 1043 4948
124 1271 6457 7170 2598 4444 1301 2875 7628 5932 2723 4758 6421 6331 5245 3914
125 304 5508 5933 4298 6865 7246 7233 5548 5404 7629 9172 3333 1058 552 3103 7699
126 7358 9695 605 7127 4996 4880 656 7810 3516 7290 7713
127 4247 4007 5744 4961 2727 6831 2785 2342 4580 5157 9273 8267 4170 1668 5097
128 8444 7238 3666 5319 2713 9941 2703 9382 4731 6829 4314 352
129 27 8449 2700 8092 423 3011 753 7810 1528 3142 9132 663 2422 9834 2
130 8389 8016 8626 5515 9415 4866 3149 197 2895 9751 425 3261
131 3510 5804 6601 5155 3336 7480 5831 7 5126 4260 8887 8903 6382 8362 5654 1299 8055 8423 5531 5063 4527
132 3112 9102 2023 4272 5298 5169 3881 2674 1969 8816 2615
133 1201 5519 6829 3301 2765 7487 7463 926 9605 9153 7496 9848 7709 6258 6970 6101
134 5309 3214 8277 3323 3260 8249 9972 2081 4293 4397 7260 5019 2052
135 9169 1359 389 786 7880 5468 8476 5603 6229 6771 9906 6623 1948 4300 7922 6815 8105
136 8045 9890 6377 2420 6732 4888 911 9209 1569 5755 6532 6327 8439 3240
137 9857 4039 4971 8382 1694 3998 4498 6771 4483 9140 1670 6919 4286 6613 7709
138 9280 4933 1749 1153 7278 7431 2300 2297 402 3151 381 3313 3567 4107 9197
139 7693 1497 5873 7972 1873 7723 3635 4149 9811 7793 8893 4399
140 7218 3436 8911 2043 4229 3197 2365 9091 9770 2156 5456 1739
141 3018 1625 3709 5353 6680 5553 8984 959 7025 7115 7581 2600 2121
142 3257 8402 5454 7789 7033 6776 9161 7174 2465 3493 4091 7902
143 9322 3796 1908 1927 2404 7451 4181 7850 9056 6355 5254 7569 238
144 3189 6210 8315 6602 4700 1955 1568 8074 149 4350
145 8678 5691 1954 8383 9857 8801 9153 8927 3232 2422
146 9403 9636 4366 4122 3730 5439 1281 8172 1007 7162 569 2983
147 5897 9942 128 3349 1147 6031 1685 771 1658 5701 313 532 7752 3343 4531 7880
148 3683 1276 7181 6516 2531 3712 2096 3023 2718 2030 3662 4975 4804 4971 4970 745 6584 2589 3964 7153 8043
149 2497 8164 966 2777 7744 8224 7743 9422 7105 6270 1432 4954 2951 1984
150 4443 3685 7322 9401 9902 4408 6266 7043 3004 9990 3758
151 9475 9036 4406 648 7227 1732 214 3192 2537 3557 34 2499 5885 9107 4909
152 4209 6003 6320 8346 670 4592 5117 97 1120 4376 6909 2265 6731
153 2938 5754 8425 3401 8951 8654 3410 6583 5056 2810 1638
154 175 7975 2912 6862 411 1687 4179 5464 9824 8405 7670 4958 4199
155 8240 8773 7144 7086 2222 9500 8982 3338 5855 6804 8636 4400 6938
156 4032 3262 4867 8815 5382 1565 8063 4988 3373 4377
157 9196 5121 482 5952 763 7887 8642 46 3111
158 2308 5151 322 2765 5140 9765 1347 3379 8893 7232 8824 1375 3942 6020 9043 7759 374 3074
159 3565 6950 5778 6769 9714 2880 4854 6429 8533 7733 4457 6030
160 1708 8568 6840 2950 9413 2197 4031 182 6522 3547 6537
161 2160 7922 8483 8967 6385 3865 7343 1417 2936 1789 4777 2559 8406 5292 4622 3700 267 6458 8062 9545 8711
162 7313 7236 9026 4367 3981 8420 8640 1783 5571 7716 2412 7949
163 8064 4144 8736 543 3310 29 924 8241 2943 4134 9461 6538
164 5718 888 492 5685 8971 5544 5377 2885 5150 1736
165 918 6544 8475 6109 391 3581 6503 3820 9333 8567 4941 2426 8580 1125 8711 3163
166 6609 3813 2991 7269 2164 8672 5300 7406 6972 7457 2176 7912 6324 7968
167 384 3332 49 1968 3385 9732 7976 7993 2712
168 2129 6449 1743 1830 1071 140 9723 7242 5945 1403 4033 6306 183 9453
169 8943 9224 6676 765 139 7967 7567 9075 5803 2695 7255 1113 4784 6186 8782 9129 2643
170 353 8366 5905 4085 3667 6834 3746 3391 3637 4925 3331 1668
171 7143 3891 191 8186 7790 1560 2826 9741 2844 1220 2846 4819 1289 6196 8121 2414
172 4229 8457 4394 4751 348 8291 9680 3885 6611 8812 2790
173 8363 9014 773 1703 7624 7903 4277 2878 526 7923 6145 3703 3207 9270
174 9336 6786 2925 7043 3396 4364 6459 3697 5756 5794 5399 4857 2649 6379 2673 7652
175 1582 6079 5380 9402 9408 4040 3176 7422 5316 394 847
176 766 2494 13 7405 6104 8918 3562 7753 3671 1938 3862 2449 3079
177 7939 9774 5082 8529 6068 809 957 9060 3003 2093 4669 2100 3584
178 8056 7403 6542 1106 2739 9964 6846 8485 6157 9314 2077 5677 8293
179 3526 1508 5963 8502 3994 2724 7440 3378 1588 5726 3023
180 5617 2458 8881 4726 706 1146 299 9700 4018 4837 1083 7902 4035
181 1122 5664 9611 170 9833 5747 8689 8587 4991 4871 2034 2978
182 2408 226 3181 1457 6388 7836 6278 3017 6773 7044 4786 7413
183 9446 7816 7984 7633 6133 3245 4533 8573 51 4701 3913 3254 9178
184 2549 8766 6134 5779 5176 7804 3540 4805 5634 2425 3385 4567 3894 8188 1984
185 7166 9413 1392 7745 2656 9466 8557 8851 7787 2704 9199
186 5601 493 4081 3720 6218 6718 5609 6269 4685 9459 5410 6131 5492 2904 3074 9848
187 1537 2363 5827 3613 8468 2302 1579 3489 6124 5000 9138 2327 9533 8293
188 6748 3454 8169 7647 98 1122 2145 2590 344 6346 3974 6860 1941 1979
189 4515 7784 5391 3872 449 3568 8098 2900 4895 8014 7239 2650 3836 6778
190 396 4095 5667 799 3269 7327 3729 8744 113 9758 729 8176 2264
191 1447 8416 4575 6241 2390 5588 8330 5387 8041 9302 7469 5677
192 7685 3601 9587 3392 1487 2864 315 9592 2802 1822 8987 5871 8609 7120
193 757 1676 3985 520 2759 5500 8931 7714 4725 1442 9374 6258 1534
194 5137 4650 2838 3052 5729 8874 8622 6549 9438 8615 782 1728 3714 652
195 8945 5268 8203 1305 5188 8908 5422 3405 9293 9233 5261 6913 3288 1793 1387 8911 8300 8830
196 353 3266 7218 5084 2730 1342 9440 3348 4050 9582
197 2687 9935 3857 4909 7453 832 2258 1348 6433 7049 6920 5869 8125
198 2124 1989 7213 5914 4987 4908 340 3492 6573 1638 7474
199 4882 5049 5367 8878 1073 9405 1130 5706 9434 2331 7549 6621
200 1946 5244 908 6382 7633 3382 2942 7158 7686 4433 6827 79
201 702 7672 4532 9487 2353 111 9217 4873 1361 715 6138 6380 4639 2480 6258
202 3785 445 6832 1637 6898 1807 522 6673 9909 5879 8111
203 7514 536 5195 8225 9201 7068 4061 8118 790 2095 2128 1117
204 608 1189 7318 3114 4800 6036 5272 6901 9359 7088 6412 2064 6029 1117 1058
205 8308 877 6934 9110 8276 9098 7608 6162 3997 4065 7586 2615
206 6825 831 2721 6558 4838 4387 9337 1861 932 5067 5682 6778 3371
207 827 2787 7288 9112 6679 1621 2794 7757 7606 3393 5444 8831
208 8046 2029 2567 1288 3335 5046 8957 9271 9515 7331 9265 5507
209 5462 287 7741 2887 6318 2553 7650 9095 7074 7314 9930 6889 395
210 2279 3759 8228 4743 335 6590 4822 6425 721 9230 4670
211 6533 9747 8301 1916 9076 2860 5194 1400 3061 3895 3682 3731 6244 8599
212 9266 2844 9570 4963 5097 910 5185 4266 3632 8429 1771 6655 3752 5437
213 324 5011 8513 8819 5646 7783 3222 5506 1498 4079
214 9867 3204 4936 3216 2697 9223 2598 5631 8247 4253 5934 3505 7517
215 501 8850 416 1964 2674 3210 17 6167 364 8131 1835 9380 108
216 9674 1522 2781 3493 4191 844 9144 4780 2616 7215 4071 9041 4433 5102 7439 8663
217 1111 5395 9388 9997 7014 884 6810 247 2998 9874 8052 3329 1871 1979
218 8542 9034 5055 421 6878 7155 8440 1437 550 7254 5961 3602
219 1686 7355 4015 592 1049 9584 1182 5995 1746 8296 8294 510 5452 1366 3432 3144 7001
220 8899 9395 7192 2035 5232 2381 6384 5657 4709 103 369 5288 9374 8470
221 2039 505 481 7207 14 1337 1619 8503 1051 7298 1161 5981 1821 3905
222 5559 7428 1655 8477 914 9459 3438 3846 7983 4399 9219 838
223 403 505 8178 3473 4594 4735 8821 8223 8858 7521 8227 2407 9299
224 1893 5073 5549 6626 7393 9237 2421 379 7396 3 7280 3584 6465 4985 8491
225 1078 2830 214 1098 7915 5730 3067 4750 4755 1083 2265
226 6231 4312 7137 2845 7322 5816 9357 893 2750 3262 7188 4658 5156 7296 238
227 7878 8740 5336 918 5004 5371 5575 9816 1105 6141
228 6890 5851 7159 7588 2487 7750 737 8889 7970 208 4311
229 8994 1909 7040 8817 8052 1276 6903 7938 6414 7940 7837 696 9731 7710 6986
230 3999 8590 6530 5376 5085 1859 5734 7914 4225 5343 6500 4929 4345 4765
231 6368 4736 7319 1937 5040 6169 9445 3201 8724 3567 4027 3543
232 6921 8536 506 4517 6951 6796 3263 7140 7021 8713
233 5757 1695 2663 3278 1723 6828 6693 5522 4213 5629 1391 3032
234 2746 5193 316 4073 2868 5895 6502 8042 6572 3247 8998 4660 1929 2867 6635 8104 6827
235 3015 9072 7715 4938 5035 7909 6446 9331 330 4307 8439 2240 7699 3877 4020
236 9372 3031 4693 3014 8689 4983 9567 4414 344 514 5656 457 7771
237 5388 3828 9192 7328 6072 2314 844 2973 2732 1252 7549 221 205
238 7388 5525 8854 9180 6823 3863 1692 4173 9090 3737 3918 5307 1774
239 5929 8990 8750 1495 448 4579 5474 6723 300 2102 2252 4699 545 5715 7219 9075
240 8546 7562 3340 646 9396 5513 6262 187 5920 4234 8507 7517
241 8112 3612 2329 4297 2408 9728 5555 4093 8818 9937 9349 278
242 5179 8372 7641 9353 7621 7557 6979 1340 2418 4586 429 9003
243 9297 670 5008 6457 4708 7010 5864 7479 6616 4199
244 4732 9887 7937 6493 153 9287 6026 5859 400
245 1700 4355 1144 9532 2220 3738 988 7601 8803 7806 2327
246 2119 8831 3024 2241 6223 688 3592 3754 1907 5869 9356 6604 9933 8495
247 8785 3336 4939 2275 2617 9473 4083 7129 4861 9510 5762 7575
248 5355 5360 6963 2256 4897 5423 2379 7365 3770 1718 1564 8185 8068 4531
249 1270 5078 849 2714 5984 8118 1291 8039 6400 4107
250 6594 3358 9453 9526 8632 7732 858 5125 5332 3427 7841 3676 4240 4958 3077
251 3121 4695 8350 4086 2002 699 5296 3022 1817 7381 5926 8390 4842 4141 135 4311
252 5835 8125 3132 6042 7979 3544 3596 8528 9585 1533 6370 718 9436 4238 4558 321 9615 541
253 2065 6300 1882 562 3762 9027 1190 851 3849 7754 7200
254 4597 3548 7339 9215 8366 7501 5698 6799 1806 3423 2968 3080 1405 7068 2537 311
255 1063 4591 3086 5287 2431 7009 1850 9371 2175 9481 533 4448 9522 457 1979 1534 4020
256 9527 7125 5825 3594 9264 9216 6886 7196 2137 5041 7457 7167 9669
257 9831 4550 5389 368 7659 6698 6147 2157 5776 9187 4793 998 3163 2322 3894 2128 7864
258 9436 215 6956 7311 8309 7950 4729 1912 7797 6019 1510 4216 8955 5482 4180 7736 7575
259 9949 4806 5536 2761 4119 8159 9372 4717 5999 9955 9637 5053 7782
260 5554 1197 2635 7224 1652 2301 3804 4667 8619 2007 3509 2773
261 9321 6793 7216 3653 6181 1020 7357 2595 2444 3847 4222 4207 9283 9086 6705 8907 3827 5295 4539
262 4763 4849 4174 6958 1321 9546 4537 5278 4570 5175 9842
263 4366 9335 6200 1630 8527 9414 5226 9620 6701 6652 7012 3032
264 3963 8243 6929 5674 7890 2934 5069 6774 2016 7811 202 5233 1422 1935 6744 3885
265 8119 2869 1283 1414 6088 6557 9495 5687 4320 4717 9517 9961 8794
266 7773 9631 2179 3480 5890 266 3016 2736 9698 2568 8060 1552 9107 2685 3894
267 1556 1976 6189 7225 3747 1085 2153 7547 685 5988 3465 6798 5981 7088
268 6706 6140 3772 312 9569 7462 9285 8422 6993 8981 3708 9425 3377
269 6563 6023 1004 222 4540 7986 8306 6506 6062 2335 6404 8716 1343
270 5007 8336 4616 5133 5707 2173 1827 9599 8674 90 4340
271 5428 6586 3037 4421 8099 341 1895 1639 1987 6938 4967 6054
272 5750 4369 949 8457 9621 4273 8657 453 1932 178 5777 835 4378 3190 8332
273 7316 7357 5330 7777 3440 8856 7861 8307 8862 1690 5608 6884 2577 1336 5654 5507
274 2476 7220 2118 8866 5070 4561 1402 9871 1978 4602 1235 4752 7126 8982 4341 3032
275 8926 6273 976 1410 8973 6290 7187 3239 8149 8723 951 6216 76 9075
276 9880 6267 1941 9033 2352 899 100 6221 5185 2634 8484
277 8463 8616 6119 6543 2868 8950 9767 8261 9083 3883 6298 3395
278 3302 6805 8198 5303 6007 7489 1435 739 6668 2109 8523 3823 76
279 1942 5426 8469 5416 98 842 8914 7720 6033 6800 2165 916 9301 1343 4362 6296 7732
280 3789 5493 6597 7253 8275 8134 9844 2715 9558 1645 6464 7283 7063 2409 719 8994
281 5052 4556 3859 9418 5372 5417 5751 2961 6094 1931 8419 1865 2018 5715 8644
282 4242 3586 1323 578 8239 2586 5310 6416 374 1875 7269 5150 7091 1831 8495
283 9894 2186 6395 7090 5453 3678 8258 154 7889 2346 4526
284 2741 2122 5799 8490 5584 7594 1094 234 3972 6653 4658
285 9671 2120 4565 8175 989 4917 4590 3866 2144 240 898 7268 3077
286 5617 2453 4023 2111 981 1802 2430 1014 9887 6509 1246 1299
287 9484 7527 1279 7435 9245 5023 7504 9047 9619 2663 2828 6967 673 397 8920 9848 1454 7762
288 7111 193 9703 5905 3766 4157 1336 4544 2843 216 1048 6765 9199 6938
289 3899 7538 7493 5672 1207 1761 9024 5270 5436 310 4286
290 6172 9315 9601 5812 6312 1666 9206 1461 1194 6122 3225 1979
291 7122 9296 5209 4721 1682 4671 1443 142 4620 5247 221 1581 3944 673 9129
292 4461 3593 6794 3319 1681 7739 7157 1697 9156 7933 7314 4129 8406
293 354 9732 9691 5826 2896 4208 6800 3518 1425 6541 2417 7000 3841 4168 650 8812
294 6103 2702 9409 6845 5797 8676 176 4610 3359 5430 8416 3538 5813 2857 4176
295 8002 6523 6670 5351 934 6376 2608 6987 8292 4678 4456 9218 6303 3498 4890 6547 5437
296 2225 2365 9960 7459 9067 7118 9953 6456 1180 6770 6914 9940 7545
297 9736 818 7813 768 4646 8647 8452 5730 5227 8803 6631 8193
298 9989 2242 9126 2967 3570 3194 1505 8677 2926 8515 2540 5340
299 8152 1631 7019 5135 4994 9348 1077 296 4764 9950 863 6054 1299
300 5393 7193 2621 3535 3417 9507 5956 1901 7078 5458 1590 8741 1967 3135 3937 3146 8125
301 5240 2169 2457 1785 4778 611 3313 3884 2550 9692 3375 8473 200
302 2545 3442 7967 7635 8442 3180 696 8906 7874 5810 5702 7012 6762 3053 8883
303 9452 1829 6674 3627 8783 5960 9916 4363 3675 6778
304 5520 9211 1762 794 1118 5769 3661 8510 5877 5384 3494 151 3856 9632 7549 732 1731 2533
305 3318 6917 386 7272 5473 6279 1848 5590 5339 4071
306 7545 6851 4158 1571 4484 2492 7796 8196 2254 9953 9018 4941 2028 2892 7883
307 6883 1411 491 3954 5011 2247 9399 3455 5418 9065 4539 4886 6327 7762
308 3334 2521 3118 7472 3456 6060 8544 7724 6518 6010 9593 5817 3103
309 6242 4992 2167 5647 3771 7856 7508 6150 7842 4806 6991 7474 1956 1625
310 2290 4980 625 8001 9690 4292 6211 7450 7191 2239 9848
311 6389 2127 495 6951 1324 2443 9949 5823 7324 7598 5446 7153 2
312 8672 723 9020 401 5173 2427 7691 1622 3857 991 1149 5458
313 7147 4292 8916 4518 1159 9236 9284 3193 5006 8670 4702 828
314 2083 6787 3815 9914 5952 2922 6325 1005 2685
315 6628 3767 6066 5119 413 2067 9181 8455 8569 1151 1966 5838 9713
316 6840 3641 1382 158 4718 2610 1775 5894 5354 9021 3751 3106 9178
317 9048 1255 3931 1262 553 8045 5140 5377 7359 8728 7806 5437 7699
318 2070 4038 2472 6602 2935 8421 2984 1087 6681 8212 9453 4352
319 9204 1037 2588 1924 9241 9130 2392 4649 3817 2099 7536 964 1123 9013 3316 3836
320 3631 8966 4966 7711 9521 684 4329 9096 7428 4883 8771 8498 9027 3427
321 1092 393 4127 7863 6849 6329 5414 7117 408 2918 2790 9043 3567 3077 2288
322 7683 4613 3452 107 3501 4332 6925 297 1914 1888 2491 9129
323 7792 8216 9009 6547 4694 3604 1769 3644 235 5800 2897 2114 780 2013
324 8581 301 4761 7734 3422 1326 4242 2948 111 4063 1934 4230 6347 6458 9007
325 1844 896 6406 2599 845 8147 7835 8592 8666 4360 1515 7899 6306 6101
326 5509 6936 3702 5210 3951 5584 666 236 5478 8431 2515 3869 1141 8841 3586
327 4138 9148 7022 4456 6636 1667 7692 5425 1186 6490 3007 2085
328 2140 3306 4189 9154 4235 3592 6821 9268 7634 6692 183
329 3980 5537 1678 66 350 9622 62 923 3195 2184
330 2242 9864 3361 6027 6117 9080 2140 1811 1297 1125
331 582 8291 3927 2769 9738 5203 1203 8168 238 2340
332 657 1177 4102 6167 5896 4032 8559 1031 8130 1883 1628 7744 3541 1174 8462 6134
333 6709 750 6287 2561 3475 3782 2641 6463 5065 7179 6687 8130
334 4186 2436 4934 6529 9126 3886 4787 9608 6575 5887 2565 2116 8193 8293 3012 3830
335 9566 6742 921 4315 4196 593 7563 481 6891 9920 2518 2986
336 2658 838 2201 4214 5271 601 6928 9846 768 6374 597 1369 6164 9384 726 7055 7997
337 7342 9168 4723 4416 2270 4325 984 8162 9681 6767 4467 8904 56 4437
338 5447 1202 4478 9362 7840 7604 865 4139 3584 2280 9565 6148 7429
339 8170 4618 318 2935 631 6852 3734 4744 4520 5359 732
340 2272 5534 3794 1075 78 6165 7447 1763 731 9184 6391 7591 2340 4269 4341 7456
341 4090 3418 6371 4008 699 8192 5736 6861 719 6946
342 491 4226 9999 539 8302 3000 2460 7461 9206 4170
343 5683 7642 1230 7949 7701 2551 5054 5860 2289 1860 1884 6521 9667 1429
344 7885 9312 6713 3573 4901 6641 5639 476 9598 1231 5898 8467 3490 3536 5248 3513 5964 3758 3521 776 1534 5064
345 7662 2840 4900 8352 953 7015 2061 6000 8371 2187 5636 1763
346 741 6063 5158 8264 9926 5832 3174 6289 5390 6831 8008 2711
347 3249 5089 3049 609 4335 8996 2839 6419 3797 7036 7360 1364 5572 2155 3316 7732
348 9859 8594 4562 7377 4851 3307 6467 4797 779 4259 623 1267 133 8692 707 2304
349 1175 6734 8096 6926 3694 6983 3765 6859 3347 1192 469 8930 6413 2349 447
350 407 2701 9746 1839 5711 2069 2372 3213 5020 6015 9467 925
351 1740 3681 513 1052 8136 1824 3745 4612 4736 5693 218 1394 5839 8781 5743 2670 8671 9968 5880 427
352 9968 9172 1275 7836 2828 4548 4774 3958 7648 8233 5325 2738 7948 3413 4254 1557 2121
353 2987 8882 828 8319 744 4284 8310 6467 8837 4664 8140 6137 6 3277 4737 9478 7893 3630 4345 9689 7438 3936 6608
354 4759 6861 2861 8674 4353 6151 7687 3317 3314 9991 5992 6404
355 1314 3365 618 9256 9006 9578 147 4231 4657 7079 4180
356 8714 3506 4521 9067 4363 8667 5881 5441 668 4218 412 4151 6712 6778
357 5256 680 6703 9249 3959 3639 2510 3002 9807 7992 7709
358 6964 3961 5036 96 3824 1044 5466 3542 8768 4066 8722 5161 9265 246 3836
359 3614 6558 1978 9231 3656 71 3555 2305 4507 8354 2070 2125 8964 7413 325 6592 8644 4326
360 8098 7172 6205 5352 507 2714 9469 4653 319 6374 3513
361 5503 9768 4924 6752 1156 2872 731 8942 7543 9834 276 5792 1961 9085 1580 6978 9129
362 1998 461 4417 734 890 8739 2806 9866 7821 1256 1774
363 5970 5658 7435 9904 8862 1033 4860 8167 35 4370 4054 8722
364 6916 7282 3476 6272 6533 2528 229 2481 5939 7001
365 6066 2881 728 7927 5528 41 3634 8517 637 3885
366 7651 4564 5669 9996 5174 8705 8400 3206 3835 9075
367 2939 7775 1698 4445 4644 9270 5030 3677 3676 758 6202 2072 5980
368 4183 3450 6022 7079 3338 4240 6416 9108 3970 8511 1261 5386 745
369 8681 8289 4538 7037 349 3267 8938 2384 7570 5559 6048 2440 1647 4155 4606 4527 7883
370 29 2780 1650 1548 5005 2369 7301 8440 6002 450 155 7987 8248 979 6827
371 6972 8413 5665 4496 6840 5789 5877 1024
372 4956 1913 4532 6085 4383 1384 1053 2553 2898 6161 5762
373 8443 1710 7974 7087 8390 8081 5966 1313 4624 5306 5251 9683 372 5830 6996 9238 1601 1868 3050 2666 6584
374 8717 8740 7368 8394 3185 8770 8777 5014 3552 1328 8498 8069
375 7231 6872 220 6483 8669 9161 5003 8249 4469 9576 8069 3877
376 9389 2963 6357 6953 4148 9617 1383 4914 4255 7138 2910 7349 8491 7240
377 8978 5666 616 6226 5560 294 4384 8410 1322 4289 3549 5637 3380 8116 3758
378 1451 6546 154 5402 8664 3008 8257 8618 7066 2402 5033 9483 6778 6428 8711 352 5219
379 3460 1529 7174 6267 7798 5787 8595 8966 96 3403 3023 3032
380 1168 8878 1648 1519 9177 3522 3059 9945 826 6802 7669
381 227 4382 919 852 761 7827 8892 3599 3668 4411 4078 2158 2019 2666 7575 9199 2327
382 897 1458 9087 4772 9035 4711 7571 2298 2856 251 6270 6470
383 7325 5886 5621 2560 490 2607 3596 1098 5048 3473 9162 7442 8685 7688 1831
384 8163 7114 1542 1569 4504 9252 3083 2974 6739 3383 8329 8297 5469 8416 8157 3158 7820 935
385 5885 7676 7169 2206 463 9074 8085 9850 5008 7372 8393 7306 177 7204 5445
386 1398 2999 4764 2367 6440 6234 2559 2957 9400 3021 8743 4504 2983 935
387 6809 4744 2517 9612 9838 9962 3879 5168 4604 8031 4203 1273 7234 5401 3877
388 8432 3764 20 895 1435 8142 5119 4654 4388 1847 2058 2962 9533 3936
389 2135 6837 9258 4666 273 3449 2829 2375 4705 164 9160
390 4808 5141 4086 9423 5972 272 8846 9675 7383 7967 3072 3236 1956 9404 7880 2
391 5690 686 1195 7251 538 9528 6120 8342 1466 5350 6434 4143 8898 4828 1898 4345
392 366 233 6724 8165 6078 8788 3279 6647 2956 6301 8343 4626 6141
393 5710 8960 1834 5941 3252 1977 3551 7808 5127 2676 2699 9912 745 979 4377
394 3962 7505 5449 6422 8707 6316 9286 9581 8900
395 8357 7112 3308 1634 4549 2882 182 3713 1815 6622 8729 2485 6170 6049 4020
396 5785 9303 4781 2211 4218 6561 8535 8217 928 5106 5744 6648 8421 7732 2340
397 7676 955 3636 101 1481 5537 8383 2395 8954 2274 352
398 7059 5819 2282 7367 2032 506 1988 9576 8155 1900 5342 8038 6030 4326
399 1420 5166 5551 7719 9310 8361 8034 803 7159 8797
400 8485 6618 4491 6594 2502 6607 4666 6086 4585 9057 6486 5643 3006 4909
401 5933 6942 7491 3810 8847 6727 4589 6034 5505 8806 4309 3799 5913 9688 9990
402 8620 7624 4422 9588 6205 2620 2858 3253 5182 5334 5248 6635
403 6185 9597 8117 907 6284 6415 8743 2060 2006 5915 2651 6671
404 4192 9476 3533 8033 639 9383 6739 2218 1725 5451 4607 3660 7786 1852 9604 1845 6617 6899 5762 1979
405 6394 9366 8863 4790 6070 424 3664 7264 6037 4880 5304 1920 6021 5064 6613 3371
406 8471 734 5234 3147 2017 7943 4896 3837 3417 4268 9194 1368 8270 8652 7198 6071
407 6227 4214 602 6245 1682 3795 141 1140 9481 4133 6168 2030 2086 1572 4377 2986
408 7141 8078 5701 9647 6455 8762 101 1853 6238 1157 376 1986 6767 1042
409 9762 724 6152 6940 1669 4746 1307 9523 4076 1252 9991 6292 5340 4901
410 2457 2654 114 3431 2490 1409 4715 9393 4823 8335 7289 8396
411 8045 4964 6906 8356 969 2523 3095 9309 5279 8345
412 2191 3291 5852 4769 7788 7465 8375 662 6962 1093 8427 7105 4766 5356 3783 6334 7997 5902 8269 925 9139
413 6165 7758 3033 773 3298 9141 7190 1303 7966 4870 6827 9968 2643
414 9651 6721 2920 9998 2006 440 4742 4713 2690 1042 1625
415 4251 5466 9537 6974 3414 7724 153 2326 802 4326 5401 7949
416 1280 7852 4475 7879 5965 5728 541 23 7356 6166 4955 9787 5969 1496 3982 6082
417 6686 5902 4279 4221 2309 9073 3565 1800 5978 5252 3020 1607
418 5940 936 3463 6221 7235 7655 312 5017 9864 4055 5445 7267
419 54 4000 3766 1482 5936 1038 530 286 1055 3043 8387 5962 4035
420 661 9450 9534 7028 7488 9657 1062 3821 6991 8524 3251 1625
421 6253 1957 6425 5522 4935 4147 198 922 7337 6963 7694 8528 7829 3753 9443 1238
422 117 7076 4004 4093 4991 5595 378 5944 257 7697 6551 5445
423 6665 8272 3126 1838 3749 5737 207 1760 9005 7353 9347
424 2958 6899 6961 2574 9726 8040 8393 3034 7050 7654 7071 6366 518 9341 863 9244 5917 7413 2240
425 5213 6627 2008 8148 25 3902 3994 9357 913 1864 9898 6651 1552 7438
426 9823 3977 4055 8852 5448 9019 4418 4274 483 5780 3415 8011 675 7153 8125
427 583 4328 468 8493 5115 5386 6338 8424 7734 4635 63 5295 2123 8363 4522 7992 7133
428 9366 7901 639 5015 8382 8796 6488 6153 4995 2961 5775
429 4029 7609 7927 8387 6395 3692 8976 8765 6388 7275 5383 4527 3316 7652
430 4258 8095 7027 4217 7386 2501 7427 9417 7424 3207 1784 447
431 6371 3169 7556 7865 9664 6686 5615 136 6065 956 4173 1429 569
432 1813 6240 2787 4318 3725 2850 9142 2085 9606 9398 9216 9404 5643
433 6642 8804 5186 7925 6592 7484 1097 574 9686 667 6905 9829 650 6534
434 7430 652 3739 333 2338 7078 4195 9159 7197 529 6863 4749 148
435 8413 9327 9681 2783 9705 2977 3993 159 3344 6510 9433 3751 1657 5099 420
436 2887 1814 8657 4990 9250 379 4845 196 4852 6587 759 8445
437 9099 5488 6775 5605 8499 8461 3058 8614 81 5148 4668 7008 782
438 3398 2219 2190 8306 5864 4319 3525 2204 122 245 6495 3818
439 8430 9526 2998 5081 7664 1219 2002 9549 7550 7350 281 6163 5857 7630 5880
440 806 2770 8860 2107 3714 7248 2964 2370 5335 6750 8113 8284 6044
441 129 2805 4089 9137 5673 9610 4206 144 4198 8469 7725 6808 8235 7791 1238 2962
442 6547 9592 5798 9693 8506 9176 4674 6095 2867 88 8829 5321 4977 4690 6203 1573 3354 5099 7204
443 3783 7859 4777 9763 9300 2020 1479 9232 608 4005 6260 6677 6613 447
444 5429 1889 8143 1000 8260 7543 6524 6470 5285 2611 682 3926 8462 1105 5216 8134 569
445 6179 1902 947 9516 4747 259 7340 905 7599 3664 1750
446 2879 4140 2671 9785 7498 3946 1036 9163 3740 3988 1796 2263 3316 8910
447 812 2177 3888 6349 8540 6065 7718 1997 4390 3345 6323
448 6527 1626 4821 2973 2229 8427 2624 5994 8167 5416 4010 6251 7285
449 6265 1520 6911 4827 4265 7590 7000 3755 6984 2139 8487
450 65 857 7723 1921 3911 7546 9579 451 797 6786 1150 8183 511 6014 2662 5880
451 9784 5347 8359 9318 9721 5147 1359 5259 606
452 4304 551 5247 4082 5870 1952 2814 7024 8088 1044 5426 9404
453 9079 4310 7675 395 4386 5856 2433 42 6115 4511 4194 6102 9351 3956 3936 450
454 788 502 873 4638 4110 3607 4348 1674 7168 8687 7160 5616 1473 9301
455 5499 9002 3501 8084 7449 1786 4497 4052 5613 3610 6250
456 4428 2195 1761 9430 7610 8992 2477 4453 2389 1971 5598 8268 3092 4824
457 9954 1773 3227 6149 6130 4976 9379 1032 8299 4588 6074 9491 9898 437 7933 2630 5064
458 3324 9930 9094 2754 590 2548 4542 7887 6100 5317 5104 7652 3982
459 4182 4172 915 8067 5495 1212 9188 2799 1259 3299 2245 9259 2643
460 4087 8981 5040 9830 1283 8725 21 2903 9325 5034 4892 7883 3106 4340
461 429 2498 5047 8764 4193 7961 3381 278 4296 6472 8105 2437
462 1836 331 449 5818 3701 5973 243 253 347 4650 8106 527 5848
463 6907 7841 7963 557 7281 7977 1335 4582 3019 8979
464 2454 7223 4454 3531 2273 9328 982 2277 3035 9666 105
465 206 4821 4279 55 5795 7522 6727 6866 6318 6213 9050 1668
466 9967 8516 5796 9797 3744 2101 8116 8140 3300 3530 3583 9646 3371 2013
467 3716 9988 1191 9458 8279 9218 1084 632 969 2646 5038 1353 8836 5307
468 5659 7512 1618 7249 3055 8773 8504 2163 2439 1524 8406
469 5296 1040 5917 6260 2183 5403 9895 5346 2295 1198 9781 1942 257 1774 8910 2533
470 7736 3715 88 5738 676 9634 627 9393 3044 6145 4703 3100 358 5547 3203 7485 3836 7762 7153
471 4733 5409 7824 3723 9243 7532 3011 3916 4794 7458 2692 4341 1358
472 2078 970 444 8682 210 2428 6611 6447 2870 5846 9291 8472 792 3235 1546 7688 1134 8387 4985 6030
473 8822 4892 6645 3111 1091 3458 5016 5888 5177 5770 6854 7968 7154 1752 5752 3543 3830 2986
474 5277 6144 6208 712 3275 6492 5986 9278 5327 6830 1470 610 3790 3530 843 3074 7949
475 638 9011 6545 4239 6675 72 7582 3926 7313 7792 3665 611 3746 4188 2264 8618 8470
476 7329 3887 8276 1576 4264 2795 3837 5908 3991 3368 317 5219 6538 1752
477 5456 2706 338 3027 7569 3855 2188 4123 6488 436 7708 5326 3830 9007 979
478 9103 3669 7862 246 2680 4420 2484 6061 3264 1072 9716 6999 5461 4437 3835 2327 5962
479 6880 205 7991 6378 3128 5720 950 3964 1008 1511 440 3085 5064
480 4575 2642 5907 3285 6480 8841 3243 6646 1503 804 3527 2933 1720 9908 8105 8005 3012 6534
481 8738 8145 1002 9401 2560 6505 9556 8438 7085 3129 9260 1984
482 4922 5891 1376 3711 7617 8447 6606 2771 1352 1627 82 9265
483 1047 6691 2953 4561 9953 2519 6915 460 6587 1232 4486 6381 2 5677
484 9522 2572 9595 1233 7032 6896 3919 5385 7623 33 8418 2873 5211 5322 1454 1238
485 1801 1 7955 5703 3624 3971 9455 8505 8977 9008 7864 1216 5437
486 1440 9986 1389 1012 2210 3553 7220 1953 7672 4166 9444 523
487 1331 2946 5723 4584 5667 1887 7490 2117 1642 4632 2538
488 1828 4721 4792 119 5627 6237 6001 3097 9786 4091 6949 3936
489 7904 2228 7500 6762 9640 876 7510 4324 6011 1562 7499 7452 1554 4372 8020 5449 7742 5072
490 9039 359 9022 1664 4771 754 8791 3175 9521 84
491 7250 2079 2105 4042 2490 714 3041 7849 6334 5868 7707 5413 780
492 8196 4969 5107 4965 419 4163 4587 8769 4326 8387
493 1467 8780 6295 669 6053 4677 9028 5662 9116 9872 3827 7817 5601 3781 8043 148 9299
494 1636 944 3811 7295 305 5408 6040 1344 1107 4902 1396 1950 6986
495 9541 8509 2650 5997 5131 798 4482 4169 9966 6154 4644 5302 5239 8830
496 7134 2981 5649 3672 6444 1881 7755 1937 5024 1841 9354 2791 7762 6692 321 259
497 9711 3541 7663 5392 4137 9170 1745 9851 9386 497 4948 4786 7120
498 2730 3895 6501 2426 1325 3005 442 8792 6222 1907 2031 1262 9443 155 5645 3584
499 3658 6902 9764 1597 8600 1892 6924 7530 8980 4080 2084 8526 4627 935
