1762
4118344185
6610668109
79548255
70107312
196200199202
1381314115
34673868
4912952131
21164118
19599198101
163174166176
103197106199
104142106144
1925519557
812210125
21734175
195114198116
96179919
983510137
6131114
5121255213
27383040
158204160207
7423277233
9211493117
125242127245
63546557
13201522
972910031
36813983
119149124150
126114131115
56685773
29483151
151172153174
62886491
1817818480
145204147206
1587716079
125118128120
3321636218
8610787111
26872890
71308133
6518268184
1557515778
5812361125
120217122219
123112125114
1594716448
4814750150
81648466
4820357203
87959296
178173181175
117167120169
1187112173
1539615698
1442214624
22252527
7915082151
3617641177
196194199196
7014673148
2920031203
186244188247
3111334115
68327134
88139115
15411573
137199140201
5312855131
40744277
1511415615
62836485
153193158194
150240153242
2414126143
5222155223
26562760
2822730230
45934795
5413356136
118178120180
14561659
143100148101
54595760
8422089221
9411897120
1321513417
134164136166
10201223
74467748
3520438206
4521048212
39974199
1612116423
7521278214
177917911
054355
3012432127
1788218085
61368139
157214160215
182121184123
355387
126210129212
103182106183
159102161105
1418616188
1379113994
178220180223
78908092
5821661217
50335335
4519847201
118247121249
54305831
1132711529
82158517
8714489147
150232153234
193125195128
10498105102
146226151227
3423037231
166109168111
12431265
221523
026229
1966719969
264295
39674071
1794618148
13821423
85298831
149220151223
139187142189
63276529
6716770169
157174159177
142119144121
133124135127
19642166
1332613628
5622158224
121206124208
1481215313
192241195243
9721099212
17997181100
43584561
93729873
664696
186237189238
2520528207
163151166153
118245121246
1151311815
59176020
31283629
1699617198
1092611228
5119753199
1278512888
6420166203
121196124198
1157111774
1813521137
169211171213
156189159191
1292813230
194167196169
531733
1811421116
20102511
146214149216
85108812
1637316476
181246183249
37733976
1364513947
1016512168
4021743219
145143146146
1875519057
1565016151
4521347215
161243164245
187149189151
103234105236
193143196145
120209123211
192174197175
1459314994
98167100169
1694917152
25192821
187102192103
7212175123
86569157
3318534189
64246726
11001131
5611958121
3020731212
2121124213
178211180214
133177135179
6614068142
5616158164
523554
5619759199
4924552247
51736176
121169125170
26762779
114132116134
8111284114
129154132156
26142916
1522215524
634836
186152191153
25292732
1696217264
4324545247
125121129122
9519298194
71827483
154231159232
2622529226
5517457176
172144176145
129221132223
3920542207
169120172122
79118213
196107199108
2817133172
154136157138
97185102186
1629716499
1617919181
14611493
1319218193
135158138160
7414179142
1099311195
6495
140143142146
122243124246
5618359185
1781518018
918711190
320342
135189138191
1714920151
1693517137
6720669208
9120893211
1806018362
3220933213
8920092202
7511478116
194151197153
3516536168
125130127133
1110414106
1926819570
8621287217
23872589
15499156102
106110111111
7312876130
146153150154
2120324205
1199712498
1913419436
1168912190
8610189103
8613389135
178166180168
3518838189
3724339246
100146102149
1682317026
115194118196
86468848
31103312
137243140245
122162125163
164184169185
148217151219
160152162155
1933119533
1226012462
80388340
4821350215
12461747
180152185153
163154167155
1088011181
1576516266
1802418326
86449145
8617888181
1155011851
1927319378
427449
101207104208
45654867
5913062132
8222885229
6222566226
1481015311
1747417676
9515598157
2220624209
156223157226
6013465135
9118094181
1858018981
161165163167
1402214126
6015562157
7119874199
7720980211
1302113522
5310456105
911510119
5914962151
145228147231
94829784
7914681149
65937094
71929195
1113811639
130169135170
1582616128
51558157
64196720
97919894
5822761229
9413897140
109134112136
2713330135
91209225
184178188179
17641868
1014110443
146178148181
8518688188
168124170127
1949619798
119220121223
1712817429
153211156212
2920432206
4717148175
14971699
1868918991
75347737
3923841240
136123139125
130145133147
47114914
32833585
126168128170
1342313924
6823769242
6211163116
154129157131
3122736228
15021525
162194165195
1264312845
5515058152
48795180
8912991132
4918850193
93549556
192214195216
184119189120
166169168171
107150110152
1599316394
29603361
47685269
62048207
107118109120
2512627128
78518053
891010010
72887491
4815650158
21732277
6913072132
68246927
36783980
7823181232
127184129186
1449514797
123119124122
171473
131200133203
913511138
01193121
3421036212
56866087
424446
61278129
61608162
01791184
196224199226
69717173
1541115713
1171611819
1932119523
86588861
75907792
1159512395
776978
2811130114
134192137194
2921434215
5924361246
33753676
2015823160
5919461196
31645166
152124155126
3811241114
152199156200
7920281204
127157129159
12731288
184108186110
125158126161
3624738249
194104197106
126163128165
31323433
98117101119
1084911151
9315994163
1443614737
1174011943
669968102
463666
5423057232
2010923111
14121913
250301
62666568
131187134189
762965
49605262
156220159222
144245145249
135913811
5018253184
114187119188
3614847148
5711161112
191230199230
0133
8315086151
7313175133
1601416216
7219574197
1121311415
8220183205
140158145159
1515616161
5911961121
33383839
18031835
7224775249
3817843179
1578316085
2524227244
138247141249
1844818750
9019293194
7224575246
7020673207
157211159213
74237626
2317526177
21764179
153227157228
6711970121
224725
1443914641
106222109224
3511137114
5621058212
23922694
02175218
196241199243
91709273
17362038
2610931110
1368013883
1832118623
921711220
1876619167
152155155157
1477115073
129109131112
93459647
1423815241
147240149243
128134131136
174167177168
1747117673
189106193107
179114181117
151143154145
125176127178
5018054181
139224140227
111187113189
1522915530
1622916432
160160163162
7813680139
33363837
119160121163
2921632218
128125130127
78168118
8823393234
162182167183
1216312465
1178112083
3112934130
2114724149
040342
142212147213
150212152214
139190143191
93489650
4211344116
141138143140
413518
26223023
6211765119
1046510668
4322045223
188229
109161112163
170207173209
097598
10696107101
1014810449
8918090183
156169161170
150164153166
7618379185
72717473
9324695248
1731517617
6124164242
21536154
25492850
196162199164
165237168238
156156159158
1666716870
1612419126
16101911
1192912132
8420687208
110138113140
168101178101
115115118116
1882519027
36883890
2017922181
10891391
387689
21915193
3312534128
114120117121
13851417
85668768
9714699148
1309513298
88912
1921019412
478681
182203184205
8613988141
7924081243
9616697171
6016362165
5710860110
14311454
7610078102
1921319514
119237122239
2612927132
2918334184
1816321165
193183196185
44634964
155142156147
103219106221
125207127209
136129139131
1622616528
0961096
1409114294
5612661127
7021473216
3111134112
1014410645
124232127234
169128169135
85498950
1084111242
14691870
20182419
193172198173
2318525187
83278728
106107109109
39864288
6120965210
95239100240
9118294183
670721
178209183210
140169143171
1909519397
17101733
153195155198
103148104152
37294130
1119711698
237638
1903119233
65846885
31946195
3219735199
1823818739
1509115294
1755317855
1616916371
72397441
1948519986
1455914761
136151138153
2319125193
185212187214
120212123214
70237324
2715830159
1663516838
3521338215
110132113133
136212141213
6412468125
31436145
1005710359
13531555
7613379135
115141117143
58716172
165221168223
6318565188
8914991152
40354138
1245612659
757789
6223465236
2211324116
1012510327
154121157123
5424157243
40534454
119145121148
3420238203
128128131130
143199146201
105112107115
181156184158
196215199217
168190171192
1294313344
8812193122
41217123
157171160173
6816170164
3922042221
1622218224
174106177108
5918062182
156124157128
1713821139
104108105111
162120166121
1536315665
1354913851
1746917970
65326735
1977019873
2682910
1122011422
8916391165
1121013212
175134180135
1312313325
1424217244
98125100127
8622887233
11151156
50425145
812011121
4511649117
5521757220
182111184114
27432946
6914071142
67527153
7611179113
101710212
196227199229
715212153
1576816070
71357436
193186195188
80858188
192214
7516579166
13151346
53106310
10621265
154240157242
5923864239
180235182238
77648066
33943696
3823342234
6776910
69767278
132142134144
3011832121
15341565
140193141198
101230103232
326529
2924732249
1058910791
1626716568
100129101133
2416528166
48855187
150169152171
8716889171
1520226202
47364938
9519597198
119132121134
8301132
46585159
2410427106
1947119674
66547155
4516448166
173517314
976810070
4014044141
191221196222
4819750200
67657067
85828883
6183
1536615668
192114194116
3920242204
1954619649
162104165106
160156165157
1437214674
6515668157
6219663200
118175121177
145234146238
131913411
1786418365
154106157108
1016010363
130175132178
174193179194
2124132241
147133150135
2623728240
1264113142
50815284
174212177214
5414157142
1516217164
184161187162
60216223
42304532
1326713569
11316132
1323416235
3519037192
7810580107
58906192
191208194209
1362913734
193247196249
101240103243
7517578176
266317
153244155246
43864588
1441714718
915712158
1955819860
1917828178
186146189148
1310016102
1707517376
6817071172
52715573
19199194101
181192184194
135161140162
110206112209
130236131241
94869495
1664716850
1114611448
76747975
21696170
4015044151
89799084
145119147121
111150113152
13011342
19671998
164234167236
999210195
745786
1615416357
74317633
196127199129
4518146185
163186168187
1665916862
149102152104
571674
138119141121
2222125223
1535015552
52125414
1486715169
8115783159
193231198232
37143916
98165102166
112165114168
174157179158
193244196246
6115864160
6918572187
61166517
59576258
2117123174
1618316385
1711920121
1143311537
1186312065
840863
91889390
167150170152
26252927
41096111
1178411986
6920472205
25702872
147164149166
4424049241
38224025
8612391124
9331135
7322175224
85698871
1652216724
93519653
1248912791
175206178208
151136153139
1113114133
195112199113
3324236244
1193512137
150193152196
9016891172
177246180248
146192149193
6417067172
8319385195
42347236
1534415449
1013010531
175215178217
131227132230
1120213205
8620988211
172153175155
4514048141
1631316516
491513
1484815050
124220127222
1363913941
1610719109
67866889
1163311836
1793718140
3417136173
139214140217
1359513996
97217100219
3115534156
1534015543
1221715219
1604216245
4712249124
177179180181
7417076172
1223012333
8817393174
35323735
4415647157
172102175104
112200114202
80418542
119240122242
105164108166
135154138155
1481615616
51158116
7417378174
189248192249
104246106248
31403641
148209151211
11299115101
190217192220
6217365175
171113174115
175119179120
22217222
5318554189
115221118222
1325113453
1879319294
93779679
977610078
3614439146
46224825
175170177173
69607162
102154106155
01244125
105200108202
5024253244
101142103144
100191105192
9320195203
146182149183
132183134186
44124615
2012821133
41104313
166162169164
122164125165
34603761
6912271125
1444714748
1062310825
6212263125
1691417216
1096911171
6517666181
143133146134
78468148
743784
7418876191
131106134108
5411657118
17492150
184243185248
152132155134
48465148
100106103107
2316826170
59376338
5119356194
112184115186
5917361175
4015643157
01223123
63306831
1912519327
149167153168
5711359115
197221199223
7418179182
152238157239
114191117193
27113013
3715739159
3113839138
9423595238
197183199186
192137195138
1905019253
1281510
1379014790
46884890
1537215674
74597761
3024535246
1749617798
113206117207
123140126142
172116174119
056358
155815810
4721649218
7522677229
7471148
5419057192
1434214843
141151144152
2413627138
6620969211
1622518228
1089611098
134199136202
1805318355
158236161238
1579515898
9021295213
1621818221
2312326125
32563359
37934095
21362438
80728374
1118411289
1092211125
189197191199
1376313966
43724476
01873189
147105150107
4779
31223424
128206131207
1945119753
7819082191
78598061
104203106205
5518058182
1367613879
69287131
167142171143
1781918120
144175147177
78427945
191142199142
1214712350
135106138108
6310468105
178128181130
6411266114
1006610367
7018273184
103179105181
4422447226
25532755
8323486236
17392041
87518855
186202189204
1298513188
4619148193
149178152179
160196161200
1511317116
142172144174
592633
148172149177
106169109171
3015232154
96669967
138142139147
149140150145
22332435
2918032182
1168712188
97134100136
2224524247
122193125195
114152119153
2819336193
1664316945
72297334
19692270
63456548
1472215123
186180189182
1819419197
6523967242
158239161241
193223195225
112203114205
1268113182
1657716978
7619281193
1599516197
1924120246
16571688
917611179
1564315944
109164111167
1611016312
02093211
103145105147
84438548
106188108190
2018223184
170186172188
1276813070
189231192233
21442645
1712819131
19101942
50635564
3314136143
190130193132
170214173215
1402014321
184209187211
1311718118
1041410519
1718820190
15971629
4114244144
172218175220
9222195223
8823091232
1513317136
4922451227
32265228
172173174176
7012674127
6998101
143202146203
10761278
2717329176
049251
188139192140
116103121104
7817881180
29713272
148130153131
2417127172
1497415276
8420487205
1022813230
2917732179
7321775220
75557856
192228195229
2019623197
1466215163
67116913
1723019233
169173171175
12282231
8921095
157144159147
154164155169
1875118953
4514247144
1449814999
8524287245
047348
166242167247
159114161116
7512477127
1355813661
7020875209
72607363
124213129214
104103105107
103136104141
1672716832
70577259
5423657238
150120153122
161163165164
4914050143
5824761249
141214145215
3821639219
130171135172
152219155220
121227123229
112129120129
019124
56765779
454495
149185151187
5310055103
1748017782
190194193196
220242
133154134157
159149161151
7720580206
977410275
105124107127
122131124134
188121190123
127137128142
1275712959
99152101155
1581116013
113103115106
423712237
10661368
157141159143
149127151129
32183520
1213414137
3623638238
5422557227
120151123153
9517998180
109246111249
4924852249
1949319795
64516653
39444445
1836718669
107142109145
4918552187
21474150
195217
73867687
9321796219
1789317996
175176180177
162237164240
107214110215
2910632108
1931619518
4319448195
177229180231
140105141109
81228424
6314565148
1323813441
83558558
703734
1311213414
4522747229
1916822170
6118362188
3116936170
163139168140
91689669
1218115183
8216585167
152208154210
32623563
18712272
196212199214
79318133
1211117112
150182152184
1458014782
7978110
55135616
114160118161
1583616138
1416514467
1231212614
1841318814
102122104124
29623164
2456
5311156112
113107116109
112121113126
61866487
195236197239
1593116133
1378613989
1046210764
6512667129
46184821
130209133211
060263
8224084242
766969
114139117140
19852286
628669
2618228184
155148158150
2118824190
115147
4720652207
1708217383
19232324
8014081143
1538715589
52785579
177154180156
82688471
2515329154
172189175190
178107180110
9219594197
5810060103
1492415126
15941626
973410834
1029210494
588619
185138187141
173232176234
1804118243
107242108247
11401172
9714998154
75687771
6821271213
1158111686
115201117204
29353237
1333213535
166116168119
548579
196156199158
112110115112
1508015581
181144183147
1572016022
1925819461
1657916781
1241512520
7723780239
822311225
8113482138
87629063
303335
7621678219
1367313875
96149915
4917153172
3819941201
190203195204
01471150
31395142
1397314275
1484615247
183100186102
140147143148
36193921
141241143244
183188186190
51778179
115236122236
98201101203
10651106
1388414285
125197127200
190184192187
6221363217
101134106135
76787980
77287833
7791081
41684271
1052610828
1710420106
65606862
167208169210
1867018972
2222425226
170234172236
165211168212
49715173
974810050
181159183161
2916230166
186200191201
157201160203
9213595137
48915093
169136172138
1839318496
174717610
1127511676
111130116131
193234194239
1427714579
193189196190
148199151201
187167189169
6515870159
6013863140
145195149196
42794580
144241146244
8223085231
15561587
81918592
8312187122
1835718659
1715819161
109200111203
55975899
74967797
124230128231
91589361
7910282104
9771009
5814262143
182239184242
159163160166
382414
02012203
2016125162
52215622
168153171155
36173918
103172105174
3210034103
7310577106
133117135120
11699120100
9215694158
155117158119
6614769148
1234212544
1443314635
3216534168
81898490
1328713489
1377014072
75137815
93289630
183182185184
8619188194
150115153117
40784183
1588016182
9414896151
196117199119
147162152163
1724417546
147234149236
138139140141
4814451146
21952496
02123214
196131199133
9622199223
12281269
151243152247
57146016
988210085
9212394126
126116131117
118135123136
5615759158
3215935161
121119122123
1247812780
1842418529
2521427217
162202165204
80258228
154205157206
8616488167
1467714979
49235125
12501291
1585216054
1854619047
77247927
45434746
93709671
1682017022
8121683219
1362013922
1408714289
154229157230
136203138205
51765577
131217135218
160146162148
94579759
118192121193
519752100
115197116200
1665616858
103188105190
1466415165
1861718819
1122311724
169116171119
178185181187
40164219
157197159200
106186110187
119143130143
5819262193
45264729
135232138233
30443346
2518828190
20122214
192205194207
171105173108
074375
1383313938
1913719340
112181115183
187240188243
1339713698
101228104229
7310777108
6618869190
1162611828
7214374145
170917211
161117164119
39424443
8281129
58336035
17572058
6222965230
111213113216
164198165201
11901222
172146176147
3223835240
133227136229
150123151126
1792718229
144224149225
113113114116
1962219923
145163146166
11031154
37644066
14761527
147146151147
41654467
169230176230
6113666137
1514118143
93809881
1169412394
8315485156
61679168
181177183180
196218199220
42274429
21552358
190181192183
135185138187
683985
8223785239
74107712
1425014354
9010993111
136132140133
2618529187
6313268133
24402643
110119113120
820835
46844787
28533056
72217522
2023021235
152185154187
189244192245
167916911
89469247
69447047
181212184214
13781581
174150177152
155186
129137131140
4718149184
2012222125
65866689
1473114933
1395514456
89589061
172140174143
51326232
1504215245
793816
53825585
4119542198
8311888119
107203108206
81818483
8622289224
112154115156
7514377146
128195129199
104156109157
138192145192
73747577
8321085213
113247116249
1314614151
08211
43174520
116111118114
132128135130
993210433
7217574177
135225138226
99193104194
188160190162
5422857229
7716779169
6316766169
7423776240
1441914920
101215104217
1818218385
1562315925
8718490185
60426543
1011111114
160230161234
1936419467
6711269114
1843318635
185111186114
708749
7116272167
5420657208
974510047
1134011642
12482148
730781
189921101
640663
1695717160
12861588
5010452107
8517287174
1617716479
7110572108
5021754218
4314546147
6614569146
8124482248
7624278245
5612858131
4320446206
65906892
1947719779
5916162162
8920790211
116184119186
1483415136
6910070103
5612257125
3612139122
128233131234
858889
144138146140
22234225
8611589117
177144180146
1438014483
8611291113
176226179228
1707317374
1446814770
4319647197
1257412777
93199521
98137100139
6212066121
3022231226
3513436137
183235185238
8861188
3317834182
1045410559
10899111101
1303113233
69147116
144147146149
1319814201
9718999191
163188165190
62269228
5113253135
137164141165
1271013012
1358813692
6814976149
1596116064
1481715617
039939
1593916241
114157117159
6923071233
155151158153
189154194155
196136199138
193148196150
102131104133
1725417359
1820821210
456957
1403815138
1218915191
5016255163
7322574229
76208021
40144315
5710458107
128132131133
74277630
107225109228
5717862179
31253427
8121082215
133195137196
151152154154
1737717678
1623316435
7624680247
1211314116
