1785
1939019692
75247726
7822386223
45664868
61606461
159110161112
1439014593
131111132114
33143616
8424288243
154142156144
175111177114
1524117243
161122164124
65876889
2123725238
51575359
953010031
710742
133207137208
2222524228
1713319135
150125153127
123107125110
136225141226
3324435247
1172112222
1301613916
1788118083
161174163177
184111186114
115210117212
4521047212
01053107
157241160243
21752676
144148147150
1583316135
127161128164
3121834220
5415756159
1966119963
159228161230
2817730179
15171549
9121994221
7220976210
1555315855
17832084
1439414597
108223112224
547848
1388014182
1519923199
147235150236
24622764
120156125157
156133163133
9415396155
2716228166
196223199224
8821890221
146191149193
74467847
80818582
184196186198
924814249
12611464
1910120104
1922419526
1343313735
71527255
73847685
4518546188
125161126164
144136147138
119217122219
13397135100
28853087
7723081231
192212194215
148119149123
7515580156
1717017472
1652516728
6913772139
27793081
5623459236
135171137174
152208154210
1351013812
1495215154
9224897249
135105138107
1757317874
13971429
1722717430
123133126135
8598811
57835986
40664268
54605762
8820691208
177147180149
1505815360
190152193154
184199185202
23792680
6315266154
819310196
15141546
4613850139
1481915121
1265212855
115156119157
24302732
4921753218
2724328246
179115179124
4356
184118186121
2810530108
142130144132
22262331
5615158154
64906693
3111834120
94739775
1087211373
196108199110
185100188101
1021015211
8911993120
170139173141
176166181167
7214275144
171185173188
148104156104
97151100153
8491051
144175146178
163102164107
4513548137
149153153154
1801018312
1522215723
105120109121
181149183151
116133118136
8514789148
158125162126
5521053
155182157184
161241164243
155154158155
112179114182
1596616268
575778
103134108135
1481015311
1119213195
1322813629
5624459246
99195102197
16171819
02133214
86898892
6512467126
804836
5317055173
18851908
7712980131
148164153165
1036110663
5216755169
9416296165
57116013
6214864151
2312528126
8613689138
1227212475
1326613568
1372614028
36253827
37404042
69857287
059262
1631616817
181209184211
3710039102
5120054202
190209193211
974210143
121221123223
6214365145
1296213165
103122108123
1902719230
81918493
12911323
99131102133
6012963130
1835518557
62476450
2617028172
191149194151
8817591177
1601016312
3621237216
5724760249
25212724
46204822
19701992
8923591237
3052
181169188169
8523188233
1815921161
8117283174
1794018143
17601791
43254627
921711219
160165163167
192118195120
1210614108
2024521248
37363939
140109142112
1551015812
126171128174
18299184102
135194138196
124197127199
68977199
2924432246
15311563
58896092
59366138
1275913061
1073111232
4794911
5023153233
7611979121
154128157129
8619689198
1411616118
129161132163
174179177181
83148417
01335134
1114211345
724112242
1723819240
5719460196
157148160149
131139133142
1116911471
8818390185
190159194160
839584100
122159124162
7219575197
54805782
5316056162
5018453186
1369013991
170225173227
1819218494
71107412
174189176192
2716730169
9216493168
2621727220
1462614828
4911052112
1515119152
146170148173
163113166115
545576
153211156213
11626163
35763778
119103121105
173172176173
2411326115
112189116190
84508951
2917031173
147237150239
75407842
166181167186
108194111196
125159129160
1427014473
384416
1354913851
2317527176
6313565137
104177115177
156130160131
52855487
19872288
3122434225
9313396135
1782218025
453485
173206178207
135241138243
3518039181
117221120223
169150172152
1613819140
178130181132
7111112
1592016023
52515553
1189412295
7523678238
7524178243
100198103200
193164195166
5616559167
135102137104
128128131130
117206122207
1888419285
683885
1324613449
1552815830
1891419116
126222128224
89689469
91849685
9219694198
77557860
104244106247
4424645249
1396314264
3522340224
9219996200
157219159221
7120472208
1765017852
187117189119
1756817770
171228174230
184149186151
9423797239
5913261134
161128164130
3720341204
1013210434
1276212865
14321483
177203182204
149151153152
1526715370
92219423
159196162197
1597116173
167207169210
1013514136
9416697168
132181134183
2320126203
1348713689
1624516547
176153179155
64636964
1689517097
1822721228
2811730120
8823991240
168237171239
3519738199
8713092131
66246827
147240149243
25652867
153246154249
110161113163
7923682237
1102211125
1912323124
9018692188
01501154
40544555
1935519756
2221425215
7720581206
4117543178
1304013341
2413826140
492533
8810690108
187242191243
7510180102
1308513387
2123124233
3715040151
169212173213
5913562136
133249140249
113141116143
1713020132
2310826109
1889019192
7718979192
4323051230
116129119131
724410246
161137163140
1763317737
17742076
110105118105
764796
118100120102
15971629
1028610488
9522097223
7616277166
5512757130
107150110151
1369513997
3618538187
6617769178
6919873199
167112171113
920213203
1481515117
2021621221
112167122167
174144176147
15011523
153173157174
154216157218
2813535135
1038210585
189246191249
711210114
173158175161
85468848
2022931229
1916819470
9611099112
93299433
1665617157
1195712259
107237109239
1811423115
33474247
177208178211
1811518318
1695017152
53445845
5523260233
1018415185
119239122241
167197170199
5221153214
190129192132
125142127145
1069110993
1377214173
33483849
5410058101
1803018133
155118157120
138126141128
8912692128
1717317475
7511478116
21202422
132177135178
10799109102
122177125179
166156170157
33813683
01763177
976810070
83708474
51378139
1963619938
58226025
109116112117
3822540228
185129187132
7212277123
1018015181
8522887230
31433445
1653316835
95249826
51208122
193199198200
125248129249
132164134167
1724417546
183219185221
122102124104
6111864119
02042207
128109132110
1106511367
4015842160
1609216394
2920531208
171156172160
141102143104
1208412585
5018753189
11018101
1691617217
79468148
16831706
1326213365
1149511797
160220165221
176218178220
191111194113
1697917280
2413527137
1215014152
3711339116
1651116813
981910021
104183108184
145195147198
5712460126
1025010452
187195188199
149170151172
14221624
112110115112
5518458186
15301633
5821360216
151184154186
1275013251
86959196
152181154183
7422277224
142133146134
74137715
120177121180
1622616428
4318945191
1841018612
124129127131
4121742220
241345
188239
167171170173
1277013071
1024110543
8413987141
1036410666
11721195
171130176131
115193117195
129243132245
100108102111
28623163
56745876
5718758191
117154122155
165236167239
172221175222
9510098102
17202022
11398116100
5712060122
1261313014
6121465215
9114394145
1082711129
1141011811
176197179199
1503115532
116172118175
19631995
1646017360
151107153109
5513458135
117125118128
1824318744
98217101219
158207161209
01803181
812311125
179172182174
165190167192
1721719219
147126149128
79268128
53385443
12361268
20232325
1393714239
46495150
1699117094
923812240
51136118
9223194234
123200127201
12531456
132188135190
5716860170
3112934131
1079610998
20962597
1375414056
1664116942
170182175183
1932919631
87879088
8212084123
82308532
1574416145
38304331
01643165
7723482235
1885019351
1492415127
1389214094
1076210866
5814161143
1592616128
146187149189
16641966
102114103118
110118113120
62336535
135131136134
5819761198
930943
35413646
151179154180
1769417996
5117453176
1055110754
5520558207
154112155115
73317534
2410425107
45624863
1219612497
123136127137
74577660
7813581137
6422366225
8215485156
1378513988
108191110193
6713370134
157165159168
171107174109
166100169101
1676217163
61186321
97162100164
191179193182
1308813290
164171166173
4123744238
613716
42844487
182236185238
3015735158
89979299
8015785158
1456114862
121194123196
3719540196
2117823180
1871018913
50915194
8520687209
116228120229
1859318895
19312133
1854618748
173167175169
8117784179
58816681
4718449186
3020930216
33103611
126115128117
54175918
2920334204
519853100
3315034153
2918231185
192248196249
185226186231
52215522
190189193191
2620628209
19902291
01415142
94149915
99244101247
1914922150
104180107181
98230106230
140201142203
1397414176
139243142245
82388540
1315813361
1473515236
155145158146
114138116140
82069211
6620269203
1492815429
1393014331
1348313686
1969319995
2315026152
02191223
843874
2518528187
136187139189
6614469146
8219185193
1456714770
1087410978
109152113153
66707171
1011511120
28923094
1976619969
8511987122
99192104193
1605216254
2224526246
1964019942
20772378
6219964201
165193172193
8223084232
21554157
186236188238
1556715869
1299613298
40164219
122186124188
197173199175
3910541107
159210161213
5410257104
4620548207
139206143207
179213180218
9421198212
72637664
102244103249
87859086
1322613627
97135100137
1165512156
5311954122
3624643246
1211213117
173237178238
24492751
1465014853
4317945181
58876188
42564458
138168140171
134213136216
112123115125
3612638129
148101151103
174234177236
5916162163
155214160215
196100199102
1454114843
7321976221
3213835140
41694471
121242124243
169817111
79158217
64536655
815611157
150123154124
155123157125
50125215
174186177188
1331313615
148245151247
73867687
47255126
5715568155
1731317814
1323013532
166109168111
180228183230
8111684118
260301
5620259204
12591760
22322335
2320725210
6124865249
67527053
8721590217
133233134238
63796680
1723517537
2918631189
177193180195
193145196147
187229189231
10111043
19172219
12021233
161198163200
93659667
1513815440
9624398246
8410385108
4920350206
183138188139
105126107129
3324036241
177717910
57496051
113131115134
9610698109
139209144210
1884618949
7122872232
181214184216
6313865141
13851886
98104102105
28302933
1549415697
610624
151147156148
1226012462
22692372
28363138
114186116188
180117180124
128239131241
2218325184
1235612658
12471449
3723339235
2212927130
2618228184
59446246
99100104101
15791781
142144145145
626928
2715829161
6917172172
3012532128
150240153242
4816751168
1687317076
151196154197
8321085213
181194186195
1663117132
9312998130
192167194169
1903119234
1087911081
6183
18601911
181106184108
2020622209
3317538176
2418029181
1819518497
52655468
1291511
76437945
130158132160
169234172236
1764017842
167137169140
143189145191
117152121153
7816480167
1588716090
52288230
1896319068
3313236134
189202191204
89749275
176212178214
8801082
54885790
1421214414
7610580106
44734676
1076710970
1531315615
77358037
4987100
178157180160
4210353103
1098611090
149229151231
1036710669
8231125
2715329156
164138166141
173203176205
6620770208
48315133
189176192178
16299165101
15841616
81368537
8116285163
3814541146
5423856241
72277429
175170180171
1867318975
116164119166
181124184126
77648066
480511
1687017072
168185170187
112213115214
1412514427
2919932201
116245121246
5918162183
1524915353
1222915231
57716172
3620939211
1739417596
7417877180
1233112633
6515867161
2021022213
1115211354
1927619578
6715374153
5122355224
142140143143
6724170243
115232118234
1119011393
8811393114
067468
93579659
123138127139
1345613658
3411139112
135160137163
156111158114
188107190109
72397442
869973
67547055
196184198186
109135110139
1865518957
01351140
7018073182
1184112043
153187156189
50425245
1054710750
102206104209
1487714982
3511336117
3817043171
32264230
2614431145
3716344163
1317316175
62566359
1761817820
56145916
6810569108
49545059
111199116200
4011642118
4220144203
1805518257
145129147131
43104317
072177
8813991141
12721773
2316925171
1244112742
1211112214
189218191221
6514868149
131154133157
41414443
180175181179
4619248195
1014115142
6613968142
185140188142
1188912290
1517715479
3720040202
71247426
065466
97599962
146209151210
8121382216
1498315285
63756776
024325
108124109129
1196612367
163206166208
117177119180
1317614179
153243156245
7421475218
106211108213
159103162105
4819651198
1167111973
101123102127
9519596198
2513128133
2523128233
1931119812
7941295
181120183123
1339013592
17261758
618611187
42107211
1563916140
4617448177
105205108207
28682971
6510667108
191227194229
7112473126
94939894
161201164203
6023063231
166246169248
103130105132
44374640
8741674
86208823
114144116147
8322085222
93869588
1118011382
4013544136
9911293
3713039133
65956798
6210367104
97225108225
4412746129
181233184235
92169518
6623569237
7110174103
147132149135
84268529
150188152191
5519757200
1222812530
120184121187
68167118
3716540167
4119545196
128136131138
2814131143
171196173199
5215355154
6121663218
177143180145
137202139204
951974
2314126143
1411916122
8615588157
5711259114
161157162160
131913312
1422717228
7116880168
1916519467
1911122113
50295330
5113953141
143169145171
169105173106
41774478
9615898161
8114182146
99113101115
1656616769
47744976
171231174233
181199183202
1735317854
1561915821
01433144
1149011792
5414057141
5915262154
1394214244
1292213822
8716989171
1817420177
3615739158
66426746
4812450126
101157104159
30103212
102232105234
84858688
192201194204
188127189132
4017242174
6921372215
1415914460
96169918
28723173
12431275
2315726159
4615849159
1608316286
875979
1052710729
8610787111
164132166135
1592916032
187124190126
98208101209
27273029
4121144213
126212128215
140154144155
45434746
11031125
4921951221
3921240217
71597362
128155130157
124150127151
1508015382
820833
4315344158
9519098192
39324134
103145106146
60736474
55775779
20142216
1965819959
2013521140
2218923193
187180190181
109183112185
185122190123
1346913970
33183620
1697717278
170132173134
6519568196
8116784168
7924183242
42504453
23902791
761793
5314456146
7620483204
1144211743
117198122199
458760
18792081
139232140235
1884119143
1661816820
92119513
136190139192
440472
102154105156
1142411725
1004610447
75817982
35923893
9013693138
16371688
9514397145
191125193128
25452748
51465448
149112151115
173124175127
88549754
1013511235
1704117243
1723620237
112155114157
90709272
978210084
32466248
163195166196
192216195218
1818818490
6219564197
17741796
5511956124
747847
195237199238
123212125214
8113084131
174141176143
6512167123
417719
1138311585
9831087
923214233
84188522
145116148118
7613387133
110145113146
8424191241
40134215
8323585238
8112884129
8517890179
12251527
7822881229
7412477126
2117222176
180115183116
21285130
1935319754
184133187135
174118176121
1510018102
72129215
143914511
6918372185
62876489
32343338
5012852130
1107411376
1218615188
23922793
8911794118
092593
8116483166
132123137124
148198150201
3624738249
62666568
1899319195
1234912651
910511108
1455814860
599961102
106201109203
1522019221
176215178217
1489515396
86818983
4011143113
9719899200
155246158248
188191189194
3210134104
119175124176
1127711479
6722368228
112229115231
19561988
62396441
18691939
1457214874
055158
111135112138
15471651
1726317366
1818318485
1392114025
197114199116
134201136204
13461369
1954719948
57935996
1537315675
18102111
6216565167
4713049133
1494715051
273296
7418576187
196156199158
8621164
81858388
55265827
1933219534
162223164226
87418943
1635817158
1841618718
4216444167
151145154146
128107132108
77858086
77787980
103223107224
1333713639
23152419
103161106163
158188160191
102216105217
703725
145152148154
1317013372
49605262
1014611149
1454414945
1657016773
106234109236
155179157181
1499115293
1110914111
62316732
3121333216
173216175218
4913452135
78517954
1162612027
1017010671
178163181165
172112174115
1624618249
1724917352
120200122202
121107122110
8818090182
269828101
3121034212
3421335217
132128135129
1575615959
100235105236
196138199139
85148617
1905319256
159153162155
167178172179
45694772
2312727128
42594660
1043710739
1765817762
13651567
195201199202
039144
125169130170
1443014732
186200189201
424725
1227612976
7811181113
62706571
8718689189
166158167161
1497115472
61226225
128131130134
1032010424
136138139140
9624098242
9017092172
5222055221
50885390
1428014582
123202126204
6318066182
133108135111
1927319774
110225112228
19342136
3610538107
183243186244
171116173118
38224223
2013324134
1497315275
105150106153
1462215123
1153911741
953210033
8989111
178109178116
196105199107
9413695140
147106150108
159179161181
1009810499
1618718190
145232147234
02442246
1231112712
98145100147
7820181203
2012024121
5720859211
113249124249
1013010631
1298013381
1244312744
2222325224
6217366174
5319456196
165223168225
6717369176
113196116198
26592861
157200160201
135209138211
6217565177
1773017932
135166140167
104220113220
151128153130
1783617939
62366538
123148127149
62209222
1426714469
92249426
1571316015
1907519975
2712130123
8923191234
6722970231
6123264234
144254
1504415346
17451947
126107127110
37434044
6024362246
185155188157
12201621
1704717548
2411727119
18061829
107245112246
31133216
123205127206
9514696150
2414627148
168229170232
45784879
141196144198
7817680179
1693417137
171144173147
39814283
1241712520
1863818940
6422666228
113183115185
43204523
113205116207
1752617927
1737717579
2914632148
115222116227
110171113172
32356236
94919892
65596762
1535415457
138172139175
177106180108
99128102130
31793680
1579515998
10771109
41915195
160247162249
46284732
116235119237
7613287132
1506515566
185232190233
143192145194
09311
32436245
190230193231
131103134105
8917392174
4020541210
135164140165
7123374235
7619679198
98165100167
93449546
8822891230
3112132124
105190107193
180152185153
1391014211
129223132224
50655170
64566758
1354513847
1486915170
1409514298
52815384
158172160175
1962319924
125240127243
5114254143
1524115543
169243172245
142121145123
1927119772
154150157152
18592161
1189612099
140118142120
1011910224
125225129226
1873218935
37694070
1168411887
5913762138
185161190162
66286830
140187142190
37133916
146119147123
128204131206
138246143247
1619721198
1649416796
28483150
141167144168
151211152216
173243176245
1126211564
3919747197
1515717160
149144150148
3717740178
1611316415
1609516397
157177160178
2623428237
174103177105
1364014141
161204166205
4516348165
69307132
1866418867
114152116154
9617299174
1198612188
69337235
84528754
7310475106
1886919072
53115613
4410948110
196239199240
1929319495
181159186160
02412243
879788102
5310955112
1858219083
59266227
9512698128
172153175155
1454614848
7310776108
1331914119
83688669
82238525
158231161232
111102114104
1918219583
1637416576
110131112134
8401043
6116864170
41436145
728759
12441546
195195199196
1717820179
149116151118
98810110
9420997210
5514858150
174132176135
1623316435
32046205
117203119205
179104184105
1718717389
1904619447
3511838120
1148011782
136119139121
1118611587
1710318107
17562058
47395041
15399158100
87608963
18001822
2218524188
1578415986
194142197144
112235115237
187187191188
1606117161
70377538
90229127
02243225
6020265203
119134122136
161187165188
111150116151
9021292214
1841918621
125120127122
92228103228
89469247
1833618539
319833100
1259212696
1007310773
21685169
103171106173
51888190
187226190228
01903192
1688717090
9411997121
17231926
1345913760
8924791249
144103147105
127103130104
116168119170
198128199133
769879100
18421883
1921619419
23872589
1897619179
108108111109
1615319155
124193127195
196164199166
179219182221
1144411746
26883089
1710820110
1817818282
113126116128
6218865189
4017942181
164145166148
6422966231
3217034173
10271049
1626916471
1757117872
1538615688
20642366
61906393
3623140232
5319056192
1985219957
166118169119
6713170132
12341536
1112614128
187150189153
115247120248
191161194163
164142167144
997810280
424446
164234168235
1918619488
42374340
117147119149
1165211954
1058610888
2224727248
166219169220
120203122205
147157148161
1052611226
1844918750
9661268
1166711870
1583616138
161244164246
165216
22194222
857888
1157511777
8919394194
196111199113
6711269114
55545955
154165156167
189239192241
147213150214
67807081
185102186105
2813632137
9510397105
2922632227
167146170148
1708517386
139193142195
106174109176
49365437
181247183249
7018872190
1923819540
1478815090
95349836
168190171192
8820989214
187182190184
103108105111
42126215
5324756249
1012510427
148194150197
7988111
119712110
89559356
195167197169
150120154121
113201116203
18422144
6218467185
3312135124
143213146214
186211189213
1124712147
38844185
52188219
128119131120
32328233
196232199234
1237712580
128210131211
101210104211
196119198121
1576216064
180196183198
6214665147
1206812370
