1769
871974
74197622
1609116393
143134147135
419642101
130205133207
180209182211
5221155213
6623771238
1008110383
149228151231
86468947
147224150226
1812518327
134244136247
27533054
1717419176
125145128146
31306131
1252712829
1763118132
85838885
3513836141
105148107151
112122115124
1523417237
81398441
1557315775
7916182163
1933719639
2815030153
50765278
91969299
8211385115
1713317435
87208923
1916119462
3916441167
15841616
8113284134
413615
68767079
143172145174
56385742
1883919141
992610327
977610476
1144511747
9024493245
156204159206
1715517556
102145105147
10501101
191202194204
1727617479
43704871
1575015952
143245145248
5585710
5316755169
24472650
40114313
5024553247
1045410656
1876519067
1821618419
1306913371
161113165114
113191124191
121151124153
123120125122
129183131185
140116142119
1944819750
2517027173
2613129133
118192121194
114131117132
31396141
3219735198
2816830170
8823893239
1098811091
153100156102
176240178242
1414818149
5813763138
23402642
1211415116
1899019391
6623269234
1663117132
115218122218
38604162
25922795
136240139241
30613363
73917892
8020983211
1863319034
58386140
2416227164
175170179171
019222
1735017552
103227105229
1744317646
179237182239
7110576106
8122383225
7915484155
65776780
120230122233
127189130191
1922724228
98140101141
129134131137
127197130199
28653167
124204127206
164145167147
5817761179
4614951150
8614589147
62376738
7017875179
23782680
9323096232
1715917361
164184166187
81598361
1512018122
1619816699
68377338
22424245
6911772118
8515388155
1714717252
2710529107
3114032143
1509615397
2510827110
33943696
1772018221
8814190144
6515367155
114154118155
1377713980
141212143215
1284013241
1408714290
153161156162
6220464207
1873619038
157100159102
95127100128
150212152214
1628116682
9320397204
1601516317
150192152194
6421069211
1557615778
105208107210
1073711437
190130193131
78668068
17899181101
7571059
179223184224
1412914530
36223825
23512752
122144124147
43354637
89899490
811910122
1616317166
4516846171
120157123158
98216100218
1749417696
189244191247
139172142174
21805182
14541486
26592961
1553715839
58266227
085387
9117394175
1397014073
94619663
1603316335
1010113103
2816230165
42056207
110118113120
136232139233
7520278204
80738276
3222536226
3713940141
118143120145
3421938220
1316313465
183241187242
1804518347
79888093
1299113293
170198173199
77498051
39710
823613237
59206122
5924360246
73807682
161183
10671468
150173151176
181178183180
136103138106
30323234
1093011132
715610158
1092311126
49245425
1695417058
187197190199
1573116232
157240160242
164152166154
1271313214
1187712079
182121185123
40664367
40534255
9751376
8623189233
173128176129
6219866199
923211235
92389540
99711100
102121105123
36444145
115129119130
6916273163
42724475
162237163241
1096411266
8310584109
196222199224
1521617218
1468314886
1706517268
1912122123
108198110201
98119103120
1016410466
14961798
146194149196
3615137154
1497415276
1889219393
154186
3115233155
37553957
6915971161
2921230215
270302
4320445207
149217152219
3712639129
134205136207
1488915390
1421116213
72167418
9311196112
1412514228
186168189169
162145163149
6610168104
6713370135
75407842
98197103198
1755717759
156155159157
5210254105
1178212083
150195154196
3924843249
3311136113
9318195184
4115543157
032334
2211424116
1673317035
11771199
126119128121
7423777239
139191144192
160225162227
9210894110
41007102
1382514028
6122662229
171157172160
1391611
2113523137
1793418236
2218925191
1623816540
3511538117
1048210585
6281129
1064710849
4615948162
196227199229
2413427136
116124120125
143145144148
1141311518
19461978
6010863110
147227148231
198175199178
02013203
1323013532
109247112249
184137187138
2123223235
184203189204
49695669
13451647
1012210623
135228138229
62686569
2312326125
43514653
8319085192
6924372245
529855100
1764817751
119154121156
28933195
145232147235
7221975220
6410967111
1627516577
1372013824
6410767108
8613089132
767808
3017933181
9314595148
13399135101
1618816490
194175195180
167184169187
74247726
7120274203
01352138
1752817730
1714317346
127218129221
71639166
1492415325
15231545
25152816
1494515346
5213954142
196147199149
12151247
103175106177
33463648
5819761198
166113171114
179119181121
3621539216
174193177195
1481215213
103247106249
5614859150
1285813160
125152128154
61506353
7131014
1239312894
3520438206
1612521126
2813433135
1795218353
1216015162
26273128
9516698168
132183135185
77598060
120126122129
1003710239
41636166
5316055163
109153111155
1908719389
57756077
8611489116
188191190194
1481015311
6017263174
20512253
1758917890
88499849
1292713130
50815383
1984619951
182217185219
4010643108
1767417976
6716669169
046151
1843618639
196179199181
22972499
1706317364
145176148178
185186187189
1106911371
6420869209
41894392
9320796209
40934494
1288413186
108223109226
129186131188
112225114227
1052810830
8823693237
2210125103
719872102
1697317176
5510360104
63256627
1498415385
911411116
1055910861
124241126244
67247026
489851100
152129153132
35643866
5021555216
183244186245
3620941210
4411846121
6811069113
129120132121
1067010971
210232
67477647
9713199134
99238102239
108112110115
631662
196245199246
155148157150
3815740160
144167146169
46384940
192212194215
1532115523
1913419934
161198164200
158111162112
145131147133
715010152
126159130160
90229324
109141112143
185249194249
1022011223
171154173156
1005010153
5712258126
5212955130
6121465215
74597662
148163151165
99233102235
46234826
442483
6118763190
14161448
1134211544
21362437
157113160114
5419857200
1712919131
23192522
1236812869
17121744
33773679
1304713348
278480
1773317836
6516168163
1033110534
180206182208
129113130116
1017613177
137135142136
11311153
191191193194
1594316245
7710180103
1411314415
49755675
100159103161
1791911
358560
8918290187
1723117532
1813820140
68167117
98106101107
653954
17692270
8422187222
9623698238
4123344235
5615759158
193209198210
1815421156
128200130203
141159146160
4020244203
126168129170
1458714790
1926919571
1077311274
51258127
137203139206
1848218685
157144158147
177122181123
1684717049
3217533178
150146154147
185207190208
7618584185
3214434146
10851387
36733974
9424397244
3823641238
1321513417
174149176152
84358737
15371839
1447414776
1555815663
1179712099
1522915531
168155170158
5012052122
46905390
136128138131
42434545
6512668127
30403341
1681917121
121138125139
1611519116
3314935151
1261712919
42335237
12551278
7424479245
9119893201
1667416877
5220353207
50285231
8713889140
9510897110
186216187220
79428244
87268829
5217355175
88619362
69397142
174232177234
8421286214
108227110229
091891
1116714169
131155134157
1145311755
95339736
118219120222
102181107182
193232196233
74277729
49605262
497519
7213874140
183197186199
35273730
120249127249
117139120140
17172018
162175164178
1206812271
1071110913
1635616558
1012712130
45934795
723736
1920720210
35363838
45744875
4218153181
193227195229
167141168144
4116844170
49675667
49215123
5217055172
189122191125
713211133
112209116210
8910891110
2110724108
157215160217
42794580
7924184242
3015634157
4511548116
60146714
167116169119
1162511927
14891691
5723261233
140188142190
6218264185
80628264
1718617388
9616998172
2818331185
52387241
143136148137
197114199117
1375014450
10461078
117106120108
1405914361
1757717779
26842887
4374510
165115175115
2417427176
20262228
1627816480
168239172240
42137215
15581599
5220855210
213316
46325133
275577
1839518697
120172123174
6914971151
213244
2722628229
97226100228
1796418166
12321264
6917071172
38594959
46124913
155165157167
1158812089
108193113194
7022671229
103156106158
71607363
2612629128
1293713438
1833519435
96249827
1678116983
131158134160
19299194102
169212172214
82718772
107184110186
80778181
1919619498
1213112632
1663616740
137196140198
150168152171
183211185213
1115014152
119245124246
737759
148102150105
1025010552
1207412575
159218161220
09212
1392014221
174222177224
136114138116
612310124
121185124187
30583360
5510560106
190143195144
72537555
3911244113
12631466
1619918202
133108136110
37464048
99165102167
6181019
111150113152
109244112246
159192162194
183163185166
5413456136
15231725
149127153128
4219545197
4013342135
4824050243
123181126183
161168163171
14401741
8423787239
6023765238
139209142211
195218198220
31693471
91319432
17892290
16401663
113169118170
135159137162
153216155219
1136611568
184104187106
6322566226
3814241143
147166149168
1623818240
1515219153
72098212
134201137202
1657816780
075180
7221074213
72469249
108180111182
114135119136
8217785178
132142135143
157189167189
137111140113
9216095161
5913962141
1492615228
120136124137
4412847130
81658467
179192182193
1649517195
2713831139
4813251134
3823941241
131102135103
46434845
4413747139
8113984140
7118673188
9721299214
4110243105
5121754218
151119154121
103186106188
154127156129
5916569165
184177187179
8513386136
3814441145
8518488186
1264712948
31945196
8231124
4523148233
12221424
59466248
131201133203
122212126213
355657
135132140133
71347336
2320825211
111233113235
183192184195
4117446175
97739975
1833118534
1454614848
117203119205
17432244
5619259194
9312994134
4174210
77847986
175178177180
53305632
1312315125
5912361125
167159170160
50725374
127162128166
143119146121
117206121207
111107113110
56355937
163118166120
744766
21204122
62106512
61346436
5518757190
774796
42009201
1972319926
183246186247
128248133249
160247163249
163242165244
7118273185
5420263202
1751817621
1338413686
160115162117
1965219954
8118283184
98242100244
128208139208
197242199244
9519597198
173242174246
1593816141
1901119214
67307032
578682
31425145
96148101149
7621677219
115143117146
188149191151
7516378165
1282413126
1817818380
4011943121
9216993172
1312615128
58796181
99245102247
4619849200
117214122215
7419477196
1310623106
47355037
4619147196
163159166160
20392242
12021224
109102112104
1337813680
40164318
61666567
6317966181
2817230174
4918252184
116119119121
6786910
1351513816
8617489176
68877189
29903192
17712272
180201183203
75437845
9518898190
822413225
283296
1014115142
149242152243
775879
1481415017
2912934130
186213189215
137212140214
118131123132
114247117249
170148171153
1852018822
6617569176
1758017782
156168160169
1225012551
7216474166
901933
2418127183
1798918290
1956019862
6523968241
1689617197
13921495
41464846
12301433
177217179220
129176134177
174917611
73987899
1408014283
15271549
3123533238
169229171231
1932519528
2722330225
160160162163
9617998181
2424126243
1235412556
164215169216
17582059
1476015062
8915391155
1659016991
47814984
1473315035
5616958172
153168154171
12891359
1526615568
8601162
1325713559
190182193184
1662416926
190155195156
1791218115
70277329
114151117153
158103161105
1713620137
150158159158
179212182213
123223125225
167120170122
181244182247
46274929
1256213063
3221733222
41214522
38264128
1099411395
31466148
7516678168
183233186235
136219138221
1744218442
15321834
24442746
93589660
123123124127
17771799
38584958
1429314496
8716894168
123912710
1771017813
164172169173
179190182191
174153176156
156139159141
7711179113
1516115463
2416527167
75687770
109187114188
9521597218
2810831110
59856188
3911750117
8516686169
1073511036
1046810572
137117139119
1497715279
165102168104
8110183104
3615540156
7917881180
2821831219
4111444116
175200178202
1683617038
52365538
182133184136
180107183109
1062410826
137246142247
129240131243
9511698118
139221142223
62776480
1366513967
39634265
98819986
1338713689
4712049122
175163177165
12292232
80828483
105230107232
1485415057
1208712787
147153150154
3523338235
17071729
1394114242
198195199200
1838918591
1152211724
444466
193117196119
99173102175
74347736
111177114179
158221163222
4217845180
21254127
135152137155
6322265224
8620789209
159245164246
1572816030
1605616258
7622477227
154221157223
1181912320
115187120188
1327813289
17161806
2619028193
5817563176
5014353144
164229166232
6921271214
195184197186
1486715169
22632368
105166108168
108195110197
5119953202
1019812200
133226138227
109202112204
1997019977
107175110177
108121111123
139228142229
196236199238
1019010393
1679217094
15651867
2410426106
198157199161
142125144128
1438714492
7123074231
116100120101
41705174
121241123243
142914510
138143140145
9118794189
54905792
02411245
54335734
67937095
7920082202
1222013223
49455246
125167133167
95829785
11561359
572774
3422137222
8121983221
123148126150
01843186
112211117212
304336
1029610598
103132106134
10021017
1078910893
1378813990
7615879159
39244225
178147187147
177245178249
125174128176
1483615138
1842318924
5822660228
5218654189
10699108102
4312348124
2418427186
176157179159
146219148222
1462314825
139175141177
18192220
106226107229
31586160
6121664217
161183162186
1549415697
3819240194
8518788188
5315456156
01173119
179227181230
172110175112
162218165220
186209189211
1531315615
3514537147
44634964
1166611968
1122813230
3410837110
53765678
170107173109
93459646
183231187232
32263428
979610197
3311434117
121142124143
42304532
1634116544
62206423
1513215533
78288130
146173149174
9217695178
182227184230
54395543
140205143207
1883019032
02290237
191240193242
9020892211
157181160183
149198152199
196127199128
3517538177
1649616797
7024174242
6110363106
98199100202
107171109174
7014773148
110213113215
158198160201
4415747158
1719419196
5814561147
1123813240
2317726179
2413726139
159230163231
1218713190
45604862
108137111139
1924221245
4516649167
129174134175
6412367125
3417839179
102148104150
1248412785
83738674
253276
4618053180
188112191113
1849218794
1948619589
160206162208
164121166124
1497015471
31506152
1094611347
1205912560
1891619417
1244012741
167149169152
146128148130
134211136214
159236161239
9210494107
4778
188100191102
51207122
74657667
569859100
1821218613
1516415665
1808618388
054257
23262528
1236612867
39874092
41289129
7524178243
7519978200
29373139
9011393114
2124826249
132240135241
143140148141
158165161167
136713810
1345113752
99117104118
104161107163
1891819419
78558157
174166178167
90149316
51138114
59496054
108147110149
195211198213
12191421
66906992
22592560
3219136192
5212755128
94549657
1514518147
7516976172
4620548207
01892192
1813818341
129172134173
1931119612
4014941152
7618881189
91539355
174101177103
3611939121
171187176188
156179163179
12401271
1120114203
89829483
1225712758
185227187229
85688870
1105811459
1091811319
823810240
1710120103
8410186104
33823783
1523415536
139224142225
4220943214
16732074
01154116
1463014932
14311463
135216143216
9411997121
4922454225
39294132
1208412385
1961919630
180159183161
4821455214
946969
139218141220
21235124
43544855
76957897
141142142146
1072211422
7717680177
68686971
2423426236
146237148240
1884919051
1734717549
41205220
152179155181
193171195174
1413614637
151106154108
4920551208
919110195
102207104210
7311676118
1927219574
155239156242
61938195
3520740208
800823
1908319385
2418729188
75377839
5414357145
1436514866
1715317554
66817082
169144171147
64756776
131180134182
122208127209
38764178
158195161197
78318133
8810491106
1124114243
9424698247
121227123229
1223214235
1344413646
38194021
130236131239
3210235104
42264528
9416397165
1902019322
1148011981
7120474205
177153178156
8617788180
1451214715
38824184
90139913
68116915
125200127203
21534155
18498187100
7014174142
1126011661
112205113208
1878218985
145192149193
1818318385
1001310314
6010163102
170184173186
1918123182
1149411796
4024245243
120203123205
114180116182
3312035122
1685017053
1820322204
1868818891
1432314428
18962796
1018610488
90789380
1966719969
1948019782
149200151202
109191112192
1602116223
3823040232
151103153105
1912519229
8520288204
173113184113
982110023
01592162
12721303
92709472
8698812
804836
7119373196
6014962151
359938101
194110197111
14998152100
3612238125
94219526
3323935241
3624638249
822610229
73117514
5711758121
1799618298
1011112113
55535855
48875089
77807982
82578558
41854487
10531355
180151187151
118151120153
76527954
1121311317
35193721
2521226215
382423
1647216873
94919792
178163181165
2610134101
6216865170
1783818041
2320326205
70577359
6821771218
84508951
1916519467
3718940191
125135128137
1554015644
140165142168
192236195238
61799181
179231182233
182214185216
3010231107
15511583
1905219255
107156109158
45674869
194104195107
3921942221
148233149236
1102011521
128178130180
165225168227
182187184189
3415235155
3124532249
9121394215
597899
40144515
043345
68607062
1788118084
1628316485
1069610898
97379940
53645666
119102121105
9416995172
1728017482
34163618
193145195147
129132132133
170129172131
179175180179
174107177109
7620778209
923117231
1524118243
31756177
1587416574
152201154203
79458246
5912964130
38794181
5612758130
8421089211
45854986
156218158220
1231112712
6316666167
1387414176
1874619048
91289330
1156211765
62846487
190179193181
6313366135
14011423
113113114116
1186112064
198182199185
1913019233
405436
61989199
103105105107
2515127153
4014642148
1949019792
81898490
125237128239
100229102232
1562315826
174137175140
236538
64506652
179140180144
106235108238
1563315935
5322257223
1566615968
183156186158
98156102157
5621059212
42604462
67337035
1511815320
226528
1417214673
140122143124
149239152240
8458510
4618248184
184101187103
1138711490
5122654228
170217173219
152164154167
152178161178
197231199234
1587716178
13999144100
157212160214
7224775249
5918361185
8921694217
145236145244
16731704
166217169219
58915996
100114103116
1654517046
172206175207
54955797
1056310865
125184128186
57176019
1810720109
150123153124
55795782
179214181216
4911051112
1347313775
1691217413
61679169
109189114190
68547156
179166180169
95709872
94809781
32643466
77637965
6518267185
1935219555
1267912981
61888190
1164111942
128209133210
131127135128
1155611858
99137102138
6223363236
8123586236
134188136190
3423637238
3710340105
1007310375
1927519477
102178104180
1918921191
5718060182
122207129207
01643166
100131102134
105178107180
93979699
1484315144
100212102215
19652168
176207179209
7221675218
77737976
122188125190
146144147147
131197133200
6624368246
1217912481
5016552168
63966897
103211107212
57236124
9715198154
125171128173
515513155
1383114332
02171220
4024442246
5912661128
136248141249
1497215473
127122130124
1064210844
1112012125
56726372
3724339245
1459315094
8721490215
70907292
01452148
1366013962
1374513849
107131110133
156137160138
8417086173
72397442
49495251
198118199123
65606763
124195129196
842864
27243125
118179121181
185248194248
8012183123
170100173102
88869088
02143216
171120173123
139114143115
1041110614
190204
1785618059
1164311944
914713148
1315013353
8220584208
1736717570
4312547126
1316613468
175230178231
153125156126
19331955
58326034
32363439
5124053242
166220169222
49435344
196207199208
01732176
19201942
194239196241
1189412196
157190168190
2011321116
17597177100
1415517157
50635266
91509452
195195197197
101201103204
1688417185
190226199226
9618298184
1049110693
641843
1157611779
172117175119
152209154211
1931319714
9801481
1231312615
62396740
1065011350
17831805
136222138225
8716989172
7222475225
197919912
21872588
8713390135
34583760
155144156147
9013893139
195247198249
71747476
1864419145
6822769230
1837418576
117182120184
108150110152
196172199174
1765217855
17481951
51158116
133195136196
108208109213
7710681107
035140
1646916771
1459514798
105135107138
3521740218
20912393
1132811531
48795180
29863288
184107185110
192157197158
7218075181
619610197
155201157203
699870103
1914819351
5513958141
6024163242
1932919532
2013223134
183236186238
186161189162
75157817
1644816750
14531755
8015882160
172144177145
5019552198
19292034
8113584137
169227173228
118146121148
2022025221
197153199156
917112173
172146174148
1782818130
4019541200
5615158153
9510497107
6211665118
1392214224
1807218473
01562158
164204167205
2715828161
