1737
174186177188
3716340165
1782318125
722924
121118124120
5317656177
17242125
5114753150
57225925
2618528188
78267929
15331574
7822881230
151134154136
141163143166
048251
1261313114
19171939
1498015182
8614489146
12631465
186182188184
1642217322
6420467206
182186183190
88809381
136143140144
210232
19651979
97359938
161222166223
169137171139
764796
1034910551
1816718271
5313254135
15322033
3924644247
97218100220
4216744170
3612239124
2210723110
1249312795
1614423144
106245109247
26392941
1686217163
1818126181
4424049241
141159143162
164198165201
136113139115
17742076
145140147142
112100113104
2413127133
95339834
1294913052
61567161
148240151242
65386740
162244164247
86248826
112211117212
1031410616
1685717158
105106108108
156155159157
1735317555
39714871
18422542
101108104109
1836218565
1895319254
1431514617
180147183148
73357538
430732
1113414135
131186134187
110207112210
33703573
61409142
155209158211
62626663
9199411
159125162127
10751377
1911519318
107133112134
1423114533
128195131197
182168184171
98245101247
1237012573
1243112633
163236165238
9314295144
185189188191
3311935122
31223424
1896819171
169155174156
82228623
1045510956
1402514228
93589660
32465249
89599261
70787280
46414943
100100103102
95749777
1529415596
136219139221
102245105247
117164119167
183216185219
11571188
3820340205
127137130139
145147150148
2716328166
2621829220
1954319746
30403541
13371539
2720729209
11804182
8713189133
187196198196
8511888120
1197812083
7222675228
6424267244
1737417576
34643965
110110115111
1613016235
71557358
7711480116
74687770
1076911071
5820663207
5120653209
1604616249
172197177198
1078810990
1127611478
1708917291
1181612118
01132115
61736474
5313654141
169157172158
4021045211
187202192203
01535154
65757076
4615849159
889891100
1321814222
111142113145
120113123115
4819751199
20442346
9513998140
1537215575
63196522
1818226182
4715449156
1502415226
4918452186
3716040162
58196121
1349313696
4422547227
1306013362
1575515957
122221127222
5310556107
1718620188
170230173232
27793080
1963419936
1014610448
5518157184
465487
183114186115
1488915191
3723641237
158168163169
1771218013
183121186123
1651916821
113132116134
3818942190
142189144191
191206193209
67847285
8119984201
129168131171
1176211964
1319115193
1445714958
9112993131
8910292104
67627163
5317458175
123157125160
1665416758
72439245
8520388205
1146711769
51198121
1273313035
30343139
2523329234
2413927140
4818849191
1620419206
8624288244
1622416427
1348313686
5716260164
1275713457
1595116153
95889791
58926393
1116611369
1789818998
53285630
102119104121
9518598187
26312833
41656167
1484015142
21212423
145237148238
7811781119
718921
241273
143131145133
143174144178
181129184131
1124211345
119158122160
148149150152
3921242214
141140144142
60346236
2215425156
8523388235
102197106198
81178221
111148113151
136157138159
8822789230
40574359
42224524
193188198189
9419196194
3985100
4714449147
3712740129
134130137132
167239170241
1820121203
17351767
50695470
57706171
36593960
125227129228
41904492
996810171
63466451
177210180212
81598361
1915519358
172125174128
108214110217
32264229
187114189116
71667368
130105135106
1354513847
93219524
63846685
29833284
21902691
184188192188
196141199143
50435345
162181167182
6717470176
5210355104
107147110149
640842
1822721229
140113143115
103242106244
149144151146
5016652169
1617719179
2324828249
152203156204
2071
1123114233
1956319865
45854986
60976399
5222055221
3819942200
6721971220
1767417877
44684770
22582659
8410587107
7323574240
57726472
22472549
7114673149
16001622
86969097
61526454
9714799150
1062210824
4811850120
135167146167
120210123212
3123632240
19461959
6310366105
157193160195
2111824120
1217412377
108228110230
1019411198
126206129208
5819360196
1772718029
4918253183
117156121157
1219312395
108135111137
6613968141
1812818430
6487
1692617128
128143133144
115217117219
185128188130
185192188194
195171198173
85158718
1427314575
1712720129
652684
154186156188
157170160172
1168412185
1049210893
137204146204
125117127120
54975998
7514377145
3810540108
190160193162
7310276103
3324844248
2721329216
145193147196
1963919941
083385
141241143243
1367313975
2420029201
1753118431
118129121131
9219995200
1619816699
135244136248
1713820139
165142167145
61128114
153196156198
2410128102
168147171148
120197122199
129181132183
9501152
3518837190
6518568187
186154188157
3410537107
170172174173
8914292143
4812650129
4312546127
177208182209
149227153228
1307413277
1888519186
1318916190
135140140141
6715168155
36943897
8012890128
141102143104
150229155230
167916911
105187110188
8620689208
157216159219
51828184
1778217984
21312334
111911410
21142217
1523215533
1806318266
1866118963
4122243224
71879189
8617088173
194180199181
805836
106189108191
11341166
451482
137210140212
166159169161
112180114182
33833684
154222158223
78318133
60316731
166167171168
164226169227
1125511457
161122163124
96479752
188175191177
1828618588
54175619
14691770
85828784
160216163217
1408514190
1083411235
184145186148
36563958
16761698
140122142124
68307131
1755917761
98155100157
175145177148
1761617918
1018810390
6422966232
78928393
6412667127
196190197193
1506415465
8719290194
1221312515
1118511486
32055208
145177148178
1933019632
51798180
2223224235
42414543
1469715697
135208139209
46225023
4513747139
7221775219
75807683
192103194105
2711630118
150231152233
4621548218
115198116201
1831118613
50315135
01753177
1773218034
1551015812
4814850150
02245225
140201142203
169219172221
4618847191
1565215854
4214944152
89679269
180121182123
7413476136
95559857
127112130113
14499145104
9119393195
9401142
102199105201
1133411636
6510068102
81898491
1032910432
125183128185
125244127246
82248525
01471152
87759176
3722641227
83198621
7116073163
2414327145
134107137109
7414877150
1616018163
494507
1581516018
113207116209
183136186138
7419477196
190146194147
6514966154
7713581136
173160175163
722110223
37984299
135185138187
90409541
75217723
11553157
6518267184
139100143101
8222987230
3110836109
175197
1366014061
193226194229
1873219034
347369
1272713029
146248151249
152142153146
27523054
8815690159
1852918831
190223193225
1511015412
42017203
104168109169
151184153186
187118190119
8317585177
242347
34663668
6923972241
36723775
33173619
9622698228
1058411584
1928519587
5312854131
109201112202
6720069203
1246712669
172213175215
8713590136
99226101229
175103177106
1636916571
1264813548
99105103106
01162118
21932495
114222116224
3715740159
105192108194
61518153
179178180181
126158128160
113217114220
20192520
168112171113
3420437206
107182110183
1078211582
193129195131
1961119913
133191135193
2813133132
2810633107
143198146200
02094210
114148116151
110118113120
65506752
8623688239
18432543
155148157151
12511454
151105153108
46324934
5412359124
118101121103
1614119143
152123154125
61959197
47354938
2120524207
382413
5821361215
103174105177
1723518238
624917249
12311263
173181175184
88459048
16362137
1421416217
1668916792
170208172210
7819880201
169197171200
14421744
147199150201
01352138
169107173108
103223107224
4222543229
41454347
7712380125
123137126139
92499551
177116180118
1677517276
19782280
6022663227
102248107249
148194151196
67257027
146143148145
1501515317
1053310736
1315516157
7419176193
31593362
1009810399
37174717
119108122110
119135121137
128222131224
12298123103
7920481207
8821091212
8119283195
70127513
106177108180
1542115723
1708617388
4217545176
14101442
154170156172
7861088
1723617339
822610229
1941719620
91889489
8220685208
9115694158
2118625187
1092411226
109162112164
12661468
57515856
360861
1323013532
140192141197
55365838
100125102127
34103513
185142188144
109173111176
1157112072
1258412886
1401314514
124912611
144115146117
50465348
26242826
102184107185
3211133116
1409114293
196231198234
1464714948
3421238213
172194179194
4522948230
56865987
410315103
170178172181
77158017
145167
180240185241
5810462105
172240175242
191217194219
1759717799
1610220103
70428142
150132154133
25922893
8321086212
176119179120
194239196241
181162183165
1594316245
1368913991
18601892
185108187110
122243124245
85458748
516529
1912121123
175189178191
169186172188
148100151101
1481215014
153193156195
4817150174
172113175115
127177128182
159248169248
189154192156
153111155114
33923594
192220194222
1173211836
1114611348
104103107105
160219163221
139213144214
5420756209
167120170122
1086211164
50785579
1579315898
183226185229
15371559
48665168
3114634148
107170109172
164146167148
113168118169
100128102130
84928794
7717878183
6520768209
3314036142
4720550207
143245145248
1255912664
75527754
7924282244
362375
7122374225
158165161167
7112973131
99225108225
8712990130
148102151103
4313544139
1546815770
166139168141
113154118155
5120455205
1217912382
2622627230
1196512466
058260
103181106183
802902
16882189
2616131162
7017274173
13361368
7014173143
1631216614
1152211824
3115333155
128129131131
169130172132
70697173
4711151112
141179144181
16641715
44134715
1867218776
9317998180
1007310375
1214115143
1111616117
1406714369
148229149233
107235110237
133163136165
37814083
2113823141
8017382176
52235525
1884319144
188241191243
1312613329
2918731190
82648467
1121711519
4822551227
12699128102
17162018
43614663
196130199132
288590
4321246214
147170152171
6924772249
1439314498
114117116119
920910213
87858987
170214171218
114165116167
75597761
77188020
7910981112
1372914031
8112083123
4619847201
7113473136
3824038247
172117175119
154199159200
6113863141
1276413066
6213666137
164191167193
138182140184
9310595107
7416778168
72177618
81368239
7621679217
102122107123
94189105189
1944919850
50365437
120126123128
1183812140
2814029144
9310397104
7422977230
175126176129
32346236
106173108176
1014011144
18842087
7415976162
144242147244
483785
25212823
151137154139
75308230
5016455165
21504152
31325134
78598061
1858118882
1034410645
140169143171
109221111223
179138182140
1908719190
129215131217
182111185113
57265829
166107168109
1648916592
180143182146
142192144194
1298813290
1495215253
194109195112
179187181190
171102173104
5818160184
183237186239
78398041
998410485
1731617518
91379439
119154123155
69587061
13461648
1268012982
991410216
3419837200
1185212253
116195119197
106231108234
129200134201
2222825230
1214212444
1887419176
151173162173
4619249194
154212159213
8721490216
5221454217
9519598197
143128146129
271572
8320994209
122130125132
156179158181
1411817120
7011572117
1016413166
2911932121
130173133175
3810939114
51495451
1664816850
139234143235
149162151165
1162511827
163110166112
12701284
6118464186
197238199241
1743717739
149168154169
5712060121
16921894
1314613447
1477915479
1056210765
174247177249
45905590
113106116108
182157185159
1813218335
47584862
1161911921
2221725218
5022252224
9417396176
2717329176
172111175112
150219153221
5715259154
11605161
178167181168
125218128220
59486249
2219324195
175205178207
102208104210
15401572
1302213324
71257426
4921451216
2919531198
186199189201
115139120140
8917091172
709873100
1597116174
171159172163
31453447
6117364175
7523777240
056457
9211695117
1593716438
1425814361
19201952
9511061
3122734228
153181155183
179135182137
43964599
169243172245
173142176144
2311326115
116178119180
31133316
2823630238
15651597
8924894249
136174138176
155133160134
7220273207
117207121208
1516915371
155166157169
2212124123
1404814250
1032110524
2023221237
1879319493
1020213204
305337
31986200
1319513397
96229727
1275812961
161202166203
1718017482
34533755
1041210713
66586861
1610921110
4118343185
100211103212
1301513218
6416666168
118104121106
557859
3722040221
2314827149
186180189181
1591016212
52387241
135232138233
1019012193
98170100172
179219182221
39844187
1866518967
117151119153
4618248185
36493950
142195144197
2712232123
5224255244
1996319974
138105143106
5018751192
36164716
1019913201
192201199201
62058208
2918431186
154118157120
100161103163
35223724
1523815540
30813582
1725817461
147202149204
10741125
183195190195
167110170111
110168112170
1884519047
1462114923
6119463197
42524455
73397740
143107144110
1463114833
1627216673
9719099193
5613259133
143134145136
110247112249
6814670148
1483715139
107138108141
153232157233
107150110151
1201912719
4816049164
61158118
133224136226
4110543108
133180135182
7722580227
9614499146
65726774
992010222
1122011521
5821061212
3219234195
107209108213
167123172124
100195101199
80478349
2622328225
3916841170
863895
7410777108
1252312924
1679317095
3519437197
138227141228
33563558
53915693
146134148136
3713839140
1663117132
109218112220
161132164134
3424137243
1573316034
8411087112
8415489155
156182160183
2813731139
6920874209
197104199107
128127131128
87299030
166199168201
25123013
977810080
77827985
228729
107243110244
1920720210
1185412155
1003710240
6920471207
193148198149
104133106136
3023131234
155246158248
123204127205
120239127239
163188166190
5914361146
161147163149
132126134129
1719717499
1511315514
162164163167
21474149
1114513147
5616558167
75247727
3810141103
1967619978
1348713988
1342513926
920510208
141143145144
111183113185
174122177123
119168122170
6821069215
1582116322
136180140181
7514078142
5416857170
186216197216
128109133110
66117711
7716580166
82688570
195194199195
5710858111
1517215277
026327
162135164137
36474048
27692971
132213134216
6015665157
193244196246
114120117121
120246122249
195197198199
5720862209
185131187133
2721030211
141156144158
168145171146
84498552
153157155160
117239119241
118237122238
79628165
168115171116
1928819590
1342713928
1110714108
1195812260
94619763
98112101114
939995102
157104160105
1821920221
6812570127
101192104194
1946619768
181178182182
9020593206
1693317136
1123514237
6612071121
1923319535
44464748
125105128107
4115741165
113177115179
157204159206
137198140200
22252527
125211128213
83868687
56775879
115220118221
71659168
180246182249
176157178160
66696971
164217167219
38204122
111122116123
99139101142
17821814
839886100
1959219695
105124107126
67146818
5216256163
40604262
52277230
9010592107
7710278105
4723148234
72277429
50385142
2212623131
5813561137
1816421166
80718373
49715671
6322265224
910942
1262012822
8122685227
5117352177
189819013
1331413517
3120134203
19099194100
2520726211
074177
117117124117
1822518527
3110034102
81599164
190101194102
42784580
8624091241
8317886180
19592161
161141164142
22602561
157241160243
166116167119
3819742198
1127211475
183198185201
2122124222
1843218635
4923552237
143201146203
34323536
9117593178
5219354195
1159012091
1157311776
190123195124
97810010
151147152151
1713021131
194106196108
1132511528
32853389
58626164
136118139120
101810410
152176155178
3821541217
64776978
100110104111
87218923
116127117131
9421696219
27722974
11311433
3124133243
9322595228
6815670159
02362238
656688
54455648
8717687185
1593916142
14921597
8618689188
99201101203
1446014961
2216625167
6617069172
16241656
1502115323
97204100206
01302133
54415644
176182179184
5114254144
47495051
73847686
140219143220
65286730
1214917150
6922173222
6616368165
3521437216
6024163243
16572058
125223127226
3917842180
1819118493
5821661217
4015342155
6812271124
698749
7912982131
159179161181
31633366
975810059
2616729169
49285230
135177140178
159138161140
59376139
60246325
1835618658
174230176233
1582316823
42274529
3514537148
14121615
153184
188227190230
2411026112
1623916442
178617911
1723920240
08111
33953597
109203111205
105118107121
14712371
1261512917
1798718190
90559357
8301033
3819440196
38244126
7617379175
18001851
186217187220
1081811120
1805218354
164172169173
125142127145
177149182150
43744676
143914610
134913611
1313313435
3718140183
13222022
197155199158
5614458147
135188138190
1892919231
137201139203
4311246114
144164146166
96399941
1581316214
7523580236
29253226
1611119113
11896119100
135199136204
103157107158
164122166124
6214264145
2413627138
8622087225
1275312955
85718774
1128911491
1210015102
48725672
915112153
767808
117222119224
185125188127
180191183193
1945419656
76367838
14631495
172176176177
135210136215
7321075213
51915294
176163180164
194157196159
559959100
1027010572
4710854108
137215147215
11311153
2814530148
1358013882
924712248
116230117235
129242132244
100143102146
180172183174
5418555190
2216324165
1952219824
168191171193
77797981
112204114206
4512847130
160198163200
15241629
46975098
9614198143
5121256213
1224912551
36873890
13781429
7022973231
5923662238
1605416256
1228312485
126141134141
1923819540
124209128210
18262128
45104812
1367613879
1235212654
193174196176
8419587197
18199186100
5510856111
36343836
9524297245
88709072
1492815229
592624
32216223
1212912332
8931095
133234135236
146132149133
1219413198
2824030243
1554115645
5022854229
172199175201
1110414106
98240100243
1097211174
823410237
190180193181
511614
42254626
4112044122
30903292
2116125162
4813649140
183178185180
181233186234
18292031
5618557190
7251026
31355138
88939195
182213185215
107114110116
117244121245
181210191210
6517366176
185211190212
3323936240
6514268144
98137101138
9941017
60176518
2711131112
1361713820
8911892120
88149215
156174159176
1289513097
1019110393
1714017442
156220159221
5810161103
1267712979
177127180129
8515687158
3216135163
180166187166
330352
1338913592
988610088
1461814920
109194114195
38544155
1376314065
115911712
183101186103
197114199117
183134187135
775977
31203421
6123063232
5111856119
8518988190
61368139
149234158234
02023203
162234165235
187145189147
133219135221
140207143209
2417526177
4214544148
94809585
166214169215
17601791
47915093
26612963
6221165213
130102133104
166212171213
6422666228
82118314
1898119282
1434214743
163156166157
70437345
122206125208
1158611887
96819884
188235199235
2324526247
152244157245
1768817890
184116186118
3814541146
139133142134
6210667107
189168192170
137163140165
68287129
1355413659
6914472145
7920982211
1378314184
1906019362
239825100
43304532
985110252
47245026
1671617018
1469815698
189245192247
176215178217
653955
1765317955
5514158143
1723317535
1927519478
11621193
176817711
3519138193
193177196179
1611616418
1305313853
176114180115
6223365235
1541715719
48710
13901791
71597461
150121151124
01892192
3613437137
2412727129
90219224
189125194126
8511488116
161194164196
8510188102
1127911581
63586561
40124314
26273128
47744877
4910451106
5323558236
101154104156
58326133
1649516697
39684270
194165195170
7920283203
1704317146
2417127172
83298631
5511264112
84328734
881110
180203183205
3183311
40634265
155207160208
132335
25942895
9610598107
141175142178
129209132210
1513418136
5024553246
173202175204
1935119653
5222554227
7311576117
4111643119
8323188232
158162163163
1041910720
8612589127
186213189215
161143164144
1824621248
153115156117
160160165161
2824437244
1167911882
1048610689
6122162224
1103111333
1142911731
2215025152
1882318928
1276713069
2715130153
130245131248
164239166241
1985919962
167222172223
81968597
52325733
174108177110
157201160203
192239193243
1663316835
6012663127
139135142137
163204167205
36693871
65467047
1247412776
100232103233
19482151
81578558
11271330
194120197122
140247142249
1626316466
164113167114
1366713772
3017231175
68527154
2718128184
21532455
65536755
100158102160
163213165215
161102163105
1444914751
1420016203
6112364125
168143172144
1754018440
189189192191
138111143112
492543
5816961171
36424143
145161148163
01625163
5024753249
115159118161
9224394245
148141156141
2715428159
1371013913
1486215163
6910172103
118123119128
2011322116
3324944249
62706571
8321394213
19112113
114188116190
