1771
84158717
1213414136
583785
8813091132
162217164219
131246134247
105232107234
133206136208
3121533217
1299613298
144146147148
63306632
2818130183
93236100236
4674810
20772378
21952596
1618416485
20902392
45194721
1194412047
23252627
15131715
188170193171
131248134249
1319313395
154220159221
5117556176
1575216253
73987799
5718959192
1474814950
6412666128
102147105149
119154120159
50295231
19441976
159122162124
185211188212
148156150158
195216198218
119102121105
127213130214
43594661
2521828220
5314655149
188198193199
193101195103
6122263224
19001932
131139134141
125244128246
118140121142
16962097
1622516527
4518748189
1613916441
3217633180
01303132
1121411317
1722020221
175106177109
100209102212
33943597
168241170244
57835887
7124374245
1853918840
69797281
132170135171
1906419366
145203147206
8723490236
3617638178
3419236194
113811610
1743017732
51905491
106169111170
11298115100
4117544176
134209136211
1772518126
112186115188
1482515127
1318413486
38414143
98103101104
22412543
1924819450
19131935
1572616028
191162194164
1666916871
8718590187
5613758139
151191153194
162119164121
184242187244
01613163
170214173215
1963119933
5118152184
9820999213
1931119812
1411114314
1489615198
9210595107
138130140132
6320566206
1709217294
47395040
85348935
1608816291
1845318854
1922520228
3620139203
104125107127
1498515287
114138117140
116232118235
95929795
02342236
92769478
1116611468
4420246205
1104611249
73537655
172111175113
172131175133
1297013172
1810121103
1712919132
985110053
135227138229
1717020171
01763178
3813940141
138126142127
106118108121
4817549179
158247161249
1037110476
3724340245
1769617898
1275113053
130227133229
108204109207
112247114249
90369338
89709272
1887619078
30403242
6620969211
1235712659
4918050183
186101191102
192155194157
186150189152
1892519127
91899391
9620897211
92119712
765797
2816230165
99217100220
1358413786
191158194160
1488815190
105184110185
193174196176
2010623108
100226102229
6022563226
119220122222
39754276
1088611187
01681171
2219227193
128181131183
1294513346
3917240176
83608662
126186130187
1724522246
1742317626
37364038
9420397205
9016893170
7910882110
17381940
4618449186
3223135232
519854100
616111162
2515327155
01233124
47915093
153206155208
1656716968
2520028202
191235194237
1810921111
112213114216
9215794160
81588263
1207512376
2011223113
1219112296
1858318786
191123194125
1416717169
194246197248
7113875139
138176141178
1429814799
2423729238
161127163129
192216194219
26402941
5811265112
1475315055
1819818699
7920081202
139114146114
3421135216
6719268195
132235135237
166175168177
1913219433
8524187243
64346637
2817631177
144199147200
6811069113
02142216
124108127110
14731514
105150107152
1199712498
174215179216
9522998231
95469649
5215754159
7711880120
8824690249
6313066131
4815751159
130221133223
162147165149
1788918390
76847986
75417743
16521854
169139177139
1744917652
6821670218
1967319975
6714469146
6217163175
3520843208
6419266195
197207199209
44784779
1796618169
181215184217
7511278114
6115763159
181101185102
364567
5917662178
107227111228
1327113573
163143165145
114219118220
2114224144
62726474
6421667218
178239180241
82128317
181145183147
23172520
188167191169
1191012015
173187176188
9214895150
193178198179
1507915282
415916
5913062131
10099102102
103105105107
49565258
150173
527829
55545856
1324713549
102150104153
3310736109
2622529227
1281813020
5311756119
1313813539
178183181185
93169518
1205612259
1757617878
29503650
33753480
49415143
4321144214
187158190160
6123066231
4013041135
119225121227
124228125233
37463753
109146112148
136146139147
194135196137
168136168145
2211424116
11041136
119198120203
8721990221
184177187179
16491951
406429
1420317205
7121975220
1539115692
80418343
9614399145
1788118182
162177163181
99230102232
639866100
1157411777
163207165210
115225118227
184109186111
1055410955
110204113206
95181100182
4521547218
995710159
1965919961
1288513087
110242113243
60516353
66637064
3215135153
1015110354
85368838
6310865110
140136145137
2113324135
4614849149
5011453116
1142511627
7119173194
112244114246
1025510457
6613569137
94509652
178106180109
51925395
116144118147
155130158132
1649316696
180148183150
126226129228
190132191135
150162153164
12561558
1342913731
1885019052
136198140199
7914982151
16711973
12021224
123219125221
93879688
149102151105
122117124120
68337134
1289013093
1339013592
101910410
89949296
1510418106
1010811113
179242183243
1575415957
52765578
190175192177
4810950111
145234146239
134200136202
146161149163
80868487
1927119772
154191156193
121170124172
1966219964
45814883
4022043222
983410037
1224217243
3521738219
157133159135
1158011685
16622063
6412367125
65476750
1015013152
184245186247
163140165142
6723170233
7124674248
45965097
3910441107
45274630
6717672177
1145511658
1421519216
4521049211
1915822160
1576815971
1932619529
1433014434
1635216853
1512815430
1717820179
6420266204
145128147130
148209151210
41676169
186131189133
112198115200
12051227
1506815270
178163182164
1895519158
7916584166
11401172
179211181214
7020572208
150230153232
125170129171
152125154127
1366413966
197180199182
1022810729
4515547158
58226124
1862818830
47494952
1074011141
4412448125
81528355
5310155103
1805418257
8514588147
2810531107
8117383176
17751806
94409941
31323533
88659167
118137121139
184182188183
8313986141
144221147223
108136109141
097299
1013510437
6410167103
27252927
190208192210
135167
1127411476
100213103214
5612858130
3218435186
180116182118
6918774188
122132124134
2014524146
6713870140
4912452125
17642066
5018553187
96849886
149141151143
1851318815
176157179159
1604716548
1613919141
5022551228
1631616519
2815131153
1757917781
163213164216
559858100
1793418236
8415287154
1619316396
1211412416
3314335145
150233153235
987610078
168114170116
8520887210
183112188113
120110123112
1355013753
3113534136
1036510667
1482215124
1318916191
1464615147
69127413
144149146151
1045810760
178219180222
7020975210
3915541157
1702717329
93719872
8423586238
122139123144
52125415
131158133161
90121
1217515176
167235172236
185146190147
108114110117
9217394175
8914392145
8512895128
42424543
1151311616
163122166124
72337336
8511252
175128182128
124183125187
159127160131
157156160158
1275613058
101234104236
118240121242
8817389177
175198
8411386115
170198172200
146119147122
1725317555
317519
153143156145
20122413
6216865170
1767317975
1443814739
7723780239
75607762
47465048
1053610837
899991101
1138811590
15591761
9921033
98193101195
171127174129
35713773
1097111174
10101312
4522647229
5916362164
109202112203
1417514378
121121123124
1554615947
5317955182
16271649
100105102107
114150116152
168163171164
128102130104
169151176151
9615098153
1713717340
7620778210
1831318418
1041110712
580611
141187143190
871976
1925519457
5615159153
1017810380
3620938212
2410827110
1774817853
140247142249
349837100
125144128146
165244167246
194189197191
1791812
1818718688
3221834220
1447514777
157204160206
104156107158
31563359
7716980171
128138130140
1445914761
18401863
43254429
1451914821
110194113196
121214126215
53205522
1846418667
68227024
1298113283
1154711750
5715460156
17299176100
53255627
65806882
12431445
155177160178
119196123197
4811951121
7421779218
6124764249
986810170
5124156242
121812410
121209123212
15699159100
3723641237
1093111232
139169142171
31966197
1545015951
8213287133
112101114104
4215344156
8314986151
108149110152
1582316324
121245124247
20562259
1016413166
1672217024
21272232
98139100142
4211245114
64106711
1634617446
54425547
84288829
127160130162
1816219167
1012510327
1653916840
13721413
4710349105
193208194211
1425914363
139238141240
1676517066
4510048102
158150161152
1331313615
1220014202
124124128125
1684917051
141164146165
84548657
176140177143
142146143150
53525853
183189186190
68857187
61129114
5610259104
72827485
258461
31936195
1021812221
141122143124
7319575198
158233161235
106129109131
2611829119
155133156138
1888319384
1213812440
1876318966
149192150197
5520062200
114135117137
5612158124
1177811882
38234026
62676569
2714130143
50595262
8418987191
1315113453
10741277
723745
4421947221
039540
4922352224
15521593
1912221124
9513997142
193115195117
1552715632
34543756
062563
1066910872
122216125218
8310586107
8823991241
9610497109
162220165221
135102139103
74337635
01144115
96289930
171160174162
106171109173
62389240
97233100235
7416376165
1424717249
142229145231
1126211464
7610479106
56365838
168122173123
110139113141
11084110
141179144180
1515818160
98117101119
5110953111
1619923199
1516317166
2822831230
210261
1109511596
1824721249
8212084123
61896391
1088111182
31743278
02373239
146230149232
6220163204
6618969191
6424469245
37574059
124121128122
92259726
1844818750
169134172136
1731717619
1858018881
17742076
188231195231
5418756190
100165102168
1759117892
4218445185
45314635
187239190241
183114188115
8417387175
125175126179
1472915031
1214512348
107132110134
192111194113
1477115073
7419177193
196126199128
40554556
1919319495
1318017181
890921
62258227
664966
162172165174
172175175177
2312426126
109118111121
5013451137
195171198173
1311916120
575616
2913933140
270302
38204022
6313966141
1541715619
55285631
192194197195
9841054
129242132243
9413095134
110177112180
1085711060
196230199232
25122813
160132164133
2310226104
142205144208
8013482136
4324148242
73517752
27842986
1756117862
1053310835
157136162137
157196159198
140200143201
163112165114
1754617847
131231133234
1338713689
49365138
1912319524
1412914233
2413027132
2710230104
1345413656
6720569208
4112343125
103144106146
152815510
137120140122
7116874170
1311613418
7920581208
1406714468
1742017622
188192190195
22025204
6318965191
101169104171
14371469
1635616657
9711199114
86127
6814171143
197226199228
128207132208
1126911472
132162135164
77267831
3618639188
3918241185
58896091
196240199242
11724174
1929619499
6412169122
183116188117
7911582117
71828186
181219185220
94739775
177149179152
28793181
172209176210
1751317715
3121033212
8810591107
137243142244
103209105211
2321325215
3719540197
22792580
2117123174
1922924230
130176132179
19842286
14899151101
3311331
88479148
25612863
136232137237
61418144
77588059
144103147104
115106120107
57176218
190919510
22102711
1015313155
9515597157
7212775129
8511088112
6418768188
1128011482
1211112413
10251095
104162106164
141212144214
8220685207
105165107167
5617059172
1681917021
23642865
2913734138
1711717220
1521718219
169206170209
3110135102
77177919
4212944131
9315195153
7011873120
117129121130
1124011542
67987299
16831705
9118794189
2214725149
176153177156
1522718229
149182152184
9018092182
116110119111
1743717739
1111414116
51728174
518569
1559415796
5376
1466814970
8117784179
6214665147
123201126203
62099211
141216143219
1711317415
4219445196
3610138104
1366013863
1619217196
98175100177
63956697
106136107141
161201164203
127175129177
1429414497
12301271
1248312685
1461514718
189127191129
142192145194
167170170171
161167163170
112121115123
149185152187
165214166218
109215111217
5120154203
3622039221
184196187198
14691770
4716250164
107200111201
101239104240
3112332127
172149176150
3516136164
1317513576
5914561147
142102143105
132180135182
27893091
1438614589
19801995
1445714758
8513687138
101120103123
35753680
147112149115
01452147
1529415496
14241925
57255927
3616539166
10621094
51156119
1208712290
5312455126
1255112656
129132132133
1253812840
103226106227
151195154196
168216171218
7714479146
160159161162
5214054142
43624664
1246112763
7522977231
11631195
5617959181
4523748239
8116283164
4820650208
5220455206
23563056
1617116473
119213126213
820510208
1120312208
817910181
1361713820
1481515017
112124115126
72907791
7517278174
84718872
101223104225
1513115432
124248128249
3014432146
137200139202
1115911461
40134315
813013131
3716340164
144215146218
15241565
160196170196
1179212094
194192197193
44894593
118192121194
160134164135
36333934
1395814160
3322236224
148217151219
1795018053
7724480246
1018812191
577879
88139015
1294713150
1447814780
52308232
1506515367
1222415225
48135115
5014353145
01663167
1156011762
26952898
7310475106
1441514518
823410237
135137138138
139138142139
108165110167
32346236
180192183193
3712538130
1681517018
9521296217
79258128
1382814031
141161144163
2818430187
26922994
4821950221
25383039
99184102186
4324345245
124129132129
8717192172
133126133134
17521774
180120182122
126165130166
31466148
132224134226
02402242
127239129241
62936794
812410126
144171147173
137218140220
1375514057
1415619157
08211
115141117143
129172132174
16811982
7022175222
42304433
2322625228
7610978111
184184189185
1654116942
117216120218
62228224
59346335
154227156229
20442246
167229169231
134913612
134149137150
2016224163
156199158202
160226163228
13461456
9261926
21362437
8721690218
38304132
53325633
4222345225
145179148181
49655267
84658767
35293731
195146198148
4217945181
183154191154
1026810570
133238135240
41297131
1454814653
98124100127
157188159191
10899111101
116196118198
1344313546
01182120
4020243203
106221109222
2012923131
6215065152
59976299
18441875
6311366115
9272027
1323915241
1417016172
4419149192
157171160173
1104311345
116188121189
152219161219
1012110224
02113213
174239177241
7819181193
1911119214
171221172225
3423536238
917311176
71219123
1844318646
3793911
7715882159
102135105137
116192117195
47594962
1366713969
1543715640
1248612788
1483615038
494509
43524654
01793181
95609762
710410106
2313926141
62057208
153182155185
166100169102
194138199139
74237725
1013810439
169156172158
4822649231
12411542
29303033
83198621
165222168223
43844885
2115324155
194224199225
6721970220
100156103157
5410556108
1469315094
122204124207
93649566
69157217
50165318
18101832
179142182144
121135124136
1132811629
111150113152
6123264234
44464649
57456047
140146141150
127163131164
101124103126
6720269204
175231176234
134129137131
3511538117
2516327166
1487814982
6018663187
1835518656
39611
7417777179
109811210
8317086172
1302813329
176212178214
39674169
2723930241
46224824
943310133
1069610998
127199130201
6923574236
103179105181
2123126232
3022532227
1466215063
186202189204
20232226
7822780230
184143186145
69897689
5913561138
7313075133
194196198197
6613369134
121157124159
1744417845
1224416245
181236184238
9020092202
3014734148
1251112616
71969198
1377013972
49235125
1203112532
79448147
60126314
1797818280
1156611768
922711230
7911184112
199821100
1468614790
198158199161
4511547117
2823431236
186124189126
98136101137
3917741179
69767278
8415588156
30853785
1822518527
34573659
1483315933
183207188208
8121084211
1193512237
19342037
1041510617
159119161121
7817580178
125180127182
7022372225
989310195
61436346
5775812
139100142101
637939
1959319895
133188135190
127202130204
719211193
195120198122
157174160176
114221118222
9215494156
191213193215
093296
5618259184
103188106190
59316233
186121189123
91739375
73797681
6819975199
137914011
51078109
1673216935
14371640
21612463
118169
157138160140
8014283144
131209133211
9512397126
170181171184
89289230
177116179119
1198412286
6810571107
7824780249
7310175103
111115114116
1771718019
3614937153
1706817270
180139183141
1689817199
512814
8219385195
178103181105
1288813289
2324324247
40524254
127188130190
67657067
90116101116
103177108178
8116784169
117169120171
1634316645
122137126138
1237112573
147213149216
98159102160
1636016662
1520017202
8713989142
172153175155
4118644188
31425145
1807218373
1219213195
108246111248
6815769161
25283029
133241136242
1654916751
46654867
1818020183
134165137167
134106136109
105235108236
63576758
151122153124
1719017491
97910010
178120179124
8624491245
2315026152
1246712769
35924093
1276413066
41484351
5423657238
8621490215
13501401
161116164118
90219323
171247174249
1511415317
5416257164
101215103217
1224912750
8512087122
43805080
3815341154
164126175126
4224645248
432446
632934
138166141168
7423776240
67957495
135203138205
138163140165
1459514797
116122118125
164226167228
157515810
158231163232
22972598
181158183160
158165163166
184201185204
3010832111
77788080
7521178213
48865088
142166145168
8411689117
75467847
77558057
9219094192
36943995
188242191244
5614959150
1417314674
113183116185
114132116134
1712117324
19471998
8812390125
1218514187
3920747207
8516486169
4616547170
169144170148
8411143
119145124146
1497415475
35403742
1862118824
146190149191
17811804
97120100122
72867588
111132113135
161138166139
1016713169
9519797200
118134120136
183199187200
2921831220
146192148195
1876718969
99190102192
5913962141
87399240
987310175
10361068
1244712848
9324195244
283306
154230157232
1874519047
172207177208
9314094143
128108130111
9521898220
168226173227
78748175
1898119482
1794018241
4111642119
2724231243
1421117212
3921442216
42864488
137209144209
185249196249
157214160215
5812563126
44364638
1238912790
3621438216
97146100148
107109109111
18971938
1926219563
82458547
14201442
44764777
127209130210
01253127
128913111
1421914422
17181749
167247170249
75687870
191120194122
6724270243
154108156111
10131216
9222195223
1737517479
1849518797
35223724
6410567107
167184169187
118160123161
5121853220
24892691
5614558148
192146194148
150203155204
3116433167
83488551
6118064182
18898191100
1183812040
1367313975
125102127104
7320576206
01643165
120176124177
9613099131
36444145
84948599
7416076162
71217622
5323054234
166219168221
7318578186
10631564
95179100180
142195144197
164184166187
175162177165
132183134185
1953719839
1895319354
32603960
3413937141
21355137
139141140145
6019263194
4014643148
3722440226
165241167243
9323296234
3020232205
107188110190
1715817460
61476449
190202193204
53655667
173191176193
181234184235
5514058142
309833100
51328134
176174179176
165211167213
4512147123
9624098243
14331464
6712871129
7912882129
239926101
88979198
1537015671
154159155162
2518127183
5516558166
3811141113
8115483157
77208022
164190165195
164224169225
10601111
92124
134104137105
02052207
7817980181
184158186161
2322225225
2122522228
3111234114
1234112643
124168129169
1038910493
29533254
1009610298
60256227
10681868
6118364185
1174112043
1714917351
01283129
158116160118
6010062103
1615319155
101172103175
164204167206
25302831
93309532
44134715
1915119452
1074210944
130238132241
180203
38523956
194202197203
1794618347
188227189230
1333513637
1697917181
129152132153
175217177219
13771428
1823820240
121198124200
157211160213
177226180227
36124712
58606162
2721530217
6812470127
92199720
178129182130
1045110852
148146149149
121107123109
41757177
146131147134
120248123249
118204121205
150113154114
191118196119
133120136122
5523360234
1542315626
1879019092
29433145
173237178238
1748217783
7322974232
184209187210
114180117182
125172128174
1172612028
77538054
106179109180
1112512129
9531056
74737774
1948419985
171165173168
66256927
116211118214
2823131233
183134188135
7023973241
111189114191
78109
9721499216
075377
183128185131
01845185
1718617388
196107199109
1621316515
104128105133
1394414146
148170151172
11826183
1363914040
1414816151
158179161180
182103184105
113176115179
178167181168
150221153223
3312636127
5823560238
4817253173
4314044143
124139127140
191239193241
1605416256
185236188237
147150150151
137210138213
118173119178
72607463
3718939192
1591616217
41204322
195210198211
892710027
1315713459
437459
1755917860
148168153169
354368
54945995
86448749
62206522
1516115463
1633617136
20182220
195153198155
135176137179
3921742219
93579559
3110335104
5116253165
986310065
99187102189
105186110187
147233149236
1809118592
4212044122
1216012363
46414844
71567359
98198101200
171101174103
6422165224
1017714178
1723417536
1797718777
110136113138
1546515667
90319134
68487150
617918
8598811
4114942152
7311678117
5023553237
107225110226
1937619677
12474249
1541315616
1364413847
3322535228
71277429
13481551
162243164246
1468314885
1582016022
111225114226
1023010531
131198133201
96244101245
92459447
135243136246
1662616928
