1729
112119115121
73497551
143201146203
101153105154
124244127246
1911819419
163266
1516717169
1557615877
163160168161
44684671
4618049182
196112199114
6215165153
4421947221
5375
79638165
11341436
174203177205
40915091
1747517678
83428644
120223123225
7712980130
1645316755
2120324205
93199521
5315355156
4513948140
3919940203
89609163
32143416
1083811041
95469847
8815789160
190146191151
3022332226
41917192
7317375175
25262828
188102191104
11361159
31383440
289492
32417242
12201521
106199109201
98211101213
01788178
137164139167
64116912
930943
164234167236
5421756219
5813861140
183160186162
12221523
121179124181
182240184242
4722349226
97119914
1099411196
5423456237
150132153134
1785718059
69227224
5420661206
144247149248
132191135193
1516915371
2218624188
60516353
59896291
1563515937
723210234
3911942121
2317125174
9217096171
119233122235
5113253135
3922241225
1498315285
154175157176
7714179144
1898719388
105205108207
15699160100
1176012061
4021442217
102211104214
86879088
364666
8511190112
93979699
87968899
321343
923712239
1410017102
6618168184
2321026212
1456114863
9721599217
2319526196
45774879
29183918
57406042
199126199137
13501382
140169143171
178208181210
112216114219
166155168157
153199156201
7917481177
167247170249
02012204
1078810990
15281569
50965299
1464914951
8423587237
1921620221
141241142245
1471015011
1710720109
157133159135
43134814
142152145154
189126191129
194183196186
5420057201
31815184
3912540130
027230
1777517978
6213365135
87698972
8518687188
1251812819
6417166174
4315446156
132183
1713117433
178129181131
615916
131196134198
1067510778
119236121238
76637865
65196820
137113142114
27832986
950973
191178196179
192218194221
15621667
6222964232
179175181178
197179199182
4216144164
166183170184
155193158194
98224100227
179229184230
147201149204
107214110216
196102198105
6321565217
8924894249
8121684218
992210224
8014282144
2310326105
5615459156
8217784179
7620678209
97959997
5616959171
175206180207
5224054243
19001932
5222755229
1441514816
183163186165
7121014
188191191193
83108414
49785181
147183149185
1006410366
63446745
124166127168
8216084163
177235180237
3019733199
136138138141
1653317034
74337636
59666766
193201195203
124215125220
51938195
1932119523
1916319465
1013610438
249926102
694716
187189190190
35334034
4812851130
32273528
80168219
7521378214
1262612828
192123195125
150121152124
31353437
4913853139
86458848
66136816
146187149189
119198121200
11781381
5018253183
135160137163
197183199186
9314596147
133154138155
182124185126
5420756210
1807918381
7513678138
6721970220
53665568
122212125214
106118109120
02402243
167208170209
103137105139
31783480
1093411335
168817011
6623569237
38683971
103170106172
4414946152
403426
5020653208
10141046
1316016162
1699817399
177154180156
1331913621
1606117161
1807118373
1289312997
150115153116
2316826170
82968697
120162125163
167185170187
1855018851
175194176197
176134177139
109226110230
168205171207
36263828
3713140132
127226131227
162206163209
3622640227
6724270244
154132156135
68646969
720010201
530832
7914582147
3817041172
3323234235
1409814499
7116273164
1315514158
3721042211
180189183191
4419046192
1613316435
12581560
1815718458
1714917352
118213120216
1127811580
189218191221
127215132216
96859888
6615769159
79911
195150197152
160232163234
5511558117
1404414247
48315133
1422217224
148214151216
1219217193
6614368146
32206222
7322476226
50925593
460762
121208123211
43154617
6021762219
52785579
19061938
95489849
1019110393
51845585
387428
59616263
1313013432
2011123113
2216627167
2617928182
3422936231
7910181103
1210515106
164243167245
1322613727
3817339178
92249525
1024110543
4211544118
99242101244
5212753131
024326
3416837170
190919311
8819991200
1069410897
50665268
107188109190
167150172151
915411156
1461915120
9112799127
1011115112
6319366195
160162163164
160112163114
6523268234
1915919461
1255312755
81399142
178104181105
8113184132
112243114246
8911893119
724747
7020773209
1963319935
152160155161
123132125134
117122120124
8510087102
6010162103
78538056
2914132143
2810330106
159178161181
36433945
128175131177
1431914522
1142911731
4218444186
24952996
102165104168
10301053
1955719859
184216
178146180149
54465648
30953396
1618316485
1005210354
7014773148
169197172198
21746175
8122483227
5615159153
146161148164
86508853
824012241
183134184139
9721899221
140216142219
1055510758
166114171115
5017452177
15431565
135218138220
136210138213
978210084
15751598
82928495
128172131174
1983619941
1665617157
61126314
40554356
143714510
1312722127
169234172236
6014263144
163229165231
522824
52395541
61477152
1903219433
3719039192
1807718378
1821120213
154125156127
54565957
5612066120
1583016132
139138141140
3618638189
1706717369
195127198129
141194144196
15051519
86268829
187149189152
6514867150
2112124123
1534915651
7813180133
79448246
3610239104
126124127127
24902792
1417214374
63466548
1302813329
197231199234
1234912750
100215101219
2812633127
173154176156
21262428
150169152172
11751377
1001410316
3411436116
8219184194
1473515036
4015043151
195148199149
17721794
111195113198
169123172125
8713398133
169237172239
1218013183
164111168112
7318376184
1129811599
80318233
1168712088
1927319774
717411175
1137211575
164123167125
183120184123
62816583
126241129243
1811218414
6110764109
195164198166
171173176174
162197163200
1956319865
1103011233
169155172156
8220584208
28903192
81218323
136227137230
1816521167
5914561147
4010643108
1302413325
315517
143118148119
176191179193
6913474135
1569615998
2022922231
7116773170
113142115145
162210165211
9281429
5016955170
651853
109167111169
191187193190
185183186186
41257127
61078109
3118734189
5720860209
189222194223
1679117093
103102107103
1025510457
124135126137
137110140112
1944719749
2422626229
4016742169
5619159192
046348
7617078173
4510848110
8019983201
1662316925
184178187180
1406714369
174245175249
150155157155
039341
183212184215
155170158172
962510126
84668768
67617063
153173158174
138234142235
2518328185
1768117983
152177157178
1017012173
1523618238
93119613
119131122133
69937097
1038510488
02305231
13771428
181160182165
153117154120
1464714948
8312686128
1143211734
2815530157
134185137187
110161113162
17982299
2423728238
160241162244
166240169242
20362338
982710030
129152130155
1188412086
8513688138
2216025162
130180135181
43734675
6011065111
168137170139
4813150134
8823890240
693896
630662
176229178232
4678
154210156213
1209112293
110209113211
1955119853
2721430215
722210224
162140165142
6716270163
2110823110
1747217674
140135143137
1204312345
1067010971
9610197106
2815231153
182209184211
84518554
97165100167
1793818240
191173194175
5413457136
154152156154
7212774130
18872189
132170134172
105134108135
2721032211
2124224244
120160123161
1034810650
1446015560
3013434135
1956019862
41217123
113240116242
1516615368
16361938
145175147178
136150139152
60216522
5121653218
1312816129
133223137224
31553357
8524288244
2114523148
5912561128
9216896169
116142117145
1421314514
118195121197
194209196211
156136159138
40874290
17231764
5719359195
6824571246
2918432185
2411027112
1199412196
3224535247
18531885
83458548
150175153176
7116576166
5622859230
124224126226
9515997162
115245117248
35803881
4320146203
4113043132
195226198228
162128163133
7416777169
1345813661
90209223
149227152229
10299105101
1323917240
8712890130
25182820
1112316124
16397164100
187173190175
2719629198
9522998231
1211912420
107170109172
1329013592
34533755
108191111193
1182912032
656859
7815981161
8810291104
29103311
140149143150
2524227244
9318596187
137169139172
1064210845
104186106188
23652667
190222
125199128201
1784518147
1256612671
118247125247
191207193209
1383214035
50695371
9511253
113172116174
4976100
7911081113
172175174178
154205157206
193111195113
70867288
19441976
983510038
197156199159
6812572126
45804882
133131137132
196248199249
47585159
123205125207
1243712739
14541756
94919693
1446614768
2613728139
53115513
9623998242
01913192
27653066
44234924
20182221
185120188121
77447847
192230195232
1513515338
174158177160
3221235214
174198177200
5123153234
4424445247
157232159235
4920152203
124202126204
2216324165
126188128191
65856788
106143108146
190180192183
162217165219
81818582
57256226
173185175188
3017234173
147171149174
1222013223
1369013991
1839518598
1946619867
192216195217
40444247
1424014542
22932694
1609516297
175238177241
178239181241
186237187240
89559158
1683017032
5510956113
138229140231
1511015611
719873101
174122177124
7651266
1316113363
52315533
18311845
150204157204
69757177
32436244
147137149140
144132147134
1624116543
171137173140
1838918691
149111153112
50555357
88679368
71597461
1041410617
4518347185
39314432
8912394124
105121106124
6914371145
344367
5413957141
1514415347
22232525
94369738
49115213
1677917081
6816670169
153239155242
97419943
9220795209
9417696178
1325513557
4220745209
75107812
6418567187
1617416476
46254927
1545415756
13641468
154130158131
3915542157
185155190156
3419136194
40134215
198201199205
1545215953
79428243
46414844
083188
193180196182
4017541180
1407514476
1327213375
65376641
1288013281
157243159246
3024033242
5019853200
77167919
1368313985
5821259215
189215191217
180192185193
3012032123
147149149152
128169131171
9110893111
7419479195
16041627
1486615069
49445345
137246139249
9301232
5922563226
9321297213
100248104249
114197116200
1968519987
9122294224
187140189142
1517215473
1441714818
6191120
47285030
6410467106
097399
42176219
120118125119
8924492245
150138151141
3322335226
1491415117
1112512129
113225114230
1579315995
3923344234
90319234
327529
141128145129
1518317185
1181611919
1463914842
1094311245
146128148130
01462149
83888591
51895491
3516036165
1859319094
172206174208
109243111245
133156135159
4719651197
68787080
1459815099
6286510
3321937220
8224483249
190194195195
7224675248
73237625
164220167222
1322814232
1568016181
77297931
3220941209
1697217373
11661198
1213014132
1612616428
69897490
112233114236
70647267
5723159234
148101150103
178106180109
124150127152
5211856119
103108105110
111105114107
62459246
8517485181
7722480225
1659417095
20632167
1699617497
161916312
122190125192
1054611646
186202189204
1421117213
174135175140
55355936
1456415065
40164218
1432314625
6017662179
54145716
7610878111
815111153
1382214124
157179158184
2412727129
6516767170
145190148192
1406114363
9941197
98159100161
121125123128
610624
536558
142213145215
81688370
46924993
1206812271
3523539236
8217484176
1867819179
54535954
819811199
1048910691
4220445206
35883791
192204195206
103104104107
1782518126
6613271133
103177104180
4620448207
14751777
1693717338
116911811
5018054181
6923279232
193139196141
1779318095
89509351
175175178177
31768177
7317674179
1851218814
35924093
12901322
3894011
191184193186
7120274204
150221153223
713611137
56375939
133120136122
2713229135
103195106197
17251757
1244712948
138117141119
176917911
425926
1906919371
3615538158
141230143233
107196110198
1866918971
134123137125
70557258
162157165159
133126136128
15711594
7110576106
156219159221
1323314238
1181312115
74137715
77487951
1833918840
185215188217
48475050
1719419197
48645365
1584416944
8820691208
138124141126
155222158224
1596416266
45504752
433446
119912111
167147169149
39284130
1811918421
26532855
670770
8020283204
181199184201
110124113126
24502553
120242125243
1974219944
6219664199
5423156233
104240108241
172201177202
159160162161
3611738120
4422646228
116188118190
5120953211
11641215
115131118132
370402
755778
1583916141
169141172143
1625616558
1453114833
01223124
2313526136
42604463
89289429
6615168154
1916619368
1711617517
1657116873
135164136168
122105126106
1925519458
79108212
4914052142
1406414465
15701872
24102811
8620988211
7414776150
97910210
166231169233
167145171146
185136186139
1756917871
6820579205
36623865
121423
140187145188
89449049
812310126
1969419995
88369039
179242181244
4517649177
9220295204
11999121101
174182176184
110159115160
1822218326
169175171177
02102212
4523956239
1156511867
143225151225
62279229
2917430179
142116145117
373396
99229102231
129139132140
52585659
1519015492
57736074
154196156198
7816681168
3020232205
160115163116
4612548127
28292934
3615039151
1564216143
1574715950
7524177244
1066210964
02455246
64506751
3719340195
1604716250
132104134106
164206167207
76207921
141130143133
193233196234
12321264
2811029114
153202158203
142158143163
8712590127
197115199118
1522215524
142140144142
41126114
1058410688
1369213994
3110140101
3713341134
187157190159
6019262194
148244151246
196201197204
8411788118
3518039181
8310484107
87328935
1078611087
163143165145
1504815251
1735717460
59496749
1303813340
8015583157
169111172113
1055210854
8519287195
150217153219
83308831
102118105120
4210944112
1356614366
2911731119
7711779120
169152172154
1405814360
1927619578
2617129172
122197124200
152162154165
9522497227
33463549
120170123172
100125102127
170189173191
115228118230
3314236143
1818020182
1218914191
196161199163
141120146121
109217111219
637939
9551257
3312335125
615647
112152115154
9714898153
99232103233
1724117542
1492115123
1691217413
1012810430
6418867189
102205104208
83328535
106232108234
120230123232
1520517207
11231223
6015462157
3611038113
105177108178
48865088
135175138176
313614
7620279204
166163169165
3517137173
196130198133
152179155181
98194102195
87859086
159168162170
4523047233
137135139137
75697771
181155184157
8314685148
191158193160
187181189183
124169127171
157146160147
27213023
61736574
168116170118
6818770189
1338313585
02474248
1948619591
1810020102
183196186198
160210161214
6918170184
111179114181
6713668141
9213795139
112148114151
1862618928
142165145167
1366313965
81518353
8513988141
1266213063
1519715598
117241125241
110171112174
1812718329
140181
60436245
148104150106
1009410197
83408741
16331656
119108121111
8999410
166225168227
151185154186
1408614388
9718799190
99204101207
712910130
192145194148
1915119452
1749818298
176119179120
19031935
21722277
1582416027
031135
182166184169
92123
1363913941
4319746198
1313313435
1145811661
6512367126
8011683118
7718481185
126163131164
107186111187
1215912460
1861818723
8023987239
109133111135
1642916731
7522080221
175218178220
160152162154
59686170
78948196
1820621207
1756617768
41424543
9410796110
1494015242
172230175232
105113107116
1666816970
77348235
55435745
1375813961
19812184
1518615389
1824022241
116177127177
1819218494
130141133142
39664467
1214114144
119102121105
109240112242
4517850179
1842618529
13511653
9511598117
172144175146
1919021192
153243156245
25973098
193114195116
1076711069
3311935122
5422058221
809882100
187168189170
44104811
1199712498
28393042
77388039
92589759
135104138106
124237126239
140147144148
1026210563
162175164178
121150123152
97137100139
1534015543
1902819329
8422887230
1939619499
3513537137
118420
8810590107
195171197174
84778680
198206199211
1962119923
39574160
4212745129
1811518417
8816889173
24342637
179172182174
63546655
86578859
196216199218
3612138124
170219173221
132164134167
1053810740
107110110112
666679
2719431195
50765577
1221312515
6315865161
1363613938
68496952
2323025232
8614788149
186127188130
1515718159
1371913921
152150155151
178166181167
12611463
99140102142
181147183150
11421443
110199112201
132182133187
2812831130
154121158122
8912091122
101239103241
997910281
92649466
101145103147
1495415256
1122011721
128185131187
7416177163
48835085
139191141193
1721618221
8112984130
5011553117
31293431
41586160
1148111782
2921932220
1116714169
7124374244
5317658177
1732617727
21612462
1995519966
154167157169
192126194129
112137113141
294335
4010444105
8918290185
1112211523
2211424117
173234182234
158165160167
111102114104
5419757199
7022872230
84228923
152246156247
189120191123
1521615419
1657717078
2913631139
11911222
6311566117
165116167119
1513218134
130143131147
1353013831
115233118234
145147149148
449947101
52205423
45344836
143198146200
967410075
39374239
3623738239
994910250
14241527
9423298233
153147155149
1029610498
154128157129
6217063175
1863218934
5622258225
1887619177
4415847160
143100150100
9524697249
169102172104
97185100186
133210135213
23692671
1046510668
5410656108
4122643228
142189144192
149158151160
7111674118
127156130158
13661456
1247812780
114210117212
160136161141
1032110524
111122116123
3621439215
41124812
1878319085
5110653109
915712158
1712819130
627829
1771218014
178158181159
1134411645
9414896150
186100187105
1455414856
126217128220
3919742198
2412427126
125178126183
107122109125
1382514127
348379
35354036
133240136241
166213171214
9323798238
6717168176
174108177110
124209127211
3714341144
2712029123
187218188223
110207113208
184187189188
60716372
171241174243
1910322104
31154118
66716874
147122149124
53825683
1337813680
182127185129
1412914431
1434314645
180194184195
3723142232
143205146207
29253226
1162611928
440472
769978101
566589
138222141224
75527754
15401562
956910070
3911041113
2218224184
41344436
3223633239
47744976
195220198222
129199132201
1878919290
188161191163
69377438
1115911361
181108182111
166716712
42284530
94719576
2414626148
143216146218
150182153184
128182131184
137179140181
5219556196
176187183187
4211346114
66216824
139209142211
80248326
16001623
80588359
107180110182
116231119232
8516388165
143242146244
15399155101
1014410446
158175161177
1895519158
41804481
50745375
92559457
15321735
162220163224
181202184204
1213513138
7021573217
5021953221
113131114134
231263
1546615867
3722840230
1893819439
127178129181
66756877
185241187244
1167611780
147107150109
02222224
1013510835
144136146139
1015810459
133199136201
6512168122
188107191108
1037510578
1664116943
136183146183
62846487
19571989
1316813371
02325233
2313925142
9411896121
2710130102
4315753157
129120132121
8823090233
1201612318
7511378115
3711439116
1743617738
1708417386
9016891171
198197199200
1723417635
7715579158
1848018782
6912971131
86898891
1911219414
3619738199
129188132190
1898019282
102148105150
156139159141
916412166
17621964
82648367
116178119180
99178102179
1264112943
7923887238
73557557
38873991
1653816740
7214375145
1387014073
45614764
44894990
21292232
167172170174
97145100147
160246163248
100155103157
126206128208
112188115189
1208012381
104143105147
7423776240
105219107221
59646265
6321166212
6513666141
5413056133
163185166186
196223199225
5310458105
2417528176
57176118
163126166127
1194912250
105202108204
1304713348
639864103
6914071142
177221180223
1074911051
67917292
4419446196
116129121130
133177138178
1795618856
111175114177
1468915090
156217161218
178114180117
1691817220
177227181228
73867588
63626663
191130194132
61926395
1110113104
130243133245
167100168105
60466248
13971699
136156137159
8115284154
170215173217
194212199213
172126175127
1401914221
8916291165
149241152243
106160109162
785808
120164125165
158155161157
1967719979
123234126236
1448014782
1132411527
165175168177
8423187233
150142154143
1155511857
5317456175
115237118239
1276913071
96719973
37974099
7517880179
3117836179
177184180185
6124765248
1246112564
71827583
144159145164
1368613988
145237148238
60546256
723012231
5813561137
31465149
5222255224
3011032112
171917411
1519818200
293594
178122182123
101201104203
9741006
164223169224
150189159189
482533
1365313955
4521447217
185132187135
118248123249
95569857
121215123217
4214244144
135206136209
12401281
170147173149
9521596220
138161141163
116116119118
02133215
118183121185
