1691
1468414887
2311325115
1408514586
10761976
22972698
110173112175
1973519938
148184150186
187155189157
1234212644
112120116121
7214076141
1133211535
120156124157
1427214474
378680
80418343
127185129188
1942819929
150194152196
25872889
132182133186
24292830
5313355135
195198198200
5319255194
8301132
199821100
61546259
113141116143
132142134144
114911711
6023763239
98196103197
17771809
69787280
5211255113
3519138192
158180163181
8217784179
7519980200
146135154135
65766878
9219594198
822111223
173101175103
114247117249
1694617149
129158131161
9421699217
3010932112
4322646228
32198220
6314067141
169225174226
778981
8621489216
103190104195
166107168110
8817990182
1204212245
8519990200
6110664108
17099172101
148127151129
9581161
10941297
8313386134
8331135
1202812529
1621316913
6516068162
143202147203
1711017411
98248103249
1878419086
1488015182
479749100
3820241204
41997201
6921372214
139220141223
109118114119
79458147
1889119093
8422187222
30443744
28473149
35343736
168243171245
135162138164
144241147243
7813887138
22025204
1421914422
2221325215
49275428
76147915
123215126217
1084811050
514716
2417329174
8423886240
181232184234
1542715630
105233106237
80178219
45254827
1749417697
12099122101
49245126
62156417
1475114854
167122170124
6216264165
20262228
173157178158
18601892
96959898
113185115188
1897119671
192191194194
19342136
1049110793
46585159
54605762
1876518869
33933695
97171102172
9720399206
1408714588
178133183134
44954698
189195191198
4915752159
104180107182
8021282215
1953319638
151197154199
48395141
549756100
65836785
6813869141
192120194123
6715769159
145104147106
149152150155
3714339146
1843718639
1611117116
145245148247
116129119131
118199121201
67477049
180171182173
188103192104
198141199145
12701302
10821114
147150150151
1022813230
1755417856
145184147186
1124511447
4916253163
01765177
153210154213
122230124232
103204106206
125158128159
81948396
99239102241
104223107225
20752377
3316435167
172242175244
7321975222
105192108194
158177161179
41256127
710410106
1758417786
162127163130
1092111124
189182192184
1464614848
968710088
168183169187
1109411396
455657
4419147192
117212119214
1268012981
182192187193
187114190116
38524154
10851136
115196118198
79898291
156161158163
4414946152
184161187163
4214043144
1313913640
63886689
31004105
2715631157
138129141130
176176179178
27372939
198180199185
110161113162
2122123223
1956319865
1224315244
183188184191
4619847201
154113156116
2413427136
1816318366
1578016081
166143168146
165102168104
1602116224
3021433216
1863018833
169208172209
109199112201
108182112183
1025110752
47115013
9516198163
190148194149
11261428
3923341235
196102199104
181135184137
8317485176
94799584
5321756219
6416666168
192204194207
1446914671
136103138106
104177107179
110244118244
123200126202
15351567
6720170203
161157164159
2512529126
61329134
1048310685
175223178225
6113564137
8314987150
117172120173
3324738248
16699169101
49295231
2916732169
121158124160
1368613988
9013393135
4722352224
02302233
18802083
118191121193
1812418426
37384139
5317355176
1295913161
166172169174
1392614228
1914921151
11111314
146236149238
19712272
9619199192
1927719479
133211138212
83888889
104127111127
1376914070
1032210525
60466249
106226109228
16941717
120169123171
8524189242
18951927
6723969242
1723617538
162135164137
324527
20842386
130122133124
1715521156
6920971211
02192222
196146199148
1174811951
5423456237
2814532146
15399155101
119217122218
1813220135
130204132206
1319213395
112189115190
1969419995
1956119962
1178411987
144227145231
116207121208
1013810440
184146186148
174145177147
19361967
6418366185
13151366
3917442176
66626865
523310234
61409142
88309132
14601501
1904819250
1918619388
2414327145
6918574186
14121444
1925219554
1893219234
161237164239
1219115193
629863103
176139183139
43284531
4919352195
1226712469
7821680219
103228105230
2123124233
178184181185
2456
2913232134
5112853130
2121228212
881110
41849185
1404214245
6620669207
154177155180
3623941240
1043410736
1208812390
4111943121
1501315514
161107163109
9523598237
2323825241
172195
26222825
7871288
3511937121
153207156209
131198133200
52467249
2818730189
116237118239
128119129122
5113655137
19641995
33193620
1561416115
66256927
1429414596
116102119104
7519678198
6723270233
56335935
6618668189
8210691106
107206108211
6517367175
67557057
184114186116
32244227
158149161151
1204812350
198209199214
157172160174
142213145215
117158120159
1005010155
36643966
3964010
8131015
237538
1904119343
1391914122
83628664
4112243124
9413897140
2519629197
1145311655
1679717298
4324145243
1329613797
4110644108
173212175214
123136127137
3610239104
198156199161
8322986231
4022043222
119247122249
137217139219
96339935
1249312696
193106196108
9310397104
3323835240
124194127196
602653
156193159195
145109146113
130121141121
1747317577
105238108240
129215131217
109209112211
1512515328
120123129123
5020052202
63466648
181223184224
72123
108130110132
9519998201
1133612136
1926819470
164247167249
5710360105
1796718269
163193164198
1781118113
1624616548
1311015112
195238198240
3519537197
43764479
4721449216
724747
86488950
1501015212
683985
3911642118
1904419445
13152115
174109177111
1633016631
107229110231
3211537116
537569
1415814460
120194123196
178142181143
135189138191
76167918
5314655149
1536815670
9215895160
2819029194
139113142115
1616019162
1695617159
8114982154
67147215
18098181102
1864318945
163240165242
140168142171
2414026142
1923422235
3421436217
116187118190
1131711520
1420016202
5617558177
12401262
3215235154
1319516197
62436445
1081310918
118123119128
137182139185
179202182204
17422043
31974297
164219166221
169140171143
1003310335
012115
107186112187
42534754
8523286236
9123896239
18001823
106159109161
176207178210
111241114242
104212107214
1023515236
1912219225
1155612057
154149157151
115150118151
1515516159
1732117822
134154136157
192146195147
192162195164
111138114140
1585816060
8914392144
53135615
193117196119
016218
116160120161
1705317255
124242127243
65106614
136118139120
32217222
143205145208
131111132114
1175211955
99132102134
76427944
1737017771
178123181124
40654367
8122683228
112236114238
127151129154
1476815070
5110754109
7613478136
171112173115
1913519437
128101130104
30373338
103133106135
151130153132
6496
52575559
3921742219
195141197144
75258026
82578957
7523778239
33123416
1293413235
4420746209
115135118137
1294513247
1157611779
29793181
21812383
100105104106
179119180122
4314748148
45644965
132222135224
6710172102
3418938190
3615037154
6315866159
5618961190
11698119100
190117192119
139191141194
145193148194
21464149
81848884
162123166124
137138141139
124112125115
6721969221
1795118153
154173156176
988210084
131191134192
1342313725
192238192245
128241131243
40114313
1322613528
7016772170
189189192190
15698157101
804836
195113198114
40144216
11411542
757779
153246155249
1515815460
1784618048
1322913432
6621570216
13931596
144176147178
6321665218
8117282176
1708117383
41226124
4016541169
12581560
191177194179
620610207
31753477
188151191153
6417168172
8917490178
96929994
188166191168
5213855140
1861418816
155190158192
3520437206
1821618518
3721339216
8119383196
69927294
6312467125
8713389136
1358913891
1317515177
107184112185
196221199223
1717217872
6013862140
622924
60396540
184217187219
68907291
1813218434
2214625148
127212128217
7024875249
117235122236
68167117
84928794
1413114532
1325013551
6819971200
38814183
151122154124
9210595106
982110023
124148126151
151163155164
123218126220
6218865189
109101112103
1186012063
0982100
5316455166
41565160
129201132203
5412856130
73777679
1355813760
76597762
111178115179
153143155145
8012183123
9524098242
36233825
1494115242
4618249184
122191125193
7122773229
8121783220
122129127130
7741175
3022932232
1629616598
1008910391
1105311355
1619116295
1834118543
162111165113
3817242173
1019410695
161214164215
169166172168
156139159141
196170197173
1364413946
1527415477
51915891
3014133143
194157197159
4779
4813450137
9614398146
104244106246
90259327
85788880
1987119976
8511690117
7013372135
36683970
22075209
183157186159
7011673118
02392241
1156011763
710712108
8110086101
107244109246
1538615688
1828618489
121184122187
060362
16399165101
9116793170
107109110110
21792680
110212111216
1956619868
110159115160
1771718019
4413647138
977510077
114193117195
86358936
1862018823
7913481137
1446514668
60101
7320675208
24762778
6524166245
1433914443
1246212863
144146147148
181104183106
2712732128
1667616978
180228181231
173190176192
54465748
1334313546
97219100221
87258927
1874818950
4917860178
1272713128
125221126225
1672117222
1463115132
1572115923
1706817270
169108177108
6323166232
4219945201
72727573
721753
26732975
1282913130
2214924151
105165110166
183209186210
1210015102
157146159148
184131187132
6812372124
46375138
3213733140
3813441136
1331814418
1683417136
86668869
67426846
5220354205
2012324124
127183131184
157213160214
1974919952
2418126183
52225425
3118733189
4110044102
39224224
134199136202
5515356157
25312634
4917452175
135203137205
100244102246
1497115273
185176196176
98119101121
3923042232
95609763
195248199249
991310314
1803818240
1379213995
712910131
64666967
7021972222
161165164167
118181121183
8722789230
132125137126
083285
1763618037
70247326
9511597118
1387214173
3221834221
190208193210
01032106
116221120222
143167148168
178166181168
162177165179
1119919199
1624418246
5119652199
1174211944
6121762220
1023010432
75197624
43184520
42454350
41357137
191222195223
5510456109
190162191165
184179187181
160220163221
1506515367
77197824
154131159132
1619118194
197118199120
119178121180
2120923211
65606861
1616316464
10301062
169178172179
36553857
259929100
5524658247
144240155240
86818883
160240162243
14941525
4411947121
5723259235
158164160167
846887
182220184222
2014323145
138195143196
3017032172
1742617728
2319327194
28763078
147162150163
52815484
8416187163
140240143242
125119127122
127198130200
1223115233
78578159
192173194175
1531115712
8120484206
95222100223
02355236
7916382165
8820890211
7531055
199919920
12341536
82298431
123124128125
96729974
3010431108
6022863230
187148189150
1151412015
78648166
3913843139
143914512
93499651
100225103227
61116120
1331513617
49915096
8520590206
8912192123
6510567108
1562415925
8481150
14111614
150174153176
8815689160
23612563
131101134102
74397641
3610739109
107149110151
1456014862
489791
210242
76337836
84428744
179160182162
1593816240
7516278164
146116148119
160224162226
028330
1888219183
18171849
71327334
35753778
2210125103
183207188208
75457648
162143165144
1632316625
8617087173
3112034122
94439745
18192120
1298713289
2213423137
1621621217
175246178248
51425345
180210182212
191113194115
52118213
320351
1518317186
36263928
195224198226
98112101114
4317345176
5919362195
1556515867
4818851190
166238168240
9116393166
188228190231
90489251
197205199208
131149134151
1016310465
920933
176140177144
98147100149
2316526167
1795618457
1602916231
1702318123
129227132228
137131141132
9011395114
1895119154
110217113219
10171058
1520716212
4523848240
1746617867
2224224245
1087911180
7411577117
18292032
1409014293
32593760
187102195102
8116683168
186142189143
4021142214
1663916841
819910202
7211276113
144107147108
103209106211
130913410
110188111191
106122107126
6022262224
160119161122
1289613197
39304132
120203122206
69887489
4911051112
193110196112
124133127135
65796880
1810823109
122240125241
6215065152
1425214454
1712820130
111169116170
27513053
194211197213
169238171240
126179129180
9320694210
119141122143
2115723159
9324596246
55395940
26602863
180150183152
80698271
157168160170
179129184130
27402942
7220974211
1919419397
166226168228
315420
3822741229
3316834173
15741589
5613559137
1858118783
5619458196
7815981161
154117156120
193133196135
1523115632
1632816829
1296313165
183197188198
23582560
121223124225
1362613829
110245112248
1710520107
129218132220
8310785110
7317575178
186488
169102172104
8520787210
172201177202
4817252173
177190178194
97168102169
7218174184
63206522
6519067192
181179183181
6822770229
159161162163
90599460
90739375
140181
195149197151
131103135104
138243143244
83908891
2916130164
71869188
119146121149
1965319955
188178190181
168176175176
1742417925
19101942
182228184231
1163712138
16661688
8314486146
11201152
17851816
1405514357
9423197233
149168154169
1810121103
174138183138
40684271
1527815481
1924624247
1896719170
2215525156
72167518
9520798209
146136153136
130152131155
1138611687
1651616817
143133146134
55265927
1787018271
182237186238
54435645
11541456
80528453
1626516468
8511152
41424344
1457214874
1121014212
3012433126
84588959
106106109108
1353013832
1248212587
45834885
16841986
174114176117
183199187200
110104113106
113182116184
135113136116
57746075
187158190160
76297832
106152110153
1423917240
1813518337
17398175100
1046610569
92689570
6311866120
1719619198
1154211647
21872489
11784180
721710218
4223345235
105219107222
132164
102187104189
8020183203
88139115
159128161130
79928393
164223167225
73447449
6322466225
171148174150
1671810
157136159138
4819750199
120132123134
3815649156
13671399
5118054182
117109118114
1824021242
4311748118
176163179165
1779517997
2815331154
5211854120
754786
131195134197
19331955
1822118523
1708817589
900914
132175133179
4412446126
63966797
57366038
147143149145
15251727
93659567
117162121163
7811481115
158126161127
82118413
43554458
134213136216
1011513116
1812718329
1083411235
1651816820
1920322204
9119994201
816711169
93969598
1105911759
816411166
1335513657
1467514878
170125172128
1312522125
1638716688
3611038112
4017743179
02484249
1152611927
6612171122
154229157231
184138189139
121150123152
4216245164
7020572208
135192136197
7023874239
8517887181
6724372244
8716790169
101228102231
999510099
85528854
821410216
168112170115
4712652127
161174164176
71228125
108116112117
21315133
6918771189
1196512466
185195188196
5317157172
49715174
6319368194
8015584156
4522048222
11751207
15501655
4512746130
3512238123
1308413286
104201107203
142192144194
41864488
52765577
02375238
1589416097
1788418185
105167110168
146158148160
193103195105
4717950181
7287410
179110182112
132158137159
7520976212
4115243155
1518716190
10001023
1268412788
53306130
1374014241
39894291
4122552225
55805783
84158717
4324446245
167231170232
693995
8222183225
1753117833
1069610998
44424744
5320157202
6711971120
146231149233
10911293
9021292215
09311
1722422225
75107812
4416745170
6521068211
2518527187
36733974
85298731
15281730
9122094222
153193155196
7724180243
6724572246
48535953
175148178150
164234167236
132187137188
187236189238
9420296205
50645167
1669016992
1452114822
111152113154
2019624197
157239159242
157175160176
114152117154
1324716248
7512486124
1264612848
99127101129
8118783189
31085111
1149211597
185187188188
850891
22192520
8924490247
1423717238
82248525
69747276
124912710
3615841159
2524528247
7518378184
1011112114
181188182191
159123161125
294326
5917561177
353654
7713979142
101221103224
1672316926
9111594117
12291431
21735175
7224075242
366568
1202512326
01513153
187118189121
7424477246
1256412668
1787718178
6919671198
39604163
186104187107
156177157181
18212222
50875289
146120151121
141104144106
99233102235
1457914782
3811940121
233284
162171165173
1644916652
6224665248
160147165148
146214153214
191107192112
3911043111
195245198247
1314416146
8524388244
179192181195
67377238
140714210
1024910550
151110153112
6714271143
69957496
9610699108
1497515178
4914449155
1235612658
1509015194
1127711479
1829818599
112125115127
169144172146
6917174172
113173115175
5714460146
172122177123
40984399
1498315285
154183156185
138125142126
5614766147
173173176175
49685170
111109113112
1953019732
22362439
174128176131
1793018331
138202139205
74347538
21387139
682697
42624464
1937419676
9361139
2610529107
577609
108138110140
1529715598
80398440
184149186152
91199321
58926393
2416126164
7820580208
90579558
168162170165
01451150
18232025
4720648209
1142411725
1818118482
171185173187
1622619228
79208122
9416896171
1418014481
115116116119
99212101215
172138173143
171118174120
78748077
1916119462
130173133174
191226194227
119108122110
108157111158
1168811990
1721120213
5722859231
4174310
3618540186
3024535246
9521298213
1371514017
1739217893
52195421
476977
21906191
1066610869
8610787110
1054111042
1809618397
1865519156
4615948162
8421786220
4110344105
144137147139
133217134221
188219191221
143179144182
82208323
111220115221
129221131224
3422239223
1207512377
48425045
107234111235
63866687
139104140109
1846418667
46284830
1132711430
7615679158
913512137
1823120233
86378840
121120124122
1712622127
104157107158
76927894
3322837229
2152
3617937182
4911351115
7013871141
1861718819
16341685
1454114843
1679417096
1161811821
68977199
166160167165
121116124118
189819210
4321048211
7219774200
179207182209
11661468
184104185107
8816190163
173159176161
7320376205
1427514577
176179180180
166118170119
185233188235
127220128225
83728873
58956296
8621289213
184117186119
124226128227
4721750219
075377
163160165163
6810571107
2113226133
115144118146
89819184
91229424
9519697198
12731475
66516854
183201184204
170105173107
114167119168
177127178132
7816680168
32823783
1965619958
45624863
147131150133
146227148229
167147170149
147164150166
2922031222
141151143154
21902691
965810159
1105811758
56165918
1054310745
93289829
187246190248
42394541
9312296123
145162146166
145173148175
912312125
1705017252
5614159143
113122116124
170129173131
9712998134
196127197130
142120145122
5018553187
1748117783
169217172218
154146156148
4616749168
155125157127
3911444115
154156159157
140204142207
164204166207
119241121244
150125154126
4924852249
129108131110
1499515198
197227199229
137167139170
5201021
123203126205
203225
47734876
3117933181
7313475136
1078110983
165210167212
530732
125152126157
1476314965
5617361174
2722328226
845925
194168199169
959998101
3411738118
3521838220
1827918780
1703017332
5016753168
1483915340
88459047
122163125165
18431875
1818221183
154108155112
24502652
1333513537
020511205
32793581
195193198195
7919890198
132118135120
42344536
154154159155
8899012
9311996121
141155143157
7911882120
1461314915
02421245
64926893
106195109197
155165157167
1038610588
1208412187
175197177200
6614468146
4914152143
111171114172
9020293204
104242107243
1047010871
8918692188
165166168168
153205156206
9011892120
149217152219
1275512859
1244912750
152170155172
8813791139
151237154239
562594
1755717858
166183167186
3317738178
6715370154
1576816169
98136100139
101136103139
1017612178
2811029113
1163911941
1231212515
32288229
1882619227
96159818
8311190111
55495851
1522015422
1122111423
100190102192
1624116543
103123105126
183110185113
3616037165
127147129150
2721831219
16001623
2518827190
79548256
1782618029
14791781
997810180
141164144166
1932519627
6318066182
156110159112
1451510
7421677218
992610129
761793
192237199237
60316234
1368313985
174104177106
1338413587
102236104238
177153178156
