1769
1328213485
63846487
4815149154
1254312845
5213154133
165129168131
66557056
155169157171
161244164246
2913831140
044247
1569415896
154156157158
156219159221
130108137108
137128140130
1161711919
7010572108
1092711032
1877119073
7717882179
125200127202
60226523
155174157176
42864588
1708817291
1154111843
11301162
45274729
100193103195
1689417097
106124109126
1726417466
1934919650
1114414146
52985799
170193171197
163187167188
175190178192
180189183191
8113882141
82688471
8016283163
7816179164
56565958
65126814
114154117156
130152131157
724610248
41114313
93699571
148119151121
6222466225
1454714849
4623050231
6621968222
01451150
1320416206
23582859
1735417655
193202196204
16121635
4717851179
34923993
1498415385
109139113140
620511206
1347813680
98138100141
4316545167
6110363106
1952919732
157129164129
30923394
92389540
8521690217
151184154185
166198
19161967
131144134146
998910390
22222524
50625265
1059210993
116131119133
2916832169
154190158191
129205131207
68266929
1176111865
166217169219
1103811340
4020043202
156209158211
122240125242
8724190242
4410046103
5814161143
175817710
177199182200
118122122123
25922894
78588160
16951997
6920571208
87509052
102245105246
125237128239
39414144
1791918220
1621216414
1419614498
1233912840
1587716178
87549155
68636968
988610188
136220138222
6618268184
20182320
2220125203
150225153226
4010043102
186117189119
192133194136
172159176160
137179145179
4921758217
2311226114
123243125246
1258613686
79428243
8418085185
135187136192
139219143220
8818290185
143141146143
7819281194
1722617428
139148141151
1643516737
150140155141
161228165229
3012433126
1533415437
193105195107
173184176186
109179112181
6810170104
68527154
4920153202
184203187205
1277112974
171187174189
1721620217
170167173168
5319056192
35513753
139182141185
123135124138
99226102228
112107117108
8823890240
149217154218
192819510
153229160229
20722374
88339234
115116117118
122106124109
1575716059
1462014822
1429414795
109194112195
1822420226
181229184230
156180159182
1639716699
150142153144
68457048
30603361
1095211155
82079210
189238192240
5423357235
1038510886
38114013
1111911421
38534155
1497215274
101122104124
119241121243
106114108117
1113011531
4917052172
1711417316
8219383198
1066610869
02403242
1078211482
961710317
189112193113
1431714718
75967898
1282113721
72917593
40594361
144204147206
1119511397
122115125117
191187193190
178201183202
197115199118
119172123173
4312446126
1205812260
82898590
3510537107
1659316796
5917862180
137175142176
482513
77407843
7122175222
7924082242
7720279204
1495215253
1023610737
178121181123
128195133196
01155116
1048810889
131190134192
13671389
136161140162
1884819249
1676116963
168220171221
1143311934
9020593207
2192411
1282813130
7113875139
153210155213
1622916432
103233106235
8714789149
16892389
178185183186
1910023101
6223465236
3024233244
8523388235
2313825140
6110763110
1520118203
1615216355
1313313435
9118794189
8831184
1417517177
63766578
175177180178
8611589117
2610629107
157215160216
1321915222
21362437
135223137226
157161160163
12999132101
107104110106
185160187163
1237212475
3323536237
1179411997
1839418497
9519998201
6917370176
5419957201
127161129164
54875988
121100122103
7331035
164205167207
55435944
7019174192
1535515657
52575559
7610379105
13611393
194194199195
14551487
1197612178
42019202
11001122
36733875
157243160245
4415747159
3924540249
1414914253
12204222
9891192
1873918941
6121064212
52336236
3713840139
71717672
1744417845
48915292
1127811481
1735917561
97236100237
108217110219
82278728
180179183181
7313376135
6513770138
6410866111
42324534
1646616570
106222109224
101109103111
1564615947
127158130160
15731875
923911242
12321534
557859
1813920142
1554015643
9513797140
128113129116
1695817260
1917019571
55145717
74387641
30243226
98119100122
137104139107
177116180118
197183199186
1447714582
1831618419
1511015511
1665016755
6723170233
5114054142
138123143124
146161148164
20122214
95789781
7618881189
145165148167
963110731
119153123154
2217727178
1113212232
153207155209
1904419445
1194112144
178246180249
41894491
144185145189
2124025241
144103146106
135245138247
182183185184
144147145150
113178115181
22602462
1331613618
71747575
5422357225
169233174234
1324216244
2818232183
9424497245
6911571117
450472
1267912784
176209181210
185120189121
1418714488
1061710721
1098811091
141205143208
1299113991
116165117168
6518568187
354386
7922980232
71567358
9112994131
1467514977
172221176222
5317056172
25102712
123211125214
168188170191
1313913341
141159143162
192102196103
111168112173
111128113131
123139126141
7813286132
105150107152
6410566107
31786180
170217172219
117129121130
5118053182
6919370196
140172142174
991310115
1003810339
15362037
152100156101
104220112220
150227152230
122128124130
232255
143108146110
108130110132
9410995114
98459949
1931619617
51255328
137180140181
132164
1915019253
1021310416
811212113
1211517116
125198130199
189125194126
1885419156
149242150247
141135143137
103104106106
987710179
133235135238
1789617999
8512687128
1132611529
109198114199
436458
3619641197
721310215
150161152164
1149312293
062363
1966919971
100198103200
1289213194
2013122133
6311466116
129102132104
129183132185
160156165157
106229110230
3517937182
2012222124
3616237166
4622749228
1955919861
14499145102
5416259163
1323417235
29353237
106227111228
185210188212
31853388
6711170112
117248120249
99210102212
164140165145
71889190
1512920130
1882619028
166225169227
474515
1026810570
94539754
7318275184
9715498157
085387
1758818089
86898793
4115143153
154230157232
11198113100
2811632117
1265912862
24302732
85518654
94879789
108182110184
127159
1908419386
10631365
180232183234
185126186129
153227156228
249926102
194196197198
1683417037
1114013143
73197621
161202163205
178211181213
4416247164
7922582226
4523848240
170126175127
9518797190
91279628
187165192166
3024532247
1256512867
30623264
125129127132
102217106218
109118111121
1288113182
5912161124
61896491
9201122
1034110543
5119654198
173227175230
105171110172
155109158111
16391941
1366014161
61228125
1402214126
8410986111
87708973
154177155180
193164196166
30403242
38964098
1210014102
58936394
144213146216
8510088101
188202191204
2613828140
1224113041
3915340156
6821472215
899991101
120198124199
1668816989
1738817492
548589
8011991119
9319196193
7221675218
13301353
1144411746
111246114248
1618819190
131220133222
185192188194
83948498
192191193196
31673270
198229199234
1205512456
1186812070
41436145
7519978201
124150128151
183243186245
82488749
1852818730
115175118177
3213833142
61316632
1854618749
1057910682
182118184121
38884091
8622989231
14691770
33363637
8419387195
0031
122183126184
7021975220
9019092193
109141114142
1457014773
2617429176
1004510247
96619963
2618528187
155144156147
1044910750
174179179180
1381814021
195108199109
184152186154
168102170104
142241145243
2522428226
116169120170
96246100247
188182193183
5521958221
88829184
7024772249
120148123150
02077207
8711089112
12861318
116178119180
8517788179
6720168205
120229123230
180220183222
1833218435
11899120102
171190174192
32456247
1693817240
184115189116
2217026171
7023973241
1482915131
146220149221
7915083151
1246312964
1215214155
116189120190
189139192140
6521267215
4514950150
3818841190
9621198214
183199187200
42426244
891923
7615579156
195134198136
121189123191
441742
5312455126
3121633218
27242926
87619063
585887
196168199169
156104158107
2518826192
9419697198
109116112117
8411043
195113199114
108208111210
152145154147
165110168112
117104122105
7011872121
177218180219
70497251
9622898231
133184136186
14898151100
1903219433
156815910
1237812580
19801993
1492215124
142145143150
1041710521
147213149216
113235114238
111132115133
1328913590
103240107241
5811162112
95739775
70637168
158175160177
85128814
9317394177
8917692177
148173150176
112205115207
156199160200
516539
144144147146
5822361225
9610497109
172204175206
1287913380
1089611098
137182138185
5420557206
41944496
6296412
299931102
379939101
1898119283
163122166124
4420246204
3422937231
171107174109
163100170100
192216195218
123207126209
2421427215
8214284145
2821630218
7324876249
8878911
32793580
1522517227
9512395131
1157511778
82818682
170207174208
5021553216
1335613857
8424585249
9614798149
1613316335
3483610
115146118148
162220167221
1936219564
189102191105
188195191197
4819750200
8517489175
16098162100
190121193123
1019913201
50195321
7721680218
414519
19099193101
65846786
41564458
718010181
964010141
582784
53635566
5311354118
141191144193
30443246
7114075141
024425
2910331105
74467648
1858018881
1523818240
1853318735
3019333194
153148156150
1014913151
1627316475
88789179
196153199155
191220194222
1075210856
103222105225
3810943110
100128102130
48805182
175161177163
193169195172
10541256
4916653167
161223163226
4512147123
1214812450
7619579197
068370
139221142223
7517077173
52325435
169175171177
4815750160
29223223
0217
54775778
14411463
158246160248
128214131216
53825684
7012973131
170212171215
12631294
5120854210
157124162125
157149160151
2811433115
1221014212
90599560
1846618669
1486915171
90449247
127139130141
72527455
1906319266
156217161218
185207188209
3414039141
148101151102
132154134156
8713295132
161167164169
170145174146
96929894
72647368
196105199107
175207180208
8315285155
100219103221
70267229
183109186111
6616168163
1081111014
1771717822
173240184240
1059610798
33563558
98104100107
1526915770
33423545
1377813980
79738274
1112311425
7924683247
64266728
1799018292
191207193209
8523687238
14801502
1658617087
41694371
195219197222
3111834120
188174190177
93229524
108149110152
119138122139
6713069133
8118183184
190146195147
187150189152
50455248
6017565176
21902591
443465
73228422
1903919143
1109211394
1666716870
1737517479
21905192
1602716428
68607162
161209163212
115208118210
170225173226
99147101150
1757717879
1587916081
525827
60866288
824856
8819691198
181112184114
190230193231
190142192145
028330
10281079
5416456166
153234156236
18261906
5224755249
147103149106
98196103197
6621669218
106173109175
60806183
2718134181
1895819459
5823361235
8419987201
15797159100
9210595107
1683117132
197162199165
8421289213
1414614348
194179196182
1921021213
58756077
120144121147
88879089
3619839200
114151118152
130208132210
124225129226
98810110
97959997
21672469
1103311335
65376839
1955719958
6319265195
1797618278
4419147192
7621979221
120217123219
155184156187
15211626
38194021
132223134226
114139117140
1741517618
4220745209
13531556
2117223174
58176218
128119130121
100201103203
124219127220
1191312314
170243173245
2622728229
124171126173
16641966
172247174249
148145151147
495797
63416544
59196121
913512137
1378614088
30793182
191213193215
32235225
17431757
1358113883
4113843141
129233131235
109113111115
5611958121
583606
9099114
20952496
109242111244
636938
73347437
62119212
7411479115
94509652
3215134153
1901919320
105189108190
1718417287
90299232
141235144236
129236131238
44114613
101188104189
190226199226
6314166143
1792718229
1694317145
181248184249
1694917251
1621820219
157186158189
29553257
73767579
1715118156
149190151192
63296630
145176147178
123221125224
108911210
4114246143
108202109207
1455014653
178144181145
67727073
1692217124
34873789
1663816841
6321665218
3417437176
2018924190
90122
7416077161
2022122223
158164160167
60566358
1920121203
165215169216
80548157
12151247
1135911661
50765378
102145104148
131199133202
1316313465
90579558
133239136241
02023203
8020281206
1974119943
36583959
1942219923
72597461
171229172232
81878488
1876418967
3520236207
137143142144
41496152
5310955112
6314865150
28833086
2610829109
6522668228
33623564
18501901
1499115193
105119108121
15551587
162104163108
1223914241
1084710951
86438945
80178318
30383339
21295131
101190104192
150114153116
5018751190
715211153
99229102230
4922352225
4623251233
181192184194
2011422117
9591261
1524516248
2823931241
6710569108
6617468176
076179
1817420177
1104611348
1059410995
4211444117
7321376215
78798181
499851101
28713272
35944095
1081911021
16511854
862884
11251427
7413077132
106133110134
1974719950
8813693137
1253312636
8420487205
6319067191
13341404
111200114202
1231112712
5710360104
3015131155
83728475
163146165149
179164181167
161117164119
5511356118
137240140242
100207103209
31953497
1355313855
83398641
1506215364
6714372144
4811050113
1482515126
7716781168
4124243245
6313066131
302325
1056310765
6713970141
14141716
71319133
4124642249
126166129168
59846285
2824229247
9121693219
1538915492
818511187
178111180114
13398136100
133210136212
60956297
4614448147
161120166121
111217113219
92799482
1756817770
182144185146
11931495
79910101
1241312615
1719317594
176142181143
50745375
1019710498
173181176182
143127146129
020223
1123114233
16321835
9216194163
9119992203
144135146138
1510416108
1037610578
36794180
8418687187
6317165174
5624657249
611411115
24702772
195129197132
131217134219
1921119712
7912880131
190118193120
149117152118
3013033132
17181749
159126161128
8121683218
45224724
1255512758
2417228173
719710198
130244134245
142116143121
3022833230
1175212053
2214125143
187237188241
1529815699
6922772229
3817843179
103226105229
82548359
194185196188
103112108113
118156121157
1719619198
840881
82918593
7312481124
9711272
3412436127
6317766179
1106211364
67307032
1677217472
128913310
171140174142
4517448176
01802182
2413627137
101247104249
125145128146
1265012952
01433144
129239132241
16601711
1013210235
1826318465
1013217132
6712469127
42414444
182164186165
976410066
5711362114
1436814769
1923919939
6515268154
2922332225
8819990202
6023763239
320351
1179812598
8816889171
150106152109
2013623137
198126199131
1156611967
180129183131
1720918213
24432744
8111182114
176175181176
26392941
2210325105
185112188114
48225124
174138181138
85858788
146179148182
103135112135
01778177
9621799219
2917032172
115198116203
7722978232
154240156242
97191100192
4110644108
161174164176
197179199182
4722348226
3223935241
8021983220
4824553246
44634765
62816483
120131123133
116811712
9613299134
149199152201
53795681
7517477177
1716819170
138145141147
3813040133
101236102240
96239726
152181155183
1032210525
102158105160
181195186196
8941097
4419847200
1648116783
5824361245
3010632109
9620799209
182166184168
157233159236
2721932220
13031325
148112153113
1422214524
162126165128
3712339126
1881618920
166128175128
110203114204
4023045231
76847986
01281132
195150198152
117201120203
144202147203
993010830
106225110226
168185170187
84178719
120178122180
1684617148
97159101160
1628816589
1231912820
3414236144
113168115171
12211424
185159192159
131187134189
113122115124
143224144227
134197139198
186214189216
1432914631
1305513257
9424297243
31215124
71957496
78258127
3220334205
1006110263
01561161
62686669
072275
1295913162
1422317224
50495351
24812782
6811869123
149180151183
1455914861
9118294183
145183148184
1217912282
1827318475
1362413926
719410195
47865088
374676
18521884
146233148235
2020423206
31753476
192173197174
118140122141
1868418986
177220179222
1734917650
1852318924
7616277166
151174154175
1096611168
6214565147
119224122226
5513359134
150219153221
194121199122
196237199239
7496
74677768
5021852220
22542556
75347637
126244129246
4511347115
7817581176
026427
9011692118
54195622
9016894169
113104116106
1110812111
1713619138
138224140227
5310055102
1496015461
58126113
6714275142
91509353
157240160242
8521089211
9420895212
630932
70857387
163213164218
19101942
2212827129
192223195225
19512452
182213185214
1805718259
99142104143
179172182174
31193321
1162611927
8912890131
158170161172
42244426
138215143216
1625616458
1082211025
616711168
173112175114
152119155121
9321395215
6324265244
6420565209
126221128224
16421674
183173185176
1045710858
1629116991
2922634227
1078011181
190179193181
163234166235
6013863140
2816133162
758799
6012962132
46194921
815411156
1513317135
151244156245
8422789228
6722472225
40924593
92129613
1585116054
3623239234
177187179189
7217574177
7323176233
1503615239
547848
3618937193
4115543157
161158163161
195148199149
42464548
1162811929
1327513577
14001431
166231170232
2813330135
141180145181
8421886220
1882918933
3720440206
92419543
112211115213
183155186157
193199196201
29653070
2513327135
186146189147
147140149143
1576615968
182158184161
3322336225
1224312446
183236186238
168142170144
1644316645
1896019461
71827484
187245190247
189167192169
1711017411
3310837109
188161193162
9851188
01721176
27273029
7287410
7316776169
91879389
1334413447
41267128
5711558118
33463648
2219624199
126210129212
189223191225
47724975
47955097
138132143133
31273528
60436245
165152168154
3714238146
18251915
1788218085
1696717468
169152170155
9219493198
172110177111
168238170240
1435414655
7619080191
69147315
131140133142
82648765
179223183224
4113044132
4723651237
175223176226
125215127217
29163021
772876
1805118253
99144101146
8313385135
47604962
1466214964
162194165195
1884418947
96185101186
8113084131
1645116555
8116484165
985710060
10599110100
1042710729
912312125
7118575186
64466748
186167188169
8491051
3515538156
8398611
190152192155
187188188191
3012733129
1857318676
01532155
5214354146
1369213994
1835618658
1751117714
612911130
87809181
51866189
9124293245
56685870
1117313175
140230143232
1811920121
165116167119
822853
2518227184
187155189157
169178173179
136131147131
169200176200
16061638
6311266113
182122187123
72887490
105139106144
197215199218
134104136107
187124196124
19841999
164107169108
6821271213
1068310984
6112563127
135200142200
1568416185
16611963
130180133182
694726
153205156206
1287513177
02432245
9021093212
1368913990
32143416
166142167147
7718080181
1957319875
197102199104
153167154171
4419446197
6018865189
5916661169
34224122
9320295204
36603863
1856218963
51576161
2512228124
1243012732
140105143107
151176153179
1925419555
1561616117
8424388244
112118113121
1124111345
8078210
8714389146
136113139115
153160156162
102175105176
107143112144
7220574207
1325813560
132214135216
100231102233
41176120
85298632
104137107138
19922194
196171199172
3811441116
1427214474
719212193
93449547
174135176137
8022185222
75107911
2816331164
5612258124
7224273246
167156172157
1184512147
157212160214
98187100190
6620969211
85668868
7220873212
4794912
175247177249
131111134113
66406745
01134114
57246225
98699876
018319
184180187182
9422597227
466498
6018162184
160182163184
1632216524
3710239104
3416135164
45514655
3314536147
1724120243
5011452117
1143511936
145190148192
93299532
6824169244
26202823
109146112148
6410267104
1366513967
1813119135
1685517057
1655616758
9771478
2314626148
822610228
96215100216
21373140
140138143140
116134118136
197199199201
941973
914712148
4221244214
2817933180
100177104178
131246134248
161198164200
84338537
127183128188
3314835150
3215434156
7310676108
9311696118
143245145248
80468149
74247726
112243115245
1028710987
18782080
119151123152
1816019164
9010893110
160230162233
14421744
1711222113
1863618838
1117511477
5223253237
3317035173
183197187198
2010221105
29903391
45895090
4916352165
5513857141
3215735158
6818871190
129242133243
1762417926
4618349185
4413849139
174243176246
112125115127
104195108196
8324186242
155133156136
5310356104
194100199101
3615740158
1473215034
194245199246
263295
119220122222
104203107205
4011143113
4222745228
83618663
57266028
139244142246
54535755
389691
113143116145
4616548168
145193148194
92259526
27963098
7618278184
1837018672
176233179235
189127192129
1382714129
1618418187
156137159139
49565059
2419327195
168172171174
1507515278
08211
93169518
31546156
2820731209
3020131206
1311216114
2512528127
27873089
523545
1531415517
194190197191
4318345185
5423657238
143163144167
3810540108
24262629
1475615058
3921042211
4110551105
1722317525
9751476
147107149110
5921562217
159103161106
164208166210
157222164222
180203183205
124227127229
108163109167
151231152235
