1741
1559815899
178145181147
5910161103
69507153
151193153196
138218143219
9417496177
1025510458
1209512397
192147195149
8611389115
123157125160
44424943
129199132201
1243012732
1318116183
78557960
1177212572
702753
151182153184
156139159141
1205712259
120136122139
94139615
1757317974
112126117127
1088711090
1499115193
70917592
149132151134
116172117175
148169151171
79818183
1674316946
140914212
569858101
191919411
112130114132
16401663
1520517208
196168198170
135229137232
182129185131
9215894160
177183180185
52107212
8621289214
1133211535
40144216
78338135
3223935240
88709072
157113160114
1492115123
149244151247
28843185
11824184
127226129228
55765778
1169511997
1027110573
52428244
809882100
75258026
43724574
1867218777
8713789140
1633916641
6512670127
3122634228
174107176110
175213178215
120108122111
17162018
126217128220
1743117634
1419816201
1411714418
188130189135
3510538107
1506315265
3420537207
1394114243
6110663108
106170109172
21387139
1424517247
9223395234
2421127213
4710050102
110108113110
45114714
12411264
1174312044
117168119170
36814182
1375513958
5824861249
143159147160
178218182219
1913123132
29753276
1269612898
8513487136
111247114249
2121123213
01351139
175116178118
142183143186
2319225194
165143168145
179110182112
174219177220
191111194113
7617579177
463495
2821633217
82818682
5517060171
7219375195
1755417856
140146142149
47505052
180121184122
103144105147
98142103143
147161149163
62019202
185103187106
164175167177
153233155236
179211181214
54905693
154201157203
111153112156
1220917210
99231101234
159206162208
133189135191
32345236
1079410899
1658516887
117115127115
145194150195
133157135159
95479948
1087911181
1447314775
2612428127
178229180232
80418342
050252
101239103241
1249412597
82738674
74117713
192241195243
145142147145
4216345165
194237196239
108193111195
4815651157
174141177143
5610358106
277309
159917102
1615216355
150172152174
6323466236
1967819881
1588115986
32276229
178119179124
1010014101
4718749190
167197169200
32153616
1564215944
16451947
44444845
6018664187
1563815841
387409
127146129149
1602516526
7417379174
134185136188
9618799189
1065810861
1247412677
1492415425
2221425216
104142107143
8919994200
27453046
1697317176
1013011135
162100167101
35393742
61407145
9771478
348379
33913594
4211444116
4520548207
86398841
1967219974
1895619159
32833485
9011393114
3824240244
1268513186
80928394
189216192218
10271329
174154177156
83718772
4322447225
117207118212
149211151213
137175139178
2924732249
1522518227
044246
170204173206
31516153
1526815669
1794618247
61738176
9623698238
84608663
96429844
193170195172
100170102173
134195137197
116912010
61296431
165117168119
6212564128
5512258124
113172115174
937969
1418617188
73737576
6211465116
1211115112
9716199164
19601992
1533715539
105200108202
154147157148
1265212954
37143916
6611769119
1207912381
104122107123
6816770169
1607816380
4622048222
63756776
13341636
9610099102
1607216275
143152145154
1212512327
1648916791
2311126113
1358914090
15301552
127192131193
8918591188
126139128141
1106011262
26493150
7813780139
3214036141
1966219963
102180105182
107208109210
170197173198
10451248
1807418277
11084110
2316126163
189199190203
106173109175
1913327133
14641496
138228142229
3324738248
16621963
181172185173
191100193102
35863789
853904
1817220175
146152148154
1075410956
160174163176
78468147
154196159197
41404641
78738175
3010633108
28203023
89279328
188189192190
66716874
194142196145
124169127171
1418314385
124172128173
8016285163
1889619198
194234197236
47894991
183193185195
4723750239
1751917721
519821
7813480136
7251226
107144109147
1475615257
821011212
69287230
64446646
158170160172
154199157200
7521278214
173144176146
917112173
540842
1949019593
1402914231
91709372
921910222
7417877180
1316816169
1148211883
1117511477
65306832
147149150151
3818941191
1035910561
1913821140
177104181105
119112122114
1318913491
3821949219
138171141173
158219162220
180140183142
195173197175
651853
6213563140
4419548196
1451514817
1474115242
166173171174
105176108178
13971428
1752517727
4411048111
1331813521
4418145186
112210114212
7514077142
1461814821
1327413477
4113343136
108129110132
6510267104
135174136179
156118159120
1865119152
9522597228
129218132220
6523169232
106230108232
191226194228
1736317566
4112042123
2016823170
5311558116
35323833
4017943181
405456
7621879219
31683370
16461678
1671717019
120172123173
127239130241
1322216224
1418914392
157102164102
70697769
8914192143
5719159193
168123171125
21784181
94409543
1586316065
143112146114
157214160215
1779217994
178180180182
110111112113
158151161153
109239114240
1837318576
123218125221
165131167133
899891100
7610078102
1385914161
7723679239
36633866
5112953131
196156199158
1914419446
1612921130
117192117202
8322684229
9315495157
137138139141
111182113184
9623298234
152118154120
5821561217
95499950
115220120221
192133194136
7813180133
175236180237
103162114162
115207116212
8813089133
165243167245
1844318646
9124794249
8618788190
1735917860
1576916071
919511197
1638116683
3997100
1357413777
6319766199
1471214914
5717959181
1224512547
62876489
6617068172
157180160182
163208164211
114140117142
155174157176
108215110217
100243102246
48125014
54515753
4315045153
73367538
91829483
85148816
7818081182
7219176192
02172220
1309513297
60266328
3522540226
1408614388
74797583
107158109161
88849086
173131176133
1464814950
82608363
02142216
61278129
180233184234
1759517798
196246199248
86468947
120102123103
6122463226
124235126237
96619963
3411538116
143197145200
4319246194
159103161105
71717672
123104124109
62686470
120198123199
167193169195
44784979
32643565
1361613818
1369113993
3722839230
17422143
41255129
720511206
172128174130
2214824150
155204157206
9012093122
9617999181
37774078
18401863
1305613161
1445514658
11231155
1006410267
4414046143
38224223
120200123202
186242191243
1557215775
01282131
8717891179
7018473186
154230157231
14801493
3321135213
162152165154
124226126229
3319336195
3415537156
71887490
115112118114
1736117862
1015213153
149207151210
7422976231
173243176245
152145156146
61019103
121142124144
153121154124
120169123171
9821299215
22442446
1272013021
5117455175
8112486125
196225199226
172239177240
1344513648
141239143241
161159164161
504535
126160128162
192155195157
173232174237
1892519227
1717620178
62248226
147109148113
3022933231
1874119043
1217814180
6614269144
60226225
1855318855
32175219
180149183151
1001510416
110204113206
9123792240
183245186247
90509451
155166157169
9024192243
35593861
173103176104
140132142134
124195127197
190159193161
560763
196176197180
1918819390
1922321226
3215735158
5715660158
113196116198
1112311325
1094211144
7620681207
8220485206
80278230
6022163222
1818121183
191118194119
19471998
89539156
174187176189
10651367
9416696169
67447046
548579
63476649
1815318454
1819718499
66626864
1355913761
147164149166
84868591
01471150
152245154248
156191159192
113189116191
163205165207
133103135105
1196612268
5619958201
1899119193
2918832189
158229160231
1643516836
12211522
918812189
1362713929
1107211274
8789010
52585560
1419714399
1893319434
1043410835
2617030171
9119693198
157177159179
174917512
43995199
148144151146
9422197223
10851287
2122028220
2721832219
1882219024
105103107106
151220153222
101216105217
174149177151
1425314358
140159142162
72537455
9314498145
9415096152
25832785
37494051
1020213204
1084711050
6413866140
8488610
5018751190
46734974
1018910690
184177187179
194221197223
1567815980
2222324225
55545856
13621564
169108173109
5022854229
1698717687
94649666
182214185216
169175171177
51925394
7715482155
189921101
1198212185
178189181191
171243172246
3213035132
175136178138
1515618158
162247166248
1264212944
1462614927
1292213423
15231546
29863487
3111133114
1773417936
45324734
3020034201
50745375
1602116522
19151938
106152109153
59666467
59756276
35833785
1518015482
83968698
3823440236
1902019920
193192197193
116247119249
1095711159
121132124134
1637516876
8717290174
1618416486
38834185
5320055202
76367839
1206912371
1004810449
179135182137
293594
4523046234
238441
2115524157
3719540197
3911441116
114203119204
59846186
110208114209
137180140182
51435445
195919613
196126199128
131239134241
149203152205
4011143113
156161159163
95679869
1429414795
1183112034
132108134111
1269212994
0527
5421556218
374396
168241170244
4421348214
1821820221
58225925
7116873171
186186189188
1358013882
138216143217
1962319924
912712129
3721339216
162137164139
1214212344
1211316114
68157117
1517015373
164110166112
2524327245
196200199202
7011174112
1312318124
1162411827
7513477136
15491752
104163109164
68767277
135246138247
2424627248
195229198231
193208194211
41344436
57176218
137105140107
5221955220
25112713
5018554186
131247134249
3111935120
186205196205
99144102145
127102129104
5223863238
1284913051
1611516417
1696117262
177177180179
122212125214
1228612588
187245188248
4124244244
3022333225
112199115201
175114179115
23562658
6624769248
151147153150
8921590219
57335935
1447714680
112119114121
163236166238
108223111225
9124493246
196135198137
166198
3712739130
58706172
6917873179
560582
168231170233
2514828150
1003710140
22412543
165158168160
103247106249
94279532
916412166
148215149219
98120102121
1575116053
24272928
130103132105
44944697
1914621149
126158
133217134222
44634765
105126107129
5210961109
62906591
118104122105
58806182
104209106212
1843918642
144241146244
110172112175
31533455
785987
114231116233
1119012193
2515528157
131227132230
5317954182
170917113
119217122219
5613561136
2410626108
7711580117
5215754159
49611
158199161201
1247812780
3421536217
5915361155
5814460146
150163152165
1201912320
150915311
107190110192
811513116
1619216395
141191144193
14021434
67937593
10911393
012116
22622563
172213174215
54145716
124200128201
158167161168
1417217174
1898219184
1055410657
82248526
1318915191
112911510
2916832169
1637216574
5912561128
145192150193
1795618258
922311225
10621264
178129181131
4914553146
162212164214
1379514196
81218323
135208138210
172207173210
38174119
1044010643
2122922233
1719617498
5718260184
8117182176
35363838
1932419527
4114043143
1787018172
1579516097
6115663158
19441995
47924897
128169133170
106187111188
17222024
1586616168
5912964130
191181199181
8213584138
5515158153
52245426
53133
155211157213
5019751200
139196142198
1138911591
140163
1051610817
1716819171
169117172119
83288829
1175512056
7111574117
1258112784
1478915190
9222995230
1137211674
163140165142
8716989171
193187196189
8231224
1789518098
41504451
133127135130
39454247
1965819959
103183106185
3321836220
158100161101
8218685188
8710290104
4724650247
3010333105
7811081112
4310046102
164227169228
2711230114
125178127181
41884391
5024053242
166154168157
100186105187
823010233
97105100107
7921281214
1052310825
5924264243
109226110230
87199021
14131616
98169919
3117134173
2923831240
147233149236
1945119753
192178195180
6722170222
3716640168
9711472
1213514138
1732317428
41764577
76847986
2824130243
2223825240
3318835190
180171187171
5921162213
78277930
21625163
6210264105
1011011114
116143118145
368869
6520368204
94199721
3613440135
1043610837
158203161205
1921219415
128913011
25922795
140213143215
1228212485
7912283123
79188022
8916192163
188137191139
165164170165
1419416197
13201371
118128122129
2210325105
5817261174
9314297143
1277412976
2214626147
186239189241
174163177165
7211873123
8618488186
576617
119222122224
2920433205
7912882129
1626016761
171230172235
53465647
29563258
178247180249
6114264144
9424396246
6417566178
1246612669
5413759138
6518669187
2011022112
107211111212
4420847210
14201451
178224183225
81178220
184180186182
611634
76908191
119153120157
164190166193
129106131109
9313897139
151125155126
1545615957
1225012452
166229170230
111150114152
9218494187
3615739158
5623559237
164187166189
109117111119
72167419
164113167114
124187127189
1766317865
10251047
123136126138
2222625228
2522929230
118130120133
9013093132
143146146148
16951708
1123314235
081186
1175212054
169182174183
189152191154
12531555
182144185146
58366138
111122116123
189232192234
184140186143
192114194117
5014753149
1441214614
165209168210
3610239104
74597761
100213102215
1817818380
1169311994
8023282235
104156106159
5013752140
1943119732
2124324245
171112174114
6221465215
148119151121
160162164163
7320177202
140118142120
101118105119
1562215923
156221159223
1702217224
1003410336
6220663210
165122167125
7820283203
4618147186
5123356234
198119199123
3916341165
116106121107
7219675198
3622139223
57946295
35543756
36903992
761793
180165182167
161229165230
193216198217
108148110151
5418757189
106220109221
26962998
139164142166
1335413656
158173159176
732935
130157132160
8311385115
7718678189
9113394135
01592161
8415285155
5621158214
83198620
139110142112
3924741249
126213129214
6813371135
6510567107
1917924180
1039110693
727930
22682371
17701802
151159155160
140153142156
2622629228
8020983211
6321267213
7121873220
8423686238
13371639
5121553218
042443
168166171168
8317486176
166147169149
1493315037
107246109249
754785
61736574
3014131144
1744217645
136713810
54405742
73267430
45604862
4019945200
1966819969
1453614641
5310155103
146202148205
97949997
1207512377
2119825199
1462914831
8717590177
46244827
38864089
51125314
6318865190
150186155187
169128171130
148140150143
58906191
1285512960
163199166201
100100103102
11411443
130180133182
185122188124
9018293183
167150170152
1781218015
18301934
3910744108
5321255214
794817
67127014
9819999204
369939101
99205102207
49625264
112133117134
184137187139
145220150221
364467
637939
101158103161
3818341184
39324433
7888110
49275428
588619
161146172146
6618869189
116135119136
6413566137
7122173223
4215944162
120246121249
121226123229
8420787209
167201169203
113223114228
151130154131
18697187102
89679269
1213014132
819811199
121145122148
124191131191
3517137174
116176118178
112185113188
8415987161
130208133210
103170105173
2922032222
192126195128
196244199245
51485450
146116149118
1647716978
141205144207
1914319943
3023231235
01562158
8971199
3422936232
1124511546
31146116
129139130144
18502053
160177163179
6017862181
110145113147
24172719
1489415195
1626916571
104190106193
128204131206
2412927131
187180190182
182104184106
16701721
136199140200
8922891231
1515815360
150135152138
502533
2413626139
153163155165
41424344
419742101
156157159159
7816580168
718212183
3017433176
146211148214
125215129216
331632
391422
48555157
130147131151
694716
9012395124
7220974211
1713617537
9724299245
1402514228
164129168130
5623967239
80388340
1774318044
4022043222
13299135100
145245148247
52365538
6418169182
179138183139
6219566196
13181359
99223104224
7220375205
10931115
84218623
133113136115
6813071132
143126145129
2620428207
1796118462
1501415216
67547155
5124653249
77968297
11631195
815611157
136164138167
131244134246
1528915492
72147715
1327213573
1121311316
9411997121
100177103179
67477049
1477015072
180186183187
9015397153
1775018052
160191161196
134183139184
1378314084
2314126143
108105110107
6217366174
2918430187
10331733
21212423
1006010263
34173620
154107155111
4915152153
1593816240
2722329225
187249198249
32393442
133198135201
69617164
178242181244
1411314316
3523437237
5311256114
1796518466
16671870
7417077172
118195121197
86449045
14251727
1820520208
1004510247
6224865249
197203199205
1623921240
69377239
154182156184
20722374
7323676238
8224585246
124151126154
2716530167
6721970220
7014375144
5313455136
8421886221
139125142126
1411519116
824847
129161133162
51557158
42854587
1612716528
115128117130
1662616828
12282232
173166178167
197206199208
179239182241
5515456159
1568715989
184204193204
186212189214
01743175
175234179235
54315634
7223974242
1639917199
183217186219
97124102125
981110
13231624
1712717230
6215365155
127207129210
54175619
102148105149
1861918920
112166115168
138113141115
192137195138
111124111132
182125184128
12701285
171224172229
163155165157
5512058121
4913552136
32813582
1948219684
7024473245
46754977
1674716950
131154134156
14301732
127129130131
135121140122
1698517386
10761108
4318746189
104233108234
63926694
5924063241
40924593
8813490136
1171811920
4123344235
98122103123
7519980200
97126102127
113193116195
133226136228
131221132224
156224159226
1705017351
21474150
31564161
1529615697
85118813
21114113
1596016162
136189139191
139223143224
1213315134
64506851
4616649168
1572916031
81789181
40654268
7520878210
15841616
26612864
1217514177
118162123163
42304731
1066610869
193244195247
5023053232
28243026
5517956184
97216100218
127152130154
1983519940
107165110167
156233159235
6414867150
8541156
850882
1348713988
1433914444
1421917221
186144188147
4616251163
92169518
169238180238
1105111254
288590
151140155141
3024535246
90379239
124240126242
31697170
147156149158
8111683119
1193512237
1114114143
1072010922
4521648218
1731317615
1202812529
177106181107
5912364124
4921252214
3315036152
6719471195
43254527
143130144133
175195177198
10341237
99167102169
9210795109
1023211032
2715830160
8319085193
3778
165211166214
529855100
9013892140
1067010971
1055110853
7718380185
108141110143
126221128223
70217522
74427545
99184102185
143149146151
8522788229
1674016942
39104211
94137102137
9717199174
3815441155
103207114207
154179156181
191182193184
41484649
70657168
195114196117
4116644168
1339713698
1468314886
36933796
5012552127
1618917193
104194106196
856887
1127911581
5011352116
75898389
3613141132
161113163115
127175129177
189149191151
7616577169
48295131
6114963152
165168167171
1036210663
1023810739
107179108183
1614616448
103165106167
2416625171
1809118393
8619189193
66896991
1667116874
1662216725
97191100193
52825783
626648
130207140207
23852489
189247192248
1338413686
178245182246
4723049232
7723079232
1221312416
118117127117
190229193231
31453347
6713869140
7221274215
55435745
1874419046
1910221105
1510318105
119151123152
195118197121
76767978
42184918
177192184192
1613218135
1335713461
27533055
4413747139
183209186210
145130148132
30273528
4516049161
15401643
136129139130
114180115183
1528515587
6819671198
9011592117
4914252144
145123148125
15001522
12011232
1706517268
167247169249
3420237203
47865088
4624049242
51765478
01253127
1856518867
71117313
7910180105
9411095115
187125190127
97649966
118192121194
86248827
1123813240
117242121243
2522126225
17299176100
43114416
4920351205
2122124222
229926100
49235126
194185197186
13441547
972810030
192150193154
5624657249
122149126150
2011322116
186184190185
4119543198
1826318564
1038310784
1867818880
128113129118
150249161249
198174199178
104227108228
9022093222
7023073231
162202165204
136100137104
124204127206
129173132174
1724119243
1142811929
135240138242
192224199224
1818721189
1558115784
90229324
94709574
99165102166
127137132138
1594716050
169143172145
4021243214
3916949169
125207126211
1796718269
3611737122
190191192193
1454315044
167189168192
1718117383
1652916831
6819969202
9622998231
38404043
1015210454
1715417455
1418417185
31183321
12561757
3014731152
149185158185
1436614568
1666516967
96719973
1431014611
1654216647
694896
90659366
89299330
71797381
45684771
4421148212
3320843208
5714160143
1536315565
155152157155
1495315255
1666816970
116166121167
3316938170
1887319075
3913843139
1626616568
3723141232
3814539150
1386414066
1964919950
6524266246
1924722249
1233712639
170147173149
161147165148
2821433215
1421115214
920935
6518368185
161169164171
6812071122
1325413261
149122152124
1706917272
1157511877
156164159165
89259426
72517752
139242143243
197237199240
7018772189
5220354205
12051237
7213077131
