1774
1558016081
8016685167
2213124133
8011583117
42067208
1137411676
1626116563
84288730
21312333
113117118118
107188110189
102171105173
1671517216
170185172188
29823085
8616488167
100118103120
181158184160
1846618768
152139156140
1043310635
7011672118
114228117230
146239149241
145135147138
174219177221
127116132117
1546715669
1241012811
1962319924
174180177182
125199127201
47355236
110207113209
13341366
1108811390
11401172
155207158209
15921894
815311155
179145181147
6511970120
611711118
111220114221
2810031102
140195143197
96148100149
1782418126
87489149
29503650
986810170
133124135127
6420965213
815011152
163195165198
18661907
1883219133
122114124116
175817710
21266127
47914994
7861088
108131111133
297798
7414981149
154112156115
38104112
115122120123
41697170
159207162209
1331613618
81113
23822683
42334435
1294613149
142167143172
10621084
379940101
186239189241
182228184231
2615630157
178122181124
13741425
9424297243
137223140224
188125191126
8721590217
1461314717
1624116742
7414179142
1276313264
1212113125
85529053
1414214643
7014572148
5313856140
195237198239
168114170116
2018323185
62399240
3520638207
6817469177
150230153232
8115383155
137213140215
02342237
981710019
189106192107
169213171215
101105103107
6512668127
371403
8315884163
1818921191
1610517110
146167151168
168190169195
58846186
76777978
290592
8916293163
4514048142
25902892
184119187120
3521040211
99165102167
84218723
48725075
95869888
170218173220
191122194124
3114634148
3813841140
1894519148
69237224
9722099223
1325613359
4918750192
63296531
112169115171
6721872219
1594516148
45434844
89249226
196105199107
152245155247
52325534
82608363
1287212975
88289130
172197175198
6516270163
153118154122
1866918971
1956019762
769979100
170144172146
9416997171
16231825
1367213875
77837986
5514157143
13861437
7197411
46874989
69627264
63966897
4911952121
8018782189
114212117214
6622569227
188227191229
1814921151
1614519147
152141156142
1331913521
137158140159
17701802
7320775210
1473515037
11543157
1412216125
1627316475
135149136153
96109911
84788681
1538215883
12911323
8423386235
1175112152
124230128231
3822441226
1374114043
104247107249
7124173244
426449
1921827218
97969998
4617148174
1123614237
12481550
149184151187
1491715219
1447514677
8322186223
114205116208
155153156156
162178165179
1151311617
6118864190
1324913750
63656766
1797118273
8424191241
1153511738
195212198214
890922
7212175123
1221712519
8820989214
6910072102
4819850200
1362913832
1743717639
139243142245
139175142176
167141170143
3619138193
1335113752
9317296173
9711999122
1586516166
109162112164
1353813840
104176106179
7723779240
126225130226
7618679188
117129121130
124134126137
164215167216
80588162
184179186181
196147199149
84678571
146116149118
1322213424
1916421166
156235160236
11931495
65736676
62219223
4015442156
74337834
6015563157
128202133203
11281233
1138511886
7110374105
41527154
1119711499
358660
693995
119225122227
8420387205
6821571217
187109189112
119167128167
125197130198
1983219935
4814451145
173151175153
966510465
101108105109
1474115242
63626664
157231162232
8516288163
6413265135
176166179168
71269128
121102126103
60776379
1986019963
1413414336
53515653
4521048212
28513053
1411414515
1715218156
175163178165
146229149231
2922034221
1619621197
6613469135
172215174217
96229101230
160161163163
1248312685
7118674188
192233196234
3019735198
134120136123
1923819440
1069510897
178245180248
178220180223
153233155236
163233166235
2216025162
7010673108
120230123231
9118993191
187137190139
59206123
31315134
180161183162
170147172149
818211184
6019169191
196152199154
4715252153
7220475206
67567058
2110224104
01302132
175246177249
4518248184
9115693159
1438714689
1026810570
108215112216
194156197158
1162411826
19442345
138169141171
129813111
3612741128
142187144189
185160188161
180104182107
62726475
7418177183
7219275194
32963498
192153195154
186221189223
2411126114
4913952141
1931619617
22532455
178183181185
124227129228
01473149
181179183181
176200178202
1122111423
82648566
16102011
5120254204
179192181194
186237189238
8924791249
103157106159
169196171199
6218266183
3611140112
76237925
123239125241
126222129224
92709572
100218103220
14121713
5917560179
175193176196
659868100
21975199
136113139115
165222168224
8210283105
44234725
8412089121
9511598117
34283730
43614663
3522038222
113143115146
59876289
102236105238
174157177158
174175179176
121170124172
39314432
7022673228
156117158119
99206102208
1781318115
46484851
13371639
73797581
4319245194
6215864161
166238168240
140134142137
1633516736
147236149238
67537055
142164144166
1684417047
31386140
140138144139
196138199139
4221144214
1306513268
164187
2424527247
98135102136
1065310955
1496415465
109241110244
140161143163
712411125
4316446166
6424267244
440491
2921833219
3718840190
7822580228
1458114684
1841718719
135199137202
152160154162
1002910232
188209191211
4512548127
128180131182
4314746148
8141215
1177911884
1648316785
102200105201
516719
188174191176
133156136158
23512752
161183162188
157240160241
174243177245
8011889118
184213186215
44744775
168125170127
167150170151
87469147
952710527
5813861140
9418996192
3013433136
18341885
17731796
193181197182
08017
635937
1054610649
1445714758
161149163152
1907019571
100177101182
107112110114
1738717689
196176199178
115225118227
4921051213
132135134138
80238325
138164141166
757959
11981898
2817431176
128102131104
82298333
1144211744
5322458225
182143187144
1411814321
1898019282
41926195
1039410597
3924541247
30343236
7611779119
37534055
7831085
132913510
1355513857
58606162
7716279164
187246192247
15171549
1585116153
1055011350
2712130123
190238191241
2410826110
148177153178
105202107205
48235124
191206194208
56635866
33463549
72217522
122158125159
1246812969
22192520
56315932
1769517997
115220118221
1516018162
131200134201
175141178143
150131153133
154227156230
1319115193
127219129221
1523817241
1666016962
2915831160
239926101
152197155199
6621067213
1395314155
3910543106
170100173102
4420746209
4812251124
78268028
88919094
8113782142
7413477136
02243225
5111453117
74167619
1527015671
50885291
41974499
3517039171
6614469146
99128102130
1510020101
157145159148
153143155146
89869090
196167199168
3224234244
5119953201
157179160181
1953919840
1621921220
6010563107
12521265
162464
51555358
134246139247
144105147106
7818080183
191163196164
1210914112
8424686249
4114942152
5619258194
2211123116
169103171105
6618869190
24792781
2418027182
31193223
86698971
30563160
960983
1452514826
109156112158
1722922230
7821680219
144235146238
1661717118
149181152183
92749576
140233142236
112148114151
88839085
147195150196
1218015182
13291631
1054010941
76907991
9318596187
178238179243
2816330165
129154132155
119181122183
157233162234
1510220103
142102145103
19631994
2215026151
1022013222
60246326
112132114134
177119180121
40494152
69427046
188120190123
067269
125169128171
26482850
441942
3215234155
1445914760
1795018053
7597811
2611828120
31146115
26622963
136139139141
4213843141
54815882
2110723110
160173162176
192230194232
150120152122
1424617248
1210615108
62248226
1755717958
1413914441
162120165122
150204153206
114222117224
15499157101
136161139163
1794718248
12051246
170179173181
1186912170
9117693178
102226105228
71867687
1611518118
4418548186
998610288
21412642
89379139
1751117713
6723271233
165101168103
161238163241
4616951170
170224173226
96719973
47395040
156205161206
8514687149
38604960
1438114486
3524337246
1282713030
6221664219
111225114227
42934496
9522096223
126142129144
97185102186
4113443137
1357713879
1214212444
141178144180
122163
4420346206
2616829170
4519747200
122174124177
4722348227
72387441
065366
51595362
1023814239
9521598217
7517077172
149112151115
12164218
672874
5318056182
1974719950
24932994
149160151163
1212614128
32743576
68847285
179212180215
142192145194
60446346
131204133207
2616028162
1582516027
1311415116
724510247
153165156167
1616821169
1952719829
1158711888
105121108123
4922851230
9591039
1162
130233134234
5123453237
98211103212
5715559157
5424657248
114139117140
1849718898
1314116143
156247159249
41214324
180150183151
1104511347
1322916231
1031110513
43685468
9012093121
78797982
9111196112
7217575177
64596761
1226712370
4222445226
185124187127
13041326
47325034
6815171153
79911
111160115161
40284330
105127107129
103222106224
1215014152
35193622
1425314456
157164160166
1478915290
1417317175
9623698239
15301552
147234152235
52165518
1543015732
128125130127
12442248
97289930
8717490176
1135811560
5423457235
9715098153
167243170244
2724030242
1409214295
5923261234
95129615
88219023
1004610348
8918692188
13398135100
519854100
01792181
3922142223
9520298204
48805181
5322657227
1372513927
1153211834
386418
145225146228
6922972231
188201191203
32476248
1583116332
1916719469
42704373
141230144232
153210164210
56675969
111122114124
192238194240
92879489
6624768249
3515539156
1103811340
1752117822
75927894
132235135237
3915742158
01042106
1937619678
2421227214
4624549246
3014031143
161221164223
1895119154
163199168200
17598178100
150123154124
190151191154
1926319366
161154166155
111119114121
9018195182
7419576197
2216324165
79428243
1503115333
117124120125
147209152210
6224865249
12021224
111189114191
1106811171
154174156177
116247119249
197108199110
1712219125
134205136207
1328513786
719412195
107186111187
4411046112
30693272
1881919121
714418144
54605762
8715690157
1592316424
152185154187
2322625228
1661916821
1313614139
5222854230
2818831190
96234100235
1626816372
7512680127
9215394155
02382240
115166118168
184240185244
1515718159
132240135242
137218141219
62346339
02073208
5822061222
1665716859
18699188101
1835518557
107183110185
192176195178
91199620
139225141227
13921443
45794781
93249526
30613362
113156115159
6516467167
1634816650
8016182163
1014112143
1708717290
1578416086
128110130112
144161146163
193145195147
116235117239
2314226143
1443414636
31243425
169120172122
4622848231
78668168
197101199104
121238122241
4817950181
1599516197
1702717230
173161174165
7014173143
178148183149
1366413966
65116813
30403541
81868687
1385814359
156196159197
180170182173
1184212044
108228111229
173149177150
1339113693
4211544117
41827183
42744378
6314764150
182135184137
127128129131
76797782
192212194215
107190110191
148169151171
109109112111
61576359
18321873
32563458
202233
193119196121
141212144214
183103184107
5710159104
117208120210
9513295140
1888819190
1549415697
119914101
179163183164
7551156
27432945
7118273185
81388440
44214822
622710228
01182120
3414037142
132102134104
3011332115
1382214024
51197122
41574459
1462014822
5717658179
6317966181
31446145
7816779172
4613748139
166108168110
138199140202
99154102155
1271313114
178158180160
4723852239
058261
1137011672
6114565146
1733017532
60706175
133208136210
1759117893
162243166244
4720150203
1265312856
71369138
4521348215
1842018722
148142151143
172209175210
122189124192
77158017
5120753209
7813481136
1295313155
911310116
126119128122
125175128177
69257226
1183512835
162219166220
117126120128
1713917342
125123130124
126207129209
135185137187
9613597138
10911132
97187100189
117162118165
1017910382
1615916560
185218188220
80828285
123204126206
25532755
192173195175
187197190199
161102164104
92539654
1810420106
1214612447
147131149134
49545059
5423258233
130227132229
119112124113
4017845179
18997191100
108202111204
31796181
151149155150
128241130243
274306
144216147218
191194196195
8922092221
96158101159
119108120111
985710159
133161135164
1024110443
4324048241
193142196144
18892191
3123334234
1801818320
122129125131
157131160132
9810199105
2921430217
130162132165
180165184166
169238172240
7913780140
6814973150
157151160153
18401891
46116
30423543
8121683219
1207112572
144130154130
1432214524
136124139126
1171311916
18297183100
119141122143
169156173157
15099152102
1713620138
1368713989
166175169177
30633265
9223595237
6223264235
4594811
98213103214
2123624238
59956297
1282513625
4211843123
148152149155
54435646
1025510557
77527954
1935519656
1698417286
149107151109
9220897209
9216793171
58916292
1023610737
148135150138
9416397165
38234025
131121133123
1534115444
1323013532
59116212
46415541
76357838
140206143208
1578715989
1864318845
143133146134
1545115753
114217117219
755778
93809682
79128214
1038410686
39434146
123195128196
1298213284
197209199211
647949
1717817283
110106113108
153147156148
3319235195
98106100109
42514553
50925493
197118199120
198182199185
1739018290
163231168232
120242122244
48135115
167207169209
01581162
102174105175
2314828149
10499106102
1755217854
15331564
6620269203
113128114131
5516557168
160125161128
123182126184
1866318965
101148104149
133112135114
4118343186
70747179
125172127174
601623
113125116127
783798
156191159192
119221121224
234436
1863218737
175206178207
1615616458
1929119792
91319333
1949519797
97469948
1734917650
1925219554
80548355
1766617869
171242173245
177216180218
155221157224
1105311255
65246826
1504815350
120178122180
174122177123
6521467217
18302033
1104112141
120204122207
191220194222
184148186151
174240177242
1408614289
11214123
5451645
1183612836
5718060182
1621316913
124210132210
48955098
1852919030
1069210994
7915882160
116185118188
1699517296
1638616887
1725517756
153181156182
14321734
12194221
171150172155
5821661218
145123147125
62119212
5321755220
101233104235
1916021162
136234137237
171125173128
7922981231
15721594
32263727
1118515186
1858818791
1352213724
1537615481
175116178118
1045110852
56176118
157173159176
103183106185
1619818200
1520318205
5724058244
8415286154
2419326195
7019179191
119186122187
113111115113
8017783178
19732176
73237526
165226168228
1293413236
153201156203
1667617077
8913391135
1531015612
2221525216
1922119523
1818618488
193246196248
155217157220
1913619637
8019785198
108179111181
8021083212
156149160150
7410777108
7017972181
76267731
1017513177
189819111
1379013993
939998100
100110103112
146204149206
91839584
6514767149
195220197222
136241141242
122218125220
161215163217
174222177224
4985111
103166107167
7321877219
3421635219
1295613158
100247103249
2314424147
17572258
151195154196
1854918851
17361939
155122157125
1596116163
4119944201
192113194115
3124534247
143176147177
121208123211
157200162201
97227101228
132139135141
52765478
51955497
9621899219
71587958
56385742
168199
3512438126
14901522
106106109108
4110943112
4612147124
4819550197
1135611857
128162129165
1128211484
812111123
3112634128
197244199247
829883101
44854589
67496952
175177178179
1810720110
177111180113
1695717159
53635566
1165311955
3823041231
1807718378
1453114833
9411896121
01362139
157237160239
110151111155
182152185154
12661289
5218455186
24333533
1612716428
8418087182
114240115243
131221134223
178180180182
6415773157
1812818430
4110045101
51745475
90959298
166241170242
320352
02412243
10761577
191136193139
8421586218
5010954110
115244118246
181200182203
1122411526
8417787179
41794481
6021163212
1762617730
3383610
1628116385
117106122107
18031825
127105129107
118146121148
71728176
1707217374
92459547
850882
153109156111
1317013472
112102115103
61339135
180129183131
71577857
165129168131
9515096153
48255127
1626616567
123104124107
3123033232
151134154135
1397214175
4911151113
103154105156
6710369106
6515873158
98243100245
102190104192
65856689
1857818780
31883390
1371714019
1254612847
1816318366
185132187135
1420917211
39694669
3423037231
3014931154
165104167107
171247174249
162247165249
725748
01913192
13801881
107159110161
1203012332
4322146223
2624937249
132215134218
8522888230
96239826
6217167172
1022210524
179235182237
148103150105
1356913871
102180105182
112199115201
1393815038
9891192
7722978232
114106116108
115911712
200241
65776879
96839985
147160148163
151174153176
1602116422
055357
1723119233
9021295213
71167318
1924419546
1174512047
56255927
1818123182
134118139119
185245186248
2124523247
100131103133
5424056243
149164152166
164203167205
175134178135
4921552216
168137171139
4514347146
8410289103
156198159199
8421087212
2418327184
1328913590
183203186205
1171812020
62836486
1721017412
73847685
1177111974
118139122140
188132190135
1696817469
160156165157
1127911481
95559757
1449814799
1386014361
182121185123
01152117
176153179155
146143147146
1747317676
1322717228
64226823
1739417596
3622841229
1432514428
1486215363
171132174134
1593816141
712910131
76207921
128113130115
713912140
198114199117
1201112214
00110
8618688189
105233107235
115149118151
28393539
111217113219
136107139109
7514377146
5618359185
1259212795
20822285
196216199217
161180164182
3814141143
172229174232
138188139192
3924142243
1921119413
7620779209
5621159212
36393842
4218945191
111183113185
20772478
170176173178
133160142160
4922652227
1278513186
146246149248
31913393
121149124151
157214160216
85148816
455657
124214127216
189231191233
29883092
8989111
83478648
159158162160
69897689
106171109173
57735976
131143134145
121214123217
12891492
78638165
8161018
1261712919
99202102204
4612849130
02093210
1861418916
146172149174
130183133185
1495315255
172138174141
1277613077
1565416055
1321413515
7211122
161146164148
1912619427
8323685238
157167161168
41844387
157141159143
122222125224
4714749150
99190101193
131118133120
1345513465
1955719759
1854618848
1731618416
1285013151
147199150201
1126211365
2312426126
1796718269
68907192
5723760239
513715
172201175202
1554115644
184111186114
1135311555
6215164153
180114183115
19411
14897149102
188117190119
140149143150
1731417715
1924919551
1032910630
13701383
150216153218
277299
1132711629
176233178235
135231137233
103170111170
1412916131
6410366105
5912161124
1911521118
53875590
20172120
171110176111
6518568187
8817790180
5313658137
93589759
820311205
1889119193
1459414797
189103191105
32047205
129176134177
1666616868
1679217193
130186134187
130129135130
171114172119
186231188233
1847618777
163206166207
8814089145
7620581206
128232129236
6010062102
32113413
986210064
134203139204
9624699247
112186115188
1319613597
1886619068
159242161244
136104138106
1072010922
2216627167
104103107105
5715259154
1413114433
21845186
1744017742
77957898
13301343
22252526
112179114181
48785179
1532115523
137142139144
141201142205
187113189116
1245712659
5222155223
119152120157
7616579166
1231312615
4619148194
160224164225
128138131140
101215104217
44264728
559756102
1321715219
1407614378
11798120100
69127413
7522080221
6121464215
1509615398
72547556
1618817193
7315175154
131148138148
7222475225
22232524
1059010991
1517315278
1652916831
7914681148
166245168247
122197124200
106182113182
01632165
5924060243
2818331184
47375437
9901004
132211135212
5214254145
967510475
1224014242
5124153244
5112654128
42904492
181108184110
62476748
7323076232
1513218134
6919573196
1384714149
92519552
6912572127
1113212137
169128170132
116143117148
6123865239
123178126180
2622628228
84338636
3920441207
562963
3524738248
19212123
145164148166
1902419525
194165195169
46855086
5510758109
118131120133
1761917920
9019293194
79948196
992210125
9717299174
7824180243
7317875180
1005110352
4212544128
36353937
8613987143
144170145174
173119176121
8222984231
1724319245
13661568
4220243207
122152125154
148149150151
1823718539
162117165119
1369413897
8817091171
145107148108
72597561
9515496157
92689569
2522927231
1107211274
1045810561
182101185102
6015861161
4922351225
1488415185
123237126238
2418527187
1062310925
101243103246
1618419186
22562956
157161159163
1383314036
5720960210
194223197225
95205102205
121132123135
169108174109
140118143120
1723317435
1615416555
3520038202
6924670249
1307813181
7312875131
5419155196
1172711929
14511483
157211160213
170193
22162518
22973197
170221173223
12201422
15951897
3618041181
8315086151
87449045
166248170249
125104126107
8923892240
33823783
1501015212
1125111652
1815218257
1531816018
174124177126
194189197191
6520470205
166147169149
185107186110
6920771210
63886493
1501315514
1611321114
103187106189
17421845
31143316
6211665118
5010453106
87329034
1646916870
6824070243
1915719458
