1791
1819823199
1092711428
4614448147
135222138224
5311656118
1543915940
6214665147
1294613148
1803718240
5510957112
21774179
167231172232
2316424167
1063310935
94229724
1533015632
76137915
145179148181
85888890
180140182143
6710669109
160134162137
1592116322
8022683228
491532
54175918
147148150150
144215146218
4117444176
6519368195
677728
153164155166
104203106205
31805183
1391814023
148203152204
136106140107
44934695
196233198236
1367113972
1604416346
1205512357
125157128159
19612263
135186137188
5423056233
01523154
5321257213
1005510456
2414626148
193189196190
1755917860
104144106147
6913773138
142172144174
8614589147
11301162
5021753219
49895490
1546315567
51745376
1124014242
257459
159141161143
157171160173
1026910770
148209151210
170146171149
148214157214
121122123124
195202198204
1755317756
8611089112
2919431196
3810740109
126112131113
170166172168
6119564197
183171185174
1475615058
162129165131
190244193245
1607816280
178248181249
104137106140
121142123144
1319516197
1913219434
4924551248
5423456236
6016163163
144100146102
155238156243
145195149196
90229324
153204156206
19772080
4811951121
99148102150
1332513627
1217512477
617110172
1359513698
9412596127
1014813149
7616581166
169179172180
1087711079
3611039112
32963598
453954
7820281204
118247121249
111189115190
8416586168
1520917211
13631565
194170199171
451482
1463914841
166154167157
100159102161
300351
48735076
839885100
7018075181
81928494
1844318944
914612147
183175186177
154228157230
3920444205
5220455206
2024121245
3122436225
132199137200
3323635238
1747517677
1323013532
8021483216
150151153152
1472415026
4518248184
125150128152
6417466177
197117199120
170243172245
7216575166
8422289223
141229144231
1323616238
55885890
52445446
3815541157
46285029
162141167142
1424814451
1715717558
89679269
88479049
4312145124
9520598207
135138137140
38254027
971210014
174196176198
1303413535
180165184166
1421216214
1616916471
184131187133
117208119211
123199125201
123195128196
3621939221
56585959
102171105173
134201137203
1114011442
8717290174
107140110141
4419847200
52575559
183158185161
157198160200
1298013481
1057810780
4715750159
154246155249
41856188
1810620108
160220165221
5711360115
7323377234
21104113
1711317514
986810170
120204123205
157118160120
5816961171
1295913063
188201191202
100110102113
1198312285
8723190233
1518715390
196247199249
4513648138
1385914061
179144181146
28583259
51286132
69837185
156192159194
2221425216
1810920111
8919591198
1022011223
1514118143
1603716142
7816180164
1133011533
118107121109
197243199246
175166177168
1219112294
176143178146
158150161152
1476814970
02373239
2022922231
6124664248
13351358
71587659
1911222114
156164161165
186159191160
5818363184
1773518236
189125191127
196211198214
2114523148
23262628
3310135104
146220149222
119156123157
1818118682
4914754148
186181191182
8410188102
971710019
1549515598
1133411537
1682317224
84508951
6717472175
8211387114
7118475185
44534854
3215134154
78878189
90789281
28403142
27283029
36813983
113217115220
1420217204
105118107121
01292132
1062210924
171186173189
106245108248
6420266204
4321845221
95126
8724489246
1773218034
122244127245
721610218
105175110176
77187920
1437814680
8889011
17598177101
6016463166
43224525
103157106159
5722760228
66796981
8722790229
6322966230
1953619937
43104612
67126914
129120131123
182144184147
267289
105127108129
102239106240
93479748
01414142
1114711449
2718729189
1161811920
143242145244
1417416177
2924433245
7613377136
128203131205
4513347135
7517378174
113121115124
62866488
11799121100
9413497136
4313544139
4321246214
19761998
1355913761
195224198226
3320942209
145165149166
1238412586
1715517456
1622516428
197188199190
1331114311
56565957
171129173131
1752017822
01162118
195217
95234100235
110125113127
1047410677
1811318415
13511553
4512548126
1296713269
712212123
182167184170
1693317235
26832985
1611616418
150225153227
1453014732
1378714089
8619188194
3416342163
227529
5215153154
1079410996
1171312015
5415256154
168717010
148218153219
186187190188
141179144181
8521788219
178205181206
182103184105
659868100
17441947
181199186200
1162511927
139215141217
1371713822
1674516850
7712978132
180196183198
5924163242
127154130156
8312888129
4918153182
1679517097
1444314745
163205166207
1672716735
1678417185
5621060211
361383
9541054
135101139102
1162112122
139231140235
174126176128
121103124105
161225164226
161187166188
1696017262
108147111149
73127514
172145175146
6924880248
1568515987
01632165
111169114171
164143167144
1209112098
121212123215
112166114168
4019443196
4617148174
178157181159
108207113208
9320296204
7112674128
152192155194
139201144202
114204116207
1298313186
140218143220
64256727
171247174249
6416467166
1859319094
5116253164
1597516177
1028610588
1820020202
189203191205
6010763109
1488815090
101187104189
1077411175
31226124
64476649
3421039211
52117213
1116514167
1074911051
93869887
189101191103
174219176222
8920392205
627929
165237168238
162155165157
7714079143
182134184137
5617758179
5313756139
193119196120
1074011042
170218173219
1019817198
164103168104
1618519187
8620388205
7310776109
105222106225
103150105153
136234137237
193111197112
149130153131
141105144107
9215396154
1116211365
1254712849
89259227
116129119131
01111115
114144116146
1722021221
193115195118
4017743179
1366213964
1506815270
99146103147
68577059
177224182225
185134189135
28703570
180202182204
1723917740
4011448114
3457
7316275164
140206143208
2618228184
3814341144
116243121244
52775579
1111114113
5222455226
12761578
1222014222
1129511696
64916793
190221193223
111182112186
140203143205
44654966
639864101
175173178175
148200151202
2117823180
162212163217
1425414755
1955319954
13201622
56915795
1186712368
107234110236
9510597108
106110109112
179173182175
152144153147
168143170145
135158
127175129177
52475450
4524548246
193215198216
120171122174
1411417116
43264827
73767678
1255212854
1792418226
122112125114
1446214963
1455014951
3223134233
1324713648
49125214
99190101193
2417327174
23592760
1210014103
5723360235
58266128
1663916842
1715820160
5719158196
126122128125
5112252125
1946019762
993510237
1761417916
6815270155
1691517416
1757117872
124712511
1706617268
12861318
2912733128
1355613758
175205177207
169107172109
7722180223
4917451176
32373539
6418169182
95319634
110220112222
8019983201
145238148240
1033310536
190149193151
1962419926
619510196
8341136
149237153238
40894391
2112924131
6824471246
1317713479
4721252213
82248525
1156411866
8116284164
5317755179
2720929211
079381
1953219834
140175143176
1421414515
1876719068
143143146145
8813291134
6723570237
1861318816
6821771218
41355140
110112118112
173111176113
1749517697
6020263203
1707417375
1157211774
3911542117
84548657
110212113214
41754377
158195163196
1356813870
191129194131
129157132159
99232104233
196106199108
150220153222
18172119
2611929121
4216745168
98151100153
71859188
1942919731
177237179239
59836284
39314232
11499116102
1652416726
166114167119
175150178152
13401372
1418714588
9215694159
48710
6818370185
80848386
72827387
1585116153
190132193134
108121112122
3013635137
4520747209
1086811071
9716299164
1011410515
19201942
5312457125
6223167232
5521252
1738217584
140142142145
1441014612
1781718119
7915282154
7631065
4916952170
107204110205
8317786179
148244150247
158227161229
338541
174917710
125160128162
1996719976
43284531
6021465215
8717590177
178147181148
1468114884
1404514148
6821271214
4515048152
178104181105
144182153182
130109133111
167214170216
3011835119
42414543
516547
1206912570
7622481225
1168012081
56435945
1886919171
9201222
2614029142
120148123150
136177139178
516610167
98132100135
166198169200
173233175236
1427314575
999310195
88829183
1805418256
1714420146
126214128216
189161192162
22434245
22712474
2322326225
42594560
16251827
35603862
18321854
4118344185
1316016162
7010972111
0528
5416257163
684716
133157134162
2120224203
138137139141
1591316016
9624598247
27222924
107166111167
7716779169
473775
27252927
188919111
71309132
177194179196
7714480146
118236121238
75607763
590793
1605416356
138247140249
6997410
114203122203
6413866140
6217163176
5922163222
142166144168
2522927231
711512116
1336213565
9116093163
87568958
7723779240
95279730
122222124225
1071910921
1802818231
1078711089
12598128100
4023342235
10301052
1212615128
172157177158
131102134104
8912292124
1732317824
1510018102
51265329
156112159114
99245102247
2922634227
5395611
1829818599
98208101209
154224157226
775807
161160165161
99197102198
1938719689
105183106188
146159148162
1041110712
48785180
62226524
157219159221
180237183238
93169618
94499651
359940100
114245116248
6120764209
1207112174
02161220
3817340176
9179211
106214109216
34843786
3417337175
191229192232
11541456
7020873210
139814210
1231312416
599862100
91129613
1572616028
181239184241
103166106168
9519098192
21362438
912013121
1324716249
2915231155
177177180179
1246312764
112237115239
15541856
156109159111
163122166124
191141196142
119812210
43784680
126170129171
1719517397
01452148
5024155242
9619999201
1719017491
46204822
59746177
11751207
22432744
1892519227
160113163115
1146211763
6624169243
145193150194
50155815
850881
1562015823
168185170187
189170192172
181242184243
151148153150
7520580206
2918032181
187222189225
5122953231
1525515955
129150130153
1518918191
188152193153
1916619368
148198152199
124141126144
77968098
107113110115
1629516597
2022623228
41784282
21292331
178240180243
1276912873
7124074242
4317145173
6314166143
2515030151
1121816219
26882990
44554558
8716190163
38854187
084287
198182199185
41527154
158224160226
01664167
1952019822
6410866111
68686971
1396714368
171206173209
4811051111
162152165154
152209155210
6323366235
1713619138
1282613029
15322033
1295213254
1409814399
12311433
91969299
6618769189
7419276195
171817311
62286431
141235143237
144183148184
141128143131
569958102
7022372225
71607461
2822930231
127104129107
177220179223
1187512077
1158411687
5322058221
99204101207
48505152
1651616718
148191151192
149240151243
136227146227
126199128202
125179126184
107187109189
2623431235
144205152205
11591264
134166138167
1724219245
174208175211
4610349105
172173174176
61606462
1311716119
1446914671
3416937170
6524768249
4719350195
35193622
6821573216
90709272
1217912481
5817261174
191234193236
80268129
127141132142
3317138172
11381189
117245121246
2721630218
125223127226
7710680108
1919124192
1246612768
8941395
1602916231
83428644
4214944152
1317513676
7921182212
79428243
127127130128
137108139111
154108155113
107156109159
21735174
136164140165
58236125
712412125
6321166213
172119175120
27643066
132122137123
1483315036
1721720219
3424436247
1275513057
111243113246
3415041150
142152144155
166211168213
5114153144
5417457176
175200178202
9022093222
1608516288
145248148249
130177135178
171117176118
156201161202
1275912862
8313088131
137230138233
56405842
3421237214
1875318955
61816482
4210045101
973110232
174212176214
122217125218
5912061123
119145122147
2911531117
69287329
120129120138
9416897170
1709217394
6621467218
8115584157
1219915201
1622518228
1524615351
2524428246
51418143
1922019423
81549159
1104311345
8318885190
132163135165
11841387
154117156120
116121119123
104141106143
1931019612
01433144
1905319255
2810737107
144176147178
8323487235
14861517
6419066192
1029310594
62506453
3619737201
81548356
95359837
167248170249
1219512398
1347414174
4011143113
1018910391
5418556187
2410126104
1315013551
115139120140
108178110181
13711673
984610048
1887719378
60436444
16721695
9213195133
2711129114
77388239
1743117633
129198131201
158213159216
152141155142
174185176188
1487115073
73687669
185241187244
4718552186
122179124181
42199220
42444349
124232126235
15151717
145153149154
166241169243
179150182152
9416196164
117150118153
187168190169
1711718120
89899291
171203174205
37404042
8310585107
18351857
13031325
69517153
23192522
232264
169155171157
1405614258
82748477
1839618697
10411243
178106181108
30833384
1055810959
184237187238
1443614738
1823921240
2213925141
185136187138
1919319495
2817129174
154130158131
4323446235
167108168111
7410476106
142134147135
1691917022
6515668158
155122157124
133134134139
16951997
28433145
8914992151
15411843
123132125134
135218136221
1736817472
323426
179233182235
136148138150
177185182186
115103116108
61476349
2611528118
1892119124
11231155
1065310955
174121177123
44854590
1424314347
18522153
1118511486
153203164203
167201170203
163222166224
930953
196200199201
188242191243
7822983230
196135199137
2224424246
2516426167
1408514486
34413644
388429
138186142187
4212544127
1521515418
5813461136
90349336
1843218734
8823490236
142115145117
144137147139
193196198197
85148816
1015210454
157178159181
10261229
73237427
5917561178
1183812838
153154157155
156189158191
193212195214
5723662237
65306832
68257127
6487
170239172242
61926394
01802182
9721899221
135132136137
93186104186
93889689
169152171154
59666169
141159143161
186230187233
153244156245
36384638
111118114120
15261606
180220184221
103161106163
638669
6412668127
1027110573
83148417
117103117111
147110149113
159168161170
56765879
681983
60716373
37964098
45134814
1555615957
13121514
19212223
8114483147
1919619398
111194112198
1372614028
1328213485
7919082191
5910162103
723746
1867919379
161244163246
1717617379
120119123121
149177152179
116217119219
111204113206
192202194204
2120424206
125101128103
122219125221
1715317454
164214166217
131189134191
23912892
94244101244
6219865200
1719520197
1513615438
5019753199
154143155148
1187812578
7617781178
78168217
26502952
146121155121
77837985
196115199116
58936096
2121723219
2322924233
2018723189
7120473207
39684170
1965719959
1215513158
87358938
44634764
109100113101
1832518430
1446514668
102190104193
11911393
4914553146
1529415398
1379513898
355856
16491753
61738176
1039610698
174106177108
133105135108
1184212144
106177107180
5418257184
124248129249
532734
6622171222
54405543
1028210485
3920642208
5622258224
120209123211
2222024222
131127136128
1846918771
77667969
164112165115
577780
68927194
4912250126
8417386176
111175114177
1923424235
113197118198
186148189150
074376
61896391
1444614947
288491
1512415426
129134132135
9222795229
2512728129
8810691107
189213192215
119175122177
1127211475
138116141118
5123453237
1321613419
166218169220
7912882130
10721113
87708972
179201187201
1916122163
140136143137
170169172172
1863618938
2823630238
8521189212
96242101243
1216312366
70487350
1114212145
040243
8617091171
36893991
2118123183
1812820131
1578316284
3722440226
192181196182
84288630
176208178211
65876790
38434145
5618858190
8815689160
42154915
8811691118
183115185118
194109199110
104131107133
59896092
024226
7212974131
186209195209
163120168121
93749676
65526854
152211155213
72917593
3283
8820691207
3414437146
1812321125
12791581
1179411996
176119181120
128189130192
1633516636
169122170127
143238144241
109240112242
2320724211
134184142184
1581016112
153198156200
54285730
96719973
2110825109
127178129180
154222158223
179115182116
62566459
1224912451
162169167170
9413797139
178130181132
75507852
5013852140
5621459215
19262227
115208116213
1607216374
11921224
6515173151
83398840
11231425
6912272124
1193612437
7618778189
167222169225
9116493167
197919911
1523418235
90389241
4311648117
110158113159
1647216773
183233184236
1641016711
616918
1898919290
53975898
8012183123
34943995
61198121
141169144171
51777179
1644416646
66746778
25352738
5022551228
141164144165
3417637178
1016210463
8211584118
149136154137
1212712628
12501264
2814429147
76738074
191173192177
4212844130
21862488
186213188216
3216333168
3616441165
7011279112
8818390185
142191145192
3917042172
584885
92449446
19631995
539955102
19572259
6012563127
108130110132
920313204
6118863191
46395140
02401245
150124154125
1493915142
5112654128
15798159100
154170156172
8915291155
117178120180
6814472145
6717775177
103154106156
6313566137
196172199174
32853390
1573516236
988110183
6210465106
9119994201
82818483
5619759198
58326133
157138160140
93389541
9317496176
108136113137
1738017781
144175152175
1813218334
61546455
4512747130
1096011461
1522016224
171214173216
132130136131
1506615367
1214612846
7719779200
3220334205
85828785
6819872199
80598261
7611979121
68867188
43324634
181154192154
103245105248
3812741128
3015732160
148216151217
7312376125
114187118188
90759277
9911023
198205199209
3020033202
294308
1324316244
139132141135
186112188115
4721948223
34493850
40104212
1453314735
173102178103
10151056
1920722208
30913393
912711129
4314645148
02285229
194100199101
4215545157
1891419216
8323687237
1922422225
140138143139
185146190147
3520238204
168163171165
191218194220
8224684248
103122107123
62746576
18301881
85458748
819582100
920911211
1688717090
881010
171122173125
119223121225
5720759209
1312216124
14811513
3121333215
182214185216
119196122198
177127180129
193106195108
1835618657
1557615877
132124135126
3819739201
21205121
1544515550
1388313986
6816671167
139224142226
48245325
8621489216
1223314235
4624149242
144103147104
5718060181
16298164100
9521896223
160193164194
5413357134
8220285204
133208136210
1088111182
1447614977
144131147133
145228148230
53915593
28753276
46414843
20892292
4916050165
5414256145
2722329225
620711208
3315836160
5217155172
132181134183
457479
134114137116
104209106212
14601762
1507915282
1696917270
128246133247
2013522138
3613339135
1716218167
3424137243
6216865170
169236172238
164147167149
02122214
6520567208
1717418177
107243110244
4018645187
199822100
127115130117
890921
1105211254
5718562186
2316126163
13499139100
347378
128181131183
50915293
1018515186
3421535220
1387814180
78338135
2410527107
1363313935
1518017182
1819318494
44744776
93669668
54245726
18642067
6412468125
2522628228
140111142114
125104126107
110187113188
1675617058
163208166210
62656567
15401572
3314036142
124122125126
131154134156
2610829110
89879288
4314247143
6413266134
107209108213
9021092212
111178116179
21085109
2010223104
8021883220
101153102158
152114155115
194194199195
174104177105
39614362
3724740249
76107912
1442614628
93709573
1476415065
02485249
4610149102
1712517825
4316246164
9622598228
8117483176
194221196223
6717674176
1144411745
592614
110215112217
152139156140
436737
23232625
8621395213
8910291105
5714859150
9114694148
230432
155168158169
183140184143
1041910621
8218085182
590621
145167148169
116170119172
150195154196
103106105109
47814884
5914062142
21934195
1505915262
2921933220
129160131163
9015691159
106150107153
103197105199
1562416125
14841535
1615019152
179217182219
3121633218
162227164229
49165218
2014923151
178121180123
60196321
33573559
75357737
71797481
4723048233
137130140131
12342334
143140145142
151102152105
118241123242
150164
28943096
67607061
8123184233
115175118177
1807818380
19832285
15231824
163134165136
90509351
160213161217
8420585208
51195420
1315613457
65506851
5310656108
111165120165
109202113203
88188923
1271812920
011114
102100105101
134245136247
4014642148
1818418486
179210190210
1461814820
3718240184
185139187141
50305233
1883219035
53315632
36174317
16471679
9420897209
8016783169
4922151224
1788717990
1511115413
4612248124
71609162
98105102106
7116074161
3619139193
47934995
1116811371
8321133
1255013051
1186112063
12801312
1316815171
1656916871
54385739
181179189179
22356236
3912940132
16671770
364386
5624058243
7219473197
1467214775
11361167
4124644247
1067211173
81718373
111235115236
128143131144
1779318095
30363139
1014510447
155136159137
108182110185
18621877
132913710
1387514177
115118124118
5511956123
5422756229
1788118083
104177105180
182183186184
4521048211
90609262
4411847120
177154180156
106104109106
1959419895
9861009
1817920182
40544355
129213131216
1967719979
70747277
153173156175
55495851
158230161232
193172195175
80188718
638940
6518367186
124211127213
123197128198
35663868
140108143110
6617869180
183155186157
198162199165
2513027133
77928094
7710980111
146189147192
42098210
5110252107
67476949
107142108146
16741976
7324576247
106220109221
1019213194
45444846
1023612239
2715629159
157182162183
129132132133
9210494107
