1744
29753675
13399136101
103128106130
58906192
7520580206
171149173152
023226
2983103
101810410
139119141121
19561988
127188129191
1552215626
117209119212
952210023
34833785
131145133148
81578459
2321225215
1116816169
30903293
196232199233
1282713029
2811731119
1104311345
58366138
158166160169
181158184160
6420266205
108215109220
166247169249
94839785
364666
60676369
106174109176
64926794
1144111942
154125157127
26253026
18299184102
5310454108
9613299134
163151165154
1188312185
6310365105
112124114127
171107174109
175219178221
61358137
165221167223
162247165249
1083511037
38133916
117150118154
176118179120
51655368
1381914021
78258027
143165147166
102175105176
812412125
1093811240
1577015972
126107130108
7719378198
25482850
6112163124
606628
10351337
9623598237
129179130182
1074310945
119223121225
1702617328
148166151168
11321434
3419037192
184129191129
9218197182
1926719569
162138164141
88388943
123194125197
549856101
18631878
6824571246
170201172204
5619358195
1768217984
1949019792
6614168143
01802182
1614317148
1029610498
2717530176
126179128182
1231712519
1347913781
1087910982
8616389165
534549
104247107249
4612448126
9522198223
2713530137
1276913071
816848
15331565
168185171187
10871109
72787679
141241142244
14711503
155148160149
21772479
38834185
179218182220
1327013572
6018463186
6823971241
1125111552
30603362
106186107190
8916192162
165215167218
170248175249
6216265164
166115169117
173161175164
1052610828
5924560249
68227323
18342136
7617678179
2122824230
105125108127
124139127141
66256927
162185167186
7918982190
60736474
128151130153
104197106199
116178119180
093198
8917191173
133219136221
162111165113
1344813949
14331465
181190184191
51187121
1503315235
59126114
109110114111
1593916141
31805182
146192148195
76457947
168228171230
192220193223
144187148188
138135140137
8023785238
73717672
117133119136
8019184192
1506515566
81508353
7423077232
9120493207
9111592119
139123141126
107199108202
4120743209
122207126208
6620768209
6713569137
1219915201
93279629
7010573107
52795384
171123173125
108221110223
434456
3413237134
6612169123
148198150201
4716950171
1214815150
01725173
115122117125
1148511786
29453247
60486350
155212160213
181215184217
160161165162
21372439
1725517557
111133116134
98117101119
70567258
188202190204
7910180104
54605762
131180133182
720412205
191202194203
1498615090
124222126225
1034310447
195211197213
15301732
17151738
187215189217
181187184189
1136211564
134222137224
6385
108146119146
2424727249
174181176183
186107191108
1814320146
11098111103
161166164167
151143153146
185139185150
1637416479
483984
1529115395
29273032
45194821
1702917134
8924192242
16931995
1974019943
1215512456
111214114216
144140149141
9210894110
89569158
61989199
6813871140
98198101200
109152113153
143108146110
2914031143
97100100102
1724417645
1641316616
188111191113
8715590157
70657268
101229106230
31113412
4913854139
111221113223
2814930152
120207121212
89699172
51465448
138194141196
1701317118
1891519216
1015312155
19641995
143245145248
167159171160
3222435226
1872918932
5924062242
127156131157
2121724219
147146150147
165139167141
2711132112
1148711888
5112452127
9420796210
126126129128
2216523168
1787118073
138224141226
3921742219
117184120186
50765378
122130131130
98171101173
2318725190
1418014482
5624758249
105123108124
37733976
994510247
491523
9116894169
14731775
1821918421
1663516837
196183199185
6319865200
1462214825
75197624
132188135190
12096121100
15901622
134210136213
1255612758
7518378184
41647166
97919894
172159177160
164122169123
103137106139
135175137177
167240170242
143202146203
6621869220
177121179124
111157113159
1711017412
1309613398
31383639
5013452137
53705672
1364014340
2918433185
86908892
9217395175
1311915121
115217117220
129116132118
1368214083
50355436
27902992
8011184112
90279229
128122131124
6422565228
1429414397
4017743179
9115494156
109240114241
9771009
1366713969
1373314035
7217475176
5612358126
7715780159
127105132106
161163164165
144111149112
11231145
143133146135
5910968109
109178111181
1465214855
154122157124
139100144101
163244166246
7617378175
46634964
4321946221
41114412
176108179110
121214123217
2913031133
41554457
278309
193224
1244712749
103144106146
19692271
131108133110
36334134
142237150237
19882190
4018942191
1571616017
148169151171
120220122222
95169718
5613759138
161127164129
103215105217
1806118462
51158117
1579516097
18599187102
190232193234
2411035110
9420297204
30633266
742765
147233148236
4419949200
136123138126
220252
1723317535
1458014782
12561278
115105120106
179149182151
178247180249
163142166144
192118195120
1576816069
5819660199
1588916789
18271859
9419297194
25302832
6214864150
1710920111
9024793248
937410474
41874588
108244111246
1662616928
1404814549
102232106233
6515267155
3517738179
186117189119
138106140109
145129148131
5316556167
1671316916
165207168209
02422245
1043411234
4511448116
1561115912
5313555137
636659
128248133249
149195152196
1901019312
1415914560
76107813
194234196236
6115866159
02244225
7314076142
1071910921
6216664169
6320665209
1067211173
1014215143
50175518
110207113209
8510987112
6720271203
27843085
1046710669
20482152
196167199168
1149311795
125150127153
179197183198
17662466
1247812780
152118154120
66446946
15111713
1768917892
1366113863
7610979111
126135128137
3913942141
9115794158
177194179196
159217161219
8711590117
51215422
175228184228
195127198129
184123187125
176175181176
1518715390
21732475
5321455216
1408714388
4516448165
1227212574
120117121122
8824589249
1296213065
1567815980
156217158220
5912060125
1492015122
3823241233
1304013342
176197178199
41264428
3724439246
2622529226
128185131187
1707917381
101112104114
159220164221
4916452165
1968519987
065267
14941526
98128102129
123202127203
172196175197
1238412885
149915211
3424436246
14461748
4722550226
1839418696
3524138243
5323556236
1403014332
127110130111
7122773230
2219623200
1967819980
135232139233
31833386
4324245244
169243172245
102168104171
93529554
5916661169
3922042221
5422557226
1034910850
150137153139
1791318215
2521628218
5010552108
165198168200
8915092152
97226100228
165170168172
590631
1897619179
1144311745
177225180227
1503615139
1312313425
127243129245
3719540196
1510916114
5319158192
1009510199
1949519797
75327933
4210046101
2324325246
1252712729
197198199201
188138191140
074575
1465914862
169169172171
1573316035
183210185212
142196145198
129246133247
4316644169
128203131205
130240132243
1510318105
6417766180
2021422216
60286429
1569315994
915947
33403641
12051227
01692171
174178177180
64356737
1522315426
1618416486
41678168
1427314674
3223735239
68977199
65886791
193145196147
83148616
5120554206
1012910332
168225176225
110217112220
4614451145
1688917092
227728
174230176232
6418467186
5915361155
195152198154
2416427166
178242183243
180147183148
104102106105
9511597117
8818391185
117192120193
172206175207
1010913111
57935995
8111990119
1165512056
129221132223
128169131171
9123592240
2123222237
151133154135
71899191
2210029100
72367439
68837185
4614647149
7924181243
15951627
4411748118
87139015
42584560
43764481
126192129194
68286931
130213132216
65846787
191184195185
193226194230
1583016131
156171159173
1822218424
1841218813
180129183131
5314158142
15741587
132170135171
126196129198
5612758129
7520176204
7213875139
1622719229
1755117853
99914100
176200178202
109194113195
756959
67646967
3224333248
61788181
1092611129
694797
153158156160
8623688238
1187212174
153152156154
168173170175
1898019282
9515198153
145161148163
1708217583
1596116064
6020363204
38684170
7422575229
49915392
26122914
189124191127
1055110853
31763677
5120154203
850930
65736676
158133159137
126213129214
133105135107
1515717159
81548456
1818021182
9323395236
662963
153165156167
1451614818
1217912382
183192185194
122117124120
1108811389
59656366
186155189157
770802
182106185108
52515553
3414137143
1765917960
1801018312
155131157134
978610088
3121633218
1198612188
11201142
9101015
157239159242
1734917850
39484151
4211044113
1221412416
158115163116
1914419445
173153176155
1420317205
158112161114
1343814238
1109311395
157200161201
47665068
156202157206
7516477167
9617999180
7118074181
113112121112
1141711719
1523220233
188146191148
8515288153
125171127173
150203152206
7816980171
100153105154
1012613127
173174175177
169921100
99136102138
82648566
187165189167
1041110613
187152190154
77737975
2722932230
3516938170
100210103212
7311276113
106109108111
1327513776
1602716329
4918351185
5916261165
1521215514
192106195108
177229179231
124163129164
13521375
1704317146
5221753220
1313713339
3610938112
7013473135
9110594107
23682472
9214595147
1658516887
113235116237
5821361215
31783679
3012032122
921712219
7021873220
186114189116
117158119160
1416814470
168221171223
149101152103
28383040
15331736
189102191104
130166133168
2417626179
7224674249
128100131102
98218101219
42007201
1852018822
6013461138
1827718480
98159103160
2319327194
1581710
1411414217
96469848
28602965
1414415147
176132178135
144115146117
166152169154
1323513636
125110126114
111225115226
147224150225
1246612768
159816210
166161169163
72837684
5451445
97419943
3715742158
5612058122
164118172118
995310255
10399106101
41434247
5613359134
26222824
138133142134
2122023223
112120117121
2624329245
3722440226
6412473124
1166811970
92579459
1912220125
154191158192
5317255175
167149170151
33573559
1844818750
7612577128
9614398145
177189180191
24172918
920612207
118123127123
162181166182
143228145230
1601116214
2412527127
102200106201
19592261
102115103120
172102175104
4218747188
1724320245
6914473145
41697171
191174194176
6215164153
01042106
78648166
180212
6811170113
6610368106
1644916950
29413144
977610078
93199720
816311165
1666816970
110210115211
8718688189
159215164216
1913922141
8219385195
1662416925
01483150
4821552216
866971
126237128240
15922292
10551160
158246161248
3820441205
115175118177
193142195144
128138130140
1182812031
1432214525
01742176
347379
158176160179
4117444176
1342613728
188226190229
2021122213
108187111188
178239181241
143192145195
109120111123
162217164219
189133192135
6021663218
87849085
124188126190
152114155115
1945219853
190247193249
1616816569
163175165178
1935719758
1745817562
1012213123
39524154
120181123183
3421435217
1336713569
4415446157
1927419379
134202136205
38174019
4715650158
1359513798
185218188220
116187119189
47725073
6616369165
1210715108
107141112142
11731196
169205171207
1642616529
2921433215
1644516946
104155107157
1862518927
25462847
174171176173
1122811729
961410015
118102121104
4714049142
19321955
1268113182
39614362
3712438127
109247114248
91399341
159193162194
1377214073
23902692
24562758
11599116102
1225712460
10881589
1041910621
2513827140
4222245224
177146179148
65286731
198239199244
982610128
5718060182
3615040151
32446246
1226712371
2612229124
1698417187
1188912191
140204145205
34513653
59336235
170133172136
1737017771
76538054
5218555187
75377839
45264828
180161185162
1626616767
6614468146
69117014
430481
9419099191
591893
130199133200
188222189225
134196137197
178177182178
1416514467
1484015141
1277412977
99185103186
5010953110
913511137
128119130121
7918181184
158129160132
7319676198
1076610969
39294330
1926419964
38584160
4115943161
12541655
585887
552854
177192180193
3121235213
1656216765
140111143112
89229224
120158121163
2613228134
113217114220
69477249
61102
7624178243
154222157224
85228824
256458
33553856
1766117962
148143150145
676879
180120182123
8915994160
1123814239
150181151184
1373614037
173198175201
61427147
998110183
164224167225
107162110164
1133311635
53295631
1816521166
7524476247
179135180140
60976598
9821033
1213015132
163187164190
171138174140
136133137136
1018810988
178214180216
89339235
01391144
1411814320
133135134140
1217512676
5219554198
942974
2816931171
7420777209
5317655179
1765617858
920213203
2715630157
165190166193
18842087
13661668
192127194130
21292332
43744875
21775179
1246112664
1762818129
149161152163
1861418816
1954919751
85528854
31935195
91259626
54905791
157155160157
76907893
88469048
37874089
71167219
9615897161
1737217674
4515047152
8620289204
156209158211
135162137164
180179182182
1596516167
65496851
20212323
154128157130
1669316995
189181190184
144209148210
1316015163
155183157186
1110113103
137242140244
155138159139
123107125109
8723092231
60936394
165166168168
3513838140
70637364
7321034
13131345
6824271244
42664468
5322155223
135139137141
24932795
2417326175
104183107185
104222107224
17471779
25712774
4222543228
84888591
62846486
114204116207
184151186154
38104012
136813810
1382614128
112144
2313824142
1561315915
102202105204
139247142249
1187612079
8214486145
37363939
79138215
173167175170
4114942152
175138178140
1833218634
72317433
103135108136
1919419396
1638116683
49315233
195237199238
2016124162
068270
3910941112
1396114163
1932319625
1047710779
1963619937
4419346195
7421777218
1443314735
168137170140
174112177114
121131123134
145146146150
1853818840
157152160154
172141175143
3612139122
1753017732
173116175119
157188160190
7821679220
68887090
756779
135172137174
157230158233
105149107151
1276212865
1437514677
170113173115
186141188144
195176198177
5720759210
124185127187
109139112140
130191133193
52348236
21262328
7410475109
176184179186
8598811
1719621197
30143316
141161144163
164133166135
53325633
190244193246
50615363
9616298164
1076210865
161148162153
98156101158
618821
18962098
99124102125
179171182173
1261812920
44134615
1623016532
6218165183
158126165126
3210735109
3910340108
7816483165
146136149138
1209312295
195109197111
1875419056
173202175205
32483353
98201101203
164145166148
134102136104
2718832189
3117634178
2415227153
124165126167
107234109236
153203155206
8116686167
6720469206
116239119241
65326834
11501165
138164149164
183135185138
9771279
1858018881
6619669198
115129118131
111104114106
68527153
151128153131
1415514258
132122135123
99139102140
1868418986
120235125236
72229224
155815810
4821751219
6323966241
157164160165
35663768
5311156113
3021033211
9316195164
16299165101
193179196181
73417544
71347635
1059510798
45504852
1018413185
92689371
7012173123
139142140145
106132109134
185183188185
161238166239
5022854229
33423743
4619751198
195202197204
2818131183
1456514966
139165142166
191160194162
4213443137
65616863
1122011521
01132116
5116954171
112187115188
7518078182
86338836
2418027182
19572358
1314313345
21355137
188122191123
9712099122
137228142229
140214143216
1835618459
176161177166
8914292144
35633865
150156152158
190217193219
5516858170
9614098142
1516215364
9181121
10041036
198202199206
2612029121
1875719258
18899190101
93889689
77287831
114159116162
9621398216
40354237
190224193225
6524267244
177154180156
8951098
1822918531
89619262
153161154164
1613918142
6618769189
5613559136
109201111204
1325113552
1019112193
1659616798
194244197246
7419376195
194208196210
91159417
116107121108
5923662238
57776079
77228422
174245177247
514529
169218172219
179234181236
191189192193
8717491175
183120185122
2514128142
8111684118
1859019091
6514869149
122159125161
18312033
197178198182
161168164170
125144127146
185131190132
29483151
147101148106
146247148249
80188221
54145716
174149177151
7622178223
196141199143
6419367195
187168189170
40744277
7917481177
1311713518
8112184123
196100199102
147107150109
192124194126
1869219193
76427844
2314626147
178223183224
3413537137
161235170235
02062209
276327
479950101
159204161206
122102125104
104209106212
117235119238
3917142172
619964101
64646667
9519697198
23592661
147189149191
83678472
144167147169
40904193
103177108178
160134161139
7311677117
126199129200
9523097232
111154114156
111811311
184111187113
82928594
7414377145
163916611
3517540176
5323356234
21952398
16851708
4119542200
4911152113
121245124247
155237160238
111175114177
6421773217
271573
1620018202
1689717199
50395142
191179192183
128141130144
15431845
151237154239
1515518156
73467549
4315044153
1715317454
3722939231
554576
173144177145
7816680168
13921495
97129
153246157247
966010360
7814781149
1081411116
1818618587
60266327
6815273153
6214665147
73547557
5919463195
120204122206
7217275173
114811513
1327313674
131176134177
34803782
3612837131
1206712171
7316277163
128201133202
4510746112
7919682198
6818473185
31253426
99235102236
24192523
134146136148
02363238
137185139187
68917292
21405142
74807782
79368039
21174120
190155193157
1818421186
2710230104
168128171130
17571861
6521068212
30803382
2823631238
84508751
1829118493
1657816780
8123086231
6116066161
9422696228
5617861179
193148196150
1551915721
8512290123
7812280125
1239513095
51855487
3621237217
134227136230
135149
9120193203
17242025
153216155218
166201169203
4324548246
1728417387
1523920240
124212125215
109135110138
1629616498
19801993
6014961152
126912812
151197154198
89779180
8315885161
4618150182
8320088201
77488050
9413898139
19601973
2311126113
8217684179
125119127122
90889291
108185113186
99144102145
1255912860
6623669238
1376414066
153176157177
1947419775
1693517137
144216147218
116221119222
164130167132
120237121241
126103130104
1431414417
5615358156
143199147200
1075410956
107205109207
123229126231
5520060201
5016652168
1662916832
21435145
168155170158
1517415278
191186199186
49505152
7816080163
1404614347
1477014973
9021992221
122177125179
1926219962
114150116153
2619029192
9521797220
196215199217
1444014742
02103212
43464548
99215102217
1507015273
147242152243
162197164200
37984299
143242146244
49275229
1908619388
29223224
167147170148
2815330155
4818850190
1133811540
4310244106
15799161100
5123054231
25883089
116911712
2114324145
19199194101
1817218673
193115196117
135165138167
112178115180
1253012732
119226123227
6521570216
8620590206
7020473206
464505
12851487
18031826
47225024
8220485206
1786518266
46484949
1711619118
138117143118
4912450127
6510168102
1926319963
5218255184
901914
4118344185
2618428187
49815184
45105011
1274012943
4820550208
33183620
8423988240
786809
17672467
106193108196
9213697137
168141171143
7323377234
1612216324
1074111242
111169114171
2312125124
4920150204
167238172239
23512652
6516666171
133149136151
108155110158
7651865
113229115232
114167119168
1904619248
1224912352
4011543117
181155184157
115139120140
02392241
190170194171
147202149204
1210414106
1686217164
1917219673
195156198158
8211385115
1818318385
7715082151
6920973210
813812139
1781618118
38204022
1820621207
2018822191
1456714869
8719290194
1496715269
1763417936
148226149229
3821541216
3421039211
2218425186
166228167232
24242528
17771980
1223612538
106182113182
114249124249
110228112230
187149189151
183178186180
36943995
105169110170
018319
127220128225
126159129161
152244156245
1611516218
9118993192
105112109113
36903991
9119393195
147151156151
81478449
48695270
34223724
8422189222
3517138172
192110194113
129224133225
124226127228
1687916983
138138139141
1047010971
1323114235
6222964231
9421199212
1609116393
59626164
6716868171
1686517167
6419067191
21235125
173241176243
7801082
13101413
182139184142
45534855
195162198164
7814581146
01563158
1736317864
8317386175
43354537
49755875
117213120214
1137011572
112199114201
1582116023
66586960
178142180145
973110032
103206106208
6920773208
172214175216
820011201
133240136242
116225118227
64776878
1803318236
71269128
1121211316
189142192143
4518548186
640662
5519657199
88959097
1607716280
290492
91369338
1938019484
56635865
1809618298
87309032
4024442246
432634
121114124116
6914172143
63586560
140130143132
110233112236
119174122176
47124915
1409814599
129135132137
161104171104
1783018132
123232126234
1224212445
055955
151121153123
183246186247
95126
2312828129
81788480
