1738
66686970
1579716099
1044010642
1818118483
10021016
1317513676
181190183193
1266012862
110221112223
5210455106
985110153
2622729229
8612888130
137120140122
3023532238
3816942170
6715769159
1091311115
7197410
1818618488
164151167152
3818141183
59476348
3819942200
180178181182
6223264235
8521189212
1551616017
8023182234
151111153113
157195160196
121111124113
8817790180
8224483249
1129211594
162140165142
6221064213
141118143121
177218181219
128161133162
184190188191
68907192
1658017081
1352714028
9210794110
246547
1183312135
145235147238
117106121107
96147100148
178149180152
10751278
138211141213
1677217074
1169812798
136146139148
113220118221
31593361
2121223214
8098211
01173118
2217825180
116224118227
4314645149
194106196108
54105712
168152170155
4020342206
150185154186
3810740110
114123117125
168128171130
177105181106
170148173150
118197121199
166122169124
1895519257
454657
34373639
1719719200
41244326
126101129103
5414159142
121245122248
9013893140
38974199
1265312855
58266327
1324613548
1924519547
9611099112
23252826
1816321165
198195199200
62239224
1711220113
1002810230
77557957
3919442196
73217426
1658316688
7711180113
182239185241
67427842
60876289
1214815150
1411216114
2212527126
3320536207
197110199113
103174105177
196137199138
42224523
193151197152
33543755
39634265
145214147216
141230143233
1211112313
6811071112
118173122174
359937101
124209127210
163227168228
145174148176
02485249
38224123
153181158182
63886689
1037710678
125151130152
7516578166
29563457
150171152174
38544255
3722838233
185203188205
5517158173
92829385
101147104149
8191120
3116633169
1938919691
166209168212
189202191205
7124374244
1407014372
1867818880
137189139191
179211181213
159140161142
1752017722
956010260
1746317566
58810
6912374124
4015243154
1688817190
157100158103
34873789
8312985132
1354913851
6523368235
1293413136
67866989
1646916771
194212196215
383406
1819618697
1584716050
5923560240
1062210825
180108185109
51898190
192137195138
114128117130
8220385205
124158126160
3919742198
168117170119
1844819448
145165147168
3923241235
64766778
3617639178
4816752168
572613
70437345
143194144198
85228823
499952101
51867188
33253527
18432144
8410287104
6323965242
3715339156
7215275154
153170155172
1527015671
1101611318
1472414828
186129187133
9617299174
110118115119
117242119245
1023410536
02073209
38244026
2618529187
197117199120
130102134103
4724754247
3511740118
6610169103
30103312
91509452
191174194176
50605362
186242191243
91359437
1575715959
154197159198
1319115194
1716920170
3624139243
170100173102
1817518378
183122188123
13541386
2517130172
57696270
9014393144
1228512488
18401863
19161948
4620449206
57135915
141214144215
132217135219
142177144180
81788480
2524226245
4523850239
1406114263
496528
1198912192
2324124245
7917482176
120202122204
57405943
8212685128
3912941131
165102168104
1711022111
110101112104
5114755148
160225165226
143186147187
111106113108
913411137
108132113133
150150152153
1605616161
512510126
1161311915
10941396
1014511150
120242122244
100910211
8413587137
1288713189
1420518206
141146144148
140169143171
2113526136
144217147219
1765918160
1279113093
128813010
84598860
12401291
189125192127
156224159226
102247105249
809882100
3314935151
49215123
7512580126
1751517817
133124136126
130191135192
1124115242
8012982131
76927894
88339035
157149160150
99144102145
110145113146
107185109187
136114139115
1592916032
129105132106
68767078
148139151141
3821643217
122197124200
1576816069
62596461
8621589217
136229138232
59836186
41294332
6214567146
1032610529
9518898190
460762
7020973211
1121411515
4212544127
161158163160
157173160175
4719152192
84618663
4422547227
1212914132
6020461207
181149183151
100105102107
176187179189
52245427
193102195105
02191222
1436214664
9216995171
145221148223
361412
66937194
1532815630
156162158165
1447514677
168217171219
5415856161
9215294155
117103120104
4823252233
192247195249
1024410546
114177115181
984610148
106137107142
17831806
1105111552
2912934130
119148124149
6817071171
6914271144
1913119433
1437814680
116172117177
142138147139
62906592
114173115176
4917454175
101186104188
1844618747
151203156204
1781818120
112217115219
154107157109
7010572108
1127211475
3614341144
127215129217
192161196162
628930
107223109225
1312516127
149114152116
8610588108
6622070221
193219196221
1005710259
168125171127
194230196232
1344013643
90749277
110240112243
199922100
1954819850
1507915381
18652067
4023645237
138216141218
94449845
139229140234
157247167247
135153138155
76388039
137170139172
139238141240
188223191225
1533115633
138247141249
2518827191
118246120248
1105311554
168185176185
5024854249
2324627247
15001532
1118511586
8716990171
1077511077
982010023
131168134170
5912964130
111164114166
1804718348
30423344
59366138
1923819540
182146185148
106195109197
22359235
166199168202
2110723109
1214014143
8624288245
81188221
186239189241
157178160180
1117614177
1179312095
4318245185
136236138238
162182163186
40134215
114144116146
15911893
167143170145
811211114
9514198143
275676
21835185
198151199156
68407940
147209152210
94829783
121142124144
14941598
3311235114
160136161139
9791281
180232183233
97225100227
3616338166
92889391
873914
2016024161
243545
4811050113
3214034142
8612289124
3122534227
1916719369
3020233204
51288130
137186139188
50885291
1383314035
1212215124
126247129249
172186175188
5413657138
7815881160
18101832
1426514666
62716474
1328913491
29253226
28793181
5921361215
2712032121
171232174233
115232118234
165203168205
116163119165
41944496
156207157210
1228912591
132141135143
1756717869
70121
13251627
065267
108105110108
1374014241
51565557
1012010223
1896419266
196180199182
52108212
153207155210
141104143107
3667
134123145123
80318333
104178106180
923812240
590631
1319313494
97869889
80568357
1916119463
2018123183
091592
186210189212
65526754
92589559
145227150228
121228123231
124215126217
139241144242
41784283
1312113522
84868987
6712871129
76538054
94979898
112226115227
106181107184
42007201
37694070
84328734
84298631
2516028162
1063511136
174178177180
6417367174
1352514026
180132183134
1055810959
169178172180
1812321125
136141139143
1507415376
151205156206
171116173119
1483215035
1652416726
120189123191
1953619937
7812281124
190239193241
1286513067
184173187175
8317086172
103102106103
153132156133
191178196179
01415142
4319846200
3022832230
1321313515
1274113042
138174140176
138136143137
1157511877
7617378175
593895
189214192216
200232
118175123176
3421336215
3018535186
6521167213
176129181130
1816618468
56295732
1723317435
6310865111
98207101209
6016762170
159168162170
1454514847
7813583136
58566158
1616916371
56355837
182138183142
5714959151
190180192183
70287330
196148199150
151119155120
188234191235
7722979232
34103613
55385643
8818390185
105185106190
96119912
31526154
023226
7416077161
109178112180
197172199175
1821420216
51217123
123177126179
3217834181
186111190112
153100156102
126107130108
4919852200
1424514447
5912362125
150175153176
104239107240
71497351
1039210793
1414814549
3224135242
148165150167
186199187202
1092411226
9522198223
3916441166
9011792119
18691959
109214112216
101190104192
1787618079
88309132
116131119133
1713617437
30903392
1323815240
1025210952
1486815170
145204147207
1741417422
2212727128
4022043222
3323438235
1441514716
1964619947
1883019033
77307932
189192194193
6017263174
118123121125
120120123122
151136154138
7610379105
115198117200
139126141128
186230187233
018320
138192140195
1531215613
996110263
1751017812
1413114432
195193197196
123241126243
1298213284
184137186139
82908791
96231104231
122221125223
8823990241
880980
7620279204
146126148129
99119101121
120114122117
181243184245
177236179238
181144184145
137117140119
1019112194
642944
127133132134
172144174147
178223181225
8413886141
16481751
7516777169
132136135138
120215123217
12431445
106143108146
1665716958
44704772
1313713439
1721017413
100197102199
7597910
135158138160
42334634
1352914030
78588060
162147164149
27152918
1620720208
1757018071
67147215
1307913381
1861918920
1416616169
164105167107
9689910
2715430156
713915
149124151126
5095311
1751318014
1127811779
5610360104
131220133223
14199143102
186102188104
125138128140
1713817440
176176180177
6219065191
1464814950
1627916481
6318066181
187227189229
14321446
1928219583
129139131142
159163160166
102122105123
119232120237
1705817260
146131149133
8316586167
8419287194
111244114246
16297164100
78188020
1029610498
1547515876
047151
68837085
2916232163
90179319
55496649
1773718039
13181359
867899
164130167132
126195129196
9019591198
413445
134241138242
178113183114
82608363
5021555216
1893919142
7317375175
3420035204
1888919191
1322914234
42594560
1521617218
106109108111
152223155225
139221142223
1935419557
4715252153
31976198
155147156151
3416937170
18482050
91959397
321426
1619117194
1655216853
77337935
4319646197
4812652127
175196178198
2415227153
1251412816
9117693179
5423357235
1614516248
1552015723
149220152222
5221753220
24402643
1162612127
417449
2311727118
109152111154
194233199234
22642964
8217985181
1036510667
9613299134
4721449216
1157211874
197207199209
7620579207
1012811133
85279028
1729317993
5310055103
100235105236
1513916142
1579315896
1956119863
2522227224
11699120100
84468748
106168108170
61159117
1261112813
194109196112
188177196177
1024810451
71847486
170182173184
170213172215
173167174170
3121333215
2611327116
188230193231
115153125153
1949419796
138180140182
2120726208
116189119190
1915422156
100124103125
8113783140
122104125106
1901919520
54195720
5024052243
8511688118
84418743
179918102
65606861
104156107158
7013372136
1472915031
76777979
58875990
7621579217
248352
97409943
69797082
178140181142
1912619527
131225132228
5524862248
43524653
1825618458
111112114114
1722720229
9523998241
1407314375
140142143144
2410628107
1713820140
21335135
157151160152
86508952
6111464116
810411106
82268428
6821371215
101158103160
2417327174
6122463227
161127163130
818411186
3721340215
7016574166
163217165220
8223584237
1258512788
113161115163
3522037223
1625416456
1612616428
1708417286
101131104133
172132174135
83968599
169239172241
7219274195
5321358214
174230177231
1374214143
7517677179
491514
7416484164
152127155129
106204110205
3111232115
120218123220
5913562137
9521198212
180195183197
2222625228
184134186136
241273
618211183
51445545
93759577
1476215263
102119104121
175147179148
750781
1494115143
102193105195
122186125188
1653816740
1717417475
124227126230
1495615258
4917654177
1784018142
2410826110
8910591107
67436946
16101911
1843318734
192222194225
187158190160
4422046223
1657917379
1498415286
2510126104
1463514738
2713531136
124232126235
84368738
1242912830
35453748
183186185189
194127197129
7420775211
1654116645
5412059121
1153411736
62226524
416718
130154133156
1947819779
106129109131
21332435
184194189195
182129185131
115166118168
125128126133
1447114674
169112172114
6211765119
78738076
75237726
1295313155
184192188193
823011232
174138179139
016317
1856518867
4511447117
177220180222
629964101
108202111203
8923491237
174208177210
128116131117
1614718150
133209144209
10291232
1355613858
78168217
11231146
038339
121145124147
108161110163
148229151231
1608616387
157104160106
13301533
6017562177
127172129175
1523418235
1723117632
02054206
1495915261
9123894239
7020573207
1261712919
173141176143
1377113974
183170186172
149127151130
8323087231
184180187182
54135615
1397814280
767818
9119294194
7224575246
1421714518
8022782230
9413896140
1747717779
1287712980
11151616
178205181207
195170196173
163243165245
17162018
6313766139
133174134178
152199157200
1514317146
812111123
125161126164
1336913870
1783118133
1077311074
127170130171
19752277
37123914
133238135240
0051
40844386
320352
99212101215
1504615248
1381514316
173224
137214140215
8815791159
5721059212
2515730158
45684869
7010275103
18151856
102216105218
112210115212
176163184163
8619789199
196102198105
16641767
01131116
9089211
8161018
1531816018
182212185214
1908619388
1977319975
186187188189
9215694159
1345213754
455487
56445846
1092211423
35283536
143914710
1461814920
01763178
21224124
110207113209
185143187145
1168811891
47744878
156146163146
1809118393
117207120208
4512647128
4614647151
102212103215
7212774129
95799881
1324516247
101245106246
163215167216
133195136197
1533715442
182202184205
02103212
63306631
81388341
123114124118
8611989121
31365139
169204172206
1118711390
1182811932
162162169162
3514037142
26303430
3323836240
1603916341
132116139116
153239156241
1088911092
85648865
52068207
31477148
1412914430
54915793
1021512217
1216417165
105112108114
19131935
21192620
93709672
193117196119
2819030193
46214824
1610320104
130195132197
145101148103
18999194100
144190148191
177154179157
459948101
147192150193
1722520226
6612068123
2117124172
124218128219
1133011731
99241107241
29223224
1291113114
129123132125
115246117248
8521888220
21292332
1036210664
126124128126
1178212083
599961102
6118562188
183237188238
43774678
1132411526
377409
1062610829
1054910851
111189115190
39664268
52103
2113126132
1619519196
5422357225
801823
43644468
512712127
108239109244
73817683
156220159222
3019735198
1844318745
115151118152
126186131187
744766
1783418136
2517528177
7817781179
1151811721
7219675198
1316016162
9312795129
3616140162
177199181200
5916162163
93109513
7421475219
5913862140
99126102127
754956
16842484
1706117263
3311936121
123172126174
2716328166
1311516117
114106116109
159215162216
7722582226
5811260114
1378713990
62197222
1711619118
1210414107
4919653197
118139120142
3724740249
3724439246
5614659148
194201197203
28933095
1611016312
2918131184
192146195148
122205126206
02133215
13121614
757959
181164182167
61796680
188147191149
1202312225
1068711088
142165
11401172
1120214204
1935119653
01303132
136138141139
120133123135
774825
02324233
8120984211
4516647168
70687172
2819930201
1924722249
148168153169
709972101
6818370185
185217187220
13521653
99142103143
13931425
1314913451
1449514797
9213695137
165108168110
11001132
1884419047
28333135
1047010971
6422466227
1481515117
152139155141
6720070201
100219103221
56165918
01732175
43434545
01362138
193114196116
3615038152
1578015982
31554159
4694911
6511476114
49245127
15061576
84578958
48165217
93649666
59326135
1802518227
364567
8451146
1182012122
7121973222
196222199224
6014561148
266317
1754017743
7624478247
97244100246
296598
196919911
7217874180
1573815941
8317386175
81508551
1038610589
166186171187
1132811729
8822790230
7323276234
1582416027
1516515467
293325
1694317048
2119024191
184117186119
5123453237
103910611
19001932
110185113186
6614068143
1924522246
134221136224
1612119122
3419437196
18292031
2418126183
159131162133
1038310585
15401563
1211412416
17552455
2714330144
136225139227
115138117140
159122163123
1476415066
148226155226
89909193
188220191222
41194321
750953
159230162232
184196186198
5823261234
1455814860
61319133
1548015683
3821839223
110129113131
57226123
6318567186
4521750218
918711190
4212944131
151134154135
58766178
1032210525
7710981110
31843387
56875790
121102125103
193188196190
170223177223
173124176126
1376313966
108134112135
1237312674
0527
569958102
1425614557
7615579157
6014961152
65966799
2812233123
7623879240
150131152133
4111644118
159227162229
1639416696
109109111111
1069411195
148134150137
161178164180
100134104135
98195101196
1826218465
1076511565
190210193212
1619116296
7313475136
9511597118
22692471
107190110191
102202105204
112110115111
4319346194
2313726139
119150121152
133131136132
153173156174
1254313044
26212824
18242225
919893100
61358138
43354637
8311285115
9012192123
5420057202
56775780
51125315
2622530226
19892191
1873619038
1519815699
34713773
1027211172
1213613139
73557656
1094711249
059361
64446646
102115107116
27683468
26872989
5511257114
1623119233
1913519437
4316951169
1321814222
46254827
94869689
32403641
118128122129
100200105201
140159142161
6412567127
4319046192
3018733189
7221273215
9212494126
1697617278
1627616578
1372314224
148214150217
1858118883
36633866
101108105109
3517937181
164183167185
1623616438
72777579
127233129236
347369
105132107135
78908191
81738474
48415242
88449046
144104149105
182217184220
1573316034
1213612438
188154191156
37404042
1882719029
146144150145
1513415436
98115101117
45644866
4014044141
149916101
1322613429
1217416175
62139215
1314013343
103196105199
36323835
823613237
87619062
166516710
1515518157
35814082
37583960
83888889
4517548177
2320125203
13801412
17698178101
7615177154
91679469
136243141244
136129141130
1717320175
1739417696
1676516968
10941117
1879219193
2917731180
1111911421
92489649
1963819940
6911973120
9017293174
1501115214
192205194207
194156197158
144141146143
1079610998
7819981201
1499615497
6713269135
6913871141
9519398194
19841998
134107137109
8415491154
174181179182
1667616878
74737774
121165126166
74277729
103210106211
191141194143
5419556197
13651567
27843086
42515251
56975998
8921891221
60946297
113197114202
1898119184
1395414157
2219324196
4121144213
2223025232
1921619518
1475315055
1037310476
49635166
135174137177
181124183126
21155116
192153195155
34593661
170221175222
1931219614
106192108194
144133145137
172196174199
88479149
67117013
104138105141
1598316185
6317565177
1078211083
182199184201
1810720109
140190143191
154214156216
11794181
1819227192
78817986
97166100167
1792818130
26313132
6818669189
127242130244
1699117194
29543255
145169146173
7224774249
72877589
10611562
140114143116
3620339204
2916430167
12881490
1144211943
1622316425
3119933201
133179137180
28753078
2823131233
772975
2212925130
1497115173
27273029
4017643178
1249412697
4418747189
5911062111
159248163249
52327234
2314424147
1701417217
97659968
14498147100
62836486
18262128
4814950151
188142190145
116116119118
7224175242
4217944181
8322887229
3323638237
196130199132
72167418
108147112148
16699169101
670721
10521255
8220685208
7422876231
3110336104
114126119127
146184149185
867971
182183184185
8823292233
1833918840
48835085
47585059
8910891110
520410205
184149187151
931982
1545415756
522535
8815291153
1553615639
168120173121
2811631117
7917182173
120156123157
8211123
125197127200
187117189119
152164155166
776886
144118148119
131241133244
111191119191
147157158157
131107133110
3513638137
1006410267
132183133188
22024204
1753317736
8471049
31933395
2216223165
93739774
53515653
78267929
3917341175
134187136190
109192112194
183110185112
158176163177
429944101
112123113128
1901119214
37104011
4214246143
6620669208
1216613170
8518987191
664966
69257227
15051575
10631564
14821497
1347913880
132198134200
7613077133
5012053121
105100109101
149117152118
363376
3512237124
175133178135
1358413985
8914992151
6215064153
12371259
190244191249
8617687181
1822818729
136813910
8918192182
5619258194
25922795
91619861
1819418695
4413848139
13341347
175190177192
145144145151
112152114154
1672717028
10601092
89209123
1222012920
9016491168
3015032153
20582360
140814211
1613620137
123244126246
1861718918
4922352225
1324316244
51558157
124122125126
141165144167
177125180126
1391511
131158134160
1745317954
1076211263
168146171147
66226924
145158147160
1284613049
172127175129
116218119219
3410937111
7714479146
146146153146
1895319254
67716973
25132814
169226173227
147246150247
92539754
5122654228
124180126183
127180130181
4724048243
146109148111
174203177205
1947519677
41104312
44844786
85739273
786988
168231170233
41694371
1716019162
7310475106
155136157138
