1718
3816341164
182133184136
6210065102
15691772
138113141115
596699
186160189162
5321856220
14941509
3223140231
1196712269
1411814320
127214131215
6524567247
1162811831
1806618268
174817710
3024535246
78558157
1617616281
6616468166
1371913824
155199157202
9220294204
1926919471
1867318876
2013923141
14371469
2215524157
167142170144
173114175116
121204124206
4115644158
143219146221
91879389
147171149174
968010181
3121034211
34653966
51365438
167165168168
5610159103
9019991202
139146142148
168157169162
1672617028
177204180206
1364114142
1302713329
98159101160
155139160140
167213169216
1119113194
122116125117
9510597107
136217137221
163146165148
115233119234
143113145115
01743176
6321265215
1543815641
184245186248
1718817292
55805882
159230162232
137242140244
107147110149
2417628177
1788717990
7313175133
1836218465
165229167232
7118274184
1259412797
1719317494
174205175210
089391
38554356
13311353
100169103171
163247166249
1810823109
1735818058
109185113186
5021455215
466517
111911410
2518927192
141177144179
1701017312
168231172232
46484949
31633366
5619160192
40144316
6010563107
1094011044
1485515058
103210106211
11899120101
164141166144
084485
1113211334
103133107134
63836487
187151189153
7571059
2658
5811861119
5381039
1391814021
110102112104
4110144103
3310837109
35403842
132224135226
99228104229
1389214094
1397714279
164169166172
155208158209
152119154121
128194130197
193303
6914172143
132235135237
94809585
30103212
1562315826
1813118334
1308514085
32393442
21134115
159142161145
190125194126
106241110242
16551857
1097211274
9118494186
44894594
34793880
145136148138
126114128117
1726317565
99110104111
11414143
116144118146
1329513696
1513615338
2917831180
19872488
172150174153
57705973
143104146106
179226180231
83498552
1511618118
190222
12331535
179115182116
105197107199
171100173103
3311435116
540743
160115163116
1068510986
1373613939
190226192229
197217199220
54305632
115195117198
87128817
46744777
1888419087
85828883
1464814950
166146169147
156177157180
75258026
127138128143
2815231154
581784
85388840
2921534216
4021743219
687709
170217173219
61669168
94619762
153125155127
108174111175
3623240233
168127173128
155189158191
1646016762
44504752
1861018912
158168161170
012314
9424798248
71799182
112164115166
90459346
1841818919
164128167130
75487556
119146121148
2511327116
527829
6410367105
102190104193
6218864190
3824740249
1572815931
70927195
4717150173
1255612858
51796182
155150157152
175246177249
1248712789
99210102212
107228109231
1931619617
6724371244
34463748
9222795229
148236150238
12771309
2510628108
7921782218
110109113111
13581560
65766878
58446145
23532458
414915
1714920151
2418228183
31223424
171177173179
4519148193
1434014642
1402914232
177242180244
123158128159
184231188232
143205146207
103239106240
51127115
117226122227
3918942190
1779618098
1436214565
169170172171
100136102139
7723978243
1618716489
20102411
1069610898
3918743188
183209185211
02171220
3516237164
141212146213
195197198198
16731704
186202189204
1695417256
35903792
13881429
20912294
3024033242
1255912960
8520388204
1953619937
43104811
1019913200
1735017454
115139120140
02073208
55555857
187102190104
129125131127
6820971210
1385814160
168163171164
5117254174
183160185162
44264728
181155184157
1787018271
48825184
166199168202
987710179
24752777
4724050242
169198174199
5522458226
11596160
8512290123
140218142221
15401581
4919152193
1112713129
2313424138
167173170175
95349836
1068910891
122129125130
8422887230
2922931232
21504153
67817282
23402543
42464548
155135157138
60926393
8824689249
16971729
54775779
106184108186
1595216154
3919841200
1734617647
6124864249
128207133208
1083311036
117182119184
9520398205
19231945
1713717339
2320626208
180194184195
1955619759
1492515226
1591116015
166160167163
1784318045
1416914372
167177170179
1714817449
124207127208
092394
6817370176
1361313915
9911023
1611316315
55965898
100144102146
1618419186
8314484149
111239113241
1651916721
5517957181
1039210594
1652216724
8212284125
1325013453
82558557
5022451228
127123130124
16571688
1546015663
7017773179
1285013152
79898191
167150171151
238440
1089311195
4510846113
28742978
174175177177
6518268184
6323468235
150139154140
5123453237
6916572167
115130118131
185137188139
985210054
1034810650
9112794129
109216111218
1604516247
1632516626
100233103235
3317136172
5524056245
58396141
193157196159
34593960
197153199156
2919632198
100178102180
2417429175
1192812230
38133918
170214173216
68587159
981110
4421846221
1916119662
1110113104
170147172149
3013132134
993410137
1895619158
146145155145
190215195216
519953102
171247174249
1663717038
1113614137
1512120122
43314732
1912324124
1027510478
103135108136
27252928
8717889180
46904892
12021234
6323166233
6410669107
8420787209
111196114198
1366713969
174187176190
7612581126
140222143224
481522
188238189242
12941496
167248170249
1715319156
79378239
4912551128
163215166217
1520917212
1033010533
124170126172
111122114123
3810641108
1953219834
10999113100
1218312386
145193148195
9616999171
103148105150
17131736
5516758169
132198134200
191120194122
154174157176
119103121106
112157114159
58606162
157236160238
6424166244
1638216684
3121734218
1415314455
75697871
142190145192
11512051
18241856
12441285
179179181181
187187190188
619821
8716289165
119218121221
7013673138
189105191107
169165174166
1697917380
148146151148
126129128131
163123165125
172206173209
121202124203
150131154132
191187199187
18599187101
8891190
27312933
148106151107
4516746170
193239198240
85879088
125153127156
155119157121
119149124150
142131145133
143142145145
024325
1811423115
94439646
159205161208
137246142247
158136161138
78428144
191142193144
70777280
6018361188
396428
3413837139
7118074181
1281410
103207105209
98142103143
49345435
1723417536
1308713289
2820131203
1941819720
4013343134
1735917860
38444146
8511688118
2414327145
5118054181
450473
108196110198
8215087151
136160139162
1358713988
8210685108
32135216
5220355205
175148177151
137128140130
108137111139
153129158130
165244167246
151249160249
1718221183
112131114133
1305913361
7723682237
3619641197
7518379184
69727175
142134147135
9524397246
125243130244
1815518457
3412136124
5821060212
31476149
133241136243
1717018174
1358913990
4022142224
1065210954
6314465147
677979
01642166
65956798
11244126
9411697118
6913271135
2413927140
8222686227
119125122127
1689517197
120230124231
17621794
33753676
20132118
20582260
99202100205
134205137207
107114110116
159120164121
175233178235
31903197
973810838
4411553115
129178132180
910514106
86579058
1038210585
127237128240
1626616568
2720529208
2514627149
31986200
174141177143
39324233
5724159244
7224574247
21774180
590621
127201132202
1844018941
147203149206
8423787239
12499128100
63476748
190241193242
1419016193
1646316765
90199321
63746479
158150160153
1307813380
4210646107
66796980
151208154210
10771379
1562015822
8018181184
6715970161
12392339
42076210
974210043
104235106237
12551557
709873100
1414119142
1842118624
3813540137
2118924191
189140190143
2810931110
131813310
1889319195
138225140227
5620263202
6511769118
1594916151
1536715669
164154167155
31363438
23202622
58266128
108246111247
1322213425
4721449216
72577559
58475950
9316296163
1409814399
190203198203
10071058
19212223
41758176
6523668238
01693171
1684917051
157241161242
134210139211
9313294136
1621317216
130100131105
15241556
103179107180
13001390
7221274215
98208102209
6175
108180111182
73767678
8218985191
8119383196
176163179165
89849186
160126163128
1136111663
9810299107
1198712388
6012961133
100230102232
91509353
197114199117
109211113212
2414128142
1458814890
39624164
72737475
156230158233
187228189230
6817071172
124214126216
190116192119
1416916172
8818689189
185148188150
1522018222
3314435146
91369438
9520198202
6312667127
58196121
190244193245
103104105107
7723080232
7210574108
152191154194
5814462145
123227126229
83468648
1874618948
5011953120
1793218035
2916232163
157216159219
171140173143
187131189134
129198131200
7220374205
1411216114
1293013232
146241151242
130119133120
7319376195
62296630
120208123210
489850100
105119106124
3521038212
10301043
3222535227
192233194235
493525
1134511746
100131102133
175153178155
19801993
75907892
175215178217
1134911850
8116982174
8823991240
1646916771
424825
8111592115
18201833
879888101
8020983210
1168912190
196129199131
2821730219
7220775209
1344413647
691704
126162129164
97119100121
9261228
127169130171
44724576
152211154214
146189147192
1741117713
28203023
1494115342
1092411226
6922173222
3817441176
111225114227
7510478106
1707217275
85598861
3116432169
99172100176
1237312576
3012133123
125111128113
118203120205
1026310466
7614281143
119160122162
62586560
178130182131
170222172225
191173194175
87218924
120110123112
1199112293
4623050231
5014353145
1872418927
2515027152
8914391146
5822861230
1843118634
197241199244
2420027202
1106511367
5124254243
82878489
89399142
154184155187
5620358205
158178161180
1818118482
3217835179
1346013663
112205114207
163182164185
156147159149
22423247
1424417246
190222194223
961110112
13299134102
1319516197
1631616618
152160156161
6211664119
9020391207
2918334184
133162135164
145247148249
132103134105
1468114983
1788218085
120240123242
68607161
815611157
138217139221
769979101
181144183147
6315866159
3013533136
1373314035
128173131175
22442745
6120963211
976810070
1657516976
5624657249
09311
121140123143
185102186107
1576615968
7115972164
155170157173
186122189124
39864288
1886319065
12171268
180191183193
77137915
8317885180
6417467176
112137114140
99128102130
39424443
131156135157
101154106155
82308532
166223169225
9621298215
150227153229
132126135128
1617116373
140215142217
1920622208
6315165154
9321796219
107152110153
6919971201
593895
144107147109
133227135229
163229164232
2121525216
1184411947
026327
13951427
98191101193
9411996122
4413249133
1686117362
61728174
32327233
97219100221
102100105102
5510458106
91569358
1985219957
153204156206
110191113193
7311580115
41917193
125150127152
1615616557
81218323
130220135221
6913974140
5819763198
1323815240
2124129241
105246107249
1034210643
116237119239
171112172116
176117181118
129203134204
110243112245
119151121153
181107184109
4412448125
6912171123
127226131227
39514154
148216152217
3223039230
13811404
1138711590
3914743148
18962198
1362913931
51527154
119612011
918310186
1956319865
1016813169
6222966230
48245026
152168157169
1020714208
138166141168
138132141134
11621194
6316066161
1756717868
018419
187233189235
160215162218
5712859131
811210114
185185186190
78628164
9519497197
7211674119
187167190169
1632716529
1649416796
183138184143
111124114126
2022623228
1112314124
4520950210
107120111121
153234154238
5513759138
139109141112
1447614977
121214123216
134129136131
19402242
7521678218
126101129103
1336613569
1763317836
1573715940
1521718219
184176186179
1021110712
41229123
107124110126
309389
76517854
1691517416
110219111222
18772378
8011283114
1712617230
141242145243
93289531
8216484167
6918572187
1820321205
9523999240
1910624107
153109156110
158164160166
146120149121
6024163243
6723069233
88779079
150162155163
139175143176
58776079
7323676238
1068210984
1974819950
155210156214
176138179140
171117173119
840862
29443246
127216131217
1146711769
9024693248
144175148176
1071311015
9112093123
195178197180
74427743
7816681168
87479049
125222128224
3621939221
127209129211
166916713
1362614127
21292431
137212140214
59126214
162227167228
173230175232
5418759188
183111185113
175198177201
158198160201
3119436195
1295313156
193184195186
2615927162
195162198164
41404641
4219945200
141240145241
42294730
105156107158
55336034
8113084131
140104142107
41894392
114150115155
72607463
1099111492
1053410736
137184139187
1354813555
49615362
1548015683
14541486
26503151
161243164245
157211159214
1143211635
5216654168
1104711250
6616270163
1913719439
6218264185
97719974
40654367
4716751168
46665167
50505253
335367
1147311675
129181132183
1111311414
849986102
12921306
124165129166
183130186132
196227198230
7710979112
3818342184
1916319465
4619651197
8911792119
71838186
113105114108
718712188
1086811369
5016954170
3412637128
1424314445
104142106144
1910527105
133178138179
3610239104
129222131225
54605762
70847585
1137011672
19852486
86899090
5121652221
8715589157
135175138177
175166178167
129205133206
1114613148
119134120137
917312175
2815032151
15598158100
3323234236
4622649228
056358
4618249184
19001932
95169718
150164153165
1736717471
94209722
79488051
173129181129
139190141193
6815271153
89599460
1637616479
117189121190
160219163221
192220196221
1265312855
14998151101
147230150232
161246162249
9622598228
84778778
108194113195
8396
4923252233
1361013812
54405742
55355836
1866918971
32215223
110145115146
1897519277
7517980180
237327
51765378
166123167127
148102152103
1267613077
185163186166
6919371195
136177
016317
1532615429
4212844130
1504715348
7422776229
5016351166
178174181176
12199123101
3922544226
141208143211
48855186
8717590176
104161106163
4515547157
120245123247
72227425
169200171202
116165120166
1823818539
1662916732
39294131
105232107234
5817961181
114190116192
1496315265
5917361176
1904619348
109199112201
3012633128
25572859
92109512
1134011542
1688917092
117214120216
118158122159
146234147239
157131162132
96279830
01575158
3724240244
8813390136
105181107183
188218191220
63906691
1603716239
39784280
6413265137
1002510327
108140110142
9723599238
133180136182
1122111522
930953
1863718939
80678369
194141197143
4217751177
6416265166
107205109207
41696171
111114114116
14751777
043345
4918552187
9122094222
40214223
1039510597
4924853249
4512847131
1719817699
1719320195
1466214865
432734
3618738190
98206102207
9414797149
23892691
3916541167
26822787
7516677169
1919622198
141136144137
1254412845
90229323
1696917271
118199122200
2515327155
179123182125
8013882140
162160165161
1347213575
162138164140
192206194209
14801503
31173221
189191190194
1722519227
196105199107
032334
18752376
146227149229
178195179200
128132135132
8315287153
128151130154
1288313384
1424614548
57875892
66627163
174117175122
71979199
6621868221
5412058121
77298031
97910010
177106180108
84628764
196236199238
114111116113
6613268135
1581616217
191101194103
9420795211
16031635
5514557148
149158151161
1755517857
1917219474
191164194166
108169111170
6918070184
1477815279
9681171
24232724
68246929
193145195147
158117160119
7720580206
89749475
43864588
982210124
01771182
8413587137
128155130157
162222165224
1221614218
1051611017
178104181105
131149133152
5621358215
1339713698
19541976
196134199136
7718580187
124217126219
54645766
128245131247
059262
1944619649
48635165
5923160234
1471714822
114127117129
15941796
60736276
103145105147
1513415635
101174105175
6723969242
179212180217
6296411
2816830170
1447314675
2419327195
83358537
94779779
1748017782
6113563137
3614541146
1498415485
103137107138
535566
136156137159
147179148183
157161160163
8812990132
7518179182
2121325214
16211726
196102199104
5012153122
4111144113
176207178210
54465649
1548615590
166207169209
2618427187
142167145169
125230127233
143216146218
901924
1711119113
48755077
1392414225
101118104120
819410196
1115911660
5819360196
33354435
61008103
1766317865
82818484
6417167173
116230119232
111228116229
44234725
1671416818
1456914772
113177116179
1819218494
179209182211
176218177222
1118314185
111203114204
116117119119
136222139224
1417517177
179185180188
161225165226
3024733249
193227195229
190132194133
937969
1821021212
8420588206
5414157143
182127185129
124137126139
7815482155
1316713272
82908393
1414816150
37734075
68486952
6610069102
151128159128
3521440215
6517968181
140231143233
147139149141
134208138209
1486915171
1099611298
1501515416
119916100
86658867
1214912650
122152124155
1682217025
135140138142
1108111482
6720271203
120156124157
02484249
4414246144
174137175140
1439414695
191188193190
1604016342
1693417136
187189190190
162207165209
1551215615
67197021
132136134138
161149162152
5415456156
1041810720
18632165
1701717120
8113286133
1379513997
5217555177
155101157103
1859218795
2818930191
172154174157
9523496238
180171182173
120107123109
4921151213
113242115244
1278113282
132163
1446614768
1902019322
2814532146
151170154172
144180146183
63696671
5423356236
195222199223
82778380
1308614086
198174199179
30333833
1719020192
1943019931
6614469146
1942219724
1347613678
4312045123
9714499146
8317285175
4424046242
120237122239
1623818240
8610689108
2882912
131195133197
1737217574
25292830
9510297104
1036010662
5517060171
7816281164
142193144195
106109109111
104202106204
187154191155
1408714389
140161148161
124140126142
823211234
165219168221
178141180144
1877819080
6314068141
102156104159
130161132164
1442514528
32903493
11431156
32943399
92269527
3424236244
235537
5111053112
6123966240
190202197202
147208150210
5411857119
190123194124
7613280133
112119114121
1314713349
8510988111
1509515397
1731717619
119222124223
1375514057
16732074
100100101103
2215124154
1819618398
1005111151
107225110227
9016292164
1573415936
2022423225
13141365
1849618798
9522096224
999810499
1884519745
4815550158
172161175163
7322576226
193116194119
2117924180
116108119110
31208121
9114793150
1510118103
19342136
27473049
192176197177
1289213094
186221189223
1046910771
1227012572
1074810950
191113193115
7718881189
196199199201
4218547186
148190151192
3215235154
66126914
963210033
174104177105
1479215094
87258829
76587960
41744376
1014321143
4017042172
1924722249
16801711
9813299137
35814082
79458247
3914942151
117210119213
2413026133
84158617
1781018111
1304013541
6613669138
105139107141
47384941
01612163
70527453
5212754130
16331835
73877589
191109192112
97126102127
086288
58516053
81538654
4220445206
1773818139
183114187115
178126181128
158124162125
135113137116
45424745
1921520220
1256512669
188113190115
113167118168
616648
1176311866
94869688
3812741129
91125102125
112234114236
2914030144
115202117205
6119364194
1167911981
102200105201
1527015571
1501015113
9015692158
136248141249
8123184232
1419817200
21732574
7022773229
1057810880
169120172122
6217163176
6921471217
14461748
1587816081
178220183221
21836184
76658166
28843385
141127144129
173173176174
1925619459
183116186117
37834085
5220855210
162241166242
1034510547
1568415986
1069210795
108234111236
108159109162
154164155167
49725174
457660
1571016510
170145173146
61666567
12971798
9512998131
7815883159
49285230
141157143160
171123176124
1207912381
1687717278
7519677199
107219109222
28913094
1276612871
1288512989
114208116211
159227161229
168137171139
130209133210
6115762160
138138141139
717012171
8014482147
2722430226
7211379113
27383039
1866618968
187116189119
1215812460
76847986
152143155144
19501973
149211151213
64926694
9015992161
35363837
146168151169
90249525
1305713558
36863889
148218153219
6810869111
53525753
1224512348
1387414176
6014162143
194104195107
11471188
1233112633
195171198173
1202512326
1417916182
8719690198
28863287
158175161177
129111131114
2713129134
6013862140
170107175108
4510047103
1889619099
158167166167
57745976
115221118223
1771818020
53915494
47695769
22243227
86508952
1219812898
144147147149
5118254184
1781318016
60486250
5620759209
195233198235
1072311423
4718050181
116134118136
1023513237
6921872220
62616563
47584960
819110193
2518028181
8801381
1248412786
7010371108
037140
