1765
166241169243
2114224144
123219126221
1211512516
347379
1306713369
2612727132
915612158
172138175140
4515448156
32326234
4619047195
32403542
3015732160
183153190153
17061729
193145196147
1619619198
11131135
1828818590
119239121242
1881419315
1683617138
1152611828
34863788
3616339165
160140163142
1710719109
102153106154
9320898209
6171018
162192167193
4819351195
1515515457
146143149145
192234194237
115146118148
812413125
123213126214
6201021
1846018663
51558157
562603
87939095
101158103160
122147124149
107202110204
139221142223
155173157176
8715288157
2120224204
154204157206
111150113153
49365138
4516047163
1616116662
7401141
12571298
42384540
9724099243
117207120209
1834118543
91319333
1478214984
20842286
1709317494
2222624228
7823580237
2722329225
255556
55495653
1937419676
9216893171
1857318776
166171168174
196158199160
184201185204
176118179120
135238138240
175917811
1014612149
23612564
34343736
4118543187
01472149
61496650
1698817092
1221013213
9312096122
97204100206
91499451
1045910960
6414767149
773796
43614563
097398
29213124
144235147237
10451149
173103176104
127239130241
68227025
6124264244
5918364184
109183112185
1677217074
8716789169
178245180248
71397441
58706172
144117147118
9224795248
110123112126
1818122182
1348513986
8123784238
104135107137
63276529
5522458225
101187104188
6413265135
144132147134
104162107164
1537616176
136222138225
4711149113
3921941222
890922
78518153
59806182
119246122247
4423147232
7416579166
2313426136
1317413476
4911553116
1747217674
150815211
6221364215
1921619223
5318355185
43304632
194183195186
5716760169
3811441116
102218105220
634837
7411277113
7716279164
25482850
9613798140
1501315315
77487950
32433943
41924494
1597016173
51275230
1254412845
1036310468
1126111464
1778418285
32233425
146192148194
158112160114
77308231
3817040173
110102112105
163247166249
2116921177
127232129234
112187115188
8617089171
128235131237
3821441216
75407743
1056610868
1509515396
84718772
15371740
4621649218
5313358134
1089111193
1493015331
1877719178
33713573
2817431176
42544755
256278
165128168130
196138199140
8123183233
1852818829
976810070
1656716868
16251657
1013513137
1474815050
171240174242
147150151151
190143192145
3183311
5014853150
1822923230
821611218
195196198198
333536
7617478177
1324113344
91579459
817511177
1362113824
40744375
552754
428829
92229424
152170154172
131143134145
1252912732
5219356194
1129412294
1843018732
1522115523
1472415125
74357836
8816193162
2012322125
188120190123
8912192122
120190123191
1581916021
129214131216
117107119109
96239728
181234184236
87829083
6020964210
8315184156
129115131117
271322
196221197225
4916851170
191100194102
98107103108
1884619048
164118166121
5618858191
47414943
38784081
154167
7920282204
9415097152
12581460
919893101
146165149167
1865118953
1552416025
2218724190
8423389234
136190139191
7016573167
148185151187
1438814690
87638966
119110121113
156815910
10291232
7622479226
1086111162
1482015122
18871938
24762778
1518515586
135232140233
1463914842
2521527217
170155172157
545559
179219182221
1887019072
33293532
1271313114
124140126142
1871619018
116230119232
4622850229
6710070102
1849218794
97214101215
4618248184
6721569218
7418576187
121129124131
1731217514
36124013
10681369
4317945182
95929894
191120193122
1344213943
177222179225
3319436195
116181121182
7019273193
7824581247
13081359
194155196157
71369139
156219159221
1016813170
8521253
67686970
7710279105
1849518697
4621948221
109112114113
1121011711
2318225184
141121146122
167190171191
20632265
1220015202
912112123
151109153112
160135162138
1016010362
1311316114
973210233
21362239
90749475
135194137197
1716321164
188154190157
6718069182
1579615998
68910
102209110209
87899290
5624658248
106109109111
184182185185
81969201
24652866
161228166229
12364238
1568515987
1846518767
64356936
49835086
6811371114
102193105195
80158317
7217075172
9421396215
1014310843
1848218883
159246162248
1671916922
150228152230
72667767
4915652158
1111514116
1691017411
118243121245
29293033
104156106158
12204222
7021373215
1403914242
66556956
1518715588
140206143208
9212995131
7110474106
3220135203
1985519960
3619739198
5712659129
19601992
4695110
148116150119
148214150216
1811818221
109179112181
176153178156
9222296223
2216223165
8224785249
194106197108
1791018113
122115124117
1415915259
1541215615
1306313166
113133116135
8918591188
9218495186
140118142120
46384840
1112614128
11401155
5221455215
8417387175
160157163159
194189196191
115159118160
159167161170
6924572247
163916611
616648
95349737
135172138174
6617071171
8311788118
1414614349
158231160233
4020143203
130232133234
14561488
75228023
1113011432
82568459
73327634
7512578127
1883319135
41954497
5917562177
155229157231
184186186189
1595316255
131239134241
6023663238
229925101
13181422
8817390175
9624799249
12911493
46884890
43134714
153126155128
6116764169
1348713988
9524296245
7014174142
112166115168
998810489
8117784179
1054910751
117223125223
9222695228
1077410977
70367338
1494115442
5219754199
64966798
1517518177
92529454
1447314774
9722099223
175238177241
89869188
41564260
41257127
974510046
170243172246
18398186100
106176108179
140169143171
1537015572
47914895
113229115232
13311832
121208123210
137135140136
193919611
109133112135
9114196142
152186153191
5220355205
168147172148
131200135201
1019610697
1993419945
6217365174
114141116143
18432643
9417697178
108140112141
150103152106
1083011033
138217139220
37654066
41699170
134131137133
183190185193
163103168104
33773480
180129183131
1157411876
6021663218
1094311245
141149146150
178204183205
193179195182
1755917761
71167219
43564558
2717928182
51286132
135160138162
1037510677
61718174
7113974140
73227427
155154160155
1885819259
143143145145
106193107198
142216144218
115247118248
154166157168
22692471
2415027152
1554915851
02305231
505537
984997
2017823180
1175112152
139249150249
107157114157
183142188143
651721
9010492107
1864919150
175217180218
179212181215
178239179244
1953219735
50245226
108115113116
1964619948
20752377
28533056
191191193193
6317566176
193141196143
3214034142
147162149164
1761217814
3621137216
722925
7422177223
175219178221
37964098
1422318224
1953619838
1574416045
174183177184
1083911042
67777079
10101312
159127161129
1941519423
6022362225
177174181175
1719017392
1351713819
3894011
90409441
54605762
65626863
69267228
11771281
360662
166182168185
197719910
34563659
1421714718
123178126180
7424477246
1695217254
162239165241
189126193127
1469215193
1764117943
1714017442
8516686169
6224567246
176135181136
12797128102
3011433116
119226122228
1816318366
165138168140
7210973113
90229100229
685987
42078208
119220122222
61546259
1326114161
29653167
8520888210
1148611887
3517440175
108146110149
459846102
1408914292
83288531
183227187228
7422475227
8318086182
1319313395
33903593
101131102135
31396141
15401562
1555415856
4215844161
32943596
172127175129
85117
1075411056
3216535166
2222326224
1412914332
8120684208
4420747209
181229186230
1628316485
97129915
1966119963
5810263103
012214
1499715498
4222247223
227332
8119084192
2616529167
6516467166
174193177195
3624339245
7618079182
1319018191
2923832240
1792718129
1347113673
110227112230
6022965230
38294031
17151917
1571616017
1335913760
1243812740
115195118196
4011043112
194120196122
115103117105
1319013492
153139156141
1632816629
311514
154242157244
104210106212
172175174177
7919080195
194210197212
1614416446
185241187244
1710321104
22275229
162175164178
5512058122
58606162
22242327
7113774138
4023743239
2321225214
37203922
6519367195
9310296104
7197311
31455148
1485415056
119122122124
1487115173
621644
137116139119
5018652188
191227194229
53165519
62118213
7415077152
1114213145
75687770
8020983211
69847286
24462947
1322013522
65116812
103241111241
88769079
188227190230
41667168
8014582148
179143182145
8724289245
193171196172
103199106201
4823553236
4624049242
147239149242
01162118
9817399178
161117163119
18898190101
99145102147
6012662129
111194112198
1841918721
720410206
95569857
118192123193
079381
170214174215
78388140
121194123196
1282613327
1458514887
191179192183
121105126106
3523437236
1516115364
126222129224
152162155164
93809881
166214169215
32123317
1672317025
198117199120
185194188196
1922321225
151247155248
024129
1362514126
1658617087
1935819561
232255
8422088221
88459048
11611193
5814261143
1876019261
780802
6922872230
7971099
39144216
191164194166
263295
1127711579
9021293214
132126136127
182133184136
107228109231
93669568
1798618189
2619427199
120158123160
109245111247
161201163204
61757178
762964
165105167107
722610228
59666467
159192161194
11298115100
6214364146
1173511938
100191103192
72219224
157179162180
7617179173
4117544177
6023161235
37563861
173244176246
159122164123
9317998180
2013122134
1096911271
1941219714
1123514237
6021164212
1735317555
155121158122
162199167200
111154113156
7210777108
8018081184
1716520167
138140141142
3321135213
1009010392
124152126154
183237185239
87109012
7917482176
1626716470
169184173185
1644116643
173230176231
76107912
186212189214
3718640188
5715559157
108149
146204149206
1404314245
123132125134
5620959211
1194812250
186199187202
2120523207
1026910571
7416777169
1565715959
1222914232
130181135182
147156149159
127104129107
51765577
4010241106
2720630208
1108711389
712810129
1881919121
145195148196
92849586
9741176
167247170249
26552760
4111843121
112119115121
667969
19631994
65467047
10041027
99123101125
3718140183
108193110196
42046206
16897170100
1651216814
31755178
134206136209
1755617758
81958497
6410467106
5515256157
36713775
139196142198
34373739
182159184161
86368839
118139123140
8810292103
1312916131
1899019491
139224141226
74587661
175212178214
178146180149
154117154124
139158141160
9321697217
85468748
194241195244
5710760109
6381139
1620018203
6318066182
1923619439
25932994
32183520
6113862141
1647216674
47725074
175148177150
58735881
8312985132
44734675
1887319175
586608
119145121147
60266229
152245157246
1431914621
166217168220
1710520106
3820541207
189146192148
1626616966
1166011962
1211912420
5917862180
150241153243
1052310725
182126185127
151113153116
8613191132
1424216244
12561557
1277613078
1089411196
1818620188
117131119133
1421015215
103239106240
6818971191
1198512287
8623989240
9413496136
1797018172
7022473226
17212023
99193101196
4524547247
179196184197
181146183149
073276
1346213763
143162146164
14398146100
1512620127
61438145
4419745200
1433914542
196115199116
1914219842
100245102248
8721289215
1021310416
1623616737
1008610587
129183132185
187118190119
9789910
176127179129
1953919841
1345413756
16501664
11798120100
2423327234
103234110234
148233150235
156101159102
65886693
1841318715
175111177114
32813782
112144116145
186237189238
148217150219
921011213
7720779210
5024052243
2314526147
1176311966
1663316935
8511288113
2616929171
155170157172
113122116124
56755778
172149174152
513554
6322566227
6296412
18242125
1053410935
15299155101
056159
2715330155
343375
196243199245
8622789229
8419687198
8122883230
191123196124
8519987201
4410946112
1796718269
141103143105
195226196229
9215794160
65846886
14521484
143192145194
4010743109
91769477
140209141214
8915691159
6911971122
46654867
303335
106143109145
45914695
189125199125
8523088232
1474315044
91114
156215163215
9499611
1345713958
62616463
3016933171
270350
4721151212
161163163166
12371440
4418548186
132108135110
187129190131
135152138154
182213185214
7013473136
127213128216
56546055
152239157240
6083
2822630229
9420396205
168192170195
191210193213
1561915723
01097109
124158126161
1275013052
1392314224
135149138151
184109186111
9711003
20442346
130103133104
173158175161
2522627229
9123394235
180222183224
12231426
139175144176
1123811540
1177911884
9024292245
10911104
4220444206
174165175169
2914832150
31843387
15241727
9018193183
2011222115
73557856
59156715
2215826159
918712189
188151193152
2416226164
90219125
193109195111
1425114553
1922621228
160816211
6613368135
1622116423
5522658227
87848888
88809281
1747517678
2210225104
613716
106223109225
1725817461
11441944
4515048152
1414217144
091392
158173161175
384415
144101146104
4911753118
133136136137
15851617
85548856
51898191
5021654217
02485249
51648165
66276830
88139115
193148198149
128134131136
4222045221
12043207
4219445196
02465247
1018310485
144105146107
111158114160
12611463
5310656108
157181159183
154215155218
71767478
175100178101
5313661136
2116624168
569958101
1261712919
158205161206
113209116210
1188912390
172247177248
9416695169
5320264202
409943101
396428
52206223
131118133120
58486050
1934619548
4414545149
479848101
97238102239
060262
173141176143
6015564156
1841118812
13299135101
38374139
30403143
155199157201
58516153
8713389135
147148151149
1425714758
148170151172
116167118169
45274729
6811071112
50615363
36403842
3422736230
723210234
9123694238
9313895140
173200176202
137227140229
148130151132
173155175157
55885791
15791781
1266512967
90189320
161153166154
1122013223
140190143191
113125116127
1019512198
6315965162
56165819
121102126103
1014710449
3510537108
160181162183
5011153112
75767878
70577358
2312528126
2513927141
111224114226
58956097
1557915881
1156711769
92479748
6914371145
1321413516
38834185
3022332225
1379113993
58576059
175108177110
1721819220
148100151102
163245168246
114221116223
1203512237
46204922
16631767
181185183187
174187
67657067
02445245
155119159120
120141123143
8724689248
75527754
2124024242
132170134172
6612068123
1734417646
45114912
136177140178
144111147112
41104412
1694317245
5612358125
47755077
139100142101
88699072
6820870211
1949619798
197237199240
1515518157
139127140132
0051
159238161240
160148163150
5324156243
3213836139
125171128173
28683170
1877919081
1847718679
200222
128197129200
18512851
14411743
15071577
98197101199
116173118176
1216415165
137163139165
106174110175
147246150247
196173199175
3915340156
4517648178
119152121154
3615338156
6313066131
187233189236
145214147217
197226198229
124234126236
1696717268
69917193
8915092151
4112544126
01101114
9716198165
1321213713
1154111743
1722617429
1138211684
137113140115
8915290155
1314916151
4617349175
8810489107
1247912980
95749777
1019310495
7618379184
1915621159
82538455
18611965
1464514947
1442714530
121135
115224120225
54205722
69297131
1936219565
113206116208
52445447
152149154152
6520266206
1111211414
1975119954
992910231
166108167111
173146177147
86518853
1765317855
32016203
104247107249
163242165244
5618558187
194199197201
128137130139
29493151
6813870140
1701817320
34603564
12741476
3615740158
1068110884
36903991
83648666
167155169157
194130199131
108205110208
8618389184
81188918
99126100130
153129156131
107121111122
54935795
55455648
194152196154
997910182
1696917271
5221155213
61886490
162219165221
178167182168
067270
29953198
134184137186
140164142167
5310055103
7214375145
1219214194
1319615199
7322876230
125167128169
114129119130
9616797170
16661698
1594916250
39614164
2810329107
20782380
5110152106
150196154197
2221624219
160160163162
185215190216
189218191221
1678216885
1420418205
8917692178
1718817689
53105612
135175138176
136241139243
188161191163
31216123
5411757118
192173195174
5416458165
106190109192
492694
1934919651
1833818640
185197189198
196215199217
1702617130
33513653
69607162
77157917
103133108134
43784879
4321246214
5618258184
121118124120
146146150147
175215178216
1120313205
3110334105
89919492
3011933121
7715780159
182210185212
989510097
196163199165
1822218424
1802518326
9324294245
1723717539
49655167
106180108183
62449246
1672616928
2517527177
68327134
91829483
46585059
9611698119
3113033132
1533915640
135121140122
1927719579
1762717830
51485253
67877188
105127108129
144141149142
141129143132
157133161134
903925
99136101138
184154187156
103233110233
85499050
113183116185
8021682219
339836100
282485
127152129154
178237182238
188223193224
118102120105
166221171222
141178144180
1325313358
3010633108
1492815429
1317013373
145218147221
3714939151
123245126247
1172912031
1084710950
112171114174
55265927
22135215
181244184245
102224105225
10999111101
3922341226
1864318945
499952100
2420526207
3721742218
1056310865
1123320233
133113136114
2517227174
113178115181
1098211283
82918494
83828683
1218013185
129159132161
2015323155
102142104144
31553358
2123123234
7110180101
1409514397
172110174113
96849986
149236152238
35483849
1418017182
40884291
196100199102
67916894
7822385223
1522415427
155150159151
3415735160
191208194209
1388014083
138111143112
111219116220
4824550248
2311325115
1824619249
135219137221
7123374235
1434314644
1928219783
1024612248
8119383196
9421899219
195192198194
1145111654
34543955
6616269163
1114111442
98186100188
01335134
2619335193
185135187138
5918162182
1081811120
8015482156
178177181178
6516767169
2715629159
01803182
2618327187
11671199
1523619237
1027810580
154107155112
1909419396
1864119042
13921424
141115143117
28163118
31263627
3917942180
2518827190
436459
2019723199
6223167232
172222176223
1154811850
163181165183
184208187209
3417035173
119204123205
9271428
25402941
83358538
104145105149
3616937173
1195712259
1319613498
146173149175
108163113164
130202134203
196182197186
8921692218
6317768178
167206169209
01243125
6524768249
111175114177
6110663109
155193158194
2313125133
140215141218
165223167226
263565
112211115213
5217054172
36944095
99207101209
103203106205
1102211126
194221195224
8521888219
71747575
02012203
919011193
169152171154
1217414177
91699670
2424527247
41828183
127244130246
54395741
7110276103
1654516847
123150128151
112235115237
120229123230
127242132243
129108131110
78458147
76737875
1418514487
171218174220
47234926
162131169131
318521
51878188
1898219184
8224485246
1947019673
180231191231
21554158
5420657208
1517318174
5813062131
1508315384
1151311815
1679416996
1276812971
1678017181
12011232
1092711129
21735174
15701584
67436945
123201125203
6511167114
1278813089
168203171205
61166318
184120187121
5916364164
30903293
01411144
169171170175
76957897
137181142182
86338835
5723459237
158234160236
96184101185
184117186119
142146145148
1733417636
1946819969
759878100
160120163121
5216654168
191153193155
01692172
171249182249
158176161178
13441376
1055410658
8511488116
107235111236
171235180235
162127164130
172205175207
145151146154
124217127218
3611139113
1273313035
5910463105
61916493
169233172234
1497415276
7722780229
08211
2021521219
178208181210
190238192241
3411437116
8421186213
1071311015
5522258223
116211117216
130153131156
6223365235
1467715178
1062610729
4515748159
27102815
31176119
1155512056
1153211834
34103513
191128193131
810011102
168201172202
79188021
1233412636
174196175199
3215435156
1104711250
9213493137
1724320245
1392014221
135234136237
58886090
1803018332
2021222214
95299831
73847685
34833785
81218422
115112118114
26212824
80848385
1603816738
1003910341
6514368145
3014131146
1067211173
8920992211
3423737239
8212584128
6819269197
116154118156
125135127137
23102612
3616638168
1473114834
1928719489
133147138148
1135711659
84148716
7019673198
176157180158
8216185163
2216925171
1921022211
9420096202
2813931140
164207166209
131167134169
9714398148
6521067213
153228154232
124163126166
14651569
4614649148
24292830
110188111192
1627116375
1051310616
120161123163
21952895
92259527
42177219
4410545108
133179137180
3823240235
140219144220
163230172230
26253026
1656916871
52865489
189921100
188205190208
5615067150
1032610529
1626416565
24442845
1337713679
8921992221
61306432
142187144189
146168151169
59116114
135157138159
2524130242
62149215
1024410745
4915151154
9331235
1905119254
01501155
176205177210
1418617187
99141101144
180242184243
140243142246
6224764249
1344813749
3510339104
1891219313
1717317376
1422016222
7223973244
