1792
1585416057
154183157185
158169161171
127236129239
88389140
9614699148
1118016181
169172171175
184136186138
9615698158
71299132
1724522246
113229115231
118158121160
65606861
56935995
6313067131
1477115073
22782481
146192148195
1546815670
4815951161
123135127136
107199108202
8410487106
6613468136
1916219563
1965919961
2716730169
181143183146
139100143101
4613348135
1158511887
94229724
1215015152
78467950
126105129107
3021235213
174108177110
2715330155
2218327184
194163195167
1648716592
1815318356
168176171177
6215863163
1203012332
98186100189
1408614289
1561416414
7016273164
6916672168
118151120154
1098711289
1529015791
177242180244
7912784128
135154138155
7019173193
153216156217
4422546227
1592116223
2119923202
1310015103
1202412226
9617797180
141115146116
5017552177
3811940121
36173918
192201194203
1424217244
1712420126
54515653
5422157223
150172152174
172111177112
101185104187
1154011643
182211187212
1616918171
5517060171
140202143204
7621979220
140209144210
191160194162
1053210735
84178620
2813732138
83688869
108211113212
5710760109
1636116663
4614448147
1211412416
70957496
36343936
73867588
114136116138
73397640
1161311915
4975110
117248121249
01344135
1251313014
1420017202
154199156202
101179106180
2915731160
1587916180
6811172112
139151142153
179191182192
132127135129
175216177218
1819920202
82738475
61248127
8619289194
107158108161
1935719559
190104191109
986810170
01622164
2212627127
819910201
73847685
51127115
1139011692
181216184218
120121121126
185228188229
1238912690
2214925151
55255826
1019310296
552754
1252312924
2919332194
8611088112
66196822
116231119232
1913219433
345377
55675671
1649516797
8361138
1952219923
1674717049
5723360235
38244026
116147119149
123244125247
8410287103
195139197141
633935
1067411175
64306732
71338137
45874889
360761
8820489208
4410946111
96909892
5919463195
157215162216
160149165150
1210415106
70117313
6115563157
451473
4610047103
9222995231
7710680108
124189127191
1321413416
189222191225
5219557196
8320787208
165237168238
181228184230
88739374
122121125123
1910220106
800823
923711239
151135154137
1264113042
176157177160
6521467216
113242115245
154240158241
179116181118
7323675238
9011993121
7316876169
10821114
168116170118
164212166215
917312175
153122156124
6210464107
11581189
7714179143
6723270234
1488815190
179134181137
83608662
136248141249
57506052
31654168
10741376
89349236
107122109125
113195116197
01682171
102191104194
1777317975
1122011422
62706671
50725573
1824221244
1737017771
9011193113
7310676108
10797108102
167137170138
20662368
8623989240
84658767
7515179152
170155174156
42214423
2114623148
53135615
1543815640
1947319775
3814441145
1447114674
191182193184
195211197213
1366313965
8123084232
110130113131
1311216114
41244327
1914819351
182183186184
124195127197
223525
2723930241
151207153209
1354113843
1255212755
3217635178
2722228227
79958197
52275529
3224735249
5715861159
104128106130
1837318675
01562158
7720880209
1406314266
1886918974
1319716199
2121422219
1581016112
4023345234
180202182204
195152197155
130244131248
164202169203
42337235
6824671248
1927719579
1206912371
815611157
1061710820
181193186194
41946196
124130127132
123203125206
51315334
171187176188
1888319085
9115792160
167155169157
1024510350
772795
136102139104
1462114823
1506415565
1582416027
61546258
12371440
62469247
191919311
140229142232
38374039
123187128188
135138137141
176132178135
927958
1494515346
113172115175
1744917651
1889719199
160117162119
121101122104
1404614347
41574459
79358237
1747617778
1936819376
1362513927
187202190204
4819951200
1464414846
6415867160
73547556
6021661220
1717317376
148217150219
91699471
811211114
9716999171
7720279204
101188104190
111217114219
6681069
527549
101109104111
5216854171
17831986
135211139212
42079208
7197610
6821570218
104122106124
123133127134
1228512487
187218188221
134244136247
6124865249
4324245244
168218170221
1043710838
1517115274
6110863111
51775479
146149147152
87619162
14498147100
6719470195
8814990151
96869988
30223323
1288613187
102173104175
25152718
128155131157
1845518657
1668817189
1057610778
1118411486
88229123
2222126222
2324326245
7822980232
7613678138
5211255113
6814471146
6610268104
180139182142
42428243
77268028
1422114523
3722140223
5315756159
816811170
155134156139
5417457176
152188153193
24472748
4812055120
21882489
162177165178
181219184221
107225109228
37793788
1372113924
129102132104
15581860
7119473196
1862618829
156127167127
46244728
71209123
2911033111
89929294
129122132124
218420
4215445156
21134115
1411714320
159233162234
01082110
429944101
100124103125
5321355215
1235712758
1796118163
1298813190
54885790
1623016432
618669
99119102121
134201137203
61896294
122115124117
74667967
31766178
6020265203
128151130154
1906019561
192234194237
157155160157
52098211
7717879180
1357713879
31625164
30793381
17812182
1732517527
3614841149
140126142129
7124375244
01742177
120147121150
112207114209
3116933171
51745476
5914562147
140104143106
3115334154
6811970121
143125145127
6913171133
7913783138
1748817889
1294313444
2813031132
10611263
168242169245
1681417116
105108108110
110156121156
61106313
1651416716
1021810520
3917441176
6211765119
1013410435
157229158234
1922019920
65756778
104142107143
27902992
78517954
1721517517
3120742207
43774878
2723731238
74637765
9312296124
120198123199
55775878
8718688191
67167416
63886493
133813610
1713917242
138139141141
134131137133
97509853
981910121
157219162220
3419535198
67727073
195137199138
179127181130
148160151162
108140111141
9210894110
102204103208
1304913251
112109115111
062463
1013210433
105221109222
104240107241
3718138186
15222023
198154199159
61019103
124152127154
18921907
15562057
1395414754
158248163249
1015810460
62189219
083584
8801182
4517047172
51355436
126141128144
4010943111
129193131196
5117253174
30413243
191100194102
30903292
1122811729
1756817869
3424237243
5813062131
5512757130
69547256
1336013761
2413127132
9118794189
9231126
1366914070
6217063175
45834885
6422967231
21972698
83158816
9518797190
4617649178
28693370
193118196119
137242140244
19631994
02283230
1144411646
112157114160
141189143191
10501073
1887719179
8015185152
2211425116
28113113
21794181
8410885111
188120190123
10751098
4214944152
1038611086
184208187210
3623738239
1317413377
117179120181
128137131139
195201199202
1320816210
17501791
175208177210
1415114353
175205178207
189239192241
70487251
716510167
7820581207
1212214125
98217101219
43724674
1851118713
8317385175
6513268133
136151138153
107229112230
90459247
1344713749
33673868
153231156232
150233152235
1335813759
4218945191
5423556238
139218142220
74467747
076378
2516028162
75377838
2724228246
1384414145
8421044
924011243
1905219353
78617965
114128116131
149118152120
131134134136
147226152227
2410034100
1612119123
5131014
1929619598
8321985222
145241146246
166170168172
714810150
116225119227
98131101133
8621989220
85128814
64106712
18251857
134234137236
165217167220
1014113143
69327134
157161160163
3322936231
1833818639
165101168103
151218154220
4920551207
251283
183197185199
14841535
101209104211
158164160167
1445114753
7124176242
135121140122
8119084192
12861488
4816251164
2135
1747217675
51557157
8914091143
169191172193
18922194
53465647
105156109157
1613919141
562963
5910062102
1803218234
17896179101
9319895201
8821191213
57326033
1036910671
1146811969
1873818941
1394114143
174168181168
97229100231
89259227
186213189215
02343236
9119094192
8488611
52388240
11431156
1345513757
130238131241
88809281
6720170203
191187193190
1019710499
45924795
7712980130
178147181149
102134105136
92389540
16301833
125192128193
68757077
8020282204
913714138
1785818160
9622297225
20342236
157235160236
33463549
2013521140
96299832
1616317166
1825818759
1531015612
75807683
34853688
1644816455
7312584125
1622218224
181166184167
1463814841
135135138137
6417067172
3021034211
1214112344
1011510416
1261512917
1129811599
139189140193
1879019091
3411139112
187128189130
30753376
1686917171
6020965210
1016510466
125200128202
38934394
115166118168
7812281124
1886219065
1114714149
1055310756
8413687138
22192720
1115416155
7422877229
1366714168
1555815860
1316013265
185206194206
9124794248
7212174123
1732317824
1612516526
722710228
64966798
9321796219
7017873180
143220145223
850873
150107154108
176125180126
1423014532
41904492
2115524157
1633316536
25112714
154197159198
943965
144106147107
293307
187183188186
83918792
166114167117
5414557147
2216926170
5510156104
60976399
817810181
4311246114
138194143195
1256412767
186139187142
792995
32113413
142199145201
126122128124
136240139241
1205712259
196162199164
6218465185
111199114201
124150127151
113187117188
2016323165
199921101
101229104231
7323076232
1266213063
87769077
1371714018
62028204
60130
14331474
5310956111
33413544
4913354134
130208133210
156112158114
7220675208
180197182199
124181127183
4814053141
151145154146
130220133222
197117199120
6912472126
7414076143
108185111186
36293831
126184128186
129190132192
1422514428
175246178248
158206160208
92599561
5216054163
351383
146157148159
5811960121
153118156120
113213114216
65896791
63666569
6820671208
1686117163
33253627
73417543
132165135167
2213527136
195147199148
6921372214
1314013442
110194112196
1415919160
128128129131
93659468
6221767218
9123494236
1461314915
6312468125
6523266236
24232527
31245127
16761698
173139175141
1844218744
9318195183
6510567108
95739875
182162185164
159131162133
49126012
1739817799
5515458156
4016844169
123240126242
6822070223
191163193166
116243125243
15901622
4519248194
4519548196
121227123230
177165186165
155151157153
1152211725
5817261174
64536755
147199150201
1354413746
1429514597
6217969179
647949
1848318785
4217545176
8522887231
101126103128
179205181207
1648416686
136167138169
158177161179
143117148118
122159124162
5124860248
136106139108
57746275
1174212043
8915790160
6622569226
80478349
79158217
171134172138
1169611998
1619216395
5124254243
6724370245
175207
7716280164
998110283
144104147105
138131140133
8512588127
147135150136
6515368155
5122754229
13721413
22282431
9717299174
157172159174
4821651218
152196161196
133102135105
1147011672
155167157169
65846886
13411364
150236152238
18641968
6823072231
39604163
11111314
5912262124
4022643228
169125172127
1546615867
32573658
149111152113
9271129
120135122137
1821420216
7117276173
141130144132
1885819259
184187189188
7214474147
109912102
165118167121
172176175177
120200123202
15431574
130173133174
2117123173
198129199133
1125911561
196106199108
1718117483
184117186119
5714859151
182245190245
157147159150
195231199232
133162135164
93809681
161180164182
16641768
1151812019
432446
5124554247
315517
128132133133
151121152126
5611258115
129158132160
5117954180
1755917762
105165107168
179120181123
48905093
136165141166
2014123143
98126100128
896918
4916551167
065366
17051728
107126109128
6822771229
124228125231
1501515317
1781910
15401572
6420667208
187194190196
104199106201
15831624
17821795
1024712249
9151117
178208180210
156180159182
19162119
9411796120
454486
9420897209
165180168182
995010153
1309113393
131182133184
143168146170
948510485
97107102108
1945219655
183139185142
118175121177
162242
1755217854
187189190191
1347513876
7319775199
74207722
8617089171
53915594
94169718
28393340
12661568
1655016752
155105158107
80638365
107179110181
192129194131
45974799
162107167108
920212204
6314765150
14121714
1764217943
70577558
141208150208
136217138220
22582560
1418616189
1475915061
9213695137
1509615597
157143166143
5612258125
615818
2922932231
1398014282
119186122187
159240163241
918512187
8018182184
106170109172
8315486155
02131218
30463248
5012152124
1402114126
06111
5723662237
1808418385
42207222
132118135120
1501315514
1233312438
4411947121
2019623197
3311644116
464666
1811318216
994410146
1193712239
122147125148
124224126227
1562115823
144161147162
17099172102
138119143120
7110173104
4217044172
622311224
1898019282
50825285
163189165191
1705517556
4813853139
1248112584
1211112413
1204013040
10998111101
1381014012
61846486
43755075
6014862151
5219754200
155170156173
2120324204
187176192177
192152194154
4122044222
1316613468
4121444215
9210297103
119216122218
972610227
3020433205
191233199233
902915
1546115763
112123113127
120170123172
1336313565
9011493116
177186181187
1323113532
101241103243
198238199243
1079310896
101150105151
195196198198
1714717548
6516268164
1026110464
921612217
27442946
9123794238
124170129171
2519228193
88829183
1871618819
164113172113
181213184215
125172129173
2312226124
1113516136
84268628
105114107117
02433245
12571460
150128153130
163236164239
6613767142
165243167245
144194145197
1781618019
9213394135
6116972169
1719419196
1711220114
122178125180
6910070105
1916419465
139162142164
6823570238
174219177221
3319235194
110239113240
1316913371
1662216725
9714998153
116244118246
8717889180
104177109178
1928719489
3712540126
312335
1078110885
1793518237
7018772190
1463114933
127240129242
085093
9510498105
3115534156
7019772200
178181180183
2317427175
1781318015
2917631178
192222194225
146127149128
1847818780
1610018103
8221684218
6419366196
1684317145
121151123154
190155194156
4521247215
187232190234
19312133
59816283
77787980
215238
71617662
5516860169
1118812193
150915212
2619427199
1012810430
9315595157
4115944161
1044310745
1285313254
30143216
3515038151
1881019012
01781181
22372340
185217196217
70237126
171117174119
8416288163
1265012951
7222673229
5321855220
49155217
126100128103
13611564
2423826240
7110572108
2615628159
1079011092
122124125126
1208812290
3314434148
170239172241
2423526237
128223131225
1436514568
30943794
1283313135
88849385
111198119198
1921122213
2019023192
126243129245
2016623168
41454447
124198128199
46674969
134238135241
9681009
919994101
154188156191
9212595127
4722550226
3723139234
6621168213
29173219
98197102198
6019663198
100176103178
1846218763
146202149204
67486951
918810191
625647
2720730209
412811128
1312313325
9524597248
12281431
182237184240
114115119116
41314632
44354638
02053207
11711473
1967719879
55585859
47295031
100142102144
1237912780
177178180180
116202119204
1056310865
1441714918
6815771158
107203108207
1052710729
8216583168
9417496176
4017743179
1562415728
1892619128
8415687157
639941
8917294173
142248152248
163172165174
165916811
1322915231
2416427166
4016544166
6123264234
1020812211
103145105147
2914730150
482533
9019393195
188112191113
109137111139
98209100212
1423815241
34343539
3122434226
78338234
1114611349
16622063
96419943
1212614129
51485450
02373239
159120164121
157237160238
1083411235
9714399145
7417676179
1787618079
191120193123
4722750229
6023862241
72237426
16631695
1759017892
195102198104
1944919651
7713180133
244447
3110233105
193111197112
26582861
5517956182
6617368175
784987
3621739219
191194194196
188208191210
1255912860
1689617198
78188021
1614516447
5513757139
69857287
83708672
5511759118
59176219
103104105107
132223134226
4414545148
1237212575
4516748169
85738775
271473
10461150
4615348156
161197164199
1839418795
115157117160
3124033243
104242105245
1834518846
7120374205
112185115186
1687217074
3621239214
54315634
58866088
559858100
196193199195
51586161
116172117177
1039110693
161211163213
524556
5323256234
1262912832
137214140216
88309033
4418749188
115152117155
4712249124
62766479
1804018143
2092311
6311466116
53825585
109146113147
3483610
178235181237
1512416129
1225212454
3520938211
136162138164
9421097212
3624638249
1583316035
1620317207
3614241143
19471979
111179114181
436737
5020155202
177226180227
2024825249
14961518
47365037
196218199220
5618757190
7717480176
1614116642
593696
147172149174
181238181249
48515352
2417126173
18962098
957110072
2413727138
31536154
90979498
1545015752
71519153
47325033
2621029212
1692717229
3113934140
100170103172
2520226207
5886011
9514098142
56165818
61216423
1369313994
7010981109
146220150221
1257613077
77957899
1333313635
127219129222
5620159202
8112983131
1554416244
1458114783
165222170223
103163107164
137247146247
4111843121
172242175244
1328713589
8320485206
8711689119
1128111583
048250
175181177183
1375014051
1966219964
1483515137
9315396154
169236171238
169917111
108162111164
182187183190
8116283164
1133311535
76127815
104212107214
141714210
8314794147
192103194105
195223198225
1522719228
30933793
194120196123
1210715109
39814283
50645365
108165110167
8810291104
141171143173
176140177143
148132151134
15241826
1101811419
1019511198
98113101115
183101190101
131213133216
15701871
83298631
1217912282
1666516868
93259627
106133109134
151210153212
141221142225
72347437
6719669199
117103120104
178218180220
4914553146
42604562
117228120230
1710920111
8113284134
194188195193
818213183
122143123146
189124192126
4012943130
91309432
129202133203
1922423225
102112104114
84468947
19692370
1595816260
152161155163
147196150198
193239195241
6323965242
6314366145
7224575246
1718019182
29583160
103225104228
2212825130
66946995
189146191149
1635616460
8617489176
45654966
137185139187
163208166210
3817241173
5212554128
9419597197
98192101194
104131109132
182132183137
1498515187
1145611658
4711052111
146129149131
4413847140
134175139176
70277329
01854186
49595460
5813660139
12901305
53165519
1349113992
22232327
9961198
128134130136
10141046
7610079102
1186112063
4814950151
44634964
176199177202
12271278
7311176113
183192190192
1488115282
8201122
144171146173
3410937110
2783010
1713619138
138198146198
176222178225
2812130123
1362813732
8513988140
68527153
1044110842
57706171
123217125219
844895
16331648
9214094143
1114414146
192106195107
1004110343
154177157179
153149156150
1368813990
179221180225
4514947152
125110126113
158152160154
01281133
129187132189
145163148165
1064910951
75598060
1005510357
8617795177
44134518
7624478246
575976
489953100
168225173226
196179199181
1258512788
19242127
12221425
9711898123
1443514737
36494050
56825885
8799011
31554159
6022665227
127211134211
154243156246
181153186154
18892091
9523598237
155108158110
1728417389
3622639228
93449547
4523847241
1353813840
1335013454
4622049222
137229139232
104232105236
1411514516
1892319225
13101333
1288313185
193214196216
33533556
3514437147
183149188150
131217133219
39854188
46594862
123220126222
626829
1787018172
1675516958
150149152152
8913791139
20832285
21612463
4817051171
145144148145
83348835
171130174131
1564115943
125161127164
1689317195
3924640249
02192222
152138154140
6917370177
167141170143
24402543
167210170212
1198512187
191191193193
1610721108
34803683
8712888132
9118494186
45454747
1952719828
1761417718
97214100216
68787080
1444714948
6623969241
5614059142
1615216355
181125185126
173136176138
171219173222
1162611927
185246188248
127125129127
9623298234
1779318095
5619258194
192108195109
44264530
1808618388
108113110115
27533054
104202106205
1351213715
9522698228
161236162239
194157197159
99233101236
68106915
150153152156
6020663208
8423885241
1256812771
139134143135
2482610
159128162130
104206106208
169198173199
21494152
154127155132
4420847210
117238118242
177239180241
24702771
153233156235
114126119127
1714917351
1665917160
2422326226
1447015170
1837618777
804836
1416914372
2924432246
153221155223
33713474
6978100
4515747160
1677517076
4823850241
1974719950
36324033
1852118823
1893419235
144188145191
128164131166
110187112189
1068710889
125118130119
1268112784
81568359
1025110552
7618379184
992310225
115221118223
7121975220
59786180
98195103196
6618368185
175153177156
521210213
59256227
132154134156
141192145193
191230194232
123155125158
119130122132
18641887
9222295224
146229148231
111202115203
173202175204
1889219393
18321854
34763679
4516548166
9021992221
134206137208
190213192216
2414627148
1538715689
1447814780
153154156156
42005204
126178129180
50425145
121118124120
1259312795
115207117209
1782018022
131149133152
100145102147
135222136227
14998151100
36423845
106145108147
14561487
160173162176
7122173223
7819981201
1091411215
96599862
1679017092
104125106127
1717419177
105111107113
142205145207
119167126167
12321534
123107125109
149157156157
163131166133
31323533
