1750
99213103214
91599264
9224394246
134913513
1014412146
149127153128
1308713389
190216194217
101143106144
172153174155
193230196231
819911200
143159148160
1084911151
1427214475
30453347
1434014642
1945119753
129185132187
708759
6913971142
1321713420
138105141107
135176136181
194190199191
138131142132
3113333136
73607562
56385840
1317313475
193203195205
167101169104
153199156200
161228166229
1875919061
1757617878
158167161169
102208106209
1732217524
64586660
148194150196
951974
44314634
21332534
54145716
8911892119
1619316396
13111343
194152197154
195146198148
3823340235
1554215844
4212344125
104181107183
29533454
4717150173
6016164162
1411715121
191173195174
175200178202
2011022112
1851918821
1319213494
1604716548
8310186103
111208112212
159158162160
765868
4119945200
162135164137
9213594137
1713619139
89679269
8713789139
191145199145
181199184201
61806482
145163148165
8216585167
1944619947
168232171234
141188142193
22652467
4422249223
1464915150
1411214215
1831318615
87879089
185228188229
134211136214
14331464
12341535
167198169200
991710021
160103164104
25102713
135115138116
1218414187
9514696149
76777978
51715672
2818233183
3913441136
1471515017
70567258
7813180133
55795781
62516752
175153176156
77538055
139240141242
1168111883
9613998141
58486150
79828184
1556515966
177154180156
135223140224
29403142
1495115154
3724439246
53305632
100122103124
1176012061
174104177105
123199125202
109112116112
168120171121
1264812950
136164139166
6712169123
130111132114
9615998161
57955998
3419639197
4514747149
190222194223
113175115178
8110182105
157133158136
177121180123
1956519669
1047810780
76747976
51987201
41294630
32466248
97179821
128195130198
3724740249
1754017743
31133216
153247155249
112197115199
1819718498
1678417285
1220914211
7411276115
3516939170
3915044151
89229124
87708972
1047510677
1735817560
5414257143
1332213525
71317433
165166170167
335637
181234184236
18161848
5455510
78658166
949998100
108212110214
120242122244
11251166
157193160195
1829118493
188216189220
13231625
1092011421
3323635239
180111185112
181193184195
112207121207
19001932
68257027
1076511266
132138135140
412453
179115182116
8924391245
1916619467
1985319958
105177107180
104234107236
161183166184
85589059
9216993172
1214714149
6924572247
917612178
13741397
60226225
139228141231
5420557207
34673768
171217174219
190132193134
7717781178
94299532
177177180179
108233111235
10561088
126152129154
25462749
9524698248
6710170103
109139111142
1638416686
8115384155
44744776
6417468175
61706472
25162818
9217694178
42374539
152188153192
1005710359
7014773149
106146113146
5121153214
99158102160
1014910352
3513837141
1153511737
3921242214
6620271203
9651069
8512088122
6610468107
36943897
6920772208
132334
149210151213
7022673228
103152105155
7112472127
138217140219
5413157133
6321466216
108226111228
3217735179
170151171154
1667017071
1306513367
1699217294
187244188248
166138168141
1472215024
125159128161
1182812031
8113186132
3424236245
134245136248
165187166192
8914392145
27223223
1881019112
256307
1402514128
67476950
6821671218
5416257163
4316045163
35774078
94129614
1045810760
6220265203
139111143112
4112044122
151243156244
18782080
6715672157
105132107134
112184115186
182190185192
1629016592
8514488146
43854588
40314333
2514028142
84448548
6513868139
172177174180
151144153146
1318016182
8123184232
151167154169
51547157
1002510228
137113142114
13871589
186180189182
111911410
1876619067
8513986143
16901992
6421767218
177166179168
1527815480
105110108112
42114512
67727073
11751477
72219224
49235225
1929619498
164128167130
119219121222
15698159100
163163164168
1810520107
7320575208
1737217673
1253412835
47795180
1419014491
185234188236
177211179214
10561358
6719268195
9999101102
127101131102
1389114094
1198012282
8511053
176195179197
143103147104
96137
41944695
461763
155119158121
1659316895
47985299
181205183207
86128814
94779679
91899391
145148150149
3917541178
1856218863
1220615208
1471915021
137122140124
183116186117
3318935191
101234103237
6320464207
142166145168
1594316245
2322025222
404426
1533015632
110222111225
16431945
104145105149
11596160
9118494186
7422877229
1912619527
5612358125
112224113228
1915119353
90519353
142211146212
5913360137
1207012372
57265831
7711285112
145141147143
173113175116
53975699
157234160236
137142140144
2517429175
192126193129
128222129226
6613469135
8714190142
43514456
1722517527
176617711
1022112224
1157411776
40574359
146166150167
5518458186
124100126103
1884318947
1146812168
8518788188
9623097233
4615549157
95879889
194110196113
147123152124
173117182117
2013621139
103215110215
9310697107
6495
1838218883
4417447176
6520768209
1313813440
6614468147
80738474
169155171157
105230110231
068270
108131110134
1011212114
720410206
5513458136
98127101129
74137715
184102186104
193241196243
2312727128
8611388116
138137141139
191183193186
36384139
407429
148201151202
150118152120
1707817380
1663616739
1218312485
01613163
184216
3421537217
8822890231
5917560178
1802718230
3422236225
1697317275
6119964201
1624618249
8021983220
1357513680
1448414786
102247105249
74107712
194196199197
55895792
3722442225
3222636227
33313633
1457214775
1820821210
131195133197
180167185168
97409942
6019763198
1142211525
153116155118
180124184125
4111244113
193232198233
3413638137
164241167243
1636716570
143205146207
1231812620
1116811371
1019012193
134184137186
1627116473
9410897110
186127188130
1121711519
73577659
5723159234
3722639229
5910166101
8821391215
79858187
8918294183
177223180225
127129129132
1941019613
1376414065
151196154197
1374114043
162246171246
81928394
1797618278
131103133105
7016873170
170187173189
122205125206
8024482247
5919462195
1024215243
3412539126
109198111201
5610358106
01453147
105237110238
1506815271
1178812090
129246131248
130177132179
1023714238
15831615
01902192
910714108
157203159206
1824020242
6818370186
132180134183
196210199212
92439446
194141196143
182126185128
41636166
712810129
4819850200
147232149234
541743
16721974
144186147188
1807218473
1948119783
822844
8820390206
72787579
67566959
94339735
3319437195
140213144214
104122107124
10399106101
1666116863
317368
5414757149
158129160131
165158170159
148116149120
197141199144
118138122139
31087109
132101137102
18001831
65686673
83549454
1123913241
1162411926
1441914621
18102111
1226712668
1912819430
1857118873
81908691
5220154204
192236197237
93809582
1089711298
303335
133156135159
196193199195
7513077133
70747276
156224160225
565606
1832118424
1519715598
1571016410
10061047
161236162239
103135107136
9411399114
560592
7914482146
2920334204
1978419987
26383139
1419214394
6920974210
01142116
158150160153
977410275
143190146192
9321696218
1932019423
165170169171
155154157156
716212163
5817960182
9215596156
1220013203
64906791
111104114106
8713591136
126206129208
1522518226
1921920222
43174618
102130107131
2021322215
151193153195
1117311475
1177111973
66746779
3011332116
158196161198
176124179126
1018110483
2213524138
131208133210
107194110196
1144711848
85248825
5513758138
52885491
76337836
2817131172
2216124163
1724117444
39434145
2611929121
91134100134
184153187155
123133127134
5822660228
116135119136
5214253146
1297813280
139125142126
1818221184
4916453165
48715074
1668817089
163161168162
145121150122
9523798239
6616671167
138133142134
2218624188
127168130169
2617928181
4421447216
177180180181
175216178218
1748317785
1365413856
1859718899
8912091123
47965297
1652216724
180237185238
52317234
37303933
130157131161
1416114463
1515518157
38844186
8417086173
190168194169
3820140203
137213139216
147161150162
6514168143
1198612487
101241103243
8223585237
2623431235
96639767
1744517747
175203177205
154188156191
193105194108
186221189223
171107174109
48710
2222324226
24262628
93379639
2417831178
3314936151
582983
168230171231
47324934
5921462216
1721617617
194121197123
1793218433
102217104220
114191117193
1522715529
180171183173
720710209
165118167120
1141311715
121100123103
1513616236
1476814971
1621616319
9216194163
86678869
89199221
1435414855
1353914040
8519387196
28903192
769878101
1241012712
113208117209
40284828
2113224134
188132189135
111236114238
4518548187
217420
142118144121
3311735120
9721599217
5310455107
100136102138
10591164
107169110171
3620441205
1671710
1068310985
1614417147
3811840121
25642865
68837384
1215419154
74437645
16501664
133225136227
127232130233
180109185110
7221675218
44444746
1575415857
1088811190
084386
1095211155
70237424
1417614279
5310058101
186111188113
4916253163
196100199101
22592561
58896092
2410826110
97959898
9618899190
114122119123
8311888119
01422144
4511248114
155218157220
7121374215
118204121206
66636965
14931994
6316465167
1789618098
4812350126
2522328225
172125175127
1664416847
2320725210
1498415286
120230123232
01082111
01685169
1736817570
1853118833
132141135143
1322216224
9019992202
918210185
1681617118
1858818791
637668
11731196
175211176215
153234156236
913912140
8910592107
1832718529
1816321164
41914493
1617719179
9614297145
8419791197
168207172208
198102199105
113201116203
70287230
74207622
4017143173
5518057183
1306313364
1274013042
1489415097
4812256122
6911774118
9717299174
196115199117
149224151227
195222199223
126183128185
2619227197
329934102
177127181128
1302813231
1311016112
129181131184
1311315116
100167104168
58516153
67116913
81548259
170176171179
117167120169
138209141211
62746576
61406441
1812122122
1710220104
125124128126
24442745
8191220
188219
140215145216
1496315265
126199130200
120247123248
119175122176
172196175197
1811218216
4817451176
1555116052
2011323115
13341366
1587916280
10111313
182160185162
105167110168
716410166
8212685128
182150185152
3011932121
1784318743
191206194208
1536416464
155167157170
31296131
116184119186
21962498
99184104185
7417077172
188146190148
1465114853
115102117105
500515
189198194199
46504852
158155161157
1298113283
193157196159
143175148176
4113744139
30343336
102192105194
51879188
142151144154
1332613529
150106153108
4821753218
7521378214
7616478166
6319366194
159215164216
7110173103
1456115062
14711493
87508953
1415614657
171220174221
128140131142
4910552107
159240162241
9123894239
5118054182
7731075
1819418496
93739675
02433245
9524096244
34503951
155177157179
4016748167
1163211934
16652166
15331546
68797181
1277113073
1654016841
1864818851
1165011951
19492052
190218192221
1323015232
4514448146
1854418747
424627
154202163202
5013952141
172175176176
189248194249
855906
1545415657
48665168
2522626230
3012233124
51355536
107143112144
1723117533
1008410386
4124743249
4318945192
98194101196
39874288
1159411896
42254527
144247149248
185718710
143169146171
190163192166
152224155225
58166118
7720680208
8718490185
1606616269
4324044243
1345713759
17399174103
01483150
100188104189
153152157153
7613581136
2121724219
15201722
135173140174
3110334105
65666967
6023161236
8223987240
172248177249
1651016712
197215199218
188154193155
1917819978
160146162149
2212927130
124140127142
176112179114
3122832231
108147110150
1181712218
1355113952
1277413075
222245
1334213644
184171186174
80308332
1215912460
67286931
31386140
152135156136
130204131207
100181103183
12121243
1638116683
2915031152
1503015232
1381614117
8916592166
6622669228
1788118084
154108155112
5314058141
139225141227
060362
639865100
151184152187
7216575166
2410225107
93679569
2322824233
1597616178
1611419116
168212171214
3510339104
1806118462
322810228
98119101121
118155121157
7414777149
128118129123
186149189151
22522356
1473715238
186216187220
19181949
01653167
17752276
188107191108
49855188
7518278184
182137184140
1903819439
1316913372
4819150193
122144125146
1720128201
99238102240
3124533247
112239114241
6513374133
178129181131
188213191215
1234612847
1692117222
136104137109
45214823
152218154220
142174
1391814021
168241170243
91879488
1508715389
104242107243
6319566196
55196419
7817083171
112194115196
1226112662
722745
68147116
518010181
155171158173
02299229
6124063243
01173118
073275
1324415246
2813330136
1313213335
7918281184
5411459115
1598416286
126209130210
48295131
104211105214
17431775
1276512968
79108212
8912592127
1921019315
599962100
8712990130
23142815
1277613277
8121282215
32086209
1021812220
3819840200
1851618818
126110128112
8221684218
5924470244
127103130104
6314866150
847869
754777
36693971
1574615949
184216185221
170170172173
982210124
11601182
1082211024
196171199173
1289013092
736938
8217885180
104198105201
93709672
1649616797
654956
88278932
1904619348
58746176
173198178199
159170161173
730781
1616019162
61616662
3221137212
141201144202
164142167144
43794681
1012312125
3412238123
182229184231
59866188
7013472137
16498167100
719873100
1125011552
172118175120
176158178160
1651316815
41166118
1119411496
3322836230
076377
6010563106
184122189123
6612568128
27252928
185124188125
101177104178
153205156207
8615391154
116175118178
122203127204
149236151239
88629064
69377238
9422197222
1596016262
28603162
8022691226
33573658
679980
2513127134
191211195212
115181118183
117201120203
91309333
2917931181
32393541
1412217123
2216426165
31527153
132220133224
4617850179
99211103212
4819651197
4622848230
59836185
149203152205
109244111246
1624319245
8518188183
116195118198
13181422
47915093
109125111128
49495152
1927219574
140182142185
21132217
2812831130
6914372145
165211167214
1077510977
62316632
123139131139
159118161121
6415766160
2521629217
4623648239
108185111187
53395541
024325
8823290234
1299514095
1912323124
46474849
890921
12311433
1181312016
161185166186
54645766
6113662140
192118195120
1452914831
140164144165
184213187215
14281730
77588060
37573960
73547656
1494315245
8211222
163110165112
11901492
9222695228
2722628231
196198199200
8121085211
155228157230
1581815922
38814083
1344513747
173243176245
42214424
1154111942
185135187137
104119107121
9322396225
3212736128
1916819470
115137117139
974610048
1667716978
9621198214
8617891179
1520917211
6917371175
111129113131
96589960
1110414106
138149141151
7119573197
3010841108
122157124160
116173121174
435458
168226173227
3013133132
1899619199
123239124242
4010343105
96192101193
51175419
1815218454
1822922230
19331955
104156107158
91349336
83338535
1319216193
3021332216
13041326
1773618038
9310498105
1763017931
1363613838
118104121106
174617510
3620843208
2718930191
71309133
80778280
196244199246
181178184180
5323156232
1608816589
158249166249
258309
181249188249
88479149
17831806
163234166235
1442614728
1378814090
33873689
114148115152
56335835
22912593
65116616
130219131224
1833019030
28293031
126135127138
47175018
36273928
2621429215
179162181165
4620548208
192193195195
5624758249
136220139222
147135151136
1069210994
154213156216
1127711578
6417069171
1777217975
8721995219
1174311945
02234224
4323446235
94569957
1316317164
188152193153
5324055243
1651916821
1943219734
1016410367
5119956200
4619147194
9022093222
02171220
18462048
134165135168
112162114165
191187193190
119181122183
1023810341
153221155223
182243185245
01702172
1107911381
11281330
7722280223
97241100242
4911952121
59326135
6214665147
15461748
8616789169
30243326
8514788148
8217685177
1076711069
1339613698
61439144
1891519118
3819340195
1029610498
93479649
114119124119
1822722228
4918652188
1813220135
5323356235
823111233
1818218287
8924691249
5718959191
3821541217
13951697
127162128165
1599016095
165230167233
9314095143
48825184
158246161248
6221265213
132136137137
113229115231
676978
8024190241
18961947
02031208
5912461127
103195106197
41774282
1376014062
116148118151
4016843170
049252
522553
40684370
4920351206
1165211953
100117105118
169110171113
1413114433
1733617637
1413414237
8611089112
1959519897
1114111442
5712658130
76807981
154145157146
189158192160
1783918041
999610198
1519415396
1081310
105220106223
13651468
16332034
1373314035
182144184146
1224715249
1944819750
1346213664
4911251115
130237132240
3522039221
1310116103
1916019362
154192156195
8115683159
716910171
147191150193
9212094123
67606962
6810871110
163107166109
1494115242
1003210433
1442214625
6622971230
8616388166
5013352135
02342237
112187115189
1518518186
106244108247
5421757219
102125107126
117152119154
83778580
1372914031
141146144148
126113129115
16898171100
117247119249
179141182143
1362713928
117235120236
61676469
111132112136
89749275
1875519057
155141157144
6621067213
161225166226
8020382205
1784618247
137243140245
98165102166
3715739160
1068610987
148106149109
6624169243
159190162192
3410937110
99104104105
1731417815
1435014552
137247140249
2124424246
5610758109
187174190176
2518526188
24222625
81508353
190121193123
8820899208
15311932
55505753
2518227184
184114188115
1719517397
4316445166
108182111184
168127171129
991310314
144134146137
1633516538
158177161178
4515050151
1719019192
1119111493
1874018942
7118374184
1419719198
7123773240
107138108141
7917283173
1796918171
16741705
2019022192
1024410645
161128163131
1716521166
112218113221
9221395215
186192189194
93649566
53255626
2110723109
2023425235
8921692218
3017432176
186196188199
20222126
178203180206
193201198202
113159115161
1847418776
463495
7213877139
163206167207
132128135129
1795018054
195224198226
2514726150
2321225215
9481150
63486650
1601416415
1128411486
106150107155
77938094
179185181187
1595416256
6423965243
1362513926
8519887200
197227199229
7916282164
1718917391
1615217052
853884
9122995230
4114644147
466517
135194137197
129109134110
97810010
62156418
50325234
15601861
51827184
1635916562
150137153139
160205167205
149170152172
6211067111
1268712989
2314224145
77197922
21834186
186158188161
121140123143
1224412545
72807582
1903319335
1348313785
188187190190
02304231
1512215523
185232188233
7813782138
64266727
6011061114
1418714688
124224127226
193114195117
1882519028
2811129115
32283530
2714832149
1317515178
159244164245
144208147210
1898219185
1571116112
111168113171
1387214174
115126117128
1583816140
1316015162
4920753208
114129121129
1892119223
3121834220
1211412416
156221158223
1343213635
153245157246
52205522
127116132117
128136131138
470492
2621828220
4223645237
193161194166
54675670
122207125209
142223144226
154226157227
1737417675
127219129221
70597261
1144311646
4111444116
133124135127
1533915444
139115141118
3018433186
167186178186
122161124163
7814281143
192213195215
4516950170
3723039232
119140120143
84298731
1952219625
156108159110
6716270163
4514049141
1233412437
41404641
1609816399
5416858169
8212184124
20442345
175109177111
5416459165
61426345
8424888249
41634267
4419345196
1718617388
166111168114
137176140178
185177188179
1285413156
49275428
14061429
25583258
131242133245
3415936162
1466314865
93209621
136158139159
173173177174
102244105246
4918352185
71857289
310342
108188111190
4210045102
1645316754
7419377195
1711019113
85158817
1669017091
966810169
1868418887
3618438186
99197102199
551753
82638367
52418243
6813070132
6821170213
117108120110
2716332164
185138189139
119161121164
104202109203
82818582
148102149105
125215126218
170114172117
815212153
71257427
161193164195
4421047212
126143129145
8823790240
128134132135
9516297165
120150122152
31146115
195106198108
344376
3520137203
1837918681
8715591156
1336013661
3311435116
120170123172
6217267173
7612377128
6121763220
1806318464
1412914430
20722374
5114753150
19622363
2513527138
1927919384
183196185198
1046610669
5414557146
983510037
46854888
8218184184
784807
70107312
184246186248
145199147202
184181185184
118210125210
182129185131
1726117762
8314484149
1522717229
124221126223
115124120125
15011523
133239135241
192177196178
4119443196
133147138148
83558657
137228138233
4512247125
44674768
186109197109
15071548
1045510757
38114112
160141163143
1916319465
