1752
171121172124
49285230
1944819750
145167148169
6121665217
65756976
132169135171
159171160175
2717129173
1598316285
9316895171
668870
29753276
914011142
6820271204
354655
189208192210
6012263124
1478714990
173184176186
9210793111
57226024
24692672
1739517796
55565858
188111191113
4020443206
7811781119
2313726139
1179612097
13631665
128233131234
130184135185
1576915972
35863788
1361213814
154211156214
108211110214
1083411037
7822980231
100137102139
81258230
58716372
61198121
1118811490
01772180
1442814631
87198922
19571998
1822621228
104237107238
2215925161
3419336196
48415044
3013132133
1108111284
126132131133
961410015
6719370195
179143181146
192122197123
106115108117
1329013492
1496215165
5223457235
1222813233
116210119212
101186104188
155125157128
9014893150
6210763111
4518050181
141186143189
128195130197
1274213043
7517777179
1823121233
180118182121
179177181179
146153149155
80468248
452474
121221123223
5313355135
1023510536
8614589147
15681870
118215120217
174114179115
1179412195
4110844110
1932719629
32446246
1125611956
6123964241
1756617768
183136186138
69677269
1357713879
4310046102
167220172221
1737217574
111178115179
117182126182
142143145145
4741474
20602561
80408243
57956097
8613888140
14699151100
99229104230
109122112123
1607916380
919911201
7210777108
162187165189
256458
147127149130
115219117221
18251866
138213141215
3811541117
8212387124
5916761169
1610118103
75557857
122183126184
7423776240
1136011661
1323616238
3213633140
4221246213
1691517217
77597864
54875690
2114224144
157219159221
1314413446
94829684
1752517827
1723619238
40424344
19992799
183204185206
163166166168
3814540147
1593916241
193103195105
110220112223
121226124228
522563
5620859210
9415096152
3423141231
51558157
189176192178
9712799129
170179172181
5516358165
126176129178
6515567157
111203114205
4316844172
31863488
103107106109
2815231154
1027110573
1474514850
1755317657
30943396
31227123
47314934
13281630
1246712669
154199156202
85238825
114129118130
44624664
163156167157
1466414867
106222109224
154249165249
195148197151
196102198105
1364513947
9510497106
115205118207
7510978111
6418366185
109811210
101206104208
1385014052
1689517296
26132914
6817072171
117222120224
4418747189
65496752
1751417816
95289830
69927294
152123154125
16541956
20232325
30913393
2422226224
2424527247
144224148225
21053109
159230162231
20702372
6217063175
1163112132
1124111543
919412196
85888890
8022083222
01835184
184201186203
17572058
149236151239
108131111132
1024013242
17699178101
2415627158
1367214073
195117197120
50865191
8561059
612653
1413417136
196231197234
170227172230
7311275115
25902892
150126151130
115193117196
43314633
1978419986
4615651157
7520580206
37344634
4520948211
188241191243
83298631
506528
196198199200
820213203
195100199101
369637101
6611769119
1143411736
68707172
79848187
3421037212
9201222
115124116127
83958498
36544155
47234828
132214134216
165146168148
4222044223
8514189142
112206114209
6196212
9515596159
3622639228
11251176
143130145132
1956519867
1529415496
8824691248
1697917281
46104912
91649465
15461597
6412667127
118194121196
35223724
7516777170
192243195245
155220156225
7124174243
85268828
4524047243
19801993
105233106236
1453314735
160182162185
67236926
196239199241
98133100136
1293213135
18761898
129181132183
145162150163
27863088
1643716739
1415814460
70117313
4324446245
6618968192
88579060
1944319744
440471
100128104129
8910491107
69567159
6913971141
4918950192
1924121244
155100158102
6513968140
100195102198
1712117423
2721328216
1683517236
98145100147
1219914201
4923851241
10251327
8721390215
158238163239
58866188
64726774
6724270244
190226192229
177163179165
88619063
8014682148
98140101142
1713717339
3817142172
1014513147
84648865
115117124117
1079411096
1194812349
159153162154
105206110207
1088611387
1357413876
120126122128
56375840
8323588236
1927919979
190159193161
4618248185
7916282164
65796881
1034510647
998210085
2221525216
175214180215
121102124104
1276512967
1553115734
1937419676
184241187243
1219612497
6213864140
16801693
59756276
179202182204
7318576187
1596416167
51435345
1975919961
6414867150
164232166235
74607662
190230191233
32216223
819782100
3724539247
20552356
132234135236
142193145195
177116179118
163115164120
4713252133
2921932220
173149178150
077379
36663869
195106199107
197126199129
41356137
31203621
150202151207
140156142158
1159211697
472973
25283029
26382841
185178188180
122161124163
186132189134
63756479
52317233
62876490
127216131217
91509452
180184184185
9421597217
1583016131
1251412816
5822959232
79508153
9613397138
1461115611
1708817390
1827218574
37774079
157213160215
118150120153
5613459136
69907291
39294430
1187712179
7212275124
1420417205
161215163217
7520778209
188222190225
7416185161
25642865
181153186154
186151191152
1782018121
01853186
1038310585
4419645200
111238113241
111210115211
78307934
157216160218
1762817930
35453748
69607163
69787181
850901
1123811540
7019773198
6621467218
6521167213
1211412416
7520176204
1883319135
141101143104
144209148210
122138125139
11411443
29363138
125185126190
1135711559
1931419517
1416114463
1132511527
82868488
7915382155
112131115133
1564415847
1146211764
1461015410
84668768
180199183201
6913772138
8317486176
2312528126
174230176233
110139112141
9921033
1566615868
186238189240
7010973111
147202149204
7112773129
182218184221
194126196129
74188418
039340
2118126182
175223177225
7919282194
2012322125
6523668238
9716198164
1658116883
8324785249
25462748
114157117159
1603516237
67116914
141105143107
4720652207
3712338128
40884290
53525753
1723017531
186208188210
39684171
185181189182
90879588
3916842170
152106155108
954910050
155815810
3011332116
22053209
15422043
41126114
62626564
6417067172
9214295144
170134172136
5716162162
80598361
9224896249
59196121
117179120181
129213131215
179180182181
5817960181
9218294184
2224124244
5116654168
1793218234
150131153133
147147150149
120207121212
48495052
1184412944
1625316555
175111178113
118192123193
196247199249
146229148232
130162134163
5422156223
1792518127
7116574166
29263826
1606816369
1499715398
25303530
7422475227
6010468104
4922650230
117170119173
188191191193
123135126137
151139153142
571603
1658416787
135154138156
4823656236
192190193194
148140150143
178193181195
66357036
01341139
1847819278
176166179168
170153171156
2511526118
14381740
845950
89159217
4619750198
41724275
162121164124
1716920171
18792181
10281230
1311714121
19071938
113180116182
12791581
1431214713
4112544127
125231127234
4715048154
2024623248
1685217154
83738575
6656710
1557515680
1181612018
122107124109
1197012173
14251627
5814261144
753955
24232725
9510299103
27932996
130178132180
1021712220
190168193170
61408143
1082311923
516619
5117354175
18452048
326727
1564916649
2415327155
56135815
111246114248
018221
133195137196
3618238184
915310158
134241139242
104120108121
1258412985
175176178177
8821090212
126219128221
120143122145
3721339216
8989111
184186186188
193180196182
124195127197
2212925130
19332136
34563658
181214184216
180129183131
148244151246
115190117192
132217134220
155137160138
132100135102
63256627
7321278213
9715099153
1326313564
8316485166
87459047
12024204
92124
81378538
611510116
103226110226
027229
5012052123
24192522
166198169200
1011410316
1789618098
10751377
6821471216
1882519127
32353338
8519494194
116136117139
11951497
1346013761
8122383225
1957119873
8923590238
177126180128
1703117134
8315285155
143118146120
478680
70837484
45134815
93249725
4517850179
177184179187
8422086222
22342437
127912911
32223424
1848918692
111233120233
9320696207
195114198116
2716329166
1846518668
60256228
120135122137
6520467206
65846886
177207182208
40205120
76137716
4515947162
109103114104
152205155207
1176012161
1811118413
1486815170
101233104235
3022533227
135219137221
153111155113
6219965200
87299031
1537515480
123204126206
174107177109
188117190120
5313655139
5515456157
169144171146
1319515197
1016410466
50585360
3822341225
7781080
1138011682
037538
2810333104
152208155210
1611416416
982510127
1877519077
121189124191
816312164
29683170
1018011183
1716418168
185124190125
143183145185
155122157124
1494015143
156146159148
5016454165
27793080
52755577
6216764169
127184129187
4016442167
144101146103
185160189161
103178105180
72449247
168242170244
9210494106
5522457226
145219147221
38224123
8220685208
23872689
6022662228
113121116123
5310456106
26593359
147120149122
1591216017
131221133224
91569259
2711732118
722110223
3421336215
115245117248
9519298194
71397640
101191104193
7919980204
4020245203
9391043
144199149200
102150105151
1122312227
49805282
38844185
9213695137
3918943190
1797018173
12701302
1972419927
107183110185
128238131240
1496615367
156118160119
62916493
1048610787
2819130194
140240142242
42594561
91309432
6024864249
1351914419
863895
355368
2616029162
1718020182
6910272104
34163718
121200123203
67296932
282485
72597363
53345636
136180140181
15211823
144141147142
18001851
98214101215
10531355
736938
02375238
2518328184
15051537
171115173117
4024342245
4918251184
1758117784
39104211
95899792
185718611
144186145189
151145154147
84588760
1756918269
4512448126
38174119
62079208
110180112182
60176318
186145189147
769978101
98205100208
129201134202
5112454126
163169166171
145174148176
191132193135
1752217724
173164176165
1679117192
3319035192
180186183187
9013393135
1408414287
20972598
71547455
4222445225
65337034
18172020
160134163135
147164149166
111200114202
6024362246
8711691117
3223133234
1618318186
536549
1414415147
1877019072
116131120132
92699471
1481215014
6912271124
65876692
1803518238
3813941141
8717591176
3217834181
1227812580
133178135181
5222853233
3323934243
52135515
144104148105
1021019210
479850100
4219445195
6615371154
187218189220
103247105249
1115314155
133184
1581711
1359513699
6615869160
146158149159
1083111132
4920051203
1265412956
196218199220
977610078
160102161105
154243156246
1674916951
9218199181
134246137247
151143156144
7516377166
1617219174
8724289245
1522315525
1461515116
3517737179
68496952
10631265
4621548218
4619948201
1405414256
1596316663
21534155
95339835
1457514877
1672217024
995810459
1681917021
711210114
19762278
2222823232
147233150235
7412576127
1966219964
134139139140
122129124131
6615171152
156171158173
1306313166
4316545167
4678
1619621197
1084111044
1309113194
1686117262
9222795229
7215175153
089490
1822618429
172125173130
686789
8418188182
98218101220
136178141179
20672468
6221164213
2617429176
1427614479
88789179
1919419396
1482615029
168157171159
109218113219
2221725218
160112163114
1282713129
158176161178
1131411516
1936219564
6412468125
44234625
1034810452
78278029
11264128
3719540196
1036210663
7513279133
98240102241
1647516578
107138109141
32186220
189106191109
8411086112
575607
3018533186
1936519469
132108135110
8710890110
183116190116
105126107129
1127211573
2121325214
27692872
194111197113
158139161141
02312233
8321786219
107233108236
121179124181
1058910792
1123111533
69877189
144164146166
192919312
69197220
125179129180
78958296
179244182246
150182
960983
475976
15401581
2220326204
4420446207
1782318324
3915541157
193226194229
6311266114
5710658111
55835885
1717017571
93539655
1088911091
185216
339935102
1112213124
89699172
2522629227
176220179222
1864718949
988610387
158203161205
1512915530
91209621
29163317
153185155187
70287330
162149165151
1517115373
1901819319
41794481
153168157169
148216152217
583785
323345
720742
7114774149
153181156182
1379514097
119186121188
14121434
186168189170
169186172188
148218152219
2220125202
1896619267
3419739198
176119179121
1332713629
170168173170
1186212064
1779117894
156106157111
9122294224
167107172108
4323844243
6516369164
1967719978
1451814820
5385
1194512247
135151138153
3513437136
138135140137
96429844
174142178143
1662717028
7921282214
137171140173
157180162181
106151109153
13111342
1482315125
1033010532
41756178
123168123178
3924042242
6115864160
57895991
6912573126
1716326163
75797683
1474014844
183140185143
1112512128
592795
6211865120
198177199182
1041610618
125210128212
191118192121
61426344
1649416796
1029110494
4714452145
3421636218
19502252
9323798238
45504753
7597810
661684
1737517677
198201199206
165160168162
6624570246
1317113472
134222137224
152203155204
22792680
82898491
16941897
188103192104
4119843200
155177
4217344176
3310736109
4313544139
84418743
1423919240
178234181235
2511929120
8912192123
9423097232
5710359105
126173129175
136234137237
1234513045
35423844
1565015853
81289133
128231132232
2813431136
116133119135
111143113146
138244141246
106110110111
9299411
1494415246
90141
8721989222
4215445156
118138121139
104161107163
1018712189
1372214024
15901991
6211565117
45804882
21732475
159232163233
9220997210
86368838
89899490
1417916182
1815723158
72139215
1483415136
111150114151
913512137
817011172
4524646249
18302032
190195192198
1497715279
1509115293
151211153214
195152198154
1523715440
168238171239
3317538176
185121188123
8913691139
174118175121
49645166
7124576246
3224434246
1059310698
5411858119
137124140126
9319695198
184127185132
156112159114
8419595195
180113185114
136145138148
119197122199
1731717519
939795100
115203120204
127105130107
1624819249
1545415756
4023541239
176134178136
91459447
10451149
139141141144
8622789228
4422748228
65776878
2923131233
022523
120157122160
6214565147
254276
139129141131
7921582217
11371178
9213095132
193145196147
150153153155
25762778
4522248223
103181107182
149183154184
86399140
1372914031
146239148241
1317215175
2418527186
1148311785
075376
1713019132
7613679138
6516868169
17197172100
59846485
47465247
186129188131
103241105244
19952496
75517853
7218174184
1538615688
129154134155
162197163200
161127163130
146132149134
1736317864
104166106168
1343813839
127241130243
174209182209
1067410976
175157177160
1858218884
1711719119
1964519947
1821123212
9411396115
849986101
132103135105
3720239204
166189169190
1585516157
1018810390
191125193128
34593860
1985419958
12731286
1949319696
61448146
3912940132
71509152
1152011822
116187118189
1835418656
7317378174
150247161247
170198173200
1111711518
41974499
92409442
2013122133
13131364
8321187212
155129157131
76738174
9024493245
1372614028
162190165192
16341685
170165172167
87939095
21572359
1695717159
1721720219
191148194150
3112134123
78658068
134120136122
1655916761
21474150
976010062
5813861140
97226100228
1802818131
68377238
144216147218
1743717738
193216198217
143212146214
1233912840
1655616858
1910027100
179148182150
78137917
0537
46654868
5218254184
9841016
1508815290
2222524227
186142188144
116154119156
4312046122
5119753199
6913473135
136186139188
6324465247
139222140226
29893490
119230122232
56775979
1181312015
5423956241
103209106211
812210125
32273529
133125136127
48555157
5021452216
160210163212
1815521156
178123181125
1619019192
14151716
62696770
39514153
8711892119
1191312
191174195175
172216175217
77427845
28843185
1879219193
57676867
132238135240
135129138131
92799580
194192197194
8115684158
170213171217
1821420216
289930102
4912852130
1119411496
7712681127
6923478234
1712717429
2114523148
01222125
1315913361
919012192
1204113041
02413243
4022643228
36293832
1081211113
173134175137
4515046153
128109131111
67156917
1218013183
151195156196
62216424
8211385114
8017183173
693715
31306132
114144116146
1435514557
153220154225
9417396176
152103155105
149208151210
150120152122
102115105116
4021442216
68447146
19441966
1413918140
61879188
1292213423
110176115177
6319465197
1594716448
59396141
169102172103
141222148222
176217187217
7615679158
6222966230
155149157151
125224127227
189179197179
112166115168
1411414316
191221193223
091492
190212192215
94229723
1625616458
2917731179
1755117952
195156198158
67647066
151161154163
1847918781
6082
1599116095
181111186112
8811083
3417037172
1158611789
57496051
110107119107
185163188165
9217293176
186195189197
1067810980
41656168
115199117202
178239181241
75677770
690712
140166143167
49225125
1046710669
83928694
50315234
9014095141
165102168104
73197422
01643166
12311434
1422017222
18899193100
6023663238
90269527
1706517366
1251712819
25832785
62396441
1323424234
36633965
9518298184
9218597186
8420386205
01292132
110133111136
149241151243
32823485
110153113154
123159126160
3021333215
462963
37913993
143229145232
127114129117
14121614
93379639
96969899
33753776
1725417457
5414057142
1316716169
6323164235
1183312036
2244
162236165237
157189159191
116148
10891291
1524715549
1719317494
1654316746
1632116622
6910574106
1114611448
1415114453
1419614399
1952119823
1096111263
1164011942
01624163
7413479135
913813139
195226196229
71358139
119175121178
1684317046
9216695167
52685669
1483715139
1626416467
1725817559
3622039222
832854
3120933212
153216155219
1107711280
131149134151
118102120105
1336713669
1124411745
100100102103
52255527
1787718378
2720631207
21912294
89911101
171111174113
622825
175239177241
1341513716
1154611848
42058206
35893990
8120083203
9116892171
4218345185
54415644
79578358
2924732249
185236189237
1063710740
134118139119
8422987230
1805418256
1473015032
128102131104
57165918
6624769248
6118064182
85128814
4015843160
42694471
18321864
105135108137
95709773
1912119423
72447546
189919112
1511916122
36273928
19001932
7518277184
196183199185
739842
189153192155
8717391174
106240108243
3415735160
18599187102
172204172213
4811151113
9017792179
189101194102
4619248195
106244108246
161142166143
7714182142
156185157188
144147146149
148150151152
1547115674
1941819720
109242111245
2410629107
182235184237
1514816153
3413736140
1852818633
1905019253
111109113112
1417314475
4612748130
156176157179
180165184166
3011934120
51925593
29603361
156203157206
153233156234
8013483136
1953619937
1851218813
180247183249
4516846171
138104140107
129141130146
7117774179
80798580
1777518276
100236103238
1223612538
8123784238
2416426167
6221465215
5016954170
01133114
149169152171
1172812030
4918552187
180115182117
1766117962
8721690218
163205166207
179236181238
7122073223
1863618938
37374039
113197118198
1513115433
1276812970
197108199110
163154167155
4711852119
1368313885
115140116143
27602863
1386414166
34333635
162203165204
173220175222
128122131124
175197178199
39584160
1092511227
76277732
1071411215
5912170121
6410967111
1811321115
1813319136
1767117874
0031
180163184164
7412876131
13151385
31816182
174237178238
5013852141
1353414035
6523268234
08111
8417785180
9211493117
158150161152
167229169232
103183106185
90229323
141224143226
1761717919
70237524
1313713339
12474249
141170144172
3912540128
1443614738
124140128141
149123151125
6214472144
53975699
41774678
8723989241
88419142
89379238
1816021162
21385140
1179812099
7920981211
1412014422
1855218953
42264528
98216101217
49355236
1421117212
7011472117
1436514568
173158174163
100210102213
1306713269
174166175169
5314356145
3918141184
65376740
3115833160
3212734129
1819118394
1479114994
74277530
50785579
51485253
1932419626
1805018253
4523748239
7618978191
083188
5911262114
161162164163
185155188157
3518038181
6314268143
7619878200
108162111164
140230142232
15311734
1822020222
3524238244
1784718049
826930
105204110205
9021993221
1594516446
35823785
1917119473
912012121
2919530198
524915249
2918232184
93669568
9410796110
1649016693
165122168124
1314013343
3710340105
1422617228
24542559
5220054202
31796180
142196144198
02192221
1456014862
7220274205
1896419265
8314685149
286299
106220109221
2020121204
58106012
1619116394
1553515640
1595116154
1904619348
