1766
52715772
1113514136
132218135220
194103195106
1955919761
169114172116
1920126201
193184195186
1714817251
1823120233
3421137213
157162160163
1512815430
35203625
667718
58906192
01352138
7320076202
114139117140
9691172
8823991240
113208116210
1322915231
188240192241
34343637
3112034122
010115
2817630179
5918562186
155198157200
161214163216
153161156163
6122164222
1366913872
159816210
6018163183
13871428
11293131
172111175113
7817780180
486518
2221525217
83388640
80588459
1447814680
8714489146
121127123130
629964101
1817918382
11581460
1476415066
74367837
3618537188
8813390135
56176018
3024533247
123105126107
1513115432
196202199203
7623079232
323426
37764078
168238173239
2215025151
983510037
74267530
3419736200
165186166190
1410319104
195109198111
33943597
1021114212
123912810
169212173213
25692772
140222142225
1464414846
7124074242
173228174233
60406342
7118274184
65626864
6513268133
7471048
1038710589
1441814720
1884819249
9518598187
67866989
107214110215
1538515886
97139100141
174103176106
3910242103
1517215473
6316370163
145107147109
44374540
5210055102
138107141109
3316036162
11171149
3417637178
81608363
1728817589
186239187244
98147101149
125188127190
92609562
1573815941
1918619388
174219176221
1765217854
1004510347
62706473
059560
525566
7722280224
8621888221
3811241114
160147163149
30533355
121140123143
1535315457
150164153166
70177319
81308333
1142211923
3817042171
521816218
160219163221
129233131236
180237183238
916710170
1738017682
1714020142
173201176203
6617468176
6822070222
138219141221
187100190102
44224724
119171120176
1358313686
162172165174
122219125221
97879989
119224122226
170183174184
1742217724
177178180179
90519353
1533815640
183195185198
118232122233
182219185221
147131150133
7122073222
919311196
22205221
9619498197
174171176173
2618228184
1934919552
9510698108
125118130119
1767617978
150173154174
987510078
3316937170
1410016102
157179161180
8420187203
121198123201
155148159149
13501382
177194180196
1887619277
134178136181
14997150102
17571959
219923102
1773918240
35593960
146247148249
17931816
3410937111
171192172197
5217054173
159241161244
1489215393
5420662206
192233194235
48465048
94679572
105155107158
25583059
1712022121
3413536137
3913147131
161238163240
110153113155
120151122154
141129143132
1402714329
31336135
8512887131
174163177165
187145189147
98214100216
1214514147
170155172158
138121141122
101183103185
69911
53265528
82538456
6724270244
111179114181
3223935241
154179156182
174239179240
85208822
12611283
191181192186
9024692249
2914932151
155104158106
70117412
188249199249
138244141246
2018625187
2310725109
196163199165
141146144148
1114114143
29693271
159226161229
6017863180
8110284104
1326813372
194174196176
121159124161
1621519217
181165184167
105124106129
152140154142
151119156120
4816651168
81888689
1415414357
189232191235
1427214475
2414327145
194200199201
136123138126
103133107134
9312794131
27273228
1364613948
1945619658
2223925240
7920981211
40204321
1972010
64556757
138197140199
32143516
157111162112
1256812770
1844318745
84108911
115188119189
120240125241
149140151143
1066810970
1106811270
76597961
4721355213
140136143137
48745275
1847818681
85258827
1902619527
2816231164
9324697247
824110244
7120874210
153455
1956619967
192114195116
9123394235
5717859181
49765278
110162113163
1378714088
1513916144
1623619237
59826284
94169718
104241105246
150157152159
15831615
1384214144
3024233244
139182141185
130239132242
28393140
14401463
921910223
3010332106
1178412285
4921052212
19202222
112133116134
176223179225
110209112211
3814541147
195148198150
20872488
181144183146
59706173
7813883139
61526454
9751476
41295132
181139184141
1698417187
112225115227
149151154152
1985919962
63586461
5811861119
033235
2021323214
1383914141
183246185248
114135116138
6010263104
037141
1725617557
114241115245
83288729
80178220
1657616977
8219085191
114184116187
102193105195
6116463166
1081211114
5314058141
121208123210
2610729109
4513948141
38683971
14231626
167207170209
4222245224
172124174127
1862918733
1044810750
179204183205
680693
3920542207
8124083243
8918590188
81789182
5217456175
72727574
659867100
39884190
171189174191
179202184203
196105199107
720410205
112188114191
54525753
96679870
1205212353
824712248
356558
51938195
111182113185
1855518757
104120108121
1906119362
1717017471
2621628218
110143113145
163169165171
22359235
821510217
6210564107
9419896200
117146119149
126133127138
67157116
168175171177
1942819630
130103133104
104145106148
157160162161
4214044143
76237825
45495050
117110118115
1913219433
979999102
165210174210
179190181193
6414468145
87439045
7215075151
115168118170
7222673229
569958101
10531355
168145171147
01232126
6223965241
4021943221
1006010163
4214645148
114125117127
70557258
813111133
167107169110
72417543
1399314195
145178147181
1923419437
184204187206
188202190205
3621439215
107104110106
1407614378
67337035
1346113664
8123084232
018319
130206132209
1611616418
8316085162
1921719618
1797218473
1592716229
1529515597
50975399
6319370193
8914992151
151231156232
1185412355
132244135246
3817541177
1576716069
1639616698
8923691238
4123045231
71357337
1823018333
1627916481
110198112201
1836218564
1967219973
77468048
99194101197
8413687138
24512556
5422457226
36723973
1712317325
1367713979
1557215675
577609
44694770
8822991231
1564415846
1528715688
154229157230
126169129171
765797
94539854
9114694148
1473515037
182243185245
60486349
19162019
9420796210
1078211183
1701117313
8211385115
91889689
1183712139
157247159249
2415627158
9316195163
46744777
45534855
1812418327
74497751
142187144189
9121015
6513469135
1308713389
171206174208
9118592190
919894100
7716882169
9021092213
1187212074
2912634127
952310223
1391214115
179110182112
158201161203
121227123230
1983219935
1065710859
6622671227
178107181109
1215012651
128155131157
84908594
1108611587
282485
689973100
8413387135
89659466
5919260196
27613063
213415
6161017
4215747158
178186180189
1741117713
169132172134
5723360235
28763078
968310084
1388014082
5219653200
3715441155
12411255
1431014512
7419377195
50605362
1804718348
1915619358
168155169158
151192153194
78628064
2021521219
106189108191
128202131204
1119111592
190151192154
121184126185
12098122101
1806618368
113113114116
194227197229
67247026
1953619937
2222327224
016317
182226185228
1779517998
4018445185
7912884129
1473215034
137143141144
122144125146
2917131174
711410115
128140131142
28733075
3722940231
5010553107
02283230
104234106236
6214964151
9523497236
42844487
89779279
162224163227
54555657
132187134190
753955
6815275152
1521015512
152175157176
166129168131
1626516467
138117141118
185103188104
7012472126
1729317495
146165149166
1889019093
1044310745
48945096
1765817761
4174310
6022464225
2611828120
9217794180
147103149105
1884019142
1519518197
182102184104
1475615058
7212277123
1168811793
156915812
140169142171
114152117154
40604960
1615021151
1277613077
1885819060
179150181153
993110432
4217545177
4521748219
1498515187
1304713548
164224166227
133163136165
146227147230
193230198231
150221153222
3924542247
1753117833
184210187212
1023512237
78538155
31556157
46784880
58366039
4918553186
2813631138
1672317025
137179144179
996410167
161126164128
1245513155
1253312736
137180140181
7097410
7517777179
1706717369
15051537
41477149
7421979220
1474914952
1178612287
1786418265
1710520106
118127120129
71509153
5823859243
3622847228
1733717738
114148116151
167198169200
1895219253
1783618138
7722680228
6423369234
5712060121
1511716122
1121011711
1716317464
196112199114
196245199247
323346
1828319383
7711181112
137202139204
1069811698
2618728189
1159411697
1049010792
190131194132
2211425116
65706673
111105122105
68287130
45515052
166170169171
47974999
128226132227
2221825220
1713418137
72207422
4513548137
570592
124228126230
1421314514
1917219573
61219123
5122359223
1082111024
148194150196
1587415979
85158817
173196176197
106181109183
371403
7422476226
184187187189
2319027191
167178170179
6121763219
7710380104
3913844139
109120111122
110244113245
174134175139
6623069232
1063211133
7824180244
1684817051
749877100
8421885222
99108102110
4215546156
170170173171
1187812180
139138142139
21413144
95329735
8813090132
162197164200
1921019910
193240198241
1552715829
7520878209
15101542
3217134174
55415743
106194109196
170242173243
159183161185
123182127183
384415
1483915141
76717874
6320768208
7023075231
136218137221
715515155
1507415376
6312765129
64316832
1311714122
1106011362
1131411516
7615881159
160115161118
6413666138
5220155203
139190141192
5211654119
160222164223
2615927164
56865889
1482215124
118243121245
1245612658
9120493207
53875589
25112813
1268013081
5420755210
1568316084
3221936220
1217317174
158155161157
2115222156
2013123133
1536515568
188219191221
1603716240
95409941
1592116123
3722240224
44634765
119110122112
1882119123
3123136232
1405814260
70527354
161164163167
42254527
115193117196
4617348175
1665616858
196156198159
59866189
1423914740
124200127202
1084311045
158207163208
6816173162
1406414167
1851618818
7320376205
9018293184
1717217275
1361613918
1626116464
62746675
1026210465
815611158
118155121157
178233180235
18351867
133200136202
140207142209
144235146238
1020812210
1397214175
5718558188
6320466206
162140165142
8711996119
1433114633
9716198165
60286529
1421514517
103108104111
97509952
154126158127
8912491127
11604162
113172115174
1323515237
1679617197
5215356154
18112312
2616729169
42904592
133105136107
8116082165
4913952141
1239412696
10771109
5410356106
3721939221
1317613281
2720729209
90679369
184119187120
1238312685
31146115
6989100
123194126195
1012513127
16641767
56605962
99191101193
171178173180
133235136237
1722617428
3014131145
147236149238
163129165132
21352437
5613259133
83868687
7011473116
3510437107
31593461
83348835
1754318243
168137171139
1208812192
1424714449
117134119136
15511574
1179512296
134184137186
1281512919
117184120186
51635365
3517137174
143110146112
1194013040
139914211
3814341144
170198173200
5216454166
1498215284
55295830
92559557
2621931220
183106185109
1544215943
8314386144
2417227174
124139127141
514815
6511366118
8121482217
4212345125
101118105119
123151125154
1041110713
158230160233
9517798179
6920372205
194194197196
1039711497
1298213284
30953298
89219124
3810941111
105197106200
4117844180
40574359
1154811750
5323356235
1114813150
120136122138
1555415757
23192522
32393541
6614168143
196100199101
125233128235
9622699228
179247182248
8213084132
1885419057
163616410
6724569248
73467648
130160133162
1279512998
11798119100
85648866
1711822119
1404514148
108131116131
4624649248
4215945161
66196822
63796880
176182180183
6486
4619249194
1489415196
11341166
1619416695
2311030110
194120199121
065367
56835885
9324896249
163232166234
178163180165
190133193135
8921791219
11441545
4614449146
16622063
111212114214
99241102243
9313294136
39614164
66766878
1146011761
22752577
138193140196
181124183127
128113130116
9424499245
1627616478
3724538249
123212126214
2919733198
158138161140
51465349
78787983
3117533178
177236179238
7124374244
152116155118
151114156115
143168145171
9624098243
5419856200
1305313354
8919394194
8851286
39224224
1018410485
1884318947
45934795
1118411685
136222137226
111229116230
1692117322
129163132165
1176212064
151121152126
101244103247
111111116112
1816018263
176121178124
177180180181
91399441
37824084
73557657
120133123135
8412188122
7416176163
103149105152
181137186138
144127147129
125175128177
157215160217
75107811
1392214224
117102122103
091791
1897819280
1665216755
14121713
9215493157
1919622198
425476
177229185229
5817361175
1618619188
6417766180
333535
48245126
1532215823
54675669
89889092
169222173223
80808481
10351536
70477250
8510487107
1695717061
193214198215
130199132201
21312334
87409042
109146112148
354376
22165217
109172112174
441472
8420887210
155204158206
19962298
4921651219
8117884180
1101511217
179219181221
5024053242
53215622
60966298
1448614688
1710120102
133239135242
1161811920
5221453217
4494711
1025810559
110194113196
244276
115197117200
7321777218
69727174
183143190143
99170102172
151170154172
2110722110
63266627
138129140132
186222189223
138171139174
8120083203
120118123120
52459246
8514788149
19952995
148179151181
1793318135
9514896153
5522756232
6421467216
169201172203
1442314725
8523187234
20572160
36873889
8812892129
1666516770
5212754130
2372510
1111516116
16771979
78848385
9212495126
1873618939
1737417875
1137011572
117213122214
4916152163
1765517857
19552356
107143109145
1683117132
18221844
31763677
1657116774
2324526247
1037510677
01452147
716210164
182192185194
3116534166
17231926
61346337
1123911640
4622948231
103135107136
8619688199
270473
1753417736
2918032182
1818718488
78498150
136227138229
45854886
1623819239
89159217
2612129123
155201157203
126238127243
17601792
137207139209
140110142112
7715580157
1436714768
1886419365
3612237126
4812551127
54465649
139241141243
6514667149
9421497216
1447614977
1089011092
145192150193
167230169233
9612699128
194197197199
3631463
3317936181
124130125135
7813281134
6124264243
187150189152
160106163108
3624041241
124226127227
8810291104
43954498
18001831
1237512677
133205136207
6819869202
182183187184
137135139137
7321278213
3322936230
118139120142
155172157174
5418256184
7618179183
139228141231
182161187162
184145186148
721753
39424244
125121128122
5423956241
4611151112
193208196210
1466915170
2911631119
132126135127
192161193166
6914971151
111215113217
35423844
106167111168
5313654139
1318916191
6623969241
1784118142
52137215
4216745169
4510047102
1868418887
132141134144
1457314875
634936
6217465176
1337513876
5722760229
162143165144
127244129247
1375413857
1764418045
33113613
1724417347
1624219243
8821490216
59136214
5014253144
723012231
191174193176
118216121218
537569
125148127150
116164119166
144227145230
142144146145
27832985
112168114171
89479050
1314013342
132176143176
21782480
1516315268
1078410986
4018641190
996810270
1283313035
191142195143
122216125218
22572460
1245212654
2222824230
4312647127
1292813130
1614316248
45964699
107123109126
2524129242
12791581
1686616970
128180130183
3514437146
6410367104
73857786
4422047221
160120164121
81388243
1717720178
6123363236
1362213825
136240138243
5321156212
159168162169
26532955
98120100122
21074109
1231612519
1144111743
1459514797
1401814320
146153149154
8919590199
8119284194
1274213043
1091811120
5721459216
179121181123
8420487206
1112111226
6223165232
1293113432
2713931140
1591116113
1432114722
112159115160
140202142204
64486651
1309313594
188107191108
88289130
8618990190
11041126
94909792
126123128125
106224110225
100128104129
164159167161
1672616928
196151199153
1425014353
51598161
1095911759
1691817220
34823685
142190144193
106152113152
16871709
152236155238
184124187126
34673768
4520948211
5522160222
171218173221
142166145167
5211163111
1633616441
165243167245
72329234
92309432
6114263144
128132132133
01162118
82368737
6515567157
134149137151
1416814271
182190187191
7724580246
164147167148
3810641108
170230172233
6521169212
1008810291
1324513546
103177106179
140133142135
626828
150244153246
36793881
155210158211
1508815191
5418556187
3815641158
116221119223
36414541
7812280125
9019195192
133154138155
174242176245
4210945111
4511548117
1668116982
167220170221
178126180129
6715869160
1278512987
617111172
94509652
106220108223
159189160193
1734817551
4515148152
9210494106
1314913252
100810211
6561157
8417488175
115181117183
190145192147
9411497116
1478814991
5814563146
4012742130
2012221127
59766277
11571189
1602516526
141180144181
2418125185
190169192171
157213160214
1719017491
186228189230
1571416115
166172169174
2214625147
188212193213
1295613158
12111234
87319033
2512828130
57655870
150153153154
78318033
1816322164
1068710889
1146711769
143141145143
95649866
3816343164
182121184123
14531954
5411256115
1219214195
61428144
177144180146
57236024
14551856
11291431
6921772219
13398135101
177218178221
118238119242
42714374
89259127
144150147152
1418614388
1445014653
147160150161
26862888
129172134173
7581060
1274913051
2114223144
1216312465
3110933112
61106412
7720280204
5511659117
106173108176
4111643119
92749576
1146211664
124203127204
159204162206
85128814
102174105176
12201522
1581616019
1023813240
91839385
1032110523
95779779
6811773118
62238225
154218157220
6011263114
4420547207
77268028
125186129187
2822431226
3713442135
5718259184
117208120210
92279529
47325133
183157186159
146140148143
1668316886
100111102113
183128186130
102215104218
1585216055
1512418126
5216855169
141235143237
154212156214
1615519157
41784283
113175118176
101212103214
1117514177
6319468195
66526954
113197114201
213228
700715
156187159188
1012112124
6821470216
5312056121
2918631189
8823290234
96559858
79938394
197115199118
8622689228
139186141188
27153017
4895111
191205195206
724915249
1211312415
154191156194
9181121
186248197248
114231122231
24492750
41754377
4911351115
8117183174
91489649
92229424
32793580
7718678189
172117175119
148217153218
3022732230
1072511026
2212225123
164165166168
116116119118
52315533
9318594190
2222524227
134159137161
11471350
02072209
117104126104
6621768219
108156117156
163203166205
20262037
7422776229
1757117873
142172145174
177245178249
85478749
188206190209
5524256245
482514
13901431
164214166216
177135180137
66656967
1694217443
70637266
2010323104
8023987239
8791180
15891692
121234124235
9022093222
2413127133
187130189132
21612462
6415866160
16299164101
121186124188
8810591107
115232117234
339836100
14441544
130108133110
155138157141
165154167157
2117824180
6910971111
2316125164
1424314346
117131119133
6616969171
1162611829
126152128154
64446646
1949419796
56965898
7813581137
45585059
173162181162
1045510856
01103111
2515228154
100125104126
91909392
178130181132
193155195158
112218114220
184237187238
9217293176
53775778
4321246214
4021142214
11021133
4816951171
143133146134
103204110204
9611199113
192177196178
2921732218
190222
11731196
52296234
5412257124
4416547166
4518048181
18521884
100224105225
1707817281
6022368223
267299
1746517767
41636166
168152170154
11321434
132128136129
1275212954
9314295145
1778118082
150233157233
1455914861
185155190156
119202123203
110149113151
833855
149184152186
154107159108
1586216163
1376413967
1654016842
128134130136
1010012103
177241179244
974210043
1603216334
148162152163
158172161174
145118149119
1632716629
141201149201
31233425
82478449
8115483156
1218615188
29113213
2410125106
3516337166
1853818642
1466215063
3816543166
60796281
6013464135
772876
11111313
1075210954
36943897
16241665
143194144198
1215812360
3710038103
6524266246
92259526
144103146105
29863188
85588859
31386140
1069310896
12051236
1184112941
77388040
1642216624
11871688
110107121107
2823931240
192218194220
1942319724
1482515226
674696
160141161146
185166188168
1684417146
5710259105
4819951200
1886619267
1829818799
4115044152
194211197213
1114211345
135232137234
36633866
1308513486
3222537226
1117911481
157164160166
193221198222
52175518
9212296123
187133189135
237538
166141167146
151195155196
8510187103
1187512177
1517715479
75218421
11001151
61249126
50875289
9614398146
95109911
124198127199
45454748
16321934
38534056
1715817559
118196123197
69757177
128137130139
151183
8623588237
168143171144
1562415926
194238199239
1422518226
1136511866
3558
97969998
13921414
1902819329
9522098222
6623568238
133222135225
1143311635
125110128112
106185110186
2020624207
83428644
117211122212
4514950150
2512427127
4624049242
1801118312
1201712220
90189320
1616816470
31516152
34553757
10611562
129177133178
4211346114
1472915031
4923050235
573676
6822871229
1253112832
145194147197
7019773199
6120964211
4912052122
71237326
801852
114144116147
8912091123
9520398205
8519388195
806837
