1772
17521784
1648016682
181185183188
65936894
1832818829
6213864141
1779517899
62306433
196127199129
140165142168
196112199114
8016583167
6015963161
059361
140215143216
1016415165
174108179109
017219
3415439155
196193198195
27133015
8023282234
109184113185
4523950240
9124494246
5018355184
60606461
135223138225
41755178
722010222
161716310
1771017913
1883019132
32146216
158205162206
171231172235
144111146113
7920182203
7011873120
2223925241
1681917121
118243121244
104142108143
1077711079
147153150154
3111333115
4614649148
5120854210
1123611537
130240135241
1138811690
79668069
1053410639
1021411219
182214186215
6513266137
187189188192
75647866
9015795158
183226184230
148132151133
10532153
9581260
182143185144
101113105114
173100178101
182140184142
1205712260
2218925191
17922293
1719020192
18902391
176197179199
9411497116
83958697
16371939
1355513956
1822721228
01592161
178142181144
6318265185
8624289244
47685070
1761517917
132138135140
17931844
178238181240
14521474
136149138152
3921242214
2220426205
8014582148
1328313585
3124033243
96194101195
1565215854
1367213974
81348142
189181194182
28493250
1683117133
190121193123
9618899190
01683170
1420515208
1345813760
5813261133
2719830200
174184176186
3213833143
109138112140
11481549
83708573
055258
145134148136
125102127104
8712590127
9124896249
4715252153
1602116323
91509452
93199620
80958297
9616998172
6322566227
1044910950
5715660158
113130115133
3621739219
63496850
104183106185
1431814520
38144016
35423844
191225194227
5220454206
187242192243
283296
190211191215
162197163200
1805318355
163205165207
1819718498
168200171202
48845185
115103118105
137217140219
110124113125
139229140234
7212674128
148187150189
77208022
127161129164
1574316244
15799160100
1910420107
02171221
091392
16861718
9218596186
12181420
56516152
115198120199
4518048181
164180167181
119130121132
187207188210
131191133193
172188175190
192141194144
6724169244
67747275
64636864
146203149205
96849886
170194172196
7822879233
1515318155
1336913671
102231104234
129207132209
1562916130
8120884210
7215075151
16761978
44464747
9221294215
179135181137
734785
21342336
4315647157
3719339195
5815361155
84608762
2816231164
3317136172
138164139168
1641817518
1791818220
585607
113120117121
162170165172
01114112
167209168212
5024853249
1206112263
94219723
159117161120
81868488
49765178
4619449196
01293131
99205102207
99216104217
1134311645
1611618118
1745317755
7751176
1403914341
5614959151
150125153127
169208173209
1411714917
5613459136
6717469177
90609361
9681170
6416868169
1908819390
7519576198
191131194133
1447514777
1506215165
2521726222
165243167245
8224587246
4322545227
124158127159
2221427215
69117015
101122104124
114173119174
1713617637
52136313
192128195130
2713931140
7310176103
2121624218
121169124170
5711960121
115192120193
128179129183
1774617948
4521750218
174817610
2124224244
132183135185
104135107137
190245193247
9319696198
41534455
196117199119
184130187132
19701993
135186138188
1005610358
198130199133
36553957
49375239
1663917140
1621819220
23432545
01915192
1342613529
79648465
175145179146
1623616538
4322845231
98152101154
1673617038
118186123187
1462114923
175112178114
5612758129
41357137
119124122126
31593361
64736675
1724417545
9151217
31596161
144194147196
1616418167
162239164242
1302513327
131148135149
6361037
1151211617
1906419167
1531115613
111242114244
25252827
5422358224
151197154199
1686117362
120127123129
110160113162
1115411555
1254612848
130142132144
166161169162
9316696168
259929100
50635265
38674169
1783918240
9315196153
682885
91699471
16492150
830853
102208103213
41677168
318521
25872889
824110244
2024622248
5415957161
136230138233
1075710959
3722939232
3021933221
108100113101
14961798
18301862
1407614378
7424676249
44854688
107181108185
1695817260
5519759198
7120974211
193183196185
163154166156
22357236
19571989
182240184242
7221875220
1313913342
6718872189
160190163192
1432114524
110245113247
190216194217
133226136227
9011193113
7322578226
4223445236
111226115227
168239172240
1637816779
8520487207
52425444
9214694149
6614468147
51795381
1607716279
1052710729
8912192123
11001141
148104150106
115194117196
1469214994
1441014612
60656168
157239159242
125147130148
172197175198
419742100
1435114653
179100183101
27393140
1128212082
128153133154
4219845200
5514058142
165217167219
150203152206
109179111181
112154117155
1248712988
1804518248
171112174114
295398
1873319035
1498015182
39494152
3724239245
430462
72667468
58866089
186142191143
13131515
1863818841
103244106246
123225126227
1799518098
1076210964
149149154150
142217147218
104197107199
109158113159
1456914871
91309432
9523296237
1746917671
103170106172
11321155
149236152238
670702
1093411136
951310014
142144146145
27723073
59776179
41156117
3210134104
2215224154
138200139203
3621438216
95679869
5122258222
74717574
156219164219
7216876169
4917351176
60266427
99177102179
4022342225
1812218424
31656166
88289329
13298135100
165130167132
156197159199
154244158245
7011373115
8317384178
172119175121
1941119613
12891591
1077311174
130104132106
1078010983
193241197242
155135157138
3818943190
99157110157
171122174123
1517715479
99102101104
6411466116
651953
1625816460
9514899149
41957196
71278130
4422145224
52765577
74527754
2623131232
9119094192
95509752
4120843211
32883590
96409942
45494851
024226
1523819239
84258727
134129136132
106138108140
140205143207
19162019
79158019
156246158249
5612259124
160220163221
2215524157
2114224144
7824381245
137226140228
9719799200
7522877231
2517627178
3322936230
1889219194
1418614388
9320698207
176130183130
50295331
134120136123
121202124204
33763677
73367439
6720570207
61566458
112179116180
60286429
186232187235
138104141106
4710548108
105241107243
1197612278
189203193204
692994
171249179249
1107511376
4094311
17351767
196226197230
136182138185
9216094163
1023613237
41124414
4916453165
1318814192
190223195224
142146145148
106194108196
74307633
7913480137
145142150143
90899291
51857188
6919871200
150160152162
15031525
1716020162
48245126
9422197223
37734075
114160118161
105232107234
5912963130
71649166
88409142
1905019352
41774678
113218115221
6324074240
2015024151
23752577
1882519127
997710279
5520860209
26432945
2021221215
157188159190
41697170
1119311495
4024242245
140195143197
140116142119
7711880120
2720130203
93489849
153103158104
194188196190
2410426107
165118168120
32143516
195236198238
21815183
389740100
6522970230
131201134203
3793912
5986210
176203179205
6517366176
172138175140
84528754
9316995172
1543815839
143119146121
2114724149
179131181134
1444014642
622310224
3619838200
188126191128
122205127206
1420217204
4118443187
1315113452
2710528108
1501615120
178120179124
18531885
51518153
4017243174
1236113261
9417998180
107221110222
43234526
6424567247
2410129102
1162411926
2419229193
148209152210
5313655138
3412637127
37474148
159916014
1115214154
3920642207
1261312915
02375238
106114110115
154122156125
3317736179
7022372226
57946095
1955219854
147198150200
6618069182
913414135
180145183147
143241146243
13671399
8722689228
89349236
68597161
104160109161
8916391165
1076611267
51117114
134191135194
117246120248
1363414334
148214151216
1023210435
8314384148
192214
1853018732
16731975
1171411819
4419445197
87929892
697899
20282330
193152195154
673696
180110182113
1314915151
126148
196107199109
172141176142
35343639
419912199
112152117153
37273930
9951198
1662216924
15301552
5221155213
1878419086
8514788149
1122013223
114164116167
118175121177
99156110156
121114124116
92649566
162243164246
1072011022
158111162112
2112329123
2814529148
1493015232
1108011581
5217557176
142150145152
1552415826
1952119625
2217427175
8012183123
01625163
162120164122
143101154101
1084311145
8517888179
29411
068172
6515267155
155101160102
16799172100
136103137108
4110943111
4418546188
65336735
89699072
168182171184
121104124105
1183112034
1939219694
2223025232
722711228
113138116140
137121141122
6710569108
171130175131
102132104134
71167418
173153175155
43954597
01781183
159168161171
1596516266
75818082
87959097
187180188184
834847
188129190132
1957419876
2192312
84379137
1510018102
1321613418
1615616557
98142103143
1611116314
7212174123
1502615328
1613717140
1084111242
159248164249
114123116125
5019955200
1118113184
1993719945
64446745
86558957
1778317985
154211156213
3416136163
1245112654
121197124199
153175156177
1015010352
1616819170
106147117147
170228172230
5718960191
130247132249
1558516086
6821771219
1847918682
124188127190
1317616178
73757677
58386140
1106811369
42414543
137169140171
1252312824
8310087101
195148198150
1446114862
1044210744
59711
16512152
186111188113
8024083242
140202142204
6310865111
8917192172
18351848
85898791
129215133216
1305313255
1502315424
179176182178
1909519396
1319213593
167121170123
150228152230
9218294184
110211113212
819511197
6823779237
1427314774
1510318105
9513698138
141162144163
7120574207
1787418076
25283029
5310656108
151195156196
1502115422
1385914061
142105145107
160232163234
1746017762
141173141184
8917394174
7211176112
2411227114
127225130227
6514069141
1658316884
1134011542
32183520
143166146168
1382514126
185136187138
6914773148
42504452
045347
1783118133
1274113042
128140131141
40324235
164220168221
103109105112
4712051121
1442914731
4814353144
1351513816
168157171159
4711150112
2515127153
110171114172
7516077162
3421137213
129713012
75237726
6210065102
21233126
53385441
1085111153
6721572216
123124125126
176138179139
103201105204
1046110664
184100187102
7514179142
172186
2413726140
4418247184
3420237204
6920172203
118157120159
1249312795
1745717759
169220172222
1615019152
3518238184
8319185193
1528015384
52328234
5624759249
12251427
18202920
18001822
7619978201
13401381
55885790
50175220
151144153146
190919410
1013710439
1278513186
137142140144
1868818990
1255013550
161128164130
122147124150
35293633
1551915821
24303430
124228125231
155170158171
1518916193
1956119863
7418476186
125216128217
1796618069
114158117159
138123141125
106109108111
94379738
6424166244
150182153184
1017110672
1611218115
13371539
139136142138
159177164178
41754676
5211955121
3012733129
6423169232
3356
165176176176
19171948
46234726
144229146231
131168134170
1386714169
47355236
55445746
1303413237
53885491
1777017873
1848818592
2778
188229191231
1923519537
166115168117
1684417146
5114854150
9221697217
120102124103
7722080222
121200126201
616819
1076810971
6620868210
13631565
1523615737
4724550247
1943019732
53985699
3416939170
1037710678
494526
1349513797
185149188150
20562258
9211222
163123164127
1922619527
107106110108
181104184106
105230109231
168217171219
83288630
112229117230
6910272103
15331574
1216412367
117133119136
44614664
039341
31644264
1649616699
36844185
31563458
4324646247
5118054181
222623
69377239
1583416135
6922071222
170107173109
3810846108
1216812271
7014074141
143179146181
5918162182
192145194148
2911032112
192228195229
1333413537
1578016081
1276512967
96569957
183111185114
1219312395
8918591188
34593761
5422755231
147167152168
102107106108
165222168223
01423144
1871518918
122243125245
155117158119
810411106
19341966
198215199220
106201108204
114186117188
161163164165
33943696
8517488175
8111584117
5324258243
59716472
1221715219
9022692228
47754879
149173151176
1526915770
1673417235
110200115201
814828
1415916162
14801502
117162118166
119162120166
126125128128
170151172154
10721123
4116044161
103178105180
99232101235
15271559
5418556188
58626164
118151121153
140208144209
137140140141
1237512479
175245177248
43904692
933610436
186166188168
167109168112
1128511587
16832084
187114190116
1023814239
5923862240
117178120180
196239199240
1153311735
2514527148
184122186124
108130111132
94829883
80498550
6214465146
149231152233
1812821130
106167109169
6722772228
57175919
1306513267
78258126
6920870211
42177219
1221214215
94619663
1905319255
2042
154163155166
116911811
99105110105
137213139216
158179161181
1023010531
56536154
2520626209
77297931
1793418236
1114014142
8716890170
177184180186
1893819141
57736174
1737217673
116130118132
5423456237
2814131143
13011333
179148184149
2416825173
7416377164
113189116191
5023553236
1757718078
1191212114
96439944
169132174133
1652916732
131224134225
1921119314
1248012782
077777
18232224
6918573186
180248185249
8910291104
1391014113
9013293134
75347836
155157160158
3193312
20732276
136240138243
1342313725
6319368194
99170102172
3717539178
1538915591
1592517025
147179149181
5110953112
11791481
1862018922
14697148100
4311951119
148245150248
62379239
1712520127
8714489146
1048410686
293594
354855
103248114248
26623063
193193195195
3711738121
187121189124
24722674
193176198177
7615779159
9123394235
148129151131
90229324
77557958
46374840
1913319434
68287129
379681
93159518
3024432247
180200183202
1963719840
330362
7518177183
1911423115
7317175173
3923441236
32813782
2110323105
120239124240
4619949200
7821681217
1513815340
1124014242
8911591117
7123074231
1355113754
6618368185
85218922
75377838
121119128119
1210314106
1238912691
552584
53645666
7113673138
168135171137
111109113112
72417542
7316678167
1822518427
39424144
107226110227
2514127144
327529
1466614868
1614718149
1045810660
5121452218
126213128215
8723990241
10611264
77947996
22007201
83558557
31443347
101222104224
14341636
1954719948
54815783
1221312515
124248129249
8419887200
3520638208
7710979112
148151153152
45684672
3318038181
55105812
679970101
100137103139
492543
1464714849
1287613377
168144171146
99134101136
1831718619
22065207
2814932150
103166105169
16151646
1724617448
5323956241
7724679249
1116614168
164226166228
998010083
7321276213
24702971
156220159222
133101137102
8113583137
1833318635
122177125179
80548257
1117711877
9199312
541843
174207176210
1443714739
81158417
173102176104
72129214
139247144248
9520498205
3493612
58806182
65116813
4110144103
191218193220
111156116157
155167157169
36903991
1119711399
187213189215
12731575
1045510657
1658516787
158113160116
98218105218
16472148
31743279
152130153134
46414844
194157197159
5714561146
9831088
92419542
126240127243
56775879
35653767
70857387
58916791
1156011961
88109013
313516
27413142
28903192
1019210494
55385740
8721390215
146232148235
93749875
192102195104
7124473246
146146149148
119232120235
7720278207
177199
6610968112
171117174118
7411477116
196231199233
69767277
155181157183
1204212344
8320184206
164916512
889991101
110118112121
6016863169
184153187155
124186131186
3811241114
3919841200
1723519237
59346137
164190166193
5016752170
3820341205
64516753
1816518368
5111653118
140127143129
98220106220
83438844
1462414827
1248312686
5613758139
170185173187
178229180232
13341404
8923390238
152242156243
178117180119
10551087
111102114104
18852088
1292913330
1276213064
372423
13999142101
105132107134
1971219915
3214534147
1317013275
8819890200
2018325184
56325834
1864419045
1808118383
570621
46654966
7719680198
1628316485
9518198182
6610268104
103235108236
125114128116
6518668187
1461814920
119139122141
73787483
1155112052
147157148160
11341336
4818249187
7320075202
72507355
1901919420
48325333
133124137125
17771809
073275
8598711
180114182116
15831634
1369113993
169236171238
5022553227
68567158
99236102238
85819082
6516367165
818410186
5312455126
141189143191
158200160202
9220897209
148194150197
187173189176
175240177243
73237427
69467049
7012571128
194246197248
6417067172
766779
1548015683
1233912840
14321445
4212046121
169179172180
2317624180
1869119391
133233135235
173115176116
15061519
176125181126
8617188173
9411799118
82758477
1837618678
155184156187
155172157174
5124453247
113106116108
1413014332
4519047193
8316985172
1028410387
97289831
9524497247
3014531148
189168192170
31623663
32416243
1641516717
12851488
1315613358
18252127
1012113122
4784910
4513647138
1168411887
169223172224
1578215984
1665316758
147107150109
162148163151
4314944153
147240149243
19599198101
1864618947
667870
152179154181
3021133213
165248170249
5817461176
1715821159
4217744180
2818730189
2721829221
4021742220
80589058
192187193192
147192150193
183160185162
51102
9112794129
18662367
1733417835
4624151242
12501291
140187145188
38234125
173150176152
65386839
1368313885
41214522
8416686168
1792818230
1105611259
8912890131
1191812220
1641316914
56696170
98242101244
24522556
79128214
95709773
1037910680
1302113522
162161165162
104206105211
1253312735
72467747
193171195173
1584516147
1244312745
154146162146
151191153194
2910834109
11599116102
79738274
173171176172
9022093222
6910971112
8413588136
163229166231
43344636
180107182109
131165134167
1220914211
9681009
125218127221
2815130153
6022863230
1388614088
8721691217
7791081
55265927
1569515996
70237225
9117594177
172202175204
394426
61817184
58906590
117238119241
461762
88679368
1968019982
27463048
76107812
5018553186
158172161174
139249149249
9215595156
7920482206
76717874
186216189217
4421447216
37194021
80838385
197210199213
1792518127
54305534
14051427
190239192241
1348613788
816111163
159141161144
1017310474
1983219936
1846518668
150169152172
55715872
6316668167
148217153218
144130147132
18151828
133126136128
1824918750
160222164223
1347613778
45114912
1336113563
41227123
83788680
1318913491
184127187129
5924163242
6914471146
3118533188
8714394143
7919382195
1361013812
101160103163
15951608
1931519418
1391611
131219136220
105189109190
196102199104
3511836121
1278913091
162182164184
7718479186
196151199153
164237168238
4410946112
131221134223
130160132163
192149194151
1078710989
1717420176
73577659
112126115128
6916771169
1152011822
32833485
18999192101
630662
7613478136
135178137181
12661288
818711189
1466314965
65586761
125149127151
23402642
5422557226
136114139116
1034010641
8619189193
7716882169
41977198
154126159127
112203114205
109202111205
154142156145
135236137238
1281613117
7714379145
6010962111
4815155151
1521615518
162139167140
8523294232
1859318795
1174211944
128158133159
16197163100
1289213095
1136211763
1705217157
093198
161113163115
1743117733
2622728230
8511588117
7817879183
463485
13661568
7017677176
32383440
8323485236
65276730
2412627128
1555515857
121210129210
110228117228
146236148238
80298232
9613199133
3610339105
816710169
42934694
81218422
188152192153
027229
112163113167
3561456
165141168143
1423516237
2524230243
181158186159
2521229213
151185154187
1785618257
100173103175
198182199186
2422625229
1544915751
16521675
303326
3221635218
150219153221
133209135212
8315685159
6812271124
3414237144
185139187141
170214173216
141108144110
769979100
1303113333
138107140109
127201130203
1188812190
1054610848
4324345245
6118866189
166213169215
7922482225
5217755179
1021910421
3419037192
1923121233
162159166160
191183192186
58836184
438640
3515638158
108133111135
107124109127
195179198181
1784118142
1679517296
108242110244
20962497
91959497
144128147129
1275312955
592624
1429214397
1841218813
7381139
21152417
1509515397
1709217394
1045110753
41897190
1623316535
1509015293
177209180210
169116170120
110188112190
85868888
9624097243
100245102248
1824220245
100196103198
1914419445
4616148163
078280
11631194
2710331104
1382814031
131226132230
1198412187
82478748
3512238123
1194912450
9011893120
6217364176
01031107
97126100128
1707717478
181243184245
814317143
565966
158159161161
21872489
15251727
1714917351
3723739239
1341913920
713110133
182192184194
76137815
1219613296
83928694
144215147216
119225122227
181195184196
141213146214
72607761
114109116112
187133190134
5622859230
15651588
40604362
121213125214
1835718658
176132178135
1507115373
62636368
1684817051
2213125133
6520268204
3915642157
2111822122
9510898110
6813171133
1447814780
435457
1654216647
8117282175
954610047
135163137166
50275428
170917112
132188134190
14998151100
1174512047
9421897220
6514868149
