1775
622663
111169114171
82508551
7123376234
3019733199
106159109161
155119157121
113131114134
5313756139
3715339156
101208103210
121225123228
141136142140
1367214173
119101121103
85478849
1297013272
8923490237
3615739159
1937619579
178218181220
9010993111
1036410666
33174217
148146149149
185186190187
3415436156
1113413136
5610458107
193222195225
124100126102
89229224
107189109192
123193125196
126134127138
6689
4622548227
93229524
148815110
125111128113
192164194166
1208412386
38234125
61816682
8923191233
137142140144
138201140203
10891391
1366213865
130176132179
105115107118
104157107158
39134215
8111683119
5913462136
1343313735
129168131171
122185125187
153199156200
161130166131
1191912420
177242180244
59666169
1121411417
26852987
115141118143
1763117932
9961199
1787017973
77187920
165115166119
54175719
132199135201
1762417925
78548255
17301744
1827618677
1664816950
168148170151
1241012612
4521248214
177223179226
103172106174
8222685228
333635
2910032102
8810291104
2414028141
1676017261
52215522
172187176188
3818340185
8724288245
198181199185
1636116464
2721929221
121129125130
172171177172
51748176
71747675
1624719249
91889391
183918611
28693170
1436215062
100133101138
1222812729
190195193197
146190148193
6323468235
1572916030
4015642159
188151191152
148140151142
1816520167
8013182134
14861527
7919680201
177116179118
165214167217
100122102124
6622469226
54505653
45864789
159231162233
187182191183
8119984201
113157115159
2214626147
190218192221
8118184183
26302833
5216357164
186161188163
1789618099
160201163203
116123118125
144167146170
107227110228
1606916371
1178212083
148244151246
3014634147
13661568
53315632
1908119284
4211044112
2918132183
812911130
130246133248
184102186104
616647
1423514537
1374514047
1506415365
1458014782
175100178102
1258812889
5615060151
147226150228
173234178235
1724517646
1796718169
15581860
3714541146
192146195147
1034610548
66957395
192142195143
1256712769
98198101200
6510267105
8621688219
258559
116183118185
1916619369
1653716739
49835186
106100108103
77858186
1327313575
1609316395
1943819640
125179126184
167159170160
938989
139204141206
151107155108
169137172139
4613749139
149234154235
161154166155
1605216353
1215413158
123145125147
19172219
195148198150
6116864169
1147211774
36754375
1349713799
126163128166
1441914622
36103912
1437214674
2123124233
151227156228
53945695
181149184151
117191119194
127712910
111122114124
629832
3324036242
151208154210
4011442117
110242115243
180110182113
1302313325
143165151165
138173140176
8513588137
144217147219
133153136155
167120172121
4821950221
103246106248
132171135173
1652516728
4412447125
136114138116
962210123
1976019963
1314513646
1643516736
5918163182
040243
4017341178
189147191149
87339035
190198195199
5420261202
146187149189
1368813891
164816512
1343013732
118205121207
182124185126
4484710
101226106227
5414057142
150185153186
1423214534
94109513
1142111723
4322445227
194244197246
156133158135
1124011542
989310195
11201521
02012203
083385
34223724
7112674128
22342436
31973399
913812140
113218115220
71177319
2513128133
148158151160
1159311796
1136511468
6516068162
196130199132
5111855119
3511737119
69387239
178106181107
100129103131
167186171187
81308432
4524547247
72277429
172175174178
58886190
6515169152
72727673
108107110110
139100142101
7224175243
118246120248
1612316524
190101194102
3512037122
119219122221
1912223123
172167175169
2010923111
11031154
178149180152
1357613779
36593861
196178199180
164111167112
1498515286
84368738
119182122183
53615466
104150107152
915411157
188230192231
4420246205
160149163150
140127142130
109229112230
6510070101
126211128213
133141141141
8131115
90579359
8913392135
6418166184
128201131202
5911160114
80238128
13821413
7824581247
4816151163
8911692118
43264727
153150155152
1438014483
186218189220
4519848200
3616338166
96196100197
97165100167
290322
1259513295
1931419418
1825518556
121151123153
176153178156
193111196113
785808
3821042211
1745317954
4913251134
121199123201
9701073
26133114
27113012
7211175112
415446
588989
146101148103
1368113983
1912119324
83558657
1917519279
2612029121
5723760239
97201101202
5824063241
2622729229
97319933
1412423124
57476049
1238112583
2317026172
1647516578
1555315756
7812283123
8212785129
9214594148
175138177141
113229116230
6111065111
7413677137
124190126192
9416396165
48875089
5013752139
1311616118
735937
1705017451
69277130
139164142166
16831706
21202422
8015082152
7320578206
1573215835
157175160177
181203184204
158220161221
1401614318
157195158198
1501415217
1296513267
1254313443
186159190160
11734175
703734
4012245123
6210064102
1079410996
119156121158
134206136208
73557756
1207412575
972810030
168193171195
086388
108149111151
1219612497
98142105142
120202122204
3023032233
82918593
178129181131
9415495159
19441995
73857687
3813745137
1649416796
2024723249
62456547
5222754230
1102311325
44524754
153229156231
173917611
107246110248
1576715969
52435445
01772180
3613938141
842864
1081411016
193201195203
4719550197
86818884
33773579
5323956241
5423556238
1703617337
01592161
26932994
1445614658
74657767
156152159154
3215735159
1871018913
49325234
1309613398
185241186246
168145171147
4714850150
855906
9117792182
170228172230
107171110173
149131151133
132183134185
3324337244
166242169243
1212914132
191158193160
143159147160
1145011752
132156135157
7710281103
172207175208
109202113203
130195132198
3421636218
78427945
182106184109
155124157127
154128157130
4321144214
812410126
030233
33713872
1176211964
68477149
2215925161
9310398104
10511083
2913131133
2714529147
7724381244
1073911041
15141815
2522227225
133196135198
1581516117
7314282142
94589959
1438714689
3615038152
5212754130
1978419987
1192812131
132214135216
5018652189
58176318
39514153
193130195132
38434145
164238167239
181138184140
5812861130
186113189115
2619129192
2411327115
185216190217
7213175132
1506915271
5914462146
1726717470
8714490146
1617021171
1466314964
1869219193
8318685188
137127139130
1824220244
91699371
48515352
101222104224
5511358115
759776100
209923101
1038410586
1794218046
193218195221
62238226
6515666159
62696670
1779318095
1012112123
178132179137
7311676118
1884519048
184153187154
62666568
116165117168
7224775249
5212353126
8211024
407439
50635266
169179172181
1821218514
135222137225
184200186202
50365238
19599196104
3421336215
152164154167
84688573
134203136205
283306
68777178
195236198238
5910362105
4119544197
8222984231
168236169241
111193113196
1448514886
2314224145
104194106197
149231152233
8219383196
3717040172
1851718622
1922524226
152815510
102188104191
1794718348
289491
093296
117106118109
111177115178
99102101105
144117147119
1596416266
38324034
101100105101
6114064142
159192161194
131227136228
016417
90749177
151220154222
177192180193
79128214
132218133223
157247160249
129112131115
4124342246
7310176103
87259027
137204138208
1017210972
152158154160
5210055102
7523576240
1020813210
911212114
1973219935
173243176245
64496554
4922551228
138122141124
65596860
74417743
111208112212
1362713829
169172171175
1514818150
1902619229
172125173129
7622781228
8122383225
39944197
920011203
1856718671
1655916662
4610149103
63256627
719110193
3023932242
44554658
61138116
114172117174
1489215293
22407241
137125142126
1218313187
4516550166
5120754209
720412205
3818640189
125242128244
98120102121
330353
5117954180
2192312
1622616428
01162119
1237012573
1064810950
191122194124
144167
1622721228
145135148137
2523028232
117131120132
1722922230
6720169204
1114814150
142225145227
8014382146
3420237203
161158166159
1705717359
9613299134
36783880
1741417715
144106155106
189222192224
5513558136
92409442
173240176242
6412666129
1544115643
82258329
89409142
88869089
1724522246
154225159226
8420287204
3117835179
01501155
1913819340
32663370
1818619191
197226199228
873914
132144132155
6911772119
1115114153
2116225163
7518777190
182166184169
75927894
67796982
6221467215
3518039181
1877819079
89839285
14597147100
2515027152
179179182181
108152113153
1323215235
129243132245
3121333216
82858786
150114155115
134913611
61368139
187204190206
23892591
60916293
8521190212
01233125
167190169192
8216583169
5121955220
162218165220
13441385
981910121
4720150203
122140127141
22353239
157211159214
120178122180
3719340195
146197149199
2819729202
156148167148
1295113452
100150100158
1920322204
6319165193
577879
1371713919
57925995
1838818591
4015242154
131224134226
1437514677
160102163104
14701493
16102011
8212587126
129128132130
157204160206
9120093202
49485250
1342313924
7022672229
114206117208
126218128221
35903891
1858018783
32235225
43484849
8314486145
63796680
4612149123
1426514468
1813618438
1456614768
63286432
1934719649
1656716671
1410319104
569960100
1026210663
174187
572613
108118110121
142161147162
1522218224
1813918441
9311896120
1311016112
151102152105
109233118233
1338813591
37264028
1311316115
72537754
124152127154
143130145133
8616389165
186132189134
1651416716
1962319925
1021810520
155215160216
44744578
155155158157
39595059
197208199211
66516854
57326133
150161153163
117224118228
69597162
181244184246
120137122139
7515977161
8618990190
6412467125
156139161140
1712817429
2418528186
181176186177
6123764239
125122128124
1285913160
6612270123
6513667138
1073411036
13961428
114195119196
3510737109
1221112314
166202169204
6818473185
1839718798
122101123104
73147616
98144101146
95629665
1117911381
51777180
170100173102
131181134182
3319336194
4917552177
5921662218
2023922241
52207222
190212192215
36814082
150197154198
489649100
159165161167
1055610758
153204156206
173228176230
820612207
8918691188
15911893
8251028
76897991
4123743239
22852488
7213375134
111105114107
129153131156
15101542
16701721
1156512066
9118994191
105119107121
57505855
53685473
84418644
4123046231
1264712751
19461969
109234110237
170113171116
187202190203
31213323
1572415926
140132142135
1117513178
5114153144
4613148133
1188812190
94279629
66847185
1702117322
5024855249
7431543
1557515877
910220102
28643265
15671608
4719251193
7220775208
9012192124
105131107134
269828101
41325136
723212233
128236131238
5021053212
136198137202
4516747170
197156199159
79368139
110187113188
163145166147
136119139121
2212924132
8818190183
31764179
1189412195
5419755201
132188135189
166108168110
1642916631
4511048111
2624229244
6614469146
11401162
6717569178
1888519186
31145117
8711989121
7161117
133108136110
078380
01663168
165223166227
18561907
84878788
097498
1118814190
155100166100
144148147150
189106193107
109146112148
194176199177
146131148134
1812520127
171148173150
9222295223
1336713669
103112106114
8016282164
7710779110
6221267213
4815751159
106142108144
12431266
172199174202
69407242
182213184216
1765917861
135239140240
145127147129
21973097
6116364165
163160166161
5918362184
21642466
169123172124
4512747129
1288113282
14851986
141114149114
169117172119
167177171178
145230152230
1191812818
172173177174
119125122126
9291132
1974919952
94549657
103124105126
3511437116
197233199235
74317733
1743417736
196201199203
135241138243
4823150234
723117231
37404042
102199105201
22562757
170167171171
1113811639
182218185220
5620060201
42194422
151183
50465347
9622297225
1916019661
165105167107
9016892171
87728974
447848
2724529248
1338413686
72797481
13941445
2018125182
1383314135
9212695127
1032810630
67686971
67226827
57366038
6414768148
9318096182
123202126203
121245126246
1304013342
47354938
47395040
142187145188
3020133203
15031535
154202159203
5416555170
1552115626
1949319994
34363837
1023610339
7621577219
4013345134
9016492167
2913831141
158129160132
176121178123
1049310696
117152120153
1708817389
84338635
6017663178
4216245164
1219915201
3111234114
1355413856
6210667107
29563158
1268513186
1538115583
7998211
187137189139
047348
2116625167
8623388235
3118632189
167218172219
1971219915
7620779209
168209
109135111138
4010144102
78588061
84148617
136158139160
143101145104
137212140214
19272229
1533415437
171161173163
145233148235
31828183
1145611758
7322576226
65916794
1255212754
98113101115
6596614
155101166101
9316694169
1376613969
9851036
80178318
99240101243
044246
30903293
7723578240
4814050142
165164168165
104239106241
180224183225
5110856109
103202105205
7319176193
8419286194
166228169230
54145716
33183620
32273628
7024473246
9714999151
7319581195
117129120130
77727975
15811982
126128128131
57966098
3921242214
1104511347
2218326184
392893
7418175186
2514829149
171106174108
186213189215
7113974141
8617889180
114101116104
36293831
2718128184
150204152207
175182180183
8819690199
9313295135
6114863151
72497452
136188138191
72617563
101194103197
67116814
213515
163137165140
9324698247
182128185130
1562716128
178114181115
1921119513
1973819941
87648967
5322255224
1747717878
02272230
1316113364
1783418036
150182152184
2320326205
141241144243
8578611
32316233
103177107178
2116825169
915947
6424065243
1757917781
1425914760
11261328
8315385156
5620759209
2813632137
166244167247
70557258
144143147145
139230140234
97649967
1871619018
1087310976
87629063
124197127199
1946719769
117229119232
8813890140
125209130210
1647216774
186207187210
11697117100
1401414515
184135186137
6616369165
1491915122
1219112393
8224585247
35384039
1572116023
3216042160
9514397145
5019853200
1148211684
1717719180
1604316345
47685269
1807218373
3419536197
156241157245
154211156213
710610108
104179109180
90149316
1023919239
326727
2120924211
131162136163
7118874190
22372341
190154195155
5121554217
30793281
3411834125
145151152151
178248187248
93609661
149211151213
107193108198
171153174155
816847
197239199242
179235182237
18781909
3111534117
1607616378
7817880181
169222176222
135232137235
21694172
1183212035
101124
150143153144
2022124222
186128188131
131208133211
343446
180118182120
7617178173
1363914140
18601911
1462315124
112244114246
134209137211
23472748
68887389
4714450146
322810228
1745717858
2512827130
1932619529
182160185162
6523168233
33623664
1471714822
125169128171
991310116
1564415945
1706717170
1612916331
93819683
3821082
171130174132
187145188150
9218596186
1461314915
95849886
124222129223
5224555247
7821080212
1567815980
1276212866
108224110226
01050113
190180195181
2916731169
1226712469
1051210714
126234127238
4112944130
69117014
1877319075
1002410226
171151174152
174124177126
181145183148
167156170158
6819972200
117235119237
172144176145
75367838
1358014280
2410827110
9515096153
1110514107
2918432185
1756717869
181186184187
105181108183
128142130145
18232324
7112276123
112197117198
16261829
126195129196
816111162
175199178200
2021721220
1185312056
5512757130
9610598107
193208196209
6417366175
1034311043
12611365
1313813539
1211917120
193239196241
189191190194
918211185
176157178159
4414646149
7323574238
1301313414
196198199200
1419616198
1615616557
110189111192
2123425235
1715417356
1719717499
1193712239
6613168133
2820728218
7818982190
5120153204
01452147
160210162212
0032
111160114162
3017533177
6910971111
191719310
44284730
30443345
109181111184
187120190122
7424476246
5921261215
139149143150
170242172245
01412144
173133176135
969210792
8924092242
2417427176
182121185123
1475615257
123219125221
09114
683697
3112636127
1889619099
1521915324
130120133122
90509352
81568259
1118016181
193214198215
108113110115
1096811171
82368339
16431675
115188116193
157171160173
41404641
5421157213
21302233
4118343185
1706517566
107165110167
73397640
22782480
183188185191
152246161246
9481150
7615679157
1397414276
11252125
136177139179
197204199207
1523718238
5317555177
3014831151
01292132
917310178
74447646
738941
174231176233
166102169104
104127106130
247337
976810070
34463748
193232194235
9223394235
127231130233
197101199104
98219100222
9113893140
65866789
185166188168
37734174
1314713548
155165156169
1116211364
175178185178
492505
6810270105
1022110523
9317096171
1745517856
1877619077
1727418274
67356937
3512338125
2012023121
51915493
1395614159
3024332246
64356637
1933219634
884987
27153116
69157216
178232183233
913410137
922914230
9621165
164142167144
58776080
144171146173
1156711868
1228712489
124226127227
6516667169
15901622
153103156105
1252013021
159195162196
100108103110
7618279184
1588116084
7121272216
179121181123
26272929
5275
21132216
2416427165
176119179120
51658167
9761278
99185102186
48255126
1915519457
1451215412
1513820139
110101113103
59256227
6220165203
141201144202
121133124135
105212107214
1512715230
1008810291
116111118113
8518187183
69507153
19761999
196212199213
5618457188
133175135178
111154113156
103140108141
99125102127
1159011792
119147121150
52305930
133151144151
129108130111
770783
1006410267
9124392246
175195176198
95429844
195162198164
194247197249
23182619
9119294194
1151311617
21375139
1871419215
156136158138
57395941
22582460
1466914971
02401245
95459847
516619
184173187175
11914192
71127613
1019710499
1441614618
1184212144
1913519437
1068611087
9011299112
154170156172
11921493
1621316416
34423645
158168161170
14311733
9013092132
1119214194
74197621
1913021133
194156196159
6519467196
191226196227
1566415866
1922324224
134164137166
2415329154
1406114263
11251166
1027010771
74698169
9514696149
50975399
193114195117
184211189212
1320516207
39294231
166220168222
910942
409843100
5310355106
168231170233
4315146153
1962719929
11571188
97161105161
1869019191
15831606
1298813289
937210072
163156166157
129217131220
28713272
164248167249
143212146213
147194150196
1443814739
106199108202
755777
96119814
63886493
133100135102
8416689167
8316185164
180228181231
4022442227
1687317175
14371739
7110574107
5618158183
3417337175
2513527138
143195145197
8618490185
55685870
21267127
102147105149
102132104134
163242165244
6217063175
14121913
4217145173
119186120189
718810190
6024865249
1273912942
1821719221
1841518425
2923632238
1644216644
1819318594
3419839199
152238155239
4319046192
1162711829
102145106146
107126110128
1569515996
13501372
183116186118
61199121
8120483207
1109411197
4314044143
61856487
5123153233
1926219365
107168110170
5513258134
2810930112
1066710869
5412356126
136100138102
4321548216
2918630189
4921353214
162163164166
106122109124
20722374
5116553168
18302032
7014272144
8989210
1025010552
1539115593
65306832
8510595105
1862818830
1801618121
121222123224
133125136127
1019511199
148219150222
1676816970
5524258244
1171411817
1224312445
1871918823
382413
187102189104
187196189198
22702771
3022535226
114152116155
8417385176
4121542220
4915150156
57856087
1619716499
159136161138
1145911564
151215152219
4315647157
143152145155
66656967
1492515326
173118175121
8318985191
1107211373
2115124152
136215138217
140222143224
133129136131
6016063162
1543815640
1422518226
3316535167
02312233
146107148110
111221115222
78487951
150199152201
90649465
123179124184
94879689
7619678198
28452948
141111146112
1665716958
155158157161
4217443179
4617148174
8618688188
139217141220
3312836129
1689517396
179190182191
113150118151
474776
10331335
99190101193
1146912169
18401853
2623528238
1487215373
1416117163
131105134106
177194180196
1755017852
1271112913
108174110177
1317913480
330532
670692
78308033
1876719068
1346013565
6624668248
1284613049
1942119525
4911054111
160120163121
123204126205
196139197144
1910622108
1699117094
1551815820
1895019252
51555357
8322088221
163206165209
29513054
1034410845
1686217363
67447046
8914191143
16352136
46914795
2921330218
24722773
6618969191
026229
182156184159
50675867
151125154126
127183131184
6321665218
170188171191
117104121105
11791481
86508952
1759617799
112138115140
1618316485
1151811820
138225141226
184146186148
0546
34583561
1408414386
1917219474
91459447
70347336
172146177147
119127130127
128214131216
6113764139
90549356
39664071
5920563206
1575716058
3910941112
144221147223
1325713559
16671969
1038210783
126239129241
104206107208
1953619937
108210110212
187239190241
1143211734
1914222144
190130191135
1872418927
7619978202
3021033212
104230106232
142191145192
