1738
132126133129
126158
1956719869
8813889142
195110197113
113122115125
133240136242
41437145
1614718150
1331213514
1539015592
159124164125
131120134122
130226132229
159231161234
175196177198
185228188230
1209212295
1843018731
77668068
124139126141
198183199187
1592316126
32305232
4423147233
23222524
1244412945
12291431
5822161223
4612848130
174146178147
1418014481
65896891
189219191221
184241187243
21342436
110211115212
41289129
49655267
2120824210
6010162103
173122176124
149118151121
829885100
1771718019
138248141249
1443614737
9315196153
154157158158
38244026
61757075
58826184
1415814460
1674416946
152103156104
76637865
36133915
1379614197
31793481
773976
15102610
1204812349
1719419196
2924732249
21555157
86878889
76928792
1537015572
1259412796
1718817689
185217
169102172103
8222184224
1692617129
91319234
58385941
125112130113
1237812481
6616269164
8424786249
129100132102
177140178145
62136316
1868319084
1026210465
38644067
154109156112
118140123141
114187119188
161209162214
6321365216
29863188
12551278
171203174205
111138113141
131139134141
44854986
1685217154
4014541150
5723360235
127124129126
137145139147
73317633
114249125249
13761427
1304213245
128713010
7421876221
1016413166
1669617197
168212169215
1221117212
106217109219
5723760239
153145158146
214516
4215645157
5587
881110
1607716279
1272112923
5812563126
4516147164
2913732138
61568158
9019093192
10499106102
46614963
15791781
94109515
33113513
141130144132
33413643
176199179201
8714492145
31164119
1965119755
817511176
1719017295
157147160149
143239146240
4523846241
1244712848
1714217443
1315813261
1779317995
194120196123
1446814671
1216312267
6524268244
8319186192
185196187198
10411343
135232138233
1367214073
1274112943
96599960
1418515189
183244187245
1783118034
172107177108
104125108126
168155172156
1677017072
9771279
179163182164
194235196237
141151146152
6718971190
8823591237
1772018221
7515178153
148226152227
33143516
4221145213
172174175176
167218169220
1313016132
162169167170
162176165178
148153151155
4315844163
98208102209
107239109242
7814180144
34583562
4716849171
127140130141
5520557208
1366313965
7913482136
110184112187
179134182136
100233102236
99188104189
137151140152
1137511578
31646166
9911023
124235127237
1611616318
11301162
4119044192
6617668178
93469648
1791018112
92849486
1365114052
171197174199
1324913551
152204155206
130242132245
1915019352
153229156231
1047610678
4819750199
7422277224
1533315536
14861508
5123253234
148245151246
1547315775
138119141121
156204159206
184170186173
129163132165
3318935191
47315033
36273929
100126103128
144171147173
19671999
33823584
140143142146
179203182205
122912412
176117179119
168816913
5124553247
1635316655
2018722189
144247146249
9518598187
1684717248
4119546196
3313735139
8617991180
460762
135199137202
486509
140165151165
93389640
4916551167
156105158107
55465848
6818373184
794826
26283129
13721674
65866888
2521427217
162241164243
9381140
5216454167
69637165
92589559
4015842160
167221170222
6913672138
192168194170
17741796
197117199120
53825585
7122973232
1817323174
7097212
112111114114
79728175
89709272
134165135169
190223195224
141242143245
109206111208
23752677
7613478136
6219367194
6422866231
4118344185
1167311875
12181420
1734517548
10451248
750782
176137179139
1918122183
1457314875
53405543
71137218
103206106208
144148147150
8716890170
146228148231
128185130187
103118105121
4022041223
35223724
65316833
7681269
1226112562
6222266223
73687669
924612248
123232125234
16321933
3810742108
1426314565
1196611975
5310656107
1744917652
1874318945
67477049
9124293244
100144102147
1717017472
20812184
8618388186
117196120198
148145151147
1858518887
9716799170
189102192104
89319034
152134153139
162244164247
121245123248
01763177
1041610618
961410015
6411769118
3322736229
59266427
2921832220
25922894
1557815880
169135174136
23522555
81599162
123182126183
01031107
6012861131
125116128118
115103120104
7221374215
80248325
170208173210
46104912
124132133132
64766778
5418757189
152237155239
5621058213
4422146223
8513588137
185102186106
72129214
8113783139
1024010443
9722999231
5815760159
9418197183
6515374153
124205127207
4420547207
41324633
105183106186
155182158184
120232122235
146196153196
3420937211
477582
114100116102
2021123213
120153123154
106110108113
52245526
8915391155
191111194113
1492215223
1115511457
1754117744
48505152
65796980
64466649
7918781189
1808118482
82488550
1094511247
89379139
2447
126157129159
162222164224
70787579
1105811459
2322025223
1985519960
1512116124
9416696168
194238196241
23652766
61518153
7414275147
5114755148
2715232153
8218285184
37404042
183164186165
172132175134
121135
89589161
1532215524
3611437117
106131109133
7718380185
111241114243
79488150
1258712789
58446145
1366913871
188246191247
1082211124
5918263183
2011023112
160164163166
152164155166
489850100
8918692188
151142156143
3718340184
1233112633
2811531117
1715318158
170182174183
152187153191
174208175211
175204178206
135222137224
106165109167
7510078101
1711319115
95719873
1593116134
62106412
105235110236
158197160199
82758477
1641816919
55575760
01472149
363376
1845318755
1763717840
109245111248
281296
1933219634
3924440248
27152918
99195104196
1619316495
45534855
79648265
13211523
333536
924520245
8310185103
27463048
16211824
6017363175
1338913691
1685917161
80578359
114140116143
3110134103
44234725
7414876150
9613999141
43754577
8220485205
1714917351
8821089213
94117
4519248194
1314115144
6119563197
154197157198
820710209
1055610858
146201147206
136187138190
71639165
7224075242
4418647188
158177161179
173109176111
995110055
153147156148
5120854210
9622699228
5916261164
31763478
1524218244
1037010672
160143164144
102244103247
105171110172
100229104230
5414157143
1810721109
56736074
106245108248
3724438249
2994101
56705972
4915250155
159161162163
6418367185
3021133213
164113166115
129142132144
9424396246
9012993131
1884619148
22372440
85518853
1211916120
8889110
35633765
133186135189
2817030172
31267127
17492050
2718832189
56385743
99240104241
135183138185
539856100
135158137161
02352238
8822488231
62656567
7323776239
023225
7817080172
7122576226
119237122239
111105114107
1958919891
1765717859
5110854109
106201109203
1712119124
157247160249
112169114171
80228423
3321735219
103148104153
1818919193
579962100
27843285
1245312655
112178116179
61706472
74807682
55365837
1327113573
136166141167
1184312145
15521603
1646616570
1385914062
40154218
1042410726
1120114203
130103133105
826930
5119954200
8321586217
16381939
2223125233
5910462105
64526655
1935319555
180199183200
3115436155
160105165106
184231187232
3322336224
109161112163
3816139164
1947319775
229926100
1822421226
8918292184
165120176120
7319377194
01782181
5422857229
158193163194
1803918143
7923782238
164225167227
155118158120
5518358184
9419896200
179185181187
67547055
4913151134
66126914
183128185131
130136132138
1116911371
188490
5021952221
1633916641
135139137142
7014773148
01374138
1616019162
19222224
143213145216
82118414
7524377246
8311486115
2715430156
7317474178
165180167182
177218180220
189227192229
40354337
6715871159
830853
1012112123
8924592247
1813118334
180232183233
114166116168
21603163
3315034153
152221155223
22572360
174194179195
989310095
4721150213
194230197232
30673369
1115311554
1146611768
52145516
7923181234
158174161176
4020643208
172230175232
5016852171
139175143176
6417366175
1614716648
119173121176
142105145107
126209129211
83848686
1793618238
1796718170
1533015532
164207167209
9314195144
120155122158
11731196
1413419135
2417529176
28383040
118217122218
135234137236
133226136227
8721489217
100248105249
195168199169
66666967
7813080132
8116283164
1628416487
9810699109
3515839159
1476714970
94649766
7920481207
118120126120
84178718
2920131203
185145187147
1678217084
3510244102
133236
1918819490
113224116226
26223123
65836785
195696
82818583
12631565
51915493
5111856119
3214037141
141114144116
8113184132
8021283214
169148172150
9117494176
124187126189
118228120231
2114123144
1735317655
184124187125
7420878209
633935
9510498105
1378713989
69727174
4818653187
177122180124
21206121
1725717559
9801281
1152011723
9021293214
18541905
3917140176
121214131214
181218183220
181244182248
2524528247
117165120167
38604660
5822466224
169115172117
1293313235
1398514486
80548356
1012613128
1024113243
1025610459
8522887231
118127125127
147212150214
24252529
32356237
677879
2116024162
191129193132
5419158192
104127114127
123178125180
4717849181
456758
1239112496
193140196142
1078211083
22395241
4317246174
68197519
6520369204
4610047103
5124253244
6613369135
20542256
47765078
110148113150
081284
1722119223
6411366116
1529415595
194184197186
7718678191
175233178235
1109311296
150112153114
9417998180
182183184185
80288330
168123171125
9013695137
77227924
2918431187
4220145203
2316325166
8617189173
615917
80518353
127119130121
8915091152
9021892221
99205102207
189217194218
10261328
80408243
1736017861
855878
3222536226
1403814142
27692971
181169189169
1610218104
182104184106
1406614368
192248197249
229432
95289830
5017253174
192114194117
5976101
31466148
6511970120
055357
177228184228
8223084232
190161194162
1323716239
1843818641
8420685209
164154167155
115208118210
136129137132
1636016562
8416886170
60536355
123157125160
94809683
1349313696
125152128154
69257326
103154106155
8913291135
1943919741
58710
120200127200
45384840
8812689131
84618664
1039510597
140160142163
1373913942
1024910551
1355813760
171184172187
173149175152
1453314835
2417327174
27493250
102108104111
192165195167
79378239
193173196175
189151192152
1116714169
35774078
1445214655
117168120170
1179511998
5712159124
154209159210
4117142174
163191167192
6622669227
182214186215
186186191187
152176157177
1581416315
194108197109
7321678217
166160168163
1053910742
1517518177
196170199172
45824884
90519353
9212395125
133135135138
59916293
62328234
2210127102
1252712829
122226125228
1779618098
5615059152
1289613297
1889719398
1916819470
9220894211
1208412385
138171143172
7819282193
1947619679
61736674
6318664189
188195189198
103197108198
6510967112
1118611587
99115102117
21395141
3821740219
178229
6313666138
1686517167
192219194222
187164189167
52945695
184159187161
19272328
19172219
5010552107
149179150182
16241656
166116168118
4013343135
1555916259
1852218824
3824345243
15031525
1039210594
198241199245
1267312975
183204186205
115235118237
137162139165
1244112643
1475215053
1874019042
3521438216
116135121136
91749376
1531215514
67157016
5211263112
11799120100
183211185213
1847518976
137226140227
3916841170
37443752
1494015143
1122011423
48225124
464505
18410
102170103175
1224112345
142140144142
171161173163
1081111013
3720439207
1056210765
109191112193
1564815850
1097311275
1455814760
1872619027
50615264
163172166174
5020454205
3122832231
18462048
3223835240
5423856241
35723973
83388540
173185175188
1731717619
168127171129
160228163230
2512528126
1903219234
138139141141
115233119234
130216133217
61176319
82958597
3311935122
1022210523
1824618747
1419416197
1936219664
143228145230
180165182167
56515953
12421264
42784580
24572660
2313525138
1595216254
1126511368
172139175141
17541956
6524768249
20732276
3520336208
196147199149
540562
7024673248
1747317676
23892591
4723852239
8491051
1558615888
85158916
42524455
186130188132
1187812081
1424714748
8613887143
1408714289
4821651218
6224764249
167237169240
1484815051
1217414177
102220113220
7824178249
5211363113
01882190
163110166112
1493315235
1756917871
99159102161
100154102157
8421286214
14801493
951983
77487853
56545955
72617662
9421897220
1718317584
173114176116
43154518
20512253
5221255214
1536615867
5820563206
9120594207
34663767
2619427197
88749076
7919082191
118151119154
9815399157
1003410336
140133142136
24442845
7313976141
48145115
41844387
917112173
7022370230
145144147147
11601462
130176131179
176174178176
4223645237
8919394194
77938294
6924271245
1188912191
1472415125
1051110714
1632816829
154134156137
2022122223
1011111114
164145165148
12474249
155131160132
1974819950
2220426205
1574516047
9512698128
120142123144
1417314475
16851707
110218115219
1294613447
2020625207
13341735
1616916371
34303732
8517790178
97162100164
127242129245
143133146134
92549456
136136138138
5814161143
8218191181
70807184
869788100
12911323
7924181244
132200134202
132130135131
2414627148
480531
7517678178
1958019782
1287013171
23152418
18001822
3423436237
126162128165
1149511697
9312096122
1348513886
1314515148
1413314435
170146173147
452754
105237110238
677699
189154192156
1266212864
82788480
191181194183
36124312
1206612075
155167158169
111128114130
159140161142
1259213093
69387239
144137148138
2414027141
1819921201
2124324245
146219148222
176191179193
190134190142
26962998
149228152229
152115155117
189202191204
1544915553
159170161172
95499851
1010012103
452483
17731976
6113562138
1020413205
13999142100
75377839
106173109175
3915442155
1276713069
1506715270
1210414107
145108146113
1012010127
1412014621
1856618669
130109133111
12698128100
50555160
149230152232
106243110244
119137122139
145241147243
71199121
41644964
5423456237
73167518
7812780129
8424087242
1384314145
9223493239
1752317725
3722739229
170188172190
1373314035
1801418316
1114312148
32903493
31795182
6610269104
01262129
18811984
188133198133
104142109143
95529854
4022442226
140215142217
120145123147
69877288
3214236143
7311576117
149237151239
195137198139
1381413919
1955919761
7917784178
100129102131
156164159166
417468
123148126149
16362037
7610579107
1627216375
1766517868
1413014432
113189116191
83608367
136237138239
1899219294
74407941
43654568
113175115177
6613967143
2613728139
61229123
4421447216
42724574
157229158233
71547455
156161158163
1364613948
161147163150
9211025
147108148113
1155611857
4314044143
1719722198
121198126199
1774917854
1891219214
77597962
11581659
134203136205
1502815231
149183152185
7521279213
01335134
139127141129
198160199165
57855988
197173199176
2723729239
20872588
186148189150
1808818390
4721949221
8423386235
23953095
185246187248
51368138
1463814841
173200175202
4822350225
1484515147
105179109180
2824029243
6912572126
154202157203
184189185192
6111112
8610191102
43284829
117177119180
78868287
3612138123
63926893
46744975
3224237243
1497315374
143158145160
1522515427
193187196189
6310565107
41494451
147133150134
108138110141
178180180182
9120396204
176134178136
9714599148
309833100
1618719188
26492656
6022569225
112213115214
192120193123
1902019322
9719999202
35353936
1651016712
1193612636
3214434146
2323726239
1516920170
46875188
5913460139
1401714518
161132164133
1167611780
85418743
37434443
1407614378
947969
1913519437
1969419996
1728017582
1634216644
3719340195
7517077172
1712622127
1344313745
195114198116
52438245
1217512477
147192150194
185162189163
434456
1429414497
143211146212
1122711528
160225163227
25342639
180202
1675517057
61876489
2414227144
4424645249
1594916251
30903193
58595963
29593360
1666217163
20892291
115126117129
3424436246
180242183243
99142103143
1761317914
192148195150
8581060
128239131241
1388014082
176129181130
3217735178
1643416736
184133187135
145166149167
139212142214
01833185
7013473135
197216199218
1611619118
110197113199
1428214484
51195420
1074311144
4712048123
6021362216
114194116197
78427945
1977019972
5017851182
117224121225
1144411745
7716280164
123133126135
147129151130
128236131238
77787883
4816250164
9015892160
103209105211
714810150
9631165
101212104214
304336
181139183142
112110120110
113227116228
10351237
152167154169
1628816589
1119711399
68517153
1603616338
173154176156
5622157225
1843318636
1516418166
131145134147
128169131170
146115148118
1701017411
159158162160
1034410645
1565115853
71669169
048153
0133
2918232183
31515153
197237199240
7612977133
1463014932
1637816779
90149316
54495553
6216764170
56125914
129160132162
1784117944
7422876231
142153147154
1723519238
1087911081
1528615489
86378840
49685270
7516580166
173126176128
6120763210
27763078
124220126223
7715480156
131205133207
188124196124
1931019612
59796181
39814183
1216812271
135118137121
32253329
1172612028
154178157180
3112733129
01391144
33173619
1768018380
101201104203
9417197173
168206172207
69337235
1415014353
2611831119
2318726188
100167103169
172137175138
125184127186
4413545138
9316496165
91899292
57956097
3322036221
1488615188
3722039223
1514915351
1983519940
49365437
107176109178
167111169114
123136126138
31135115
22035204
62796481
8515288153
163158165161
44964699
8112083123
1472615127
108224109227
8322585227
3012032123
93249429
1704417246
118128122129
9421296214
123113124118
59656167
02433245
151131154133
169137171140
189189190194
302343
1253412835
1819618697
8723289234
103162106164
14961798
38794180
127106129109
89779180
076377
79808183
164107167109
1205812559
1144111743
149175151178
3121434216
1367713879
9213895140
110142113144
369939101
1689817299
1245612957
7216274165
1910220105
3114733149
2012121125
112206114208
9419098191
2113124133
59346236
84298632
179206182208
38204122
180116185117
120159122162
7710880110
151140156141
102221105223
2513227134
13721404
152199157200
17399176100
1795218353
6918071182
1153411835
8721889221
53885690
17711793
9012693128
151107153109
1609616597
96359937
5321955222
116173118176
1564115844
1471914823
104244105247
9610697109
107184109186
18031825
149172152174
1326313564
110103114104
1511016115
131247134249
1603916242
1444914751
2310326105
3517038172
1808318385
83358537
3419536197
109110111113
137210138214
23192521
193144195147
14561478
7715779160
915110156
621011211
1316713668
7415976161
84568758
3611838120
78468147
1768117983
168244171246
123215126217
1489715697
7224374245
49415243
1115115152
49285230
159167161169
84658767
8810590107
70947199
45504752
134102137103
87259027
113185118186
1917519378
02163218
157133159135
48895290
150216152218
123105126106
592894
8610687111
133153136155
5023553237
1054610848
9117093173
138222142223
127166130168
1777318174
1169211994
348379
327728
1488915190
42564459
160134164135
542943
1004410247
821711219
8912091123
6910672108
1918219484
1237112574
1312313326
1458014685
69607162
3623241233
138224142225
1201812320
6923871241
197140199143
154245156247
4820652207
163189166190
173216176218
63296630
4117544176
570621
1345513757
142166144169
147120148125
184149185152
5322657227
1639016692
1522116224
37373939
195102198104
3023431239
125142128144
1212712429
113229117230
2712029122
101410112
10951397
1422214524
183136186138
1510518106
1442714629
19541986
2116724169
7418476187
5510856111
1752617728
1195612257
106209109211
21972598
4620049202
82458547
136143139144
321426
1123311435
53645666
5124856249
8919590198
7418976191
1821218713
3923442235
1662316925
128200131202
148240149243
1319213395
8619991200
133112136114
92779479
1635616459
178223185223
5921163212
2715730159
1782318026
1742017622
8319385195
46184820
26893489
1687917181
1942219923
170218172220
100132100141
1008110283
160816310
69917293
185177192177
195214196218
1722617429
116159119161
5822760230
46165117
1778817892
187106190108
1139211594
1562315826
40274230
4923050234
107194110196
19412243
1088711089
123240127241
94879689
1324715249
103144105147
122222123225
128205130207
88559157
1658517385
7010974110
91113
1412714329
1075311055
1867718979
38874089
1122411426
92429250
14251627
148202151204
36683771
4112942132
1296413166
134126136128
1851718819
15341556
111172120172
