1800
198225199229
69167218
155129158131
8013482137
175207178209
195225197228
7411476117
130122132125
4423947240
78668168
171221174222
34153617
9416696169
6112262126
4122243224
108191109194
1464314945
137197140199
91599560
40774280
2417426177
1442914632
43464549
24562758
186151189153
131104132109
65776879
84958797
1577616077
169142172144
108239113240
5221753221
1839618499
441643
1455114853
186167191168
1831618420
16831724
130176132179
6124263244
164101169102
61639165
61466349
1104011243
49865288
18601901
187180192181
1153211834
1943919940
6620769208
148146153147
1313515138
172129174132
167226169229
1417416177
32493650
142127143131
3116934171
3819941200
1489215293
123118126120
5317456176
7521177213
9523998240
24182621
14311733
196231197234
1745817562
180162182164
61229123
1965019952
146116149118
197212199215
4375
1043210734
7920282203
172175174177
8915791160
149171152173
67526954
70677270
1191212214
1117313176
81158417
7119774199
189176192178
33193621
126237128239
8516086163
9223495236
185109188111
9222695228
49605461
78548056
36633866
1848018782
150183153184
047348
2212526126
1521718219
147137150139
1422214523
112110116111
119194121196
39524254
128142130145
93669568
98216100218
188209191210
54175719
9511798119
8822993230
21465148
64446646
168132171133
101147104149
7811881120
839886100
2415126153
83818682
126211128214
3720642207
1313813439
127119130121
7817981181
176119179121
1874519047
148238151240
9614498146
187918912
97219100220
21872588
127134130136
1406414266
6312468125
720743
53625466
1155311756
104160106163
166161168164
163154166156
15592060
1696617268
191103194105
161245165246
68577159
1236712669
1224012741
1938119583
1161611819
87858987
97289930
1083910944
164916711
133200136202
120158124159
1012214123
35703773
1337513577
9581160
169198172200
998510287
143140144143
043246
170139173141
140147144148
1316313564
624510246
1466514867
138194140196
4317345176
43184520
133227135229
8517288174
7914982151
1898019282
106115108117
192205196206
177149180151
190194193196
1722422225
153214156216
3613139132
1038610688
1359613798
8921095
90709173
68357236
140138143139
157240160242
5019953201
174219178220
42384441
1018413185
137218141219
155172157174
5123453237
1122611429
02485249
3013533137
3019932202
10701092
9720798210
53466046
164196165201
4414047142
996210463
107199108202
11011132
2124224244
1665917160
6313365136
5110353105
16211923
178177182178
185245188247
18361868
9411396115
136173139174
188219191221
225328
722610228
2524528247
914116141
112196114198
124145125150
104124107126
4617548177
175212176215
1533615638
1768817990
1456314864
78518053
49405143
118203120206
185207188208
3814241144
1267812979
1216412466
184162189163
168111169116
9671268
1418414386
1547315775
909892101
3021134212
01362138
3819541196
1717421175
148141156141
174101178102
186195189197
8014583147
1573816040
26272929
2922231225
163222165225
133236135238
147194149196
172203176204
68337134
913812140
3217234174
159211162213
198230199234
167219170220
76317736
7761277
9213395135
170224173226
72317533
110128112131
70927493
619921
8614087143
134135137137
1315913362
1975719960
8919591198
23892592
102166105168
96147100148
126131129133
136225141226
4710051101
7911082111
1117011273
3618541186
43564658
1704917252
1193412137
4214645147
114185117187
1286513067
7222775229
110212112215
149161151164
1744017742
124242127243
38684071
1678816991
4311446116
1279713099
186241188244
197217199220
88579059
3423238233
1225212554
132247135249
7913881140
113172120172
163170166172
5018453186
37563859
178198183199
43314632
128240132241
38504351
1308813390
40304232
78318034
167212170213
193177196179
152126155127
992410226
1027010572
107223112224
156118159119
183218186220
1532715529
15751606
3322736229
56546354
570602
44514753
1156212063
13291830
184226187228
1611718119
103171106173
35384039
01502153
147227149229
02042207
31545157
77587960
152206155208
1622516526
272286
186237190238
2924433245
154112156115
187133189136
19101942
122179125181
9013092132
123167126168
2422025224
122213125215
1723617538
123220126222
161122163124
1038410685
2421428215
93869887
3211434117
31563260
161716310
178248183249
157101162102
28113113
32108211
1333113633
137215139217
112235115237
26613162
62179219
17711794
6613771138
1233112633
1062810830
100156103157
1033510538
57925995
24222625
823011232
93649865
9522998231
101131102135
38954197
4212344125
1345713562
99188102190
3718940191
1720026200
12314233
181106184108
1685617158
1748617590
8613591136
6812171122
198100199105
1467514977
98103101104
361402
134243136246
1207512376
4816150164
2218625187
1611419116
162216165218
1820821210
105203108205
158110161112
1083211034
74277729
8116584166
8510186106
13301343
3620339205
1198012083
1158211883
3917642177
16391841
19199194101
4711150113
5622160222
150196157196
58176019
7010973111
2721729220
5522557227
185122187124
13661569
167239170241
1109612096
4116044161
8518188182
0982100
1661416622
9618298184
6218665188
3311836119
34513653
19842286
7613179133
143199145201
69397440
186118190119
5522857230
2218824190
3921540218
1091510
178127187127
117222120224
32683470
6123764239
3814541146
8219385195
9112494126
1448714690
129218132220
18182120
192114193117
6510968111
1954819949
1374514246
622726
166245169247
74517753
118126121128
01451149
6624069242
4721949221
1731617618
151173
116192121193
119168122170
127222129225
160159163161
61196321
162214165215
81108611
2320426206
109202111204
106232108234
123228126230
1369313995
171213174214
17552057
92399541
113212115215
181210184212
17772278
1538615589
72587362
4020342205
1536615568
78488149
103179105182
058260
82758477
2015623158
6117564177
3821940221
5212456125
20912294
146161148164
1723017532
1422016222
1425614361
4510847110
3324638247
1763018131
102245105247
40174219
30953596
1712217324
3819742198
32613563
1106411366
8810791109
46474850
157156160158
183143185145
126128129130
1794218144
1448615286
5111654118
1612316624
4721049212
195126197129
197177199180
16671771
1529515596
100158103160
2817933180
132196135198
1315613358
1495215254
09311
183234185236
49295231
169122173123
33604060
1063711138
1053910742
1742417726
179184182185
1793318135
8316084163
174138175141
76177919
2118124183
5914462146
45274829
4216245164
129227132228
1289113991
126180129182
197113199116
4218243186
1463314935
111125113127
773975
1113316134
88779179
170186173188
115159119160
7916282163
164205167207
5324258243
170111174112
3514940150
1106711369
039142
35673769
125216128218
102150104153
1277413075
1745317655
69107113
1237912581
1564115943
1237312674
1763317836
1235612658
101191104193
7317276174
353376
2611729119
6021163212
1025010353
108162111164
6511970120
153224156226
178201183202
8713790139
64626664
3210735109
22185220
136248141249
153116155118
991910121
1305113452
1809518297
94969798
197203199206
1677216876
21445145
166224169225
54205921
143165146167
7924581247
48895191
1648716690
111115113118
126186130187
186215188217
94339834
96569958
65826884
144120149121
138158140160
159169162170
6012963131
9516098162
66246926
1624820249
7024272244
52925494
7520778209
359660
1192912231
185209187212
161202164204
146149147154
4711952120
7518177183
2117826179
190136192138
125151127154
26892892
117107119110
1617716380
185229187231
1681910
01283130
124240127241
151133154135
918612187
1924319545
194139199140
1605116254
76377839
9312794132
6721670218
1534715549
1405714161
67626964
123199126201
73747577
62239225
175226177228
121234124235
172207174210
2313926141
2116024162
1062410727
5919461196
116129121130
1510018102
165165168167
51165319
8711090112
99136102138
8712290124
147166150168
7524778248
9517798179
180152185153
2416829169
5717660178
37293931
1722620228
7421477216
5512858130
6412667128
9119992202
188159191160
47325033
13951597
1662516728
5913962141
195101197104
176237179239
1496415265
126142127146
197208199211
122129125131
87619062
1671416818
2115023152
012214
4214143144
1896119362
1912719528
128246131248
86469047
4722848231
191118193120
35263827
1817218473
119186120190
136175139177
3722940231
111157114159
1498315185
173158176160
52297232
790822
128203131205
1894019143
1022810530
5814262143
53315632
3224034242
114145117147
50555357
46684969
105169110170
11891391
1177111974
29883190
61516652
1451314715
7118674188
1609116393
18031835
1169211994
1902019222
5117954180
70517353
167237172238
3722542226
174216179217
114117116120
167190170192
12461548
9215994161
13721674
57406241
93889889
182156184159
583984
1494115242
3313835140
6917272174
1736317566
71289131
6920572206
1839418695
117207121208
108195111196
5618459185
1018910490
110192113194
19131945
068172
407448
220234
73167519
170102173104
117131121132
141239143241
91749376
1128011483
1512316128
80578260
41197121
1633016632
77618062
1719926199
161113165114
1672217024
61556258
19541986
7918782189
7923784238
1121411715
8818689189
1002710130
177152178157
101248106249
96599961
45404643
194109199110
23932894
112238122238
193174196176
53105612
3023531240
14799150101
196148197153
41904492
14901791
01345135
1731417815
1621616518
180186188186
140213142215
41286131
9421198212
1879319194
33243625
79358040
242264
11231155
8313485137
1953019832
5810761109
40874389
1421114414
79418243
143159145161
140207143209
21785180
2922632228
1567915882
76907991
3621338215
1532215623
2013922141
1368713889
129214136214
86658867
1174512246
25662768
026129
164181166183
6415766159
117124120125
516547
3220335205
174149176151
2015928159
130127134128
8122684228
48245126
1114412147
32455247
76777978
1446114862
1782618029
630662
108187111189
919011193
12441344
169194171197
998110282
1331413516
294317
1911122113
141175141184
42944596
128110130112
2918630189
81538455
97168101169
1314414148
1258412885
164107167109
13241527
178106180109
143100146101
165193173193
137129139131
1167711879
170115173116
48135016
145140147142
6717569177
112204114206
41097111
28533056
126206131207
1906919370
5517957182
199822100
121202126203
30793282
1601116313
6323366235
8012183123
180237183238
123197128198
2713932140
98198100200
1615719159
139179140184
9011792119
9321994224
21562359
1804718348
141191144193
21235125
1361213815
188100190103
4319746198
8318687187
152164155166
4211044113
193234194238
46644867
1234513045
55605763
9418597187
6417267174
84328734
1104712147
7320375206
1616516466
144179147181
1332213624
10931116
775826
61507155
1513915640
1118411685
1619621197
59816184
6920971211
1613016234
1319613498
15131535
131154133156
7817381175
6215566156
105141108143
71839185
77958296
179115182117
1884819150
7161018
1316713668
129234132236
58126313
129200132202
1634116543
163226166227
179219182221
1785518256
1219414197
67436846
5413756139
993310235
137122140124
185173187175
7319376195
185131190132
1066210964
129113130116
15111614
1057910881
159229162231
143175148176
19292132
189203191205
69767278
14371469
7224574248
3217533178
75687770
23772778
15699161100
1802318325
1766317964
565866
9021293214
13971429
152129154132
12571298
124189127191
41686170
1306913370
724712248
25742776
162117164119
160164163166
2216523169
6819370195
64756876
344646
6914371146
1847818979
190163192166
47404845
1512415326
100110103112
31755177
1012812130
1277613277
1265212954
142220146221
4810850110
26852888
8511588117
1933719838
123107128108
140134142137
1494815250
2922932230
8410986112
9521996223
1219014193
2818132182
1747017772
6424065243
13521384
6824571246
118135121137
32883589
55645766
28463148
87228827
192226194229
167139168143
160185169185
178225180227
126147129149
82738674
713310134
1719017392
1065710959
57265829
830862
8221124
104122115122
135211138212
4622549227
9520696210
118146119149
104120107121
3693910
1065210854
156106158109
147230149233
166103169105
5688
12111414
2222723232
17731976
98120101122
166214169215
126215136215
5416057162
4621548218
197239199242
137201140202
6419367194
69907391
70547555
1147411676
1078610889
128150130152
140126141131
2410629107
133175135178
4013343135
148185153186
171247174249
2722728230
111103114105
28223323
41554260
7410776109
156120159121
174189176192
111169116170
5116353165
2311326115
162238165240
1377814080
1696217264
134138139139
1473015032
24472749
4219946200
130225135226
146197147201
11602164
173232176234
3515138153
40234325
1314013342
144229146231
4418247184
239825100
132118135120
57335935
2883110
130180135181
9323298233
1328413486
173229175231
12911323
6711470115
177142181143
8281229
7323076232
155132157135
1572015824
14781681
1808318385
1157011673
619864100
133219136221
4719249195
134104137105
174187
384416
5420755212
5217159171
67496951
1123811639
134140139141
12301262
1193913039
412443
1699317893
1333413537
127155130156
34113614
143177148178
188124199124
151167154169
21602561
3019431198
109811210
125208128210
56835886
175173176177
1635316655
8423987240
1064810851
1019110493
1504415247
139185140188
116156119158
95359837
919812200
2619629197
6314066142
81368339
96739876
1671917021
120109122112
4111111
6417069171
33463648
1889719099
6122965230
6517566179
4519246196
1120613208
48745375
1744517647
4013147131
21737174
136158
1573216034
148113150115
941964
148179151181
9017693178
2915832160
144104147106
6210565107
8020983210
1152811830
2518127184
1186912270
2313125134
3416336166
153170154175
3316040160
5620959211
3923241235
71359137
1116714169
1337113474
170234172236
7817680178
137180138185
134152135156
919411197
4413747139
169157172158
9215694158
19501973
1013512137
2817030173
1113211434
188145189150
812011121
457489
1186712268
5923060234
5816161163
62706671
5022454225
1005710359
169120173121
70487748
7415777159
1414014244
1993019938
176229178231
90309233
1076610969
6015763159
939996100
6613368136
69807085
9961199
31263428
82928594
10551086
149207151210
14321464
127175129177
164122166124
15151816
154194157195
2319125193
175112178114
5514057142
170181171185
188155190158
63926693
2715332154
1134011543
8721892219
4524447247
8321886219
49910
711611117
3283510
1697217373
53685669
4418947191
8019185192
1026810669
1873818843
35403842
151136154137
32068207
119173122175
118102121104
157144159147
3610139103
1319816200
79299029
7312477125
3511236117
571676
5021051215
82458547
197130199132
1218115183
173142176143
416618
154209159210
119183122185
41424443
9117992183
118247121249
8422086222
2010723109
153228155230
9123796238
41146117
9531155
2415627158
93909493
5111053113
191121194123
196171199173
1901019511
160196163197
7722980231
6018569185
8713089132
5420057201
4410046102
194247197249
142242144244
32513355
67607161
3516838170
8414787149
132168134170
170153173155
8013285133
1363413936
2720528208
83618663
160151163153
549856100
133239135242
1682517127
138191140193
1623816540
37193921
93309532
18598187100
1928719589
117225120227
1595516256
1535015851
179228182230
155169158171
86449145
11499117101
1120313205
1716920171
189206191208
750781
1955319855
2723129233
6714770148
1769517997
183203188204
4415647158
108120113121
49445345
173133176135
5323956241
6822371225
183134186136
74107712
2720929212
70637364
179138181141
1604216245
162104165106
2723629239
90179319
4523046234
1434314545
1710619109
1892319424
4418547187
1817818380
1853618639
111184113186
26712973
83868688
150119153121
83198621
1355113952
17499178100
131134133137
502533
654856
158125162126
1104411346
01781182
28743076
185154187157
135110136115
178126186126
1691417216
121143
3319837199
1656416865
175103178105
18421874
149142154143
125183128185
1576416464
61156318
19671999
2720331204
193240196242
127171129174
97105100107
7213774140
126912811
11999122101
192140193143
183242185244
1510318105
189222192224
85778779
135131136134
3912841130
3716140162
1417714282
1539015592
02120221
131110132114
2223323237
9619199193
1511515516
1403714239
18001822
157113160114
1694617248
7514180142
196201199202
22792580
150126151131
42136216
1234
8823992240
185103187105
189169191171
44664569
4121742221
667870
107237111238
64476948
4212844130
163219166221
3517140172
32113316
115196118198
176240178243
102115105116
6318266184
4719849200
1215615158
3515440155
3722240224
160247162249
184146187148
184199186202
174198177200
42346237
6024063241
103177107178
681713
62786481
62389240
6116764169
164146167148
14442144
164157166160
119228122230
1696917171
143110146112
5719458197
93239625
170215173216
4512847130
198159199163
170150173152
115188118190
196156199158
179156181159
9114094142
1512018122
1219612498
61009102
7920481207
20212323
1058910692
1801718220
162100170100
60916293
4914354144
1225012751
5116656167
193135195138
1815818659
159214161217
8620288204
817210175
154198159199
79868287
9401242
145143148145
6320466206
12151246
62826485
1078211183
70257426
4515148152
53875888
1895119253
97166101167
76407842
120146121149
4965011
7421777219
3716340165
1717620178
165202176202
6318066181
7123374235
2410826111
1115911263
9310496106
114224116227
103223106224
45854887
144237147238
120176121181
8220485206
3610639108
6618869189
105150107153
3112532130
113128115130
8620590206
34303633
1489415196
150106153108
1620519207
119138122139
7111673119
52765578
1827518577
120156124157
4322046221
177212180214
60946595
117178119181
1314413446
150116152118
1699417197
3414237144
5219455196
4515947161
114228117230
61809182
8801082
1392214124
8013084131
8217885180
140171142174
150203152205
110172112175
3815640159
137169139172
168106170109
140103140110
68377238
163211166213
9519497197
1479715298
4220845210
56765878
114124116127
1293413236
1827419374
141185144186
182128185130
133104133111
711411115
8421287214
160140162143
3711439116
1634916850
77228223
1725617557
1723118235
9219494196
1714019142
194111196114
4824551247
198117199122
616610167
1818921191
4719651197
6322566226
9424797249
2711032111
83268628
5822659229
01183120
81113
1507215374
28493150
817839
129913013
1961319915
112143116144
6851186
1366413966
147187150189
3519537197
1244712749
136240138242
1309213394
02373239
194211196214
17181749
7324174244
94719576
30833385
66556956
12371539
156238161239
188127191129
1331913621
112137113142
055257
89229224
738779
573673
2613129133
3514537147
108150110153
9471150
4094410
14721504
150103153105
1666116863
8122984231
1214212344
98131100134
2124723249
181119184121
323346
1185312155
1962719929
7220974211
163241166243
48825383
1408914390
1146611767
3011832120
6514666149
180147183148
186234188236
183179184182
156228158230
83609060
1712320125
14401491
2212927130
194115196117
9212097121
1014410645
409843100
1514417147
65856688
153110157111
18882090
184101187102
54555756
107245112246
1420315208
1223014232
109178112180
0528
02452247
18242325
193220195223
1568315886
174186176188
89829184
1357113972
142102147103
1207112572
113123120123
1603516237
100213102215
15721604
37134015
50665268
104240106243
136165138168
2524227244
9413697138
2020322206
8315086152
1872619028
62209222
1391514316
7611078113
1669817199
8916491166
1623619237
1023512237
73347537
36873988
164110167112
179144182145
997410276
01264127
182137183142
31293332
115135117137
62386739
51205323
85158916
119199122200
15497155100
7716580166
122145123150
1693517138
69717174
4010744108
6516870169
5123054231
3016433166
1633316437
9310796109
1010013102
78248126
68656970
127137130139
1244212644
85388840
4013843140
113180116182
90159316
145224150225
1146411965
152238155240
173161175164
193180195182
130208137208
1669216895
13341835
6314366145
45244726
7518778189
1585716757
56576058
3523738239
4121342216
16951997
9715198154
6610468107
143215146217
10331235
1275713058
8814090142
172117174119
7514377145
1481315016
1534115543
29933494
28693170
37223925
103129105132
162127163132
42614563
2013122133
102103110103
9512697128
1876519067
155220156223
425530
81618265
28573060
1464614947
80848385
132209134211
2413727138
1705317355
8622987233
168145171147
55375642
157179159181
163247165249
104235106238
109233111236
189215192217
139166142168
4322545227
1259312994
01833185
5616859170
2618528187
83648567
1344813650
1712621127
105110107113
1079011291
3023133233
144187146189
5022255223
1253412836
14021425
9517096174
150233152236
51978198
1658116882
4813549139
1852218824
2916131163
139111142113
5511758119
170113174114
2711230114
