1802
1562115823
140193141198
2423727239
98185100188
9311196113
152132154135
1317313574
79198221
96130107130
1607216573
7511677118
136123138126
02082211
102101105102
131217135218
107106110108
67847185
178221179225
4713850140
9114094142
1904919351
1648316884
174175177177
5622359225
152192155193
1245612758
186237187240
145162148164
12611563
194194196196
188196191198
42408241
02123214
136219141220
20772280
108118113119
117109120111
6314964152
2714030142
5610658108
148182151183
167184175184
1378414086
184209185214
130156134157
29613164
9018293184
32357236
101117104119
1147311676
6512668127
137112141113
196173199174
132198134200
6797011
6218466185
4624151242
919012192
1155911761
188163197163
1844918651
99128104129
1418016183
41654367
31903393
7212973133
1458214884
1783218134
107114110115
87899091
1487115073
5616361164
8114485145
3611537120
119196122198
1925919561
38454048
1017210375
7722480226
13721404
4210445105
01602163
7011073111
5913562137
6116864170
197231199234
525926
1843018732
1088811091
2417527177
3722240224
196216199218
152143154146
3319036192
137174140176
128226133227
1446314964
33363538
158216160218
02485249
2319027191
9020092202
2210025102
8516290163
181121184122
157220159222
13881690
5416557166
815837
152194157195
712410126
1443314735
3719640198
95739775
1179411997
7224074243
1691417216
1517615279
4320045203
31873688
7811080113
9624498246
32233524
1014114142
169144172146
58166018
132210136211
4910554106
184112187114
90239325
8821490217
1178212084
1947119576
156207158210
131228136229
6724669248
21645166
994610247
1686817070
1293813140
17231925
2214725149
3416736169
1506315365
1603016233
11401163
1665116755
1722120223
56395841
7512377126
6019161194
94139518
6617368175
1481415116
110202115203
79678170
1091711021
126180129182
6323466235
1529115394
11291630
1524115543
4514449145
2420426207
559858100
57956097
82268236
112134
730781
108137110139
117144124144
176116179118
973810838
125206128207
1644116644
3512138122
1288413285
158168161170
4713650137
63506453
619921
1455014653
1774917852
173107176109
8861188
148127150130
6217167172
180146183148
1405614160
1614618149
124134127136
455757
139231142232
11851236
100196102198
172110175112
33573659
164191166193
6415767158
103217104221
1219312495
167228170230
99232101234
5424156244
31945196
84898691
1026010463
127151130153
160137163139
3820743208
4217146172
888939
78257930
850872
1079711298
74247726
1104311345
2124222246
1342313725
99244101246
146102148104
8616489166
168103171104
2314026142
1708517386
7813080133
120199121203
82928494
191233193235
1498015183
1061710820
3818141183
55135815
2518227184
135206138208
1344513946
122105123110
2621430215
48795181
1755917861
01491154
4911750120
839885100
94879690
2413628137
1253312636
2810631107
910511107
1936219664
122241125243
4213544137
1293313136
101810410
983410037
3314938150
1632916631
87849086
845877
100156102159
3510537108
128124130127
5310960109
182183184185
9612698129
1882219124
132170135172
1498415485
125128128130
25252728
8551157
135139137142
4422646229
1181412116
1218412585
41378138
192192197193
171199176200
169187171189
1885819160
1421214514
112170114172
110169111172
8716789169
02478247
2811130113
7022873230
130246132249
171240174242
820710209
147220150222
181162184164
155171158173
1217812480
178129181130
13399135101
5313455137
433934
1771018012
01782180
11061157
79118213
1833718539
9521798219
924512247
1189012191
20362437
8119984201
146177
119122122124
32183520
3821941221
12851587
29313233
595897
124227126229
81558457
6020962212
184146187148
7013774138
4520948211
74597662
114187119188
7616580166
106109108111
157235160236
140160142163
6015861161
154240156242
194223199224
198160199165
1591116213
104112108113
1724022241
7913783138
2316625168
693716
1606416267
157240159243
1959319994
59576258
77148016
3813441136
1576316863
105122107125
194213196215
3617739179
5621159213
105237110238
115196116201
195109196112
4216745169
104140107142
194164195168
833874
6024468244
4811052111
112181117182
8517888179
88579159
4114643149
96299931
7812581127
412444
1177912081
1288613387
9112194123
157157159159
35623765
70517254
115122118124
103156107157
153122154126
3116534166
151175153178
116218119220
145123149124
40174418
39424144
1055111052
93499651
50925493
7422276224
16861708
191106194108
106223109225
19852287
1118711489
1258813089
1642016622
121206124208
9215894161
1889719199
1127711778
12521284
50475448
1446114862
1564215746
41817182
6718270184
056358
181201184202
193199196200
25762977
1612719129
5520358205
1672917031
541564
8523089231
61166417
722744
66327133
102113103116
197199199201
113156116158
4720348208
31014104
132212133216
54385541
127172129174
912111123
8318188182
1401314117
155152157154
72717376
193148195151
1515818160
143165146167
142170146171
8618788189
1111711419
4513347135
149240151243
111148113151
111204114206
1344713749
1581616317
158106160108
127162129164
52288230
4920552207
1414514447
1693317136
3814341144
1215617157
8810492105
3816040162
142134145136
144128147130
1483015131
91609362
611611117
108120111122
23862589
26312833
6214766148
117240120242
1762517927
12271258
42854488
156120159121
8820691208
16201922
0253
38134016
7310175104
135183138185
82858686
5221355215
48285229
8410487106
26482850
7817780179
3112933132
9513597137
29433145
9423298233
1043910741
66196822
9418597187
135203137205
1411219113
154113157115
74557956
1889119093
466488
1944919652
9010893110
140115144116
1072211024
182157184159
7317877179
1927719579
62179219
1428014483
190188193190
3121435215
118214121216
140145142148
123165125168
02272230
19661979
44464648
8618389184
1531115812
124192126195
1271912922
2821830220
1635216555
116117119118
17799180101
116152119154
9011495115
71117313
9616597170
01184119
7010172104
126242129244
2113826139
1824220244
8118785188
966610067
136146139147
6312468125
1922319724
01553157
85108812
4895111
83278530
185137188139
9689619
1672317024
1804018242
1179812199
1307813380
6322865230
1895219154
161164166165
6320965212
178219183220
44404642
3720440206
164117167119
1422517227
148915111
6820873209
1344113842
8316485167
61279129
191919411
12501281
2518727189
135154138156
64937593
18599187101
60486449
19502055
197240199242
48875089
143159146161
136179139181
104168109169
974010042
168112170115
1101411316
1120713210
1521415516
1918219583
184217186220
73787581
112102115104
6912374124
178157181159
1711217613
169213171215
1815518358
23412543
132195135197
9321994224
4814851150
153216157217
122204127205
120220123222
8915791160
5524758249
116105121106
5611659118
114136116138
9911023
40234225
166210169212
7110579105
59776279
130141133143
134102136104
6223864241
1817318475
6914174142
39844186
1848918791
1847618778
136187139189
8620288204
36193723
32623464
1467514878
9114394145
01452148
1537415875
1064210944
36663968
299931102
129107132109
1014310445
35423844
1951819720
1234112643
126124127127
9522596228
24692671
99218102220
7520976214
1074911250
987310075
1078011181
3017732179
56525855
159248163249
1096711070
70257327
14631514
171717210
144186147188
58876188
2721031211
91919692
922411227
3320135204
152168157169
1019811201
1932819531
9420999210
1619516497
02153217
157141160143
819510197
1449514697
269928102
144213146215
134118137119
627928
34923993
157134159137
83658667
165110170111
6519368194
1159011793
188191191193
2111324115
163242166243
450482
178177182178
1335713559
5118153184
459761
167223170225
1672717128
67286931
83138814
181249189249
2020225203
131167134169
10711103
1745317854
3112534126
52945695
32065209
144175147177
120191123193
1201112313
227528
27962998
1722517527
173203175205
1317513576
160203162205
146147149149
5519758199
138117141118
136241139242
921010213
141173
121158124160
147211148215
186106190107
130111132114
71357437
5922662228
6616769169
1866618968
13511554
68977199
194140196143
17851807
5224554248
194121197122
4111444116
104162107164
1812421126
16898171100
117137118142
140109143111
2117723180
10699108102
1418417185
092393
1324716249
5210155103
113207115209
27122914
140189143191
164216166218
119237121239
1528615588
163142166144
65506852
121134123136
6320266204
149917101
74727577
1013310336
30353238
91439445
123123125126
169226174227
489951101
2324627247
63566558
3413537136
151196155197
6921871220
116204121205
121230123232
1349313696
1603716338
1862518828
57116212
1381014510
2324025243
9123792242
149214152216
160198161202
18851917
1314513348
8622589227
108156110158
7524278244
6610169102
140213143215
190184194185
1801318314
154201157202
164121166124
7422576227
1687916982
02444245
6014962151
3919940202
1514016144
1888319086
1874918951
1425614361
1039210595
3610339104
2324427245
7822180223
51508152
4012941133
66676969
187142190143
17791882
4921051213
164105167107
72207522
4115043152
150202151206
192229194232
12671299
051352
134105137107
40104312
86879088
13711872
1713017631
111197114199
13581660
136121140122
1241112712
144172146174
40924394
75277730
5914161143
9311696118
88779079
106150110151
120181123183
105219108221
29793281
163183166185
6917170176
89309232
174104177106
188159193160
1595116253
1212812430
98113101115
161108164110
182126185128
130100132102
77578059
9413897139
1695017252
138138142139
994810449
11771280
1619118193
114125115130
1758917792
28893091
162149164151
147223149225
3916541168
187222189224
94389641
2510527108
3413736140
86629063
1314515147
6286510
162175164177
172159177160
6022264223
9317296174
90699570
1605416256
16399165101
724812249
75517852
23612563
8623287236
2020423206
113152115155
16098162100
1144211743
26592861
6621069212
21674169
1306313265
1768217984
144183147185
195230196233
1182312125
5719560196
4719650198
1312713329
1971219915
186212189213
2321525217
146236148239
62866488
5111755118
55835885
1704217942
3419536197
14071439
1793518237
3611039112
8020583207
21672668
20562258
1346013662
196102199104
1143311735
151227155228
77607962
108195113196
7013974140
5614058143
5615059151
6410967111
192245196246
5418358184
148168151170
1066210865
15481850
186102189104
146195150196
108164111165
52125415
1610920110
1123114233
1767018171
5117656177
163616411
2122124223
45825083
1087311175
118125119128
14951797
160219161222
1363613838
71399142
1454514846
1967319975
18992599
1727617578
172138174141
3916941171
1715517855
71557358
183143186145
1903119233
133108136110
6313964142
6011263114
338540
5517858180
190102193104
157118161119
117156119158
3621137216
6611769118
167241170243
137164139166
1712317424
95117
8510188103
436458
210251
127110129113
103145106147
131913311
133126135128
14211453
5111955120
7616278164
1407014471
1084011241
152205156206
91879390
9512397125
49645365
3024432247
271474
120172123173
102236104238
119134120137
1953919840
17801794
169185174186
174230177231
146109149111
1823318734
137192148192
165219169220
140203142206
20412243
600623
155126158127
1799518098
127232131233
1193412137
1737017572
69947296
574606
1017010671
174133177135
89679368
8323285235
1744517647
8021085211
3322236224
54905791
1417214374
117183119186
3221135213
3716340164
169140171143
185191187193
8724190242
128103131105
23482550
2592811
083188
156149159151
133136136138
116159120160
1592116322
3223635238
186152189154
1919419396
109152112153
484885
161166166167
117168119171
1705817260
161127163129
191111194112
9521198212
075377
167143168146
116207119209
120113122115
7724680248
6017462177
37803983
6119563197
37103912
2511327116
5422857230
7513678138
91529355
1257613077
3713740139
1348513589
139223140226
5314155144
70867288
3110832111
50465846
53425644
080382
1016510467
120217122219
180152185153
14971548
1289013093
61216423
1264812949
1445714858
171148174150
97139916
153229156230
71477350
1261612918
1818818390
162219164222
172220174222
120186122188
183196186198
97152101153
105131108133
180223183225
163203165205
1801718319
27153216
188240189244
2613127135
124183126185
5216855169
47464949
99145102147
111224116225
191164193166
102148104150
102151105153
149217152219
9310496106
1173911941
1355014051
160134163135
102222105224
6024265243
4417749178
7518278184
43254627
51665369
89469248
154243156245
089391
54645666
198119199123
1120414206
7618579187
2216326164
1286913071
1638716689
78738175
144180146182
9521398214
92129317
133177138178
1512417126
138248146248
1323213335
180195182198
21504153
9418196184
109185116185
1722922230
535837
1454714849
1641716619
174124176127
149140151142
1592616129
1569415897
2522027223
1342713729
1893419236
42704375
1694717249
1419514398
160156165157
95809881
6516367165
065267
181199186200
112179117180
111107116108
1158812089
1618316385
102188104190
115119118121
127188128191
3022931233
1475315154
1335413656
177216180218
165147176147
8717090171
1427915079
3618639188
2611728120
85498652
2615329155
4017743179
86278830
147247150249
3615839159
9116893171
1945319755
128216130218
1626916571
134212136214
86449045
161187165188
1857419075
193177196179
105166109167
161224163227
128237131238
31393441
32463548
9022192224
5610159103
82728475
66716973
7714179143
1710420105
143140147141
102247105249
1813820140
2121126212
190246191249
1985819963
109207112209
9514698148
2522428226
3224134243
1304913351
9417999180
1672517126
168207171209
1144511648
1773018231
2012123123
5724259244
127106128109
141172143175
125218127220
69347037
496528
14321535
135167139168
4518748189
119213126213
2319925201
19482249
1626016562
8217184173
100111103112
7516777169
21382440
1603916241
4116243164
99215102217
666688
1946519767
12941326
176153178156
53845489
138228141230
25342737
1116514167
1318813390
335367
4721449216
1420716210
95329735
47404942
1763217736
1445914860
182174185176
125188126191
50215422
140166142168
138119141120
135223138225
7524576248
82508452
5613458137
2823631238
1219817199
1432915129
73548054
8713296132
1715022151
197107199110
586789
197243199246
1967619978
184140186142
8115483157
1489015191
1815318554
1619216394
8712290123
154147159148
188112190115
81878588
113245120245
5811960121
8619091191
106200109202
32433445
123169125171
183124187125
163190171190
6988101
1414914451
97910011
81238325
159125164126
198183199186
41194520
1779318094
79938196
178102180104
5319556196
3821342214
2823431235
1441514717
128133131135
9022592228
1081310916
179226180229
14551487
614637
150207151210
185155190156
125221128223
181818410
117107121108
1025010452
15401562
1031710520
114149117151
174152175155
4122643228
1887619178
171132173134
1065810959
881903
174119179120
1777418076
173144176146
184239185242
2021622219
9520598206
60896490
174223177224
68237324
102245105246
1149411697
6820571207
152140154142
97929994
3814041142
48575358
106212109214
1014312145
1491815023
41294233
1727917482
1649016692
113142116144
17571960
1138111683
85728973
86228924
87379038
61308132
1119311396
193152196154
38534056
76197822
1866119162
195225196229
3821541217
4919951202
145121150122
215238
171125173127
1392914231
45305330
112212114214
65436845
75647767
28393041
117243121244
1918719489
133120135122
23652666
7822780230
140130142133
185183186186
1058810791
7221775219
4511648117
1411617118
173917611
2817431176
36343836
30583260
1462414926
862967
62049206
1618720188
36173918
9423498235
164248169249
159206161209
62696570
99205102207
13351358
170177173178
9021294213
105136107139
670721
1733917740
22014204
81158417
1327013572
162211165213
1014813150
6713769139
155182156185
9412695131
68767178
8810692107
1011011113
1443014732
101160103163
5219754199
3516538166
132201137202
151136153139
3111934121
1678816892
9722599227
97228100230
1517215473
174164175168
183227187228
5023255233
2022623228
27532856
182214
95559857
175197179198
187183189186
138247146247
32943596
149237152239
59756276
7118274184
40784183
815311155
65966798
20592560
21833187
157162162163
3483611
124100125105
186127188130
175114179115
6821571217
6312965131
78348136
1056710869
15261828
78718671
3320536207
3114134142
1178612287
46845185
399479
176122180123
35533656
27653066
8911192113
6410769108
162169165171
3514137143
1683817239
9891093
55765878
1414014244
182149185151
181169183171
995010152
1227312774
4415547157
1810020103
1447314774
98165101167
14741578
79898192
139169141171
1665617157
1214812251
8617287175
153198155200
197177199180
108182110184
149163154164
154174156176
1802418127
1241612521
192129195130
59826284
170218173219
12551557
1516615368
184243187244
75347737
1622416427
66536955
037240
136221141222
1012811133
1001210215
1418414287
11701184
50755875
9941395
8122984231
178239180241
103134104139
5311057111
139207143208
7422877229
6214565146
21204122
198128199131
2110324105
126157127160
125138
1974719950
177146179149
178105181106
8619289194
160147164148
5513057133
97499852
1461814820
1347713679
168125170127
61439144
1546515966
130136132138
103201105203
179182181184
147201149204
103108105110
177208181209
01295130
128201131203
1562715829
133209143209
106226110227
115247118249
159210161212
1916021163
45865286
71338136
132173135175
511410115
145137147139
189127191130
124196127198
106230109232
175239177241
101185108185
39874190
415428
137210138215
1366713969
103204108205
119101122103
85158817
142112145114
152130157131
11883191
1871919220
7419376195
10321135
166169168171
1706117363
173201178202
104233106235
11598116101
3211435116
106171109173
7617178173
016317
30743376
4420446207
2316927170
7177310
124211129212
104240106242
7720080202
5223953244
1462114823
1020213203
109132119132
105188107190
111237118237
143201146203
1215214155
914612147
1923719341
776807
1841618717
1220015201
21742475
3615539157
1323613537
76737777
63756776
13661398
31435146
14795148100
177237182238
197209199212
547579
1965619761
157174160176
16801693
1105611856
180114183116
6523668238
5117854180
1079411096
6818771189
148132151133
1058410687
1636616568
6211765119
3815343154
122214126215
185207
1301913819
4017545176
142211146212
143168147169
2813437134
1985219957
118229120231
1233912840
65866690
5024651249
171130174131
120247123249
4723850240
1808118482
71609163
98138102139
15798159100
1963119933
7214376144
1819419197
10261328
1275213253
1666016962
14411743
2920432206
188162197162
182129185130
76808081
16731776
143216146217
121148124150
1775618058
1592316125
1671816921
9423697238
171113174115
23552657
4718350185
115109116112
957610376
266298
149143151145
64246726
4815151152
484535
13697137101
5211256113
976810070
1379414096
1920720210
2420826210
054355
3112734128
9516298164
175219177222
6622569226
453533
16541856
4410947111
1766217864
11381242
323110231
1323813540
188161197161
9719498197
8121283215
609962101
094296
1573815941
632683
179143182145
127208129210
6022962232
9511997121
1817618378
108140111141
5216453167
1576715969
42954398
7413177133
80398540
6918574186
152209155210
1284113342
99125102127
185158187161
6523968241
8212485126
8015883159
2914932151
5711259115
181239183242
1338213684
1806618269
76788079
94539754
129154134155
1278213283
58936394
8116482169
181229186230
108187110190
109109111112
1882918933
95249726
33783680
1712119123
8217685177
44664571
1546715669
1146911672
146134149136
128169130171
144208147210
13231625
1022110326
1483315036
4616649168
142242145244
119142124143
5531054
5918261185
152170154173
82628564
7923282234
125199127201
178135180137
119138122139
165113167116
105178108180
198124199127
2315125154
3317538176
5621461215
36373939
32206222
6385
125237127240
4015643158
116226118228
8322685228
7423077232
8911792119
169244172246
3521937221
1894119143
5821959222
593894
1441814523
132180135182
125142128144
94229723
01032106
44744975
18781909
6514068141
1215912460
2913533136
31246126
2417127173
3819140194
1892519028
1206812370
1714120143
121227123229
1651416816
104120107121
176181178184
153231156233
158198159203
1906719369
17441847
4716950171
115172119173
132103133106
4322246224
24162619
1496015262
191146195147
3615137154
1815319157
1914621149
6110663109
4919351195
1122411526
128198131200
87648869
714917
6216164164
37773979
1269612898
50385143
120156123157
1523915640
8421287214
179179181181
124232126234
187131189133
1114611348
1724519248
8620993209
109179111181
106186113186
20832484
78658266
8220285204
128240131241
165158166161
123177126179
112189115191
161174170174
5220154204
9417797178
8117884179
15141716
129213131215
178232179236
116102118104
194175199176
