1715
106110109112
923912241
1813018531
3019831202
9622698229
1746317765
123159126161
175135180136
120142121147
182125185127
104183106185
1515415257
1221115213
1115014152
93659667
197131199134
151143153146
7717780178
46424943
1863718840
82498452
124184127185
160206162209
191100194102
8418287183
2013224133
1312816129
1128911591
1447714680
766969
4513548137
5119753199
01685169
1179211994
1942019921
106141108144
142178153178
196173199175
1156511866
6319166193
171220172223
5816961171
8420786209
187236194236
6515366158
976610068
1526315565
22582759
160120165121
1920922211
1127911581
191173194175
9412097122
2312024125
185211188213
1817118473
125222128224
191208196209
44184620
9420899209
1082411325
186161190162
947410274
1048610589
8716590167
11251157
058360
129161130164
61416442
103156106158
10141045
5922362225
8716890170
192178196179
119161122163
133136134139
1716322164
01904191
179210182212
7019871201
2520630207
87369038
74797682
5724162242
3023531238
34883790
1701217413
1087311374
113122115124
100167102169
160140162143
58606063
633934
681703
5624758249
01433145
34373738
1486215163
69237225
136118139120
10851116
31386140
917312175
1657216774
9214195143
5512057123
092393
1714420146
5420157202
8216685168
61466448
160158165159
189202192204
8122185222
141231144233
1902119323
147143148148
48875089
166168168171
114242116244
8311086112
2514328145
7024773248
129913210
1626616568
4622747231
5010353105
13861588
7610977114
197230199233
8224186242
4017043172
2516427167
77177919
1512515427
8317086171
192123195125
117130120132
1712119123
1718719189
108211110214
160122165123
66626864
1555815860
1292813429
6418867190
141116143119
88899091
77438144
6913271135
1462515026
13661668
238540
65906693
3924741249
5114353146
163192166193
71827384
170191172193
1913219433
151210154212
135103138105
1079311095
5918062182
3419436197
59976299
8420588206
14611531
152111155113
118191120194
1848918791
5012751131
1983119935
1712817430
024325
1904619248
7822680229
8812489127
1725817560
1496015261
22812483
1015810459
2110625107
104176107178
3823940242
123102125104
184114187115
3922044221
7716279164
170132172134
50445445
99196104197
412453
148217151219
165221168222
154229157231
1742517627
47364938
170114172116
2110324105
185195187198
76737876
164170165173
7921183212
1967719880
3811739121
5420657208
54545955
4819750199
3224534247
111187113190
1519019191
131226132229
182137184139
10391341
170145173147
149143150148
129113130117
8217484176
180110187110
1071010912
7516577167
9319596197
176236179237
123162128163
158216160218
69157217
187216192217
1872618829
146192149193
140127143129
106241109243
1587916181
178168180170
55175719
944976
58686170
27333035
1591016212
1002810230
144216147218
181179183181
30863388
8324788248
6317468175
187233190235
9699911
157152159155
4412146124
920010204
1120114203
8989210
162112164115
7217474176
171102176103
86108812
1323013432
1039010692
193120196122
1414218143
145237147240
1833618539
9151316
108206111208
54595760
8523087232
105222106227
6612568128
6422866231
180191182194
119101122103
1674217143
87849285
823111232
1508815193
17681819
8713790139
178230181232
1728617390
326528
4511446118
186159191160
3920942211
22355237
4521048211
170196173198
151221153223
189213192215
45844886
41374340
117139120141
68297131
116195118197
132125135126
100214101219
112125115127
33423545
1316213464
9312996131
4615950160
157195159198
65476849
6017262175
3620338206
7014172144
188246191248
154224157226
9613299134
1223416235
116168119170
21362537
6923574236
1014712149
62048206
9631165
100161105162
125107128108
9223095232
161210166211
01811184
173118176120
12531555
88769078
191168194169
137113140115
65106613
5514858150
84868787
7820381204
97245102246
129136130139
7181019
56107
110240114241
121150124152
9323796239
4819351194
1794718248
2219324196
7918983190
61489150
93459646
22205222
1455914761
19641978
1278513087
566598
1804118841
1225312555
1111616117
862884
1953619838
1793418136
8113084131
186131189132
1572616028
7216276163
107194110196
1151311715
2018022183
1799418098
081383
40414542
1507615278
17851987
186167188169
102214104217
1473914844
1473315035
105133108135
173208176210
187156190158
153130157131
74257727
108116113117
4918752189
12411264
02432245
127140130141
117207122208
3415036152
639866100
148171153172
1154811850
7811681118
188229191231
5323956241
33133516
353654
141130144132
2215924162
93169518
166129169131
1571615820
71948197
156237160238
73497452
164226166228
174140176143
75507852
1462114824
154153156156
7412777128
31943496
40434345
151163154165
1118511486
57515953
4720349205
918911192
16661688
152245157246
6210565107
1288213383
1317516177
31123217
1638016682
4822350225
129200132202
42844487
62316732
143101150101
183240186242
1815518457
4924752249
108161113162
1210714109
1312616127
7321775220
33573658
163129165132
31913493
1847518976
54565857
125240130241
90799281
22642466
100211103213
2710830110
179234186234
9716899170
155159158161
8713591136
4720750209
2224324246
5896011
1355813661
2114424145
038143
1028610389
3612540126
4121343215
157203160205
98191100193
102147104150
171142173144
120178122180
5217355175
1614716449
4512749128
4224244244
540562
154227158228
51595361
94199524
81558457
5512958130
8918092182
162105165107
122239124241
094395
113156115158
172157175159
161191162194
4222245224
5220053205
114185115188
7511577118
151160154162
129107130110
137181138185
185203188204
54775779
9519896202
14581660
1188212184
65276730
18241847
172150175152
988010381
189218191221
1782618028
181240182243
9518898190
82268528
4217945181
130172135173
120134128134
8915092152
20742475
60126214
134232138233
88879188
1871718821
1378814089
6920871210
117181121182
1055610758
622816228
176108179110
47755077
1566416065
8917590178
122157127158
959998101
190238192240
151175154177
16551957
1410319104
1858319084
94439944
1218914191
1419614399
6314166143
91449248
1868519186
108153113154
24102811
101157102160
194222197224
15331735
1391611
1929619499
126170129172
153194156195
1975119954
1287112974
1623216435
29833185
9614699148
1942219724
24472948
6411869119
91199321
3512937132
142205145207
1307013371
1715017254
133127135130
1215514158
127242130243
135163140164
1303313335
1782918031
145104148106
100109103111
6717669178
3411137113
1126511368
183211184214
78468147
3613739139
699972101
122209126210
173132174136
6313466136
81308333
1662216924
105236108238
9415296154
30433245
2111424116
68567058
1616416565
51568157
02173219
10621094
1685717158
939994102
77408141
9324096242
5518458186
57445847
2010023102
3311436116
189819110
181216183219
1319113394
1336713669
111171112175
9117293175
153232156234
2713130133
59836185
833855
2316324167
64336636
1552115823
7121373216
90279230
4965100
169617010
1598616387
16392040
4517448176
4110443107
7113974140
7617981180
5122553228
3619839200
1535415557
8610587109
1536115762
20272131
1961119813
96849887
1474714850
77297932
918212184
80178319
116108118111
13201343
107181109183
1706717270
1488315086
5410556107
23212524
53425843
6722170223
136151139153
69487250
166116167120
075178
089391
3920642208
171110175111
8551157
124140126142
9320396205
8314486146
14521503
51925493
135186138188
48975199
1072110923
3817440177
1937419676
55935895
1241012613
6724769249
176249184249
145232147235
230432
2717429177
36123814
2921434215
7816681167
192103194106
6324165243
1175111856
1196312165
22045206
5712460126
712211123
1985519960
6322266223
1884219045
132123135124
1144411745
638939
2413629137
1221412516
1424316246
91899391
1226012463
1586116163
17581861
1956119863
178102180104
141234144236
195151196154
92247101247
3617937184
1518315385
69187618
129176132178
67156819
15411573
6920571207
3421837220
3112734129
1721417417
109133116133
3823040233
31355137
5819462195
1745417756
1456914772
7620778209
155164160165
150232152234
178128182129
8220483209
171126175127
161201164203
1042610927
27893091
13351367
189124191126
7618280183
1872218925
7912883129
1152311725
9321395216
47534858
194186196189
01513153
158239161240
4417046173
142179144182
7812280125
2113923141
37623867
5422656229
104210107212
7423777239
113175115177
123206125208
154171157173
8721790219
168214173215
180132183134
16491851
455757
113227114230
01415142
4019843200
1357713779
143212146213
114191117193
1899319096
1163412135
1599416197
10661269
6719370195
7320375205
9117693179
1481515515
1014213143
94569757
167150170152
488691
1224812451
1751617818
9871288
156139159141
1715518160
183189184194
1795318454
180184182187
19151947
35783880
640941
158192160194
7624078243
5411757119
155157159158
6010863110
72747576
1519415496
97459849
63946696
1338713590
416817
98102101104
161224162227
163153168154
22272331
766807
107221115221
8122684227
122182126183
78668168
8814090142
13731675
3818141183
1074011042
3521537217
186103188106
111244113246
11621193
11351338
163245168246
138131140133
14221444
131245132249
4621649218
3912243123
43304632
1387814081
190152192154
1074310945
157149160151
1032810530
2816530168
1595116253
3520938211
1325113453
16521854
162218164220
1102611427
192219195221
163243166244
722210224
189127191129
135121140122
6514869149
188191190194
1728017582
3610039102
1769017892
49825185
99234102236
126122128125
1652816731
149116151118
157200160202
144135148136
144171145176
151151153154
78258126
103172106174
3618938192
141201143203
142152147153
923614237
30653168
59366337
133234135236
166172168174
1096911271
113109115112
2317026171
54135615
1408514486
7017772180
2011123113
188195190197
1565115854
9111893121
8817190174
134241139242
1962819929
4420546208
1317713281
182162184165
130179132182
4914754148
7924682247
109107111109
180195183197
21835184
184244187246
49115114
14701772
1769617898
188188191190
1681517117
51315632
1197512177
187133190134
56335835
105121106125
1067511575
150102152104
016318
2115024152
20902591
98143101145
29363139
7014572147
8711588118
1915719459
1735017453
191194193197
8517287175
168177171179
96399941
1891919919
1811018412
5218254185
5716359166
99228102230
529855100
1098211283
23852686
158167161169
108188110191
5620358205
3614438146
8421088211
4112443126
4816751168
677979
1014810350
171160173163
84888789
8921095
920952
166916811
83608662
122112125114
6614469146
1135511657
9022895229
3811341115
43114513
108202111203
1706317364
27503052
8112284123
7220675208
5812161123
5623560236
175179177182
1896519267
116186118188
116231119233
1156111862
1875119252
121121123123
62846487
10251327
192187193190
1858018882
161156166157
28943097
6521167213
98242100244
1416914470
99164101166
32445247
632655
93269430
5011953121
1953119733
1955619758
1711920120
194191197193
2010923110
110129113131
3415535158
1324613548
6013662139
88199021
02133214
93849586
818511187
01483150
9211197112
144127147129
1261412916
61699171
1612316524
95339835
1712621127
1167811881
90829583
9118692191
110181112183
5918564186
62706572
1926019463
112208116209
117190127190
5851086
3714140143
1387514177
1648616788
177144180145
711312114
15951609
111215113218
165175167177
71577360
1792011
823311235
6214465146
16421674
35914092
62458247
4918251184
1437
698749
1621018213
136189138192
86268928
96889791
64756876
69347037
2518228184
100122103124
132219135221
114137
145225146228
135194137197
716510167
1353013832
22602561
6218367184
114144117146
27283030
179162181165
1104411346
10891391
177245179248
769978102
159112161115
84658767
626928
172104177105
57305932
54805782
2510130102
163816511
82858388
112105114108
39774478
1751417815
1563516136
196115199117
5519159192
180203182206
191191193193
41267128
142154143157
184177186179
169170171172
41644466
8924391245
126206129207
1035110553
73537655
5415957160
125130127133
1289213094
113171124171
9518699187
93129614
6411669117
21656166
82468547
1246712670
170206172209
9521098212
1602916231
4011144112
7924081243
1706517366
3724339245
712910130
1242812829
1178911991
1086611168
1415814360
458759
1417214473
1181312015
6322466226
8911191113
3612238124
17151746
120118123120
143158146159
190210193212
194133196135
1095111154
99188102190
193157195159
22532555
64586660
1757117674
138175140178
174243176245
99205102207
185153188155
3314036142
1617019172
5419857200
7621779219
136168138171
1027010572
7319583195
142171143176
2914534146
16121635
105126108128
17399176101
6623869240
98559958
72777381
147209150210
6318066182
134107139108
2515228154
93789581
148132151133
155132157134
82408344
8923792238
464486
574975
953110032
1954719849
1719117393
6815070153
01352138
1810819111
160152162154
153148156150
460761
70407145
119223122225
106152114152
97198101199
3111133113
5321056212
1918219583
1449814999
3021235213
7011773119
146116148118
48611
153103155105
68827084
236537
6714069143
4614748149
68387239
7823780239
178152179157
170210172213
25652767
3211934121
7714182142
170248175249
91749377
6610469106
75967898
5595712
138194141196
1218514188
3523837240
1524815649
81378339
2816231164
38354038
5417656179
30243326
4012043121
148199151201
812410126
5318756189
185230187232
35463848
1219414197
136123138126
1720418209
1264812950
176208
148235150238
3524638248
1518418186
12721313
7811182112
1931119513
197108199111
17731976
1063710938
1651516717
2318124184
178130182131
31103611
133177135179
14241726
12021233
157142159144
1114111542
85138815
153247155249
1588816389
3113034132
9424397244
4418945192
2624529247
40794381
5224255244
1937119673
2610528107
1455114853
155115157117
143247146249
163247173247
5414157142
42176219
5710858111
3822241224
183120185122
1391815018
6415067152
1791918220
1023810540
185487
110242113243
2813539135
155176158178
20182320
176149179151
41504452
054257
139169141171
1749317598
2718530186
1785518058
7124473246
61348137
93599760
154202156204
37323934
195236198238
02201225
8514087142
2192311
3115433157
136129139130
9717299174
7011373114
679868103
1334913850
1671817119
2318726188
158224160226
34263728
8221685218
151209159209
7519383193
1492315424
104118104125
49495251
19212223
96169917
58386041
68777179
02073209
126179129180
3014032143
178166183167
5817969179
1125111454
19952496
128188131190
9413896140
133200136202
1817918481
175231177233
1285213153
178179180182
7914781149
977510077
155166157169
66546955
1306513268
2215525157
123244125246
1327213574
5219054193
5761676
46924795
108120112121
9016292164
121165123167
4518547187
7718978192
7122272225
70107411
62656468
1016510467
134112136115
167142170144
3610339104
117113119116
180114183115
3621239214
160160165161
163206167207
8115584156
36423944
142195145197
156104158106
136813910
135165138167
184146186148
105202107205
9113793140
2018722189
6517067172
71347337
14361540
98118100121
1814920152
692796
150114154115
168104171106
1399414395
161116162119
171129174131
98201101203
50375239
103219106221
7512377126
124121125126
47254928
1885719060
2811130113
820852
143124154124
16799170101
184133186136
163229164232
119197121200
1458514787
722510227
1914419445
78910
5914062142
196180199182
195105198107
064267
7317075173
186182188185
1717320175
5021753218
4523248233
5216654168
144108147109
13921495
1489515097
175194179195
73717672
119912103
125150128152
2214627147
90122
2317825180
193247196249
8351037
4712250124
18662168
1915321156
108217110220
1765717762
1172011922
1263312935
87508854
01853186
1013110532
121226123228
100186104187
4020343205
195140197142
131110133113
39294231
4810951111
182156185158
480511
132187134190
117242122243
187146190147
155174160175
45504852
158124162125
197101199104
1565515857
144110146113
6624168244
1441514717
1607716478
012115
3722540227
3511937121
154216157217
195239199240
163143166145
7810982110
18551887
178118179123
1396114163
8323885240
8015784158
136175137178
22703370
1773218233
7521054
174198179199
34223724
8419387195
48725174
1456415065
6319466196
162240165242
168201171203
1874818950
75357837
40324234
142140150140
20872389
119239121241
61187121
193230196232
3023232234
09311
145130147133
193227195229
183111185113
110136115137
4821252213
186151189152
1708117186
1078811090
2021425215
13821413
177240178244
129216131219
4510050101
150168153170
73397641
26362838
32684168
1844218546
3021034211
156112158114
75118311
9022695227
1318016182
1611516218
19599196104
1224715249
198153199158
171717310
70127513
155107158108
915411157
31236125
128203131205
2811631117
138197141199
3215935161
7023073231
8924691249
1777118073
11581189
110102112104
12561557
143102146103
1048210585
1611219113
156180159182
7011574116
38834185
7910181103
2715730159
4023442236
95259926
150194152196
1574716049
192127195129
115227116230
113180116182
5821460216
125118130119
1127711578
572594
185189187192
971310014
101116103119
9123494236
170242173243
9410397104
116237118239
2514835148
819782100
65826785
61818184
492595
196227199229
102231107232
177174178178
70517254
5516757170
102247105249
4914954150
194112197114
2519328195
4384510
8016182163
1219815200
143100150100
80828384
1812818429
1683617038
9523396236
8213286133
1323916241
7822280225
177217180219
36813982
92879588
42964797
590631
121191125192
9513598137
1182312026
3520738208
1561315815
183182185185
12001290
1559415896
1911619318
11201152
124143128144
86469047
177137179139
114211116214
139147144148
136172138174
12571289
9316396165
26223123
1220414207
69747176
104115107117
146200147205
72217622
160181163182
77388039
131161132164
305327
1621918221
152132154135
119195123196
462513
14741554
7424476247
77797981
194243197245
6978100
781813
4410545108
19582161
9012992131
1468814990
5510856111
113172116174
58656167
39534155
13099132102
36733777
74327634
5717660178
6722969232
1381914121
129158132160
190130193131
152140155142
136179141180
130162
879889101
1111211414
155135157137
5922062222
6713268137
121148126149
1724520247
29713173
164204169205
156120159122
7615679158
193108196110
66246826
142192145194
354386
4721451215
89319432
1717719180
15497156100
186218188220
9715099153
1433914444
3312335126
158166168166
1711620118
185163186166
180198183199
24172620
1913820143
1666516967
3323234235
3310035103
8822789232
47394941
6513066133
4323445236
50165218
8310086102
119107121110
116142119143
195198198200
191161194163
9119294194
5113253134
4310947110
9621399215
153238155241
118104121106
178105182106
9116994171
6712070122
112178115179
179173181176
424925
1418714488
7213075132
45214724
1622220223
1472914932
1065110854
165109168111
1876919071
66696971
1349413895
17799180101
93979798
1244112643
188118191119
32353338
1945219655
4415748158
159247162248
1264412747
909792100
9999101101
44264629
5324655249
180247184248
2221227213
192180195181
16161629
1607216175
41914394
4716949172
100170102172
3719540197
1402414127
197202199205
1651316914
1899719199
129122131124
2921634217
1869618899
13281630
4918052181
15621963
1502815231
107172109175
9322196223
1920724208
1308813290
183159185161
79348236
6818270185
523564
5219454196
5511458116
1091212
42214423
01082110
117172120174
1629716599
180244183246
181145183148
148107150109
1757517777
6721670218
100135102138
910711110
7220973212
103207106209
33753577
1494115242
9213494136
108244110246
1276812970
126186130187
4424049241
12961328
87629064
148230149234
2620929211
2716929171
3517437177
6520868210
148130152131
191184193186
85578859
7322175223
