1747
151145154147
7624380244
292306
68287329
5721460216
1318616188
3420239203
178245183246
18792081
155234160235
73467450
103106106107
1431714520
2316026162
89569158
219723100
117206120208
170225173227
191128193130
1586316663
139105143106
17101742
170167172170
136191137194
41666169
1106011361
1754317845
37453850
188154191156
129234132235
1573616038
106176109178
1312916131
6823570238
4824049243
7311677117
19671998
135913811
22372539
7920182203
85838786
140134145135
1369513997
1714817251
132199134202
1323613537
686718
7917182173
55265828
156204158206
1317215175
21927193
190209191214
7201221
140214145215
8311086112
920612208
629864101
160195161200
15041535
31016103
127172129174
52215622
195167199168
5212655128
3513537137
3314136143
1908619388
1310914112
123223126225
132223135225
4821950222
153122155124
148153151155
3014432146
3312034125
3321937220
2714429146
168172171174
1713717339
182162185164
158164160166
112213117214
1387314174
115152118153
7013973141
71847486
1107311374
186215188218
9014392145
166225169227
131171135172
118113126113
5422757229
103234105237
2813433135
190141193142
120230125231
1492115123
2319427195
168244170247
1732417725
9212297123
1923819440
117103119105
9622997232
1532915631
92449745
147202149205
63867086
17197172101
1611016411
126195129196
1246612867
187189189192
122185124188
142118143121
1642016622
1756718068
803826
120203123205
9222995231
148145150147
7523078232
80568259
15221823
494517
142116147117
021323
6720870210
173153176155
110191113193
1288313086
1813219135
8011082112
56585860
104133106135
138143140145
1545015652
176125181126
193177196178
1382014221
116111117116
2116623168
159124162125
9424396245
9524098242
120127123129
1805718259
1894119342
159136161138
3322837229
4524047243
164147167149
119122120125
2611928122
02092211
1391014212
35384039
53335635
8418988190
152235154238
187918912
44694770
1023410536
9420096202
1237912880
8323486236
40844287
172201174204
1008710290
2557
139137141139
139915102
517010171
48605162
105185107187
2013923141
88849086
4512848130
149237151240
110228112230
1927219574
6514067142
164166166169
184246187248
3317635179
3921242214
4724852249
148118153119
039142
61106412
1713619138
43165016
69927195
4017142173
5121654217
52575559
182217185219
3617039171
6910272104
6510268104
1143311735
133713412
641943
5423559236
5016853170
96949896
121171124173
170137173139
141169144171
133209136211
53515653
143152144155
149211151213
1474015241
118217121218
1482415126
16361649
1303113532
141149143151
49845088
76437845
1612516230
105140108142
90249325
101143104145
6121964221
163242166244
1073111033
5811860120
1458414886
15391841
113111115114
44234824
919012192
2911530119
9312696128
75317832
114190117192
1565515857
136182144182
6611969121
61228125
911942
21634165
69387239
1019913200
1939019692
5615057154
147211148214
1024310544
2020624207
1431214514
150165155166
159168161171
53615862
106167110168
1945319754
6214965151
114156119157
1623919240
74957797
2512726130
3112934130
6916871171
27963098
192228195229
5519957201
1486614970
1213614139
1616317168
22622563
11244126
160191161194
1491015113
182150185152
151106154108
13698137102
6517668178
4014943151
987910081
50975399
98123101125
1283313135
01413143
182222185224
1793218233
6518467187
1771318015
79348137
112179115181
99912101
17811796
9417697178
9618298184
1771917921
723610238
5610859110
8921791220
1921322215
5917764178
02192222
49745276
196919911
5313156133
5117856179
5914561148
157239160241
136104138106
104206106209
1714521146
95819784
15598157101
6616369164
13298135100
1015810360
43904593
92829485
181180182183
91599660
8118183184
10631086
1911321116
8023085231
104211106214
20642366
1551015713
19262228
6424169242
119147122149
181189183191
1689517296
6210865110
952984
1214516146
56545955
182124185126
95909991
1581916121
1743717639
1637516776
8824091241
1109411199
5524456247
1581416315
20822284
6919370196
123167126169
81268329
2914132143
87779178
30403342
10131036
42944795
120137123139
33323633
3812742128
1732717529
2716728170
53815486
149228152230
1045810959
9218095182
3511938121
11511173
1614516546
18342136
196238199240
115233118234
4218447185
99132100135
1881919320
91619363
165141167144
169102171105
5018052183
1771118212
143144147145
5311654121
30473349
6313964142
3815440156
1296513266
3722140223
1228612489
14491751
59856287
7422575228
1952219923
2021721221
1924419546
12474249
162153165155
1142811729
51635365
1985819963
1178012181
191131196132
17651968
11761199
1210614108
13821414
262563
85969097
799980102
125205127207
128205131207
109218111220
157128159131
2622928231
114221118222
559958101
9422596228
2124424246
4513748139
1755117853
58935998
44364738
815610158
195203199204
3419037192
166152168155
5818361185
15421844
74427545
1413414435
1326313664
1068710889
188168191170
145236148238
94699672
1434314744
4820349206
713210134
188239190241
127169130171
111170113173
70147216
2211425116
8513586138
67257027
8221184214
119198122200
118188120191
102125107126
1895319056
2817530177
112199114202
172102176103
89679468
127159129161
7120674208
133130135132
135200137203
82808483
154181157182
111131114133
131126134128
130176132178
1038410587
1424714549
455487
49365041
146120148122
1696117262
2518428186
95649767
176114180115
62189220
37553958
197212199214
4918452186
192146194148
43124614
157152160154
8719290194
8717192172
22435245
50305233
92419543
69177119
4319046192
131153134155
9471052
185111188113
4016842170
1483815339
6414767148
1944819750
134178135183
32823683
1832118424
1345913662
4315546156
192118197119
67837085
9516698168
1378314085
106164109166
1719217394
5410557107
1778318085
1558715888
1431014611
144106147107
47585159
41124215
94198101198
23812782
188219191221
127241129243
160102163104
3920642208
10297104100
1566415966
975810060
4415152151
5023453236
135244136247
9118394185
154169156171
193193196195
22202522
479880
1706817270
5410257104
151217153220
38784180
147227148230
6016863170
1455314656
177226179228
163204166206
83558558
1936119663
109119111121
193919511
7122473226
129108131111
29383439
1935719758
5613559137
1329513597
183129185132
6019161194
14581660
194188196191
170217172219
1522115424
6318364186
69487250
1256212765
18161829
9114094142
7812883129
2524530246
1126911472
100235102237
102211103214
180168182170
79388141
8210785108
6123663239
107206110207
114223122223
117201119204
1743517836
34553658
1284513048
2314728148
1718924189
156104159106
127125130126
6211667117
141208144210
188242191244
2018223183
178147181149
31445146
71257427
8931095
1358914090
4922351226
192153195154
11821233
6910574106
159149161151
114206116209
15581599
61346436
6920473205
718710188
120107122110
104221109222
75227627
1534815649
1678017081
1074811050
5212956130
1020113203
6014961152
113228116230
98213101215
5117353175
196103199104
5822060223
1331413616
17521775
7417376175
1461214814
161174164176
79638166
1156211764
1854018842
01723174
8217886179
15931796
146165149166
4813551136
165164168165
169215173216
1376114063
4919151193
5817362174
5213655137
1345614456
187106192107
3015334154
269928102
1314714150
1529115593
4420547207
192121195123
146135148138
108189113190
146241154241
5916362165
180192182195
1510517107
74197621
1249412796
1809618397
126213128215
13651397
11411443
99152101154
8419987201
141180144181
12231426
1198612188
12721303
7520884208
67117013
982010122
41354338
71118116
161165163167
1462114823
180237182239
84598761
1165411857
6988100
6921272213
82218325
9911006
1169211994
1715119154
769878101
3821541217
69357237
1896119262
1562415926
1714217444
121189124191
2823930242
175199178201
101168104170
1402914231
186186188188
183175186177
192187193192
5516258164
16121635
20232225
7414776149
1708817589
3710740108
1425214455
70688168
1471515016
951810019
149231152233
154193156195
106172110173
1557515778
185233187236
1802518327
93299631
8618689188
5220254205
210232
162138165140
169153172155
16441685
6024462246
2311126113
8420487206
195212196215
145130148132
128119130122
103710410
1516215464
1318916191
189161192163
1137611479
182101185102
3523437237
164247167249
6724568249
174240175244
66196821
65176818
191108194110
27912994
8412087122
133147136149
1433914640
4985111
1068510986
1581616118
63926694
9221899218
176136178139
2713129133
1552115723
7914781149
748853
34793781
4511353113
180165182167
144172147174
192115195117
7218274185
90989798
140114145115
116106119108
109199111201
1345713758
3023334234
387409
076377
1138311487
139234141236
5018752189
8924691248
52195520
52137215
1642316725
2424727249
1819621197
57326034
127180130182
23572659
5717957187
36593961
32583361
7114573148
152160153164
102171105173
4522748229
3121136212
3119333195
1286913370
1517915381
103190105192
145207147210
4418049181
123912512
135188138190
1111316114
1383513939
90149316
1497315275
71127413
1415516158
119236121238
145109147112
137158140159
35623765
58106012
9791281
6512567128
3421537217
136107139109
1286213064
175179177181
74167718
1663216835
353654
154110159111
27102913
181202183205
1106811172
8418086183
93103101103
1253312637
149132151135
65876790
119153122154
1024910551
1723317336
7910681109
8316786169
66756977
99164101167
55795980
1716317465
22292432
1261712819
48725273
1615316455
191171196172
171243173246
79898192
6912271124
1079410996
117181121182
1227212574
173228175230
46474948
39214223
62826584
3115534156
47124914
64496751
65546757
133156136158
115130117133
4324044244
1381514316
125170126173
1315116153
11741475
135228138230
14231464
84288631
02074208
1282713328
1986719972
1908919291
4819950202
1472914932
15441557
8217585177
95329834
9116494166
1088211183
185143187145
103104106105
9013694137
22134215
9614898150
8721490216
1354713849
3515437156
161222164223
4721650218
992310225
1226012462
43174618
1922119423
162194164196
590613
4194411
145152147154
9519098191
1139011592
122130125132
459661
8214485145
150204152207
150168153170
5110253105
016010160
108122113123
920413205
195108197111
10341336
4316346164
4612048123
1876519067
177158179160
5313856140
171247174249
1623318235
185241187244
114122116125
155172160173
104231106233
89599062
1543715640
123117124120
115118122118
1258412787
109114110117
923211234
8716894168
196229199231
6111465115
22602561
1246812770
195148199149
1025210356
716812169
99186100190
7414477146
59746674
197125199128
168188173189
1573916240
711742
4911952121
1234112842
8917392175
65326834
6013465135
84178719
194126196129
6210264105
1736218462
9610499106
193103195105
8916192163
9421497215
1457214775
1765917861
145195148196
179139182140
111167116168
733936
170194173196
1487715080
165115168117
7123074232
4420847210
108195118195
185180188182
56395841
169198172200
3911042112
1067310974
189111192113
7371039
99127101130
791110
5723760239
55766077
1664416847
8812091122
102102106103
5318556187
128139131140
32283331
9223396234
148151153152
146247149249
3011135112
1801818320
1158311687
4610154101
1115413157
125120127122
43874888
151242152247
107208109210
80468348
1959319994
117230119232
6124764249
4219845200
1167011972
1521919220
113154117155
167214174214
622710228
16101911
148106150109
1794518147
2223425235
7514078142
34483650
180158182161
185169187171
1747517777
4511453114
9320397204
1145811661
1663616838
772795
141231143233
2918930192
369838100
02402242
1203412237
85738974
78567960
179186182188
6821670218
43594661
3323836240
5422057222
3512238124
2822030222
15301733
87208923
1889819399
1895719258
01673169
1719017491
7013673138
168146173147
1718017383
1456714769
3710139103
65987099
1613919141
75607762
7681069
1894719249
4614951150
4614649148
1748017781
107132110134
100245103246
7017971184
150111153113
027230
2413628137
131188134189
1837618677
1069011091
1231612519
148142151144
1017412177
31475149
1428714788
1129511597
116246117249
138165140168
11798120100
1685617058
8416587166
137111141112
3416336165
180212181216
6318066182
114172116174
96172101173
1221312415
6324566246
1258112783
7518477187
77538055
8020483206
1702817230
2221724219
249625100
117238118243
1106511367
2022923230
136215139217
107169110171
131190134191
8016383165
092493
32205222
76827984
8411387115
1427814481
820861
1426814470
129162133163
2821030212
4314048141
3716339165
1021510418
94119712
192120199120
1294013241
117228120229
167203171204
1026910571
106234108236
1021910521
175145178146
2918332185
1606516267
122219125221
4319346194
1233912840
3913942141
3624439246
1916619368
13181421
157116160118
174215179216
100156103158
5910061103
7320974214
111176114178
41365139
157113159115
7913780141
7921281214
2417527177
130219132221
127210130212
28843087
2914730151
7916882170
173197177198
192224199224
5416558166
912213123
179229184230
1075410956
135135139136
1499015193
1693417136
101208103210
15241825
110124113126
193245196247
10711373
240263
69517253
1188912190
1877819578
1302913530
8423295232
63466548
3123932244
1821023211
143103148104
1921719618
174107177108
1521115413
711910121
6813869141
4718749190
127155130156
1551815720
9018693188
192230195232
52425445
156142159143
71327334
5121953222
1195612457
25702872
7419377195
121158125159
19402242
3052
181109184111
1015012153
104156106158
1362713929
161182163184
6921972221
130215131218
299931102
01283130
194235197237
7223575237
3716140162
94209722
127123131124
1314613447
111211116212
3822640229
1009110592
1374214742
1616116662
70777279
30113313
4012944130
1779318094
132216135218
74537656
50895391
4314645148
35513754
4017742179
31143317
138169140171
77858186
194139197140
26452947
128150131152
129213132214
1228312485
139218144219
104113108114
169143172145
123101125104
1594916052
164224165228
583885
1793418136
433464
134166137168
729932
1889219193
128189130191
3915842160
1602216324
28732978
1429814799
1794018242
4016442166
189206191208
2623429236
1818418486
1701517217
165170167173
1702217225
23852687
9513298134
415447
5814161143
18399187100
46894991
20712274
87469048
9420597207
01442147
1319013492
106174111175
2712529128
1926919571
823013231
1009310594
112101113105
156147159148
6413268133
175245177247
1697117273
522554
124201126204
1021117211
17251747
1511615318
196152199153
8598811
160129163130
144158146161
94509752
911110116
1318313485
1858418886
4616549167
9898101100
2520427207
153148155150
54905792
2715530156
7516478166
184153187155
8515488156
179217181219
1822818331
1206812370
122194125196
8913092132
7610278104
180222181227
192100195102
993210433
127202129204
102197107198
168177171179
7123874240
1764017842
1818118483
12631565
1821626216
1364014141
197186199189
94379738
109213111215
104161107163
1724517447
30903392
2819330195
36263928
62038205
88829183
138199140201
128141131142
471503
2716029162
056258
5314558146
7011872121
1518715489
6020462207
107156109158
1367713880
3813341135
162229165230
161238165239
1111411316
92579658
7818680188
9316998170
22352736
110208113209
76637866
189100191102
121142124143
1122311425
9214694148
158180160182
1985219957
54675769
186160188163
4521947222
161185163187
155239156242
9415197153
62886491
112119114121
8913391135
1687617079
185146190147
1912519427
172140174142
33184218
188232190235
7814481146
5711360115
17451948
124135127137
77197824
14961509
40884291
189217194218
1502715230
12341257
9114995150
25142816
3012532128
34143617
189202193203
5417157173
1734817550
1111711418
126105129107
8621788220
1595716160
137210138214
102124109124
151198154200
094296
1051510817
67686970
178247181249
174817710
1024510646
127192129194
1102111522
150196154197
1748217685
140205143207
62229224
139122141124
180198183199
139125142126
167166169169
91489649
1983219936
4324546247
154225156227
138175141177
178104181105
9515597157
6424368244
9779910
1053710838
3724040242
126226129228
5520558207
37843987
163218166219
186202188205
1311916121
1044110842
64286730
159133162135
4223345235
183172186174
5419757198
155132158134
136224140225
4316844171
1352113724
5023952242
1711817221
20482152
138202146202
68486857
1265912961
162197164200
116178119180
2515830159
98195101197
4117444176
115117122117
2418228183
72407541
53105612
32763578
1627716382
1569616796
527549
146162148164
110156113158
5813161133
44294731
134113136116
1824318545
1291511
1076610969
179184184185
2912032121
6924670249
174136175139
76357838
2921331215
131181133184
191233193235
089391
84498950
6814271144
8019183193
148171153172
1368613988
4122644228
9317295175
2112526126
1299513198
2522027222
51817183
3723040232
2213226133
134239136241
145239148240
8131115
119219121222
1499415296
43324634
1191612218
2024723249
1619116394
02053206
7918983190
9961298
160147163148
29353237
1868818990
3419437196
167190171191
79218123
1195112054
816210164
1224512447
143242145245
6113666137
101117104119
9418698187
1611121112
1402214127
7413177133
690780
1953719839
6423267234
90809381
18312133
703725
3416835173
10571089
6620670207
182103184105
9631165
186126188129
7811079113
264286
197243199246
157175159177
3720737214
102115107116
560583
1641416716
1647216774
5318356184
146182150183
5321056212
97210100212
105183108184
4715650158
976810070
26252927
1274912951
1151811819
9023391237
1128011482
86688870
114102116105
178116181117
1822621228
1579316095
186140189142
1385013953
159231162233
187175190177
2714028143
169108173109
312343
122217125218
7517879179
156136158138
1022210922
1841718818
8317086172
149192150195
1092611129
107229109232
157139161140
130713210
101160103163
7217974181
135175137177
3519838200
2410627107
4421347215
083188
120101122104
31793381
1314115144
4819551197
1468114983
187137190139
7521378214
179144182146
7519980200
142220147221
24462551
37104011
177141180143
6316265165
128208139208
8313086132
104227109228
3420436207
686988
135167
24402742
113238114241
164121167123
40544257
12641277
125149127152
149234151236
1278813090
4913750141
42784480
110128113130
1193812838
4912851130
107152109154
92749576
183158186159
177156180157
55865888
139228142230
26222924
76397842
15396154101
149115154116
1968419986
59476249
135123138125
131185134187
174104177106
8317388174
117158120160
156149158151
141172143174
1817918680
61269128
67916895
1092311125
1689017093
8623091231
140127142129
196100199102
141195144196
2092212
96739876
52068208
2410935109
3911942121
163145167146
2120424205
1418514486
924712249
14801782
21335135
3824741249
55435745
1146611967
159205162207
12041227
105136107139
5924060243
6814770150
100241103243
2810631107
4018842190
172171174174
2621328215
13131345
31516152
1819320195
132135134137
125183128185
84688571
49445146
9724399246
186237190238
2322425226
155107158109
197173199175
7524778249
175111177113
1564315945
50125215
100104102107
81999202
5913862140
1825019350
9013894139
171917312
3314636148
1881419116
9321096212
138231140233
5016553167
78748176
1787618079
4023341237
8717890180
1337513776
49235126
148117156117
4315945162
140216143217
41729173
1359113992
01133115
1422214524
6317467175
1233412437
61428145
119150122152
178181180183
90199320
7822780229
57356036
1587616178
9111092113
1464514848
43624663
432634
7517178172
111160114162
5222354226
126162128164
44424644
1576715970
1317616177
131169135170
11671468
1546815670
4712448127
83958498
90519353
157229158233
58906192
26542956
1519417197
168121170123
186165189167
3616639168
024326
110100111105
1815521156
1516920170
1964419847
4111344115
188194190197
137119140121
1731717422
9312098121
8713889141
34223527
50485350
097299
6614367146
3324136243
3318634189
23242527
9622199223
148209151210
4821351215
177203180205
154228156231
150221152223
1686417067
118109119112
3911642118
1394714149
1647716779
61358138
184196187198
113196116198
9119293195
1728417387
159158162160
167158170160
11298115100
171234174235
8413986141
9513698138
3493611
