1772
6912271124
177228178232
11411343
056357
12901312
109193112195
1267412975
118193121195
1028210783
31593361
97106100108
18201833
8911493115
16892190
3715339155
1602116224
127165130167
2819431196
11851387
188206190208
1338713689
105181107184
117107119109
7922390223
12001214
139146141149
142174
1108011581
1207312177
1110913111
190117193119
5585710
1866118963
13141517
75897791
1416114463
150162152164
140119143121
21254127
67727073
7514078142
7715281153
1549715699
9411397115
102175107176
472513
109168112170
524546
17071729
99193102194
1635616658
8413286134
8218884191
1965319955
15231825
193142196144
150239152241
1621917222
59496251
108161113162
9614098142
1362913931
6121063212
196156199158
51997201
9211695118
279482
2521630217
11001132
4512349124
171137173139
3423535238
2724230243
102148107149
3012532128
142156145158
157201160203
1461515116
80788280
113211115214
7321878219
140156141160
1044410646
117101119104
1268612987
19292231
146203151204
148223148230
112106114108
7520680207
19599198101
115203118205
141241142245
1894619248
1506515267
129234132235
1074911051
61969198
100136102138
142144146145
812844
114185117186
1126312263
81578459
5420657208
602617
93125
155167157170
1688017181
63106413
90759377
51185420
157227159229
025327
9718298185
160149163151
11111313
128139130142
195168198170
1418017181
183111185113
3316035162
9521597217
17571959
155249166249
164206166209
119221121223
1769317995
182125185127
16261829
1616119163
1448714591
171131174133
455756
149220152222
1019013192
151143154144
3917142173
108203110205
91869389
1822321225
3315435156
1658516887
1684417146
7021473216
8215287153
1022810530
4813550137
114102116104
102197105199
9319696198
6518868190
1252912830
185187190188
48965198
3121633218
75547856
6522867231
521210213
1319213693
120228123230
182242184245
179122181125
137178142179
6724570247
7718179183
80188220
56576058
6620168203
187244192245
9724499246
128150130152
73617464
78328134
127122129125
1512115423
065366
1012812130
6618171182
116211119213
154200156202
192238193243
5216855170
01134114
35793881
149216152218
61466448
173207175209
1314816150
5517857181
124243125246
10121053
78488050
187125192126
142192145194
104232107234
192111194113
112158115160
142122145124
1298013481
2716428167
19632166
0031
189106191108
6124263244
750782
150121152123
99226102227
1633516537
14641567
138218141220
7011272114
689871100
196199197204
128193129198
155240158242
1783018132
722610227
196131199133
180185184186
171153174155
92399541
110100111104
57446045
114208117210
137123139126
1231112612
15551956
37323935
61426245
186128189130
185133187135
184104186107
11031135
106109109111
2216123165
100190103192
98125101127
187182189184
67527054
76367839
1417517177
1174212044
2314126143
1482315025
9520297205
163816511
1206412366
24152816
985510356
1764517947
913614137
74497751
9614399145
1105611259
194139196141
55165719
1623816540
83288629
1113811241
136227140228
2619128193
54825684
146141148143
3010632108
263295
32953597
10041036
1218912292
131145133147
123179125182
74117713
31827183
4617448176
1954719750
2814431146
49705272
174138175141
37944095
3722540227
110185113186
1919619498
1384113945
1818120183
2823431235
9515997161
1424814550
191120194122
68656969
1312313624
118127125127
4324646248
7813883139
2320625209
1122911432
128713010
71767677
8419587197
154157157159
5422855231
157114165114
135115140116
7124774249
5011052113
100241103243
1535715559
190238191241
8912392125
44314633
37144016
811511117
1935319555
2620331204
7720880209
1264712949
44144715
2416326165
7412975132
1394614148
94969798
186214189216
114187117188
133177136179
179196187196
5416358164
135192138194
184197186199
31753476
197180199183
143201146202
135117143117
02205221
155110156114
122101125103
1126511370
131162134164
144116147118
124227129228
9522099221
126168128170
125187128189
1769017992
1582716328
1419514398
112199114201
41144316
8218184183
178218180221
119146122148
5320055202
117161118164
1314013442
160231163233
56386039
1477715278
4119044192
3117934181
156195159197
2212925130
1712717232
1046810671
619964101
62596462
1574116841
97199100201
1192912131
123240126241
156149157154
26482850
6615769159
1335013454
4422647227
01153116
6324566246
8420087202
186232191233
1959519897
93299531
2415128152
124912710
104219106221
1793918440
102107105109
50895292
195115199116
7717879180
51565557
178177181179
46274830
42224723
40884291
8414889149
5211955121
6110364105
104188107190
184114186117
9191221
4622847233
99184104185
34593661
145227146231
1662516728
9010892111
69347038
939996101
170232172235
156233158235
67707071
113167115169
4317045172
61348137
70597262
1627516477
2010722110
02353237
129207132208
145129147131
95139815
4011442117
49235424
177156179158
48635164
185149188151
95169719
7416177163
8251027
93230104230
34663867
1049310695
1761917921
19199194101
076180
97186100188
5319156193
1506115264
8713890140
8421486217
160195162198
1434214643
149167154168
39964099
122198124200
3314437145
196136198138
1553015634
3322536227
1694717249
88959197
112239115241
1302113522
131199133201
5710260104
183233184236
13871419
8212486125
188202192203
7681269
451521
8721990221
7617579177
7523378235
89619163
97163101164
156192158194
166141169143
56746175
5723361234
1419716200
3421636219
145137148139
8914392145
9320696207
55205722
1493315434
193129195131
137168140170
1847518777
66806982
133226135229
6913971142
7523677238
1705517955
145125147128
1494515246
143236148237
4094310
1882219323
2118824190
149225150228
4121244214
125237127239
131166134168
83308632
9124493247
146192147196
11794181
1823018433
144212147214
3814441146
123205127206
169222172224
177149179152
821711219
188195193196
6418568186
137210142211
159238161240
6314066142
128126130128
61289129
140164142167
23822684
1465215153
7724581246
8314086142
152115157116
167209169212
166203171204
114215115218
57616063
18602062
51598161
8220986210
1023610538
4711149113
136129137132
29373139
1782318026
99213103214
14801502
182189185191
27273029
01302133
71117313
116144118147
98168101169
24172719
161160163162
635937
1726417566
1498315285
23562757
1652916831
5813261134
693895
4621948221
1361513818
172108174111
22402443
1854818750
4410847110
1607916380
1719619198
1754017842
122191126192
120159123161
1012010128
1886419265
5211755118
34453648
7010272104
1987119976
60346335
145187148189
132108135110
2997100
4620448207
4211246113
93909692
68257127
1984519950
1425814460
49445345
15151537
3617638178
5618858190
14731514
1723019233
6813271133
01463148
5714159143
1347013673
5811161113
126102129103
1920720210
1412214523
29573062
7513479135
127119129121
145148154148
44774680
158177161178
314414144
76147816
109134112135
153122156124
589960101
7811781119
1788218383
124133127135
2611728119
155208158210
5319655198
6215865159
8913592137
15181559
1612419126
1152011723
141169144171
80268228
106195108198
6122064222
7620279203
150132153133
4913952141
1321813520
9511154
1169211994
106177109179
7123374235
1404214245
6811773118
123214126215
1908519190
169105172107
9891093
182131187132
176205178208
6513167133
2019625197
6424266244
2217727178
178146181148
8751077
3419836200
189160192162
4014743149
1563615938
3220337204
1031310416
188242191243
6523267235
181221182226
2215325154
5722060222
28933095
7214474146
170187173189
110187113188
182135184137
44824784
1014811153
155246158248
3024532247
119136122138
113122118123
21612462
5423456236
1666316965
111115112118
49585161
1167911882
100131102134
2311130111
11641367
1868818990
105136107139
19701993
80668268
175109177111
2921231215
15721775
79939093
176241178243
109119111122
1916421167
1162711829
1312716129
184182186184
1648316884
2619427197
96719973
1942219923
920314204
185120190121
3213937140
4718149184
53685670
5119652199
4024542247
73597660
1861518818
194152197154
1023110433
1521515516
103128105131
161222164223
3312235125
169191172193
5314062140
85148816
168146171148
818610189
15231564
1701817220
15901622
2213825140
16701721
135162138164
5012253124
111208113210
31315133
8615789159
3219437195
172127174130
148179151181
7910282104
7117873180
137171138174
17361768
9210493107
1925619956
1304613547
1447214774
913412135
21345136
1946019761
95429844
192173194176
1274113042
037141
43974699
13999142101
20542256
2720928213
8714191142
165219168221
9622598227
1819919202
1902419227
122115124117
5310955112
1437614678
1756817770
182128185130
4010247102
819913200
1014615147
177173179176
1152811535
92109512
157179161180
7422877230
83178718
6117364175
86418844
85458748
77807982
65736677
054355
173103176104
7421075214
1675717158
173173176175
8912092122
1882011
1926219563
115195117198
52265429
1308513386
164159166161
192919510
171114174115
113224116225
166229169231
113141116143
183220185222
166237169239
73687670
4611457114
98195101197
3223234234
233535
1411714518
967410075
39794281
1276012865
2410326105
178189181191
1649516797
48145116
97509854
131141135142
66476949
192232196233
2815331155
162180163183
180141183143
196106199108
1329813799
1104411346
68287130
1179511997
115129119130
145149150150
3214934152
106185109187
1513915440
7621064
1058911489
12531455
5912562127
9221897219
72577658
2914931152
1655916762
1292813229
67757077
1307713379
1131811819
8918290185
16641744
169165170169
133223135225
57846086
192216195218
57235925
5713560137
11781281
1909119393
1323013532
171134174136
8517489175
174123175126
2817331174
137186141187
1953919840
1133911641
178197180200
916211164
486518
1609417094
17812083
3611637121
1385414156
130243133245
1255912664
1275012953
8911691119
1556115763
154127156129
5314356145
178129181130
119162121164
6520667208
168127171129
176138180139
124167125170
1109311395
135218137220
65316832
1772818229
1613619138
11499116101
94829684
1159012091
108139111141
125184127186
85789378
179210181213
25202821
117169120171
182227187228
143165145168
46244826
362375
1808618388
62338236
85658867
3421237214
1809018392
1835418556
1036110466
159174162176
146161149163
1839318695
02163218
73197423
101157104159
180114183115
181217183219
116117117121
817413175
103118105121
22202423
7012571128
100118102121
6310866110
190154193156
1682117322
1891519416
1335913760
118118120120
6023062232
1511815320
73377440
1917519280
6711969121
77187920
3618038182
175132177135
3813941141
119183122185
1867018972
1847818681
7213877139
1619516397
19201952
7424376246
52135515
2418127183
6416867170
149232151234
158172161173
1331313516
129176132178
194165196167
158167163168
8119983201
1011213114
109112111114
77448045
37873989
190177193179
148113153114
12881590
1227312574
1707717279
1385714159
80388340
119144122145
1663516837
154218157220
61776479
137229138232
8222186222
181138184140
104244107246
94779978
7019571200
52625465
4017442176
7124373246
154100156102
4620848211
8315087151
2620533205
13321534
193202195205
100235104236
192227193231
108240111242
1125111552
166172169174
1101311215
8622890229
83688769
1281712824
4921951221
17931815
104112108113
13181423
3615638159
123212126213
1402914530
8524288244
3111133114
118235121237
11321237
1491015212
1378913991
4222247223
1097211274
115150118152
1851218814
169218171221
178116183117
118208120210
3911146111
159138164139
142172143177
996810170
1917219474
2722430226
62238225
83558656
184180189181
1632116722
1086111163
8817892179
131126134128
88829184
37484049
9311198112
61526355
1333713539
182213185214
7722086220
8816290164
165123166126
197210199212
1726817470
158116160118
1928419487
9420897209
1578216084
180187184188
3315735159
1614519147
172247175249
124123126126
9723699239
98115101117
1966719969
1779618098
6223364235
160215163217
4312046122
1942019921
090392
97135105135
184209187210
20402143
32055208
186152189154
163156166158
179229184230
21102611
157100162101
173149176150
1231312416
102205104208
1572916130
154204157206
1335713758
2324426245
88209121
125154127157
161191162194
1882418927
144197145200
128242129245
1223112732
4313545137
4619650197
161224164226
923512237
4219345195
1816820170
101143103146
129135131138
1729317594
1812518427
1425114553
1289113094
193180196181
18482150
719412195
1458314885
187234190235
2022723229
11411164
5711860120
197240199243
259727100
1377314075
1732817630
102710410
1014410347
019221
1024712249
1873219034
01113112
126143129145
1562215924
9122895229
2911932121
1706317166
163194166196
142187144189
161108164109
114191117193
7613281133
5413357134
6912971131
116189119190
135239138241
22242327
103226105228
9122194223
73157518
120101121106
1156011862
1741417716
43934596
1289513098
4624151242
1391814023
146164149165
900923
191198194199
94589660
3017633178
1474915051
107206110207
62209222
1461714820
112119115120
1296213264
1921122213
1112111423
12561278
137243140245
64556757
99141107141
185122190123
10641096
7822880230
190213192215
1787018172
165197
44464649
195184198186
59916293
2993014
963610037
994410047
1827218574
70787579
94649666
173118176120
1712120123
387689
1051710819
1913119433
91122
184217186219
139107141109
2417027171
120139122141
61309131
128111129115
1054710948
1286813071
5012953131
9381240
5217161171
32213424
104240107242
44704772
158169168169
70677269
136157138160
31175119
8310186103
65906892
1821518222
35753778
185136187138
131155134157
112154115156
26862988
3322838229
1241912721
11251427
128153130156
150242154243
149244150247
1108611388
8211385114
02485249
71537455
303335
60976598
1648016781
193190194194
9513396138
01422145
1725617557
578880
166241168243
6724174241
11741475
120110122112
1407714280
085288
153174156175
7915482155
1819618697
1714920151
116155119157
4219645197
175145177148
1203712240
1547415776
3311735120
1522316226
82338734
136225141226
1408914391
129187132189
187155189158
88809181
4320645208
45685069
61846486
33323633
164181167183
137201140203
41464349
3014031143
1896619367
1618316385
8521190212
1456114962
1163412434
161105164107
118131121133
14121713
2818030183
195162198164
15661598
89810100
65936796
197215199218
1924419545
43854588
1553915643
102209104211
9311996121
151125153127
1933719638
5121554216
4619348195
190129192132
81428247
117224119226
6822872229
8711688121
1102711328
105236108238
123144125147
7123674238
1275413255
1045010652
96109911
1209312395
2715929162
179203181206
138131141133
78888289
64246726
161102164104
116158119160
7610478106
32373440
18521874
5275410
140138142140
1737717679
178132179137
1538715589
121122123125
18182120
5524657248
88319033
148210151212
7516680167
5719159193
45524854
4914452145
1378613988
4614649148
1506815270
1895119253
2323826239
158134160137
132184134186
194147197149
93529654
164146167148
081184
2614836148
60886390
9423796239
154180156182
1569315994
4213843143
140127141130
522553
69927293
479952100
1481511
2216626167
1137311575
165222168224
68237224
1355113754
5612858130
1068410985
110164111167
71659167
4321845221
176195187195
3624237245
120157124158
123164126166
173164176166
111217112220
9941197
150176154177
590641
01733175
1417314375
182120184123
1211615118
192222195224
181105183108
9218994192
51238125
9522298224
8816990171
1835718758
1177111973
126207128210
9614899150
5017952182
5412555130
14331465
85808783
6323966241
1595816160
178222180225
6720971210
27793280
172218174221
886908
22632465
789981101
165150168152
1877819080
9123494236
02052208
152160156161
122186124188
4110543107
923814239
4019843200
57765979
144104147106
3312635129
2518427186
175115177117
190146193147
3224135242
11171149
1728017383
6822672227
2620628208
173245178246
432464
1734817453
139212141214
180158184159
18551887
7418477186
44625162
103217107218
1594916350
39434245
1722317525
02092211
145238148240
170226173228
125196127198
197237199239
1419019191
29723076
165190168192
21732873
01172119
165111168112
106156109158
86399140
2113124133
69147216
78838185
106129109131
144134147136
3420537207
44894990
1864418747
1176812070
1549015692
22862588
427729
1215513158
1523816241
140180142182
5817960182
23902691
18198182101
2615629158
5524057243
6724370244
01234124
10721473
1403314136
10571079
3818840190
179207181209
35513656
139161142163
49465248
5010353105
112111115112
01653167
90229423
120231123232
7219275194
1015710459
1056411464
4013542137
3721839221
88859088
2714029143
8523587237
1538515886
183155186157
152145155146
1474315044
164210166213
1884919250
236538
3811241113
9410596108
1887419077
141195145196
1613119133
922311225
1466314965
811811120
9019393195
1195812260
8018181184
1316813371
1805018153
7221024
8723290234
145146149147
8810490107
12611563
4215643159
484515
1321915222
92829385
18122113
4912552127
16321835
850863
65836885
56566356
8551156
1419217193
1609816599
187239189241
29503153
179242181244
9117093172
108173111175
621011211
47414844
1771117913
02124213
3722240224
7618778190
145241146246
115174118176
5510559106
1819321195
17521784
177817910
1109711399
169215172217
1719017198
49495251
177112182113
4021942221
9113094132
137118139121
68567158
6419366196
776799
1962819930
117247120249
3910943110
35363739
17761817
111205114207
1352514026
158149159154
111202114204
158165163166
11799121100
154215157217
29633166
1144311646
1613316237
7912680129
137197139200
3920442206
1589516097
52388240
1233912840
127116129118
8114384145
6610469106
1017210474
8611291113
16051637
120107123109
81628265
7723181232
145171148173
195113199114
51557158
142149144152
820511207
144119147121
143110146112
1118113183
6217171171
8423886241
1885519157
110178115179
1884119242
8013583137
130120134121
119149121152
8723989241
683984
122162127163
9118294183
1104711448
02393241
1083111132
1801018212
2321226214
1686117162
154133155136
165109170110
17381941
6311166113
9018692188
115912010
195110198112
1347613679
151185154187
161816213
1948819593
11911393
157106160108
155162157165
111150114151
7519676199
8651067
016218
2621830219
1676616969
8020283203
38764078
107220109223
131246133248
01635164
5822959232
143159145162
1246712768
28963198
3219637197
142146144148
5224154244
95239726
142185147186
23582560
3217133175
7415679157
55265927
11571188
8824590248
130239132242
63636864
79298231
4617051171
27102814
1487115173
6010662109
27783478
107126109128
1602516526
138248142249
55115912
1908219583
5617559177
4324446245
62057209
187117189119
2312426126
2317528176
133236134241
2015821163
5113253135
53515653
157160160161
60246326
20572259
1319613497
179248183249
174212177214
1932419625
161201164203
1058610788
73247626
129158132160
3811941121
1741017613
112100113104
9423197233
2122126222
121207123210
170194172196
176247178249
69847784
869889100
1245212654
1616216464
134137136140
7417076173
6513470135
25222824
134196136198
150165154166
1401314514
3120832211
1655216953
8281329
76948494
1497415276
1773418036
25642865
172146174148
166116168118
1756017763
151149155150
100224105225
188223191225
167170172171
56135915
5122653228
1320516207
146166148169
173232175235
9621099212
1788418385
1464514848
1816318465
7214975151
7914682148
139112142114
3218633189
2612028123
70477250
193214196215
1921119513
84528654
4895111
13561446
188246191248
1573316035
149169151171
1437914482
6015665157
159220160223
6823570238
133187136189
2817131172
346369
182203184205
8713190132
7919382195
28543056
1538115584
1757117773
180149182152
195189196194
4712049122
289931101
1884319145
4816251163
3520837211
104177105180
6113666137
9711999122
83778480
92559557
195196198198
1295913261
175215178217
122193125195
125139127142
170178173180
81118314
117227119229
43114613
17099173101
71717373
2813731139
83198720
73657667
182211187212
85799379
9412697128
3223935240
2117123174
319621
1336113563
193219196221
5317954182
12611284
4923552237
596798
100245103247
62206522
6324766249
1571116013
152206153211
3015832160
49305033
155183158185
185139188141
2023023232
5419459195
1513918141
4822550228
239540
1966219963
179214180217
98207101208
105132110133
57406042
1087610981
38834185
37103912
22972499
1463514936
4317345176
1953119734
1146911672
6622367227
815611157
158224160226
165225167227
184142187144
