1739
989010093
1028810689
91139316
6011967119
1298713289
25102712
111199114201
97231105231
55865987
148201152202
163137165140
45674869
8510588107
2922632227
7322175224
15498156100
1092411425
5123054231
195212198214
4118243185
117139122140
57336034
53305632
33883493
9522996232
1396114163
21145115
1626016562
133147135150
1448714689
1904719250
163172166174
154167157169
3011332116
899891101
41284429
66936896
1712719130
1075910962
4110943111
144159146161
18431946
1691217413
18099185100
4312846130
143215145217
10301052
23352439
112213115215
1401814121
110115111118
8418787188
1707817380
5021853220
26132816
9022693227
6423169232
1722721228
8517287174
189216194217
123136127137
198229199234
121175124177
42904592
1379413997
02412243
89349236
8611389115
86888990
3910141103
168212169215
96192101193
120118122121
128126131128
8324186242
1724719249
1355813761
6821970222
136148141149
4418646188
1231112712
5918061183
1606416267
96839985
169104172106
181227185228
1525215753
5317456176
1417214474
191182193184
133154136156
185115187118
177207180208
170211172213
186109188111
167155169157
3223635238
133210135212
60486250
5914462146
4011749117
1641916721
1815921161
1524815749
7819981201
71327236
1299613198
86578859
77588060
1915119452
1567815881
1413914242
6817471176
1424514547
67626964
67716973
045347
2818429187
6141115
46184820
7924682247
1525015751
45704773
119246121249
98107102108
185207187210
1718717390
1657517076
1674217043
5621959221
23602562
9220897209
1235412556
92509552
31325135
3223936240
60796281
61336435
115191120192
1965619958
1954919751
1527015572
180146183148
8415886161
094198
58686170
982810031
35903891
9012293124
103142104145
5517262172
176157179158
19852089
2712230124
129201132203
179219182221
1729517796
6913771139
65316734
196190197193
4914453145
1168811891
7812782128
180237182240
55396040
3821441216
151130154131
127237132238
9519598197
1623716342
28693171
173203176205
2721530217
1607416475
3921742219
1101311315
5421159212
5614159143
8418989190
1617619178
5817863179
480512
5110653108
1927519477
6421067212
1604416346
78458246
97228100230
1664816850
1969419995
142246144249
173100175103
129215132217
5217955181
4024644247
133186136188
176145179146
13911422
152211155213
813844
134120137122
85949394
22192720
144232147234
124133127135
4022341227
187122191123
4418246185
4318946190
1104511347
4022043222
41844387
158149163150
163141165144
1896619367
162104165106
110239112242
1923819540
1691817220
4613249134
184121186124
168116170118
1017710380
16911893
1456214864
184128186130
3319436196
4615449156
1517318175
1436514666
149203154204
168143172144
7710680108
142180145182
182171185173
130111132114
124158126160
114187116190
3220134204
1034210843
1319216193
02192222
171232174233
6019763198
192218195220
5319455197
198147198158
154244157246
44154717
110911510
179135181138
2218327184
299379
187187190189
9414295146
3324844248
105236107238
21882689
9220696207
6222565226
1433914444
1049010692
194154195157
69497151
125124127127
2520428206
190191193193
48285229
148185151187
143107146109
196106199108
75557856
183237185239
6418769188
1339313695
142138144140
991910121
2212623131
7913183132
104122115122
172208174210
1785618257
160132163134
8924392244
25382643
14331465
1254512847
8811889123
104103107105
6922872230
188149191151
1275612958
102247105249
159213164214
139223141225
168124170127
192131194133
1011213114
1094111243
1956219864
1755617759
1010913111
31143515
31303432
1315820158
1642816829
139126141129
2216124163
80628463
87319033
1014312145
122130131130
175190177192
122812510
17682069
68656970
43184520
1336913572
151137154139
129193130197
133127136129
1222612528
4914852150
1233912840
101153104155
1796918171
9317998180
2710529108
7381040
164236167238
8716290164
1416914670
197129199132
9823599240
9219594197
1612116323
1644416647
449947101
1441614718
158155160158
126240133240
3724246242
1406714568
3519037192
110209111214
4920554206
1121419214
174121177123
185146188148
8813390136
144167147169
1578515889
4718749190
22252527
2814930151
119200122202
2418527187
5510459105
38424144
147196150198
6311166113
51558157
8116584167
183182185184
110182114183
2823531237
1901819320
114106116109
194209196211
9513099131
196218198220
274576
1135711559
4723650238
1762217825
120165123167
161246164248
1698717092
186218189220
94219524
1198912290
3623239233
159123162125
31635166
101116103118
9614198143
7610379105
99147101150
1146211764
3311536117
30913293
59286329
9418197183
151196154197
182178185180
1706617269
13681419
146210151211
98509954
8123184233
3010632109
1363613938
2910032101
158178163179
1755017852
78918193
1796318265
7622177225
7110174103
1067010972
1787618078
152143155145
69527353
141235144237
1383114332
145146147148
1268112884
1856618868
180192182195
80228523
126183129185
191232192236
11881490
137135140136
134123137125
1653316835
73207329
108205110207
13241626
1723517537
9217594178
158118160120
157146160148
47325233
9191122
111106113108
8913092132
9020392205
72737475
114246116248
185139187141
79810100
169110171113
74927793
105169110170
7822180223
11511354
1676116963
1172112122
9523397235
1218612487
2021121215
2714030142
158127161129
2014423146
121182125183
182139184142
143205146207
4717149173
18031825
91309333
124215127217
1015113153
359760
1693317136
104119107121
1526215465
94979699
51735474
185112187114
472973
21632564
3315335156
1911222114
1453914841
6410366105
194188195193
25652668
37224024
4320246203
173126176128
172109175111
124164126167
147106151107
335386
6215867159
1322716229
111154114156
1422614428
197209199211
4321146213
1363914040
1831018513
5515058152
076181
12571460
175232176236
134114137116
3510437107
2716829170
1925819461
1169812498
1643716739
103217105219
9614498146
641844
117107119109
127223130225
147236150238
1196312265
9523697239
164225166228
2624230243
6018567185
01053107
41754377
1562915931
32813782
5921662218
135223138224
1846118664
706738
74227624
6920672208
1669616898
133216142216
5311354118
1261312816
102210106211
51208121
151224154226
1538715688
21952496
64776679
152103154106
189819013
105166107168
163206164210
3818942190
1497315275
152218155220
174195177197
5623557238
01763177
150151153152
113166116168
93689570
10321135
3723640238
182241184243
16401691
144135149136
133237136239
7024373245
674976
100244103246
11421443
115116117118
182157189157
128118130121
7518977192
4413848139
66827382
1426014463
117112118115
4215145152
1476715069
138226140229
8519888200
103180106182
703735
138182141184
59166218
91439445
8715688161
1803818240
191221194223
111202114203
1265312855
1920022201
190168193170
5911062112
13501382
170157175158
2215526156
733936
3810440106
170242175243
5124053243
112209114212
101228104229
5118253185
1851718720
11851387
3711940121
1933419536
1671516917
8717789180
33573659
1047510678
5421656218
31643565
83138814
33463549
29743276
40454247
148169151171
32216223
3112836129
28943097
88469148
6710170103
6517067173
196173199175
143198146200
152126157127
154128157129
142172145174
195180198181
149115152117
61426444
1859318895
2316424167
3013632139
143185147186
125161128163
41006103
4210245104
183114184119
7011472116
1234812452
123112125114
1311313316
1162511927
170132172134
1495615258
34543656
183219185221
1906319365
1467614978
2521030211
51155317
192172195174
9324396244
369941100
5512056125
7916884169
1361013812
178129183130
145165150166
7322776229
94179918
6019468194
1053311433
83248526
45514853
103220108221
41214423
1481315016
8921393214
106241109242
3312636127
1106711369
1174111846
51415344
1812618230
115181117183
191102196103
6520468205
51565359
97739976
7217575176
7121873220
38874089
168239171241
01442147
22162518
7717980181
1614519147
56135815
1123811540
107202110204
1623619237
140241147241
1975219955
1372414225
9517597178
20282132
168229171231
73357637
143175148176
3121734218
9711003
193145196147
3914142143
34223527
4712048123
3124333246
137209145209
421822
139917100
7317876180
152161153166
162240165242
963210133
1732217525
9222095222
63106413
37594160
155137156142
2111524117
68287229
90709273
114137116139
35293731
1036710570
1107311374
100111103112
101177104179
188113190115
130154132156
1423314436
1236412567
6611769118
15798160100
156176157181
22282331
48655166
170196173198
120197123199
142242145244
16421683
1917219474
31365139
717510177
139238141240
1217815180
1144712147
68856988
31945197
44114614
1085211054
1251712719
105205107207
141161143163
08211
192122194124
6316666168
8322686227
266298
3311836120
181120183122
107189112190
1966619968
101200106201
41756177
16531955
5122554227
1484215144
3322636228
3723940240
3419735200
7911781119
6124864249
123226125229
712812129
1462114824
3916941171
1517715479
1858118784
9761008
773805
2611329115
1725417457
68257127
119133123134
9941296
13781581
5275
3520339204
1519616200
179114182116
1223415236
3711439117
1621519216
3816541166
116174120175
7021272214
193247196249
4513650137
94909792
154109156111
75197821
54195523
26252729
1658116784
62029204
149132152133
178229180231
13498137100
662963
3310035103
989410196
128133131135
3912842130
01114112
4920051202
105225107227
3113034132
2217824181
22142515
8771079
115197116200
2815230154
152238155240
1453314736
7915282154
2313726139
72577658
5324755249
2817332174
108225110228
105175108177
1915421156
1029610597
113169115172
1831818421
121161124163
879888101
148244151246
191128193130
77837985
1117011472
1144311646
8122083222
1874419046
1073411036
145229148231
19352236
93659567
131145135146
74807981
153193156195
7014672148
6121364215
182108185110
1528015385
10861196
61608162
1315113452
145193148195
1962219924
1232912830
174104177106
23762777
20552556
11101161
32456247
6815271154
94489949
173153176155
31103611
136199137203
1484915151
143110146112
143119146121
28453147
131221134223
152112154114
179162182164
32326233
155222157224
3813339138
189246192248
9319996201
63476748
1848619586
119113122114
50245425
1519715897
156211158214
107146110148
166201169203
776807
16741976
1633016632
68910
1332213624
130107132110
1417914382
192213194215
85368837
1820328203
102190104193
175116178118
79388240
58666566
1315720157
147162149164
4414048141
54585760
138197140200
1422114523
109243112245
8912792129
118203120206
126180129182
7613078132
38123916
1782618029
1165111953
9019293194
8810291104
1141111515
4912652127
37564058
118126121128
4522746232
21572359
1253312736
2510128102
81113
1108011283
7223277233
1344113643
165191166194
1074410946
2014723149
195198198200
19321955
193194198195
0243
55355738
1706117264
129161136161
159211164212
8710890110
15582059
5219854201
1514118143
189244194245
3624539247
5020753209
1053910841
194167197169
1457314875
456487
01642166
76157917
188140191141
1288513286
164167166169
1612119123
1899219393
148153150155
92259526
1312716129
48875188
172112174115
121220123223
1698517386
231263
154227157229
4697
810713108
147188148192
172190174192
77578557
129162132164
154150156152
138100142101
7524778249
1884119043
538628
106216108219
119168122170
9420297204
9610697110
101215102220
103156105158
1809718498
138191141193
112133115134
4621949221
2412627128
1477014972
1714217443
10799109102
1041110613
4721150213
7617578177
29223323
1807318275
36633866
44764877
1374313945
149217151220
59916193
5017055171
139176142178
1893419235
1224316244
996710269
1638616588
104162109163
9312596127
549959100
108155110158
1327313377
1492415226
3424236244
53935694
1509215394
119110122112
1146011761
16381840
172136174138
140132142134
14611512
1597616278
108140111142
99197101199
131224134226
5321356215
47364938
3114033142
195201196206
98174100176
143102146104
18751907
6812271124
174163177165
48715073
21307131
3424945249
719812199
1416117163
94539754
1588216084
162201163205
176133178136
2715532156
5724460245
168223170226
4519149192
431634
186176187181
9014393145
722610227
1408514586
119151124152
118181120184
1439514696
170203172205
188202191204
87199021
88959197
51715672
114125117127
6411075110
2824430246
189161194162
2922433225
9123894239
109193111196
158229160231
1119011492
99241102243
1667716978
148149149152
101134104136
1317813380
684698
124232126235
4319548196
7319675198
192206194208
173132175135
1218115183
6021163212
810411106
3617539177
6315266154
1699517198
152207154210
2120824210
6414067142
121184124186
93719573
4014941152
124218128219
7516577167
88849385
3414037142
136112141113
8620789209
177124180126
175138178140
5816061162
188177196177
1817021172
4916654167
595698
616311164
8421087212
8923292233
176227180228
4521648218
1266612967
1963819940
58676567
177203179205
2310426106
160916510
145126147129
30563259
8317484177
1687916984
191158194160
1602616131
01423143
4320446206
1237212574
3722739229
919112193
5224454246
8714794147
1014612148
86248827
8217184173
188230193231
1521117213
2215325154
1431214713
295498
116811811
3923442235
2110622109
915412156
6317064175
3416835171
7913780140
4719750199
124206127208
1194113041
1903719937
89229124
677780
3023232234
17171749
76387841
41374340
142143145144
1361913921
16441685
1582216025
179234182236
142191144194
123187126189
193163194166
183190184195
2821830221
1123714239
7514278144
41354436
6213863141
110111111114
1422316226
184186186189
18222123
1323813540
75788079
9817099173
17242125
7011172113
7611179113
41228123
492794
11231228
23442646
72607562
61716373
155204157207
81368437
2614430145
109220114221
170214172216
179196184197
24572659
4916454165
2922832229
167151168154
02282231
6716769169
83408542
19661998
2012721132
1409714399
9018193183
1863218835
1516418166
7715579157
162127167128
6321768218
57326432
1142111623
98138101139
103100106101
822311225
49765178
1366413966
138116139121
5619759198
6924671249
149224150228
63496850
3515740158
153147156149
1947819979
6815771158
7924484245
50345236
16121635
149194152195
109184113185
187244188248
144212147214
1169411996
6614469146
138159143160
1557515877
163195166196
135230138232
124194128195
180247183248
69377238
117138124138
131120133122
113242116244
1963319934
131196134197
1621616418
150182
181123183125
196139199140
189490
1795018053
1955919861
38294031
102137103140
166229167232
3422236225
1081310
41694471
1058510887
1072111023
4220845210
138123141125
1655516659
1974119943
9189310
149143151145
1455914861
9018993191
6524868249
1881618920
5716960171
134234137236
89279228
9524698248
8118085181
180149182152
14481750
153180155182
13291730
1002510227
1437614578
1569416195
76637965
103222106224
8817091171
4111843121
5311954122
6213564137
1281712921
81588559
1121611518
17571789
35923893
138166141167
1071110913
166113168115
1492015023
42346237
2417427176
134240136243
6624369245
165245169246
619610197
5520557208
190210193212
7323674240
67157216
6921572217
1448114684
9110893110
1710420106
68837284
6423965244
8824590248
174245177247
27643065
56525855
1125311554
5216255163
1523819239
2319724202
1256812969
186162188164
6814272143
21662468
150221153223
139230142232
4718250184
154163155166
2712032121
105183108185
1649616599
119153121155
2920231205
6514767150
01743175
4221444216
6501350
91879489
43964698
126112129114
7110472108
36493951
8724192242
181229184230
2312326125
129122130125
134813513
2919030194
1258512788
143187144190
171235173238
130181133183
93469847
1335613757
1198312285
764966
105135108137
185125187127
971310014
1339013592
15041526
1434814749
159233163234
114137
119193123194
627928
125102129103
42594561
2817529179
1011410316
110104120104
1662216924
6518066184
1878919091
81309133
161229165230
3413337135
156219159221
148101151103
9499611
2411829119
1215912461
1109511198
105142107145
159195162196
115157122157
1611021111
1565715959
8851087
724610247
710742
3617038173
22232524
5017851181
94829586
1053710938
93279628
63997099
159111163112
192224
158249165249
53835685
1892119123
21986199
43784879
4216744169
29203421
58836185
1077310976
839986100
11599116102
3312136123
129198132200
350382
3011732119
4815151153
01612163
1844818750
44844589
1668516887
1366914070
1156511866
2912532127
195113199114
4419746200
45274729
77898290
9514798149
42934495
9124794248
1498215185
9611199112
110119113121
124196127198
1347613679
2412927130
42199220
70117312
4516448166
2924732249
136150137153
2622528228
1195612258
82918494
56195920
1125111552
3114534147
177166180168
61349136
1895819160
1713119133
4724050242
1221615218
161225163228
5715360155
180224183225
178142181144
24842686
19402142
1612419126
1876118963
02485249
1625516457
171122172127
4723050231
24472552
116129121130
112236115237
28773079
184154189155
1832718430
1478214886
69597659
167171169174
024325
012214
128206131208
1728217584
1771618018
8512588127
1538915591
66807181
133207136209
1503715339
121102124104
1717517477
166247169249
10441545
664679
11099112102
133159137160
164243169244
2620729209
769778100
83558656
3513637139
158205160208
01561160
68327035
107208109211
4123743239
157195158198
9515697158
111169112173
185103187105
7116574166
109229113230
112179114181
1715019153
42724474
129218132220
6017362176
1932119524
191393
121230123233
127209130210
142146144148
12421274
83208621
1013013131
185229187232
8823490237
4524648248
060262
17601791
1837418676
166198168200
142224145226
0031
483785
1347313675
9621398216
123200126202
1618518187
112174115176
1511318115
311613
111186113188
1784118142
2424828249
5619357196
26212823
9211195113
1298313384
9421395217
82518354
156156157160
8212985130
6322265224
1759717799
62556360
165207166212
1106111363
99194102196
116176119178
137185140187
91179320
133108138109
37544255
164111168112
27483050
42009201
69947295
1069510897
64626665
53355439
193227196229
1714817450
1312913431
912111123
174170175173
7117174173
126241133241
1068310984
87718973
1781218015
195215197217
1562615928
110123113125
54675769
138233140236
36683970
503525
79558256
5724159243
489951101
7619679198
179213183214
7812281124
146143148145
6010262105
13121713
2918232183
1595316156
7523778239
157192159194
21139113
98183101185
14731495
1792318225
2923831240
102197105199
157151159153
195196199197
172149176150
1736617867
180101185102
7118474185
6014263143
104146106149
160102161106
9315196153
17731796
8222886229
9313094135
83438744
6513466139
193233197234
97120100121
148118153119
115220120221
154118157120
983810040
1888219085
32134216
191188193190
1017811183
187197190198
1338713689
1022810530
155130158132
1124219242
4810351105
1887719179
1884718950
177198180200
184214186217
6211467115
184244186247
3615438156
4516746170
2310726109
6412467125
5624758249
1285913161
80318333
80738474
189213191215
1506215166
198239199242
5816360166
7917482176
21873287
64266728
181111184113
10611263
124240125243
9011993121
162163163167
163152166154
100238102240
1452514826
1316917170
196170199172
73837685
1118711389
154154157155
1478714891
162217164219
145137147139
133101137102
1031810520
4311344116
45934795
616918
1495915261
103107105109
5721360215
87509052
176108179110
9411996122
1609116293
259828100
1368513986
185190187193
1455214656
130913310
8419387195
5210359103
1046110664
190226191229
7212277123
12244226
10601101
1722717429
103202106204
106172109174
1877419076
8523088232
4020442207
1722521226
105132107134
42564558
6116363165
166121167126
4317445177
1078911091
140130143131
50375240
1566615968
1703017531
24302731
107199110201
1838918691
72677768
1406414266
72128215
117187120189
8623990240
148241151243
6218264184
1415016153
440472
4117944181
145140147142
139107142109
127233132234
1238112584
151134154136
1708117184
20432246
97232104232
126812910
120108123109
914011142
52135514
47585060
4216444166
12001310
1188012182
20742475
158103159106
