1743
4111044112
33243626
1408214583
1144311745
3622739229
153915611
188177196177
31403442
3322436226
91529454
9613699138
2413025134
107206110207
3613141132
8410187103
130137132139
125205128207
60206322
9320196203
110239111242
155172158173
103137105139
19801993
1901119313
5116554167
129247138247
10561358
118124121126
6422666229
191225194227
103142107143
4921753218
74517852
1632316724
79748275
128148130151
02372239
164199167200
7422576228
1391413
135114138116
117198120199
18301861
117150118154
41087110
50495351
194164197166
8612989131
97193102194
01363138
8531155
138106141108
130223132225
82528355
116169118171
440643
150815211
195189196192
50925593
1707517376
100113103115
1468214983
1292413325
155224160225
180206182209
230432
1796718269
1417314376
1484115242
01592161
175205177207
480512
774797
1758017882
31753676
7924581247
336387
8212583129
61409142
2715130153
1897819280
79468148
1571416215
16531685
3211235114
2210324105
139181140184
1881819021
137241142242
1822619229
01683169
185151188153
44744776
149127151129
161132164133
1409514297
172215174217
102208106209
138194141196
162202165204
61158117
41134315
123208128209
8020983210
1697817379
42175222
121191123193
124168126171
1861718722
1116211170
185196187198
1059110793
49645166
1265812959
114131117133
145147148149
43694473
4016441167
188244190247
2918234183
01913192
1068211183
6817070173
92719573
3223135233
5723360235
7211674119
104111107113
3523845238
1696117164
18902192
132214135215
141142142145
133186135189
157167164167
2013223134
8719990200
9513997141
119230120234
29223224
187187191188
27362938
143140145142
120160125161
1652516727
4319550195
96329934
1445714858
34833785
4618748189
98145100148
5319757198
153121158122
147197149200
193181196183
5414157142
1813923140
108132110135
1515618157
1219214195
73397641
103140106141
1623919241
7711480116
1879319294
57415943
54535755
1115911361
1715417357
115119117121
98187101189
8310486106
6224664248
157164159166
1682117322
1701617517
99239102241
4912351125
1598117081
1386014063
4124646247
1731417715
180115183116
113224116225
153176157177
535566
2622628228
106179110180
128214131216
7116276163
134105137107
4319348194
65376640
9423097232
1881419116
1508715389
1884219044
1452615526
8813593136
169102172104
196218199220
8311034
178120179123
174180177182
26542857
9212696127
25652866
4521047212
133108136109
2319325195
3124232247
084485
6614669148
2916431166
148134150137
121150124152
176141179143
1137011672
26862988
441473
24442945
141135142139
160164163166
8711272
5811260115
1215912460
189100191102
65636865
183109185112
8314485146
152206154208
1146111762
157238161239
27263028
419843100
16371688
149226154227
6516368165
1095211154
5214655148
8614589147
3811639121
127104129107
1501315315
109110112112
146165148168
940963
7511178113
4813550137
62826584
53205622
1983119935
153214156215
1611220113
176165179167
124118127120
1112711528
9519796200
6915674157
2022623228
132128136129
92609562
14061419
119225121227
57936095
9124098240
15131545
1631916422
1277112974
13641567
133227136229
4819652197
399540100
121111124113
27903291
994510247
1203712339
149119152121
118131120133
141115144117
104234108235
196194198197
1355713859
1441314715
148244151246
142228149228
11601462
36384139
3517838180
61298131
3816840170
173247176249
14571659
5321955221
5310356105
1703317236
107106109108
121198125199
1216312465
1317615179
55835884
118122123123
600623
102200106201
76108610
63486849
195109197112
150110152113
8915894159
20562258
1783118133
5614558148
5517158173
7120674208
1209112393
2823330235
5212455125
140146142148
1036110663
2612230123
1926219564
1594416147
132168134170
22124215
5311660116
12521653
150123152126
84718773
44324734
1328413586
127122129125
41884292
42404443
8624387246
123179126181
1122011522
8119984201
98139102140
128120132121
75617863
1599616198
3812741129
113175115178
1637516577
1712317425
1164011842
359760
120243122245
1417318174
965110152
89329135
111179113182
26582860
127178129180
13298135100
179191181194
089097
1976719970
15291830
65856788
5319956201
130122132124
139149144150
1876119162
1927319774
47235024
5613659138
157168158171
1575515957
6296510
7624381244
1116211265
190170195171
170129172131
3618239184
1076811069
38924094
1364613948
5117954181
17402042
105162108164
130158132160
6518366187
8221586216
15401572
9620499206
177191178194
126158
12741289
59816184
105237108238
99235103236
35193722
8113085131
1243912741
81568260
1483214935
1524915352
1615119153
4822750230
2320126203
30863487
3820140203
81918493
138229139233
99141102143
1218412288
1225012651
6514967151
88489150
8517488176
6715970161
45704772
61856487
88789080
7910982111
168217171219
1084011042
170170173171
61438145
4921952221
1679717298
94879789
1617116373
178128181130
237738
62038205
3011832120
1752717730
125140130141
124216126218
112196114198
1499615198
569959101
2410626108
189491
1766417966
20342237
1034810550
153243156244
10261328
173245178246
38224124
123100126102
117107120109
156190157195
1643916741
134913611
11761208
180107182109
188208191210
6512567127
186205188207
2411426117
6614269143
1089311195
1158212083
82508651
57775880
189148194149
1215313158
23762677
109244117244
86388840
19541976
103196106197
1803618338
108183111185
188195191197
02313232
1682317025
1725917561
1083211034
114122117124
130154135155
151116153118
86438945
192228196229
1537516075
73767579
1610920110
145151156151
39144017
8411387115
711210114
125150127152
6315966161
1355513956
3221235214
351383
88819084
780812
5819261193
112245115247
5516556168
6513468135
1019712200
2016323165
3012632129
5416357164
1420016202
8418787189
5413056132
1654216745
157133160135
056457
1296313265
58666068
183227190227
737769
34303535
1125211554
113104115106
192172195174
190230193232
60176319
6315064154
1629816699
149143150146
69327234
47384941
7122373226
3617139173
137175139178
9317895180
43374639
129203131206
125135127137
4820451205
18498185101
178235181237
29411
78568059
176219179221
122157126158
97219100221
1934619648
1405614259
21315133
101226109226
7619678198
2614328145
1303313335
86468749
1562015822
8421289213
127166131167
1217412377
107211116211
720752
1336013563
140203143205
1309513297
61788181
1408414485
149166151169
5624058243
5621159213
493544
105124107127
3121833220
9421399214
1422915232
94169917
108113111115
7751276
136185138187
1087911181
2516728169
183173185175
138206141208
19172219
6916672168
39574160
1748617688
7612580126
6713170132
1624821249
1456214864
122182125184
01083110
3719039193
1022010521
48435244
107146110148
1048410985
196171199172
37894091
174195179196
1532115523
7391041
1648616591
478581
5022352226
1072611028
1985519960
56895792
187228189231
2823630239
1017810380
8323485236
185131187133
194167197169
1488415185
57175919
5618958191
3823340236
112183115185
038141
170156173158
163146165148
101210106211
54965698
168106170109
3017033172
39294132
70227225
13841587
168113172114
051352
33493850
143165
1506515267
401433
134239136241
145150156150
6723272233
182138184140
41104412
177199179201
5114053143
118192120194
180196182199
2914532147
02073209
13698137102
1222913232
2615628159
539955102
2114623148
76957897
71737475
38424143
85858788
85898891
716918
186172187175
121132123134
1655216854
184210187212
184160187162
3824540248
7122074222
9241425
82488549
195216198217
1162411826
137135140137
16761978
5215355154
1911719518
125248128249
128172131174
165226168228
163185166186
316610166
135139138141
59266227
45104812
92309432
64756976
42504453
129161132162
2618529187
116207119209
3512244122
4918251184
9911399124
1111113113
1354313845
6911671118
129168131171
127232131233
1188812090
1913819341
01702172
73207622
147177148182
129101132103
143133145136
1256812870
1918819390
4811050112
59376140
01415142
7722780228
63506652
7413677137
91809581
3821542216
139246142248
163104166106
7119775198
8818589190
1631616518
3615139153
6224263245
175111178113
6419366196
51575360
912814129
8317086171
1675517057
138209141211
132199135201
41347136
88188923
2212125123
168147173148
1738317685
113228116229
197173199176
1816019164
9311498115
20622363
1447314775
158216160219
178180180183
1411514317
154157157159
1805518257
182102184104
3112436125
137227141228
1821918521
3093311
1053610738
108246111248
41934296
157103158106
5619257196
104120107121
14332133
174171177172
61686370
189151191153
3514939150
19112213
127157129160
48755077
145128148130
87912
107140110141
4024143243
9311196113
3319136193
31726174
9615097153
195224198226
3610539107
086388
172200174203
10851116
1827018374
98171103172
920933
13651397
144111149112
1324913750
45685069
129142132144
184154187156
723755
80188320
1843818740
7212575127
116217117220
47484951
815411156
2620628209
4212745129
157161164161
122194126195
1887419077
1252712829
1368013883
162236164239
153231158232
1124311347
97107100109
4021743219
5516958170
193209196211
181176182181
186213189215
174146177147
61656467
1313613240
143119146121
119246122247
72127315
1745417756
1818818390
1469714899
104133107135
159103168103
186140191141
153165156167
1426614370
117182120184
51725374
8921992221
1194212145
5018552187
8418186183
2711629119
176162179164
4320746209
8621064
4621848221
55116311
69487249
113170115172
157196158201
83968698
21519151
1015610358
13881591
171121173123
192113197114
95479849
63356736
3917441176
7319075192
128136129139
129191131193
78318133
161217164219
42304731
156220159222
44604663
3810143102
31273628
15499159100
816210164
8651067
166223169225
1161611819
109149112151
144189147191
1162711829
142187147188
1455014653
7310776108
116105121106
1053910741
101146104148
1051610818
38194021
2915632157
39544256
149241151243
2613027134
133118136120
8316485166
128108130111
181146184147
190146195147
2321225214
1794718348
6713970141
149140151142
1625616558
195234196238
93129614
919311196
36333835
556858
1951119813
1835518756
9414797149
719922
107229109231
12221523
6523668238
1926019561
7714481145
191130192135
175128177131
91379638
3421836221
123196128197
160110162112
146144148146
160205163207
9510298104
35543855
168165170168
105239107241
1812820131
133156135158
100213103215
17331784
168153169158
1805918261
1469314796
98166101167
194121199122
160181163182
105129107132
9515697159
1235412556
1704717349
1703717239
1143011731
91899391
3624239244
109216113217
12797129100
101227104229
65727073
8016784168
162197163201
119155121157
72597760
180166183167
1018510290
920911212
1110616107
3013233134
19872289
1912619627
3221037211
175117182117
1323815241
8223785238
609962101
159170161173
1576616068
4721348217
99230102232
7616779169
01774178
140118142120
1920620209
13051327
24832785
146192147196
108121111123
191120193123
1947819780
5520657208
77538055
8420388204
11631267
1778317886
3814241143
7817881180
1771618018
1818721188
146131147136
6131114
108124109129
2320625208
1714422145
163124166126
1966119963
5218254184
95539954
1817618378
14491751
1220615208
190162193164
67777078
172138175140
2922632227
50275230
8420587206
1658316885
404426
20232325
96719973
4819852199
1410116103
1446914771
7621779219
1545215654
1219512497
51125314
88859088
8214282149
169137171140
9017093171
2821330215
97139915
92589759
174185176187
8721589217
1014220142
1529715698
3515546155
813411135
588619
8511988121
1912019322
61557159
29483250
1094611149
22435245
123812510
8612288124
197102199105
182183185185
49455246
2110623109
183157186159
1402014322
6013462137
1618318186
5017455175
148187150190
179150182152
1656916771
121107123110
56325835
170235172238
8914892150
1782618029
89159217
1316813371
6471048
46785179
135230137233
120171123173
126161128163
194244197246
168239171241
1441714620
115148116152
9411898119
3112134123
1346913870
81378538
3814441145
6910272104
178206179209
159240163241
31135116
4123548235
104212107214
172115176116
125187126190
1443114732
162168165170
58536254
1913219433
32465249
1756717868
9412999130
116185118188
6315571155
169149172151
140130144131
1497315275
29833285
436449
1529415596
1514718149
68877388
179110182112
1747517678
65536855
397429
146140148143
2916731169
66256927
81628365
1325513458
104202109203
1054210745
45644866
42574559
5517956182
661766
158136161138
140201143202
1216912471
100224105225
129128131131
7522086220
55295831
6322267223
117102119104
1634816650
100216103217
139243142245
182221184223
2220426205
186128188130
3121534217
172232174234
4151115
161226164228
1178012081
132204134207
132174134176
107208110210
3419437196
148161152162
122117133117
1418125181
122135124137
4917652177
2124322246
66836984
1439314596
132233134236
92489451
143164145167
01114112
127234129236
193130194133
13401372
924612248
198155199159
1812618428
9351237
1917519377
7087211
90569160
1624316446
1387314075
1836718669
119153123154
492595
82468547
118146119149
14341636
98184101186
1156511867
5723760239
139164142166
4921451216
6322470224
1222712430
5012052122
137145139147
103188104193
1187412077
96949897
3722042221
51757177
2813631138
191233193235
119138122140
83158617
77897991
1616718170
5117254173
160121163123
167231169233
53645666
156144157147
4014842151
1116611468
18698188101
1091212
1342313725
1486915270
186184189186
2916132163
159127162129
1733617440
1399214294
1626616568
4613351134
73237426
180160183162
96809882
143213146214
553755
3311837119
53435546
114179116182
820852
31435145
136148138151
1522915630
6111363115
1233112633
148184151186
105103106107
183163186165
101108105109
125112128114
138142140144
1284613148
1006510367
8419789198
5821960221
1014812151
1746917672
3611039112
4213044132
15821614
136161139163
1549015792
93559657
2215525156
4011443116
58236125
1244712749
150158152160
158175161177
63336834
91829384
177215180217
132216135218
6022963231
180163182165
53345537
33463648
3414037142
183178185181
70897391
1916624167
1585816160
1904919351
53945695
113107116109
6921472216
1535515657
327529
1455414856
9024794248
132130136131
133180136182
1077211073
080381
136218139220
7917581177
9119694198
7919682198
1081211213
3814043141
70527353
3312634129
1134011542
138198139203
1118413187
7623879240
111209115210
1919623197
104114107116
8422188222
116237118240
180141183143
1593816043
1275012952
2915832160
124164126167
1068810990
1562315925
30973598
3523437237
1586216263
1755117753
177177180179
30383439
150131153133
7118374185
77378038
6417367175
1718617388
70927294
179211182213
151209154211
116247118249
7120373205
129208132210
5717762178
5311856120
126129128131
9220897209
1715017451
921814219
1382414126
136188139190
9018795188
6910572107
135205137208
158113161115
14371639
1919120195
1822918531
7617478177
6819670198
113212115214
180219181222
57506052
120162125163
8716789169
140179144180
62448247
5614958151
8681170
171176174178
163129166131
75278028
198162199167
1337713679
156233158235
103247106249
53385540
164112167114
1666116863
1687017171
6723968244
1678617088
3310135104
1474914853
127168128171
4717850179
3018733189
3721739219
2518328184
1312113522
80249024
166115171116
1122013223
192126195128
5924061242
1012613127
4018643187
6423266235
185241189242
176138179140
5518358184
48965198
917112173
1822422225
168208172209
9516697169
105144108145
176103177106
85258827
115194117196
79428243
1915219454
259927101
164220167222
164207167209
1885519156
5110953112
150203152205
820611208
13961698
1863018832
1473615038
175107176110
12611293
2120924211
15131616
29333135
920311205
42284629
262285
172162175163
1572915932
1944919950
23533153
1611421115
64436546
196141199143
295327
18512152
57476049
53265528
1247212675
161209163211
132171135173
137164138167
1766117963
162214165216
198115199120
1607716279
1571616217
2613928142
9123693239
6822070223
189125191128
197152199154
464486
197227199230
5916860173
137117139120
100110103112
194186197188
153160156162
718710188
1489415195
159233162235
1476015061
133161135164
13001332
1684217044
8316084163
191243193246
2413627138
29603461
111130112135
6610869109
124129125132
167184170186
16999172101
5622259223
96239727
141109143112
2821031212
1746217565
1298713289
6722770229
83688869
1018113183
1016810669
43194521
1302613527
39684170
1368413986
3819747197
1065811059
179918102
1446514568
1918519487
85928795
1221014213
7120974210
172141175143
102116103121
3018534186
3324335246
1404614347
4714950150
1325113752
30803382
102122104124
119185122187
1258812889
1918222184
140197143199
15621963
1123812243
23282531
59346236
1847618777
1812220124
8112184123
26292732
699972101
112113114116
1625316455
1366714168
723710239
179144184145
158116160118
1972110
195239199240
244546
6116864170
87109012
172183177184
6021160218
8116182165
8813291134
6018463186
8420986211
3668
11291431
01792181
60316532
5817563176
26612863
1437714679
1132311526
1394314245
120102122104
88749375
16981729
195201199202
6318865190
161117164119
129163131165
121205124207
7223575237
1707217374
48725074
1618316485
1492915131
5317656178
133137134142
188180189183
130104132106
74327635
129240131243
9623598238
5112853130
52615269
6917673177
18462048
4814555145
7323276234
1668916792
1523315336
4322045223
67417242
4210745109
143239144244
2919731199
177222178226
114136117137
1635916562
157130160132
142101143106
21844186
168198171200
6022262224
1312813629
7117276173
08111
107221109223
266289
1974619948
1619618199
132132140132
41744377
146108149110
2412829129
48904993
836877
1734117544
7122773229
1393114332
1953119733
77348534
975510057
105168108170
52775578
62396442
3517438176
3223935241
1616916470
1647216674
4116943171
174197179198
166242169243
95222100223
955010250
1084311145
5910262104
139172142174
97233102234
147213150214
2710530107
8522786232
1251313014
9424397245
8917290176
167248172249
75677770
18812084
171117174118
1682917131
179172182174
01255126
147225154225
178184181186
033335
38804083
1048610987
8521888219
1613316335
8515588157
7014273144
532734
58616163
190142193143
1663516936
83398541
1733317635
135174136179
1614016342
94239527
1685817160
1129311496
5023253233
6510168103
6719471195
6741474
1047010971
10561079
81828285
4121142214
7124774248
158193161195
8018983191
70377338
10151047
170193171197
50315333
1458414787
2414827150
2623131232
25222824
1520917212
1023410535
8213285133
23172520
6620770208
1819318494
50345236
9216297163
4214244144
164120166123
93116
37274527
6515268154
22045206
175174178176
154134156137
1314113642
9421599216
149177150182
1303113532
124219126221
142151144153
188117191119
1777018171
9321796219
45484653
31795182
6115862161
149163152165
1573316035
38844186
1886619267
1295313155
8722689229
6524567248
1204712349
1324313446
170230174231
153172154175
145247148249
6022561228
8916391165
1412516127
1749417697
1432314428
4423146233
153148156149
18492150
100128101131
1143211733
457489
133103137104
1223412536
1333613440
1722617428
1624418247
61829184
35863788
4824651247
1761918120
8013582137
66817182
154228157230
5620960210
20752277
1324515247
29573159
19001932
33883493
562594
1831618518
77648066
143175146177
56375840
02403242
1018110582
118127120129
1821020212
1568315985
137239140240
01272130
3416835173
9119994200
1541215615
1173412036
103237104241
1319615199
113189116191
499952101
157162160163
1361913921
2824030243
14761527
6516768169
6811971120
165108167111
8315186153
122105126106
1224212346
1487115272
7223974242
1745717758
75928093
1216112562
38444345
2612029121
168142170145
43354636
147122149124
133223134226
63266529
15791781
54485651
803826
7114874150
53885591
158153160156
4722449226
158125162126
4615850159
57965998
4315044154
195719710
197181199184
2017823180
1372714029
4919151193
133159137160
5220354206
3917742179
