1825
175101177104
7320076202
97919994
1755317855
134241137243
45424745
28953098
4211346114
012214
7310776108
8917692178
1609516397
1342513628
1194112144
2817131172
191191193193
18001841
3321138212
82598462
1686117163
304327
176175178178
1119113194
167140168143
1081411116
037339
3216043160
01511155
01725173
920310208
173149176150
14399146101
1247912584
2215325155
9017093172
97187102188
185142187144
02343236
196108199110
180242184243
6621369215
1712322124
5118453186
1816718271
6222165223
1563815940
5216053164
167208170210
99120103121
8822991231
16271829
1738417885
7771079
6022462226
8913791139
8118085181
9510398105
173174175176
8620287205
8810299102
5412456127
1447014772
27173218
7087310
178104181105
8813591136
8811291113
76927994
7019473196
1892619427
3223835240
174138179139
1469614998
139164141167
51788180
193184195187
17422044
20542356
138243140245
187155191156
8021985220
5418257184
18541905
8518688188
1424819249
7321575218
1510518106
694707
98213103214
4710948114
132101134104
21085110
168171170174
192218195220
107147110149
87449046
145217147220
158197159200
198198199202
5012855129
1281613118
182173185175
25652966
113188121188
29103211
1053610937
125237127239
53805485
186127188129
2316625169
1755618256
17731795
45975098
914912151
4318646188
79368238
19752476
029134
4410049101
14651667
151144154145
31985201
1668216984
149185152187
170242175243
133130136131
5113953141
165109167111
30623364
1646016762
519954101
1865519156
184164186166
140113142115
8614087143
9213695137
160134163135
148232150235
3312836129
02383240
153246155248
7641066
198162199165
140175142177
190130192132
9621197216
99105104106
1281510
119185121187
9110392107
70147316
103111105114
7812283123
4822452225
62156417
1877319075
62197222
153139156141
719872103
174106177108
188219
63336535
096397
1658717088
4724652247
30573259
95249826
6020264203
155149158151
101230104232
3216534168
157204160206
1158011783
8111212
16741706
1820821210
50635168
8820389207
1209712498
1197612079
146204149206
149103151105
45534855
119101122103
612410125
186180189182
8018882190
93219523
162223164225
7110474106
89419941
7419576198
48245125
1869118795
1798818489
1685917160
187167189169
190215191220
20772378
1520018202
98191107191
5522156224
87218924
113101116103
1908219384
90289330
17541956
118225121227
1518815390
58776079
58126113
150165154166
160216163218
79108212
6523668238
105130107132
913410139
1936219564
119222121224
76437945
4815851160
75497752
42424445
127188130190
813110133
179122181124
9514297145
152243155245
5319556196
2823432235
105142110143
1479114994
128233131235
182191184193
5815360156
123213125216
176163179165
13681419
116210117213
41336135
145146149147
7719680198
148106149111
170177175178
147134148137
9124098240
157169160171
1511618118
88369137
166112169114
139124142126
6717470176
1695417156
1756117863
112130115132
55175819
8820889211
91529454
7919382195
45304832
054355
7513678138
3413236134
33903891
124140126142
1747517579
1715518158
115247117249
121149124151
118195123196
1342913731
101158104160
7117674177
173196176198
6120964211
1472915031
1243412736
6310666108
1624519247
87879089
180140183142
1436114862
1005210354
165211168213
81418443
1611319115
194143197145
125162127164
8120485205
112236115238
1255512956
156194158196
1911119214
96719973
88809182
1322015222
164185166188
680693
168120172121
72857686
128162130164
2011122113
170201175202
165146167149
45615361
191174194176
62436446
6818170184
193127196129
98159100161
12761578
172220174223
146165149167
8317385176
1488715090
813916
42774480
159193161195
2816331165
99122101125
104213107215
173172176173
6119763199
31555157
440463
153156155158
119123121125
1231112812
2710630108
1039110693
36194120
18712372
85818783
97233102234
987710179
128157130159
146106147109
3713441135
1522315426
4818151183
1945819959
137129139131
146149148152
196171199173
194178197180
173185174188
98215100217
112127115129
1162511828
173111174114
1725417457
155189159190
1707917281
8391141
116130119132
145110147112
6315767158
66557156
16899169102
1802818131
8416786169
181110186111
473775
1634216644
1285913161
72467747
12381269
96879989
158160163161
3210735109
1435714758
1545715759
182102185104
13431645
5416358164
5896111
53555657
3610239104
139231140234
16771979
32436244
15799159102
113242116244
127208130210
1674417145
169163171165
9613699138
1463214736
52515553
12791581
91189519
495527
5422557227
142153145154
2223424236
7122673228
122185124188
8013884139
58816183
139134141136
6924371245
35663868
120155123157
21382440
122234124236
103247105249
9291131
1619116294
161232161240
6924671248
33363638
02452247
108215112216
6218265184
4918950192
15901622
25532855
5410257104
14961509
193247196249
11794181
1498315285
141105143107
165223168225
80158317
3323536237
4216245164
1811018611
2219823201
2922130225
68656968
1405614956
3610040101
163138165140
53935595
21204122
6622367228
6517967181
1308513189
11198113100
1931119414
2612829130
275378
108150110153
131207133210
2416027162
1382814031
19312133
1442614728
1653516837
188159193160
3620138203
5513358135
85598860
1472315124
3122634227
131186134188
178147183148
6324566246
5719660197
125130127132
2318325186
173119176121
3610739109
119239124240
105226112226
155186
84568758
149156152158
01581161
1406714468
1046510767
1456714869
62306432
67807082
8023982242
1538115683
124211129212
7712682127
5510758109
1062210924
1216512467
113118116119
172182174184
103233106235
155230157232
31393441
426458
18099183101
3223033233
194239196241
12601462
105210107212
8513788139
82298630
4014642148
104161106164
3894012
1932119822
9111898118
1522718228
5813661137
14031454
170231172233
20892194
6622069222
7017873180
169107173108
1706717369
6121663218
169103171106
158201160203
9213094132
9213395135
7717980181
2422228223
141229144230
1246112663
21792282
1596016262
138241142242
75357836
48425044
170111172114
9016491169
128199131201
78468147
54105712
160196164197
191202195203
1947219774
86258827
77788080
6216865170
1661816820
2918332184
149177151179
94129913
107202110204
140215143216
2920431206
101239102243
124198127200
5976100
7311677117
81398540
10799110100
2712030122
156157159159
8318988190
88559157
78308132
1716417366
62278229
125232127234
1361813920
25462848
1509615398
138222141224
144134146136
1848118683
155160157162
85418843
24922794
6316368164
180204183205
160226163228
498549
174213176215
12721773
153119158120
114193117195
1611316415
128142130144
2913633137
1721619218
187231190233
181149183152
119174122176
196188197193
1122814230
470493
4022343225
1620418207
131157133160
1916519467
111121113124
33723475
177137188137
33583659
9024895249
659868100
1581016013
1311313315
1167711879
7313478135
2721130212
146192148195
61408143
9519896202
182210184212
124166129167
64576560
164103165107
4916652167
138116141118
81968697
83218623
189161192163
132215134217
8515288153
151134154136
686888
8022185222
1438814590
1075610959
1106811171
170128173130
196245199246
27682970
152238155240
1120213205
125240129241
8015583157
1421114414
1710220103
62038206
127105130107
22183223
1026210564
9212296123
361862
1315313355
83658667
97168102169
118197123198
106106109108
1731217515
1305613457
120203122206
127220129222
1932919631
1216812669
45834885
1925619956
83248527
161120163122
19761998
108193111195
0051
2114724149
86348935
3217133175
196210199212
1358413886
156177158180
109137111140
1114514147
3717742178
112179116180
153249161249
7718279184
19102211
164198166201
7421077212
131205136206
176216178219
348418
9418696188
31263427
4512646130
149214151216
2514726152
3423141231
19171939
1037510677
155201157203
190180193182
9218095182
1552215725
759776101
106200109201
117156119159
1425014552
1371314114
1068711787
1811921120
25883089
1835618460
7822580228
3814941151
89259127
172102174105
43234428
43584560
118135126135
9617998182
083484
6815470156
1797617985
502533
2923031233
142191145193
1623616341
7715579157
920952
8224585247
103244105246
160127163129
152216155218
41854487
1614716548
8320088201
36324133
31243525
1915119354
155181157183
99210102212
2017527175
170211171215
5324755249
66136914
7421378214
3024233244
7224273245
135232138233
9591161
74257727
919110194
26582960
6613867143
179211181213
189223192225
2614429146
025327
174142177143
123178126180
111151112155
8741176
61606363
110189114190
8511788119
7418577187
103187107188
8622887232
62396342
1114013143
45355036
168122173123
1255812760
111202114203
6524767249
1909219393
130167133168
114105116108
392414
1822818729
121106123109
180162183164
01173119
116171119172
21473150
75377839
96225100226
90219124
3917942181
103109106110
45284929
7420777209
8621891219
166103168105
3719941200
101145103147
4813549138
106146115146
1142911631
1312713330
176191178193
1251612719
154223156226
15001532
5817461176
7414375147
1578215985
138205140208
2311724121
1321613518
2011422116
019321
1202712528
992110223
1355613659
163189166191
76107
36233924
3221835220
432733
7610279104
2120524207
102198105200
124219125222
7915382154
187189190190
176207180208
167229172230
821511217
6814273143
94289730
180184182187
8010283104
71117811
26382742
100153102155
134117137119
12581659
45864788
7116574167
7413975142
8418288183
1442314625
1596516466
1439414597
170184
7310074103
7411177113
126168129170
132235135237
54655667
78588160
1707417375
45244727
130240133241
116149119151
6124263244
18501901
2021122214
3012931133
3918242184
8217085172
4017341176
148119151121
128101131103
165165168166
1949319795
178239181241
72917593
95539756
176199179201
31343238
73827684
174122178123
98189103190
125112128113
162117165119
5216857169
4715149153
73767678
1432914432
7613979141
812113122
35873889
42126215
191208196209
1913219434
1821918421
149191150195
5119954200
271672
124201127203
8712788132
6424165244
2814030143
7912882130
4923656236
1643816740
108211115211
4318346185
1781518018
4123645237
1578615889
830871
4113144133
5114254143
22902691
103204106206
8323685238
95369838
2317026171
114136118137
6411769118
1918822190
1603616141
102148105150
6822670229
118247120249
48375139
4220846209
723110233
6124764248
1173412036
7801082
1571615919
135213137216
131244134245
1133411636
3012632128
188114189117
1521215415
1346313765
1423216235
1651316815
994610247
131189134191
966510066
196218198221
1421117213
8614889149
9023593237
142159147160
8812091122
71127413
228332
45764778
5818559190
1679617896
1010718107
66616864
5324156243
7615178154
5521056214
4513347135
1854418746
72607661
1372513927
3514138143
93489650
3724740249
8921694217
135113136116
135189138191
153146156147
1803818240
1051610718
1307813380
1819218394
1323816240
151209154211
98175100177
1319716199
191120194122
4422647227
154191157193
37694170
135102138103
191226192231
20362437
104178105181
195196199197
174229175234
7217175173
1509115293
5612861129
93589561
128239136239
82198620
11661198
1718817589
1882919032
3620541206
5515657158
7118376184
167238172239
1395814260
70527254
171247174249
172216175217
1188612188
9020491208
1664816950
6711970121
1067211173
1379514097
13131364
172817311
176154180155
127115130117
98144100146
222524
55775779
191118196119
1466414966
7923682238
121199123202
155108158110
33313533
1484115242
139194141197
1682617028
39824284
128145131146
01745175
7416277164
6323365235
84888691
107240109242
6319465196
8617189173
4923357233
1065310855
4514946153
233274
6812377123
8811493115
164216165221
160115165116
92259427
31115114
6617070171
1125011552
37854086
14631495
92809582
15171549
1685717158
44374739
01881193
196131199133
139138141140
130169135170
11321154
1914720150
132223135225
1512915331
91979499
1441714918
107163111164
163243166244
5516558167
6520272202
38554356
714727
4219445196
188207190209
1448614787
84778679
83928693
107220110222
10631085
70237325
4010345104
33783879
9712098123
52485550
182213185214
66696971
158172161173
4614649148
22652468
1638916592
4714951150
7123674238
7224674248
14799152100
5823961241
1367313875
105127107129
160148161151
6815770159
139191141193
153152157153
100128104129
62866489
6417165176
7916282164
9220493208
110235119235
101207106208
177918011
31395142
73797681
02133214
1336613569
4010545106
1441514716
8014581148
9321395215
132198134201
52457248
3723540237
1534115643
1818618587
6820771208
53875689
6310468105
53205523
7915881161
31153516
9118893191
77157818
2213126132
1912319425
128154131156
68857187
1796118462
21686169
187202190204
38344335
1077411275
6318865190
101227103229
104133107135
186185189187
1045410557
1506415365
17242025
691894
143131146133
23252528
132148134151
15741589
181159184161
1401814319
110185113186
1214612348
8617788179
6311466116
61368139
169220171223
19801994
190167193169
2815730159
54595662
43744675
160219163220
133177135180
3511737120
195231198233
1915722158
8314487145
80898391
9418997191
57845986
7817480176
1674217043
184215186217
118152121154
1319613498
1412216125
8617488176
1032110523
92559457
71887490
7621578218
0216
6410967111
173115176116
1677017071
1341113614
1468314885
98156100158
121142123144
184169186171
8471050
183155186157
66196723
171138173141
5122954231
120177122180
7714379145
1756917871
1274613048
156197157200
2312226123
149114151116
1506615367
1481415116
1066210964
173159176161
16461751
21707171
148220158220
1043810740
6723969242
11901491
4916151163
8989210
7614981150
136178139180
3124142241
187195189197
9010892110
129184133185
4312346125
25352737
3424238243
143239145242
5318164181
5914561148
1137711579
184154192154
7820081202
18761908
147132152133
128238136238
137150140152
1068810990
17522253
1111113113
2817331175
7421979220
166204168207
1317316175
127108130110
1715922160
1721617518
55705872
4415947161
3416143161
55365837
71488153
6618668189
191125194126
4911151114
146127149128
91889390
21592461
8420685210
2823631238
99184102186
120158122160
193115195117
289931101
1328713589
9961027
37584059
195120198122
69597162
1510817110
125183128185
21642964
61916493
166220168222
153131156133
1551015713
28853187
1064611147
141225144227
3111834120
116160119161
148217151219
177237182238
162194165195
126143127148
27153016
5414857150
178112181114
444475
2016822170
145144150145
98147100149
15521583
93659567
79188120
8919992200
137168139170
590621
1665317453
1155611659
2621328215
132123136124
178181181183
7116873170
136217138220
66837184
164228175228
152115155117
7516578167
166116169118
58566158
08211
1884919350
128129130132
194151199152
1465014852
1191412216
1264912951
1365414155
101107105108
1347613778
75538054
1577715881
1786518366
1715017452
6111966120
7421044
1221113216
15321637
3611039112
65876790
177226182227
122147125148
123112124116
1488115282
6496711
82498551
62496750
5217355175
1115413157
1708217284
103219106221
7517677178
1831218614
175180177182
171208173210
31213323
2220824210
2120226203
180133183135
8824491245
5110556106
42195222
1487815180
189199191201
96149916
158167162168
7022271225
21152317
7021273214
97166102167
118206119211
6018562188
8716689169
133127136129
1419116193
1138411586
1725817559
3024533247
136234137237
174128177130
57445848
99195102197
172194177195
61609162
101161103163
5315356155
121191123193
86368740
2312426126
8521289213
388591
3516340164
19896199101
174166179167
1316116163
162155165157
7214975151
19182618
5417857180
164133167135
188227190230
1897619278
1637216674
1774718547
1384314145
3811941121
9514697148
170162177162
2410526108
51435345
988010182
8698811
186118190119
57606062
1028610588
82738476
116231126231
14401642
27223023
170185172188
39974199
1024910550
46104911
31943396
1117616177
220252
45794881
116214120215
4824051242
1334913551
6119262196
1915919262
1868518987
093395
101156104157
1784017945
38604162
923512237
138225140227
125154127156
80268228
4118642190
9423597237
9619498197
5221753220
3515738158
11641367
16299164102
4312146122
127138128141
1142311824
194113197114
922511227
151161154162
974810049
1218312385
176133179135
3118534186
1225812460
6214565146
14561487
1864718750
8117382176
3014532148
153127155130
150238151243
162229166230
991710020
159214159222
1575016051
9317695179
127178129181
02292231
128124129128
79338235
95131104131
1871918822
117127120129
1314916151
105222106225
1948919791
83348537
1914222144
133218135221
165128168130
3424536248
185226186231
3117632179
1818118383
143171152171
114133117135
1677416976
1973419936
51217123
1016815169
1804118244
49805282
147161150162
49495152
70217522
15041555
1939619698
20192123
188142192143
1482515126
187214189217
102201105203
83848587
12321434
108187112188
110239112241
6217163176
169198172200
1205512456
115189119190
1867018972
78658167
1608316285
62556359
39534454
1904019342
47745175
193221195224
64616566
1192212125
8319888199
4912050123
29503351
61989200
153206156208
60866189
1884719348
102125107126
15401581
76688069
6520369204
20492251
1494815151
16801883
3322336224
17571860
111191120191
01122115
156227159229
82458547
7720380205
178179182180
9222997230
168189171191
138212141214
113154117155
170115172117
159107162108
779980101
1595216154
193225194229
1574516047
190146194147
42614463
4416548166
7916981172
134120136122
1689717398
1843718640
1549515598
130218132220
187107191108
65916794
191188193190
73507454
2212925130
189123194124
1884319145
1918719390
9521797219
2024622249
116912110
7511480115
28923094
1621616418
1408814290
1426914372
1358013783
10701092
4219944201
1505615358
1565215854
919512197
116166120167
30603561
1661617117
74417545
51465647
161246165247
29323233
54975798
186173188176
5211055112
1691817120
25842787
1464714849
1587316274
6214765149
16841986
1482715328
29453247
1662417025
2615530156
1127011473
146175149176
1379113994
158152161154
1109411396
181244184245
9123396234
197239199241
52245426
6710170103
7012475125
1326113662
1038310685
1873818941
127913010
103242106243
2821831220
1616819170
2413725142
6014162143
4510946112
184131187133
1310214106
68506954
61749176
4519046193
1338113486
2816133162
4720549208
1397214175
100247102249
2522728229
1603316335
1106111362
7020973211
81548357
153137158138
193230194233
8419387195
103216106218
141206143209
048251
313615
194164197166
1542915731
153187156188
1997019981
182124184126
1577015972
187109195109
79868288
26252728
1415319154
5712661127
7111474115
129139131141
1863319034
1717720179
8317785179
1386414166
1626716568
135201137203
86508952
5916761170
811810120
124105126107
1294313444
174917611
8722089223
5413056132
9510698107
1589515998
1975219954
1483214935
65306832
1810819112
339935102
81688470
6319165193
132211137212
180165183166
4723050231
175223176226
7422979230
52775479
1373314035
41506153
6014961152
79398042
1001410316
190164193166
1402214127
164208166210
1920020203
16401691
1956519767
881010
78728174
143186148187
154194155197
179192181195
6013863140
102122105124
17597177100
163152166154
107160110162
194234197236
5611359115
113239116241
1608616388
992510127
15381839
37364038
1254212844
5721060211
175111177114
8623588238
5414059141
1922019920
10681271
4513647138
87959097
1387914181
30653168
1409214294
88149215
47155216
1836718668
1112011422
174131175135
84178718
2117122174
182219184221
1231312615
1368813990
183194186196
151192153195
195227198229
1436314566
1121511517
180196182199
32316233
156243157248
7523678238
4724852249
6320464208
1718020182
11001122
159174161176
2918132182
144213147215
4519750198
73557657
923812240
172157175158
103222104226
8620687211
1569515798
191183199183
112247114249
77558057
103196108197
198153199158
39664268
114196117198
8016583167
138198141199
1118014182
110242112244
85688870
1179411997
167185169188
6421666219
1833218534
1120813210
02153217
1041910920
6515067152
1627616578
182222183225
5518757190
125149127151
2210723110
2613728139
17652166
156237160238
28383041
1937619578
1822218425
4921051213
138172139177
148129151131
7624478247
924210042
70767279
60236325
13111414
132108135110
35513853
130181133182
1761217914
41968197
355386
7617178173
10321137
161202166203
1362313924
9215695158
1585516157
147101152102
185161188163
341643
01790187
284297
747779
115175118176
6721670218
156174158176
1602316226
32454248
61476548
62686570
184149185153
116146118148
126124127129
147196150198
466489
4212744130
183178185181
129135130138
142166145167
1621917222
1717617378
109217112219
8814090142
7122973232
065466
117104118109
8915191153
4817051171
96179819
2213324135
6223065232
1420817210
11881489
3513040131
3516540166
1746617768
4314645148
39784181
145201148203
131105134106
1945219655
21914193
5611161112
4611648118
19572258
6914971151
