1757
172219175220
44404642
171167172170
1888919191
107126110128
9523698238
4220945211
36683870
64536656
123233128234
1139212492
182140184142
124812511
1671816921
135203138205
139169142171
11421643
105140108142
161102163105
137195140197
1485915062
1018113183
3314237143
65286730
122158125160
186185189187
9420797209
2010523107
8921891221
722310225
250257
615511156
181201184203
190181193183
8624289244
125198127200
62826484
1471215014
631662
159175161178
51275330
58946196
1748017583
1034610549
49855486
1107811380
1887519177
31883390
101224103227
7014172143
175128177130
169152172154
4314044143
85588859
10621364
1118711489
1174512047
1478114886
92389540
7520177204
1965819959
2920334204
173172174175
103100108101
7421777219
70687173
2512728129
9010792110
5711460115
92229424
6421566218
122235125237
116184121185
4310445106
7021473216
1566415966
8411889119
6710070102
2121622220
6313066131
159917102
7118672191
7719782198
48245126
181240184241
2320126203
155177158178
1765817861
7210175103
25642866
1804518248
160243161246
492794
169132172133
34533656
2924732249
163122166124
1304313345
1895319354
821410217
70797183
6724170243
1574816050
1754617748
1796518266
187131190133
1529715798
1473315035
6218864190
52575559
37114013
7416277164
17351767
123101125104
7111274114
15231545
1092711229
50345236
1429214397
2218424187
5412256125
1463814841
1069610898
132105135107
1231212515
186117189119
151206154208
170187173189
1285313254
142175143180
153122156124
1041810819
4824550248
161166164167
7716980171
190228193230
1014110343
82558557
181166186167
84888789
60566358
1584216044
4014841151
1304013342
133201137202
38234125
127169129172
5213856139
1023614237
1121311515
28213024
17212023
5423556238
9317995182
12341285
1123111533
5817761179
1814421146
9419997201
3524638248
184124189125
9012993131
127118130120
3021934220
8917392175
100135101138
8118284184
184104187106
74217723
138176141178
126159130160
171118173121
124161125166
1516515467
106233109235
1462314825
24362737
54965798
178233180236
1123711638
9220393207
818711189
164238167240
1648016781
1411514317
108211110214
150227153228
359661
113229116231
109197112199
1819318495
712810130
180177182179
126134134134
5024053242
5423956242
102187104189
1268012981
42324534
1520518207
1737217673
1038910493
47814984
71887490
108118111120
595798
68947395
28853985
1651516817
1123813240
3911942121
5615760158
101167104169
4312146122
8611288115
6417065175
6721369215
183244188245
8223987240
1789618098
143209148210
3614439146
1734417845
108115111117
39434245
92519553
158247161248
7511578117
8624589247
4220245204
21545156
7861088
40524255
1107511377
1416017162
45524854
3223835240
172204176205
8891191
28733175
1801818220
143153145156
31563359
014011140
172221176222
1363914040
1469614899
1047510677
135175137177
5813161132
2110324104
3712640127
113161116163
1701317514
41657167
118143121144
182214184217
1162611927
8319185194
120169123171
3821540218
2212225124
17901831
129193130197
8941097
939998100
1002610130
109156111159
1705717359
4820550208
1219512397
253455
1866918971
9023893239
21122315
32353338
6220463208
197819910
40354337
8619288195
51159116
6513968140
2413727139
191187193190
8216785169
142166144168
51415344
59486349
1616419166
160131163133
915712158
1952919831
37974099
184236186238
137239139241
157161160163
922611229
149915211
1124211347
813110133
3521837220
3310036102
8221085212
8718390185
1147611778
4719650198
1729117394
428929
135164139165
1537315675
4622649228
44494751
1208912590
197108199111
20572358
263465
1210114103
126208128210
91699670
126239130240
157230158233
1722322224
176217178219
166143171144
107177108180
178247180249
1688017381
4715549157
02221225
153815412
139129142131
8913391136
32783580
1728417586
1852818830
37553957
84238625
164113167114
5416456166
162204163209
3520438206
6523268234
134101136103
91719472
2115322156
32643765
178105181107
16041636
419843101
7213176132
3211635118
61018103
133187135190
18182120
133179136181
092393
5321355216
2823431235
53875689
21725174
70847485
9617998182
90739177
193131198132
42477249
2921331216
8722990231
1348713789
32103611
20952596
192115195117
196212199213
170155173157
2917732179
3313836139
154200157202
1621018213
106208109210
1254512847
7911581117
132149135151
199139199150
1613316435
160225162228
109218111220
2216624168
7017672179
6213666137
8820691207
97949898
109131114132
133138135141
7814180143
90219124
18622363
136224140225
5610459106
4122043223
1822718429
132223135224
8220485206
111179114181
12941795
1903319933
12891492
1188312086
82588363
52255626
77127915
02412244
8224185243
1755518255
159229164230
134157137159
34483750
175172177175
197219
176137178140
175207177210
183192186194
97339935
163225168226
191162194164
1332613529
181122183125
153143156145
4519348195
2716728170
1339013592
1210415106
6285
2214724149
899892100
18152017
1418417186
345367
8622791228
7314076141
186112187116
2016323165
196112199114
42254726
21235125
7824680249
140207142210
28483050
106236109238
1913519337
1132611529
1322216224
5412656128
186232191233
1529415695
100145102147
5417456176
71347336
1817818281
824812249
1233412735
146100151101
62596760
1014513147
5117053172
34763777
988210085
165205168207
144174147176
5221855220
7518577188
1394414146
54305632
8818090182
1481515017
1177212572
38144016
116187119188
86498951
169205171207
104158105163
176141178143
1572315926
73567658
12321434
119195122197
1420915214
3920341206
1710619109
114205117207
1365413856
3515039151
3811341115
43464548
2913032132
1921520218
151161152164
123240125242
9813599140
35663867
65796980
121214124216
36893991
2119824200
1277513077
17281931
113164114168
168238171240
4010842111
155207157210
8211583119
8815190154
143169146171
116126119128
56385939
1511715419
168232171233
1314613448
109110113111
1894219047
3623041231
189223192224
1458114685
40854190
1256012665
16661698
2811133112
58226024
1476315065
670692
01303132
150236153238
1632116622
87439045
433464
6718270184
15391841
2722832229
1592016222
2019523197
8414986151
162177166178
99205101207
5214355144
64136814
9611199113
1216712271
158199161201
621628
124143127145
3313636137
9610199102
7517778179
29893094
1513915441
132236139236
86298831
1545115752
43704473
406428
107137110139
193212195215
1156211864
4512350124
3214635147
7916681168
9121295213
45604664
129207130210
7915883159
102236105238
150225153226
7019871201
177121180123
119113122115
5723460236
775807
8313588136
183246188247
157156159159
02102212
102181104183
1604516347
6518868190
70597163
2621528218
4112344124
179137182139
9422196224
4519150192
5012553127
1903419934
5021352216
1211912420
1219312694
188168193169
128184131186
2611728120
3517337175
82958597
143239146240
375876
8418787188
9219793202
7615679157
76717873
1003710240
163246165249
1332014120
3823440236
2616328166
167178170180
3620138203
109161112163
63776878
111176114178
2024121244
1354913851
1743917741
1369114192
02142216
3619639198
108112111114
1384214143
1551815820
1044310645
138141141143
182156185158
21795180
188188190190
3211936120
8512888130
18491952
8301032
4511548116
66166818
186182189184
02455246
171203
2321226214
1673517037
74797681
164215167217
163117165119
166242169244
947979
180163183165
111204113207
4019140200
9221495216
24832586
1499515198
80828285
81648665
7616578167
1848918692
7322974232
292306
129204131206
168155169158
129123132125
1659516798
112107116108
110169113171
158217161219
55115812
2524226247
113208116209
8119984201
1317017171
1088211085
142148145150
1319313494
196171199173
1796018162
129152134153
69137116
31913394
31688169
985510356
1896419167
18892290
4316546167
38264028
83828584
129112132114
482784
58176119
1245112753
155237160238
55705872
1901019511
8410485107
1915119452
39664268
156182161183
61799181
61728175
157223159226
1815723158
1106811369
165210166214
1313813539
184218186220
6920772209
1133411636
115141117143
6717769179
3716341164
23972599
44744775
11291431
1912821131
156130159132
7921682218
163145166146
1381214114
7422577227
118139121140
80468547
144227145230
479951100
1626616568
100110103112
62886590
018419
1775618257
180229181232
1199312097
6020963211
185163188165
8712390125
1891419216
1674217043
9099114
11521193
117230120232
145241147244
8515486157
1127211673
1658216784
1918721190
6110063102
1362613829
168128170131
78208122
820910211
1351514016
3521437217
178114182115
1252712729
109911111
153168158169
9210394106
4813751139
6115363156
98241101243
1492715229
136198141199
4211347114
9024792249
98225100228
158180161181
1017012173
102206105208
9222995231
4220547206
132108135110
4114646147
154197157199
195233199234
01608160
139138141140
191208196209
151166
4712049122
166245167249
118203121204
1181412116
151173154174
155149157151
2622428227
5914562147
1076511565
8422086222
124227127229
141154142158
44354638
168917111
152233155235
151209153212
1068210785
126102129104
43524457
7924081243
36173918
146147151148
2819130193
152222155224
62116314
62706671
1646316765
89699072
8124685247
5171018
12801312
124184127186
11083111
1377314075
145140147142
1711019113
6914973150
94129913
184120186122
6019763198
6815971161
574589
152110157111
27273028
66196822
196237199238
163154166156
5418856190
1423219233
01903191
2120425205
179245182246
171109174111
1756517767
6917171174
20592261
157136160138
94829783
17421845
1953719839
1568115883
4118943191
186126188129
138200142201
1123416235
1674917051
157107159109
7410476106
139149141151
6816769170
1931419516
182111185113
5615059152
1358213785
6111263115
99184102185
32433446
69767278
3021033212
154107156109
126913010
93115
145137147139
87608962
1862318925
7514583145
9424197243
178116181118
7016273164
11671199
75967898
997410176
1022120221
7421177213
118207121208
9999102100
194178197180
119153124154
195106199107
6013862141
66256827
194245197247
32953497
21102611
21662368
7317578176
42564265
56535856
170150175151
80238325
110194113196
152146155148
8919091193
183190187191
7814681147
687738
188139195139
50915393
78498051
125122128124
34863788
18541885
1445114653
2212824130
6314566147
96779979
122143123146
1191212213
5621159213
747769
179242181244
2715530157
17051727
103155107156
1873918941
8217085172
1487015073
01653167
1521920220
106175110176
6721669218
161190164191
147238149240
8517385184
490512
7418175184
1522518227
121167126168
15211624
62616563
172196177197
920512207
197198199201
6712769129
1056210764
763966
114115117117
173191176193
7114474145
196133198135
1281813020
138113141115
8812090122
15321834
160157162160
28322935
44764778
1679217094
5222454226
6115762161
5621460215
8551157
1542115624
171180172183
1344113743
107193109196
123220125222
4424245247
86118913
87688873
94959698
8217384176
1504615151
435448
1445814760
4718048185
83108513
152129153133
67527054
8917692178
180204184205
196183199185
74517753
6121463216
1964519750
02383240
573974
175108177111
31213423
88789081
9524797249
95239726
2612228124
9117992182
170158173160
134183139184
100192103194
5316757168
126176131177
9412997131
1248612788
3318934192
181108184110
5724059243
127115130117
1824318744
30323234
196167199169
61796481
1237812581
71257526
1524915353
53455548
62756776
43595159
1032511125
01362139
148233151234
29103113
01682171
1644416647
1454414945
1624927249
135172137174
456566
47725173
5410957111
1884819051
116195118198
2213127132
171145174147
50875290
921812220
143222151222
3710039103
118132121133
82908592
69917293
155218157220
165138172138
122218127219
177149180151
4718850190
190244193246
90959397
151244153246
22732574
183159184162
43184520
94149915
13561369
1041211112
191148196149
118217121219
144160146162
1716317465
3214035141
128145136145
5420157203
1317416176
1112011422
125152128154
166116167119
163242165245
148173150176
104213107214
137231140233
996310166
129202132203
175152176157
182218183221
174163176165
120220122222
8820890211
7210777108
185200189201
74597760
136151138153
1258412885
50605262
1642316625
1125211454
82308531
46924994
269828101
189191192193
8315286153
56505952
1576715872
6114864150
9221993222
1026210464
7610977113
1879219094
19898199101
197102199104
3610739109
6010363105
1564115746
56465849
59866189
21267127
719210194
13941425
104223107224
6416567167
22036204
3817339176
103244106246
2922632227
174214177216
127140132141
38624164
8920391205
1524518247
50155317
185138187141
1423815241
7823181233
53775878
98219100221
151165154167
67887090
119151124152
15531756
59686171
145247148249
7421477216
1735317854
1433314635
1321513418
193223195225
130102133104
1921021212
1158511788
9422597227
132135134137
62856487
104193106195
52685769
143200146202
97244100246
13812181
136137138140
148242153243
1793218134
1001410515
4516848170
7791081
1110913112
183182185184
195127199128
43604465
142190144192
101232103235
1532715629
67496951
3324136242
1394714150
232435
26562760
3911641118
150168151172
113154116156
1264212944
98131100134
146102148104
134154137156
9711003
1866418867
312343
1816920171
8911592117
69647167
101170103172
168107170110
1861618818
1892019620
815837
77837986
190241193243
127244130246
7922881230
105114107117
9751277
1771417917
1545315755
5310455106
102196106197
1475215054
625827
976810070
1461814820
149203152205
178238180241
13731478
9413497136
79938196
12951346
159916211
41516153
1820020203
1946019961
5320655209
5412957130
5312056121
1275913060
165166168167
1763518136
184210187212
1756217864
186154188157
97215100217
1134011841
1749517796
1064810950
540555
8311285114
191131192135
10801131
111126115127
1011512117
1789318095
113197115200
4914151144
29633166
42934594
7216876169
152170154172
1421014412
59836185
114189119190
1099011093
145126147128
112144115146
117105120106
1611418116
1062610828
106143109145
1106611367
6812071122
094395
54405544
5417055173
115173118175
1324215244
1261313114
48745176
108184111185
15281631
93569658
1145511558
116226118228
1116816169
057260
1813820140
104225109226
193157195159
43585158
1627216376
6315965162
22692472
1026510666
4414448145
1276113062
3922742229
1561616117
2623129233
20762976
57305932
47285030
9941045
154215157217
98239103240
105187106190
1315414158
167120170122
150114153116
112102114104
262285
1818121182
1682917032
163916611
648679
179217181219
163120166121
188206190209
101127104129
1303313335
2518527187
72707572
1771817920
1315013452
50825284
188194190197
6819569199
1099411296
3557
113157116159
01161121
180145182148
5012853129
71108114
95919793
19751997
19601992
193119196121
196223199225
15251827
154242155246
3817740179
73867687
1388213985
1922619330
1347713680
81738674
02192221
11351636
102216105218
150117157117
14501501
144223146226
192150194153
114109115112
161134163136
4418846190
1602716329
155193160194
7213876139
130220133222
131244134245
173181176182
185216188217
10121043
1043910642
107149108152
119226122228
8416187163
66616963
3515338155
56575959
101910311
4716650167
51197121
167212171213
18561961
1928119583
4316346164
138108139112
1203412237
119118122120
185107186110
1176812070
31376139
5712661127
6613469135
78178119
2921734218
28573060
1379513899
43664569
79788081
71527354
107221110222
1412816130
115166123166
194240196243
8810191103
162236166237
178173189173
6114364144
163126166128
3422137222
6318466185
195197196200
8519887200
129223131225
38804182
153239155241
6018265183
151107153109
94191101191
1451014614
3124132246
135166139167
192218194221
120209123210
4721750218
98195101196
138172141174
57135916
1015212154
172817311
72617563
01511154
822844
4315546156
1848218784
180180185181
1307913381
3713840139
164101169102
102142104144
8222885229
77648066
74547755
1746817770
180199184200
6420565210
1020212204
113186121186
61536355
104240115240
1572915931
51205322
3722340225
4318346185
28163118
172206174209
1033610837
95719773
1055110853
19872288
9111993122
2514726152
198162199165
61466547
2724328248
2814431146
144129147131
912412126
179140181142
176136185136
49685171
968010081
139202142204
1078611087
6224365244
6112263124
120223122225
9714298146
6610568107
159168162169
137122140124
2212527126
71519154
1571416215
1923819440
1717620178
23872590
5616158163
164185169186
6914570148
4411149112
164139169140
167183170184
7219675198
1888219184
1631216417
142126144128
6018462186
1154811850
9419399194
1797818081
1121611518
1181712318
1514417147
1043410935
1929619598
6711068113
1810220104
9120893211
3324944249
1924521247
54935795
96369938
1473015032
108201111203
132185136186
6611768119
157164161165
713412135
112184115185
7712580126
1487615178
1091511118
112811510
70237324
1135911661
96169819
48775079
9411796120
150120152123
125213128215
170214171217
177154179157
1626916571
1363613838
1388614188
147199150201
168190172191
7322276224
164170165174
2915031153
4018242185
1413014432
6620768210
131159133162
54175522
5620759208
138116139121
187238188241
152126155128
1717617379
121128124130
1003310335
32813583
102204107205
110208112210
148127151129
4194411
1436614568
42346237
2223624238
1513815838
1777317975
180131181134
7511482114
71557258
112139117140
40174219
31523355
324527
126221128224
7917381176
144132147133
1914119343
1457214775
723110233
6116463167
7515978161
61916493
157211159214
1511515516
131207132210
111133113136
7713179133
80268228
493525
1202412226
243644
1377714079
168247171249
67347035
117158119161
7710379105
122179125181
46874989
54135616
6121266213
1392514128
4615849159
5812966129
151199153201
73647666
117179120181
14631666
83218822
21232326
196141198143
4918052181
2721028214
133207136208
1819718499
2211425116
1168911991
119198122199
17941826
126161130162
3217234175
14521483
181248184249
2317825180
720742
170102173104
162234165235
37384040
107227110228
6023765238
46174720
66816983
112201114203
178214181216
6610869109
32436244
15061528
126112128114
9317596177
3215242152
85148816
18642066
108243111245
61068109
210242
83858686
18221873
120182125183
148225149229
28953197
5522458225
124211129212
186149190150
9016892171
1118511486
1215712359
108204110207
151219154221
65846787
91799381
1851418815
6615967164
989010093
191194193196
1372214024
1769218392
189921101
1114114143
23592561
1922522226
35413843
1228212484
8012782129
11591461
25702772
277299
186213189215
6224971249
124140126142
1253112833
70497251
820013201
90899490
142143145144
591614
1498415385
197227199229
34513952
167208171209
101209104211
9621099212
5010953111
1158011783
3221334216
0528
156147159148
693706
1011610617
8715589157
183101186103
1674416947
118239119242
115122120123
1245412755
1927219573
1629416496
174104176107
8512087122
117155121156
196115199117
5191319
1294713052
1733617538
7111572119
160241169241
7618079182
1515717159
154225156227
1619716499
1144211744
2224524248
7112476125
3421037212
5810760109
1585516157
530733
139212140216
1713520137
1515119152
154155156157
21912294
21342337
25402941
148150149155
3317636178
97187101188
178207179210
149102152104
3711638121
22172420
7221024
129213131215
13171349
182126185128
27102814
1076610969
40754377
2923631238
1333013632
1689517097
7351037
9513797140
8201121
9324496246
4021243214
24552558
196153199155
1555615759
2023424235
133125136127
158172161173
3411037112
188105190107
1399314196
1018410585
1363313935
4916852169
181188182193
58986998
25922894
1474614949
2116922173
5211855119
174232177233
6219367194
916010163
105130108132
1346013761
3013532137
9614799149
1433914541
1518818190
1892619129
29513054
5411256115
4416047162
1783918639
1119711499
158220166220
1331213514
1227312575
156133159135
26253026
185134188135
86828983
4017241176
1672216925
76247926
56796080
28293031
125195128197
21204122
111123114125
1469214895
7420174208
1568516385
17699179101
17972298
1945319655
139221142223
118103122104
114120118121
26612863
1428614588
192184195186
