1768
4719650198
155152157154
116247119249
182137185139
1343914539
16231727
189120192122
1542215823
8612888130
118235123236
2215327154
6718270184
9624098242
129132132134
157118161119
1552016021
137169139172
196211199213
175247178249
57705973
1235012651
64106712
114180115183
36213923
1682317125
1502415226
174230177232
460663
57245827
1811418317
4022043221
1628116782
333536
62346536
111119114121
62376937
166100169102
27832985
4219746198
2010622109
194107197109
103145106147
2317026171
116134117137
1723317336
131208133210
153113156115
1924119443
5016653168
120241123243
910712109
320352
1596016162
8010182104
69577259
1001210115
137207139209
3611237117
73787680
8910191104
108164110167
111163113165
12231255
186154189156
177141180143
8611088112
156204159206
7922981231
1874618949
479949102
1488515386
4924752249
198175199179
149123151125
18211844
7916382165
1895219453
197232199234
1605016253
30113213
186194188196
85348836
112144115146
9523097232
99192102194
9024493246
111213115214
01441148
164133165137
977810080
7612381124
11331155
163155166157
169230171232
1027010572
1009310395
108233110236
136139141140
900923
569959101
96829984
1607916380
38654067
164153167154
1827118473
1378714088
69137215
1729117395
12651287
148142149146
102236106237
7017872181
1023110532
82648665
111133113135
84288730
6012761130
609963101
221523
4014943151
193180196181
172144174147
1928819789
9622099222
641943
3619439196
153234155236
1039610698
633836
192123194125
1843318834
1755117852
2722729229
01385139
147242152243
185133187136
138133142134
139104143105
1167911882
3412238123
45224724
4211547116
1841718818
1749717998
127188130190
7310276103
176148177152
94639665
5510458106
143205145207
1126211465
720761
192100194103
189819011
137202139204
172107177108
41727174
14501653
39764278
6821670219
146219148221
7813581137
170225173226
167112169114
6220965211
5921662218
2815032151
930943
167223169226
8217485175
2612229123
5711858121
89349236
162126165128
40194124
17499176101
505556
4820650209
132161134163
69987299
176202178205
1915522157
3810141103
184243188244
32426244
4017943181
114233119234
821872
7819281194
1026410566
1165011755
164186169187
57766177
140162
6816570168
2118324185
176241178243
156193157198
4817150173
895510055
1710020102
1737017473
166247168249
107221109224
12591462
1137611579
17522053
3618838190
482784
190184192186
140122143124
136143139145
1603716339
2322125223
1799018890
687728
165244168246
1247812583
21317132
24252528
7622178224
76927994
148195150198
3824139244
113158116159
433474
73647566
33943695
4020243203
9313295135
5823965239
4818149184
13699138101
153248158249
6017262175
4022243224
98104102105
4684910
150164155165
4521349214
188112191114
190213192215
9901022
149114151116
5224254244
41146116
189123191125
6816271164
049252
186191189193
17652066
165467
106156109158
180224182226
1384314046
61666667
142156144158
170112172114
4521050211
142814510
1191912121
77658166
71509152
122202126203
037239
6422166224
9412596127
1422614428
11661207
79468148
1138611687
1818621188
2723029232
102209105211
140167141172
120159123160
13811412
4624047243
38104112
50585261
173222176223
36333835
1114615147
12001232
712012121
1497115273
01424143
19041927
822111223
1534616146
1806318167
186115189117
165223166226
6086210
69637264
189130192132
1136011661
1939619499
2121325214
145179147181
912312125
1061110912
1246112763
128239132240
1421514320
184236186238
160182162184
976510166
1941919721
9715399156
5815061152
64297529
1517920180
82478549
18112312
1416917170
44924695
55855986
186177188179
4614650147
132118135120
1227312574
7323076232
1144711552
6411467116
129125132127
28643067
38804083
176176179178
122177125179
88409142
1902019321
529855100
649864106
152203155204
81238325
8618989190
178228180230
1163011932
118203121204
132198134201
4024243243
2818431186
80558556
8215287153
4023342235
115196118198
158164161166
2020422206
117154120156
192226193229
9018193183
10761279
145241152241
2117022175
1096611268
73817683
176163179164
133180136182
194139197141
193214198215
2424327245
1902319225
6918872189
01581161
3917144172
1374013942
190209191212
1209512397
117105118109
3410435109
9117293175
30943297
144104147105
5420557206
170188173190
92539754
153176155178
1044010741
99128102130
186165188168
1549715699
7418577187
39524155
112225114227
63566857
3521537217
161209163212
13141345
22612563
110220113222
5010353105
1516015263
9123793239
7617879180
7516677169
1573815941
8216786168
1784018141
5013351137
55675672
7816881169
2513536135
7518378184
7511477117
1621819220
88188923
3615039152
77498150
146238148240
185112187114
2412929130
9623398235
1261813019
76137915
1547415775
154181156183
218520
25192821
1303913341
2120925210
162117164119
171132174133
191202196203
64776679
156458
3816840170
98205101207
161130164132
15921615
1635216555
19201942
124223127225
184180186183
75697771
154195155199
21113114
172174174177
7116672170
84588760
8588711
1302413226
155240159241
162123165125
120175121180
8651067
127150130152
1649316696
4113042134
174137175141
164163169164
9424397245
6123065231
1827918580
8613689137
16401942
58576258
1033510537
47465048
30833285
101244103247
1655916761
9519598197
7512977132
1521515418
102239104242
1812222123
110203111208
160240163242
7014573147
89929294
21915193
1045910760
12901305
1036810669
105104106108
9014293144
105132107134
170148172150
1735817759
161120166121
1184512147
3610740108
70777279
6424366245
1294913052
1714119144
3918944190
1746017762
156232158235
1898819190
1224512547
1032210623
1404014242
775816
62836485
98185108185
1439414795
191220194222
183126186128
1189212194
1316313465
163147165149
9622498227
28773179
183199186201
6413265136
156110158112
15861609
170100173101
88809082
172128174130
10391939
1110414106
22652468
131221134223
17761979
02314232
195136197138
122144125146
627928
7714480145
1609616398
1651516717
172197174200
2824130243
3718540187
172117173121
1448514787
5221955221
2720130203
48745375
2414027142
1517915481
1183512137
1928219584
75178417
9020391208
3312637127
105187106191
1614521146
30273528
1644816750
7411879119
1749217893
8421086212
115173118175
9624698249
161189163191
7022172223
3618039182
924612248
2013821142
34603762
5514160142
123163127164
172155174157
6496
194164195168
638940
111134
145177148178
3821641217
8617791178
01153116
8018085181
15601862
84868788
28411
14691870
1021611220
125114130115
6919271195
161161163163
1315913461
5420359204
70377438
11001132
11192124
2620729209
1318014280
150166157166
9512098121
38404042
34873789
6514967151
4919250195
4514048141
194196197198
1031910621
158152160154
44684670
60130
4415747158
411424
2717429176
2112522130
124812710
1355813761
129242132243
175233178235
8124889248
1213012432
947969
120221123222
131224134226
152122154124
165117167119
193119194122
55305732
77797982
181129183132
1464114844
115199117202
155238160239
9518298184
88879189
5518057182
144136146138
1887718884
1933219436
12401272
52347237
1905619557
7521677218
186185189187
313336
13571379
181140184142
1957319875
52275430
15731875
7717278177
1876619267
189247192249
4220445206
37433946
1136611667
3619138193
115161124161
181217183220
149177152178
90149316
1139811699
987510177
1569316094
1824318544
110239112241
5012052123
1359513897
13151816
26252828
6620968211
114133115137
1099411196
107217110219
043246
6614769148
187146190148
147134150136
4310046102
8222783231
95109911
1071910921
1286113064
2221525217
88579060
131213133215
45414843
5014253143
149209160209
58376139
1348913990
7222774229
48214926
1072211023
1261212914
98131101133
1074811050
7611178113
4919951202
1437914681
168205171207
8888913
1043810739
140147144148
1221212415
1612216423
1117814180
1732517627
179231182233
1591016411
178185179190
61349136
1724419247
134153137155
7312475127
101178102183
59826184
132177136178
1217912382
1699117193
12491354
130145133147
47685269
1812418426
149219151222
1672616831
1334813650
6420369204
1734917650
109192110195
9410897110
28753376
47494854
1695417156
11931215
919611199
6910272104
138233140235
41414443
154185158186
1142711629
14231527
1579715999
132172136173
1003810340
1216415166
32783580
02053207
151246156247
9616198164
097399
157189160191
431462
7310675109
179121182123
7216274165
149130151133
158218161220
1613919140
133234137235
109209116209
193184198185
21232326
138109143110
100810211
166227169229
1412716129
1805818360
361384
108101111103
1916019462
98106100109
97439946
1518118183
167158170160
109161114162
1303413535
41134315
1012510328
27593859
3024433246
154230159231
9112094121
1009610298
1339313497
67656968
55455648
5513458135
1407614279
1892919231
43784879
174244177246
6814971151
38274129
42534555
154215157217
06111
32143416
70327334
72237525
162243164246
1405114353
189126191128
178215180217
176165185165
4319346194
81929195
1068311084
1311613418
61926395
167203171204
102217105219
196819910
118140121141
7317875180
815310156
49705471
9611199113
5411658117
64196820
1034810650
44114613
104243107245
5915562157
184129185132
3420136204
108118110121
105192108194
132123137124
2312125123
31655167
63396640
1224013243
33823684
103183108184
61966398
6811971121
10891391
181108191108
100173102175
1259213093
5022551230
6821269215
912613127
923011232
1519415595
107139112140
565587
99159104160
1269512997
8619789199
6314166143
1897919084
133203136205
1722317624
124152126155
21332435
127201131202
146149147153
6215864160
8012288122
1921619518
116157123157
1134411646
3615439155
93289629
134167139168
75448045
9613599137
122182125184
156173163173
84238725
188183196183
128175131177
4416949170
185140188142
180145182148
2821030212
55825884
6324065242
87469048
194199197201
1681517116
7322577226
02383240
1884019142
1652316725
1514015442
12161257
6815971161
194245197247
94199721
7317083170
115176118178
33903692
44664867
126241133241
148169151171
99240101243
195118198120
154187159188
153243156244
2021521219
3017432176
1425414457
1178912091
105178107180
179248184249
59496054
1058911289
1499115293
1312713429
11031125
6623371234
2117824180
1596516167
13111342
1344113644
1441714818
1506615170
2813731139
41566159
35643767
194171199172
6120166202
43274629
61238126
2816531166
128208130211
2619427199
22822484
125237127240
54165619
5417165171
1542415726
1172612028
7214073144
3516837171
101222104224
1463114833
9412296124
059361
8831284
64947294
62326932
185100188102
96369938
5011453116
1772717929
1616318166
1117011472
1156211863
1643816839
4618849190
9324795249
15561579
183213184216
27173218
2518526190
415466
818610188
3914641148
132140135142
3122833230
9520297205
9712598130
140208143209
1288113382
56785980
8815891160
1446314864
7323776239
1520817211
75378038
45714872
1387014073
4712049123
108178110181
193112196114
134107137109
2120725208
2214525147
4915456154
200222
2511828120
99233102234
1623820239
190226191229
96719973
160115164116
117158119160
119195122197
1191012112
944966
2911830121
7681070
127153130154
21532455
36763879
31223424
50825384
124147126150
1188312085
1806118362
1619316395
156212159214
7822581227
1519615398
1565115952
146141156141
7120472207
4921753218
5912563126
7215975161
3223935241
1462414926
1510519106
025327
126167129169
1996019971
3111732121
114138117140
21202422
1807918182
116231119232
61102
1485615158
23292830
147165149168
14201451
30333136
10441545
1221114213
123196128197
177197180199
124207127209
1574215945
13201622
77188718
16231646
1409214295
122185125187
189239191241
67696971
1729618296
6722069222
2918032181
1207112472
112126115128
1461914921
85928894
107146110148
5119553198
172244173247
36273730
1267812783
1153411736
2819730200
1254212844
1281013311
1457314776
157199160201
1392914231
1249412597
148152150155
3811141113
66346936
80298331
169142174143
107109110111
1707117273
6911672118
70677369
1020113203
153205155208
43304533
3012233124
8617991180
3615639157
141189143192
193173195176
54135715
78678069
11731475
97189100191
13299135100
7224274245
160202163204
7820279205
104124106126
1486614970
5813160133
156100158102
6612569126
124172127174
33173520
6618668189
610624
5222653229
64626863
50635365
175236176240
1523318235
223245
8310185104
194235195238
1897819778
124226127228
8724489247
1826318465
622824
140202143204
9322795229
1955319954
1654316746
1727417675
66307131
1620518207
82019206
67476950
1134111643
107200108203
6519168193
3618340184
1615219154
2713129134
14912291
6219763200
1609917199
7812882129
1738017583
3924541247
189101191104
116237118240
1218812490
122191125192
67776979
182157184159
1677717178
1217512378
1621216414
2011028110
198126199131
182193185195
5213154133
01265127
175133178135
40894391
2922032221
118122120124
761864
140119143121
110156115157
159107162108
8312685129
5320954212
129196134197
143215147216
113229115232
1655616758
105195106200
3317535178
111194114196
6321564218
93719574
7219375195
21335134
4924451246
197102199105
1331213614
32005202
7013475135
108143111145
188180190182
4422747229
1485915062
2218624189
8020281205
56355936
1386414365
21464149
144172149173
143149145151
8122184223
2911032112
1024310346
1932519627
73487650
9024792249
154200156202
1357813979
17202022
554856
140142141146
27312933
3520738208
1045310854
122141125143
8624188243
128129131131
3722540227
771812
173149175152
128102130104
189242191244
164211167212
4123644238
149217153218
1496415265
161152163154
1920720210
135159137161
1276812970
135149
1517517178
84708673
87379039
1425814461
1584716149
181116184118
2456
161100164102
5117053173
111217113219
1858518887
6988101
10611093
1076610871
129227132229
160205161208
5916761170
185202187205
131101135102
3524538247
2320026202
1704717249
1949019991
37473850
18572258
93569857
7610478106
1812520127
60706371
1832118523
3215735159
573875
99165102167
2723830240
141195144196
2211324115
5913762138
91589460
121208123210
5018254183
5120353205
97479949
6141115
1688417285
85158817
75517853
2819332194
1434114544
172203175204
122147123150
18541895
1913122132
111106113109
162175164177
7320475207
5124056241
129140131143
105164107166
1248412786
197113199116
4015242155
17481851
5610759109
52945596
711410116
1409614398
1651117012
165241168243
167120170122
1313613438
5311956121
14641667
4321848219
26933693
81368438
184109186111
164209169210
8119984201
6020363204
4214043143
79838185
72607661
1763117932
2617828181
180234181239
197187199190
1815318356
150193155194
1465515755
3816441165
140127144128
570602
69517154
3823141232
138212143213
6619468197
1444714748
56405942
1839418695
9012693127
26142916
1725517457
124105126107
7012572127
25533253
7420875211
10561078
2423926242
3110134103
1962819930
99170107170
26542956
120230122232
178211179214
76227824
1421314614
74677768
1210116102
992210224
6424669247
6317866180
1511318115
191148195149
1219113195
196173199174
016317
1904719349
2622530226
162247165249
61978200
6113962143
156221158224
117244121245
4812551127
116128119130
2914134142
9461248
1927419477
94919792
8420787209
92129613
2817130173
062364
2416627167
177144179147
8821591217
11681370
770880
119162120165
1498315384
91829484
1483415036
103104104108
159221162222
10421543
7524278244
1235812660
2810430107
57435945
49505252
123217125219
1067211073
6010263104
42057207
11798120100
63516653
21612168
174186177188
8017885179
174212177214
2510427107
1049310795
39314233
6317465177
13541385
2820431206
136149138152
184153191153
4722349226
9019591198
87498854
111136113138
184103187105
1025710758
1253312735
7924481247
192152195154
79439043
185158187161
02412243
1279813898
70487250
100186104187
1304613248
1893219234
693734
69607162
152223155225
1793418136
185240188242
124100126102
5718359185
8917090175
6515967161
1829118991
053355
8914992150
61546655
1916024161
123137126139
145195147198
47915093
5512959130
152219157220
3522039221
30563258
144107146109
179128180133
1697917280
1437414478
132106133111
1327313475
3920441207
128135130138
113197114202
1323314237
150167161167
76748175
676780
1517319174
5511360114
99235101237
142142144145
31755177
3619738199
1692717229
107124109126
155226157229
60406242
93309831
133130138131
7517476177
185172186176
1602916036
1953619739
94169718
172219175221
19742475
6521667218
129205132207
1363414434
8523587237
108244111246
163165166167
2510030101
186210189211
181229184230
4374510
149210152212
128216133217
111210114212
64436646
1795018053
88259028
67447046
190169193171
6315266154
5324755249
2511326117
9021394214
1864318845
7610777110
29503650
175126177129
164158166160
66586860
1895819459
7214982149
4210345105
7121975220
5217455175
1619116592
174117176120
84958797
082384
162140165142
1358413688
143159146161
112204115206
8218284184
5416958170
1219113091
136118139119
143184
1923426234
27692872
167155169157
6722671227
193134197135
6322566227
137194140196
20422343
2621328215
2917732179
148199151201
114220119221
4910952111
185197192197
169173171175
397429
02243225
8823590237
6910572107
23892592
19482151
1298813290
169200171202
53515554
154133156136
3117134173
4813149134
133156136158
152129153134
689768106
9814699149
26902992
1633416636
557859
113122116124
1186412066
7978110
30903292
5513157133
13461847
3424237244
1179511997
02442246
124220126222
189142191145
1624516447
97129915
4616749168
9219594198
1086211164
101188104190
102227105229
140714110
136225141226
90229324
5219954202
1581516017
21447145
10861156
172216175218
1822420226
7813080132
1614718149
110122112125
1686916973
91799381
5919462196
118134120136
821010212
799882100
186206197206
1306813270
134207136210
1615616457
132183134185
52345536
1658817388
31225125
977999
9221795219
2413627137
9317696178
189232192234
136191139193
75467847
1314913253
813864
7816681167
1111012115
119185121188
1223014232
33313832
1455914761
68907391
94229823
3919741199
43734576
11641367
17172118
170212173213
1463715138
101109103111
182133184136
1965719959
98171109171
172122173125
3120934211
146162149164
4120944211
131153133155
80118313
388690
2716829170
13922292
4985103
119198124199
128172131174
189162194163
951983
8617488176
1353613838
9711472
126180128183
617511176
2317227173
157134158137
31796180
4312145123
70847585
7097311
1539115593
040242
619821
140218142220
45444649
1059010792
8613887141
981910121
108211110214
291306
6424869249
46324934
112129113132
122244125245
1516018162
105135107138
8318985192
9520697209
64926793
6311132
180162183164
1679316896
155149157151
1862818831
6319465196
22362538
4122543228
7215074153
4318548186
186137189139
120172123174
23572659
1818318485
106211107216
6713969142
1618416486
3052
133133134138
3122534227
1084611247
1178612088
137113139115
8120883211
2320326205
1013415135
1255512857
17632064
1501015312
1243812740
58956098
184208188209
182210185211
1684416949
4824050243
102132104134
145142147145
1956019862
4817451176
111178114179
15271549
170102172105
67227024
1916228162
195156198158
8316587166
1489415097
1846618668
1022910530
1491615118
42206222
188200190203
1774217944
29253426
1625816461
38624164
1322015223
9931006
5917662178
1815027150
131246133248
49415242
4622048222
71867289
41804681
1569515996
177236179239
1042410726
1417114473
196218199220
128163131165
51925593
92649369
49855486
175142176147
145157148158
1647816680
87839085
1466814772
60886290
142199145201
773804
6620769208
5120653208
13771482
1127311475
9119996200
1132511626
146182147185
825847
1265312954
103101106103
31643465
1481014913
22162518
133227136228
1471415015
164103169104
7616078163
190158193160
140247143249
126141128144
3720039203
5519758199
5818163182
165112166116
42254726
7941295
8721189213
1336813472
18232025
4117543177
9113894140
3012532128
197181199183
1122413226
1651316914
183169186171
01742176
1932819531
1288613387
1386114063
7221374215
9010893110
140114143115
6911371115
1613116236
1651816820
7013875139
