1789
5121853220
18152017
174243176245
169168174169
192164194166
2015823159
4213344135
065366
2411026112
128143131144
1974519948
1537615877
36503952
38914193
1321216214
197241199244
117105119108
4021243214
7415177153
71667567
1161311815
32213523
7721979221
139106141109
31356137
88449047
122188125190
72847785
1523619237
134195137197
97152101153
185159188161
1096811369
134146136148
137202139204
119245121247
464666
123141125143
56145916
7724680247
105126108128
154123157125
667708
61106412
187153192154
235537
189183191185
1697317274
20952397
141178144179
14398146100
1973319936
36944095
42594660
1418122181
140147142150
085387
531553
11471188
33713673
44954698
182216189216
489952100
107201108206
1793018232
158127161129
412426
19632165
8915391155
3412536128
171917312
49335235
58896789
6919773198
1158811890
187128190130
86698971
02163218
193178196179
1702117422
1526815669
1138011583
95219100220
1515518157
1882318928
821931
1461814820
1211316114
6222466225
184236187238
87609062
92459547
111204113206
190231
127226130228
1571316015
6619470195
22193222
1504515247
1931619817
10551160
141241142244
7115073152
45704872
6616768170
168158169161
8919394194
162123166124
1123911541
30443345
117229120231
76327834
7812781129
1813619139
4213643141
180162182165
138132141133
1959519896
1696217264
1274913051
1463414935
294345
7711980121
1345713659
121198125199
172116175118
1578016181
136165139167
151193154195
1718420186
911512117
2421228213
113171115173
1677617078
5620160202
152715410
4119846199
111217114219
1624516447
6113864140
7410677108
80578558
182212187213
2922731230
3417136173
73347536
41565160
7217075172
127209130211
9415895162
158168163169
73797681
120127123129
31795182
9216594167
93719872
1718317386
1762817831
156118159120
83498850
49165218
1575016550
864895
11201322
1581916121
01243126
1245812760
135218138220
9212997130
8419987201
862913
108139110141
1088011281
5222155223
57486249
30423343
90679270
72197520
26572860
5219054193
1953319636
2814930151
7217575177
153226157227
1953019832
179197182199
2515127153
2116523167
1442114624
198112199115
168200171202
116147119149
1105111552
1436314566
18851916
1844518747
71718176
7920881211
26442945
102107105109
1336013861
122241124244
66596763
811810120
081284
7119375194
50485251
132176137177
69567158
61568159
559761
107142108145
116183119184
83108711
4019542197
23752578
8522890229
1132711529
192126195128
8012283124
191130194132
125101127104
5023255233
190208194209
152141155142
1876518968
183139185142
02191222
127109130111
85388840
562613
71509152
177243180245
186246189248
4824050243
19599198101
138123143124
112195115197
83489248
59336136
7471048
18451877
174121177123
4324145243
124227126230
1198712488
6917071172
1713617338
192121197122
8321086212
1219215194
6620868211
1074111043
7620278204
1912322125
1885319354
011114
108212110214
154121159122
1242712729
72867986
139103142105
22192520
9618898191
1213014132
7810981110
196107199109
4917352175
85128814
67457047
40554357
15711594
189219190223
184190185193
33743577
6021463216
128123131124
148915111
4819949203
7513178133
152103155105
1176312065
1724617647
725757
150242155243
1835318655
118157123158
195225197227
46204922
48835284
6219465196
1602716428
137145139148
5520960210
8813990141
1115214154
1420817210
143146145148
6717372174
1475215153
1913419436
32283629
151174154175
9210696107
53775579
6813870140
7524479245
166100169101
9861188
4820653207
819611198
79388240
1408714588
151197154199
50215422
1338613688
180168182171
163228165231
4118444186
176153178156
8311491114
167121170123
117213121214
822711229
148162150165
8824091242
44424644
126114131115
11471350
6824571247
100215103217
6424767249
16001623
145140147142
1752517827
174230176233
168127173128
99188102189
162125164128
138102145102
7413975144
3212135123
2521927222
6317266174
1867819079
1679217094
6710270104
136185139187
161164163167
330343
114137
1355114052
140164142167
89229323
113189116191
179185182187
121228123230
1021711220
18998191101
26252827
01773178
8511054
17721804
1759017892
7310276104
23792582
1074411046
119211124212
43164519
6023865239
143191145193
140203143204
3822041222
1725817560
1962219923
7816881169
8916391165
4918150186
5211754120
1664716850
01872190
57406141
21615163
117207121208
114111116113
159173162175
1951819720
060362
1527015771
36224123
86659066
353376
1521517218
79328135
3823141233
165221167224
167118170120
1363313935
170144173146
50275528
9891094
37393942
1307613378
164141167143
19182120
6617967182
16941709
1647216873
44104811
1164111943
1408914590
1767317876
1781018111
4815951161
171132173134
6110863111
1324415246
959998101
1955819860
7614179142
183246185248
58566058
153214160214
160205161210
12861587
1917719379
160201163203
76407842
7910282104
1306913370
074475
919011193
100129103131
112119116120
1408514586
186190187193
74897692
179183184184
4217145173
8918591188
1848218684
98206100209
9111093112
148185152186
6811473115
1146511668
8021481217
159244162246
4421047212
1255212755
108119111121
1131511517
7610977113
1445614658
106109109111
142152146153
638940
25883388
9417596178
1654316845
143814510
101146105147
120111123112
169155172157
156157159159
105142106145
130202133203
195235197238
17151746
6820571207
8115186152
8212685128
9711273
822313224
2923137231
1574616147
46854888
7622978231
6111263115
143165147166
3711039112
5819560197
1902819230
160148162151
184219188220
5411156114
7222975231
155177157179
158203159208
54385640
3714342144
1595916162
2011123113
67216824
41298130
132136134138
122159126160
27933095
1010613108
1165811960
45804882
1321113413
138114140116
4616548168
1713917342
10621103
189159191161
5312656128
141245143248
66256827
1945319755
185112188114
4521748219
170185
9421696218
73397541
189202190206
21915193
107225109227
1422416227
1012210423
117117119120
1488915191
4514947152
122182124185
4678
1907019571
2316826170
147178148181
104240106243
1563515837
7419575198
519821
167137169140
93419543
1658616888
1267912981
1862018822
3313935141
69767377
554586
31726174
01161120
182217186218
1731517617
1114211543
1611416415
140127141131
166135171136
6621369214
46894991
104133106136
8741076
1820821210
54575759
1602516526
15301832
125121129122
1246112664
95929894
3524336246
60286529
1479315095
9520597207
1443414537
2816133162
3813339137
34983999
1719017492
191225194227
5316456166
1501415316
8671070
5218555187
41104313
1526515567
1538615688
125195128197
7120974211
9519697198
148194150197
143149146151
34883790
102110105112
1032410725
91599460
8415986162
114127117129
171121173123
191113193115
66286830
183169185172
139181142183
173159175161
34593662
182210185211
179179182181
102119105121
4410947110
145108148110
5021254213
1781218114
194167196169
1887419077
45524854
43684869
7011773119
3320636207
6615967162
024425
1755217854
2721032211
125184128186
43624564
179106184107
110107112110
1737217574
129154132156
6712072121
160226162229
2821931221
1103011531
8519388195
1537415775
126112131113
138210141212
5620457207
415618
97329836
90759278
703734
1549415796
1815819162
163138166140
1311413615
99239102241
143239148240
5723159233
49365138
1505715259
178211181213
5410058101
1710120103
191222194224
99248103249
1191712119
5110854109
99142104143
119203121206
9623798239
9424299243
68856990
196151199153
1221914222
9624798249
8917591178
175178178180
162108165110
89909292
68596963
145216147219
17391941
1947719978
191162195163
34854285
3311036112
8113884139
151210154212
769878101
140134142137
127168131169
3511838120
196173199175
51745376
116238118240
1722419227
13061338
2818830190
1752017722
6616369164
1612916431
5722859230
137243140245
616111162
5915762159
8720590207
18692171
82898591
150120153122
1068010785
3824242243
11653168
138231143232
3419839199
723714237
195233199234
98145100148
10951297
2722428229
110165112168
83328535
65936895
1426914471
1023514236
2419026192
176203179205
172150175152
1317413475
133120136122
1908019382
8321133
2110823110
447469
1101311215
3115834160
36433945
110130114131
1033910641
186210191211
8513887140
7113973142
1254312944
4223244235
494696
7714379145
174197178198
9211694118
8518188183
173237178238
114180116182
77247926
13971898
1593216135
175189176192
155209158211
1223115233
3821641218
127223130225
8523087233
1829518498
8451246
157199159201
41187119
101206103208
117165120167
27643065
196193197196
8215385155
142169145171
108223111224
106219109220
8214584148
2621528218
8916892169
148198150201
01501155
5513360134
144184147186
120131123133
7516077162
49545256
1696617268
163144166145
176221181222
58906192
6323466236
188234191236
42514453
2921733218
172112175114
1622116622
86578959
178214181216
1818822189
21987199
104178106181
171158172161
1285813160
62439245
173171178172
172215175217
1903119233
1781818020
9217095171
3222535227
71537455
151163153166
2318126183
71327533
181195184196
5524056245
1214312445
42654965
2618528187
93489649
1936619867
78188120
5724059243
1312816129
49665268
1818218385
4424547247
1769417996
1249312696
151176154178
6812571127
124222126225
1743917840
6216865170
64836785
196146199148
3724438249
10998112100
1309613397
170186172189
3510738109
4312046122
151145154146
924014241
153228158229
1673617038
151188152192
117102120104
196118199120
1165311955
2014223144
77487951
1507615179
170176172179
7919281195
2520726211
162221164224
30103311
155149157151
1308513287
4924751249
1317315175
174124176127
7619377198
72247327
47494951
7817081172
4917652177
9514298144
26842887
5118354184
164187166189
51888190
1515119152
5914462146
1986819973
1332313525
1205312158
1906619269
101200103203
8813290134
136138138140
1819919202
1424014542
02433245
1549015791
1831218813
17421945
97124100126
36753878
152135155136
66497050
1748317685
147149150150
8721989222
1545215953
171119175120
109101111104
1019110592
165131167133
133149137150
150118155119
1442714630
4117645177
172190174192
177206179209
2215124154
56745976
1512315524
161154166155
22252527
182125185127
1454814751
1891519217
1602316524
19292231
3414236144
99119101122
1793818141
24642666
3820141203
3910743108
124191125194
1519515397
4422747229
1868818990
40284230
4322246224
1481214917
42177219
1406714568
37323934
1623216435
3416939170
1743317636
126123127128
7920182203
143133145136
01283130
6514668148
174181177183
8817392174
1533015632
02353237
1021121211
156204157208
101209104211
1349613698
3521338215
128242133243
132157135159
90559258
1017911182
1805018253
1477714979
1296313165
112247114249
3010135102
1689517197
74237625
2911332115
1006410266
1311516116
820930
152143155144
41144217
61638165
53825584
4719650197
1439314497
180150185151
164167166169
191148194149
183121185123
1678016885
41669167
134213136215
14821504
5775910
109153111155
2221525217
4316645168
107190110192
6211769117
184145187146
81718572
135172137175
76557957
150217153219
107156118156
93959597
15799159102
87309231
149137154138
33943597
1926019463
2122024222
131231134233
6222763231
5910264103
1216312366
1431514517
6719972200
125248128249
180113183115
943966
1016512168
36803982
1544915651
4812252123
180206182208
8014282144
139221142223
102113105115
920512207
135129137132
3124132244
146158149160
1032910532
3419436196
8217387174
162218165219
157459
31316132
195211197213
1115311554
1034410646
46344837
1619719198
019321
116126125126
7223474236
131198133201
4822750230
4222045221
1908719389
168216171218
151160154162
143181145183
89829184
1616916372
3210643106
981210
146133149134
1017210375
1333513537
109202113203
193145195147
38884090
1282813229
117143119145
1162711829
1712019122
172199174202
9522598227
2318827189
151111153114
122161129161
4722450226
1598316185
1716017167
112183115185
2311724122
1974219944
146199147203
1395914162
5716362164
160111163113
156243158246
1923121233
146204149206
150151154152
1679817199
11693171
1858518887
1605216353
1626516567
1543815640
176817711
6410567107
138197140199
1305413157
4319646197
157141159144
125212126217
01573159
1693317235
163170166172
1821521217
153248158249
1014812151
119185121187
2416426167
8823090233
34363638
103226104229
171238172242
139224141227
8919591198
113143116144
69277130
918814189
3924843249
61806482
188106191108
1724317545
5718858191
2220724209
11998121101
166151169153
6615169153
16341656
1378613989
154218157220
167147171148
186125188127
91249327
162195166196
1361813920
7519978201
449947101
156194159196
36643867
8616388165
115130119131
4419247194
9316896169
1718817589
89379139
11121144
1219515197
2919531198
1404814250
10761108
1066810870
1303913241
1743717838
7018672189
5522656231
3712742128
1304213244
135221136226
81818483
122137126138
193176198177
152202157203
3920442205
86218824
130126138126
10601101
20742277
1376713970
1466315064
173165176167
155126157129
4210247103
1623616637
9217593180
7211275113
157233162234
1733017532
1825618657
144247146249
154221157223
1023710538
1015710459
115220118222
163225166227
5323456235
1765817960
1078711188
162204166205
122213124216
1191412116
166219169220
52277229
107176110178
131194133197
1817022171
5813562136
1425714361
150100151105
43264727
183241186243
1741217714
4122543228
181188184189
1276112865
2213126132
68837184
150204153206
2216124163
4220047201
12464248
19231946
1281512918
11399116101
127166131167
125107128108
153230157231
107130109133
2110129101
177165179167
127157131158
6912272124
50195520
1959319994
9223494236
134199136202
1484714951
2514626150
1153511936
8317586177
2816829171
1145511558
1467414976
054256
5110452107
14361639
813713138
1603816539
8224287243
52725573
1331813520
137142140144
13731476
1717517477
8924391246
186138187142
185207189208
155138159139
132142134145
143241145244
49465247
191174192177
64546656
64866788
7021472216
1241912920
1055610858
169104172106
4617548178
155180157182
8712392124
6723270233
7715480156
3110734109
5818163182
49125115
3324137242
29563457
192123195125
01977197
95187102187
15561588
197178199180
152106154108
198223199228
1466515066
96184101185
915611158
177227181228
29893291
146208148211
6411267114
01461149
3421737219
842855
18482150
112711310
1903919242
9522198223
11291431
1482415027
1357513778
71497451
78848385
8510187103
3914041142
9123794239
26123013
176117179119
187118189121
40334138
5120862208
89499251
4716949172
2812131123
178122182123
1682817030
1379614297
1082411026
5016953171
1076611267
3010335104
95127100128
2520428206
1382714030
1106011263
181147183149
148123151125
131234
2324528246
193170196172
02062209
28613362
38684071
177143178147
6316365166
128141131142
8020482207
912111123
1418725187
1574816249
4315344156
7617077175
21474149
12341285
8320285205
61576558
1725317456
6998102
2214824150
18399186101
153156161156
178217181218
17841986
1966919774
161197163200
1717620178
1626016562
33243625
1246712769
1609516795
189124191127
121170124172
176213177217
138169141171
7817481176
122208125210
7922684227
1719317594
126198130199
1919519397
7918880191
1443114733
1031410516
139188140193
11911294
152207154209
97244100246
150126154127
12321434
090293
141228144230
122117124119
144236147238
176239180240
97107101108
139138141140
171140173143
8612588128
56546055
7521177213
60216223
51436148
82308531
99159102160
920314204
55355837
68677070
112102114104
67547055
5817260174
3518340184
110161113162
1697917281
93909891
4414647148
5310455106
119234120238
1768818189
1773518236
6920870211
122245124247
181244186245
176162179164
513814
1645616757
85828883
1387414175
143167147168
133162135164
3912042122
150153152155
7424877249
9851036
193173195175
148111150113
823813239
142143145145
1956119863
4010943110
59836285
156160161161
11101151
1576716069
1311715119
8717588178
150163
7187410
22483148
1666016863
15691772
106115113115
198211199216
137121141122
1354413746
1117616177
1875519156
155183156187
168141170143
9318196183
036140
1257413075
155106157109
3613139132
119121121124
3217835179
93679570
181159184161
1694517148
899891101
187239189241
65797080
129186132188
3911642118
145130147132
42714376
184115186118
106159109161
102101105103
102173105175
3822340226
8912591128
61776479
41145117
1134411646
5122954231
911211114
1129511497
100212103214
7122673228
110132112134
8715090152
65116614
187132190134
97105102106
1348413985
1652816731
153239156241
6412667127
111178115179
1092711229
175199178201
158220165220
167248171249
2512527128
78438145
142216144219
1607316374
551753
1621616418
1182012122
14231445
127159131160
143137146139
1678917091
1301613218
29593360
8712991130
1217912481
11511354
1476015062
01792182
29273130
3022231226
917112173
1816321164
5220153205
5317355176
156166157169
1781911
1318813292
1491815023
39764179
158230160232
02383240
162206166207
104200106203
19512253
1617219174
6623071231
39664367
8711591116
19332733
192119195120
1910624107
1821820221
3712542126
89939295
140194143196
100197103199
49295330
8820889213
1757717978
8914292144
1376313966
13521374
131234142234
1812518327
103187107188
1225112454
571774
133114137115
37724074
139916101
28223123
4512847130
1664117042
4815051152
160191161196
52125514
137209145209
1421314714
114228116230
148175150177
149220152222
136163139164
1253012732
93169519
2112824130
35553857
12601960
149178150182
128125129128
1719018193
78808083
131227133230
21562359
47575059
110112113114
83738576
114199117201
33493551
195149199150
3516136164
157189162190
172147175149
6514468145
1003010232
1767917782
4017041175
139117143118
3012533127
1055110952
1551015812
4314246144
106232107235
15241825
178229181231
148215149219
1504815151
86418943
105182108184
1627916481
599861101
1562315925
1382514326
182227184230
151149154150
56175720
129174134175
148106151107
199822100
4320446205
54975799
172135175137
150227152229
163148165151
417439
82788580
6212365125
190239192241
133178136180
190195193196
120191123193
8323684241
8912193122
8710691107
347369
556758
88259027
1183812040
94739775
433446
486689
9901022
139218141220
1712920130
74767678
1431814520
3610038103
107135112136
177168179170
121149125150
1336213664
31867187
145220148222
79598261
4975110
50895490
5723459236
483785
2110224104
1691617217
103104106106
102236104238
7511678118
1522220223
140213141217
143644
24922695
150133151136
634936
173234178235
1755517857
29253226
1348113783
6611869119
2810530108
2021223214
58256027
162177164180
0008
1512318124
41686171
4511648118
9716098164
119220121223
1891219214
9113396134
186200189201
56775979
5910463105
179124188124
1319815200
53325633
133206136208
1468114884
106195109197
102137104140
7923782239
183133184138
2924532247
155212160213
134123137125
122206127207
8271228
171129173131
169212171215
1704917351
9412296124
102132103136
42874588
151179154181
9020993211
1498315285
5921161213
4811951121
01722174
620110202
1237012573
82158517
133211137212
7816081162
1685517156
6518370184
7422578226
1816318365
149239152241
106146109147
120117121120
67346936
187151192152
106165109167
142224145226
173186174189
1258813089
108215111216
1362314124
86728974
147187150189
130183133185
9424496246
2224727248
591793
110159115160
71319133
6710868111
79898192
44764679
1864918951
522824
101156103158
9620897211
10351337
6515667158
1457114972
186202188205
131206132211
5120954211
3813841139
137105138109
138111141113
1683117232
1473615038
153234156236
01352138
181202185203
156152159154
188192191194
14511753
15331835
148100149103
1833118534
9114793150
1314713349
1398014282
3323937240
171124173126
855959
11641366
6313265135
173153175156
4819151193
7220575207
32393441
6613269134
185135187137
90799381
72099211
178139181141
1399314295
2512928130
1948619591
13499137100
4715751158
1315213453
6621769219
1516015168
142140144142
1816520167
2014524146
43314632
8116684167
15951626
1003710142
5622358225
1463914842
80538355
2718032181
1077611078
1334113543
182108185110
113208116209
129172134173
5511658117
9222094222
179135180138
121103124105
115236118237
166108169110
175218177220
2911032112
1159411796
186167189168
9218495186
80468249
183204185206
188145190148
1086411365
409943101
1911522117
134228137230
1819218494
55505851
84107
259828100
1737917582
61546356
161106164107
9721299214
56705773
101176103179
2222325225
1253312636
5619757200
354755
13131345
998010183
44554658
115150117152
116122118125
