1762
123157126159
4716750169
8823991241
5917762178
77898091
83398641
7221176212
6424568246
6723070232
2116024162
9217797178
133187138188
174164177165
2822032221
62896491
9113394135
158195163196
162163165165
82498551
32463351
169243172245
74687770
74287730
139204140207
178147182148
34763778
92839584
193212195215
1647916681
124217125220
73467451
104175106178
119150122152
177228179230
6912572127
1577115973
173183175186
125107130108
74197621
8122383225
7615381154
1023710539
1506615368
14331474
468969
18752276
74787582
157139160141
921812219
6924472246
33233526
117104120106
1473615038
55295831
1621520216
119243122245
39594261
23882591
142229147230
3620639208
89789280
165161169162
1497315275
50315135
131126134128
8710290104
137169140171
126129129131
1448414885
52078209
167247170249
135141137143
6515067153
5215755159
3117634178
152114155116
191125195126
1595516257
128147129150
1315616158
8115584157
1959519897
1713821139
1897419177
1852718829
133189136191
065366
1578015982
396428
820835
31583361
470492
3216433168
5210455106
64246726
41926194
23812683
1442915229
190225192228
1214914151
9215294154
47594862
41164318
174247177249
169229172231
136100137103
95589760
34723973
1723017532
102196107197
1333513637
74227724
1498315185
2822439224
104232107234
134212137214
165225166230
98224100227
2721730219
1116716168
1523815540
1226112662
91539654
2915332154
1007910480
13371639
1221412416
150110153112
115111117113
5421756220
119107121110
6596811
4521648218
8112884129
2412627128
3715342154
169203171205
3611141112
54775878
81158417
1276213064
182149185151
1411214215
33124012
6420166204
1617420175
8761377
173238176240
190241193242
8621064
147163152164
4619049192
4310048101
132230137231
2613528138
109184112185
8611488117
9021393215
8418787189
168183169186
1607716279
6396413
111229116230
1255913060
1037710778
10041094
95619665
86758878
1357513877
31305133
1155211854
4313645139
55935895
1129011592
4417749178
117181120183
98103100105
454656
1071810921
5313155133
3422936231
5021453216
3313936141
1419014491
7218075181
153119157120
8959010
2620536205
2420325207
1679117891
1114311445
65756877
1423914442
167163170165
466488
193167195169
90399341
7310074103
2414127143
184182186185
119132122133
30243226
114140116143
86908992
190152193154
1795718160
5620258205
172175174177
17601791
175178177180
9711099113
77947996
3314436146
7715082151
8516288164
22175218
152245155247
5021853220
56446145
32623464
4222345225
9210596106
6519569196
1907219573
75428043
1341613618
2913531137
185232190233
44854588
186122190123
514536
9023293234
2311126113
2917931181
1749517996
152236154239
2482611
6313465137
9113094132
3420136204
5920964210
1683516940
66556956
195197199198
34583561
78828184
129236131238
1526915472
143137146139
98158101160
104181106183
6113562140
117188117196
175124179125
4120942214
1769717999
823211234
1873818941
6613369135
126122128125
2319328194
96127100128
4512649127
1737717579
36693871
3916941171
135243136248
1958919890
1092311225
1756917870
107227110228
52945496
02012204
171156174158
3423437236
21765178
7616479166
82578559
94479649
68127114
52317234
132141134143
182160186161
179236181238
1385614158
4421947221
1167611779
104208106211
7815883159
1127711579
162126164128
1965319954
175203177206
3511738118
87558958
2618231183
5422657227
97106100108
02122214
084485
1316013362
047152
39784280
1301313514
1316513467
4810351105
1795518456
1902619527
120161122163
1851118813
109915100
90579260
3815740160
38354038
2715632157
161214163216
41554358
1076711069
8619289194
7013473136
66176722
158129160132
1335013553
2410026103
2245
1374514146
23313031
2516027162
4514047142
522563
1803818340
058261
5424456247
78298031
104132106134
1447614877
2620331204
174194179195
15271829
1367013972
1831018415
8017885179
1908919291
6616768169
87309031
4211245114
9212493127
149102153103
23432644
27122915
3022933231
1362213825
3618039182
016317
1333813839
2117823180
78468148
1839418696
36843986
166154168157
65716972
1743717739
174150176153
189128192129
187184189186
152126157127
106167109169
196146199148
2310725110
35623765
12199123102
1651316815
119221121223
178173182174
16211824
172205174207
6120063203
1164011942
299832100
5024653248
4010342105
191146195147
968310084
1004410246
38654167
9422197223
1657316775
2913032132
1654516847
64616663
4320646207
8421087212
20412244
1417614378
7323776239
34163718
90749376
8571159
1891219214
1025110354
4017843180
112123114125
1134011542
6614068143
7519276195
190221192224
11921494
111215114217
1758917990
35933697
106130110131
2211425116
8510286107
1422815233
75447746
169178172179
152194157195
236637
1464514947
5216655168
17801982
163172165174
692894
62306432
1406014860
129105134106
5319455196
8120284204
107173108178
1036710669
3720140203
15701584
149174152176
182236184238
3519138192
44494651
144235147237
1809718498
14891691
48875288
132212133215
1409314295
3217934182
106189110190
100196101199
146217148219
2811832119
7711880120
10851288
36583861
123199126201
85628764
136200141201
14631666
135184138186
63556558
617668
194240195243
1593816140
162177165179
66157315
177241181242
1966119963
123123125125
187159190161
1119214193
149130152131
15922592
100210103212
127112129114
157167158171
1614616448
35793881
138190141192
176155179157
18999194100
81039106
196139197142
78248126
138139142140
166110169112
8124585246
1284013142
7698
0217
1876218964
108202112203
128233131234
196919911
158177161179
8111385114
6920672208
1521718219
133335
158117160119
52745476
25522755
8522289223
17881991
104162106164
5114254144
107132110133
162247165249
1672317025
7720480206
69257227
1711617617
162182164184
4916451166
185102188104
184114187116
7616284162
9318196183
169238172240
441643
86498851
159211162213
6715769160
102245105247
2220824211
5122553227
111130114132
69737175
112174115176
193189196190
43234526
146131147134
123135126137
111197116198
1491015113
4410645111
5618258184
104237107238
7211174114
1134711848
1420917211
1346113564
180118182121
1066211163
1218912292
183138188139
719972102
127203132204
73257627
1884618950
5024353245
178126185126
182102184104
7513577138
182171189171
117150118153
1523819239
6720269204
154110157112
8616689168
1242012721
1717022171
5612758129
7019573196
5210056101
5022854229
10511083
10151217
158234160236
1462414826
18161848
1368013882
5611361114
5585711
165241168243
78328034
86379138
81398244
8651366
174145178146
69287329
6223166232
116117121118
7113774139
1342713928
99195107195
2515328154
1610319105
5317055173
7723679239
1328413389
82828584
74597661
19842286
191164194166
28623163
175100178102
1615916560
43464548
786808
110163113165
21835184
1403114333
3511937121
188117190120
081283
310342
9911023
42434545
5519857201
8712887139
8314987150
7811183112
130209132211
31544157
1546315568
169918102
1524719248
1911321116
149127151129
1714620148
7022772229
196210198213
1431914620
104184108185
156180159182
1563815840
8623587238
119812110
02485249
173234178235
143177144182
37224223
1611021111
68467148
114711610
157230158233
127159130160
16661698
162100166101
51565557
7224074243
1808918391
1813623137
161217164219
132103135104
220423
175110176115
3023231237
2318925191
69527254
30143316
9410796110
6918872189
156218159220
84739273
1943019732
6911071112
3319436196
117228120230
5810260105
13262126
8621389215
9623298234
137117140119
4223045231
7722080221
126205128208
186179189181
1555515857
127209129212
28773079
426529
127137138137
1431214515
01222124
168141171143
26872889
2613228134
286299
60416343
1378313986
695898
4814749150
99231102233
1548015682
4724649249
185192186195
9421597217
9613397138
4094211
2617029171
71767477
4319245195
132138134140
110179115180
1324513546
1598316185
32273529
169107172109
138232140235
108140110142
76517854
6610569106
1911619417
1606716269
71167319
067368
78628164
499751100
7117274173
127167128171
17661798
51285430
96228100229
6916672167
170161174162
156225159227
81308332
8819991200
8220583208
190229193231
138198142199
6621969221
85528854
119246122248
54705672
99234101237
38164018
2416828169
75928093
10351237
9961298
117169120170
61726474
57886090
67616964
4319850198
58176318
1689217293
1478814893
87659066
1423414536
1771417916
5724862249
5119652201
180133183135
1912222123
142132145134
3024532247
1808618388
5613159133
13651397
126158
104179109180
69117911
53905692
114150116152
4814053141
129133132135
2617928181
1648917489
1463415135
160228164229
153185155187
155142160143
1226812471
138172139175
1168911891
170159174160
81858487
89709272
2192311
6410765111
1777118073
1115911361
5385
197199199201
1257912880
69577259
188106190109
8815291153
183172185174
6911772118
112137114139
1568315886
164132166134
15321834
01442147
1362913832
424725
1269113192
177243180244
1407014372
1803018331
915312155
127191129194
1581916121
119231121233
102234103237
26932995
1933719838
3021033212
1822621228
1751917721
7218274184
141175142180
43784580
947410374
176121179123
8210184104
7812283123
72858085
7010571108
145193147196
791011
122178126179
1686816973
181193184195
2723129234
5622260223
8912191123
3616938171
183121194121
1123914241
719510197
32833585
158247161249
133223135225
6021362216
64516554
93939894
114105116108
179218180222
348389
143100146101
36243729
1789218194
142125143128
717919
187226189229
77598061
61518153
2114726148
1703817240
97289930
117100120102
142154146155
68837185
172141175143
1924719450
127247132248
1614019142
7319775200
3913542137
176118179120
110199112201
2022123223
180115183116
972210024
112186115188
1212812331
1405914859
186205188207
2222424227
42764777
144111149112
6317265175
1552715632
2024523247
9215593158
62686471
7311576117
1641016712
166113169115
73357439
1884219045
1710620108
2518729188
73527555
46235124
1973319936
17782279
1624916750
2022923230
1219312396
96245101246
144140146142
988110382
164151167153
51445545
73577658
150149153151
61159117
116129119131
132167134170
66697170
5520657209
4814250144
1831618518
1724019243
100122103123
01731178
1956619669
144147149148
173232178233
5413456137
132154134156
436459
11621364
1016410466
7520980210
1653616739
104235108236
62656567
187187191188
52358237
2213825139
6714468147
5210255103
68927393
50175219
71657368
176140177143
8212485125
3813140134
35333735
1188012182
11956196
41467148
3813941141
1416317165
915612158
1854218745
3616539166
8813791139
1620518208
1893019232
3324436246
624917249
109102112104
107157108160
97183100184
2522427227
59836186
4321245214
11031135
9410397104
2012925130
3722939231
1014112143
119144124145
5319754202
23842587
45684870
6219664199
138106141108
378483
37513953
993110134
147149149152
73867688
133243134248
9412695129
1876519067
6024362245
1867518878
142167145169
31543357
54535854
038141
1703517237
184140186142
172125174128
853904
1997019977
154101161101
5423356235
59946197
146233151234
1448615186
194184196186
6417069171
7216275164
3011133113
4218445185
2919231194
1218615187
6216765169
128140131142
2114924151
982510127
49665169
5319155193
137121140122
7813782138
120155122157
7718880190
1028610588
9720499206
1349813799
49915292
1826919269
7919782198
9614298145
181179185180
1906019461
61128114
154100161100
195247198249
2919731199
158149161151
123240126242
113166115168
143213147214
3324136243
6222365225
01811184
1686517067
139137142138
194156197158
161235164236
10251228
1496215065
2416628167
161138163141
86798882
1039410695
8714491145
19571998
65307031
1688717388
32403542
183146186148
7715580156
140172143174
170135173137
35363738
1921722219
50465248
9124293244
17571959
140129143131
7824380246
8598811
99139101142
1324013344
180228183230
19342734
52595462
117119118122
78678169
1109511198
3221735219
108193111195
196238199240
1705517456
61266329
2216324165
129239131242
31246126
97769979
1892819329
3823542236
186149189151
115207118208
152153157154
1018310485
1812421126
159161164162
113199116200
98170106170
914412146
175160177163
871912
3219342193
149217152218
57706171
1413317134
100173101176
3818341184
018319
112111114113
1741117713
111141113144
18131835
48845186
127243130245
1713019132
8916391165
8623289234
1146011761
180212182214
104206108207
144127146130
59766179
02053207
113201116203
87398942
922511228
148238151240
91102100102
178178180180
188142191143
5619559197
46424845
2024222244
31145117
1681617018
1817518377
1626516566
4020642208
52835585
41715271
164139167141
1635616658
172129174131
1344113644
3612238124
724712248
176133179135
9213695137
113120116121
187146190148
463495
976810070
196223199225
174223177224
6717470176
1304913251
139215141217
138221141223
28483150
4215044152
5914162143
128199131201
1316916171
191245193248
12301281
2612228125
126116129118
5211255114
8722790229
151108156109
22192521
6010763108
8423987241
1554316643
27212924
141206143209
59806880
133204135207
1893319235
168232172233
190189191193
9620099202
125172130173
7417879179
6617868180
9319595197
1012010224
8720589207
1585216154
1078910991
1717417279
1511415317
3310038101
11499116102
1359513996
5619258194
4418647188
83958697
7817580177
8118883190
178249187249
141914411
1512215225
34303632
3212235124
4214044143
6219364195
1258112784
136179140180
194152195155
9613998141
108118113119
3018733188
1236312665
1248812790
191132193134
1827818580
198160199165
158200161202
1315213257
154209159210
167147171148
178186179189
1321913521
149230152232
2921533216
1198612288
1601216314
1772717831
185154188156
143189145191
1042910532
16801721
178203182204
197118199121
47285030
5896012
01662168
184117187118
1642916731
5811281
371403
2622828230
138212140214
198230199235
2018323184
14031426
4818150183
43104414
177136179139
1003510536
7919184192
1491711
119136122138
1596216662
15041555
174136176139
1085011152
111208114210
9119294194
1796618169
85468848
12421264
1843718640
89969298
5124053242
2912031122
23982899
46895190
40904392
9219995200
1117011472
3622041221
170185
14098142101
1132211524
4622747231
699970102
9418598186
8117284173
9317496176
29413143
147140149143
155177157179
8222684228
169122174123
172181177182
1449714799
1466814772
57236025
20572358
9216294165
63596860
139229141231
122114124117
9214794150
1853218834
2710130102
187218190220
1532215524
4217150171
1223415235
196214198216
2111732117
119234122236
3668
189165190169
93249626
104123107125
1079310995
12799128104
1411517117
77377939
582785
1329013592
430462
1154311746
8123983242
140243143244
136157138159
93959598
10301043
7020974210
13961698
4516548166
21522454
42634466
4823057230
186209
3412737129
34543955
1575816060
5017552178
183217186219
55585761
95879889
1849018991
64496850
152104153107
19101942
145225146228
6412467126
8019983201
136813910
98133100136
1095311454
182241184243
4815751158
1417314475
1808118382
8324888249
77188020
12541456
8420786209
178141180143
132234134237
1453015031
2117223174
195232197235
22622366
82628465
121175123177
1728017582
1242812929
1366113863
2422227223
9122093222
11201152
171189173191
02412243
170115173117
30213223
135129137132
8021383214
48745176
6023961242
3622843228
161206166207
3419737199
17652166
150140153142
192719410
52975698
1637516478
1014110443
62108212
93779679
88619163
20952298
4621449215
1948019782
51795282
126119129121
156121157125
1110114103
1851418815
3823240234
6518368185
4619348195
179233182235
1517815381
98215100217
5914462145
90149316
81558656
1683017132
122110130110
6521667218
100222105223
23172818
150165
139160142162
13871688
9211196112
2220025202
158172159176
112194115196
1123614238
1522018222
7021372216
7619878201
1905119452
51428144
32125214
1178312085
2717530176
189103194104
76808081
118216119219
1214912451
5615459156
62207223
42734575
1244212744
1451614718
143175148176
104203107205
129102131104
85158718
1449414696
65976998
139109143110
19232224
147153150155
1129611498
1603016331
1715822159
1919021192
25402842
4712452125
23492750
8016483166
197226199229
152147157148
23222524
344367
34503653
1211913124
158103161105
142120147121
1756617868
6018563187
270302
51568157
56325934
61009102
150123151126
53875689
157240159242
139187142189
6612374123
7511277114
142103144106
145104147106
42944496
1492615228
62336435
7518279183
3511043110
157113159115
6914571147
1051110713
3023935240
17352635
186172188175
8818091182
1162411925
7118576186
1003710140
1327013374
7710880110
82738377
119142124143
24562659
28543056
1087811180
2417326175
162175167176
146189147192
144149146152
108137111139
9214295144
75357836
173220175222
19492251
37473950
137210142211
19601992
145245148247
196106199108
20552356
79498151
92619463
47494951
741943
8511988121
62448246
81808581
1821918421
3919042192
9515096153
191234194236
40854387
153216155218
1816321165
1519117194
7015971163
1072210825
150208157208
14711773
148144153145
6611971120
128161129165
144145147146
39684270
18431946
192180195182
1562215824
8423194231
54145716
1227712479
25702871
94279629
141115145116
16541705
129207132208
6223363236
6723670238
55415843
9215994161
108120110123
1928019383
1121013212
25642767
3616140162
1953919841
4720749209
13431546
9323796239
6714870149
4714551146
7014073142
132195134198
91649465
2922632228
168917111
36193921
23722873
111189116190
103104104107
8710589108
132174133179
4116044161
1839218893
1015810263
7512478126
9516399164
127185130187
2121223215
7811380116
57726074
89269227
34873988
132240135242
163112165114
133108135111
118178121180
5616658168
361762
158206160208
8111684118
1509515397
2114223144
1310415107
154172157174
20882291
1058210784
759878100
1537415775
11621194
123244126246
6111865119
32913493
2417231172
02304231
6924771249
8313686138
34893990
174196176198
6418668187
130174131179
1541415617
7201221
3314835150
79528254
21604163
1516315365
129224132225
3714241143
4123243234
985810060
176158181159
123187126189
7022473226
96359937
46934895
7813582136
46254827
97119100121
2111924121
104240106242
5123353236
159167162169
152178154181
91919692
3814941150
183213186215
6601460
7916882169
7320376205
98137103138
172101174104
90559356
960983
710742
148146156146
1905719558
7422275226
3610239104
136240138242
6613769139
9515498156
188819110
66516854
4519650197
167128169131
9820799211
638840
159166170166
1011513116
1976619969
1079610998
9619699197
3611439116
46464948
1411318114
1675616958
161816310
144242147244
153175157176
120111124112
120164125165
2110322108
1191312
186162197162
1817118374
40534454
6622569227
3810640109
11431156
6423367235
81908591
18951917
1324216244
3918742189
168101171103
1484215144
135218136222
1784318145
185818710
103215110215
1345913960
148121153122
193220195223
150134152137
101167104169
39814283
8924690249
141151143153
113225115228
125195128197
8813290135
9122895229
94129615
32016202
136134139136
1609616397
177196178199
106113107116
51145316
4212544127
143198146200
169187170191
140148143150
1801318216
2418125186
1619116692
8419987201
173229176231
116232118235
69497251
103165108166
1117615177
4216245163
137114140116
161225164227
1056611266
145118148119
1384014142
70607361
1499215294
141195144197
2619531196
1217315175
132180134183
1036010563
50535355
840862
185130186133
8522686230
173107176109
170113174114
110220114221
8721690217
130150131155
4111943122
77408041
147100150101
187234190236
18441885
153228156230
41314632
101227102230
086388
177176180177
5716164161
180918212
136202138204
363764
180123183125
1471914823
127156130158
1319313495
150165155166
137227141228
7022073222
134192136194
175126177129
4320846209
1457314875
164142167143
146165149166
107109112110
416619
6110565106
155200157202
188245190247
9514697149
19451996
8618489186
85868789
5610257106
38334134
1634217242
71239126
4921054211
1539815899
3314236143
81209120
12264228
71437345
154117157118
60306134
