1774
1567915981
1042411124
152170154173
158200161202
1306913370
1644916751
8112884129
122208125210
84468748
1361614117
9417496177
815310156
51925593
1462414926
820610209
1113113133
6114564147
912711130
55746075
137207140209
1028210783
98217100219
1109311296
3618039182
4510848109
51636167
136128139130
54395641
80268131
118172119176
72157418
1488715090
1120613208
190240193242
8021683218
7222775228
47245026
61856487
1921721219
5310256104
101191105192
1553315934
1394114242
74457747
593795
7215975161
1124012243
186187190188
3716340164
5216857169
154101159102
185120186123
163166166168
1131611519
194127197129
1307513775
3601060
4420746209
70337138
8889110
5316454167
163220166221
195100198102
2418026182
1238712590
117246119249
122142125144
2120924210
119195123196
23722773
61786480
117139120140
1295013252
26613162
82818583
129163131165
110189113190
189819013
185180187182
96228103228
111167112171
4615949160
3996100
2316126163
2820730210
116220118223
88629164
7211374116
156118157123
4813351134
423924
6619368195
4817250175
9211697117
8218685188
49910
1122011422
168152170154
180158182161
1787618178
3615338156
103129106130
6211122
2423327235
7512577127
118133120136
42394344
1597116174
31786180
144240155240
48215123
682704
2922230225
185196186199
1194912450
138229139232
3811441116
01292132
182219191219
19962199
1733717539
2119824200
177128180130
106245109247
4021051210
1623618238
150130152132
1046210764
109112112114
131103132106
1171911922
147214150216
1933519538
90149316
3820341204
820210205
115206117209
175147179148
92109413
5612661127
115161118162
02263228
124145125148
29533255
9614498146
2918132182
1412017122
017219
41217123
8215287153
9215894160
120230122233
151103156104
6411466116
1325913461
117102120104
131168139168
1571315916
1773117933
172199174201
43844587
183152186154
2217427175
122244125245
3417337175
124217126219
1216015162
111161114162
169122173123
755796
5614159143
173161176163
28108
3811940121
9618899190
1601316216
7110474106
9219996200
1006610268
171177174179
125220128222
9421396215
92589560
100106103108
1513815440
1725017552
136119139121
1034810550
15481750
12711303
7123374235
153205155207
116100120101
1815418356
3824240244
6416868169
55105712
144111146114
5219954201
2214525147
121134
69287230
8724590247
01802182
1041610718
159190162192
19299194102
142116143120
132122137123
1315513358
198239199242
47604962
150143154144
1238412586
181618210
151151155152
130222133224
177199180200
3922741229
1973319936
1421414516
6020961212
186100188103
197112199114
1236612668
3118735188
1668516987
1164112142
8915292154
90249326
1353713838
165222170223
98112103113
123107134107
1524117243
171226172230
60546356
94819684
14801782
1088111083
146158150159
50605362
1822322224
9014695147
1555515757
1181612118
124196128197
1661916821
184125187127
106167110168
3011732119
3519138193
5211155113
16661689
146194149196
31193421
1843718739
1031110513
167216169219
173131176133
8323885240
15621594
32176219
1263012832
165143167145
102208104210
1753417736
1231812819
6917071172
62646367
149139152141
1904519248
158126159131
27933095
153110156112
106151109152
30103311
101225103227
130177135178
1798018183
102109104111
60886290
67547255
70487251
65506752
1803018331
67567058
192220195222
146208149210
183243186244
95329834
103155105158
184112186115
39494151
4916851171
2118824190
64336834
01532156
190118193120
2516428166
177238179240
162227165229
184234187236
178166181168
32243526
8431145
124108134108
101217103220
7921184212
3319440194
57486050
1742117723
160193162195
118148123149
196161199163
186160188162
172233176234
1884019142
19631978
51608161
474506
1748417786
1344513846
592643
76427944
9112294124
165152167154
185156190157
4512248124
121197123199
107216110218
1245512956
157159159161
31133316
1842618629
67317032
4221244214
4110643108
1488015182
141221143224
5821663217
1543015732
651853
21802581
118216121218
130149132151
1225912660
129139132141
1671017012
7710379105
16501665
1585516057
5515557157
132128135129
104142109143
156156159158
3724539248
8411593115
100157102160
156137157141
119121122123
139138141140
1413416136
7423077232
137163139165
137222138225
41158116
93152103152
160102163104
25462749
166150170151
1596316464
94919693
167240170242
147150150151
146191149193
125248128249
61576359
2211027111
133139136141
158236161238
1609616298
65386939
195230197232
7519880199
8421587217
160126171126
3323635239
143134147135
813845
392415
8713588138
57225924
1767317875
125134127137
3918740192
17781809
6331034
54805683
1188612287
1271212915
168231173232
193233196234
166106167109
1499115293
108225110227
191187193190
1127011472
1653016832
8222186222
6114364144
4214647147
1217714180
1188812090
01153116
121155129155
151149155150
142138144140
1967319975
5816961171
151135154137
9019591198
168186171188
2118626187
3917141173
1616917172
4913552136
39984399
8111284114
1517515476
153216157217
67247026
1529415595
31333833
169155172157
5122154223
4113045131
5817761179
91969398
1714417346
2010927109
1188312085
1892219323
176194179196
1942219724
6216465166
3915442156
6615869160
6123363236
33873888
1405614358
332535
317619
160152163154
1196612268
177232179235
115128118130
2310526106
40204223
1518517187
11264128
5612860129
97241100243
8213286133
3516537168
6515467157
1737217574
141208143211
2417626179
104121106124
8822991230
1355813860
49845088
1584316145
156198159199
34943995
6420966211
3813040133
1654416846
110137111142
48775179
8324387244
42349235
781812
124215129216
62269228
1376613969
1021911222
4811951120
6218765189
93219523
104225107226
1122311724
132130135131
3014332146
178205181206
2414229143
9320396204
51255825
71707373
60916294
175172178174
136175138178
1899719199
77488050
1565215854
113247116248
135107137109
067368
92619762
144104147106
105174108176
2124723249
144180147181
1675616958
2611729119
7715679159
121102126103
94199820
1181412315
143141145143
179184181187
1691417216
125170128171
1831318515
9613599137
8217485176
1964019942
149225152227
9710499107
1165211854
1667
78138016
1628116682
173117176119
783986
74217624
957989
90899490
3219134193
7313075133
9621199212
118206121208
76917894
1814320146
187120189123
44414743
2522628228
111195112198
1612621127
126152128154
140238143240
56866087
5624859249
19342037
167178170179
87879188
1462814930
60956298
179120182122
1813623137
194144196146
108136109141
6624268245
821852
136240139241
19182120
1062511126
5520359204
40134315
155135160136
2112926130
183159185162
421472
7316576167
7618979191
8014482147
71767477
1729317496
141136144137
7718080182
167220172221
330353
6614168144
11334135
165128166133
140130142132
182109185111
1882919032
129199132201
15041535
176211179213
1377114073
3811141113
3718341184
8111583117
313516
19601992
123191125193
132181135183
176135178138
3513840139
124181126183
17831815
11401162
171150172154
1510018102
11341436
2810930112
4119246193
3610139103
10041036
26782980
91339435
4912152122
196201199202
2221524218
7416982169
178163181165
100122103123
1391814023
152128157129
1210014102
917513176
102235106236
1318917190
4617147174
02182221
1695117154
178149180152
1666816970
7118875189
193103195105
1554315746
02133215
12881590
6424767249
8911393114
1714717449
6510768109
1215616157
4523147233
185487
5015952162
1664116943
26192724
1156112062
1834618847
01681171
123120124123
1264512848
2520727210
9313395136
78658068
99233101235
49485250
125118127121
153174156175
1617319174
157103158107
9619197194
1212415126
62219223
6022362225
7611979121
4918653187
1221914222
1707117274
912411126
157194159197
1781617921
101114103117
1205612358
6220963213
95949697
107235111236
1923423235
181201182204
9216494167
8824291244
62686371
1877219074
49405143
8416186164
1521615518
106184108186
339938100
2814935149
6413773137
1556216462
7720081201
183189186191
1319615199
1907519377
1177011973
599964100
1906419167
1875619058
3917442176
92879788
4220245203
6824771249
8520787210
02233225
8814991151
2122624228
177118184118
189103192104
1598316484
167238172239
2615530156
150209152211
87509151
102180104183
3618738190
111176114178
01451150
149107151109
8613988141
163243166245
168167173168
141186142189
177101179104
185227187229
116105120106
2114223144
5814460147
145116148118
143198144203
16741715
45304831
1645616658
5317956181
130913311
9901192
180232182234
4719349195
34343736
4024743249
1051911020
145199148201
97729975
16141646
3112032124
19232126
38554356
161179164181
2312626128
186205187210
146187149189
2716232163
1765017952
1215014152
6524070241
1120313205
1806718269
5519257194
6512468126
1461314915
1463114933
02325233
7019971203
84248925
179225183226
2615229154
3317635178
1463414935
1378713990
3013032132
1448614590
141102145103
149160153161
162247165249
1402914530
181199184200
7418577187
5522357225
80528354
1115314155
77727975
19331955
2614429146
8021984220
44464748
109107112109
9515698158
78798181
1089310996
75807783
9112094121
1316613468
4914351146
1373514136
148173150176
7111074112
1019012193
34373739
171247174249
8518188183
1195212154
186200191201
30643366
27153017
1844018543
1735717758
1583016132
119181121184
52735476
1992319930
148184150186
34553757
101173104175
117228122229
8118184183
73317633
184149187151
172204
114133117135
45674770
180209183211
141193144195
196919911
160148162151
6914372145
43254527
173154175157
4117744179
192164199164
75147717
9223194234
144158145162
3021435215
78408241
124198127200
152243155245
184208185211
104244105249
110243114244
38654965
125126129127
96359937
179135181137
1120114202
1212715129
1866918971
158117161119
136179140180
155113160114
3018535186
113125114130
15599160100
1828318290
1132711430
7220176202
2121122214
148181151183
11721473
98126101128
123234126236
5024652249
911310116
184237186239
1466315064
2214824151
161177164178
44134615
1818620188
158172161174
1466514966
3510740108
1465215053
3923344234
1689617198
127238129240
7621679217
1481915021
121179126180
1118311485
3311034115
1569715998
7224173246
5221055212
42714374
189105190108
1321117212
19201952
879990101
3111032115
1023410536
113131118132
6721370215
105237109238
70107212
46864888
1959319994
130202133204
75107811
114179115183
1506515267
117230119233
2712030121
83898592
183128186130
116182118185
154229157230
71837385
51368138
198129199133
1943219634
8315885160
131188133191
1426114563
132112135114
151221153223
3620337208
21946195
166247169249
358859
1411516118
131231133234
96509952
1382414126
150193155194
13291531
190198199198
106241110242
78248325
1789618098
182240185242
163207166209
16531954
1262012822
1741417716
915711160
146102150103
167243169246
3311738118
142814411
146140148142
1516015264
1012410327
2724629249
114227116230
9023593237
1843018731
18492052
19882489
7621979220
156151159153
6015562157
1511220113
59706172
1811921120
79888093
16271929
280582
10291232
2419427196
138199140201
152108156109
170215173217
6811771119
5916162163
55195622
63896691
3216534167
4919652198
20422344
118143120145
100211103212
173172174176
6022863230
8617491175
88469247
163159168160
105233109234
46365037
191214194216
191227193229
174121177123
98208101209
57166018
139176142178
134154137156
185132187135
147100152101
127142130144
1711620118
170244173246
100119103121
15111813
117239119242
42057207
119221121224
7713581136
354855
45524854
167155168158
148179153180
47755176
31495152
139242141244
114119117121
85118813
1393114432
2521527217
188227190229
133226136228
1597516177
1861818920
135199137202
41304233
9151316
9321795219
31583659
36203922
1008410485
178142181143
5095310
1417114473
2423627238
107178109181
1468514790
4315446156
1494115143
163218166219
110159115160
131145134146
5817563176
1387414176
8820890211
35294030
5412855132
130215132218
36723875
6922972231
105177106182
58665969
119243121245
145136148137
24432844
361383
134208136211
52775479
7523482234
78828184
31546156
1875119252
3823040232
915011152
1631216416
8015782160
4517946184
102810510
121118124119
174137175140
124184129185
1720720208
1616516467
140181
1178011982
71979199
4010350103
1116511367
1677416976
1151311715
111163113166
2111524117
5020753209
1949519797
721310215
161162164164
100136103138
30563357
1327113672
6914071142
172135175136
11581460
1603316335
5911061113
137125144125
3311934122
107209108213
1911119413
132161134164
97171100173
8918293183
1131011711
154161156164
5520262202
1349113992
2916431167
1501415315
5723760239
4010250102
11821213
1932919631
39434146
75987899
9523298234
113217116219
173220176222
939996101
6221466215
14141616
1368513986
5384
168189169194
37693971
1488515286
559858100
1966819969
9214894151
1337313674
1912222124
1799118492
165188167191
8871189
6310365106
49695271
192147195149
719410196
125139128141
6815270155
6811371114
14701502
2215225154
1125111552
1615516358
5513657139
83398542
6813272133
162169167170
1066910971
193237198238
3712338127
17302032
23292830
98147100149
1727717778
127103130105
3421637218
106157110158
73587660
1224212544
4316844171
135160137162
8518987191
126128128131
163195167196
7511277114
80858387
984610247
2522126225
114153116156
175111176114
12294231
916810171
107162110164
186202189204
194179199180
113107116109
1395914360
1615916560
1379313995
5211755119
148104150106
67466949
153232156233
139133142135
1792518227
121200123203
196222199224
148127151129
1158411787
6822671228
1926219366
88589160
5021553217
160165162167
821611218
4518548186
720743
83498651
6014063142
3316035163
124201126204
127202129204
127180131181
1216815170
1853419334
1147411676
2013122133
8220283205
174104176107
123224126226
69707075
128241129245
73417543
44894990
74357737
84528754
4221843221
1012310823
134165136167
4815752158
1106811369
1878419086
1275713058
1518715887
21562458
2619231193
138105140107
143212146214
7816681168
72617463
105138107141
1104611348
82268926
12401263
103202106204
89369238
34763778
8417085173
115195118197
21422150
02393241
108169110171
169135171138
137212140214
8521989220
159211161213
10799109101
1419514398
16441747
153115156117
1583816140
138215143216
5513458135
180132183134
1533315437
5515157154
173150174153
1447714580
11841215
102170105172
7716379165
89559257
3614539147
1866618968
134238135243
7510078101
95449747
192217194219
14371639
27903092
153224155226
97829985
9412597127
9514298143
134204136207
113122116124
106192109194
194135196137
102244103249
9524497246
13151347
140163142166
18301881
4211444117
5815060153
35493850
02484249
63436744
1475615058
113151118152
425466
1711217413
196174199175
176156178159
2010724108
177106181107
15861608
1861318816
121110123112
70787579
1524515448
1268512986
7912680130
2917231175
176209179210
164171166174
57516053
5112853130
108228110230
78178019
1406414267
152122155124
195108197110
3921741220
187196189198
6417468175
1901919321
5718059182
57786080
6414867149
4319446195
3122534226
1218414187
39244226
25852887
979210094
679968103
60666169
1342213724
32205222
8812090122
124112128113
101161103163
177241178245
1019310494
131169135170
2717928182
3314136143
151145154147
1423219233
125241127243
127188130190
52885590
121145123147
3012534126
175175180176
1626816570
1507815479
1692117322
123228125231
1905319255
1523418235
8119084192
1206912271
1678017082
170195171200
5822767227
120237122240
8821691218
61277027
147228149231
1935119553
3621338215
361862
4020743209
2518827191
13971419
1013110333
4823253233
197145199148
145138148139
31966198
1782818329
7521178213
259727100
52425445
154222161222
111240113242
193168198169
1811318216
187238192239
141104143107
28733075
162127164130
164146167148
8617891179
124188126190
2320426206
160219162221
110120112122
9713098134
64116614
2122924231
1529615598
42399240
6616371164
45324734
5924061242
1005710259
150164153165
49725174
7224775249
6912071123
18662367
161205162209
166114169115
4419847200
01013103
4820151202
51427145
26763077
5423956241
12561288
127168130169
41896192
160158162161
181177182181
1489415195
9014392145
3614838151
44444845
114136117137
120113123115
1107311375
55455649
56315734
3493711
49575259
53635466
143165145168
1331813521
139116141118
4918950192
1311016111
173101176103
82288431
1624418247
180172183174
1909419396
3511337116
8013181134
1241012911
3621039212
104113106116
1099711398
1111513117
130241133242
1718117881
8412087122
4111943121
1431714718
170148174149
104161106163
586627
4374510
140121148121
1294713647
26652967
2721829221
1346213764
147217152218
103222106224
180113183115
7220775208
1457214874
1153211636
1481615118
9516797169
146166149168
133100142100
181214190214
7210276103
153130157131
51975499
142147143151
13681769
182135184137
1504815151
5123953242
87969098
167185176185
56135815
1692317224
1612318125
91319432
124129125132
172126176127
1157011673
055257
9417096173
163236166238
1124111542
1224112941
1496815270
5524258243
2015522157
266288
558658
196118199120
189145191148
61508152
5723360234
1515515457
6424671246
135101137103
139151141153
1266912971
9021992222
172197177198
1610819109
20822384
165199167202
5913563136
51138114
121160123162
1125511557
101241103243
129101134102
1237712580
78338036
1036510766
40784281
02453247
3024432247
1275913160
191231194232
4720549208
1798518188
48465347
1253812740
8716489166
186240189242
1343313636
23522555
3417036172
7419376195
73277530
111153113156
1838818690
9621264
153246156248
16799170101
7671268
9519798198
56925795
187168189171
1755417856
7181019
167204172205
1474415046
160105165106
1229312396
114189117191
3120933212
1386114163
7310775109
73648064
11099113100
129128131130
6223864241
9322298223
134188137190
144175147177
1841118812
61089109
1194512247
6917370176
21674169
9113794139
190202193204
3623838241
2321327214
188180190182
2117723180
1839318595
42514453
1139111594
4922350227
18852187
1335013453
164234167235
4722448227
127223129226
190167191171
178190179193
02023203
1103811240
167213169215
2916832169
2410128102
121104124106
2120124203
16981729
8823191232
46274829
23682471
4621848221
1891419216
7317982179
71738178
197233199236
8410086102
1322713728
1952619828
120185123187
83648665
163182164185
1818321185
168143172144
5312056121
1123514236
104227107228
1094111143
5522160222
137113140115
38914193
171112174113
8219385195
1869118893
1361813821
8710988114
42417243
1817022171
37803983
8410986111
220252
156240159242
978010181
172158175160
135194140195
147143149145
8619689198
188223191225
3121633219
174223179224
9222895229
1716220164
12441545
103195106197
67927293
8210485106
49315233
118124121126
123237132237
64596661
1619518198
63466449
9417996182
1899119193
1837218674
3424237243
4618748189
113195114200
1854818750
140143142145
4819951200
146164149165
739942
6418467186
46104911
1241212615
111211114212
17601791
189100191102
22232524
5910262104
4714049142
3510937112
90199320
1149811799
1653616739
1514818150
1022813230
141218143220
9720499206
1872518928
8612589127
10599106102
1637816680
6211067111
97199100201
31403342
1021910422
1253312735
58326133
5122452228
173208175210
048251
806857
5418757189
4314848149
1409214294
78458147
129112131114
7417476177
21592560
68157117
170115172117
168195169200
8016483165
45515251
135913811
43754676
177125181126
5510757110
139191144192
5217555177
6115864160
83138417
114167117169
7717578178
163149165151
6415067152
2513628138
1306313364
01837183
6216763171
20612562
177111179114
1035510557
6610469106
191181195182
613816
39884290
467489
173202174207
60286529
9013093132
213244
175246177249
190137191140
154125157127
156225159226
95289830
1008910291
6024663248
26252728
31476148
51175618
1128611489
17398176100
7818380185
714746
152181154183
1715120153
6114863151
163121165124
1815718359
4115144153
194185197187
185118189119
1391014112
7220575206
3423137233
124186129187
94719673
189161192163
144172146174
137226140228
6296314
153234156236
5119158191
14201442
38374139
65856788
61826484
1611016611
4420446206
173115176116
170139173141
84848687
3310135103
1914721150
9310496106
134222136224
119150120155
2720430206
88219023
4415747158
289591
17621965
2020920216
22252526
91399342
5220254204
1105311554
8015482156
7121373216
