1731
166242169243
186199187204
1115811460
115195118197
188112191114
111184115185
151148154150
1211015112
65866788
76557857
8617288174
146514710
52217224
14491751
95359837
1897419177
6019662198
193171194176
183128188129
47394941
73807682
9331235
1596516168
167156172157
81508353
51508152
121117123120
6561157
182146184148
2922532227
55935895
192245195247
1535415556
812311124
137178139180
1292613327
47755176
1024713249
3713540137
5120353205
1499215194
158247161249
1787618178
174141177143
16901794
2615529157
1401814918
51665368
988010182
78648066
572604
59126115
177114179116
1598516188
5710760109
160219162222
29213124
2122922233
159126161129
1731617519
71127413
179230181232
1765917763
77898190
166158169160
196236199238
132165136166
176152178155
118127121128
7322576226
3919742198
107173108176
1947219674
999210194
3310836110
85468748
93389442
2915132153
3522039221
1088811190
1854818849
2022122223
142178145180
13791681
122107124110
122162125164
17162018
7224173244
4015542157
6821269217
1762817831
1069310895
190148194149
135119138121
1292813230
143198145200
4521148213
1591016013
147178152179
191162194164
171221175222
141152146153
44724774
54685770
910911111
114187117188
57446045
7712978134
1894819250
1306913371
105122108124
170147173149
6324664249
5416959170
4416248163
5522658228
1111611418
55885890
126158131159
6318066182
75447845
42885388
138105140108
13411643
159245164246
5311954122
8423588236
170196175197
134231135236
01762178
120211122214
72257726
1910321106
9623998242
530733
8612589127
1213416135
5117354175
1564415945
721711218
7810080103
90559257
162227164229
9714398147
1537015871
113243115246
87259027
59856188
6521069211
1806318265
151113154115
4916253163
8121884220
181240184241
161130164132
1317713282
50695371
34893890
152206154208
8416586168
2611728119
118221121223
37224024
118246121248
8019991199
833864
1002810330
1796618268
2613828140
8417685180
67246926
73597561
1501315118
82868489
7716280164
3393611
188227190230
12671298
182187184190
1634316645
2320725210
192165195167
154199156201
1767317778
6514368145
100186102189
2716530167
7815281154
157171158175
16741976
87348937
354376
915011153
6417366176
1014510447
175239177241
1921721220
1246012662
981910021
1419314297
7524576248
059460
1304413246
1922421227
917512177
2018023182
5422458225
154191159192
168117170120
1575116053
131122141122
8022982231
12581560
9418097182
120144125145
150128153130
1347313577
5023553236
79298132
125107129108
7112174123
48905191
66836984
191228195229
182220185222
140109145110
677708
1639516697
9418497186
13721404
1521617218
3918943190
107183110185
137242140244
141104142108
102236105238
1801818221
157111160113
81999202
1719419196
130186134187
140196142198
7417077172
183121186123
18492150
3924342245
1389214095
5321956221
5415156154
181244184245
168248173249
5016953170
148146153147
2813632137
1886919072
4312045123
126211129213
4811051112
1903819141
8714190142
975810060
28853087
973810040
2418926191
13951427
4122642230
134101136103
150160153161
49595161
120204128204
1275813060
114232116234
7423176233
138140140143
1494115442
62846585
1014313145
165224166228
59386140
1128011582
103156106157
27583060
9617298174
183179186181
4622849229
43284630
3121433217
1346113763
146119147123
154145156147
25342639
110109113111
1036310566
20722374
3322335225
1729817699
1715519157
7512382123
7117173174
717739
1184412047
104195107197
1442514528
1843218634
1443414636
138146141148
1582116023
176176177179
93259528
2922832230
4819851199
18399187100
7321176213
4621750218
196139199140
193118196120
166208169210
1416114463
5318258183
4118344185
5414857150
61948196
5519957201
2515228154
7117575176
1949619997
69337036
163187166188
1955619858
140170143172
2224025242
51415149
5317956181
106106109108
4420647208
8121584217
1756717869
17999182101
101145106146
4615548158
1099211195
4421447216
122183125185
142113145115
147127149130
128101131102
104132107134
161203164205
133191135193
148103150106
4813251134
115160118161
37964098
138129141130
181216184218
1702917231
1751317815
109192111195
66346836
101137104139
7714080142
167228176228
110186111189
153193156195
6524767249
1156011862
49505252
9010192104
90789182
158135160137
3419337195
1779117894
1689617198
107209108212
60546256
191155194157
223525
9521297214
142220145222
1946019761
120200124201
1422214524
171216174218
1551915721
9241126
93849586
1924219444
18451876
7113673138
37273929
1367313975
1521315515
1717420176
131168134170
7117772182
33463549
7714480146
114123115126
4820550208
7920781210
1604316246
10999110104
02134214
124240127241
5323356234
1324713648
133239141239
198158199161
1097811181
26833084
5310656108
126167129169
765806
7221775219
4819652197
1711217414
107237110239
15311563
8911291115
1701817221
683714
49565457
1423114336
192219195221
7722480225
84328635
117227120229
139191141194
1758117783
193189196190
71799182
147168152169
121159124161
2922031222
1592916231
6319465197
1017811182
11201151
173154175157
40164218
24722674
043345
191121194123
6514868150
104162107163
01872190
2116023163
31823484
9212094123
1164111943
1414317145
112138116139
35323833
125177128179
1075311055
160206163208
1165411956
7224574248
1852618828
01543156
8212985130
2221726218
89909192
176220178223
34513653
179187181189
112142114145
99239103240
122217124219
6319865200
3412037122
125199128201
1457314875
166198169200
1922619527
1126111464
92228100228
4623248234
2919631198
141186142190
1058210884
82598363
178129182130
145143146147
94119912
51635365
17672069
158179159182
163816411
9361238
169134171136
11601175
6518768189
142135145137
79578458
1474114844
1293413136
123188126190
63296730
4716749169
1372714029
66777078
5715159153
1316213364
154135157137
1138611887
115151123151
1020712210
20612562
182116184119
146111149113
21332435
185212188213
153151156153
2723129233
171166178166
9519697198
3912841130
169132174133
86628963
8116383166
26113112
26642866
1396814369
52388240
25883089
312811128
74677768
151134161134
8410089101
151132156133
1662116724
144148146150
140191
92229100229
13201522
180179182182
194213196216
487519
1852918731
45694771
87218923
116146119148
6524468246
114174115178
7421477216
1482315124
159103160106
8521988221
1205712359
17931815
5020953211
146116149118
69307132
42585158
1696917271
129129130132
1031910422
113130115132
151237156238
109121112123
98212100214
1051710819
1533615637
561763
100157102159
88959098
5121654217
161225164226
44404643
1609116294
186205187210
1422717229
2222524228
9012694127
153182155184
13101333
7212774129
6413867140
5214157142
172201174203
132205136206
136158141159
3921242214
2011123113
6322568226
2210324105
49455346
8120083203
5913161134
135218138220
137162139164
3110034101
1651316617
1475615058
7223575237
4921951221
8220485206
709872101
62079208
5224155243
188206190208
1620019202
128152131154
166161169162
1247412776
4423045235
4013343134
71717472
103232106233
2910932111
45494851
1819318494
105244107246
7919082191
43594561
3793911
187121190123
8424092240
6919771199
93579659
194168199169
1018310485
1316917170
172186
9223395234
5923362235
2819333194
2517027172
49475448
6816270164
6122263224
9831034
17391941
01513153
1882919032
4510248104
190173190180
41699170
1121911521
3314934154
1705717558
92879688
99127102129
59946296
43184520
8519088192
6275
189164189175
26212824
170162177162
107235111236
40124314
6913371135
16701701
1964719949
9531255
102234106235
192201199201
890921
1489515098
179213184214
191124194126
02432245
3413336135
184124189125
2324326245
133178136180
1467014972
3311135114
7417378174
1623918242
1663316935
147132150134
1743917740
118101121103
1122014222
41414344
10251076
37844185
108119113120
180114181119
130220133222
125129128131
1497815280
144167146170
9515796161
1924519447
1187412077
1310516107
104239106241
1223012335
112160114162
73397640
0051
3811141112
9217797178
3421437216
146200149202
113105115108
164222168223
186159188161
70377538
122154
195147199148
185164188166
1431514517
10281230
6118362188
142175145177
14151617
37944195
1153812238
127113130115
1931819620
3617738180
1787218174
1124111543
291692
106159109161
60806481
186245188247
21614163
1385914062
14911523
1110014102
1813518437
0217
103170106172
147195150196
1453114833
189191190194
1604716250
975210053
39810
8924792249
140247142249
1761717919
159172161175
9410697107
51217123
1397814280
1018812190
13441646
129155131157
1029110494
8718490185
140208145209
68167117
176192179194
174167178168
8119282195
711211113
1856018665
5917962181
21152318
196239199240
11781281
162242165244
1222812529
1048610589
3124434246
8213584138
6823771238
1311413316
13041318
1882019022
1214915150
152615310
1562415826
5723662237
1214112344
42464449
9219995201
3415539156
123171126173
103228111228
110166111170
103202106204
1214912351
469849100
1011710222
862967
23582660
2921230215
9123796238
136240141241
124150127152
117138122139
180124183126
185227187230
1349513697
94449548
158205159208
1128811590
151244154246
154196156198
8513789138
155162155169
637840
3822440226
1309613397
4211545117
9211594118
8215284154
107171111172
5817762178
1945319755
3821049210
1817918481
129204131207
150215153217
6315867159
60101
9511597118
13901441
155154157157
181170183172
149107151110
1478115083
11021125
60826483
9715599157
170106172109
94549756
1067210874
176195180196
6810971111
3322838229
9511997121
130108133110
172150175152
5214355144
1735917561
1156812069
6914973150
152118155120
23842587
1173412135
1688417285
1144511747
7912782128
11321155
239540
1876619068
99245101248
114203119204
4017144172
66316833
43624564
122127123130
1412615129
21652467
1502515327
68917292
984610048
1256512768
1113711240
146140149142
191230196231
62396640
34593761
131246134248
8921992221
971010
134196136199
1915419357
1028610390
1617816381
58206122
1397014371
1339013494
7718780189
50375239
1831318416
157188159190
173127176129
951710018
126207128210
60166219
107224110226
1478415285
14521484
150202161202
2254
111140121140
7821680219
115141117143
86908893
611634
9113394135
1916719370
169141172143
1744417945
182193185195
7616781168
2624729249
176246179248
2823930241
4315545157
4021842221
180201183203
187130189132
183161185163
6416766170
7618079182
117234119237
8720592206
18501891
4612048123
437469
2214023144
6224264245
2512828130
104211106213
177149182150
2710130102
81418343
012314
163150166151
111124113126
120165123167
41754377
15141565
1286812973
171100172103
1827418576
1536715569
1371313916
1606916371
5323156232
191100194102
7824383244
77788080
96329934
5722160223
6510068102
83948499
1337813680
2724430246
152173156174
17422043
89879189
100194103196
48225124
1946719669
18001841
5314564145
133125134129
1423718238
156228158231
9810299105
124155125158
175132177135
8716389165
103189108190
192114194117
109112112114
130223133225
141138144140
173109176111
105112108114
119175122177
3610538107
3518938190
158154160157
104103107105
7021372216
3024733249
1706117263
9622098223
112179116180
1549715699
1086211164
158151161153
02341237
62206522
147150148154
621910220
108246111248
138233140235
2912732128
919411196
62506453
830881
52955497
1084810952
1401214117
125217126220
142122145124
1237712580
93669569
84738774
1386314065
111217113220
183247185249
3815940162
31383341
972210024
10971129
71557556
4821451215
1059010792
1656616769
198182199185
8421187213
5022253224
1316513467
01422144
3721739219
4110944110
41758176
178141181142
35543756
976910071
1315314157
137101139103
5819462195
157193159195
27383040
177111180113
1983219936
147148150149
20292231
84238625
171137174139
812012121
947969
126221129223
112240115242
31623464
1710922110
163142168143
191194193196
2123724239
7022072223
1755518056
155176157178
57726472
8510487106
6991399
3015533157
1815618657
42944596
74737874
1622119223
82908591
175199177202
116107118110
144171146173
126192128194
163214164219
90149217
8318984194
152185155187
198162199165
165165168167
58256127
3520740208
575607
108179111181
112199114202
113206116208
1545715759
9211194114
2417326176
149170152172
3515739158
4823951241
19471978
1705517456
183176185178
2715831159
8923291235
143101144106
1320316205
81339136
713912140
1261712919
158216160218
1922819529
165916712
51125414
190118192120
1623616438
1323313535
34373739
102191105193
187147189150
107240111241
1398614189
2724230243
747769
174180176182
4322245224
9121796218
918313184
96201107201
111149114151
157224160225
1231612519
83448449
49285230
2314728148
1521615418
52605462
237538
101118106119
1547215675
181191185192
1466714969
1161611819
192224
59596064
7011373114
189244191247
172119175121
8214485146
1465214855
5512958130
180106183108
76107912
153170156172
4817049175
134146137148
151102152105
777809
31825185
129199132201
45834786
7410177103
191222193224
1088611287
78338135
1587916082
167150171151
1495415255
5014853150
6410967111
2519928201
84388641
1648616589
115144119145
4621948222
5914062142
8724189243
4814749150
29653167
60236524
9121294213
23212524
163162164167
1023813240
184182186184
47315033
154216157218
76178717
2319724202
7616580166
1320715210
122205125207
135137138139
70857386
176120181121
48255127
126195129197
107140110142
1615516457
1614719149
7320675208
1815823159
7714386143
6811970122
7024981249
164152167154
107220109223
533564
29683469
21262328
1913519536
128164131166
196222199224
1438014682
1892619128
11561188
234536
3424238243
98113101115
31143416
1404514148
154130157131
1716520167
1206112363
1016715168
3623543235
8520788209
175100178101
79748375
017220
138133141135
110221113223
7416575169
35663868
1963719939
4818152182
181196185197
7920481206
178137181139
1895119253
171122174123
100215101218
58706371
3023132234
4914151143
1566415769
4120443207
1862318925
34853688
8510289103
1323613537
109115120115
131145133147
1916019363
1562715829
1648316785
50345236
919793100
7614784147
194180199181
1013910441
117205121206
151124153127
815847
1832118523
186162189163
188203191205
188115189118
1891519217
5413656138
164103169104
81218622
56795980
8021283214
172134174136
35403743
90349237
198191198200
108133110136
2311426116
124192125197
26612863
261464
1773518036
17291931
1712322124
1459314894
1217412376
4074210
47775079
2618528187
168189171191
190169192172
154142156144
1407514476
161230162233
5016753168
128241130244
182137185139
1927519577
6717670178
64436744
18861908
1417416177
87609261
711411115
127188130190
79458147
149218152220
180210185211
1746217565
1816820170
65526755
4322646227
7020975210
116174118177
110158115159
125234128235
105115108117
7311676118
61019103
107109109111
123244125247
1877819279
1912119323
8618688189
179165182167
92899394
1611016214
191177194179
2721630218
134201136204
383415
72167518
423446
96259926
1332813630
7816981171
116129121130
1766417866
54395642
54435646
103147105150
40544257
710751
188133191134
1495915261
156164159165
10391241
38434045
80548356
184231188232
165131167133
50725374
94244102244
2116523168
1084611347
2816832169
178239180241
1626516468
145138150139
1361713919
6213365135
9018293183
2416827169
118135122136
2913832140
174171176173
115198117200
123135126137
195149197151
184108187110
3618239184
56355838
135134137136
142158146159
7315175153
175212178214
191138199138
62318233
7120475205
7924582247
987210075
165214167216
7410777108
6814073141
106152113152
177117179119
1481014915
61439144
1507115273
9316696168
4915253153
3215834160
112225115227
1479015191
3516636169
9711272
8812191123
116105121106
977999
1583216035
114247117249
1157411777
163158165161
295398
44524754
157196160198
6924471246
114217115222
1859318796
4517648178
1687217074
138225140228
21736174
634836
4712448127
18212222
1609516297
428929
2020922211
6217063175
160182171182
13121614
2416526167
198202199207
2722528230
57165919
100810211
6613268135
923012232
1372014022
1655616957
7813581137
108162110165
143247146248
2410926111
3412536128
17701792
80928593
179204182206
1873319035
182111185113
65636865
01792181
44754678
1623916640
142193144195
5216455166
92230100230
143213148214
1318615188
96619963
31853387
47354938
13641467
7110273105
9116294164
1015610458
127171129174
17061729
1507415376
27153016
172212174214
7723079233
6815770159
194182195185
2011422117
141154142157
9512698128
165189167191
191225194227
90519254
1736717471
6012563127
148119151121
162126164129
183204185206
76158016
117207121208
126184129186
155112156117
159124164125
36183821
56325934
4217844181
20752278
136230139232
139218141220
1816020163
1506515566
1166311965
122168125170
1868518987
3124033243
65496751
1793818938
132123135124
12801303
8681070
106166109168
323414234
1026910571
1037510577
180246182249
70247129
8521486218
118230121231
183130186132
1855018851
161116162119
19232225
20382340
122140124143
3912042122
109208112209
25133014
61669168
19852286
111196114198
6010164102
153247156249
77277831
2621328215
66957495
4724852249
79948296
1017012173
155239156244
77238024
71357636
1066710969
1836218465
1928219584
106147113147
8118785188
1064110943
8431145
125140128141
167121170123
176190180191
187233187240
177242180244
2711228116
3313636137
102113104116
2321125214
8914392145
61476648
180162182164
1446914572
5424658247
195114197117
9511297114
117232120233
1579715999
129216132218
2310626108
1341413616
39304232
30443247
2314932149
41355140
151198153201
142241145243
173242176244
166229167232
156162161163
1714217443
40864189
9716299164
136215139217
1921119414
13541369
93299532
168144171146
161120164122
76617963
1634616549
509853100
135246138247
105179107182
4912152122
170201171205
4514947152
5219355194
156166157169
382482
149162151165
154224156227
77377940
157149162150
158169161170
55135815
1226912571
9279310
176215178218
51609161
1564815950
1076511266
134104137105
38774080
8416986171
3117935180
170198173200
129161131163
4114143143
1913219433
183198185200
184235186238
150203153205
112187113190
4814450146
186191188194
61867191
7711480116
1720322204
1837018771
192919610
186196188198
31464150
1262812830
8414987150
4916451166
1036010662
189212193213
4921254213
1679317095
5010252105
4512848130
17262028
133153136155
01472150
1977219974
137200138205
73197621
1889619099
1412914530
1954419846
2995101
1613918142
188919111
11951496
125248130249
181183183185
8210284104
1501115512
1779718098
17322033
7620778210
177104181105
108137111139
4321845221
151225153228
7861088
1762417926
69647166
61838185
2814431146
1002610427
1152511728
179218180223
084287
1261112913
38394042
165127167130
4110044102
1671417016
6511469115
8217385175
1951319715
156179157182
12464248
1824521247
137173140175
1712019122
1717919182
140160145161
1912922131
1792818130
9115794158
13281630
4117444176
27553057
13401381
1898919291
1592716328
1916419466
2510126105
6914271145
6512267124
2710428108
132182134185
1713717339
3517039171
5415556157
129176134177
8424186243
129208132210
1565516056
20192520
6014665147
61656467
081383
1461314717
116123119125
1334413646
174617511
991510416
98183101185
13541557
153188156190
98106101107
4114645147
1378313985
65896792
183135191135
111100112104
1854619047
1511319114
6210364105
19541976
11681370
32123912
82648765
1288013082
61558158
7011572118
1732417527
103151105154
1674217043
1368813891
106150110151
2522226227
1162211824
4520347205
53345536
124242127243
8722288226
18892091
63586462
1428614588
42214423
92809781
46644866
41384639
220330
8122383225
1366813871
1033510538
922110226
8817989183
17541785
9016592167
1713418137
1462014822
3313838139
1946219963
198117199122
91189419
1754117743
5912861130
