1713
119234124235
41284232
1585716059
920942
99131101133
138229141231
5613361134
2814730150
1751617818
22932794
1211212314
067368
20952298
1924121244
141212146213
15701971
1824521247
1901919222
159206162208
327529
1711820120
5595711
1328913394
6424869249
179247182249
112192121192
010213
5122554227
6023363235
1647217272
184216187217
136191137195
41145118
01501153
55336034
089391
84238725
3124333246
4511048111
10101312
7816880171
1125311554
79408143
3717640178
1154811850
1097011471
77298030
47975098
155156158158
4018642189
154225159226
6717470176
1694217145
165176169177
1841018712
1617416476
105134108136
74657767
2310626108
1294513446
1069610799
64716972
1833718540
614816
1048410686
93409642
122148124150
106152109153
3314835151
17872089
184162185167
3222833231
1349713799
813611138
6916272164
1816521166
7018774188
41567158
194135197137
17641796
1235912561
6520272202
2720929211
90399241
168149171151
50625364
21695171
7623880239
1288413086
125203127205
6724569247
15851886
134200137202
7124876249
1616316465
131222134224
1665616858
130195133197
160193163194
183203185206
1043410637
1343313635
96289930
1317413277
5015755158
8512090121
168135171137
3814843149
69257227
9320398204
1241612519
122244125246
9621599217
48755176
105112108114
33943596
1648116982
8020283203
50125314
61669168
36143915
132209134212
73257726
181134184136
2716128166
1421414715
186205189207
103103105106
173222177223
1324516247
1836218565
121229123231
1123714238
8321884221
039241
1923122233
198183199187
170209175210
1337413577
48345136
5322358224
111220114221
122142124144
676879
128202131204
84778978
6813273133
174184176186
1710120103
1283213035
1296213164
42604561
175140177143
132149134152
78538155
124169127170
110131115132
14601511
10701102
2417727179
1717319175
14651568
2224524247
101134104136
119137122138
21872688
2512828130
66256828
104197106199
185136187138
1421016213
6219564197
5414259143
127199130201
185129187132
7019872200
178168180170
7118474185
7613479136
185123187125
2658
167145170147
1719619198
774806
162164166165
7312475127
8923490239
2220723212
1048710789
149158152160
48875089
7021572218
1218412486
115126119127
3421239213
104187109188
118150120153
159158162160
22352536
89189121
586888
8111183114
164220167222
178186181187
110187113188
34803881
159148161150
147178148181
198158199163
4220947210
19631986
1018710390
1411914321
1035710758
1145911761
673975
148198150201
140136145137
193104194108
1801318216
100241102244
70717373
8714488149
1025010551
110189113191
164168168169
56355838
6722469226
1318313485
185101186104
175212177214
484515
9721899221
105172110173
178223180225
3019531198
74227724
1664216845
1685917160
056357
4719951200
24252926
172130175132
17181749
5521060211
20772280
129142132144
8313686138
8713089132
1325613459
147122150124
51465348
168201173202
124199126202
6023663238
1561015713
1509115393
8419687198
12464248
52216021
1088711189
95819883
5715058155
1714817251
106209109211
81718672
8416887170
189189192191
182219187220
262563
1112311425
8878911
133239135241
3019933201
1408714388
195246198248
5510558107
183241185243
14441547
85879088
1054110743
1620721208
16951997
7719678201
360373
123138126139
1119114193
1526515566
4987100
61116413
5718360185
103242106244
17551958
4822550227
81588262
182138184140
24702871
25402842
126152128154
3722139223
164217167219
1713017531
3514237144
46254827
1878519087
98225100228
4318346185
4619750198
181149184151
7511178113
1354213745
9851017
3224137242
112157115159
1912122122
22172519
3719139193
192241194243
7214073143
164191165194
1134011542
2019623197
083385
113180116182
1123914241
18202122
7222874231
991710120
180124184125
168112172113
16812182
3710339106
185212189213
5517857181
30103212
40154217
41778178
126239129241
394426
10521354
172216176217
6114063142
43134614
1322213723
39544256
115128118129
6614071141
21827183
108158110161
61489150
92959597
1766417866
3021431218
174178177180
138227141228
1326013462
6614268144
12571337
1064810851
1622718230
137170139173
109913101
7419377195
109114110117
98139103140
1422417226
1485515058
32176219
187152188157
120190123191
01042106
4923951241
992510227
3611637121
2916831171
1915019452
115133118135
137205140207
8821184
9151316
8618989191
1705217453
1736317566
1176211965
4523748239
9423696239
165122169123
10281330
2220026201
179171182172
196173199175
145104147107
32183520
106107109109
1885718960
143168145171
6617768180
121105126106
4019341198
140187142189
132191135193
145141147143
333635
106200108203
19599198101
25303031
8717890180
37233925
8117484176
152109153114
5216854171
175205178207
6716672167
189102191104
5219554197
1265912861
14141815
1779118891
1542415725
142104144106
130246132248
1109511496
189177192179
1086411664
1863718840
197210199212
11153117
7723080232
4718349186
169156172158
100245105246
128180130183
952984
185237187240
1229312495
152207154209
1812923130
1514715449
4111044112
84288729
41574359
19471988
5924164242
1337013671
112212115214
182178185180
122213125215
812211123
184187186190
1358313885
1407214373
1407514476
125125128127
8422495224
127195129198
1434314546
99116102118
9010893110
1798118183
27362939
190136193138
20712274
60976299
2824430246
118205121207
28922995
1955219854
74807782
164234166236
177122179125
147206148210
1342613628
1426714469
8688711
1953619838
11499116102
103227106228
21295130
1229112592
1513115433
5512057122
7110675107
180162183164
1822418329
16771709
1422017222
1512115522
116232118234
3519737200
1772318025
1810921111
90609461
7719080191
20552257
4420146203
194163196166
1304713348
195220197222
193232196234
169222172224
1949219695
47374940
171114173117
90809381
111165115166
115174118176
11781281
170183173184
117119120121
18421865
1022110523
1916419367
7401042
278329
1687317075
7515680157
3624339245
1464614947
27132915
174181177183
136165139167
127233132234
44104911
197226199229
8810591106
984310145
106137108139
9211195113
198205199209
118239121241
99238102240
96869791
143239144244
7518277184
1519415496
138119142120
1226912571
157178160180
111160113163
1932919531
18232025
1979219995
1320416206
1701017411
1173412035
87128817
45524754
145239148240
7223274235
84849284
137106139109
56885890
74597761
1803018232
1212215124
160221163222
196201199203
1313113333
156151159152
73307433
5817961181
188129190132
135211138213
2318525187
62536555
61878189
4720350205
9219495196
179175181178
193174195176
1443814839
8812291124
9851188
157130160132
1113611241
135243137246
8711790119
2216324165
7319776198
3920442205
9115893160
140110143112
76447945
1205512356
2220425206
2222425226
126100129102
116105120106
143119146121
407429
2713129134
107226110227
79178219
144138146140
143214144219
3424636249
197240199243
106129109131
1842818929
1712620128
1042510727
4114143144
1198012282
165166169167
13501381
6114964151
1864218845
1648516986
1122011422
3123334234
781812
4320444207
7020771210
1578215985
62746576
112224117225
78668068
164139168140
1799318494
3810740110
110102113104
140103141108
7919682198
1111611318
120199123200
116130118132
14481750
4022143222
684707
4319946200
7012372125
5319255194
2417127173
191126193129
61848186
5018252184
2123925240
154181158182
114185115190
1082311026
1787718079
3615040151
9513098132
2620528208
31945196
48325233
1133111533
74177521
2414327145
5011652119
2313126132
145190149191
31014106
186174189176
46744777
956410464
7322075222
138126141128
13671399
1015012153
1541716117
127112130114
3617041171
1822421226
31883391
86468948
1431614518
90369338
1212912431
27452947
214516
113120116121
2121724219
61606462
140209143210
124208127210
11101132
15421574
1414217144
18399186100
177148184148
1019411199
01607160
118103122104
125159128161
9681019
15261549
173241176243
1110514106
8318694186
1258412786
6221363217
127211129213
32206222
45494851
9021793219
49235324
1818223183
1552715631
1461814920
102131104133
135208137210
1779718098
159196160199
117193122194
113196116198
11797118100
2021322216
1275112953
1922924230
91449249
8222987230
21915193
128207131209
107124109127
64476948
1096711269
78908093
5510856113
369940100
1932119523
119128122129
4024543247
1213713142
190159193161
161211164213
993810240
6012761130
154146157148
1716917371
419843101
115220118222
51518153
18922194
7913184132
8410986111
17701802
12621564
7522875235
21612562
109122116122
4210245104
3210235104
5710858111
4823250235
179144184145
185142188144
1204212344
114115117116
1266212864
1217512477
181158186159
56775880
1518618188
1682917032
5922363224
1922619428
810410106
2123424235
9122094222
161177164178
1624821249
2623029232
027229
159181163182
5518858190
2114123144
1363614037
6115662161
36194120
157200160201
1963019932
6119863200
29713173
43784879
7322376225
3715840160
185147187150
8819691198
171145173148
194179197181
149194151196
6420966211
6623969241
29413143
176115185115
36844185
1442114623
9618899190
1962119923
144223145226
176158179160
5317356175
74147716
8321586217
9591162
17832184
6310766109
1344713749
1729618196
163229164233
80828384
43324534
145245148247
1211017111
1274712950
116187119189
1624116543
6213764139
01853187
184227187229
1818518487
140182142185
53305632
161245164247
1439514597
1821820221
1006510367
4621353213
187231188236
152130153133
144117149118
177226179228
127105129107
8115086151
146132149134
124135128136
2016125162
1478115083
149238151241
179202182204
14631478
157169160170
1038311083
191164193166
9215594157
4714950151
169152171155
28893091
1916819371
164170167172
4615549157
8913893139
157103159106
8020882211
5216257163
23972699
141221143224
6014363145
6312365125
41367138
1483015033
1967619978
139133142134
148140151142
138219142220
11221424
123102125104
81898491
196188197193
1920021203
190227192230
180160185161
39294032
90509352
5021952221
8419987201
163205166207
1792618129
1517215277
19302033
68597061
195238199239
93469648
113193116195
138199140202
114136116138
28752978
6413167133
8314486145
2415627158
82478548
9931034
167110170111
175122176125
1956719869
2115423157
145128148130
1931819620
8724088245
470573
1903319235
2619129192
3419336196
94539755
1515016050
1259612898
135232138233
143146145148
44714773
122182124185
5185410
2817231174
119242121244
157227159229
2211425116
1724217544
1741917820
56175918
092393
21232326
48555157
1858018882
1877819279
106235108237
2916232164
5311755119
258461
67816884
1757217874
37914093
140130142132
1583916141
2523327235
9551158
9124393245
3718040182
15211724
1244512846
18492250
10931198
1856618868
5123153234
1535115752
181168184170
3623140232
102134
16801712
169124171127
1493915340
9117494176
184181187183
125176128178
72757577
9520597208
154111156114
1510519106
130148137148
140117143118
59876388
823410237
11411542
1672317024
13721404
177217180219
7623785237
2823931241
41255128
380403
3523540236
57305932
1875519256
5817661178
7819281194
3818342184
85869586
108212111214
90559357
160223163225
1216815170
2417528176
1574816049
1796518267
1367713880
7924582247
1049010792
973110032
8415287154
86578958
47685069
1504515346
75317833
9519797199
1428114583
150221153222
188181193182
39794281
23562857
146164148167
1763017931
3412336125
98137101138
1104511446
7916383164
109141112142
6010063102
1511316116
174238177240
110100113101
2918132182
64866788
157213160214
107181108184
87808983
111216113219
1635816560
149144151146
4622547230
153149155152
3719439196
1567916180
36563858
5318256184
4016844169
36943896
1291113213
104205106208
9221395215
14201451
10251057
1841818720
1192412226
139113142115
1627716479
2312528126
116156119157
8819990201
48725174
43284729
188159189163
1096111263
124218127220
1908219384
523545
73547755
10661166
178220181222
6423267234
9521199212
168142171144
66496951
38864188
189202191204
1483415037
2920432206
105115108116
140161143163
192223195225
1265612858
826877
57516152
183116191116
1424714549
153214156215
192152195154
121169123172
8113384135
3015535156
1282913330
4121843220
7011271115
5118054181
172248177249
7821285212
02162219
4111943122
2313731137
1896719072
1933219534
1955719958
5018552187
9723499237
2914132143
104189109190
172151173155
190207193209
2017323175
65116812
1517815283
185133187135
117245121246
5812162122
7616378166
2216625168
1348613689
4413547137
1482815329
1513418136
1867318975
168117170119
120122123124
74517753
11751207
3813040132
917511178
8822991231
815611158
5016851171
1237212674
4822851230
116169119171
1536715669
153248158249
9318195184
161128163131
160102163104
155222157224
19852486
12161247
81868488
86348935
1541415716
110244112246
6612469126
163208166210
6216664169
1577716178
2715132152
68567158
5423356236
5415255156
176195180196
1453214735
137186139188
1686917071
172126175127
9631165
85899090
1486614969
23442646
143164145167
939998100
1363813840
93729674
1848318984
6422866231
42854587
89229223
717010172
813835
111247114249
1861318816
17599178101
192130195132
10631085
1252712729
6514967152
160123164124
9115394154
1644716650
126214131215
1232613326
140190141193
125185128187
79318233
129125132127
145144148145
3313837139
129136130139
455856
103810610
3814140144
913012132
118182121184
36333935
119130121132
69637165
7220775208
8710889110
1954919851
127188129191
8120483207
1226412566
1036910671
18172119
1381614217
7597810
131122135123
7623585235
136241141242
62896591
72467548
146170148173
1122611528
129133131135
1619918202
1748817691
124812610
02052207
14131436
4013843140
3011033112
34673768
180244183246
143114146116
1501815320
30213323
76177820
61926494
163100174100
1554216043
01597159
120125123127
1269212993
1295613158
918411187
73347636
8414686149
1894619149
3913542137
125226128227
136121140122
120141121144
142190144192
1941319715
106169109171
150243152246
181223182226
37364038
119133120136
1881019112
4217945181
8491051
173111175113
1502315325
29563457
196122199124
6514567148
198141199145
1812319223
184192189193
5910962111
2410231102
863885
136162139164
5210454106
7810881110
186202188204
147138151139
1764217944
3383610
188111191113
10741974
153153158154
2923632238
153155154158
266317
759877100
182230185231
1498515287
4919053191
4920860208
1224912451
56835885
1681417116
9710499106
4113043133
110150112153
19642167
1447714580
77348036
197113199115
1716918172
1455015051
2019823199
97134100136
52175518
1087211074
479952100
12881590
1844318547
121165126166
9120892212
3724638249
7722380225
9413797139
1892419127
1601216214
4616251163
127103132104
6710869110
918810193
167114170115
21074110
2524427246
1092711129
153245156247
1317813579
181213184215
4021151211
162147165149
1366414065
8451146
2818830190
8817091171
188196190199
119175123176
6516666170
118224120227
129155134156
6610269104
1266912971
61949196
977810080
1075910863
3521438215
4022643228
115202117204
179233181236
1689617197
63796581
1472115022
9415895162
8817590177
1633416636
27323033
4516648168
164223167225
10661367
1479114994
177184181185
175199177202
41654367
188146191148
3816548165
48295131
279930101
104157107158
1632116523
196168199169
02432245
1977019973
5915362155
18031835
192143197144
7724380244
1315116153
127913010
192218194220
1616616468
155229156234
135178137181
152144153148
178210181212
161168163170
1516317165
119232123233
189231192233
6315865160
8713388138
78738274
8424787249
01723174
106178109180
160138163140
1488815190
168120173121
1237812483
21504153
9420097202
7110374105
49415243
135155137157
157173162174
4422145226
20442246
2618529186
12851487
3410937110
5913561137
86408942
1914419545
53405641
81399142
179116182118
7616877173
9212296123
146146148148
1373414035
127110132111
77837986
100206103208
1643116733
6911974120
7818280185
1603016331
97469949
4516947171
114105115109
1177911884
516547
133125134130
150172152174
1766817970
1219612498
23722873
4315045153
50595361
18197182101
482784
6615769159
140164142167
91679270
35543855
1651216715
1778818090
173103176105
128140132141
165153168154
1948419985
9522597228
137247140249
77387841
5516959170
9521896223
1661916627
910713108
135116137119
15841607
83738874
1918719489
1152211725
181146184147
165178170179
1084011043
1666716771
8317186172
13001313
156100159102
26272929
5124453246
28163019
49445345
140163
59836284
1501015511
4111544117
5120154203
4714650148
1775618257
1244313143
4524048242
78598061
109135111137
1355413756
263295
54685770
1621616518
110177112180
98198101199
8621289214
6120963211
27863088
10941125
104233105237
1528815590
6710071101
5412656128
71797381
7891190
86648966
28503152
2116926170
1021810420
1128711390
113118116119
7621879219
11363139
7614983149
120186124187
2622629228
44674669
8918292184
6412665129
5010451107
9416996172
65926993
115146118148
58696171
1791918320
52255626
71387440
144235146238
1314916150
128118131120
1797218175
178126181128
68237324
3022532227
154129156131
195107197110
115228120229
1907419277
8310584108
111173118173
137196140198
13421364
6023063231
1384313948
6623569237
2414027142
134113137115
101168104170
198177199182
9624699248
94779680
1816321164
2521826223
1721617320
174135179136
12199124101
1619216394
156204158206
135129137132
1831318516
8521988221
5214757148
8824893249
5014253143
101113104115
9901022
170129171134
015411154
160115163116
3111832121
4022343225
170166173167
122240125242
6213465136
169168173169
150115153117
1621519217
453954
649966101
125179127182
140138143139
10191321
01753177
112204114206
1013911142
01183119
638939
131180134182
157233162234
112207113211
1024410745
96145101146
170122174123
40244325
1456614768
10751377
62146516
119145130145
100212107212
4521750218
1235212654
5723359235
159215162217
5422857230
177241179244
164150167152
79128214
767818
172205174208
1649016693
102216103219
121178124180
155239156244
9820599210
1721317415
128221130224
8916191163
62277230
4318845191
998110283
1623816540
1744517549
18371869
66527053
125140127143
1917922181
1448415384
138178140181
1306813271
129152131154
2110522108
3920642208
132187134190
21412443
1785818159
7013473136
85208822
1206112263
161166164167
2722329225
136214139216
86678869
141122143124
1404314246
492993
97166100168
167209169211
57566058
1154511747
7415175155
31978198
1355713759
183155186157
143183145185
56535855
108147111149
1184512047
149168151171
32438244
191194193197
2418827190
16321673
7711480116
1238913189
70287230
2314626148
4412346125
1588816389
3223935240
81658467
3320236204
90339235
12941596
181152184154
82538754
1452914731
1513415435
42744576
36444145
32523455
1518918191
107221110223
7317075172
713310135
2916532167
146194148196
141195144197
186106189108
93699671
5615759159
108224111225
89629363
177156182157
3620538207
663865
1539715699
1629716599
100247102249
2621429215
78498052
102101106102
48465048
117149
144175146178
1142911730
120220123222
102122105123
6186410
7712980130
14531954
190133193135
1493816038
94169718
3714541146
1288013181
170203171208
1295913161
13041326
91187102187
95569661
2715329155
6814972150
189152191155
1123514236
174232178233
18401891
9724199243
1755217755
22822584
1323613537
170211171214
140169142172
7321775219
99185102186
3783911
437459
1313813539
126244128246
1847618679
61656467
1661717118
1814320146
3317736179
1771910
1631216415
182126185127
1467615077
2321325216
159141162143
119162122163
6613468136
119236121238
128169131170
8622791228
44554559
5321956221
144101151101
32683373
