3966
130157132160
140122142124
6624769249
1215323153
1918619388
116104119106
63516653
57936095
9621799219
10599108101
1565015755
170223173225
189223192225
01742177
190131191135
82148318
1376414066
1239412696
129204131206
3719640198
105184108186
1066210964
1884119143
8415287154
138223140225
1816021162
8113386134
4822851229
5323356235
58576159
3313635139
5414157143
1615516457
6723869241
79738275
161214163217
105126108128
9622499226
110118113120
686988
111164114166
13931416
169165172167
5510558107
1785918061
145177
5121253214
1332813829
53205622
1315913461
136189138191
130106132109
167172169174
13341636
52398241
54645765
76337835
186112191113
150151153153
109217112219
1421814520
188117190120
138182143183
48655167
96659967
5712859131
156200159202
138247141249
2218725189
150199153201
45324734
13341636
14411492
109184113185
39434245
397429
146146149148
8610289104
99159102161
1885219154
14111713
115238118240
2813731139
3822741229
6012263124
113222116224
78468148
137213139216
161201164203
162236164239
2320826210
1148711789
153224156226
100219103221
959998101
5010653108
7416277164
8321186213
193137195140
154125157127
105114108116
150106153108
548579
106233108236
177185179188
104161107163
171139174141
145110148112
6912972131
81468448
97198100200
02123214
3722639229
163217166219
59116213
742765
174166177168
89699470
1603716240
43564558
129199131202
01552158
177192180194
158142161144
9419397195
92249526
1006410366
33593661
1713520137
151244162244
3719340195
1187512177
153179156181
5217654179
165158168160
11201152
132225135227
164194167196
145107148109
32793581
62209222
6815771159
152138154141
1946519767
172201174203
1019610498
129191131193
91739475
160220163222
187188189191
120142123144
137200140202
11201152
114123117125
117110120112
185149188151
8222185222
19512253
107147110149
175226177229
01682171
1783918141
11781283
5320456206
8316586167
1149011792
41574459
1348613788
622645
21802383
8217685178
17902092
139146142148
193187196189
1724617548
6610068102
4918552187
63516653
2312426126
138131141133
121113123116
1563815841
49335235
4820650208
76517854
1943919741
5612259124
5085310
1046710669
143143146145
111142113145
540572
135166138168
5219155193
1722717430
169228172230
125247128249
1327213573
1666316965
6319466196
3515738159
1557315776
145194148196
310513
1394414246
62366538
121135124137
136117139119
109235112237
8624389245
150171152174
1911119413
6322765230
1638716689
8518488186
1513917141
30383339
100108105109
12791581
74737874
32426244
7287510
144117147119
115212118214
177223180225
99239102241
186203189205
162160165162
1011510616
177181180183
119159122161
128209130212
85128814
2322326225
8923393234
3921342215
5413457136
3221435216
106145109147
21135115
43974699
162196164199
32463548
144126147128
2216325165
45744777
1458614888
123203126205
172247175249
8415886161
1812818430
01422144
1313416136
1115114152
1863218934
1551215715
76717873
5624158244
152123154125
190207193209
6312366125
136203139205
143131146133
99125102127
1415114453
108181111183
1572916031
3116933171
13331365
149146160146
1135111653
66796981
155135158137
175193176198
1114714149
133138136140
1215014153
13101342
104203107205
58316133
67466949
98241101243
8917692178
4319046192
9023693238
7715480156
125135128137
1206612368
142123147124
188142191144
14611512
36874088
1637416577
2512128123
1621919221
4819750200
1718620188
67937095
165165168167
1895219254
2617128173
4017242174
4317946181
191107194109
6720370205
197209199212
1621318215
133200136202
8710892109
51258127
70617363
6218365185
55935795
7314476146
1565615958
9019393195
9218095182
151116154118
7319376195
9319096192
112189115191
4822551227
52645566
107142110144
150188153190
84468748
6719971200
52287230
522824
50465248
180212
181119184121
194112196114
155209158211
188101191103
1814821150
1573615938
180168183170
3520638208
5322055222
1574716049
9013992141
1476015062
1413314336
8816391165
120209123210
102145105147
152239155241
1814421146
7217975181
6219764200
01483150
20232325
2519036190
181122183125
19102411
1734317645
1772518226
125150128152
8618189183
190120193122
7120974211
37764078
21802383
5822960231
17511783
33183521
5817260175
1594316245
83958498
1092511227
3312136123
5018054181
1868118983
168219
109811210
083385
1431014513
1122011522
1774518047
106221109223
155142158144
185162188164
3610539107
177184180185
2716830170
13201622
187189189192
959998101
160148162151
92124
41889189
168157172158
162149165151
83688670
89299034
164248169249
16291832
173230176232
14001510
1876518967
61916394
2518827190
101125104127
64636765
17352236
80298331
917112173
1506315266
1409014392
4319345195
5713559138
170134172137
130157132160
3010333105
72597561
103215105218
98100101102
1443314636
4816151163
7713780139
135220138222
153915611
66196921
1122914231
1809518298
7016072163
1036710669
1693317235
114140117142
117110120112
192114195116
98153100156
4421447216
9410396106
29253227
1913519437
9216393168
01371142
1627816580
1947619778
22162518
1462614928
4612649127
142131145133
4513348135
135175138176
4023743239
1809418297
100166103168
1336713669
24652767
1353613838
5012751130
1718620188
1065910961
183196185198
48945096
1227212574
31915194
105228107231
1418516187
9111694118
1018810490
5220355205
9618799189
33463648
52435545
58666168
2012823130
99120102121
142166145168
6420166204
9614898150
6919971202
47505052
9521298213
109150111152
1678116984
134228136230
1751617718
1425714758
78648166
1018010482
15151717
5714459146
196126199128
1204212344
173917810
1277013072
7717679179
58706172
6715470156
8601162
7324776249
13998142100
5318556187
145106148108
111149114151
1769617998
43504553
48655167
1705317255
5216755169
6517868180
112179115181
1765717762
12601292
191123194125
996110263
22322534
8416187163
8722590227
02325233
25292831
172133174135
24752777
11671370
7711073
3822240225
02042207
12711303
1744017742
192117195119
1761417916
7918982191
49595261
1971219915
1023712239
1622116622
27313033
139222142224
4113544137
5312456125
8118183184
8716992170
197129199132
3924142243
194244197246
775807
92279529
109206111208
135203138205
1889719199
116119118122
1156011862
91109412
3421037212
162137164139
94119912
8514788149
1011510616
117188120190
79648266
1663216835
99210102212
172203175205
721310215
174213177215
1288213184
116209119211
21372439
2817731179
1416814371
6214965151
12291531
5924061242
6924472246
2512828130
10201052
1274213043
125105128107
19331955
42354537
192227194229
170211172214
9011494115
97182100184
2019623198
1677217074
162181165183
66196921
8618189183
8514787150
125142128144
1829318595
77267929
1453914841
167187170189
121144124146
75677770
29863189
61338136
145247148249
1411314217
3516437166
1262912931
75407842
6621769219
175141178143
3512938131
670721
310342
6322468225
146211148214
1591016212
1544815650
61799181
1458214884
4523248234
21795181
116212119214
116152119154
1568016181
104206107208
1884919151
3617639178
31535156
1381514316
46444847
119185122187
135187140188
4821150214
46334935
22552557
196115199117
99230102232
169106172108
5011753119
185217
1533315536
1474415046
3019533197
1498315285
147141150142
6311266114
91309432
2417226175
7021873220
1319013492
1676117063
1382214124
850873
1796618169
1115811361
6317366175
171139174141
5516358165
853885
111169116170
3811041112
56745779
11501182
11454147
1017210474
189123192125
1304413346
160188162191
101105104107
152167153172
1724317545
53465648
6621769219
094396
4916851171
281332
6215264155
8421887220
6319065193
7219974202
22025204
193184196186
7016773169
6911872120
73227624
63336635
1859019091
1223612538
01883190
18199183101
7212274125
84718772
52135515
23972599
81158616
16741706
4717148174
1476615068
132176134178
189153191155
115126118128
1715417456
159236161239
122213125215
2214525147
6222165223
9624599247
4620349205
174195177196
184236186238
730781
167110170111
164128167130
11671370
62676470
3220134204
71717672
19292231
8115283155
1832018622
1475415056
817849
4511048112
111131114133
6919671198
8314086142
1913319335
170153172156
27533055
93919693
1359113992
109202112204
01131118
88939195
71659168
31403541
143241145244
6014562148
4911051113
84968997
57446046
17261758
9114094142
103135106137
1169311994
161122164124
55285830
121206124208
9013393135
143212146214
8914992151
3911942121
9114694148
16298165100
2820931211
2924532247
1811018312
3112433127
145150148152
67837085
102179104181
160247163249
56835985
1267912981
157113160115
104237107239
1015510457
9614898150
193120196122
1641516618
1074611048
16741976
179718110
120131123133
7818281184
5313355135
2023223234
17641796
37534254
15821605
47105012
164221167223
1628416486
133159137160
2611729119
3714240144
7118774189
4119544197
1020313205
1320318204
169123172125
1914922150
1953619738
1422214524
162172165174
2615029152
6224364245
133206136208
192105195107
117115120117
71107312
2616131162
179220182222
6316666168
120121123123
7212975131
177148180150
8122584227
1724020242
374406
1418214484
4820651208
25862888
143215146217
7923282234
195101198103
1057510877
71897392
186246189248
9211295114
115204118206
16699169101
133135136137
9412997131
145220150221
23722674
1055110853
1831718619
24932795
15841607
1324415247
17351938
6220565207
52575559
1042
1523318235
119228122230
6021563217
4018543187
8218084183
127138130140
8519188193
1513817141
7610178104
135210138212
1858418886
153113156115
22702771
154149156151
154221157223
1147011772
7323176233
5823063231
978110083
6213565137
1111611319
170190172193
3824541247
179211182213
1921122213
3023233234
1418614488
4120843211
196118199119
1431114514
7317876180
7911082112
1795518257
6020163203
4914852150
993210037
56865988
4622547230
117107120109
119182122184
141149144151
261284
15899161101
2815131153
3317735179
147226150228
4117044172
92599561
2622629228
3223936240
93359836
83178619
1516818170
173243176245
9712598128
2024723249
160126163128
1920323204
161163164165
11631195
143104146106
226528
6824471246
139224141227
1394514247
152244155246
135123138125
153247156249
1519718199
75137815
7931095
5721359216
169243172245
139149142151
10841116
2722429227
86518953
7221024
1952119823
8213585137
3610139103
1502615328
99110104111
1281510
1502315325
3322936231
85238825
160228163230
2423627238
819411196
7310984109
8920392205
41507152
1813123132
1721417516
133242134247
2024723249
77388040
7920282204
115175118177
124206127208
991810220
31956197
8920992211
139814210
1310116103
35563858
71657467
1738417686
6123264234
31586160
71747377
156815810
9111694118
68247026
91159417
123240126242
175145178147
1594716249
9281131
159172161175
68977199
3823041232
982510127
1318616188
8318785190
58496151
1215323153
5021852221
8821791219
186200189202
99177102179
6513970140
1344413746
33183521
6110663108
2922532227
1692017222
1801318216
7317976181
1971219915
1741117713
4819651198
17901841
137182138186
154196157198
823911241
1477015072
148103151105
132103135105
28763178
699972101
111121113124
194133197135
1908619388
2524128243
1015210454
94119912
02343236
75807782
97201100203
137114140116
39334135
88319033
45784880
105123108125
153188156190
2623128233
1397314176
183192186194
159240162241
132157134160
1097111174
62476548
8919092192
107162110164
1538015583
46384841
42624464
1156411866
1685917160
01512154
171196174198
185131187133
8710892109
121197124199
178227181229
1222015222
144183147185
192141195143
12231255
71639166
8413888139
4513848140
26252927
1324415247
71947496
136227139229
1348113783
569959101
8889110
1846118664
79218223
95429844
10461078
4717749179
8716992170
1321015213
7219875200
2813433135
1119411496
1966119963
6586613
1822321225
1891319215
2810931111
83498551
3823341235
1495215154
5012253124
84778779
73557657
2310626108
9218395185
3723040232
1824918750
114143117145
02373239
18882090
1169611998
1876318966
4020043202
101223104225
15421574
1009710399
9012293124
02343236
2215424157
101200103203
22322534
1235812560
2824431246
167218170220
76717874
191225194227
1733717838
1710820110
1032010523
164188167190
8912892130
156159159161
170224173226
160190163192
67417043
134123145123
77558057
174178177180
170102173104
103149105152
61408143
103209106211
6010663108
111184113186
4011943121
7697911
107212110214
47945096
14661517
165102168104
1663216835
19461978
182189185191
7423677238
1673716940
97810010
1616718170
9291132
1581916121
190244193246
56255927
5919262194
103148105151
63546656
8311286114
94499751
1945719759
1245912960
141217144219
1871719019
1712619129
119203122205
3815241154
1163211934
158177161179
2318126183
97103100105
5896111
9111093112
7617278175
186154189156
4913252134
79958297
41697171
18841935
12591561
117168120170
42724474
1172912031
168113170116
165102168104
114185117187
109135112137
85478750
9221294215
41727174
148244151246
181141184143
2512028122
1922419625
109183112185
7914881151
132166134169
79558257
19801995
7019073192
1238412686
14231455
1471015012
163225166227
5122954231
065367
2819931201
126179129181
8421087212
1637416577
2815831160
16301662
1121614218
1896919172
11711374
151221153223
185160188162
3716940171
154130157132
53245626
65727073
1312213324
3917442176
3816240165
1882619028
2215925161
1746917771
6315266154
165236167239
5313556137
60816284
94549756
1019012193
16971729
6218165183
7713780139
4122744229
184125187127
67337035
175134178136
1246112566
1210715109
1303313335
190191193193
1501815320
128188131190
139107142109
133120136122
148178152179
186110189112
122206124208
1318313485
194165197167
02152218
1557515976
1434214644
31186120
118244121246
1476914972
9961298
1672317025
53705672
1279312995
4020443206
143157146159
72029205
1356013763
1276113063
717910181
122191125193
153169155172
138182140184
65166818
41904492
8724489247
1664316945
653954
1302813231
182143185144
2319025193
9218495186
144224149225
25502852
8022083222
1903119333
144103147105
50795381
5722660228
1319213494
161122164124
69517154
8911892120
1020613208
1693717239
7418277184
140128143130
62206522
1633316536
139115144116
52278229
146162149164
146111149113
1127511478
1206412366
172126175128
145128148130
6421167212
35123814
44264628
4714250144
125175127177
111211114213
1505915262
8511988121
743766
7316876170
110106113108
95144100145
85578759
151160154162
180186183188
144137147139
2717430176
23612563
70487350
7313176133
2618428187
5024052243
105175108177
01453147
1834518647
120217123219
2321226214
1235012652
19482249
181175184177
174186176188
1926019561
6216265164
170186173188
1022413226
174101177103
4219045192
1311916121
9961298
4014143143
19321955
18782081
180135183137
3211635118
4014143143
192239195241
1582416126
194193197195
131139133142
104203107205
1896419266
152176155178
51158117
67346937
1820821210
1403014332
44694771
1708117383
463495
87269028
178203181205
7022373225
105217108219
1222712529
4516648168
1947619778
61426444
1806118363
1667516977
50745277
14001432
13801582
5510860109
1167311875
1818121183
185151188153
4918051183
79358237
7413477136
166161169163
192129195131
5119654198
24192721
7217475176
88469148
1018313185
164152166154
1417314475
158168161170
1109711299
1666816970
6311466116
1307313375
107131110133
3393611
6423267234
118225121227
135157137160
18441885
1015110453
3116634168
6713770139
99810210
149141151144
142146145148
103187106189
6923972241
1093311235
166150168153
142205145207
109119110122
127117132118
48795181
02042207
9515998161
7511053
140128143130
82888490
1718020182
190208193210
1542315725
1736617668
2913632138
2113524137
131154134156
136238139240
1481215113
37814083
161120164122
1522718229
3418637188
61766478
6418866190
5821061212
67457047
160138163140
134241139242
1294613148
147132150134
19292231
20412343
133123136125
166238169240
167143170145
22435245
3415437156
148156151158
25212823
5413457136
1387914181
1181912121
3810640108
108152111154
5124553248
1879319095
160158163160
921953
84598761
9514398145
195229198231
1598616189
157196160198
402512
41624464
35293831
99120102122
41854487
4815751158
141239142244
191493
1502115522
1842018722
4317345176
1887619178
192213195215
147113150115
125247128249
84388740
5715560157
129220132222
194190197192
190194193196
170107173109
719710199
148241151243
120209123210
160106163108
1454714849
189238192240
153206156208
154121157123
7310984109
702734
165154167156
5817861180
175145178147
5022451227
174101177103
126185129187
50915393
77287931
151215154217
18782081
7619679198
177191180193
142187145189
164128167130
144212147214
159106162108
1434214644
3722639229
132813510
147147150149
1268112883
6819371195
01072110
51858187
3610239104
2110224104
900932
1189112193
7817080172
4310745110
22142516
101128104130
1157411777
2218425186
1943019732
1624119243
6010062102
76187920
101132104134
6715170153
170225173227
17962098
1362913931
32563558
29413243
1839618698
2412527127
41889189
101122104124
8131115
1659316895
1568015883
25902892
1895619158
105122108124
70102
167137170139
161152164154
142152144155
196162199164
1652516827
1567715979
152109155111
136238139240
647949
63846686
104194107196
1217812480
140102142105
4024142244
1621719219
073276
5620059202
11781283
11711374
30703372
87779079
105181108183
1009310395
010312
1018813189
355657
2921033211
180237183238
4523248234
122217125219
3918641188
105174108176
4524448246
7722680228
37764078
1936219565
169164170169
1795818260
971310015
148123152124
125103130104
8410987111
65386840
8021382216
29913293
153247156249
7212675128
1246712769
42664568
6211865120
14651767
4224344245
83268628
116181121182
8741076
63916693
2524427247
128224130227
63846686
2516327166
104245108246
1315116153
119194122196
693896
6216365165
177239180241
51288130
3218433187
149210152212
3712640128
101182104184
7220475206
5618858191
105240107243
8613789139
9622598228
982810130
5819661198
9220695208
131149134151
7022172223
102173105175
197155199158
1831118613
169197171200
3218433187
85468749
1557315776
8710590107
1797218274
1152111723
1494015242
2022125222
138191140194
1206112363
6410267104
144107146109
153173156175
196239199241
190218193220
195173199174
113208116210
4412947131
7717679179
144222146225
86548956
1939319695
105103106107
1677617078
63336635
1314713350
155161158163
36643966
2022125222
1506415267
1965219954
909792100
6314365145
223255
4713650138
4715149153
162155165157
1344713749
187106190108
31535156
115158118160
996110263
1936219565
1539415696
165225167227
22882491
55145816
19821997
116225119227
5412257124
196110199112
51885490
567869
54515753
1339513697
106232109234
2324124246
21642367
923512237
927959
99128102130
1912319425
115130118132
7710580107
1823118533
12661289
7118574187
61829184
184195187197
912512127
6978100
4420647208
02293231
155151158153
28483051
1926719569
91769478
9416796170
126157129159
100114103116
2310926111
1607716279
1718917491
8713189134
168221171223
23432645
2722930231
151144154146
6119966200
01733175
1478815090
5121554217
129123132125
1931819620
61219123
196131199132
12921594
4510847111
8723292233
1323313535
2217727178
5812561127
5016554166
4416449165
183102186104
193208196210
180246182249
19161939
11861488
1812718429
14531485
1375014052
1727517577
22235225
85338835
2913132133
165116167119
7414277144
1269712999
2311226114
1086611168
77328034
1567715979
197242199245
9323095232
17071739
125221128223
77588060
1248712789
41664468
189136191139
1123811540
129231134232
34373739
2221525217
94249726
6615869160
987710179
1023910541
8316985172
20722374
100188102191
1175212054
1599116293
8017783179
138165141167
1196112263
184178189179
1254612848
195200198202
1885519157
115146118148
1318713489
7314976151
5723359236
87849086
52145515
185182188184
99233101236
3316336165
129143132145
6612669128
1288813091
1362513927
138132141134
5811960121
985610059
1519018191
197114199116
50745375
1921222214
1058810791
81118413
80848287
165116167119
117230119232
181241184243
9320195203
8321485217
103153106155
121423
191228194230
133180136182
94659767
149231152233
7118274184
116130119132
1418917191
135174138176
1765317758
33593661
6920471207
108192111194
8311286114
4514548147
149129152131
8620589207
107225109227
1016410466
192126194129
1815721159
156110159112
112212115214
21782381
1815421156
4416247164
171100174102
9315395155
162916511
152116155118
60886390
28103112
195195198197
6210965111
8611589117
1088410989
1761817920
5816961171
433636
88739076
128113130116
14681770
9421497216
6614871149
1782818031
026229
2511328115
1611119113
683715
116218119220
136209139211
9012892131
1522718229
1914822150
67917292
1856418669
670721
02153217
185125188127
161211164213
772794
8124484246
2810130103
1922521228
1793218135
196135199137
165248170249
4022443226
74447746
1908419386
9421443
1722717430
52398240
25862888
18199184101
1519718199
024425
9351237
9313396135
62447344
7217175173
165112167114
1142511727
91689470
179110182112
173142178143
1518318185
129219132221
1524819249
2320826210
58526154
723210234
2214825150
41214423
131161134163
63546656
5014452147
978210084
8116584167
14898151100
72527554
1366714168
7210273106
63476649
1018810490
295327
141179144181
3310936111
1835318556
1373314035
7518878190
5416757169
131144134146
1016412167
46494951
125147128149
2415327155
4821050213
88599161
1145611758
1558615888
6622669228
176117179119
5714860150
6513168133
8911892120
130233133235
140240142243
190132193134
8422887230
167117170119
133184136186
037339
8120684208
1861018813
1065310955
1533815640
29143216
131222134224
1139011692
1321015213
4415847160
5518157184
9017793179
919812200
73317633
9416696169
6023863240
1892719229
73837685
2020325204
190195192197
911411117
8112183123
1764617751
279581
4311946121
6719268196
41694470
974510047
10821114
103140106142
14951796
5420157202
1731117613
1127211574
137181138185
6724069242
1254612848
1527415477
170232172235
135187140188
1173412035
4210144103
7320984209
25212823
114246117248
1973319936
1818321185
15441747
5821061212
181120183122
1254312845
1757217874
549857100
193247196249
155150158152
1766217864
7918982191
1021112214
7619679198
6317866180
181151184153
1639416696
41604462
1643816641
99110104111
83658667
4420146204
103212106214
74907792
179232182234
1723117533
1164211944
1689617198
1664316945
1525415556
5811161113
112175115177
2716330165
120240123242
8816291164
1124411546
024425
78678070
26832985
11851207
1361013912
35283830
2017123173
4419847200
184122187124
170148173150
138217141219
140118143120
7410576108
5813861140
1633316536
879890100
14201722
8512888130
1775517957
3510537107
68267128
1927019572
180128183130
196138199140
120247123249
99215102217
2511628118
8824091242
174239177241
20442149
46924993
140234143236
107117109120
119237122239
128233131235
17931825
1678116984
097498
89359237
130239133241
1914721150
1471515017
91539355
75907793
141196144198
176188179190
12951318
68767078
190132193134
110178113180
180196183198
5519457197
1947319775
90969298
8891191
1019012193
127110130112
1056910772
179210182212
911112113
8512688128
99117102119
174178177180
190244193246
43294631
79218223
01131118
1493815240
54935795
186174189176
168190171192
8999112
178104181106
1359114092
6620869210
1228712589
62786580
66556957
1316313465
113235116237
157214160216
2820231204
112199114201
5717462175
5817661178
184208187210
169112172114
166184169186
53385640
1073111232
66586960
6414567147
2118424186
156164159166
149138151141
1246112663
18341885
4521247215
102196105198
6021563217
131191135192
125213128215
2214225144
119124122126
8113386134
1817118473
152182155184
165198168200
16231925
182156184159
1462014922
160203162205
583615
21882489
1358914090
1353713839
1281613118
4916152163
154221157223
310342
107106109109
6987111
149123151126
924712249
1462614928
2616131162
8717289175
1616616468
128118131120
1917022172
162201165203
1188812190
181244186245
58616064
57476049
1492115422
1407614378
123100126102
1888219183
117110120112
1113114133
1382214124
1311516117
106189109191
154168157169
153182156184
81808482
190222
676978
1684617148
912112123
50615363
188215191217
83868688
125163128164
1539715699
1219413197
31323633
5318556187
1443914641
1621216514
168218171220
149150150155
1321213514
78898191
14421644
121243124245
5017353175
102124
47835085
2013223134
17321934
6386
486518
41264428
5217654179
1275613058
177215179217
39904193
162111167112
1927019572
128209130212
18361859
118228119231
1453014832
7410576108
4821650219
1034010543
155117158119
1733717838
1437014672
490512
3510537108
173917810
145119148121
3919641198
14421645
2619129193
1627916384
164198165201
1182312125
103216105218
42097211
121128124130
28763178
34973799
915412156
185239188241
132108135110
17899181101
1693417235
21825184
186141189143
1422714529
5616158164
7322776229
123172126174
153247156249
190151193153
82558557
435737
29463148
1117811480
25832885
454564
1466314965
127203130205
186119189121
70487350
364666
127106129109
1581316115
1110414106
8514488146
8013083131
119172121175
127203130205
0972100
130179132182
1515515457
800832
93419643
124236126239
6124664248
1398614188
177185179188
1931119613
178119180122
13251627
3415036153
2024322246
9011093112
4212244125
131195134197
9219995201
129247132249
58956098
183244185247
183233185236
5815361155
112241115243
54605762
141154144156
33813683
139247142249
9311496115
26622964
5521958221
50875389
7123374235
14551565
186133189135
130107132109
3819941200
160240162243
145127147130
36514052
8314386145
196205199207
7581060
3011932121
17001732
61448147
1648116782
115165118167
2517027172
107106109109
13511653
21172618
1808818390
163138166140
3618339185
1732117822
100108105109
1476914972
5615859160
1171012012
4916751170
189126192128
15301832
1215214154
148192151194
165230168232
1415817160
1919622198
4513248134
1962719929
1903119333
153242156244
173189175192
2524128243
1477315274
194133197135
1436214664
1067810980
2611229114
99146101149
1837418676
173153176155
189214191216
4923152233
8917392175
4516948171
5417457176
173135175137
2222425226
157148161149
130179132182
139137142139
1569315995
6514268144
8222884231
111196114198
17651788
9423296234
179162182164
4514846153
43114613
1322513527
99912101
85118813
41324434
1574315945
3412637128
13599138101
161198164200
4814851150
1818321185
3124134243
1493315235
15301562
179203182205
4811849122
1425714758
1443314636
48715173
1022113223
8823991241
1756017762
153100156102
194190197192
158219161220
3311938120
36514152
3713440136
92169518
21372439
9413697138
71347436
182131187132
66296931
1536915671
1559416095
148101151103
97106100108
1716119163
113198116200
3621338216
1716317465
4617548178
25582860
927959
1276213064
175145178147
6410567107
33103513
52435545
187139192140
12561288
1510417107
1716017462
1455914861
818211183
640843
36514152
103178106180
66556957
188227190230
71659168
83338536
156192159194
58746077
580612
189175192177
3418737189
1725717559
98113101115
9024493246
13201622
159206162208
3321836220
4515548157
160110162112
127243130245
26452947
10111313
49365437
1675517057
3520937212
164108167110
7220776208
125135128137
5310256104
1607316375
2319125194
174175177177
1320016202
171199174201
4614549147
1739717699
3324136243
148175151177
994810250
31533455
5910463105
37244026
1558016081
163204166206
192239195241
156154159156
121117124119
128152131154
8621788219
1171312015
1511415416
7115174153
5012752130
6616869170
1313714237
65226824
3317735180
5412656128
56895991
193919611
190231192234
1315113453
1824421246
3517938181
165175170176
8019283194
129213131216
6124764249
1106311365
180223182226
93819683
1916322165
19798199101
5922162223
1253412935
8021182214
68827085
42277229
30633365
171128173130
1476615068
943966
5521758219
178174180177
91829484
2020322206
178168181170
75357837
4715550157
123199126201
8715790159
4318048181
9713499137
1635516657
525827
1521215415
195152198154
918712189
184231186233
83968897
192114195116
4414247144
187197190199
105239107242
20592361
128206131208
184122187124
1028510488
103148105151
084287
9521198213
01673169
02083210
52655567
59526254
9861017
123220126222
109208112210
182116185118
9511897121
41244327
1887019172
58566158
3616140162
6918871190
1598616189
32493551
1585216154
702734
2718128186
149230152232
148156151158
4022143223
3316936171
145135148137
92579559
32363438
196221199223
104225107227
6020663208
3723939242
155209158211
1173512037
911112113
1579616297
8715689159
2823531237
2510628108
839986101
1778118083
175138178140
1894619248
1944219744
2320526207
159110162112
8212585127
1118411486
1415517157
176160178163
49405242
2116624168
4120843211
9612598128
176173178175
172219175221
1279613098
9515497157
70617363
8423686238
1188812190
40214323
66606962
117178120180
188183191185
122163124166
180144183146
27283030
3021332215
145237147240
2912032121
24782780
1520018202
712910131
1312313624
136168139170
52825584
45604862
4920652208
1641516618
7924281244
64756777
6815770159
7321576217
1713719140
124209127211
150222152225
136102138105
1037510577
1710420106
3214635148
112153115155
80378339
8713490136
82528554
160218162221
1313416136
1644916751
1917519378
98155100158
67696971
154169156171
4519447197
121147124149
173216176218
1364214143
194165197167
3313635139
193175195178
22622564
1323613439
175143180144
179217182219
7613581136
99170102172
176237179239
1682817130
128128131130
31935195
1133111633
109119110122
129246131249
105178108180
109150111152
2814930152
4018343185
106245109247
1724019243
1812818430
4819151193
64106712
97206100208
159120170120
4815251154
1620519207
179138182140
2016623168
4319046192
9410296105
137135139138
179232182234
1593916240
1159412694
4016641169
56365839
157181160183
182114185116
14881989
8115383156
126199129201
421453
146203149205
171117174119
1834918651
114188116191
64116713
153214156216
9511598117
29483150
1388514088
1449314795
9291132
6917872180
1525415456
3921244213
12001222
86449145
84278630
157203160205
5121356214
9222795229
49795281
47225024
1146011762
4924450249
96739975
100218102221
170159173161
110218113220
1599616198
4610048102
3311938120
0015
3512938131
170239172242
1625316456
1225312455
01042107
1556515867
1758817890
01633165
90519353
3513738139
8112686127
123232126234
145198148200
89219223
13961698
5722660228
4414847150
111248116249
96319834
93969698
1742317626
9412697128
4222744230
89199221
40744376
67517053
4917352175
9314195143
7714580147
103153106155
41294431
5924362245
6115964161
178157181159
1769118791
110123113125
113243116245
7812881130
1219712499
1056210864
122177125179
148116151118
32853488
3319336195
94889790
1025910561
140101143103
998510486
9711003
9421797219
6618369185
68687071
146160149162
120132123134
8020282205
40214323
1743917741
142146145148
5612959131
135223137226
5216755169
8713189134
382414
146218149220
40694371
120118124119
054257
133230136232
49365139
63486650
109240111242
1681617118
6711172112
1811421116
693725
6711870120
1241112713
115150118152
86449145
1559815899
53705672
189819210
100244111244
67147016
33153617
319834100
96739975
6914472145
155176157178
9022193223
56365839
1536315864
1021210514
174104176107
61408143
184211187213
9941026
116194118197
136189138191
58766079
6722670228
1415114453
172219175221
1124014242
1022210524
1801318315
80348236
73147715
129913211
8414887150
186142189144
029134
4424047242
132166134169
2821033211
117221119224
4212244125
27283030
85218723
4010242105
28503152
177219179221
316618
99141102143
6922072222
1710120103
1243912940
8224185243
17481853
140135143137
1302813231
173164176166
01833185
2614228145
261284
180239182241
49465248
48905092
3023132233
108173111175
62029204
8316886170
1082211124
1601616318
89399241
1059310895
1623816540
158174161175
1672917031
10751377
1576915972
177246180248
85418843
3823641238
157188159191
1678817090
6719268196
107106109109
1215312455
16601962
27383040
171116174118
1689117192
102200105202
9716799170
12211523
61606462
99227101230
62447344
45654867
650682
108227111229
1463615137
02325233
17852087
1361513818
1883919141
9641266
125147128149
134234137236
02243226
1214212444
17632065
161181163184
01438143
1124014242
163113166115
38673971
2814631148
104206107208
190191193193
193231196233
18499187101
1742317924
125129127132
185128188130
4510248104
3810640108
1273212935
9112693129
190222
5923261234
151147154149
5818361185
1015510457
124229127231
118235123236
4317345176
98194101196
8112884130
65966799
450481
7811081112
103148105151
105137
1415314455
127160130162
1454914851
166132171133
142186147187
168205171207
42964598
17541786
1313015133
7610078103
108152111154
87919093
162193164196
11481199
79838285
123153126155
50835285
616918
1413014432
1147011772
151236154238
113157116159
102100105102
7914882150
1938119683
154212159213
6515567157
1522315425
7813183132
162194165196
204236
159103162105
53415643
197117199120
5817661178
169164170169
5510860109
25102713
97233100235
18421874
724310245
19562258
7511378115
1824218544
136128139130
5715860160
31768177
9414697148
2221525217
132196135198
196171198173
1918019382
1215712658
4712052121
02392242
180246182249
163214166216
7791081
93459647
079381
1876518967
1188012182
15031525
61129114
137179140181
80298331
6821471216
143241145244
17852087
1629716599
1425114454
11791481
197236199239
9024793249
148185151187
31666168
1498415187
3520038202
141143144145
12141516
29863189
27383040
209923101
148175151177
9019691201
7612579127
1211515117
88759077
1313813439
1612316424
1620519207
188212191214
57226024
185211188212
7721980221
21752476
1843019530
131154134156
1525015552
7713179133
1489115193
5217055172
14951796
167241172242
1846118664
5118254184
6912272124
182177183182
1473315035
52307233
1603316236
36863988
110169115170
2021823220
194193196195
1058410787
56555760
74437646
1319116193
1581316115
191101193104
1767617879
118220120222
11711374
9115694158
21144117
185180188182
077379
36723974
7810181103
1932619529
721710219
47965098
172208175210
1858418886
9620998212
128231133232
62666469
5821761219
49275229
120220123222
3010932112
281332
1884919151
6819371195
14231446
1967019775
2914031143
82908592
1114111443
1212615128
163166166168
7212975131
167227169229
12121225
109156112158
1171612018
156217159219
102234105236
2720430206
126165129167
91899391
1315513457
3514137144
9222695228
4111444116
1897619178
83818584
1072511027
22262528
92459447
1358013783
174122177124
1713319136
3913142133
41414443
7911382115
189146192148
160140161145
2422027222
55335835
1391914221
14798150100
82608462
179107182109
105200108202
152192155194
1275613058
1784218144
3915641158
127100129103
17162018
1064610948
163145166147
122213125214
1223112533
67887090
125110127113
128225131227
1797518277
442744
36403942
93209622
32913593
223245
85208822
18692171
4018343185
01552158
1648316685
1091411215
103240106242
8712390125
111221114223
1053111032
138176141178
163243165246
1108211384
39164218
5024052243
79248226
4324045243
4421947221
176113179115
5314356145
7219273197
7716280164
165245168247
79928294
18122114
1139011692
1913022132
185233188235
102247105249
5320756209
79458147
1966919774
8620389205
11224124
1413314336
144176147178
16351667
2714130142
02113213
5122254224
184146187148
122181125183
3616639168
181227184229
91739475
1058810791
1351813820
048251
86938895
96309832
147179149182
169179172181
12474249
1251612719
8612688128
136238139240
2010822111
1188312185
3220335205
140203143205
8621489216
3821641218
293325
1823118533
1623719239
48795181
17832085
48245126
35123814
187156190158
149237151239
145200148202
41727174
59276229
113205116207
7723580237
61966697
397429
2682810
61936395
35713773
804836
5524258244
182172185174
6616269164
175182177184
195247198249
118234121236
21642366
115205118207
181183184185
186221189223
1925819461
127239130241
56105813
19098193100
5814261144
48675169
7323076232
32873589
108137110139
88629164
2519528197
9351237
150199153201
3914942151
1195212154
177242180244
61166418
1542715630
96399941
125236128238
189189192191
181199183202
106192108194
89249127
1573316035
58966198
1267312975
1610419106
85808882
15831606
1320016202
1064310945
1304013342
1358213785
161211164213
76787980
74497751
1264912951
135131137134
153204156206
4722850230
80118313
164221167223
133177136179
78888190
111186113188
3112433127
2615631157
01512154
1068110983
169150172152
188204189209
77207825
101212103214
128135131137
31293431
5017651181
1818921191
85688870
8523187233
151201154203
1852818830
94969798
152103155105
93759577
103118105121
79718472
11394141
900932
815010153
1603316236
6978100
9317496176
8811191113
1079311095
16731705
5611759119
76107
1379414096
92449446
12161248
152109155111
1217315175
1262012922
1364214143
41757177
937969
186235188238
8113783139
2715828161
188226190229
5216055162
1782818031
813511137
1957319875
145192147195
1835218457
17902092
1538015583
124172127174
2911332115
1514815649
11024104
1081211114
119172121175
1423914541
1051710819
8110284104
1576815971
8015782160
1911422116
4922252224
4219045192
142161145163
145177
046348
104237108238
3222535227
1632216624
3221335215
126163128166
7016273164
6814171143
599962101
11561358
1493015232
3423336236
1351714018
288590
73277530
145175147178
1441514717
98143101145
36893991
560582
120209122212
119135122137
3916242164
113225116227
70787380
89879289
01115112
49445147
100186102189
2918834189
9015993161
140159142162
134241136243
182106185108
4623749239
1521118213
1188512187
119101122103
5916161163
105103108105
1148111783
70597361
131163
132199135201
19031935
9021293214
157199160201
192215195217
7824181243
77207825
68297131
2312526127
196112199114
138110141112
101206103209
054257
6317566177
1465314954
6821171213
106170109172
27723073
171166172171
8020082203
104237108238
71707273
152133155135
1881819021
134218137220
1658116982
8320185204
189231192233
51205422
413715
1187512177
3921242214
1583016132
165208168210
107213109216
129913211
83628664
1797218274
8410587107
162142165144
1847418776
1404714349
5116454166
174186176188
1245912960
6610769109
8324888249
68667069
1626916571
4717749179
80388340
196173199175
3716940171
3913441136
168213171215
120114131114
1288913092
176246179248
13301533
180186183188
184102187104
2320526207
184178189179
122168125170
1843019530
1585216055
109208112210
71357437
1949019792
40554357
3317035173
15421574
1704017342
1723417536
6714570147
7315976161
3124134243
1554315845
2313926141
183186186188
115127118129
103118105121
1521118213
124226127228
24932795
8015883160
177165180167
1017510477
815010153
2995101
36183821
4418247184
1539015692
167157172158
69867288
6218365185
22185220
7620579207
1261512817
1049610798
1844218744
1718617388
1782318324
13441646
4118645187
196162199164
7524378245
114172117174
5120953211
11471449
8715290154
119160122162
3323735240
1115811361
40704372
129213131216
1073111232
9515197154
1710019103
1234212544
125122128124
4018645187
153227156229
9410297104
39104212
1713720139
152139154142
1157611878
1214515147
1758117883
1514718149
6223965241
4516648168
7016172163
109200111203
164146167148
192147195149
194187197189
8914992151
142239147240
2918432186
7220675208
3415036153
99142101145
1142311725
663695
170145173147
9024393245
1221312416
01883190
4512447126
183157186159
533564
63576560
1358914090
154228157230
6110663108
41857187
42434545
17832085
102170105172
1759217894
1545915662
6013563137
140172143174
139110142112
168128171130
43934695
136146139148
1019210494
9218095182
5411157113
42467248
118244121245
103178106180
01115112
170153172156
132126135128
59376140
190169193171
1681617118
96359838
1315813361
4310745110
1783218134
6821171213
7914684147
35343836
3311034115
1252912830
69407242
149120152122
2713329135
8121783219
123240126242
993110332
148167151169
34843786
1313213335
168176171178
9018793189
1415916162
9618599187
186200189202
7310175104
186221189223
1783218134
154176157178
1317013472
1516317165
196106199108
1742317924
178176180179
158113161115
1375914061
771794
7311276114
7113774139
3222435226
6216665168
450481
1521418216
3824843249
6710270104
143229146231
1885719060
14901792
146172149174
584616
177125180127
1213612339
166150168153
8316886170
2113524137
1934719649
77558057
3012435125
1324113543
24352737
178227180229
67346937
1418314485
128243131245
39494251
2613129133
3466
178239180241
6718270184
100156103158
132112135114
3015533157
155134158136
4422247224
137106140108
121103124105
129198131200
9317496176
181199184201
8417387175
75147717
175233178235
84658767
1196912271
197227199230
9024793249
1118411387
36683970
19752277
14371469
72757577
6421267214
107141110143
3615241153
170225173227
1013110433
1051710819
151195154197
545558
043345
83268628
88559157
153232156234
5595811
181180184182
8115283155
87629064
17601791
2214225144
9324096242
7518878190
189202191204
3214535147
67147016
106138109140
1312013422
1091811121
111128114130
184227187229
1463615137
62069208
6222465226
5319955201
5415457156
4911051113
1921419516
989010191
1068410985
479950101
5011453116
111142113145
173216176218
1145711759
1164111943
175226177229
40664368
2212024123
173189175192
038340
1255312855
1944719749
142152145154
71157417
1311015113
168219
104135107137
7622479226
165112167114
8022283224
1661916821
1262012922
4824050243
1513917141
31143316
121115124117
15591662
3919141194
126128128130
156164159166
11784180
1204712349
1157511778
079381
132186134189
4420246205
1696617268
173242176244
41257127
2710030102
1661116913
191155194157
174239177241
11071139
41337135
129183132185
15541756
160231163233
105181108183
6522968231
97201100203
7988110
1728717588
142224144226
119192121195
429731
1818018482
195176198178
6114663148
1782518326
1016412167
6912272124
1812221124
180139185140
985110054
7211474117
8512888130
1319416196
48685170
1786918071
12161419
144224149225
101128104130
123165125167
93379540
921711219
1462914832
75817883
78178119
85338835
1565015755
1132711629
1943519638
13471379
2524427247
5619758199
166184169186
1124111543
9619598197
5524658248
139212142214
93379540
107186110187
2223025232
80848287
9312296124
2721330215
129215132216
1855519056
11481199
1481415017
5212855130
76957898
196152199154
6581758
2822031222
5215755159
5124454246
116218119220
1109811599
128176131178
3711040112
124228127229
24492750
985710060
7541056
99137102139
1411216114
1248412786
134192137194
141193144195
1601616318
1623619238
1063610938
1159411697
2724130243
191201194203
1165311955
8218785188
170190172193
187170192171
171142173145
1191912221
157214160216
3711440116
01792181
185151189152
2615631157
39274032
194134197136
114193117195
4517548177
176148179150
1388414087
1632816630
1756317865
170234173236
2011923121
6811173112
9323796239
173189175192
162169165171
8212285124
131173134175
1375614058
1704917351
1321213514
79528254
148235150238
31223424
2213825139
6219764200
112212115214
6917472176
163131166133
116118119120
1653716739
5014851151
1476615068
5721359216
13501652
2310926111
37464048
529831
1023510537
29223224
194171196173
3911641118
6811571117
8913792139
1401914321
996710269
165169168171
138182143183
56425944
117199120201
10011023
7520278204
178207181209
90659367
159231162233
9622898231
143100146102
9622898231
138199141201
7716480166
83738675
8223385235
106231108233
12951318
101105104107
1945119753
5422857230
1524517248
1262612928
72867588
118139121141
1932619529
519953102
108246113247
3920542207
1853618838
153224156226
8518888190
71657467
4320946211
164105167107
167218170220
1725017552
1064110943
182157184159
196141199143
120110123112
73567658
4815851160
194186197188
6386610
141190144192
161117164119
184128187130
1235612658
1166711969
7221175213
141226146227
144179146182
6518668188
4123344235
73837684
59376140
132126135128
5412057122
8320285205
110238113240
7011273114
180234182237
50335335
152192155194
21942397
128118131120
14931994
7315976161
112168115170
163205166207
9320296204
5541654
111138114140
6220965211
194211196214
157212159214
7820983210
5618258184
134118136120
120118123120
136102138105
43524654
5022052223
156171158173
171181176182
2912031123
78178119
117107120109
3617638178
60886390
173151176153
13851417
6113864140
8517788179
157236160238
120221123223
2317726179
171183173185
922512227
6224367244
7022373225
146234149236
96169918
164183166186
7716780169
8118183184
193177195179
58666168
101200103203
110205113207
1714420146
80838286
2823831240
1517115672
8722490226
4212645128
76967899
4924450249
1962419926
1823718539
133206136208
2724130243
4820153202
18411873
750860
1819220195
7222375225
37193922
4310045102
2423726240
9512098121
134129136131
194224197226
129100132102
8191121
5910262104
