1791
190180193182
7212175123
32373440
1712619129
66467147
1779617998
996810171
164183166185
7319176193
193100195103
162207165209
6924471246
152147154149
41726174
83928694
157127159130
110209113211
188230193231
191161194163
41354436
170817310
1219512497
91619463
167218169220
178189181191
9119494196
1113211335
7214274145
8924291244
103217106219
77397942
350382
9315996160
1182312125
2618228184
01733175
1520517207
1582016023
181151184153
7017675177
1498315284
84398740
159115163116
48755177
5718760189
3022932231
133219136220
49405242
22065208
99125102127
106120111121
51527155
1262012922
1139811699
150129152132
1025310754
2115323155
3017833180
77518851
170193
185918612
174171176173
5220055202
4018641191
8824091241
1143211733
171148173150
9618098183
82898591
1546015663
1513115333
62696670
8017785178
1223112533
1329213593
185173188175
30953496
1569515997
3517337176
179248183249
9961198
1368813990
177137181138
1210514108
83268529
182103184105
9623599237
6518768188
1106111263
5216755169
3420238203
119194122196
68587061
106126109128
41608161
4422045223
596897
3619037195
28563357
190188193190
106172109174
179184182186
133186136188
188121190123
6322265225
2717428179
163224166226
21292232
3920442206
1318016182
1227212475
1634416646
6016162164
101238103241
7522477227
1216714170
5713560137
95909891
107129112130
5216454166
3814941151
1933119632
1338713589
06111
47354938
154180157182
125161128162
25252728
153187156188
1932819630
9220493208
4121843221
1782018023
157112158116
6414166143
120154123156
1806418266
17882090
1394614149
188113189118
168143171145
17602062
84968699
42904592
198137198145
9622697229
170242175243
127209129212
6815169154
88648968
5721160213
353754
1303113532
084386
1164311944
7017875179
104140106143
144177148178
922112223
9413797138
4517850179
71147416
173204177205
82228425
3114134143
8621489216
1707517476
140194143195
1723120233
2618529186
17471769
4720549207
1966219964
5022152223
1014813149
146115148118
1314013442
139125142126
117131121132
1821820220
18301881
6021463216
3324536247
733936
8722190223
193219195221
8416686168
108196110198
99217100220
1652216724
8623189233
483505
193198196200
9571160
12241426
1274912952
44214624
135158139159
149117152118
2418225186
3319335195
193133197134
1014310445
16671969
105150106153
187160190162
193152195154
1688817090
166121167126
459847101
8415286155
190130192132
1312316124
169146170150
3114734149
91689470
6481149
110108112111
174174176177
100211103213
50615363
131175134177
37553958
73687670
1178812090
21494152
122230124232
7811080113
22582560
3514536149
73717475
1898019282
193164195166
3122434226
5013953141
52108211
84768580
1895819160
101108105109
2213824141
85818685
5024551249
27583060
124100126102
1462214824
1147011772
99158101161
1419314297
71507255
1452814830
151123154125
163174166176
3516538166
7816280165
61256327
44534755
174181178182
42874589
1807718379
157175160176
1538115584
1812318425
1479515097
163228164232
7620279203
170100175101
17231925
53815484
1689217194
193173196175
6521968220
20462150
100247103249
1902919231
113228116230
7516678168
1189412097
6322666227
9120994211
131201133203
132183135185
5419057192
1866718969
16121635
64916693
17201743
2521927222
1235112454
82778380
129216131218
9871288
1936219564
162193164196
3810240105
7522178223
2812131123
1781818219
190224193225
70227225
26762978
1186112163
116164119166
41324434
188142193143
1758017782
119239122241
114159119160
01763178
45124813
195110198112
8417085173
174183178184
1337313675
130195132197
5122452227
110167111172
115173118175
1312113423
1683417136
47604962
40174319
2221724219
7617178174
132222135224
1109311196
155218157220
5214557146
123244126246
80748375
18512153
8411386116
147127149130
7411576118
19461978
13861589
196152199154
62189220
1949519599
140180142182
1815718359
1062410926
1854318944
187154189157
114207118208
6024063241
185191187193
149114152116
5222855230
151230154232
5510256105
64436547
161106164108
75327834
14621565
1603716438
6317666178
1263212835
80878191
6413866140
781813
93219523
1355913761
63486550
6119565196
45265027
81498550
62596461
1078611088
125122130123
150158152161
17799179101
195231198233
4214647147
1328413486
127242129244
4812450126
3817440176
10831115
4110944111
1869318994
7010573107
2516428166
3520638208
101145103148
1291613217
7617979181
113224118225
127213131214
1658317084
1737017871
592623
102157105159
35483750
123148127149
164239172239
134136136138
152216154218
1222812430
689871100
130207132209
170183173184
165229167232
122114124116
62458247
3723338236
128201130203
35213724
179218182220
2714930151
169135171137
185108187110
149177152178
103132106134
1369113992
131181136182
81408343
4312146123
130242132245
32423544
164233166236
01291133
71577360
67807181
13111812
146139149141
133244135247
6424271242
163219166221
11911295
8315088151
1513815241
21534155
64126714
9012292125
143114145116
60866288
61666567
413445
1736317665
73227624
107152110153
30753377
142127144129
1306013165
126107131108
6720270203
1167311875
132123135124
190243191247
175178177180
1086811369
170230172233
112169114172
1204013040
8122384225
176139177143
54605762
9213693141
1383914141
5121253214
1018710688
175198
1865318955
99193102194
5322656227
167183169186
9822699231
87818983
17511792
107131112132
4315747158
194181195184
132214134217
138196141198
39604262
182101186102
103174105177
191238193240
14471749
1256812870
5417857180
1115114152
119912104
1162612027
1354813849
19762178
65886890
871951
51715672
166155169157
50575160
123240126241
870950
1001410216
107217110219
1366714168
61396242
6420166204
120225122228
109163112165
8020485205
119201123202
5217054172
1658617087
4584711
1879019092
1522415426
4222447225
43284630
914614147
179210182212
3822441226
106201108203
15911893
137219140220
34663669
7212774129
129132131135
511210113
61278129
56765780
02092211
5912663127
146106151107
8651067
99214101216
185179187182
7518878190
124196127198
4012447124
85218724
1089310996
37334035
2710529107
1071211014
3010333105
91229225
813010132
142239145241
135103135110
71437445
102119105121
5616658168
1893219234
89269227
178207183208
1833318635
115103120104
62399241
136245139247
172159176160
1155611758
9020491208
575607
1368013882
102112105114
1976919972
176247178249
111102114103
1619116394
2918232184
154138157140
2620029202
99710110
2416027162
130127132129
1356614366
137227141228
132155134158
3723941240
8718490185
51166119
6219265194
93739476
5723360234
1125111552
1755618356
1284613148
203225
175207177210
2520727210
151151154153
172244173247
4115443156
1419323193
1307813380
186202190203
49285230
15751606
6818270184
712311124
192176194179
5020953211
105204107206
3524238244
106123109125
1612516427
1369313994
38224123
122144123147
2010324104
1892519128
12201522
850864
103116
4324246244
45734776
17531794
1156211764
5524258244
71897490
1152111724
184208186210
170185174186
149229150233
1925819461
1231012512
7113673138
108112110114
141161143163
7018574186
4511048111
170140173142
61259126
7291230
9714498147
9411397114
192113197114
8531155
5319455197
1274113042
5912261124
6017171171
1173412135
10799110100
129105132106
23882591
120111122113
10301052
1789318095
158211161213
188102190104
1481610
1685717159
2513627138
3018533186
80368338
171117173120
168119170121
172161175163
98170101172
159179160184
129236132238
5922960232
6311468115
111204114206
01633165
125184128186
71937993
113201116203
9771279
189210196210
1015710459
8111212
19742475
1818718588
181818211
86888891
1059610798
3510437107
1224716248
23922893
144190146193
6210365105
164169167171
82868687
23972599
274325
137185139188
124201125204
1305513257
1323215235
8911892119
73467549
1033010632
174115176117
5812861130
429944102
115238118240
126138129140
40854189
2916132163
3923540238
270572
1545215654
144167
8915390157
159111162112
4617251173
13431365
108194112195
105162115162
95879889
1455014851
924511247
1107011372
108175111177
974610247
3413537137
1256012665
126169129171
102179105181
185103187105
121100122105
32465249
8414787149
01371142
185111189112
1522115423
75737775
12284230
1356514365
86258827
672974
2822030222
9820999212
122221124224
1924221245
1365013952
1922324224
5118152186
489691
180223185224
1395714259
180199183200
2320125203
161216163218
118199123200
1107811579
171206174208
82958399
1458514887
1922521228
1457514680
3722040221
101236106237
86478949
1501415217
119129129129
157243158246
11101142
1423014432
136239139241
6921974220
6610469106
169187172189
5619659198
27433045
9619198194
1171312015
912711129
144134148135
1155911761
15241627
1332713628
1922923230
51948196
93399542
8822789230
1805218553
185121187124
101153104155
38824184
148165150167
52745476
24402742
89910102
72797481
125124128125
21122315
1624623246
1186912171
18001822
164216166218
1968419985
107234111235
62106611
7212480124
7123476235
1411214315
190226194227
62946596
76907992
11371207
115231117234
99104104105
3311734120
1829618498
36263828
1831818422
5817462175
9023393234
9515698158
4715449156
16398165101
41114413
7814581146
30833484
11511183
3616339164
8824893249
144217147218
193194198195
179166181169
6214965151
1046910671
4018141185
1161811919
3815240155
1733417636
1508915391
98117101119
122138125140
116161119163
1048310686
169214172215
5710760109
4121342217
1694417146
987410176
29863189
149234151236
588629
35943896
2218323186
1718517388
183182184186
37644066
178139181141
95119713
24762580
2715630158
6418467185
1757217874
1715517456
1198312087
130913212
130162
168122172123
188149189153
4414245145
44614664
2924432246
1519515398
9317696178
1925119552
5821459217
116212119213
154212157214
3511738118
3013333135
2212125123
186126188129
1519018192
112148114151
36183920
161102164103
6019965200
77488050
6318966191
66486850
2924732249
153116156118
17422043
1021512217
196239199240
6920973210
8720889211
1757517877
132210134213
146172149174
1755317855
149227153228
1156511867
69947395
187238190239
32593760
55815684
1695217056
121184122187
9616697171
1492715428
1661117112
9312694131
167110170111
01437143
43744477
181106184108
19831998
185137187140
1816019164
4814549150
105166108168
1729317595
7416177163
8720489207
8321685219
145227146231
190222193223
134202136205
369939101
7521178213
1938119882
136221140222
194108199109
1612316424
48465148
130204133206
13941795
189133192135
1573416734
185185189186
1924722249
113182115184
2522328225
24612663
4117744179
1259713297
1311516116
819913200
1197312176
4311445116
5622257225
166190169192
6698
7819181193
12331265
1977319975
1613919141
21563160
20552356
161202164204
112248115249
1517017173
11794181
8914191143
158193161195
148150157150
136143139145
14431646
1355613858
162149164151
2216524168
153247156249
177134179136
113212115214
2116123164
1312516127
129219132221
40204321
135227136232
1104111145
166201169203
3710844108
1810923110
1549015792
74357737
140113142116
163157165160
8721790219
1603616736
113127114130
27523053
140169143171
8917692178
7810581107
63576758
175216178218
195202198204
197209199211
108240111242
1225712559
1076110964
1617417178
173212175215
98164101166
129227133228
4113142134
1817421176
1018910391
194236197238
6111266113
1121711519
173102176104
16362037
4617449176
46664967
150139153141
1549415599
109185112187
78798181
195178197180
137171139173
1719519197
8711888121
154815610
123218126220
159233161235
98112101114
16632064
10031035
7021271215
46515152
38244325
137135140137
968010181
32123415
11931225
1611319114
23173317
5710358106
31826183
162245165247
21395141
1605316256
80298232
82598561
1494815051
2011123113
135211138213
3115834160
2521527218
97245101246
8116383165
124211126213
1372914031
1953819840
1589216094
2917229181
1123914241
1492915032
122106124109
6619568197
106108109110
7122873231
58956196
3794011
4024542247
193207196209
1932019423
1451314815
1120114202
3612741128
1268112786
1102411226
146158147161
176153178156
4418747188
90819284
1925619956
4011942121
11631365
134166138167
1412816130
1483315035
3521037213
1919419397
916312164
127239130241
4416248163
1922619527
5512563125
7211175113
85548856
9021293214
1816921171
778881
101197106198
32613762
100115105116
194190196193
94207103207
1124511646
1407814380
8612289124
21845185
140190143191
1215512456
6713870140
8524288243
197205199208
5016751171
83688769
188107191108
660692
63156418
135177137180
51346138
1711520117
1718317584
4715252153
139133142134
132239135241
139212142214
6016863170
4724050242
4324545247
7811781119
182121184123
3014432146
1331213713
1317013273
18182120
5318556187
9016992172
7913882140
52775578
120151123153
7119573198
4916451166
184196185201
1887319175
14961797
1827418576
50875289
38534354
8710292103
28343036
104207107209
2424528246
14871538
327629
1455214854
12661568
5213355135
6720768210
6715870159
1193712239
43934596
152167152174
1582416027
162105170105
1324613448
116246119248
175200178202
4119545196
717110173
24562757
151165154166
11198112101
233265
53255627
1112011422
179157182159
9521097212
7419676198
1276312966
1922419525
1544915651
5323356235
2913932140
189217192219
4519247194
1862218924
8711388117
89379438
170102172104
145165147168
174244177246
61766378
4716849171
125232130233
125180126183
37514052
150162161162
7418279183
5616959171
104242107243
1710119103
1448814790
104240107241
4117545176
110212112215
6020163203
83528853
139223140226
8612888130
108147111148
1214812450
39944296
1143
1739717699
146175149176
5619460195
3022734228
1773518037
142205145207
148119151121
136223138226
2114424145
915711159
1796718269
1904119343
7016273163
188179189182
160205161210
5314256144
8818691188
1817118473
161117164119
144108147110
117155119158
93189620
4412547127
1364313945
109911111
9751476
193126195128
150126152128
146153150154
1487115272
6812171122
194187196189
194171199172
152233154236
1575016052
1626016562
4318048181
73537655
920312204
142144147145
9023893239
6515567157
10131215
133127135129
560611
14999152101
194185197186
152237155239
137229138233
129183131185
148237149240
1788418385
8621289213
115189117191
68137016
4222647227
171154173156
1955719859
7514277144
018419
65596761
1578715989
116242121243
118139121140
6711070112
6411667118
9401242
173230175233
62796581
153167155169
100185102188
1742517727
55126312
1911019412
18321864
18292031
6610769109
1511716120
8823591237
1095211154
185145188147
49315233
6211970119
127177129180
89899192
9421398214
8418687188
190137197137
16071629
32213424
150219153221
21995201
9316895171
123193125195
02171221
86578959
163190165192
15381839
187918812
129161132162
141218143221
186148187153
119168122170
43584660
1278813090
4114043143
6716269164
32853294
161183162186
53875688
8020082203
1381214014
1702017222
151188152191
182109184112
3911442116
115105120106
9371139
9610198103
3312735130
154227157228
162210165211
94599960
128172131174
9512398125
111217113220
8714492145
5816159165
1078111083
182187184190
1275812961
5221554217
7111473116
5714262143
1509215394
58676069
1926619469
69487249
100231102234
2111424116
2613128133
188176191178
196919911
170224173226
144111147113
120197123198
186246189247
112180116181
3919940203
1686417265
174118175121
6214565146
6123663239
5310656108
33183520
11341166
151102152105
2082211
962610526
87969097
01442147
133235135238
168227173228
7415175154
1367613879
125187126190
8715288155
1971219915
95759679
138120141122
2222524227
77218023
1562315728
148168151170
6015663158
1372613928
3011232115
28393141
6122262225
1707317474
5019652198
7218774190
177104181105
178142181143
108204110207
189208192209
115126116130
145131147133
62047207
1651317014
13401642
189170193171
1820621208
49125213
4712149123
1419616199
166158170159
7123674238
2715330155
38364039
42784481
5418357184
68516956
50645365
182146184148
9324596247
1622718230
5819261193
126103130104
8419987201
52435446
1077010972
1782518027
6017963181
126126129128
86288733
170248175249
161166164167
60706173
1218012187
1458115082
125114133114
4910953110
157230160232
1185112053
4318945191
1218712489
109202112203
106169109171
166100169101
179921100
1313416136
100122105123
119220121223
73507652
2221327214
19572159
58766078
14601511
3515037153
177222179224
2624728249
4823151233
6914471146
9614198143
4822649230
6918771190
142149146150
147162149164
143212146214
75137815
104224106227
106111107115
56536154
16652066
1072311423
239540
1557615779
5613259134
1918924190
3315436156
178129181131
4515947161
109221112223
109226112228
1646316765
1629516597
4624549246
1057810682
1149511796
1565615958
8115885159
1957319676
641843
4813549138
87419042
41758176
7281428
656858
57576058
1014112144
3514339144
7815282153
143130144133
7711480116
112235114238
7018075181
4211247113
121135124137
6623267236
197100199102
90499351
149192151194
171111172116
93649666
8212983132
183241185243
6821670218
6224867249
8219187192
31273528
163153168154
6412467126
185189189190
1773818040
1533815640
99139101142
1754318243
2821831219
140104143105
4818750190
1689517197
73257626
165128168130
21262428
919412196
23292531
189124191126
7191021
1635216555
13361349
93249526
186194186201
128200136200
6317467175
130136131140
196117199119
29693271
194156197158
2020921213
13561369
103220106221
181215184217
132225135226
97242100244
121120123123
6210065102
1671916921
117107118110
107159110161
759980100
1439514697
138105139109
115192120193
1518515487
5416257163
152119154122
122130125132
1718017482
104246105249
3913140134
54955796
62218224
11344136
108180111182
5213656137
155152159153
3817740180
1652516727
3814040142
02132216
120164129164
814836
143196146198
4818450186
16151917
637840
155134157137
64326734
24812882
120165123167
5020755208
55435648
1520218204
1164011942
189146191148
119181121183
150183153184
1298413186
61848187
195131199132
169206170209
8310086102
723212233
7515680157
3224036241
276317
59826483
5217656177
78538155
182137184139
191211192216
7311431
69107212
4619649198
1204612547
5615057155
7719878201
9117993182
119107121110
140244142247
161222164223
4624749249
2221127212
152244155246
2224123245
5224153246
5013251137
1155311755
5223156232
1457014772
95149915
1321413515
8012183123
255556
106156109158
168177171179
197212199214
6418066183
170216173218
1009710498
166243169245
1702717230
130178132180
120159122162
1786018361
67246926
8514188142
1354013742
18471950
193201194206
61626663
1596616169
1320314207
103182106184
7022373225
3115134153
988410086
152192154195
396428
1836218863
6020463206
230532
3819440196
16361649
10321235
10831186
158197161199
7824380246
5410956111
1247912584
7617679178
9120296203
3221635218
1418317185
120144121148
179180182181
12551557
152208154210
1447314974
1867218776
436477
66716973
172178174180
179115181117
188140191141
130149135150
7122174222
41226124
1521115513
194115199116
135157142157
1065810960
84738774
8111182116
1653716739
197227199230
6113563137
91789480
983810140
976510166
1298113283
7387511
182191184193
144148151148
2213524137
165151168152
158163161165
1712220124
86618963
1414816150
14621484
1671616918
692895
1888518989
52195322
11901222
8617287177
157247160249
32134216
120246122249
25102712
1118511686
9451147
162143167144
1735117454
21352437
2510326107
195196199197
185131188133
88399240
12301262
169212172213
5615859160
96195101196
21295130
4115742161
25222724
174150177151
6210965111
98137107137
58796181
1133811839
6919570198
120157123158
19001932
764805
35833688
189919014
1721517517
147915210
182169185171
117177119180
7019172194
14098142100
163188166189
91439445
1418617187
71617463
110243113245
172219177220
8416186163
96169917
269928101
109199111201
1867918881
1665016755
130153133154
40754277
1818319188
97204100206
1564316044
78178119
026229
5620059202
1409014392
193129194132
9224396244
19601992
3221936220
78448047
8913092132
123138
5421063210
1583116133
2522629227
68317133
4622049221
01489148
107213109216
152108157109
1410916111
27613162
155193157196
8917990183
6812570127
143164144168
01223124
1813322134
1036210663
196164199165
198173199178
145136148138
2115126152
200222
278319
28293031
155177158179
7820680208
638669
33923893
1622816431
181160184162
3724539247
179144184145
7422976231
3417937181
112166115168
2813633137
1019113193
