1730
3622840229
176103179105
56395842
560862
5218255184
90899192
1962219824
71107411
169217171219
4020743209
1066910872
28753176
1227412675
50485350
11254127
139119141121
81408343
77178019
1643516936
92759676
187131189134
109218112220
1223114233
4624550246
1128411586
9881191
4624148243
196112199113
1812718230
3112634128
154152159153
190133193134
114138116140
1610419106
72429245
1515815460
124204132204
21352437
8323586236
178135181137
4011043112
156154159156
160112163114
642943
1513415535
16161638
1156011762
110215112217
150169152171
5017351178
175217178219
41124414
3923041233
8522088222
1548715988
188242191243
5520359204
72387441
1597716278
8911591117
3715840160
790804
178122183123
1411615119
1215513158
1115014152
1846518668
118118125118
186171187176
169173173174
1936219564
3511437116
166169168171
92599560
7217675178
2323026232
49785280
7617881179
141177144179
197211199214
7824680248
149234151237
32933794
134176136179
146166149168
1004510247
189169193170
183135184140
184226186228
1743117534
67167816
184153188154
34103612
34193721
9513997141
1779617998
1923819540
45234825
24432645
1369013991
1188412086
61706372
55435647
1619619198
71597461
133192136194
109221114222
130153
119195122197
1202512327
91319234
1123311535
159138161140
63956697
21812383
8310184105
1513418136
1378014082
121142124143
106147111148
3024732249
85228725
185163188165
90829285
4814550147
171135173138
4017242175
6919972201
189197191199
1915519457
188103192104
4414545150
167152170154
9417496176
40704471
38934394
8617489176
7312475127
51896192
172243174246
119127123128
472503
2118824190
7619878200
41289129
119181121183
065367
4921052212
1808118383
191218194220
154204157206
1323813441
177227180229
13721574
102134104136
1033810541
51345336
188209193210
116126118128
9118294184
16411663
3415537156
182235184238
3511738118
35663868
193184196186
5022251225
155101160102
4820150203
152230157231
21212422
1052210823
110100113101
4094311
6622569227
120245125246
01782180
11899120101
3116134163
845877
49645266
1611916222
43734675
150142153144
6013562137
84268629
8819991200
2518827190
1425014452
46494950
1121211316
6313565137
1361213815
1595816161
1924119443
166139169141
37693971
3516338164
4324145244
813835
910012102
122191124193
1725117752
63846587
1712622127
3019831202
1757317874
1626916471
2716829171
64116514
1481015112
7214174144
94469748
36133815
196152199154
113167116169
1623919241
163194165196
1655116853
1310115103
28632966
1384114242
116195118198
6286510
94129614
7219675198
35453748
165221170222
158245160248
1725317456
1414614547
148103151105
65326735
8951396
132180135182
43154617
145238147240
5116656167
139917100
1911423115
179208181211
53775678
61989199
155815810
4417447176
1873319034
163174166176
1625716460
1613116234
820310205
023225
187203190205
1905019352
2018322185
148133150136
353555
6114863151
179138182140
56846185
9411399114
1637416576
340363
96145101146
100116103118
36243827
69877288
41954596
92449745
173124176126
162169165170
6710470106
77728074
5217456175
42334535
154135157137
118153123154
127108129111
1492015222
157212160213
1314813450
5616259164
100156102159
126220128223
135167
141234143236
1534115544
167137170138
125200128202
1524416247
015218
4819251194
1320816210
190155193156
163215166217
81578359
127146129149
192124194126
97147105147
186148187152
14798149101
2512828130
1224412546
915511158
6414869149
1041910621
7816579170
151178154180
6914471147
17671799
140245142248
3710340105
1506615169
6917671179
102204107205
8013782140
1055110952
588889
179236181238
1096111263
821411215
66716972
1553615838
92549456
775798
174138177140
156157159158
11541456
117102119105
163159166161
30773182
9518298184
51125314
172211173215
1786918171
138168140171
27533254
172127174130
115228120229
181124184126
59666467
135137136140
152236155238
1323416236
1116714168
1441314914
119157122159
15921894
125214128216
101232104234
182209183214
7620279203
1601616417
9018795188
2721029212
178247180249
138106140108
1314513347
02301234
101161104163
11921494
120202123204
1386114063
2319325195
101187104189
115120118121
4115643158
94669967
50215323
3110336104
6820271204
179173182174
1876619068
177177180179
3511137113
995010252
1408714388
8912192123
822610228
1814921151
174149177151
58216024
089292
653954
12123215
107207109210
1013013131
4122643229
89519452
71257427
5623559236
41867188
1362514126
1887619178
5123953242
7814179145
5815060153
32455247
84478749
1610119103
7311276114
1209112293
158103159106
153216155218
1533115632
108185113186
61906393
2510030101
6911571118
971710018
109157112159
8015482156
88799180
138117141118
19161939
38304132
19712272
106125108128
160158162161
119135122137
50195420
440491
8913591138
348379
7022473226
1018611190
63536456
1023410635
147179150181
6121164213
7514277145
1889219095
55195722
30193321
2410227104
3010932112
1098711289
1109411197
55935895
10401243
164172168173
1517518177
157141160143
1019112194
155160159161
6823469238
89878994
1517015571
12581560
9623098232
1744517548
178245182246
190143193145
113207116209
68247027
14331464
112119114121
1488315185
1036210664
100167103168
3015735158
167197169200
104165107167
966810169
6315866160
5423957241
1652516727
129220131222
074475
17899179102
8122384225
4519247194
164210165214
1643716938
119247122249
152125155126
1020912211
170186174187
4621048212
134123137125
163218165220
8116283165
08211
1639316595
140102143104
77787981
2112824130
6613769139
74357737
1399614497
11261428
8819791198
110193112196
1689217194
4613851139
1039210893
1225812560
1289113193
18641896
1323513537
6515266157
4815151153
96599960
18071848
2616528167
1992111
138223143224
852884
977410076
43234427
165246170247
1465414856
177236178241
155221158223
136172138175
1552415726
146247149249
7422476227
125205128207
3516140162
569959101
141160146161
2216425165
159196162197
123135126137
126168129170
165142167144
495797
40214522
181163184165
1345513658
622211223
37514053
9623698238
5116855169
1438114683
154199157200
42624564
151119153122
175223178225
65486850
40864487
145163147165
108226111228
3217333178
2013223134
1839618698
146143149145
158214162215
174147179148
1891519117
191221194223
1451914821
9921033
01422144
1210415106
5313656138
67547056
1791718219
2417728178
187231188236
103157104160
148214150217
22782480
134163137165
158227160229
99210102212
71929194
3417137173
1745917562
139126141128
3012935130
97165102166
46344836
105187110188
122119123124
181161185162
85518853
6324766249
108165111167
115233119234
1184312144
1551315715
1241412815
59956297
122183126184
55495851
158134163135
160208161211
109124111127
54635765
4817951181
9210293107
79908291
184243187244
41764478
7018573187
189821100
9510198103
88219023
7315881158
1609216294
1058810890
1138711491
9315495156
02193221
196224199226
25192821
133203136205
172111175113
1326513567
4324545247
1146611867
110138113140
1076210867
2720328208
1339013592
150123153124
1216312365
110199113201
5114052145
147174150176
5917261175
184117192117
193152195154
76607764
14398146100
2318126182
81268328
83688869
108129110131
1277313075
2122323226
1331113514
15401562
1185212055
139205142207
2424527247
137182142183
191121193123
44514753
190146192149
7921582217
6620768209
2414027141
5911062111
2811129114
52007202
8620389205
194133199134
22023205
144101146104
6666710
3713541136
25652767
4476
2913132133
670721
602653
141138144140
01283130
171221173223
8513986143
9114094142
19451996
153160154163
4410946112
18241856
2621830219
2021323214
196161199163
162136163141
121160124162
62069208
73827684
1168311788
98119101121
163162164167
49915293
179203182204
3323836240
1397214175
6716269164
1792718030
6621068212
135154139155
2216625167
9511851
101243111243
9620599207
1876919270
84658767
194247197249
77848086
103113106115
9222995231
8622987232
4912551127
1762518126
3812540127
163153166155
9513099131
6413167133
55585860
3722540227
13341366
9214794149
175161178163
187226189228
190179193181
7016071165
131121133123
759877100
4987100
2215924161
4622148223
1696517366
02163218
1492615228
6616969171
16298164101
101244111244
38434045
1842018722
1486614969
22572360
99240102242
1034910453
4921751219
1268412789
6424067242
9571160
184155186157
23502652
467499
1021712220
117184119187
172201177202
7612479126
8810891109
1447814680
8419387195
95549856
192177197178
61348136
5018652189
1515515457
154122156124
75107812
6420367205
3411936122
187118190120
61309131
1609516297
101216102221
9420297204
94379739
4422747228
98219100222
1346213763
1017810381
1344513647
114153117155
66876890
4320445206
6316164166
6516567168
102202107203
155208159209
77327934
19471998
159237161239
1624717347
1456014861
159242162244
137217138221
134240136243
197238199241
6021663217
9524597248
1879819199
153185154188
93219623
1296313364
1848018782
194142196145
154144156147
5310055103
21862488
442464
8524188243
145216147218
1408914390
2321526217
46194921
180147183148
1078111182
110153113154
44284730
1688717388
7013974140
5913861140
1074811050
1038210684
150148152151
120168122171
48675169
123227125229
114188116191
8911393114
28113113
169231172233
1653916841
127152129154
7210273106
5513062130
69577061
19272229
1291613417
125163126167
4416348164
672704
1327113573
94126
147220150222
51445445
87268929
113219116220
881110
5217657177
32473449
7812283123
139186143187
16861708
151219152222
196131199132
5610259104
51885689
1954819750
1034610648
38364039
6917371175
155171158172
5314157142
179149182151
185102187104
195211196214
80768181
151164153166
7815279157
425466
1828818590
8718589188
185123187125
5615759159
133126136128
6381139
7615977164
100151102154
155103157106
3520937212
1720720208
1124411447
106150110151
132175133179
5710858111
77287831
41184420
129231132232
17682070
1624316446
121240123242
6224367244
01643165
160201163203
193211194214
19896199101
1827118474
5124353245
28423343
62806482
85828983
1755317855
138165141167
156113159115
3724542246
1648316686
87419043
1321813719
194120197122
8720790209
72147715
184191187193
128244130246
198102199105
2423729238
33793880
129162133163
22632465
1058510887
21172618
1427314575
12499127101
166128169130
6412665130
1952519628
8416086162
139109144110
63596462
2312030120
102171105173
1492315225
5420157202
3017033172
94819783
411433
106118109120
5724360245
7920781209
53305831
1243312735
119226122227
5714760149
41424444
2110823110
1526815569
161151162155
71917493
1083911240
9420897209
100142103144
101178102181
3624138244
1678316985
126171129173
4021442216
162186164189
91719572
1151811721
1478814891
1055510856
1353913742
1127311476
3023932242
1767617978
58806182
21494152
085188
01452148
1651916721
100245105246
2413128132
5519758199
91699570
71527354
7619578197
999710299
5610559107
7319378194
806838
1196612268
6921271214
10931115
133228142228
8423989240
181216182221
30443346
6115862161
8212486125
170227173229
137177140179
2318525187
41576159
29883190
5424256244
923712239
194237196240
1807618378
1918122182
134160137162
9217995181
36873988
5123253234
3111833120
177242180244
130143131147
4317145173
166101169103
2914432145
154181158182
10341237
2215127152
111128114130
929895100
135186138188
3912842130
137247139249
159182162183
1416114463
94789780
142163144166
8715489157
134212136214
183130186132
3918241184
6422265225
7621979220
1096811270
6912472126
192127194130
4418946191
11772077
1712820130
93159518
9613497138
171117174118
151106152109
19031935
1154711848
1639616697
2782910
710712108
18572158
8321586217
01053107
161177164178
1566715968
1484315244
190206193208
129201132203
59396141
2916230165
180200183202
123145126147
45865087
180196185197
1496115163
1523815440
155201158203
21605162
181119183121
1157411777
96164105164
39334135
17371759
2917331175
9410495107
2317026171
126116129118
7220375205
1020612208
1039610499
1767518475
7816280164
110208112210
45774780
1703517238
5216155163
967999
71548158
15251727
181167184169
1472714832
155224158226
1459215093
6418367185
4223244235
4710050101
196118199119
165225168227
32673469
8314588146
140175145176
01083110
195197196200
87708873
124217128218
160103163105
146202147207
12901791
173205175207
125179127182
8789010
52975599
101192104194
34383641
81728375
2610529107
195194198195
1069410996
1526216362
3719538199
7223374236
1793118233
0051
6411266114
31785180
81228423
1285813160
1626416565
102121105123
19922194
153245157246
4821349216
115224116227
157116160118
5314357144
019122
01882190
129102134103
41664468
129141133142
2818333184
1517615281
28913392
103206106208
68337134
165146170147
103155106156
1188712288
8317186173
161245164246
113110115113
114158117160
6920971211
101100105101
36893892
8023182234
1912619427
51325633
36333835
54535954
417458
25922795
153148156150
1317413675
135222137225
2819430196
143245145248
5422055223
98208102209
640941
21134115
32143515
62336435
1002910430
1504515346
5711958123
32823484
1103011133
1134911552
3714238146
185111188112
101247104249
175186178187
1792318424
1325513360
148116151118
734766
1716919171
46634866
1323715240
165243168245
127191129193
5320063200
103149111149
32773778
1457014772
75398040
171147173150
8721590217
1532115426
2020322206
2320426206
8117484176
62776479
45104812
181179183182
1545015752
110211114212
79478249
67197020
179217180222
7424777249
8524888249
1971319915
5616959171
1005710259
137241142242
128194131196
113104116106
2424329244
32883589
196233199235
9619598198
171119174120
1264512848
12351267
55616062
6323165234
1226912472
132108135110
8014482147
106152109153
2122126222
159916210
183204186205
192183199183
52815484
127159132160
1753517936
92619762
1071910921
173141175143
155138158139
2813829143
175157178159
1966219963
4022143223
12721313
3112436125
1558115883
7823079233
49765876
7919382195
32503452
115122119123
1475114953
3722139224
45434844
132220136221
32273528
107157108161
3815540157
47735573
1933319437
1328813988
01853187
1132711432
153175156177
1345913761
13371417
190131194132
188140191142
177180180181
1686717268
38954098
11471449
124152126154
64916694
1383914140
173175176176
191162194164
181239184241
2719729200
8914392145
3211334115
175197177200
25862888
3423536237
1267613177
3010532108
144211146214
4811051111
120185123187
137243142244
37103912
105183110184
112126115127
148184150186
176194180195
89609162
196158199160
196244199246
105189113189
1163312134
10151316
83878888
189127191130
2517428176
2810230104
7718580187
3916340167
92199720
188192190195
72099211
9617998181
61186321
85598860
29853287
4722449226
134206137208
96969899
2922030223
1708917391
25332637
138229140232
3223135232
175245177247
1245312656
163916511
77238024
168123172124
12321264
6623169233
103110106112
3024332246
129132132133
8617891179
127184129186
89569159
1992019929
1411614418
1531215417
117207120209
4110743109
2318327184
181156183159
134120136122
42384441
1307813280
7815981161
80338236
51146119
182113186114
1287013172
20892391
8815089153
92579758
52556255
38163921
161206166207
97289931
97329836
1120314205
73797681
3917642177
1520319204
7022175222
9120893211
179130181133
5112854130
68627263
01763177
7118376184
116109119111
1404814449
152815411
106100109101
1162611927
187218188222
14141616
7523377235
56135816
19492152
4213143136
7423077232
1955619858
6201121
5222153225
175165178167
7223773240
7024673248
112172115174
191151199151
41756177
1274913050
2019823200
1318016182
189189191191
1363313935
1342913632
138134141136
1904519745
100110102113
97170100172
1585216154
1888219383
78448146
1044310745
4121045211
1406414365
172208174210
45674770
6818270184
166107169109
95299634
1847618778
9621098212
01193121
552593
1669817199
41379138
6714069142
103219105221
45914893
3313436136
4011942122
1243912741
32243525
9017192174
195179198181
15381839
8714789149
6813370135
1998819995
112165115166
1882019022
1822320226
1213812838
12199123101
3319436196
1354813949
1983019935
122198127199
1654316845
146150149151
7022773229
1822922230
149226152227
2216226163
1678916991
1615618158
69477150
02065207
3013831143
1632116424
1625417154
1572915932
67927094
184179187181
2410826110
111150115151
596619
534935
65596860
157144158148
133158138159
102182104184
1391914420
1871418819
171143172146
106162109164
2920330206
9322595228
131245134247
183216186218
1214714149
1237812580
8714190142
8216684168
3324335246
9615699158
12761289
8711688119
1063710740
1917322175
6015562157
118239120242
62396640
1728117682
12441745
9223294235
1006010960
108121111123
2220127202
66286831
7822180223
1779217995
101137103139
1105111254
89699072
132137134140
129138131140
7224374245
2292511
5817761179
118106121108
172203175204
147201154201
130248134249
108110111112
116245118248
7212175123
40914492
194155196157
12291431
5814460146
16461678
1464614947
9316896170
21164118
1613916441
143133147134
103150105153
1027110573
1585516157
164204167205
73657766
71899191
1555315755
6216764170
0537
9016892170
1526315565
1921719618
618211183
9316395165
1772717830
57435847
1701817121
1809218394
295399
197227198230
4015043152
88759176
130170135171
1537615481
119131121134
114161117163
1694317245
57326133
164239172239
719819
4711355113
2423327234
175233178235
71659167
1084311144
9616098163
61219123
69767081
34423744
196201199202
1222415225
1549715799
1102111422
1816618368
1761217814
14191721
6512168123
1221214214
139100142101
1036510666
8218984192
7220674208
3919742198
7614983149
02452247
164125166127
2010323105
1073410936
5615057154
1803418336
1132311526
1267812979
141211143214
137129141130
136210140211
51575459
7618878190
1593716338
6322866230
1666416866
168132171134
17721804
7524479245
02485249
82118414
2011731117
173230174233
124163124172
190212192215
53905692
056457
3713740139
9941026
129205132207
987710080
110141114142
69287230
84928695
6818871190
474506
1686117162
7614886148
1164911752
131198134200
186161190162
1788418285
25782681
90879488
68127015
8712489127
182127185129
1179612297
1386714169
150204153206
142135145137
1555715759
1412916131
1791018112
142141145143
143241145244
9301133
76897891
1815921161
1135612356
6824371245
194135199136
3610038102
135149136153
926958
146182147185
17141817
179223183224
189152192154
175128178130
1038510488
3614041141
1473615038
147191149193
9317196173
1884319144
55565857
182109184112
1281510
186106188109
5520558207
62306432
7621483214
111175114177
18182020
9213695138
6710270103
160119161122
2912132123
159224162226
9424397244
165230168232
2312426126
4723850239
01491153
2411327115
512544
819884100
7718080182
163199166200
190245193247
5212763127
1218713190
15461748
167248170249
9610497107
109132112134
8813090132
6911971122
9023893239
169155172157
5618760188
5095311
109108112109
189218190222
101222106223
146126149128
62329234
38544355
197198199200
8851187
157164162165
131155134157
59866288
96709873
153104154109
51605461
9419097191
121206124208
157149160151
1425514358
6024063242
9217593178
1797218174
2722832229
154120159121
111168112171
1929619598
170105172108
6121464215
155132157134
113107117108
31315133
8321888219
1238712590
1415914460
3213935141
145152147154
102235104237
196174199176
138124141125
48515252
3023531238
120102123104
7417075175
2717928182
18421873
163156166158
170197171201
3920442206
103102106103
1129511497
181194184195
6816671168
5122754229
3621539217
129187132189
127136131137
117166119169
327529
6224567246
1809518298
100131102133
1718619189
1338513687
97193100194
093594
168148170151
1656716770
17231764
110152117152
88319034
127157130158
