1755
160126165127
186192186201
67887090
8823990242
100131103133
164169169170
94499652
46904892
1110715108
150100153102
152114155115
1507415277
60926394
139209141211
142153147154
6013261137
1851818621
1566315866
147121149123
2216426165
179202182204
104241106243
1655216754
127188130190
164208166210
8821191212
2011322116
59656167
02291234
164203167205
472485
17632064
5615158153
7410177103
4723148234
123135126137
132168134170
3017533177
5211955121
1249312696
94119614
108182111184
6317768178
13771482
171142173144
5914162143
150160155161
1255912860
25162818
37734075
6316766169
45734875
195209198211
173242175244
129133130138
1731217613
2722730229
1137611678
1563815841
160220163221
93259527
147146151147
169194172196
148915111
59136214
50635364
1426514567
63606861
93449448
147149150151
4323146233
32353537
1218812490
6913472135
62836585
63216623
1529115692
58566058
127156130158
191919411
115138116143
1426814470
163188166190
1188812090
6111864119
41454447
1895519157
5016552167
1864919150
111175114177
144103149104
1021610617
106170109172
4016241166
1244012741
179150182152
525827
2518928190
115911811
82818582
059261
135162138164
110173115174
151211152214
103103106105
1724617647
1319313694
1418017181
889993100
1774817951
113244116245
1302613328
1025010551
147110149113
155228157231
1283413135
68327134
134146137148
87338936
3623639237
4019742200
58346136
146194150195
151151154153
115147
1589416096
110242113243
1626416566
115176118178
4013042133
6224364246
161166164168
69527055
161222164224
149208152210
5916762169
162244167245
1865119152
183818610
1706017362
17898179101
9112895129
1328413685
184119186122
18031825
5120753209
5915170151
110152115153
108118110121
9211497115
135104136109
113187117188
1602916331
196102198105
136221138224
71167418
3419436196
7919981202
1209312395
166184170185
1161812119
186210189211
3122634228
171131174132
157188159190
150121154122
79228125
151197156198
941973
1019012192
10501082
176177181178
61508153
7916882170
171247174249
1487015072
4021048210
188159191160
6118664188
111169118169
8811191113
105165107167
9510298104
7616481165
1182512027
1186712070
180242183243
178219181221
74507752
9623098232
172128174130
193167195170
159124163125
630932
190152193153
139151141153
71527255
1807718379
1376313965
1292913430
26472850
168173170176
7197311
189168190171
11541655
3213539135
151139154140
172212175214
5541055
1024410446
4314746148
1024710549
152246157247
1693817239
612410125
114136117137
1062610829
176158179160
55505753
132100135101
6719669199
1304713548
193241196242
1058611087
31683271
167149169152
1972419926
4923553236
1443814839
1444214843
11798119100
3511337116
1662016922
1302313325
191188193190
5610358106
9210394106
1744917651
10721374
2117923181
5424657248
3224333246
116134119135
100134105135
6314365146
4023742239
178212180215
182187184189
156182157186
122179129179
110132113134
6417167172
5124056241
7312477125
108226112227
157141160143
6417468175
4418847189
89779180
178155181157
72447546
9591161
4412847130
8416289163
1521215613
1276713069
6021562218
988610188
8713190132
90579259
98158102159
1553115833
1614417149
168243170245
196232199234
79748077
1519615399
7111176112
1222712529
104119107121
61659167
58626164
76597762
6622068223
1346213665
96549757
1549515599
1135611857
159210162212
101206103209
157179159181
13061328
4517048172
1612116423
9261129
32724372
152146154149
4723750239
77858086
974810149
6215565156
191214
52117213
3311138112
175206178208
190123195124
25783079
143130144134
1094511346
8618188183
2814930151
7713180133
195247198249
1626816570
193117195120
158129163130
4417345177
1323915241
98126102127
815411156
693995
62258227
1193512137
110220115221
6524266246
15401742
142165145167
1766917970
1716317366
613813138
117131119133
1094011242
1554415845
17531955
6513968141
27623064
11131145
423924
975210053
2114024142
37914092
154187156190
1492215423
133208138209
6210965111
1144411745
61566358
166224169226
1391614118
105175108177
983510038
1724417545
120191125192
52057207
4412649127
1745817759
97111100113
6022461229
86938895
3617037173
178189181190
176171179173
5612161122
26832985
1103411335
1218612487
183244185247
35804081
1779618297
42964498
1829018394
99240101243
179244182246
164248169249
6111464116
949999100
2814030143
1511417116
106112107115
1106711369
2422626229
117111118115
136218138220
6515270153
123211125214
162159165161
512910130
7012275123
9414599146
143445
173161175163
137111140113
562594
75378038
1837418676
75897891
1802218225
9012293124
61968199
7910781110
50235325
8612289124
1092411126
25262828
1091311215
29653068
178105181107
172203175205
6511267114
144218149219
182145185147
140130142132
191137194139
1312215125
21165118
720010202
1307713379
91549356
159114162115
1177111974
800813
162214165216
1925319555
9622297225
70217323
7918880191
1347213575
5814759150
111167115168
62219223
50855486
178121181123
107109110111
15401572
5611758120
556857
01811184
1265113551
9421197213
137191138196
1016110463
1159011793
1913820142
02112214
152230154232
01543156
184241186243
3017032173
184101187102
1693517237
38674268
4284510
145126147128
6115763159
619964101
4213644138
15791782
5913862140
7024473245
102122107123
134154141154
1015910560
1184412047
36104111
119220122222
150162161162
124172129173
1748717690
8115086151
65486750
1155211655
106140108142
130219132221
192194197195
1405814260
27543056
1838118683
1179612097
195149196154
110240113241
98709975
116166119168
69607163
123122125125
120138125139
137127140129
196200199201
119223124224
4317845181
79308232
3924742249
21604163
164234167235
147107149109
103189105192
1762917931
114196116198
1371914021
5224959249
15431574
5719259194
539955101
1694417146
181170184172
1297013172
171185174186
190191193193
1218412485
9317995182
113199116201
1001310117
137179140181
120140122143
8016183163
151195155196
173164176165
113160116162
1488015083
26652868
578880
1226312466
1037710778
96220101221
144235147237
1378613988
93579559
30593361
192216194219
1666016962
174117176120
1257412975
99190102192
5420756210
8910892110
115189119190
89279228
193214198215
9513997141
1488415185
7810181103
181213185214
6518168183
179115182116
21715173
190207195208
130154133155
119197122199
13932293
48944998
180192185193
686988
1623818240
50455347
38414143
76147817
19882289
8420485207
2022823230
166115167119
1166411965
158203160206
129143133144
1658116883
193201195204
1848918594
1469314796
715710158
3922043221
11381440
7110474106
53905592
2814733148
103244108245
1333613539
112184115185
1068310985
7024673247
172100173103
116126125126
61406442
9951046
15271549
1614616448
718810189
1628316485
62776479
39164218
97139915
171177174179
122111125113
34463748
3820440206
100138103140
110162112164
60466248
1491415315
1463115032
1157111675
1420516207
1788118183
181162183165
74227625
1139811699
191220193223
7417077172
1113113134
1086211164
1467514977
1956019763
152118154120
4424447246
168163170165
106193108196
189821100
122114124117
49275229
104185106188
51655368
121200123203
5621359215
149917101
7219974202
1411914322
128151130153
230532
38134115
126120128122
648753
187244189247
4018741190
1816421166
1545515757
170169173171
1567815880
1889219393
3416536167
187184189186
172219177220
7120373205
119243121245
1115411455
196179199181
924411247
18812084
164144165148
21782479
129206134207
134211136214
98205100208
137106139109
133218135221
1439414597
496798
50365437
148244151246
1697617477
9224597246
2514227145
8923394234
158107165107
6401041
1164011942
139222141225
1128811491
9319995201
1936719669
1275413056
1949019593
4621749219
9022193223
183135186137
18201842
93159419
141190143192
68197320
168190170193
171243172246
157135159138
2117026171
1323313435
187179189181
3110336104
2316624169
1687317175
87849185
146182149183
171190174191
1877918884
126140128142
1327213376
8413686138
107215110217
1746317666
188154191156
6221264214
124105127107
2312326125
1723117533
1299513197
103149108150
148135152136
90739275
62866588
45704872
155166157168
112125115127
30333136
4113944141
22074209
3112634127
344367
104232106234
1104711349
162154166155
689970102
1867018972
359660
1641016712
3417637178
1087911082
6381039
1747817583
5120453206
700751
15371839
144215146217
1712120123
37594060
181183184184
1552315825
6119664198
62436445
116173119175
01892192
96239726
9310796109
98210101212
9617998182
188102190104
9120092203
31643267
911933
147199150201
150217153219
163191165193
117162126162
188161191163
193243196245
176246178249
9189310
1594916250
34413743
1417115174
3615041151
01121117
1368913990
158194159199
1654416845
1368113883
2061
144204147206
2024623248
5223357234
1112412129
1711517219
76727875
3023935240
181217186218
1797218274
1214415146
84106
1778418285
4210446105
7421243
137241140243
131190134191
128194131196
82238425
116208119210
9113596136
1114913151
812111123
65106613
160182161187
143212146214
1877619078
1821818421
23352537
1417514576
21465148
1868818793
1161612117
190146191149
5616858171
1964919951
185182190183
126183128185
7615679157
116179121180
1546815671
72417542
186149189150
70101
78528153
01082111
118200120203
72857686
128103131105
116129121130
816813169
176174179176
1254312844
1733417536
1205912460
138173140176
1387714080
4915952161
123142125144
5416456166
2414627148
50325135
30863388
192174194177
196166197171
1245512658
1697917182
101151110151
6510570106
25102713
111149114151
976510066
139192140196
172206174208
1115811360
177818010
32403345
3524138243
02363238
23662568
3524738249
188196191198
5518558186
152237154239
10131215
175238177240
156191159192
1718226182
79168217
1372614028
148129151130
65676869
7919282194
124198127200
60856188
8423487236
101230103232
349836100
17752077
63896691
130177133179
3724440246
2715430155
18782080
1323113632
86578959
130171137171
149159156159
1064710949
9813799142
178136181138
179133184134
195216199217
129241132243
78488149
43614663
1623518237
2723029232
173215177216
174196177198
43934794
6210767108
6019362195
8722890229
1786018361
152129154131
87518854
11001132
1916122163
16299165101
53975898
11741206
150220153222
162246165247
1892619129
1451514817
1258412886
979210094
5622859230
96279730
9320295204
85418843
97319933
1419617198
144223153223
8823590238
61756576
19732873
1793318135
3914642147
1578315986
69377239
2820631208
43205020
4410947110
8015284153
988110183
5117054172
4419548196
134128136131
57155818
87829183
21952497
2311325115
2911932121
4010943110
157236160238
4716852169
10461248
115191118193
1771118013
197115199118
40384539
107199110201
9614799148
1515815361
164122166125
141135143137
145232147234
1485515058
129116132117
67127014
131134133137
2621628218
623111232
12581759
146192150193
127114131115
8123784238
193212198213
21145115
7011672118
20542257
1953219637
67287229
119120120125
122243124245
4914051143
1412914431
49765278
19312134
1641416716
7013774138
196164199165
6020363204
1119511496
15431845
52485450
63106413
1683017132
52287230
173134178135
2713329135
76697871
123132126134
154225157227
72127514
113236116238
8218085181
1058810889
6222464226
9499810
6119965200
100155102157
2412929130
1247812780
1705017352
3721440215
98233100235
106220109222
160198163200
9217695178
82498452
1731617817
6521267215
1382314324
027329
20502253
101109103111
116104121105
4722049222
1965719959
3613639137
64626664
8317285175
8617087174
29463248
128101131102
50735375
8310086102
82368537
1298413186
137185140186
02043206
1798718488
1028610488
38764178
170152171157
4522848230
31823683
14231626
95969898
53775679
42784580
1949619798
1851118813
163140165143
1649517595
160136161139
21815183
100237103239
138141140144
117138119141
75967997
756778
10311135
2921734218
7220875209
32383739
1123811639
186238189240
1534115445
1313713240
197227199229
126192127197
1051210615
99102102104
1839518697
124159129160
1610219104
170227173229
144144149145
3321934223
1517815381
39324134
180124185125
1610819110
1361213914
1043610837
102181105183
433465
108165110167
1427314674
92879489
69497251
1107111373
147224152225
1456814771
21602362
138147142148
1781918121
1415016153
131158134160
160188162191
4714650148
131161132164
71567259
40844287
7110073103
116156121157
1499115193
126210128213
2323826240
11344135
4820650209
134184136187
63466450
1256412866
6819370195
14521465
129200132202
1121913222
181618211
8519388195
2218824190
8713789140
1017612178
56875792
197151199154
107146110148
186214189216
7715979162
8211122
97105100107
9414297144
11471198
190202192204
57756077
2723829240
1387214173
119150121153
16601711
132102134104
1676517067
1214312445
1836218664
79338136
143209148210
4911754118
145190149191
183234184237
12911342
102204107205
5021452216
569959101
6718769189
149164154165
190205195206
44524754
046547
40244325
1334413646
5824361245
2921932220
5414857150
114144117146
1504815250
1888919091
82458448
116127121128
1704217343
124108127110
713110132
585608
7620980210
182159185161
192164195166
31785180
100217103219
57836184
1123715238
52087210
123221126222
172221177222
3924347243
1016510467
30923393
78828184
1877419075
8012682129
2114723149
3115233155
142220146221
9015992162
12221327
1472415125
169216172218
1420217204
94289531
54325635
40644366
3515840159
1145811660
1319813205
1489415295
115150118151
1472015221
132122135124
9211194113
2611928122
7720581206
5515456157
9118693189
152188153191
14961698
4424047241
2821331215
68847186
196223199224
12401281
3920142203
24442845
7714480146
89869189
1347613778
143200146202
186151189152
157146161147
062364
80958297
38524154
8491151
79928294
8413986141
56195920
194110197112
103170105173
5916261164
142149146150
5011053111
1614416445
4023142233
1321016212
187105190107
1962719929
31396141
1672317025
264296
479949101
1745618156
6821572216
4123446235
100185103187
1379313995
2811531117
8924793248
92839784
1409514297
58215925
89299032
1210415106
52955796
196131197136
120209125210
4514048142
3521938221
2412627128
3717942180
133200136202
134177136180
41554457
9622697229
3818439188
9113499134
8914192143
124240127241
1401314315
131181134183
153135156137
83788879
157214161215
51195520
3716339165
114111116113
1043810740
181167184169
3024133242
2515127153
6515967162
1288113183
7014781147
32553458
1086510969
95459747
1834518647
6424767249
131145133147
7314076142
8819691198
67216924
53425544
611814118
166229169231
1718326183
182103185105
1262612928
182156185158
101178104180
1551915722
53385441
1354113743
1481215113
85969097
21225124
11254127
1853318835
6914272144
820835
49485151
1767917783
1779217895
49905093
175148177151
148141151143
3312135124
138197141199
61798181
6614267146
1593916241
4714452145
5998101
52565557
174183177184
6820071201
111112113115
196398
184178186181
67516855
3919141193
148127153128
148226153227
13461648
459846102
184153187155
4019443196
1624925249
31515153
59706172
85218724
172111177112
089391
137200139202
1803018332
1918819391
154100156102
182219184222
101233103236
112128115130
1876219064
9523699237
668969
1279213093
856887
153157156158
3817643177
8216485166
2221425215
1246712669
11501182
34903692
126129129131
113103115105
180482
109158113159
182108185110
14461478
102910610
1662616928
138139141140
16841707
7517378175
100170102172
63317331
99167102169
1664017440
190133193134
179248184249
1874519047
62307130
7519978200
4316746169
62339235
8519887201
065366
6213463137
1884219044
8222383226
155128157131
1698817190
5124553247
155133159134
109244112245
5511458116
1913219433
545576
2616131162
7313275135
516817
169211171214
3720939212
1757117873
6811373114
170197173198
43114613
3013035131
10141084
171173175174
1128511487
31655168
1655516757
178148183149
3012232124
713610137
166102169104
1634116543
8511788119
2911032111
1717820179
6518467186
35554056
138119141121
138239143240
1619316396
2012823130
4617749179
190244191249
185111189112
128132139132
174180177182
12454247
1488915190
12471298
7822880230
8821790219
107185109188
1663516838
2010422106
784816
166139169141
139133142134
1416217164
186212189213
76277830
10301043
174121177123
158170161172
1347913780
4011943121
6322966231
5410956111
119193122194
2011023112
1806718269
13031325
118158123159
1569715998
32183520
8421686218
81888490
123163127164
135138137140
1441814621
1225112553
9123992244
170149172151
6720270204
8015583156
1033010632
1736717570
7724079243
9117992182
1406114462
1621517218
7412676128
23552657
134135137137
179205181208
176103177108
36353937
82338535
1976619969
1774618247
1718421185
1158311885
157157160159
26862988
123204128205
185187187189
68357236
187117190119
8515288153
94679968
74737577
116171120172
14951546
73807682
73477549
23482550
1922819529
165211168213
48825184
7012472126
2417229173
178179183180
11316132
111106114108
5016253164
183194185196
7117874180
152143154145
165128168130
147155148160
1671717019
1816920171
154222157224
42006202
4913252134
039242
175166180167
156163159165
5316755169
47665068
95169718
52388240
3520739208
5010255103
1013710339
6510167104
32426244
1015210354
196225199226
125176128177
1038210585
171106174108
1864019340
88209221
57396040
2814431146
5710859111
76117913
57376238
75537656
5313055133
2413129132
17541786
4111144113
6416567166
8421187212
176223179225
319833101
1977019973
6711968123
6518766192
1044110643
1688417185
3023632238
135232137234
123193125196
4020743209
77227826
38294031
29103211
5321455216
1118011681
1925919461
55605762
1435414556
78458147
1258712889
489691
5618959191
121172123174
4422046222
1792618228
60236225
1004410147
7223675238
111165115166
8024382245
1231112514
172152173157
118146122147
177124179126
142222149222
9424797249
1281613118
085188
166142170143
1928519487
133161134164
97399941
3713840140
1372914031
1922619527
9117094171
130239135240
1702017322
1342413725
17711793
135158137161
1633716540
138114143115
683984
5361037
1504515247
166246170247
5721059212
1809818798
7319778198
3211334115
1891219313
1254812850
170187172189
10671170
197241199244
3219735199
4120443206
152244157245
8117282176
77438244
1919021192
162104165106
1831118415
1384113944
73597561
12901380
1571016012
113206115209
143175146177
1767617978
17481950
1441314714
1323016232
187120190122
174142175146
8623091231
1957419975
132125135127
4715648161
58875992
1611016313
21662269
46484851
17231925
124201127203
83918594
1191312215
46274830
151192153194
147172149175
190213192215
116220118223
103156105159
8023182233
1847718680
1664116942
9617599176
127127131128
6911971121
1668617187
2717429177
9013792140
9111694117
5221053213
74207921
1739717699
4818849191
22264229
113225116227
6321665218
5917662177
074179
171234173237
2010722109
5114653149
5613559137
154199157201
4911251114
23512653
1513115432
21632365
1369113992
102210106211
188113189116
1986019965
46324934
49705272
6723070232
1011011113
170230172233
7117574177
147139150140
1516215364
64256727
104162106164
11061137
138169141171
1415717159
1611119113
5618760188
999610298
1065811059
128107131109
90349237
1542815630
3321236214
7112773129
1448714689
3618139183
3414036143
144247147249
132195134198
183231186233
141128144129
125248128249
122181125183
6621768219
149204152206
37203922
6014969149
158166160169
36643966
2021221215
6312066122
12098122100
4512248124
122127123131
17141728
52135514
142183
8117784179
1323315236
1243112733
1763317836
8612589127
4215644158
103221105224
105160109161
98188102189
1893419435
136149138152
18541876
1114715148
168197169200
140181
12601463
1121911422
8224686247
1866518967
122168124171
31576159
8011281115
3613039132
81858487
97124102125
175189177191
6210264105
46854987
182119183123
7517680177
112134
6117263175
1513315434
2624129242
1581810
99165102166
140157145158
21845185
85138616
172122173125
7916786167
4812951131
6024763249
161201163204
8115784158
1317614179
