1781
187190190192
135215138217
1923319535
7611879120
1014110443
80348336
1817818281
130142132145
2911332115
60266228
3020233204
116171118174
1816118363
1383214035
4013343135
1476915070
116217117220
6124265243
7519978200
1402914231
2719630197
11851217
8223784239
12331265
176197179199
24912793
88139115
113207116209
42724474
64546656
132224136225
3922141223
1121511517
1207012372
21135115
2122324225
9510298103
146209151210
71349137
2818630189
1703017332
1339713898
50925593
1481615118
39294230
186174190175
3524036245
123141125143
53395641
178229180231
8517287174
149214152216
17851865
144137148138
2918232184
28953098
145139147141
7312575128
4118343186
181141184143
187237189240
197173199176
8320786209
2120324205
108147111149
178122181124
187246189248
171150173152
5819667196
194115197117
73107513
2515027152
178141180143
168132173133
59746276
3321634220
1942319724
168817011
181238184240
699871101
15901622
4116244164
5224655248
164182166185
182211185213
044345
177186182187
1519615498
5320055202
65966898
15771608
8911491117
12211523
186226191227
163170170170
2314227143
8015482157
1142911731
163216167217
22432644
611411115
69627463
22582461
175176178177
8618689188
3413539136
1412118122
880912
1152511727
149156152158
51346139
106121111122
90459247
1346013762
194210197212
1434314644
131120134122
8117783179
3920942211
73227525
131161134163
1078210984
178213180215
1889219393
16341685
40524255
177236180238
1882119024
181246182249
105197107199
5313854142
5019651200
41494351
1176311867
35193722
124188126190
1024710549
58826184
9518197184
8524288243
42224327
5822760230
12671298
349837100
2312825130
2320624211
6217567176
1362913930
49145117
131158133160
9619197194
1006110263
1593016232
105193107196
117124121125
6311366115
149169152171
92124
139181142183
189167193168
8323385235
143172148173
9421298213
160182163184
7718779189
125153128155
12698128101
7251027
9417396176
144236147237
1676516967
39874189
9114995150
2715328157
6412366125
193218195221
1371014211
1435514657
167191170193
76277830
168127171129
184124185127
6812171123
166109168111
728832
116156119157
528632
1302713230
17172118
336368
02123214
6022265223
79898191
1712317425
7513678138
3723140233
180242184243
4014741150
116115119116
161816410
86468947
153205156206
161234166235
40814283
1464714850
959998101
1129812098
2883011
51815384
139217142219
120197124198
662684
137200139202
1289013093
62166418
42594560
2522327226
45394841
1106011362
21352437
9222795229
13651397
62936794
137212140214
195143197145
17331774
143211146213
13881419
190160191163
28773080
1917219474
1485215055
6021562218
2720629208
195170198172
129188131190
198110199115
1976919873
140113143115
276577
186167188169
2821832219
38123822
7016772170
110189111193
1421216214
121206125207
7416176163
95249726
196148199150
482495
7021272215
7511577117
4418349184
1874019042
196229199231
1446014961
3616239164
14281459
76127
163117165119
4823550238
39674170
8924591247
1197912182
21675169
1304313245
42864588
19582161
94809682
34913596
86368838
118236121238
1921419516
61229124
3611241113
6418169182
5318257183
22622564
17898180101
086388
17422143
170186173188
1810920112
122163125165
1689617198
434456
86488851
9320995211
8331035
1537015671
69747275
83308632
137146142147
22552557
3712538128
143188144192
5419057192
162196163200
1115112156
193181196182
1671517216
144134147136
3611940120
56695773
85208822
185184189185
1701717121
145246149247
155200157202
1223612538
1286312967
1314613448
9015993161
32883590
080382
8610989111
1613316435
44794681
1031110613
1214712349
1326813471
2418228183
1712721128
5416355166
4617448176
2811133112
7722680228
599962101
75367837
1509115492
7420575209
76237825
14401643
309933101
8721989221
81999204
147160149163
108249119249
77957898
130215133217
1265812959
122128125130
1101811319
1191112711
7710180103
1210515107
2414429145
31945196
114120118121
153153156154
1205512356
8324084243
99230102232
1417714479
86399140
85778978
19292231
9018692189
1844318745
1212512327
4415947161
150120153122
193232196233
02192221
144232147234
23512653
31383439
165211168213
8623191232
11444146
106232108235
1502515327
1438014682
143100146102
128226131227
52307232
7615579157
137243141244
15731624
173111176112
1818418387
8612888131
1161311915
5221953224
108137111139
1604316345
3110734109
42337235
8615591156
194100195104
1188612387
8914990154
88929692
1519118193
50335236
1635316458
185111187113
104213107214
258460
113246116248
158165160167
3811643117
1141111514
153244158245
68607261
46204822
111169114171
161203166204
22172419
144167146169
9016293164
1016510666
46114912
151176156177
50235325
173167176169
6413969140
2314027141
7022173223
148229151231
5619359194
82958498
1372413927
4222247223
1871018912
197229
14941545
1038910691
12291531
7019373195
83378540
7319676198
8220385205
1479114993
1614518148
2917931181
4414547147
02363238
107246110248
43614663
1067510877
1899019291
039440
1217315175
13899142100
1964019942
7419176193
12951597
5710759110
42477249
119149124150
6123064231
3410143101
103200105202
9489611
1244812749
471773
4715549158
8617788179
103222104226
5312058121
18482150
196248199249
144144147146
113186116188
196223199224
1314013442
1720818213
163194167195
57576158
147239149242
1325513358
66246926
1647816680
1802718229
1648216685
9118294184
6621969221
100119105120
191209193212
71218221
81578558
172126175128
99157102159
1452214824
5813361135
118153123154
108169110171
25872889
21692372
38234125
4411245117
4911051112
192120197121
6216765169
3724041241
1675917061
480511
19461978
11221154
137247139249
183204186206
193238194241
218420
129149131152
130236131239
173163177164
4113943141
8310885111
140132141136
2615829159
3924542247
2312528126
178205182206
62079209
6616169163
90299331
152159154161
185177188179
150110153112
4022741230
138106140108
126205129207
9619998201
97219100221
1381514117
1079011091
149128152130
818813189
1773317936
2211727118
68837683
37503953
5114353146
4317845181
1715817361
109245116245
126138130139
174219176222
170183173185
389691
1451914821
1437314774
126140130141
125180126183
12751478
210251
147166149168
4113043132
9020992211
159214162216
170122172125
92169518
1916421166
154211157213
173211174214
1472915031
99170102172
02282231
5917762179
161165164167
1966219963
96879889
9410497106
17192120
76157917
149233152235
183244186246
137120140122
1797318275
155136158138
174101177103
105223107226
191145194147
116145118148
715110153
192126193129
8219685198
1143311735
1542215724
2121723220
5520657208
1678317085
196127199129
14331484
5810563106
1852018723
16221825
19512054
160118161123
7222776228
44904692
99207101210
122131125133
78558058
3115734159
172215175217
4522850229
1756117863
127188128191
4319245194
161222165223
1754218043
3312238123
153232156234
89199221
1876619267
73607661
82768478
134129136131
185163187165
44454648
2418827189
81498451
150244152246
152192155193
1837218674
181179183181
454756
14321635
6518568187
1915119354
45714972
196227199228
102179105181
76228422
120208123210
7714581146
1003710140
2113324135
88278931
156182159184
1927519379
121159122162
15261828
1451314815
8420087202
148225149228
8022383225
102242103247
167199168202
95609762
34803781
87849085
1821818421
45524755
113156115158
17811804
3124334245
5017053172
1641916721
13051319
45314734
161185163187
1803518237
519710198
132125133128
190222195223
157146160147
682787
95329834
261366
1712919131
196225199226
52465449
1651216814
1182912131
2813932140
186213189215
1764018141
182161184163
116164119166
9421698217
108150111152
100104102106
148236150238
171244173247
919894100
1821118314
5124253245
42057206
2815131152
57405943
738940
522537
145130148132
44134814
10621093
140190142192
9121015
120202123203
3510737109
47364938
2218523189
194118199119
107217110219
184114187116
3719039192
1014112143
4814750150
9010993111
4512148123
9123394235
171208174210
67817182
1862518927
83598462
7713180133
98179101181
1120412207
120101122103
5122654228
9211295114
105130107132
52715573
111196114198
155108158110
195245198247
1520518207
131210135211
137227140228
35363739
1713622137
3810740109
8841087
1082211024
3815741159
2016922171
1319213593
6624269244
134159137160
1767117874
4917452176
568869
8712089122
48304934
141167143169
17199176100
117246126246
91349436
56545956
2814131143
9761179
28523154
179145182147
6610269104
5616357166
2219224194
1797018272
104246106249
162107164109
50126012
1113212032
15111812
196194199196
2215326154
101112103115
4617953179
1247212675
716310165
1611316414
115196119197
2019025191
111143113145
41754377
1846118664
59666069
821310215
191170194172
6513167133
7419478195
1567715979
7018872191
72647566
129167131170
3322936230
106240117240
93199521
8111583118
4821753218
27322934
1775518256
42126214
7414277144
3214236143
90609262
135167
1823018531
128218130220
998010282
164186166188
01794180
1001410117
1841018612
7421077212
83878788
56856186
193187196189
7218275184
1025010751
49885489
4516748169
17402241
392443
6120962212
5511362113
163154165157
7651166
23742676
14441746
7924082242
11621194
80738178
5018252185
101227103229
1685617058
55795782
1094511247
1122011521
985810159
713912140
3816541166
4294510
103124106126
2717029173
60236225
78408042
2819029193
80828483
1736817570
992010321
85969097
7517077172
7220573208
195214198216
1083911240
2316126163
153170158171
1049210595
6317166173
176223179225
97359938
1315214157
150113155114
115221118222
6620669207
3223136232
139172142173
107110109112
46654966
161220165221
194126195130
6813170133
1369113993
4223444237
8523686239
10998111101
99211101214
1811518317
6514966154
134241136244
1112211423
152188153191
114231119232
160248165249
1166812069
124184128185
2310327104
3721741218
95359640
104133109134
58706171
161236163239
1708717388
38364039
108156110159
114122116125
1474114844
4619248194
191191194193
7711180113
115189118191
51505451
56915796
2519725204
5316056162
8410485107
125167126170
153167156169
176233179235
50265328
4322446225
138197141199
1975119954
53575659
136136138138
9012093121
31757176
18398185100
190181192184
8618987192
7811480117
1798718090
674876
157179160181
8224483247
183117188118
114137116139
13101333
9611699118
139142140145
156190158193
5714159144
46254926
02392241
067468
1931119613
1773818039
153129156131
557859
106200110201
146214148217
121812410
189218192220
1465114754
126124128126
103235105237
160193162195
1021410715
61778180
93739576
132149135151
162158165160
62656566
124200126203
18861908
75677869
1748617688
1412716130
179137181140
179116182117
26652868
785817
92229723
31927193
1002810230
93489649
177156180157
125234127236
2520526210
136209139211
1308813389
187155192156
1837618678
6918572187
30323234
5495711
100167103169
58376139
151220153223
39164021
57235925
5623559236
7113774138
8318984192
12571758
1462514926
100248103249
79678269
127208129210
152207153210
6710671107
524210243
135106137108
9620798210
63316632
37474049
107221111222
168173172174
124221126223
5612758130
3311436116
6819671198
2912732128
4221843221
2110126102
125196128198
127243130245
188159189162
162105165106
3514436147
9620499206
1002610427
1315816160
157230158234
1413414435
4017842181
52745576
1411214414
4923952241
103170105172
133153136155
942974
7998211
5323956241
1569415996
196162199164
1064610849
1902719329
140200142203
8111284114
117133119136
19001932
130104133105
1568016181
1337413576
541843
9114094141
18832384
1811321115
106148107153
183128188129
1497715279
8316485166
1110014101
7920082202
850872
8820095200
1851618719
186146189148
127118129121
735767
1887519177
2214626147
47505051
153235154240
3620938212
160161165162
4916653167
127200130202
3217533178
120182122184
108223112224
1678017082
01774178
8813796137
92779479
36643966
1947519677
112204115206
193174196176
133203136205
5310656108
1619316395
11523155
128172131174
9021393215
16941726
7916283163
9591859
196107199109
176195180196
1357113972
1134411646
102147105149
1423317235
179134182136
412517
1576815971
9416097162
182196185198
82708572
3020631211
141204143207
1313613637
157153159156
1371214014
97469948
922814229
5515456159
1095311254
106202108204
171147173149
1533415438
5410956111
166139168142
44664570
7910882110
1426814372
56445847
5317456176
1105711259
152133154136
79308231
1672517026
1378713990
1073111033
65366837
31783381
4521656216
131200133202
3617937183
27553057
186195188198
3912540130
14551487
102205104208
1407314276
2313627137
99233102234
492794
175145178146
192206194208
44934795
176120180121
1303813539
1726417665
4911552117
6711972120
7123474235
2819830201
85598662
1921720220
14721774
1737617678
80928294
169153172155
185228188229
14201452
154155156157
19212124
8318685188
155139160140
0527
81558656
58176118
4718950191
1585516157
171134172137
1116412168
25462748
1411616118
132164135166
106143108145
81939196
1748317785
1159411896
9522096223
139223141226
7210074102
2117222177
5116052163
4713450136
143121146123
1058510887
01302132
1832718529
68577059
1076110964
127127131128
95939894
150163152166
8018782189
83458548
21122314
1239512697
196236199238
32643565
6415668157
78188120
99235102237
1538715689
9318595188
1518716190
1281510
083285
1912221124
1515415456
1453414836
9223095232
1576515967
192161195163
7912782129
7917586175
4016844169
6522967231
1338313486
5522557227
1205812260
1686217164
1558316084
92549457
36743876
17621867
160240162242
9531255
1219014193
157235160237
3917542177
1841318715
1351813820
182137184140
3623538238
154218157220
1926019561
138230145230
92149914
62416443
97145100147
2216525167
23302731
4619747202
15471750
8022083222
127163130164
2810431106
3420437206
1478015082
164236166238
024724
677879
1655616758
31403342
43524455
104240105245
1288512989
162121164124
1914319644
19161938
819011192
100116102118
113229117230
61596461
1014410545
3820442205
1119111294
140235142237
170198173199
1177911882
1136611667
169238171240
10301053
27253027
1876319065
19902391
185136186140
148133151135
121168124170
1711619119
5110652109
177167179170
7024374244
132228134230
1478315284
569958101
189138192140
157177162178
9117393176
113153116155
4120045201
20952596
1284613049
1032910433
133234136236
113233122233
3722739230
1491015212
5219355194
172206176207
133913610
1959319895
189821100
1875019052
1325913362
41424444
1261613117
6819971200
76777979
7917680180
126113129115
142193145195
7020973211
47565058
163244168245
119118122120
185182189183
4819749200
1412316126
2319824202
12198124100
1672217024
4911352114
29863188
2211425116
110166112168
6024064241
178149181151
254357
1408514586
39134115
7617378175
99108104109
4521348215
811611118
1416117163
116204118206
123231125233
50665269
61608162
2310527106
155117157120
1765717860
1492215224
150102152105
144199147201
1067011071
9411996121
51416146
173122174125
18698187102
7920882210
108214111215
123179124183
1758917792
187205197205
616911170
132184135186
171109172114
52785480
2616728169
1038210684
127129130131
5020753209
124134127136
27283029
140187142189
7218077181
8218085181
150241152243
9117093172
6410566108
190130192132
92679569
1882818931
2524226246
998510287
56745876
41184321
8415286154
16401691
1279412997
63746675
3714339146
103104106106
1174512046
2513127133
162100165101
4410049101
119221121223
180107184108
120121122123
101218103221
4724650248
67466949
2410725112
104160109161
123162130162
1107711182
351383
84348935
23232625
1182512028
92249426
164191166193
4317445176
16521854
904110041
155158158160
123105125108
6218664188
1779518097
6714369146
173171176173
158141161143
7116173164
1421614518
2917531178
140179144180
94709772
12731286
84418743
1241212515
4310945111
139123142124
2317526177
1582316125
184103187105
106180109182
174245177247
9201123
1155311755
83528654
3718841189
08111
823013231
187136188140
80638266
7116574166
138193140196
31634263
134103136105
136123138125
1363814738
1457714879
125150128152
142220145222
8821690218
98194101195
1106311266
188112191113
1506315166
189151191154
11911493
70787280
25582860
107140110141
169146170150
192177196178
1355413856
166221170222
73717672
8817290174
126232131233
181199182204
01392142
143162146163
167143170145
1957019674
13299137100
6523968241
141160142163
6215563159
142140144143
6615869160
69337037
7623477237
120226122228
4919351195
8881190
81398242
9911023
4022442226
22772480
103140106142
992210423
1023810440
47425044
39314232
52135614
5912761129
57265928
17322034
425627
2721328217
174195175200
112212114215
8315088151
198203199207
5410257104
168206171207
22202422
1032511225
1921121213
156122159124
6721369216
1606516267
1229212594
168216171218
138231140234
021323
2212225123
51205322
2221223216
176130181131
102810410
4121444215
3724240244
163133166135
111163114165
4521150212
108194110197
163228164231
19641995
1069411095
1953719839
113159115162
74807782
1003410336
2421326216
171191172195
1606816569
1116811371
96639766
128148135148
9116896169
14051437
1114814150
1236012562
1964519947
1306513367
1609816599
8711288117
13711403
1112513128
817511176
47904992
174106177108
4717049173
169227173228
159168162170
7213973144
1544115743
113166115168
824813249
135229137232
1424216245
1739617698
150115153117
73847686
3210235104
1954819850
162141165143
15751626
11331335
1306313464
90759178
1189012191
535640
88869088
103231105234
1928219583
51315632
02163218
77608061
16951997
126116131117
9417096172
12181420
63476648
129194131197
9614999150
184216185221
1218312385
1356313964
9291132
1574715950
56336034
7687811
5013852141
136166139167
7014572148
22075209
120185123187
1256712769
77927994
154198159199
111118113120
160115162117
6313666137
1573316034
1782217927
1718126181
143214145217
192394
196100199102
188122191123
123118126120
160174163176
539855101
4320447205
1912219325
166219169220
191202194204
127167128170
1897819081
27733075
166161169163
1908619388
1859218795
6514769148
167184169187
183153188154
6011165112
1928519985
5210253105
175122177124
1119511496
025327
77837985
1036110662
191143194144
124242126245
196103199104
1398014282
64626863
6016363165
62576758
5815061152
4110745108
100138102140
65596761
75497751
171138178138
4519548196
4418547186
6311966121
137177139180
8717590176
7421675220
5910262104
1532915631
118104122105
1283413335
161210170210
180125183126
168194170197
01630172
7021873220
1228812491
83678669
197180199183
109241114242
79378238
01734174
1402014322
464666
6712470126
6518869189
25182820
1332213624
1332613628
173201175204
2822032221
43964698
4212044122
1581116112
179216180219
1173612137
13411364
4821950221
8121584217
173154176156
3713740139
3524638248
2317126172
1743417636
178246180249
8910492106
6913472136
144204147206
6416468165
24702772
1027810679
119145121148
32473549
9314696147
141116143119
6523668238
128240131242
395696
51425444
1717720178
4522650227
7624078243
1459815099
172158175160
10798108103
35423844
180233183235
166154168157
6023763239
89699172
161218165219
180114183115
1652916831
186234189236
1815319156
1588816389
3923441237
1619616697
1829218495
8720390205
4418946191
47855087
4219544197
9711999122
1677317075
7719079192
170177173179
73777579
1642216624
117151122152
172129182129
2611033110
1308413286
134126137128
144116147118
9618899190
29583260
913112133
145174148176
187106190108
113176116178
1555215755
130206132209
4120245203
19252127
169211172213
112172115174
44234924
179208181210
176125179126
5114754149
190185192187
1023715238
8321886219
8015883160
129101132103
6210763110
1317616177
166151168153
5913061132
3814040142
9523398235
159230161233
42107211
4716452165
63286630
157172159175
01182120
124193126195
7951097
1446914672
8416289163
109207112209
185106186110
58876090
1920520210
5516958170
84178719
1658616887
150204152206
63766578
1331513716
7620778209
89899191
61209121
12601292
1385014053
94449745
1402514228
999410197
162171165173
104219106221
1893219135
186217188220
8813890140
99240103241
36883891
78498051
6213467135
3119934201
184230186233
108129110132
17352037
41516153
137130141131
95529656
9424397244
1553415639
