1737
1143511737
6722672227
890913
187207189209
7019772200
6512267124
75498649
32346236
2215525157
1081310916
31515153
1806018361
172121174123
24832588
1511415316
82928494
7814179144
119144124145
01782180
21622862
120156122158
1624819249
109197112199
8721189214
5615458156
91739276
1121311515
1111916120
186117189119
3515637159
9215594157
5619259194
78958296
3815841159
154188157190
199221199229
61666468
196114199116
169175171177
176173177176
7112573128
8923390237
114141116143
2318827189
171142173144
1541315517
1781317916
162179164181
146198149200
1904919252
170213171217
3415137153
1303713339
166109168112
1323615238
156196159198
046348
171119174120
5511957122
68337334
149181151183
145220146225
56705773
1598416285
6118863190
121199124201
9119994201
1587916180
3914642148
130238132240
1135611558
159224162226
2813631138
2316125164
126186129188
9016691169
1903519337
18812083
49915293
54575759
169149171151
187214189216
138169141171
8317785179
8421785222
192142196143
159126164127
1447814780
1717517477
1652916831
6114363146
8510388105
1414817150
42254527
1844418945
33243527
1778117984
53365538
143215144220
1485215154
1602916231
21656166
1516615468
1753417836
98242103243
139114143115
8316485166
48225124
1688817190
2122025221
4024442246
160116163118
94119614
119216121219
44184521
1877019072
71527354
93299531
58305933
48835085
1016612169
6614069142
660683
178248181249
166159171160
186192189194
1579516096
1627216475
1337813779
147165149168
135218136222
7717579177
3621939221
2819130193
312344
77608062
189222191225
3720139204
01272129
1474315144
192118197119
4920050204
1641916622
619864100
1315613261
1817118473
9515198153
2316526167
44554658
147214149216
1707317474
196222198225
1863319034
105150106153
174138177140
61716373
6419368194
8622591226
1446114862
173197175199
74207622
545576
1782818031
1623916740
8212184123
188233190235
1316816169
4614547150
8910292104
1875819060
150187153189
1603216334
92589659
5811860120
125150127152
1794118243
5812160124
1391014211
165190167192
1711619118
2215326154
7218674189
1045510757
86228924
65116813
101217104219
90409940
133233135236
169102172104
71577459
66686970
6923972241
1046610669
127130130132
4019543197
138201140203
9514998150
1962219825
1093011132
34833785
192214194216
5120053203
182179185180
1112311227
107151110153
3613138134
192163194166
8020283204
164119167121
02161220
2013022132
4621649218
7610977114
4913554136
123240125243
195202197204
111153114155
132164134167
187203192204
1787518078
9211595117
1419614399
114184117186
5910362105
125199128201
3013931144
129214131216
182222184225
140187143189
90289230
21636164
93909494
184200186203
6988101
126107128109
168223172224
162241166242
99212104213
26883089
157149159151
91779479
1036110662
1948919791
2524830249
5124154243
27113013
1162711929
8518486188
12551556
1810921110
1174111944
19292132
131119133122
9391042
8413689137
59186120
125162128164
01693171
4821950221
1177111973
36193921
1233712639
121175123177
125101128103
122120124123
84768581
1196712070
138196140198
151170154172
3117233174
135191137194
1814921150
1492915231
69977199
21372439
1369113993
1120412207
103178105180
33583660
3417137173
1011111114
161215163218
81258230
77247926
5312455127
5120455205
7517379174
1348713789
6418866190
8518988190
1520917212
13971429
592624
186180189182
20112312
1045110752
160195163197
98240102241
2223123234
168116170118
76157917
93169618
01853187
1522015423
44904594
135102138103
111186113188
62119212
1912321126
24722674
8916193162
4118946190
140111143112
75517952
1327313475
74337934
7722482225
1792618427
109157112159
187245190247
1827418576
6615769159
1119511397
119220121223
61369138
123232125234
98105100107
5921161213
12661568
1861018813
3818141183
97189102190
6420766209
112107121107
1508215384
1113511338
101167105168
1591316215
776978
151151155152
3920642208
127159
3516539166
43284629
1532815531
97134100136
3221135213
1654316746
5521058212
8013884139
176215179217
7515178153
19422244
023325
127176130178
152162154164
124207127209
75978297
14251727
9211093113
150221153223
146237149238
2716430166
147130152131
190205195206
198104198111
191219194221
2412627128
36684468
1481015211
176177179179
28283329
49765477
6224265244
32055207
1058910891
162159165161
154212156215
1343313735
1005110352
1428614489
15231574
862884
127139129141
1728417486
17571779
198229
162148163153
5610759109
723118231
2514429145
178129181131
21544156
1869019390
7619079192
1805518356
1116211464
24652966
1398614188
173102175104
185130188132
147127150129
3420336205
6718869191
1624323243
1284013042
22192521
1447014772
6410566108
1782018022
092493
197919911
154138157140
62596660
8514090141
144197145200
716310165
8871288
48415242
109133112135
168123168134
1215214154
186133189135
9117694177
2211323118
1178912091
1054110842
1466314865
155126157128
3712338128
9811004
1622316426
1013612139
975810059
5815861159
6296510
8824791249
161128164130
3411739118
1886618969
1915321156
1573315936
14441845
1238412686
5615260153
6417366175
1107911580
15691772
1732717629
5420055203
194109197110
24562757
93749676
181237185238
103234106236
152203155204
2518328185
5221153214
5518857191
193245196247
9622698229
1215513158
2713127139
142158145159
8717888181
7620079202
1919022191
1085111153
915511157
69137215
70767279
172212173216
9310396104
89919293
8613189133
154121158122
7161017
186232187235
119196122198
585617
4524047243
40814088
294398
313615
085189
136238139240
45524854
1078210984
171229174231
155199157202
1289413097
96198101199
1472114824
100230103232
1546915770
56525854
118102123103
1018811193
53205622
183181185184
693706
3713640138
2921434215
359838100
16601701
1902419525
899992101
2410426107
59956197
6713271133
118163120165
1852818731
122221125222
7322176223
88259127
154227157229
1118611487
158227160229
1145311755
19898199103
7219175192
5824461245
722210224
1478114984
200241
9412896131
1510518107
712910131
1711121112
2722528230
1744317745
135175138177
125223128225
4324044243
193178196180
1320015202
1556515867
11641215
177202179205
4612749128
1746317864
1202912331
6521068211
1294913251
1023510537
183230185232
8291131
59386240
1613419136
5522458226
170132173134
66716972
11711473
2623227236
3111934120
2318627187
143135146137
1117616177
9714198144
519854100
1728017383
12284230
180159183161
179182182184
1371213915
3122333225
178149180152
150184152186
101246103249
1782318025
4823950242
717010171
2013523137
158199161201
145138147141
41104312
104246106249
3312634129
8019183193
165102168104
33953597
19271959
1918822189
588619
117129120130
977510077
4010743109
140142142144
7217177172
121212123214
1635316754
1132611528
121133123136
116244119245
11321434
190132191135
111136113138
1548115982
147219149222
1106811469
1852619027
1714617647
823213233
2214724150
197215199217
9313396135
96479849
192222195224
9221199211
194112197113
588790
198177199182
172111177112
7924682247
165127167130
1715518158
129162132163
150106153108
1211316114
108149113150
1954519648
1898219185
116124120125
1739217893
68167117
132195133198
6614367146
138204141206
41134614
81638268
3116933171
176182178185
4918850193
170107172109
130241135242
90659367
1379614098
102133107134
7821682217
114117116119
103174105177
50325234
23432447
129226132228
12001310
135209136213
2014524146
150123153124
429731
7411676119
3219435195
1334013542
073275
51785381
137110139113
1519715399
183108186110
77458047
659868100
186111188113
3920942211
1621616319
14801493
1993819945
46744877
151197154199
8314986151
149451
1716921170
54105612
7417676179
991910022
8321034
7651066
40554357
1447414776
840881
165220168221
1161811821
1624816450
33653766
2919431196
149132153133
155134157137
129103131105
1077510977
109200111203
567869
7721880220
7319674199
31236125
1934919651
65836785
8721790219
165916711
107244109246
1712819131
6512567127
1625616458
87749076
54635765
6420467206
3324944249
21342436
44954797
1275713058
1624516447
21574159
1765717859
1352613828
1719719199
108215111217
150165155166
53925495
150233153235
181148183151
7412576127
3913942141
1317613281
1773218233
3323135233
2521328215
1701417217
144187147189
4515850159
187124192125
18661917
059460
87369038
11021153
5217654179
30223423
1309113592
64926794
8581160
190226191230
6322666227
161222164223
5618361184
37364038
1818318385
3211435116
7014173143
1597116173
173160175162
1513415337
956710068
4123446235
1076211064
71817483
73257627
16291832
1038210684
1764017842
8712189124
193126196128
6010663108
73357836
38694370
167141170143
137207139209
167175168179
100139103141
61269128
58696370
18001831
129206132208
198117199122
142151145153
127179129182
8115684158
8710890110
98161106161
7623879240
939994102
32256227
173165176166
165113168115
30203521
2714029143
7410177103
1952719928
2818730190
65666967
973110132
83298531
99126102127
1118413186
1604116442
160181161184
1323416235
4819750199
33423644
4011043112
1110014102
1812818429
143213146214
103171106173
310351
7010073102
9213694139
994810250
28973099
2719428199
1251212714
7616681167
1010713108
1482515127
149174158174
179114182116
1731417715
02443246
6716170162
104194107196
192175195177
3518838190
5823362234
559856101
1657216873
146184149186
11101151
912112123
8321483222
8817092171
992810230
129123131125
5822160223
6222864230
7011072112
192146194148
112131121131
21482549
8616288164
97166100168
192172194174
7616379165
101155102158
107224110226
1035310754
31103312
4610249104
1884019043
37543957
145104148106
112110115112
1435414656
115173117175
160206163208
8420387205
43394641
967999
13501382
3619539197
5323558236
2517227175
108211110214
2612229123
4021251212
47585059
591893
7811181112
19472052
11152118
1105711260
103200105202
1594416146
38114013
91369438
1422514428
364666
9416297164
1820821210
26532855
8118884190
1716817371
1068510986
91689470
130179133181
186104187107
151110153113
6017263174
160122165123
167217169219
157142160143
173163176164
5618059182
112170115172
9941295
53325733
1446514569
123138126140
9424596247
1339914099
150236153238
123192124197
115167117169
26843085
85118813
153207155210
1573716038
1255513056
1671416917
18882190
1354713849
122141124143
1357514375
106100108102
2118324185
5319556196
152244155246
1127411476
176206179208
120117123119
2312924132
1185212253
16331935
1042
139174142176
1384314244
1921019611
6018062182
2310026102
1405914361
7921082212
8720889210
20332833
1312515127
143167146169
84398940
119150122152
31813384
126169129171
1853918741
5122856229
8610088102
195214196218
8410986112
9517396177
187123194123
6215865159
84178619
132108135110
1345213754
1275213054
26492852
181166186167
3412138122
2817130174
1131611519
1488515386
2415127152
9316995172
124135127137
78818183
112205114207
3911942121
7012272124
71557556
31218122
89589161
61728174
2710528108
2514627149
100116103118
7131015
189241192243
126243128245
138242143243
1679316896
67567058
11621213
107171110173
4620748210
1434214644
9613999140
15061528
97519953
6313266134
103208106210
4022044221
1683517136
60746376
1443614541
1179612297
75737775
171126176127
118203123204
149194154195
187168190169
192159193162
115154117156
5124654248
182176187177
1725617557
123178126180
8312685128
112132123132
1189412395
187148189151
128150130153
819513196
131135134137
31953299
1564115943
1355513956
125118127121
3522540226
1581815921
28693170
1198412286
144183145186
2815130153
1264712948
1728817589
189170191173
8214791147
146233149234
3124133244
1445914860
425727
8912592127
1911719319
2817731179
9515497157
1432214624
1626716470
2013324134
183104185107
1068711088
150121153122
1041510716
134230136232
65866789
2016622168
02042207
1493215037
190127192129
191210196211
87449046
2611327116
59896092
10751278
1723419236
1902219323
174171179172
8819691198
1688017181
159238162240
101191104193
58586159
1672316925
2220425206
1883019131
149146151148
13461847
1004410147
416619
176159177162
181193184195
162199167200
1897819479
139214142216
170153171156
8113284134
176133178136
113178115180
29323234
109109111111
4713252133
1839618598
1699117292
1784917954
133129135132
7320075202
1431214613
4018643188
106179109180
128135130138
4818653187
1571016012
31403641
754834
1168812688
167239172240
196199199201
124124128125
6417168172
92609661
26863187
4411046112
118187120190
20962298
8210685108
1211212414
785798
50125314
48435244
338540
2624328245
28713272
91339335
167183170185
151103156104
1663717038
139165142167
88629064
108120111122
1218914191
59826284
4418647188
479980
1919419396
51558157
6312464129
053158
166107169108
4911353114
9621298214
7697911
1493915142
1221014212
193194196196
106115108118
1543615639
1748017683
9318195184
162140165142
34753777
126126131127
2710031101
146247149249
6323365236
1668616987
2814631147
192225194227
1094511346
18841987
102100105101
118181121183
56155818
1684317145
126220128222
94429744
135154137157
1202012123
887919
25222625
71489150
156203157207
9419597197
2823630238
6623569237
139100142101
29243226
4618349185
110911510
117207122208
286327
2214125143
1062410827
6610169102
2016322165
129108131110
1124011542
128209132210
168119170122
146132148134
6921872220
140122143124
62116414
53685769
1711922120
180121183123
184148186151
336637
52287230
9514799148
160132163134
152114155115
117117119119
169197172199
1032610529
5014253144
24692771
1011410316
16371939
195219197221
137118139121
723812239
14951575
8811191113
2215825160
4010544106
3914244143
169157172158
5010453106
184160187162
8820591207
20912293
5415355156
6313666138
181145190145
103157105160
8320886210
7812281124
177236180238
191183194185
198158199161
11198113100
180132183134
115196118197
10351138
914412146
87779079
155160158161
109181117181
87349035
105122107125
822511227
48875189
5312855130
72167518
1313615139
122181124184
150173
114187117189
3517837180
1844618847
184121186123
62469248
1914119344
6119363195
5923562237
2918431186
6122364225
6620069202
62566558
1531015612
9517898180
3493711
3424035245
146158151159
61338135
10995110100
3710739110
139148142150
99184102185
1512119122
1779618098
120205125206
50965597
1129211594
48365038
65436646
1596516266
76767978
180177181181
1949519797
155179157181
161154166155
41696171
187137190139
1348213586
9217394175
24752578
120178122180
1311516116
133133144133
1941819620
169113174114
182197185199
197230199233
12381539
9671169
132214135216
5123052235
2316828169
9510697109
253555
7711979121
1713717340
1156111862
152192155193
8623189232
97919894
10501101
94126
1869618899
60116115
354376
6111363115
1781718019
3624339245
191111193113
1757417777
85148816
98194101196
9720499207
076377
137143139145
2110323105
1122011422
9424397244
56895891
161190164191
59711
125196128198
1164911752
28383040
1978419986
40744277
111208113211
1191512416
6710570107
4814750150
51635365
158230160232
521810219
1138311685
158135160137
27783080
7322476226
117139120140
164116167118
35783880
64736676
193233196234
25902694
1666016962
139151141153
132223135225
166100170101
31316132
67607062
1638416586
113157116159
1846018663
62796581
1714020142
131199133201
5022451227
7116172165
159102162104
158179161180
1398514785
1342313725
1419519196
4522547228
46904893
139172142173
37894091
1517419175
183226184229
1912619427
61517154
8112983131
1743717639
7023779237
24112614
108191111193
1404014242
1869119391
125184128185
10051028
016317
143149146150
4318245185
8524288244
51997201
177232182233
1312913630
1605316255
15591761
10621563
1672617028
8551157
74287730
9012092123
8014081143
117122121123
1412816131
143125145127
18232125
172128174130
43464648
142244143247
164187167189
110161113162
2018023182
1312213325
68877189
4816952170
62856487
86418943
61216522
6710867116
957110072
135164138166
3312336125
175147180148
32913493
86588861
1799218493
9119294194
78578159
81528354
187217192218
118199120201
8016285163
146143154143
2724130242
8910591107
2715431155
1573916140
1618519187
68907291
3321835221
27202923
7924183242
1028610588
171191173194
1392714130
4316048161
178137179140
1641516618
21335134
1492115124
242445
1966319768
159159161162
168229170231
694896
131138134140
1127711778
190207192209
176211179213
1029610499
33463648
2024622249
78738174
140109144110
196137197141
135202137205
2721630218
172219174221
4312046122
1731617717
2221624219
182173185175
1935219853
118246120248
153183156185
103207111207
2710230104
66186821
13111343
4615151152
5410256105
4317346175
178228182229
170168172170
59786181
81558556
98154100157
195184197186
133173138174
1746717571
24502555
147226148231
31883490
111175114177
1558615888
7017080170
162105163108
41854487
23812390
3214035142
177163179165
7016773169
110178112180
12599128100
44224724
1093911141
84509350
7712578129
160177164178
140160145161
1745917562
1122014222
5811163112
112200114202
5520660207
1158611887
1466714869
124148127149
154222157224
173239176241
22572361
8324786249
57955899
174153176155
562584
172181175183
1845418657
99128102129
137218138222
4213644138
1023110433
180185182188
67436946
7818680189
655758
6316666167
131154134156
4795110
195170196174
166161169162
115146118148
43744577
145107148109
155233158235
116176119178
1654116942
195239198241
115247117249
1875318955
8115285153
1905319255
1063610938
7521377216
84638765
44114912
3658
02475248
9218895190
78537956
159111163112
1894719448
479950101
13191422
5222454227
1326713469
14541486
5916161163
7722979232
92259726
16421683
95234100235
169137171139
5915664157
2011321118
168232171234
196131199133
146192149193
559761
1877519077
3121634217
4212350123
33543656
173108176109
9611099112
6119764199
6522966232
9221897219
2120226203
56385840
35883693
1024712249
1281513017
6623371234
106176109178
89159217
149134154135
149202151204
1287713079
165170168171
115150118151
12521284
3215436155
156155159157
158171161173
7018373185
5824060243
261276
9711999122
128233130236
2019723199
5524658247
122170125172
1496415465
155169157172
5414257143
8214692146
4320645209
8924091242
103203106205
8716789169
13741478
171186173188
183137186138
1027010572
1371613819
3811341115
87949096
158219161221
7310777108
34503752
170173175174
5119552199
58626164
153176156178
10761108
1423214435
1314613447
2922831230
156152159154
105219107221
2423727238
146194148197
129221131224
22232426
8218084183
1554415845
1584716149
2721130212
135178140179
1551815720
6411366116
132123135124
2419926201
1666316965
73767579
163225166227
122218125220
21735174
187127189129
1308913390
30153715
136813811
4917152172
70367238
4121552215
194237199238
195148199149
1657016871
137210139213
8311386115
145174148176
6014063142
89559157
3416937170
180212183214
120161130161
1697218072
443474
115152118153
126239127242
1710120103
118113125113
3213735139
9022093222
1707817479
1449814799
73727475
188226189230
109182114183
149125154126
4211344116
7013879138
50285329
1419716199
202253
1335513459
69737275
1766817970
128118130121
9321494217
2922634227
1453414835
61916394
123157124160
1735317655
1106611467
36674467
8513888139
51575360
894916
13831415
18601901
7711582116
1012210623
1327013472
1012412127
4612448126
171145174147
1014011143
53415544
7419377195
85328635
136148138151
3521437217
5717862179
3511938120
82578559
189819110
6020863210
1383414136
107208107218
172202176203
7321876220
18401853
9312595127
5017353175
9312096122
9216695168
56415844
109112110115
136227138229
1219214194
590621
145163146166
131182136183
158167161169
1364313746
5722759230
6624068243
55775879
946610366
1006010262
95236100237
12371269
162137164139
3821641218
164216166219
183111185114
417439
186172188175
