1789
4413348134
136165139167
1086111163
1392114025
5324555247
9222995230
4118152181
2915131154
131135133138
5324256244
868971
17172019
1438814690
5715159154
723312234
47904993
138191140194
1816321164
1923122233
48314934
2919631198
2916831170
3316035163
101173104175
137112139115
8611288115
5816861170
4622448227
4120843210
195148198150
153214156215
6014961152
1246012662
6819670198
4916250165
188219
61766379
1309113592
3816341164
27602863
21604162
184183187185
1719620198
63186620
178106180109
79348236
1366213964
1696717268
108133110136
7020874209
6123364235
4521048211
917112173
1753417836
60406242
98170101172
917512177
9412997131
2022622229
68387239
56395742
111132114134
10661269
1033110633
1387514177
1608616288
87469247
15301545
8813790140
9510598107
8821290215
921611218
189100192102
572594
4317246174
64226624
101127103129
7923682238
1842718629
5613459136
75517852
1574115944
154175158176
21695171
1003810339
9131115
34263529
984610147
1183612039
19799199102
2716029162
73867589
62356537
36314032
4319146193
181217183219
3620538208
1639016692
183178188179
4120046201
1418214583
82768478
77667969
1752317726
2516629167
183152185154
5412454135
182214184216
1165011951
2917431177
142170147171
1916019263
53755577
176181178184
6610468106
2620531206
2215523158
1492115223
101141103144
78818183
179179182181
1519715399
23792681
154185157186
479682
1467015071
8723190233
42594660
114152116154
94909792
16261828
132113136114
1256512867
3911341115
1538815591
31386140
2121122214
67546957
154153156155
1447514580
115146118148
97136100138
079184
156177159179
5315855160
1464714948
138143140145
3710740109
7516377166
186205189207
128176131178
37103912
811611118
77158017
74787681
47125014
30583359
18861917
4321144214
5717158174
65846885
113122116123
2723330235
196115199117
13871419
21952496
120186123187
1877419076
64446746
1394214145
1458414885
01803181
141201144202
132171135172
02455246
8889110
156220159222
32533455
117139121140
5711359115
72199222
65337034
3416835173
175109177112
155227158229
122113124116
394696
12474249
192129195131
111112114114
1625316455
777980
53495651
1511220113
173214176216
4915752158
1511618118
622824
3024533247
188106193107
1132811729
124108127110
8518388185
6319366194
45804882
174171177172
75307931
289690
1441914920
197152199155
67237124
8817290174
30423244
1017110672
152143156144
117155122156
8413687138
1059510897
067270
9931016
99194102196
134135136138
1972319926
146150149151
42534555
31778178
1021510517
1251712719
1384014241
128233131235
1394614148
76937895
18299185100
5912061122
1828618588
1722717529
1645916761
65496851
159172161175
188195191197
70567259
173229176231
1581710
8817093171
114141117143
121107123109
5715559157
1395414256
1925719459
172199174201
125111130112
180220183221
1913920144
124190125193
1711317316
998310088
44734774
87959097
8421387215
73757677
81618265
3816541166
1407014273
27473049
6514267144
5617559177
104128107130
160213165214
1647516976
180204182206
5723966239
5010255103
3310936111
8416486167
9323396235
1741617618
47365038
77387940
121208124210
155158157161
111203114204
111221115222
1795018053
954810049
712610128
4715551156
16241656
74227823
2621429215
122105127106
195201199202
7014473145
9518898190
51638165
7419677198
136177138180
170112172114
103187106189
3317736179
70437345
113241115243
9815599158
167209169211
140166145167
87229024
11504152
127218130220
137184140186
147815010
80248226
152122155124
1636416567
4721949222
1552115823
2613129133
108160110162
1623316435
139122142124
61948196
124227126230
193101196103
5812968129
1221013213
18401863
23252528
8520887210
99152101154
1709117294
4520548207
106181107184
70527453
1689116996
1086811369
1741317615
128152130155
161128166129
68137016
3814141143
99165102167
182103185104
4320444207
118188120190
190135192138
160232164233
1766417866
4616448166
6918071183
1483015032
127215136215
2416826171
9114096141
1458615486
2016823170
145174147176
169138174139
150111153113
1158611987
1698317285
29103311
78598061
21634165
1104611348
1621719219
1143311635
1112211424
106185110186
7422875232
8921691218
7415976162
1453914841
1721717321
1666716869
5220754210
8919490199
190208193210
70547455
1323316235
4210244104
101160102163
1234
124144127146
1511515417
132105135107
59956496
1424216245
168124171126
84588760
116167118169
191132194134
2719431195
1956019862
3112932133
2918032182
128195130197
1664916951
66356937
158162160165
149160151163
31758176
113198115201
6812473125
2323025233
126188129190
170107173108
44664570
8023282235
142172144174
6720169204
139138140142
8622789228
7451146
135148143148
73397641
116111117114
1684417146
4819751198
6122263225
186162189164
97233100234
74187621
1454414846
1596416266
1135911661
179165180168
197210199212
137135138138
7917381176
161130163132
20362338
1868018882
9715098154
8310088101
11334135
170240172243
56765779
100244103246
1032810530
1533515637
184230187232
9511698118
116194118197
126186130187
0031
7714179144
135194137196
9412697128
180137189137
237347
1904819250
5112853131
21752476
137106140108
65116713
1342613628
1419014293
152245157246
98212101214
9124794249
52287231
104126107127
29213223
116108118110
595618
7810981110
1502415326
2422226225
190158193160
11351157
15321933
20722374
8517287174
182140184142
180196182199
194139196141
712412125
3616037165
108163113164
169179172181
157215160216
1817018373
1881419116
9415196153
131191134193
8111312
1696117263
88599161
4324446245
199819918
1523822238
7124474246
4315546156
1766817870
3822739232
9619998202
138146143147
2113524137
119225121227
77777980
1121411416
7120273204
6723170233
1114512149
126913110
117213122214
136102139104
61799181
169232170236
1653816741
2619230193
3719039193
8222585227
191222194224
1086611367
1907119971
112124114127
166218169220
7517777180
1182612029
1869618899
41668167
2214523150
8524888249
17381789
1013410635
9623798239
123242127243
042443
124204127206
4813550137
138228139233
1132611727
1297913281
1094211145
192119194122
186152189153
7217475176
68407042
171148172153
5914562146
146165150166
1497215373
1378314084
35373839
242265
5917860183
4521248214
4019341198
97215100216
1331213514
172155175156
151164153167
181201184203
1674217043
189188191190
184105187107
12051227
1801718219
1017310474
1519118193
1847018971
113166115169
12951318
151184153187
69487349
3916942171
163118165121
230432
196173199175
1012012123
7722380225
110118113119
163221168222
94509652
131143134145
5816061162
516548
5323956241
163154166156
98112102113
5824061242
125151127154
175199178201
5815861159
197140199143
49235324
7920581207
1402814231
3212235124
187114189116
1845818561
173103176105
151188153190
5515256157
1868818891
8924392244
70101
164204166206
5024052242
1469314995
166170169171
1813018531
58576060
147245151246
4213044132
83738674
185227187229
1366813970
6411769118
1421214514
1021911222
39364238
176233179235
177236179238
25732676
50475548
164151166153
747949
1342913930
7224174243
3918641189
164223167224
188227189231
17151729
22244226
1818318485
2114124143
177219179221
8914392145
8320486206
164145165148
1683217035
182190185191
158199160201
1523815342
1148811691
1912322125
1872319025
6524268244
151231154233
12304231
6413868139
3319136193
1854118744
3917542177
110239112242
141235144237
7817881180
33713474
6414067141
146187150188
2414429145
1146611768
10941125
194145196147
190174192176
1187412076
115126119127
2021725218
163134165136
5721160212
166184168187
1564515947
1415616159
1863618938
7422576227
1259312795
918612187
1593516040
35463749
122129125131
383463
131153134155
1213812341
195118198120
186132189134
44314634
98191101193
174178177180
2213125133
1745417756
3622737232
27773079
194110197112
1286913071
107199110201
1023512237
170244173246
3014635147
1851618718
1813220135
124172129173
125135128137
1613916441
142158146159
7310674109
24522655
1315913461
194164196167
160190162193
1435714758
9516698168
1174212044
169196172198
196207199208
2524127244
130205131208
4115242155
164466
40924295
106173109175
6275
2119426195
427449
686718
123219125221
01533155
1255013051
23772678
24922694
1211414116
95599762
74147617
80878191
51507153
130119133121
170186173188
144189146191
48155117
135187139188
82528455
38464049
18772278
6015665157
29153217
1915119353
52575559
5116953171
161107164108
128223130225
2716828172
115217117220
3118634188
16511854
1813021131
7314076142
145105147108
2010322105
49685170
1377113974
137224140225
26322934
119137122138
1318616187
35853887
6821070213
915512157
78267929
95219100220
2723630238
133156135158
1358913990
7716981170
103194106196
173150176152
1678816990
1363313935
43134614
68697170
1649416796
9351138
1313614141
842865
4412648127
111217112220
7418277184
172162179162
102153105154
1422016223
130125135126
4817451175
9211694118
162137163140
141134143137
9115994161
31753477
4724049242
5422059221
121201123203
4521946223
132140135142
142217144220
155180156184
162157164159
112148114151
1907019970
160227165228
1936719669
42564558
1627116473
1927419477
4122044222
31146116
1219514197
713745
31183619
109122112123
1119611498
1908619388
195222198224
60256228
1572615829
1316813273
5114654148
16301681
1709517496
1921419317
1212512328
144103147104
134234135239
180162183164
156146159148
164241166244
1439514598
124199125203
1315713558
149234153235
193233196235
9117294174
1626816470
9611164
61839185
1710021101
456479
183247186249
90659367
93289629
61298131
1065710859
94449745
5917161174
8012982131
187154190155
913712139
100187102190
11114113
27902992
136139138142
168717010
1159811899
7316876169
1185412156
7011572117
1504515247
1791018411
60706273
125159130160
114115117116
1463314835
8421044
21845186
8613987142
1810820110
102208103213
119160122162
22274229
1255212854
152119154121
7011873120
110143113145
1246313163
1221913223
1615119153
104165107167
169146174147
154202157204
148107151109
58116113
101145104147
43104612
150226153228
118181121182
155125157127
51205422
49545256
172208175210
153236154239
1086411365
024326
212234
1735917760
8712790129
192108195109
156241157244
1897819180
160247163249
132228134231
50315234
619921
1757117773
6420766209
110811310
4520247204
435538
627678
55176018
8214184144
259928100
102170105172
25652867
1771418015
80668169
170238173239
9317995182
181159184161
62316434
158160162161
1337313674
95159718
182112187113
102157105158
816810170
173202176204
141224144225
5514858150
12751478
3314237143
8161118
97509952
159225162226
136234137237
2914832149
2518528187
91249426
113103115106
159168162170
6118863190
1107811380
6812271123
155169158171
23872589
188202191204
175217176220
2812131123
174106177108
1853218834
021323
4213644139
56146314
1707617279
100247103249
183119184124
2310326104
171115173117
20232225
28563357
156815910
194230197232
6324567246
1038510687
55195622
19922293
41434445
8410687107
158204159208
539956101
102197104200
174221175225
6310966111
61476449
1362313825
174244177246
18482150
3624439246
177122178126
1174511947
061363
148214151216
128143130146
183116186118
1069110993
18141894
8910292104
88559157
3515040151
85648866
711411115
164138167140
162234166235
1024710449
140164144165
13651567
981710019
90279230
102215104218
1353813939
9121293215
6821472215
4914253143
18202122
97799981
154207157209
661864
43154716
3915642158
1314413446
7412777128
127147130149
1101411117
121141123144
71069109
1313413535
1793618238
1941219421
3318038181
1715820159
129200132202
602624
786809
1036210663
183155186157
193919511
8820889211
90929294
9323695239
186191188194
9510897110
3818341185
5710860110
108112110114
5120153204
21152318
19001932
15501573
90419941
92689570
16098162100
136238141239
165157166161
183187186189
1813218434
1876619267
185119188121
3610439106
99223104224
91849685
191191193193
8524388244
1932219624
4513547138
70867289
9391241
194219197221
140168141172
108150111152
104219106221
4214044143
26582959
103150106152
82908591
2717428179
8611787121
41304332
67866988
1244212744
6318264186
4318052180
5524860249
63886590
4719052191
1281512919
1115014152
80318333
145232146237
1957819880
9223197232
118163120166
194114195117
4723852239
135240140241
10231036
147160148163
119134122136
3513836141
08111
8621989221
1197712478
8323488235
192123194126
4712452125
4913854139
162218165220
180233185234
5924362245
122244124247
9524797249
3015533157
5023253233
130127135128
1726917472
1549415696
4311046112
957989
122148125150
1725417357
6621768219
85818783
107139110140
1328213485
1745717958
1498315484
152177155178
176207179209
1812718329
108165111167
136129139131
1417516178
909891101
1942719728
146143149145
1162011922
5851086
1787118074
18551877
33783581
2615128154
44754777
26503151
4814750150
192188194190
115134118136
2818331184
171166174168
310342
132181135183
1724320245
959998100
1102511227
179140181142
1161811919
7017275173
1027710579
1372613928
5423256235
2414626148
6317565177
1216312365
58325935
7014072143
1959519897
35503753
129133133134
4821555215
1604316345
1108811390
8121785218
119146121149
189147191149
1008010382
4895111
1761017812
2417226175
12921494
127125129128
7221973222
2918530188
1584916549
4820150204
1043710938
4411847120
1736117762
18812183
1067910980
1126211763
50455446
16641767
7213875139
114161117163
1467614978
181146183149
414446
3013533136
8311185114
185202187204
1109311395
7223675238
1158011783
7816382164
123211126213
185124188126
6216364166
6523266235
7020573207
5913066130
2621828221
12651288
1301613218
154166157168
1919022191
9016292164
1599616397
2718930191
1821218713
26272829
106223109225
8716289165
1415114951
103112107113
421472
26192724
1898919291
125161130162
148120149123
84628963
1224812451
8118184183
1722021221
1019813200
161203163205
92559458
177217180218
4513948141
6013863140
137247140249
2911032112
35733875
4219445195
14521484
1913219434
8521154
14101461
1618416485
6113564137
36203922
7920880211
5612359125
4110744109
196247199249
4412246125
42196221
1062810830
67647066
1724620248
87288931
1005010252
40104212
100114103116
129135130139
4819951200
97299832
1748017781
5422857229
36633865
1963919940
6710170103
4022643228
9112293125
5513758139
47595061
11999121102
9216594167
112155115157
19441976
22602661
40164218
14499145102
1478915290
142168146169
5618460185
72737774
152160154162
2223925240
1238112583
1054810750
128165129168
6720569208
6910672107
113217114220
161229164230
178224181226
17361767
164215166217
7524477246
109246113247
1651416816
81468155
189191190194
592993
106145109147
8316186163
6322966231
167237176237
34563658
178147180150
194211196214
181243182246
1219214194
5610358105
15601861
75327933
25402643
1208712290
96679969
4114944151
17399175102
1018414185
1488115382
43934694
93309632
1648016981
100108105109
3811041112
108215110217
1365713760
4221547216
4614348146
191198195199
1658216883
1516917171
176120180121
144146147148
155134157137
134118137120
327529
51125314
1318816190
106229109231
104140106143
138158141160
1613616438
96969998
3415637158
1310216104
13941426
177228180230
92369439
136132139134
84268531
46474948
193171198172
17682070
167241169244
556588
278329
1625216952
6215864160
7814581147
2513727140
059560
177194179196
8522288224
1707317275
15831615
273286
191153193155
190230193231
2512828130
1294013242
21574159
123119125121
82408443
919411196
121198123200
139176142178
1974219945
800813
8924690249
33823684
111137112140
1621317013
6724772248
7217974181
1032010424
20552160
140109144110
136207139209
28243026
6422666228
624610247
7419077192
131129135130
541744
8120882211
78438145
137125142126
1331813521
31015103
162238163242
4718452185
130184135185
1658616987
41714374
1925619956
183244186246
175132177135
41917193
177104181105
142138145140
72607562
47395040
151170154172
1254612847
94829883
7016273163
172126176127
3521937221
02393241
3912940132
46654967
1131711519
473505
6110664108
74427744
192179195181
173118175121
129101132103
2319026191
83349234
1312613329
2210127102
135202137205
85488850
2316126162
1507415276
143211146213
187156190157
147194150195
1217512476
119196122197
7911182112
1481215015
153156154159
7814881150
6012363125
50625167
122225123228
7123374235
160136161141
2424727249
119240124241
1493915142
1041210714
92899989
6412467126
1144111643
181128184130
4116745168
144131147133
99164107164
145214147216
6324765249
1012010223
24152717
5822961231
194142196144
1728617389
128236131238
181114186115
171205174207
1914419445
051058
9424298243
124224127226
87258927
820835
141196142200
1112721127
120111124112
1977219974
1452114823
71717472
5923260235
4024542248
2117824180
1617816579
11001131
1722619229
1531215614
119223122224
920911212
7816581167
130239133241
1078611187
43904692
4914054141
1621519216
799882100
2813932140
86438945
36663868
151205156206
2322625228
128242129247
69937295
104212107214
179185183186
79578358
165245168247
138118141120
9551158
2124124243
124163127164
1854818750
186168189169
5612058122
1888319185
2423426236
1976719969
62106413
9116894169
4624648248
2722329226
12341257
4914453145
62656467
5219554198
6921773218
44254727
123132125134
131220135221
144134145137
196239199241
195236
24442945
7112673128
19262227
19031935
7524778249
6224064242
12621564
1936019463
17601792
196245199246
135222136225
13211722
134211136213
3822040223
135153138155
820610208
183241186243
1906419565
102115
156101160102
168127171128
1082111024
188232191234
1024011243
9413296134
151209153212
1417217174
79928393
129209132211
103190106192
15111526
104232107234
1501815320
115130120131
191187199187
188140191141
1336913572
5023055231
2218227183
36783881
85519052
1247912880
1135511657
196236199238
192184195186
1682917031
158217161219
1289613099
784815
129156132158
104177107179
73357538
1254812949
9622498227
130167133168
1112011521
1711017312
34103612
39334235
77188020
90319233
154113157115
123194125196
8419888199
6310265105
1178811991
119245121248
7924786247
142238144241
7110174103
1612019122
132177135178
61008102
110109112111
160816310
1409614299
4013343135
152199155200
9741176
294326
91519354
1717620178
195196199197
19821997
170214172216
19512153
134159137160
79968497
143183145186
16841706
9112693129
33153617
71209123
124183125186
8716790169
1462514927
39684073
44294830
4916652167
180195187195
1662316925
039341
191225193227
14998150103
1576216263
177127180129
107195111196
627829
167150170151
107710910
1512715330
1432814531
1028310784
179123182124
1331513617
29733076
9515997161
7520878209
198156199161
105118107121
8518189182
8317087171
1328813490
5422257223
56746175
1243912741
1316513467
37824084
32263329
142160146161
2620029202
113224117225
140162144163
1366513967
1256812771
196137199138
140149143151
8120182204
4219645197
1315313355
13199136100
99241102243
4615151152
1782718030
1705817260
123135124139
1614616448
176211179213
157193159196
1326213564
91139101139
8720389205
2715528159
157104161105
118103121105
167212171213
141242146243
01752177
9421297213
9211197112
7421575219
1644216645
123166123176
1265813059
79379037
43784779
136162139164
1403214137
1616019162
3311936121
2912734128
39854188
13791581
149816100
169185169195
3011333115
194156197158
1881219313
147242151243
41464946
86408942
1005710259
4114746148
1846518667
54685770
138171139174
158239161241
66177317
190163193165
9517097173
178189181190
145217148219
02447244
171232174234
1205812559
125169128171
7617378176
3917842180
1081111013
1276013062
108205115205
126239129241
1863019131
1173212034
7510677109
7419377195
74457648
7811082
1553815840
338389
130246132248
156172158174
992410226
102119104121
22202522
7916182162
20442345
530634
1912519626
5318455186
34943995
52605365
5812660128
1955719759
1724417347
1461114714
53715672
95869888
190228195229
1357713680
9322195224
4922452225
87138818
27393041
174191177193
128179132180
40974399
4923553236
075377
116237118239
9521496218
165189168191
105244108246
154225158226
29833185
1435914561
370392
125207127209
46575158
176141178143
1016313165
8622590226
4619448196
664705
82818483
194207195210
9516298164
01413143
107141112142
109243112245
63866687
8822991230
9017992182
4511348115
128108131110
100176103178
189219190222
