1762
3523839239
5224554247
1497515178
180192184193
15281631
2120724209
94979998
80408243
80858387
34843786
103178106180
132181134183
70537256
170205173207
5422358224
4917649183
6922371225
7815883159
170188171191
146184149186
153101154106
79588359
1001310414
28463048
856878
49845088
33323833
1068810891
1739617698
114159119160
55455650
96149916
41104412
62156517
80478249
191202195203
1481015112
1352213724
1771417916
5621359215
76278028
1015210454
111189114191
110228113230
1949019593
8420887210
157117159120
1834918750
1651416716
112199114202
1837018474
2114123144
9761179
1072310926
163217166219
1697917181
13821423
197103199106
118122120125
150225154226
7618680187
15411743
421462
155101156104
02095210
8918294183
5020554206
4414048141
2719430196
100225102228
9524798249
47895091
5924361245
2022722229
6122165222
4713749139
6116664168
138171143172
58406042
5816166161
2019623197
1094211145
176153179155
1592116123
583606
169238173239
1921621219
1916021162
107194108199
5410556108
2924732249
173213176215
158205159208
1691911
194115197117
879990101
150150153152
133154136156
1521215613
138225140227
3414137142
11841206
133136136137
136180140181
154201157202
517110172
5310956111
1484815050
126213129215
9614199143
7718880190
189108194109
56376038
1455214754
3420237204
8411395113
8913394134
189147191150
184207
5511957122
1603716339
82788480
4118645187
180159183161
21255127
12881689
7120274203
1959419698
184149188150
61396640
7118273185
180248183249
115120120121
15121543
1484315344
52187220
150121153122
1237012573
41097111
170173173174
31563458
1957719978
8524287245
81308332
103226105228
157172159175
20442346
25642866
9521199212
975110052
1123714239
146169151170
1057810681
162147167148
26902892
7617579177
1443614738
1127911481
1227612578
913413135
1942919631
119150122152
130208133210
104203107205
3611439116
7312676128
41946196
169139177139
177125180127
403435
50365338
197100199102
2819231193
1772718029
1925719558
1659416796
7221074212
7716779169
811810120
7841086
181135184137
3121134213
1573315838
2211424117
134208136210
01052107
50395144
1618418187
1655016852
42336235
44444746
74207622
11901222
682705
8623389235
2817029173
108239111241
34593760
7521253
8222484227
21835184
8810591106
196138199139
51777179
114150117152
4219445196
178223181225
145219146224
151163154164
12521284
165227168229
7815181153
3820441206
4210944112
4314248143
5224856249
1483415036
1365014051
116208118210
6710070102
3011331118
52467248
55685870
1344013742
187118189121
195230197232
118162121164
139176141178
196194199196
1793118233
142191144193
140212142214
569657101
26362838
183145186147
106229107232
5324158242
149117153118
5417055174
115165117168
1509515396
125111128113
1951319815
135184138186
1866118764
7221374216
49675170
11211522
9021691219
51545356
69617263
4521048211
147149149152
1918719390
470502
124176127178
3310136103
184161189162
1365713668
6820771208
5511658117
1018413186
2917430178
2722730229
118181120184
11411163
179177181179
1925619956
109133112135
1831618419
822711229
3811041112
184116186118
26762878
66616864
2921834219
181210184212
41757176
87919093
186230187233
184818710
188232190235
2718130183
993410037
47755077
167120170122
21362537
1296913370
184178186180
9017293174
21742377
162227164229
131182
1317513182
1677216877
128162131164
9521398214
12901313
159183162185
128107130110
150160154161
1156711769
1705517357
157179161180
175223177225
1871519216
24702772
1439414695
154185155188
1492415226
38354038
1198712388
102171105173
722212223
1248712789
1008510189
1862718732
100209103211
6911372115
1577916180
1903419336
116187119188
43134614
1837518577
31373439
01113112
44524754
2117723180
1044310646
1326213564
8614088143
2520727209
1309313494
122194125196
110207113208
4312845130
172167174169
1412014422
1352514026
8823791239
1132511527
6313365136
629963102
29733078
1911521118
165220168222
597899
9315596157
4814950152
246268
19662169
1724717548
125179129180
117212120214
121213124215
6312667127
12721573
4713149133
30943396
153176155178
5514857150
1163011932
8323385235
156187159188
5716259165
184103187105
1422714529
19001932
4511347116
9619599197
1729017492
7161416
1816321164
86228924
4021944220
2814930151
142215144217
22024205
164185166187
5213155133
4216443167
4522050221
75767778
159244161247
142183145185
161169163172
104222106225
1413819139
1710719109
52225424
1625716658
199218199225
72237426
973810040
5221455216
3614939151
193165196167
6517568176
14761508
82558656
177180182181
45374839
1626916372
1689717199
11481848
41924494
124143128144
52435445
1728317486
1014510347
141179144180
3211535117
1604016342
183163185165
3312436126
1078210984
75247826
190181195182
1632516726
2993211
2121024212
3915242154
7423076232
178150181152
82928693
128181131183
115191117194
839884101
6215264155
1617316375
1419214295
43404642
80968597
61346336
1626716568
1462614828
1620419206
191122194124
1228212485
127200130201
88829184
106111108113
10911393
102203103208
7217875180
34423743
116248121249
01284129
1241712620
1216917170
191174192178
7123876239
38844186
1797218274
1133211535
1622418227
8624091241
68987299
97165100167
156247158249
82538754
1879119093
126191128194
170240171244
1028410685
1875119053
6311968120
1954819750
178219186219
71177618
140127145128
50925393
52135514
7915483155
961710317
5822960231
1723117532
109194112196
18251857
9624498246
130247132249
3410537107
3010332106
111218114220
59846286
93839685
2614429145
667689
1555816059
32983799
2018824189
196129198132
9116993171
1288513087
36713774
1078510987
1828318387
173107176109
149153152155
135221137224
2423725240
823410237
1089511396
1977319976
3317336175
80448246
2020221206
4122743230
1108611388
150221154222
721110213
67586960
371673
190117193119
159142162144
6418967191
96679969
6722468228
4918851191
1649716799
51978198
95709872
7521178213
45115012
1342713729
8516588167
27543255
1481515018
172128174130
1682517027
102217105219
172242175244
128913111
6221266213
1165111854
1445814760
103196106198
89299132
1813021131
130214135215
952710028
199175199186
1436914572
9281130
2213124133
9511698118
150239155240
5013753139
22142516
2215224154
1413317135
4419147193
26142916
140159143161
1496115163
49135115
1613116334
108246111248
143195146197
136188139190
7722778232
8316186163
196239199241
1646916671
107131112132
181124184125
118175121177
65777078
160158162161
123148125150
153205157206
93869688
98147101149
190158193160
129138133139
2721432215
8124484246
8617488176
70897291
1254612749
195156198158
7111674118
150233153235
132161134164
616111162
149236152238
5120754209
111161120161
1759117992
1016010462
117104119106
6821670218
167231170233
6720971210
70277329
104162106164
54795682
84858787
74277530
41517153
60936395
191216194218
126240127243
1158811691
7610381104
1014810351
179229184230
626829
12096121100
8916091163
142117143122
122206125208
8012585126
54945995
1698717388
41334435
164192167194
21232325
14321455
15121714
122140123144
01133115
15671589
1765517758
137166137173
6812971131
111163114165
167242169244
1196912271
6317266174
191189196190
1419816200
8917590178
8019383195
5520358205
170157172160
8523088232
118225120227
018319
2317326175
1407614378
99213101216
111171116172
1793818240
147193149195
1276612869
2417827180
173126176127
131198134200
1072111022
56736473
99159102161
146109149111
1720720209
92399541
11341436
142150144153
7510078102
21605162
8221584217
1218014183
81888689
511410115
3516837170
157154159156
152174156175
155159157161
2317127172
3012532127
25182820
1471915021
7410375108
744776
3512139122
6418667188
26252730
188245191247
8415886160
1128911491
178202180205
9421046
56535955
8613789139
6718270184
8818489189
101166104168
150123153125
99217101220
45784880
38724174
94164101164
1277212974
1327313574
5219260192
9851036
91979399
63127212
30593361
3719339195
1412315223
9214195143
65706673
38794380
44684869
1147211774
17242025
116126118129
158219162220
189128192129
3217936180
110243113244
1227912481
136105138107
6121663219
147167152168
113195116197
135161139162
18399186100
799882100
150148155149
116114118116
168146171148
1811018312
5322856230
1863618938
2523327236
1972919833
1166411866
1538015682
7923382235
5721160212
2621628219
3112034122
1099711498
4423047232
166108168110
8810292103
3316435166
97869989
55305931
108181111183
90639266
23902593
174170176173
2218423187
3823341235
1483715238
8524788248
4121444216
1924719450
75917893
40754377
493515
611626
1591316414
105237107240
129112134113
157223159226
6919872199
3322734230
01423143
193177196178
1458614788
28843385
13201343
112179113182
172122177123
1689417196
8824292243
147219149222
1044910750
197187199190
192113193116
141115146116
153176
1675516958
158215161217
159127160130
1015710359
87188921
2092114
1616216464
112100113103
187202190203
15591860
1322213425
176195179197
188142193143
145150146153
177211180213
8824595245
80908591
107161110163
7978110
115173117176
6516767169
1771818219
01523154
4416647167
1173312035
192145199145
113240115242
7713780139
182111185113
7811881120
188140191141
18902092
815510158
162123167124
39604262
1621518218
44824784
130100132102
181199184201
16561688
142143145145
570592
106150109152
1467514878
15152016
1302613328
144159147160
8217685177
1458314885
330353
35223824
1423914541
1283413136
1912619427
9310895111
116135118137
137142140144
6623271233
188243191244
1633617236
1418415189
193127195130
158231163232
8014482147
1462914930
1924722249
160201163203
7211023
1411316116
51288130
2911133112
31376139
73637665
137121141122
959998100
178128181130
181105183108
1937419676
3521438216
147196150198
27863087
1385814359
5413456137
155213160214
10541256
5011652119
67118
1732417626
8311132
2723928242
164127172127
79788181
1923219633
1053310637
01644165
68876991
4415849159
129115131117
4614649148
589659100
97204101205
183197187198
1772018221
156137161138
184187187189
173131175133
137158139160
1313913342
1532815630
1897819180
5917462176
5112853130
1120716208
13801431
8017581178
182101187102
13399136101
180165182167
8210287103
2224424246
7821681217
1444914751
3710040102
182114186115
198204199207
1099111194
102145105147
176199179201
185211188212
1464615147
01028102
4117546176
31913393
151137153139
12464248
1237412675
184106192106
1858018882
1028610687
179168182170
143130146132
1013010830
19642465
02393241
155169158171
19172120
1614617151
2416527167
108178111180
58176119
2514627149
162197164200
122200124203
99206101208
174150177151
6214063143
5817262173
100109103111
73567658
1711021111
1132811829
105122107124
138132141134
1236712669
979510196
57496051
1463115132
8224784249
42396242
4212344125
72407442
173119175121
173160176162
139104140107
195120197122
1698917192
173110177111
1714217444
21312831
1485615058
5815061152
2592811
1745517558
523555
3419436196
1544015643
125168128170
072275
58255928
109212111215
75977899
1502715230
146238148241
12741477
96739975
7521677219
46614963
196173199174
5912562127
9414697148
135228136233
128176131178
93249526
196244199246
2718430186
5017053171
6613368136
1751117713
8617788179
137228138233
89609860
177226180228
177134180136
3523640237
187204189207
4022241226
1898119482
69797281
5220055202
134120136123
493795
115233118235
3023431237
183171185174
19852187
158227161229
1023013232
1115514157
155181157184
986210064
1291613217
13501372
159917102
187213189215
5612358126
6119364194
10251327
1817022171
97127100128
190132191136
89359138
5014754148
2994101
4110046101
155210157212
126122128125
6331034
8813299132
98113101115
163234168235
12598128100
1722020222
2521030211
101128104129
17601792
84288829
137125142126
121124122129
59906192
152134155136
9316696168
196160198163
15171539
2110125102
6524767249
01083110
31183619
14199146100
1301213413
191125195126
1333313635
084585
964110341
151211154213
156110157113
190161193162
73817882
29623164
44704771
124197127199
7624279244
28393041
8714789149
164142167144
63656866
1314313346
1021910422
124140126142
01573159
1452215622
6118663188
1608516387
1224212445
1732817630
196237199238
9223695238
36753778
34753578
8312788128
121167132167
157233162234
154162163162
169105174106
1683917340
123912611
1114412147
165113168114
5214355144
71639165
7112472128
6916871171
3520836213
6824073241
93649666
2915231155
9022193222
1818818390
54595761
3123134233
6318366185
139208143209
5123254234
119132121134
976510066
147171149174
159916112
14941535
173101175104
649966101
177245179248
27962998
78338134
1664516847
1254012742
1102311126
1241212615
102148105150
71319133
182190185191
361393
15901792
158111162112
4013843140
43624565
4521549216
1682817030
7514278144
710610108
73467449
115111117113
02182221
1642916731
28273030
152244157245
180121182123
10811132
195148198150
9623598238
3223634238
7817080172
8221284214
197226199229
39294230
1952119625
9631166
170208173210
065566
120107123109
1136211565
4024850248
2510828110
4819251193
1162511827
7718080181
912112123
1246012662
174145179146
95359837
153145156146
9013693137
172147179147
1137611678
6214965151
2310526107
1726018160
8598712
163195166196
4110443107
01781181
169228172230
192212193215
179171182173
129168132170
177238180240
4422746229
1112513128
77297932
119135122136
1124211543
6414066143
1288813389
175128177130
136163140164
38684071
1391014212
1367314373
1258012882
1510318105
1736917770
6917373174
1810020102
11421443
7720480206
156167161168
1612123121
161102164104
112111114114
4510946112
1487115173
21917192
70577260
6721170213
1589516097
5219354195
7417177173
174220177222
12631664
84718772
1817421176
120157123158
1051110813
173197175199
143166146168
11474149
197210199213
1551915821
177112181113
2424727249
139201142203
103234105236
183233184236
40634265
62596462
882923
149147156147
4019441198
2052
151165154166
122179124182
50735574
1344513946
1322016222
132240135241
194819710
1554815850
52515553
67426845
97137102138
79248226
1359513798
6310564109
1056210864
60116214
17699176106
1092711228
128126130128
5716760169
1485315055
167178170180
1421314415
129194131197
6412467125
1305413257
103186104190
2823030233
1197912182
1129211594
1479314996
177214180216
4118445185
4314451144
177106180108
41694371
530562
1977019972
5720660208
1886119162
144208147210
57565958
71767478
2513127133
1121112214
7022173222
13781581
164237165241
8410785112
046746
92123
76597762
1016714168
1417317175
1719619199
141162143164
61839184
7022973231
142133145134
1729317495
163111167112
196126199128
1414614448
16801882
1318513387
1397414375
195218198220
4110246103
1383313938
174230177232
195223198225
5823863239
8011183112
139182141185
18221854
1292913131
1056710869
127117128121
4710050102
1254312745
1084611147
1923421236
1474115242
3017031173
125145128146
138173140175
16321736
3718540187
96221101222
61516353
1717918183
108226111227
1713317435
51168117
5018352185
166116167119
7712288122
1712717230
1809118392
119146122147
180195182198
55296229
45304832
1015213154
11241156
11598117100
1812718429
103137108138
6716172162
8217885180
44744677
1223314236
998210184
54325733
1383114332
108164110166
21804182
5615157154
116230119232
12434245
1192312125
1110514107
138195140197
1614316248
1404114145
4516148163
177162179165
2610130102
160120165121
1383913942
153194157195
99245101247
7912782128
12141246
109235111238
63966897
11471198
1706717270
4922552227
150193152195
821610219
146145148148
12561288
184215186218
105119107121
4024342246
5811960122
1833718540
1515617159
142211150211
128240131241
14951797
1651116813
6211065112
26572959
150185153187
2513627138
01664167
1686017162
168142171144
1107311374
14931994
1712222123
124137126139
1319218193
1538515886
4017343174
8415385157
1617720178
16431675
1327513577
39214124
6622969231
1447314578
1863918941
159102160107
5412857130
5110653108
8113584137
196171199172
3919942201
121197123199
175202177205
1028810589
946978
91699471
194105196107
147132150133
1645916761
1819318495
76388039
178220181222
9118692189
169226174227
104182107184
1756317864
259626100
791823
1584316045
180162182164
54655667
3523037233
5415557157
147101150103
2920331206
40314432
1299513197
6510567108
650672
49245126
7110074102
140165142168
4823650238
114179115182
1916519367
1816318365
132228134230
1912819331
8510487106
2717428177
32813583
1785018053
100157105158
059262
182220183225
1115111354
126114128116
154230157231
112106114108
9511998121
1533615638
121119122123
1112011521
124226127227
182128185130
14801502
186220189222
5817063171
676879
7016379163
127218130220
195216199217
120230
1211212314
155222156227
16291739
1323013532
34343736
31203422
148134151136
63106711
1884819150
2422026223
55175720
181205184207
196201197205
1023110532
1773418036
67526955
71669169
1489215592
1876619067
9010892110
129143132145
121183124185
6815271153
66947195
1802418326
162247165249
6114766148
154207157209
1586216065
8719790198
1946619967
1851218913
39954496
177158179161
1956219863
7423377235
1683117132
176208179210
9522597227
14631485
6515267154
1915823159
29343236
149228157228
30974197
1882619029
93749479
67707071
8813199131
2612029122
122168124170
8016885169
85258827
4116044161
160197161200
9961199
2820731209
1323613438
73547655
2318126182
34873888
147127150129
162178163181
198230199235
18001851
2912831131
75407941
51295431
1648316785
82158517
7012173123
87519551
51895491
17631794
9324295244
129122132124
1814920151
2915632157
1069210894
148244151246
22192422
1219312495
1742017623
720912210
1486915170
1683317035
88879288
8514588146
5519657199
1259512897
1945119753
124190125193
696719
1016410466
174206179207
101105106106
3022433226
4618449186
63836585
1804718249
112176114178
1884519147
35503852
718010182
1927719480
5924163242
119233121235
1012110129
7313476136
7420475209
1157911684
4416448165
943965
9111992124
1055910861
105174108176
81368437
127206129209
01853187
158139161141
1523115732
910112103
67247026
1779318095
862875
193233194237
1116211267
2724531246
8123684238
176176178179
110136115137
1255612659
158113161115
156150157153
7919184192
14251627
182237185238
64906791
2010722109
1688417186
3718039183
9416999170
1443014533
64926793
77187921
105241106245
161188169188
1697317474
1796718169
433537
166165168167
56746075
7801082
1277613078
2216226163
85828784
89739175
146106149108
38534155
1121815219
18761927
123119124123
2524226246
1622116622
784816
1578115984
1697517177
129173132175
118178121180
1055110754
156240158243
719310195
120186123187
148143153144
193171195174
7224274244
17631868
155235160236
108184112185
120220123222
1013510338
45924993
1527315476
4015543157
1415219153
13671418
126107127110
1815518258
140146142148
3420537207
37194120
5613259133
1488715090
9601162
62039205
100141101146
47404943
39874190
1666616968
8222887229
137246140248
1348613689
8914291145
3411037112
712735
26932995
154118156120
181213186214
1451315014
8216584167
60566258
185192190193
3317636178
1041510717
1819618498
127210129212
181239183241
02373238
1656216765
82348735
112247115249
1173611938
68307132
35543757
1518016183
1676916971
122132125134
149145152146
1378713989
8220485206
9491049
6520368204
3619838201
134125136128
73507453
157237160239
181154184156
8722490226
188156189160
01681171
8879010
1953619838
7713480136
50795381
138217141219
919611199
7113974140
150171152173
41134217
1523418235
19131945
1348313785
3424436246
51336136
154157157158
6812470127
143241145244
78467949
99124102125
1213012432
61879189
161212163214
358759
23262528
56135816
175245176248
104108107110
22065208
157100161101
3810340105
2413927140
055357
110140113142
5610359104
131216134218
173233176235
3724639249
3313835140
73597562
1509715399
85368639
1144811750
158198159203
7114274144
19541986
7918281184
79548157
663866
680731
1409614298
142140145142
1957919781
8223084232
6821471215
29313233
757789
60256228
