1750
18401891
17699178101
63896691
148108150111
7423576238
14231445
104155106158
27902992
1144211644
163195166196
1718517388
4411347115
84178719
38424144
145128147131
7715479157
2415729158
72497551
5819461195
12901592
8014182144
39514154
106152109153
1116411367
8618989190
6911473115
1417215175
12531455
1565515857
1752317725
1757317875
30343236
105131109132
184122187123
53195521
452484
3812042121
1448014782
183143185146
41954397
185159187161
1247412677
107245109248
184101187102
4313544138
1529215396
45855086
11271428
81878489
119217122219
9610698108
154216157217
140111143113
1633716540
189196192198
13299134102
1408314385
1323718238
1758017783
125240133240
1424416246
159207162208
51655368
174178177180
2713029133
34283730
1294113342
1510218104
169164172166
8921092212
139216142217
02484249
02282230
6322265224
1845718659
920311206
3420237204
88199220
1795018053
52457248
1244012742
65196821
117180120182
175240178242
1344513648
7315974162
138132142133
2118123183
1475915061
1574715850
1446814671
136102138104
181202183205
14541486
83858686
2115324155
157146162147
9314998150
4821350215
46674969
4617048173
127117128121
2821730219
721710219
122107125109
4512147123
32433545
43734675
130205133207
1895819259
38214123
87779079
150128153130
1510819109
120136122139
98211105211
191209194211
185239188241
8418287183
132196135198
8924591247
1684316946
2022223224
159233162234
112198115200
150184154185
8213184133
1117213175
170221172224
1769718098
5711760119
1483415037
152180154183
45524755
86568958
1789218194
1109211394
159103162105
1212415126
150224153226
785798
1521115612
82538456
1311213413
27372940
16601962
47974999
9615498156
119186123187
169141172143
118245121246
2716929171
27863287
6219364195
104161107163
5110953111
8012882130
154210157212
89749375
177237179239
162197163200
191123194124
172122177123
2616628168
143133146135
174181177182
2922731230
6016261165
188105190107
3315735160
073275
103172106174
9424297243
1612716330
1161311915
121229123231
1415014452
1884819150
65706674
1715617557
93809682
1323915241
87358743
134165136168
8915092152
1519716200
121100122105
133138136140
2914630149
1082611028
45474849
9841286
7919682198
6211364116
138123146123
17682269
1029410399
63656667
2417729178
173154175157
118156123157
12611562
191111193113
1647516677
1312213325
1118114183
52765578
3510537108
102190104193
32286230
107199109202
145246150247
107155108159
109156110159
1584416046
5012854129
24402643
2883011
125148
6423366236
9021393215
076377
7513177133
38844285
194196197197
4712556125
141159146160
1955919861
1447314775
1176012161
447479
832855
1562015922
79448147
1891919320
119133124134
25592762
1536615569
4316248163
1579315896
115246117249
91319433
1751217714
1114414146
10671099
143213146214
8817190174
1448714690
6922771229
01302132
6020963210
169150172151
3223735239
182247185249
116111117114
4414546148
21655167
71797381
118216126216
160116162118
1405914361
1344113644
179140180144
45794782
192218195220
6017662178
157107159109
99173100177
6424369244
165248170249
14951509
3918342185
119122122124
122198127199
4410047102
1334313350
1717517477
192180197181
1914222144
6181119
187237191238
7522176226
93879689
167107170109
19271959
25782880
6018863190
1788218183
2613831139
4519048192
1728017483
168717010
68817083
2520728209
6818270185
18221854
179211182213
103122107123
436738
9117395174
151132156133
118243121244
2117224174
1016412167
1049310994
128231131233
59906292
209925100
8721389216
8951197
1278013082
8024083242
109240112241
143216146218
425628
196168199170
5316355166
67577059
177104181105
191158194159
77378238
8715490156
117203120205
60516353
106230108232
6511368114
5723360235
1441814521
124234128235
975810060
171517210
179167181170
7721782218
1421614717
161187166188
131135133137
17298175100
158190160193
127137130139
8818190183
194198197200
29313233
2113825139
9612099122
4514947152
84328635
13401372
54285630
139147141149
1578416285
53125614
1677317075
11671469
4116944171
1096511070
1222315225
4417446176
100194103196
1218612487
3420937211
048250
163182164185
173160174165
77967998
182242185244
81788281
89359138
6721570217
1788418385
150114155115
1319416196
1167911981
9112194123
6423966242
16811982
560583
140187145188
6923072232
1339214492
1201812221
93199620
563766
8321286214
1038711387
6112563127
175124180125
117218118221
118199121200
1613920140
142178144181
191191193193
103136106138
3824741249
85509450
7516677169
31226124
155148157150
114195118196
1220213207
74327734
147149150150
8722490226
180214189214
160140163142
150134155135
3820240205
156156159158
1615316355
1414014243
165210167212
8720689209
7324475246
061363
34463649
156113159115
638669
113131116133
62436445
440471
62207223
745848
128142131144
02123213
181199184201
1395614258
3012733129
1933019632
160122165123
107195109198
1933619637
1023210534
1745917562
20952298
50215223
1397314175
1422717229
2715532156
3193312
99238102240
98679972
154201156203
1498015481
114128116130
1791018112
142147144149
1514015343
6921971222
4724650248
62686470
1611616418
193168195170
7314875151
102118104121
17631867
171208174210
6811973120
84208623
188120190123
9514198143
165237167239
1515318155
1867418778
9720099202
125158126161
119146121149
1712917431
3719340195
140109144110
6123363236
38264028
1217512377
179245182246
154107156109
40364338
1532115524
194108197109
29673269
8416985174
191120194122
102197106198
1315613457
559762
162245165247
1888319184
96649866
3412736129
4422248223
1536315565
26952997
163150166151
115222120223
158162160165
0031
1916021163
1314116143
3815242153
93649566
1467915479
54795681
9323695238
1672917031
6914271145
1719520196
1611316415
1074811050
168244171246
5310456106
1296713072
272287
61716473
70547356
1822520228
159174162176
6320065203
064267
116175119177
1756317765
1748417786
2619828201
3312136123
140164142167
108160110163
4312144124
185137187139
52318233
1902119323
109169112170
108164110166
195137197139
27843085
9215794160
1081411017
1144711848
129154132156
7916182163
9516297165
6518867191
6321466216
1487115073
46324934
122244125245
193155195157
150221153223
4014643148
137167139170
6319766199
110185115186
1719720198
1974219944
33253627
182131187132
313345
1165111853
2410627107
1182612028
116122118125
110220112222
7610478106
1476614968
1349313696
18242325
992310225
2522728229
6512468126
1935519656
107220109223
01273129
108148110151
187168190170
49895291
2610829109
3724542246
151107153109
130180135181
6613569137
1146211764
12801312
121203128203
1383514136
2116423167
1214920149
86468948
124124129125
1255912960
39314134
2111722122
132188135190
133149136151
6218064182
157103158106
7513578137
7420177203
174194179195
1917219474
5618959191
1648316784
126207129208
1844518747
9116294164
1209212197
1644816750
177244178249
1817420176
1916719370
135211138212
6810170103
9222295224
89629363
173247176249
5219556196
170112172115
2919731200
1374413946
165219169220
6110663108
1317013472
8318984192
1903019232
5223456235
68777178
112154114156
127159131160
132142134145
8724188244
22084210
21999199
105206110207
59746276
137158140160
2220426205
996110065
1081211313
1471114815
65436648
147101150103
820010202
126209129210
99105104106
8621164
1006610269
77258027
1112713130
6720969211
1783618138
92449645
174102176105
1758917891
22262528
179230188230
1104611347
1859618798
183215184218
41517153
127161131162
155110158112
3412436126
1432914631
192230194233
25312833
18522054
118106121108
1728917491
1311413416
191117194119
26522854
7012573127
134123137125
140614110
104710510
7814683147
1720720208
88869188
42424544
99113101116
1548915691
2122523227
161120166121
1278513086
6711275112
2810631107
121222125223
171185174187
1311718118
29523254
7217974182
1110814110
138204141206
1535415556
77847986
198202199207
1712520127
145241147244
15271630
4316647167
1378914091
27463048
1688017182
2120624207
9014091144
4215945161
48375139
4815155151
129140132141
5811161112
3823440236
11381440
116209119211
196193199195
4120246203
183111186113
1148711788
2121124212
195217
83818682
9513797140
175175180176
183194188195
134177136179
102151105153
2011222115
1733517637
1824121243
404436
1411416116
28743077
32215223
115911712
4710349105
1291510
169191172193
125171127173
109187113188
4010943111
152110154113
145199147201
01853186
83958598
9416795172
170218173220
168241171243
1442214624
1812921131
920952
6413565140
159168162170
2994101
35553956
6616869170
122177125179
711910121
4423146233
151196154197
33313534
9323395235
106109106118
137194140196
1221115213
101228102232
107237108240
1023113233
14441745
8915791160
109812100
38964099
1285413056
1021510417
559958101
119194121196
1665617057
155185157187
16951997
78538155
90899291
1720918212
13531375
880912
120153123155
183173185176
1715217255
166137173137
146169151170
6417467175
1049510698
2920832210
1111114113
61019103
8417786179
01104111
190176195177
13131345
143164144169
1013810838
793824
1908919391
190213193215
1374214043
161215165216
31193421
8011283114
515537
80568161
11061138
168155170158
162218164220
12321264
6720772208
693707
1858218784
02311236
67257625
4321045213
32185220
48214926
126105129107
100139102141
1707817379
60546256
137191139193
1315016152
3714739150
188219191221
3111233114
24842686
14461947
127157132158
98212101214
122169127170
23722773
107138109141
8020882210
1123022230
191188193190
6812271123
183114186116
2713632137
6314865151
1114311345
9421097212
101222104224
158128161130
10431743
125225129226
1786918171
51345336
52098211
11199115100
18841899
99190101193
7201022
191106195107
2623527238
50245525
114141117143
9813799140
4419946201
191194195195
104194106196
1051510718
53375441
129126131128
9716898171
1833818540
6518069181
8222887229
16571679
4511648118
174197179198
7314476146
146189147194
9311796119
1752817830
94779779
14311633
178106181107
2215925161
1277413076
176154187154
161162164164
89609361
118113125113
1013910441
1118514187
81638366
1225912461
11431175
74617762
6524567248
195209199210
6614068143
736759
41686170
58586159
3923041233
41624464
1326313565
1261712819
4318944192
1306213165
41924394
43244626
184210187212
5513758138
162155165157
1392914231
2018925190
145163148165
90839484
1585816160
178108183109
1641916621
1264612948
4922253223
141233145234
8312585128
8315384156
958310084
105106108108
7918882190
7816680168
24122913
5814561146
4319345195
670702
164191168192
1157511877
133155135158
163241165244
38244225
6022462227
194110197111
37474049
8616990170
1506615268
1573815940
52285331
7114074141
133245136247
20732276
6817370176
144103146106
4920150204
50975399
15381840
4720550207
124142127144
35693871
1297713279
2618128184
82508452
51776180
1134911850
1921019413
02372240
57936095
174166178167
184189187190
1912619428
78918093
115154117157
2821131213
14201442
8320388204
140114141118
139182140186
143138144143
15441576
160137163139
6815771158
118224121226
138135142136
6420467206
86938995
7715880160
1704317146
8321686218
1121814219
111215
12731305
6024163243
1127511477
2115623158
1622219224
195228197230
3211734120
57326034
61418143
41884291
137224140226
56965898
183214
991910221
1112711428
145109147112
175106177109
161165163167
1132911531
110246114247
74106
23182521
196130199132
173171174176
147124151125
712410126
117206120208
153169154173
18361859
15851607
1586516167
173128176130
6614769149
173229175232
27682871
54685770
1677616978
1937619677
188101192102
1633316536
123217126219
6818871189
34173918
7421476217
1305813261
144204147206
16341649
1042410726
140128144129
77898090
6819370196
1649416696
2911531118
8741076
8223584237
8324786249
54545955
9410498105
1152511728
1459614898
1827418576
194244197246
1243112733
107224108229
119183121185
01422144
198196199200
42684471
178177181179
6311132
1964619947
6018461187
3022535226
87838985
225328
141161144163
107118110120
5817261174
6217163175
126178129180
57165819
19392241
1304813251
105233108234
103166105168
4621649218
156134159136
7124472247
4918453185
01483150
34113614
6021462216
23922694
142192145194
54565857
155187
2723930241
163175166177
178148183149
148131159131
1872718929
98197101199
19262128
973810040
62856487
587609
171230172233
1594716249
1008610289
98135102136
140105143106
121206125207
3015132154
154160157162
170131171134
4121743220
1313313335
116159124159
35193721
923712239
5518759188
134240141240
117103120105
419843100
178202180205
176229178232
168120171122
2918031183
12941596
3416236165
40794381
6214565146
104185109186
6221765219
28633065
479682
98158101160
191161199161
124151126154
5815660158
17801831
1885119152
148242151243
125174129175
5720759209
1178212083
196117199119
1417614279
187184189186
765779
8315086152
1910324104
712212123
8017783178
1406714368
112208115209
1472914832
151102162102
43764678
1425314455
8651067
1851918821
8712090122
3516636171
1293613736
5124653248
082384
101107104109
1316514169
157203160205
11741476
46574959
8523087232
979210094
8013181134
1174111844
137161139164
1039010891
4822750230
85118813
7123974241
118228120230
1689517197
98184103185
1015513157
3418643186
180237183239
292307
180196183198
153715410
173244176246
100124104125
137105138109
4010343105
9510198103
1693617237
2921432216
1148211684
28603162
1319713698
5217455175
155170156173
7721073
1736817472
124100126102
102187104189
105179110180
94569658
1127811579
42214423
4120743209
165111166116
991210115
2414626148
109109112111
34223724
15531755
175199178201
1792818230
5966100
1108011581
42324534
1928619687
1024411247
43114613
155182158184
1520616210
1105211254
167164168168
2524228244
01773178
9315196153
391593
7013472136
6420766210
180150183151
1662516728
11471188
111103116104
122162125163
2612129123
125140128141
8717890180
805818
6023863240
5411556118
158159161161
85518754
107114110115
6116864170
1175512056
3818942190
23692671
1955219854
102212104214
18222323
81908691
4619348195
15901622
1511219113
180129185130
1951019613
168159169162
190245193247
3017733179
66757076
1959019892
1819618498
45874889
92259427
3810640108
173112176114
19642266
618710188
194188196190
1488515386
1248812690
14801493
1082311125
1756617768
5913064131
99100101102
154174155179
95329834
182125184128
3922741229
1392514128
1211012313
140169142172
140243142245
1568115883
2212825130
2224124244
6313265134
8111684118
164165166168
4917252173
8210785108
1434014543
1572916030
148237149241
1464114943
1435714758
182167184170
171152172157
3015732160
3310936111
2816133162
4918653187
6721270214
1143211833
145177148178
19621994
2221725218
1619816699
2319125193
25812783
8321088211
1214112344
5110252107
92389540
1361313915
5317054173
136188139190
1323415236
107208108211
19599198101
95359837
67436846
4615649158
1914419545
4823652237
989010291
1262812930
41379138
7014872151
124227128228
4821051212
6613068133
8514788149
39754276
99110104111
7222775229
639841
190146194147
6614468146
138218141220
1826718568
124241127243
145195150196
124129127130
33823783
161230163232
1642916632
116160119161
134118137120
44294631
9214094143
520710208
5616858170
129200134201
9901193
121150123152
6913171133
1258312687
155168158169
1548615788
137129139131
99226100231
32593461
7518078182
61288131
7818480187
6331034
1395314155
129202132204
1499715398
1375413857
125147127150
53425643
179247181249
39884093
65607061
96959997
6820676206
1476915070
1382214024
4222446225
126187128189
132126134129
90122
40554456
68357236
7113774139
102244103249
3615639158
186145189147
1806318365
3020133203
5616359164
122147124149
9113894139
7713979141
139119141122
1786718168
993010331
9214694148
1613116236
2722329226
1366813970
6715970161
168124171126
171109174111
117131124131
29793181
9511154
6423168232
3811643117
2615927162
181191184193
6518267185
7820879213
1010113103
196175199176
3511737120
181161184163
6322566227
1744417745
1587916180
182134184137
5310257103
196120199122
47735075
63306532
9117093172
159221164222
81938594
114159115162
63546655
12231724
10651096
6810671108
77398041
3610339104
142195144198
1995719966
7624479245
126163129165
173139176141
6515267154
182177187178
9112693129
1086211163
1462514926
7220073205
1424217243
155188157190
7115972164
1310516107
102199106200
24142815
45355036
104133107135
1964819950
195233199234
1828018581
70327334
163116164119
1167211974
113176115178
7817579178
1647216674
3620040201
12251626
98910111
8022383225
1031910720
32623763
01513153
170117173119
46424845
150164153166
110131112134
1889819399
147179148182
8911892119
270301
118118120121
149180151183
168185169190
1119611398
193178196179
43844488
1101811319
01661171
158195162196
1612216424
152174
75107811
1871719018
9210493109
78338135
6815069155
1812418426
5316755169
1362713830
149208153209
130208133210
156179159181
1409514397
7118374185
42574559
128239139239
9324496245
62226524
12631664
162237164239
9121994221
105128107130
157239161240
1056210765
711210113
36333835
1591016212
6121266213
193102196104
69157117
77127915
1505415256
7771079
914012142
82458547
72447545
2121325214
20592262
126222129224
5219757198
4010143102
146234157234
114204116207
3418038181
101179104181
186187189188
4919152193
139176141178
223724
11321222
181171186172
799980102
77288030
1656916771
8721990221
132172135173
7019775198
3417637178
138228141230
95139815
12481948
114144117146
9231126
167202169205
1066610869
1691217413
146136149138
47765078
57356236
197188198192
3291429
196105199107
4324446246
1614316346
6610667110
7221974222
9412496127
5916860171
4215645158
184196187198
5512859129
977410076
167116177116
48825184
4516849169
4917650179
01232126
9118294183
1924722249
9471150
122181125183
148197149202
3214035141
50265826
171144173147
1423214435
9623798240
2619029192
85148816
25883089
3020433205
50565358
8588710
34933795
185148188150
69637464
8511788119
166207169209
30373339
1318113286
1365813861
173150176152
32017202
17821814
1513218134
1398614188
104244106247
1022013222
157119160120
1067211073
29563258
1797218175
138124141126
153248158249
70407541
3822441226
1389314394
134135137137
1479314995
1611916321
179231182233
1823923240
02422245
115172122172
57755880
131103135104
102101106102
146209148211
193164195167
1541315518
1718120183
9222895229
11031135
82488549
112911411
121208125209
4918051183
2416326165
91799282
177214179217
178116181118
8923891240
5517157173
92229424
1712322124
01881192
1848818592
7323076232
13821413
1798818389
70527553
8314184145
1883319135
1735417655
1868918991
146167151168
19702272
80118313
170179173181
7822881230
6519467196
10251056
9511198113
168239173240
10601111
184236186238
7711580117
9115595156
140189143191
5422259223
8623888240
4323446235
1782518027
9011191115
105189106192
6019662199
178186181188
6723469237
19351986
140130144131
3723038233
2517428176
193171198172
9131115
114187118188
35723973
4222646227
5615059152
185164187166
76677969
3221237213
1192912132
132193135195
1868518888
1348713690
1756917772
4618748189
3213837139
097498
7014777147
130176133178
68237324
522544
17892290
41174320
137174138177
152125155126
016517
8013984140
1461814920
4914352144
102113103117
6824871249
169127172129
346397
45704772
36644065
128216129221
7518377186
185140187142
73367539
166243167247
1753117833
1603716240
153156155159
41978198
1492215223
1099511995
124230125233
4722450226
32426244
131191135192
1398014282
8416891168
1112011422
1303013332
158124161126
54315633
183245186246
5016752169
31133316
62038206
61647167
4314944153
20772478
1017310375
115119117121
1631016711
6324664249
517210173
44954698
1366513967
100241103243
3324236244
61406442
36363938
173142176143
131106132109
02147214
1193512137
8716490166
911513116
5121452217
2711330114
88398943
138197141199
