1753
144245146248
4924552246
29373140
147135150137
177105180107
144163147165
4023342235
61156516
126153129155
7516677168
4513249133
4017543177
1222917230
986110064
189142191144
73467847
5618059181
143129145132
653954
8951197
6912972131
89189121
58246225
1092411126
5318256183
6924772249
194152196154
1133511836
1821218514
1856518768
1908219285
129222131225
1151711719
1062310826
108241113242
6816570168
1714821149
106142108145
1891519019
9313596137
8112486125
170167173168
7223475236
171155173158
48245027
173243176245
9222895229
1245812959
313614
155167157169
164224167225
94799980
1718718190
1605416356
8324685248
1925219553
170212174213
2814631147
26283029
126239129241
1453314735
39344236
192187193190
160228163230
106169109171
184140187142
1765917762
5419755200
1629716499
2912633127
197152199155
97220108220
183233184236
4016243164
2516727170
1065210854
4513748139
2920531207
1736417567
177121179124
5619857201
5212955131
140181143183
52195323
1396014760
737759
8619188194
57486050
6022963231
86779078
163235166237
1451414816
1892619129
2313224137
4723148234
1601516715
1213112632
5714459146
8418988190
1974619948
1862818831
1113113133
151200154201
1095211154
127175128180
30633365
125121128123
123183126185
74247726
3021733219
99223100228
129133132135
174167176169
1301413316
7912882130
125199129200
1674317045
55716371
171129174131
119229122231
79418342
2520528206
195215198216
99241102243
91229423
9519697199
109243113244
140103142106
569858100
183199187200
1269512997
159209161211
159204161207
1712721128
5417457176
8021983221
71587360
660692
172132174135
2718230184
1555016051
1571615919
113172115174
174223177225
3393611
1325113552
720110203
4811051112
4614650147
161190164191
123151128152
50915393
1015210553
120111123112
2117023173
68987299
7612580126
156164159166
94529654
16871890
99210102212
02282230
28493250
69387439
1743117733
3716239164
24232724
19902292
130158131163
177243180245
7018372185
4018442186
38534254
1462114823
1611616319
8720592206
9017395174
1817118473
165243167245
157139161140
4320646208
147248150249
1194512247
5824861249
1669016992
8520088201
9317096171
8019083191
1515715360
1486815170
393595
1777118073
149118151121
157199159202
1177611881
142126145128
8924893249
111201114203
5310556107
1476414966
2615127156
177207180209
37704072
1593816140
127209129212
110194112196
35213922
96319736
183243192243
21132315
8617289174
1779718099
49315133
38604560
175226180227
91509451
1096111163
6118566186
83708573
1638716689
21372439
1617019172
72617464
1526615469
1964119943
100158102160
135207137210
95619764
1774417946
5510858110
76107813
1785918061
40374339
8423087232
286299
111152113155
6912171123
184178187180
4521348214
8914994150
152191154194
13951408
44464747
5718259185
72237326
34903792
5310255104
6120762212
1286513865
2220823211
5620259203
5811863119
49355436
5222755229
1311713518
1021811222
692994
3712641127
1081210
60286330
1271212914
5921060213
552584
4619651197
52555557
108215112216
089590
57606062
1704717548
7919783198
62049206
28333134
5613159133
1005410257
1413414435
68697071
194115199116
100119102121
5512056125
31533455
800822
135138136141
139125141128
1091411215
6411266114
1906919371
1616317166
65966799
1129511696
1651117012
6322468225
166186171187
99192101195
193298
1753417737
6522668228
1316913471
7623578238
5075111
1645516658
6213565136
174188177190
8918292184
155136158137
5324155244
164126175126
1526215465
1482515126
1719217394
55245726
1924319446
93589660
182133184136
1048410786
64436546
8313584140
30853387
19001932
166184169185
194190199191
759979100
99244101247
31626164
1261912821
1920821210
9410797109
24422744
87959296
51265428
5217755179
3216634169
155162160163
80168417
1067010972
179218183219
1120114203
162244164247
1446914771
8421486217
7610379105
175176178178
124171127173
1783018131
3997100
109179112180
157104160105
1405714359
144166149167
31203421
1378814089
180123182125
186107187111
186115190116
155192158194
180139183141
101230103232
178142181143
5313255135
190145193147
196201199203
136150138152
423445
42864489
9321395216
9023693237
115249124249
133118136120
12599130100
93249626
82308531
32813384
8471049
168128179128
65327033
6524467247
1429414795
8878910
193172196174
121128123131
82118413
19671998
9801481
80388340
152100156101
133188136190
1013210434
118198120201
114106116108
106125108128
71899192
117225120227
1755217755
4014842151
160165167165
9713499137
190133192135
81718274
35413843
13501381
3314136143
6017762180
47924995
46584960
1605216453
8621989221
1644016742
1626316565
1784118242
35533755
1332713629
2918534186
171165179165
54915793
168120173121
177144181145
63646666
156225157228
1710719109
4212546126
90809184
32086209
1761617918
1175412056
56535955
134166137168
132126135128
5724158244
1244912751
174153176155
1957619778
1712919131
7613678138
16821714
9012393125
175108178110
12801312
183122187123
4219945200
123240125242
9021292215
4521048212
1131511816
1899719299
64536556
1407614378
196247199249
6411566118
1978519988
115136117138
5919662197
1598316384
9215694159
1224115243
1446
1313713438
1894519048
186159188161
53945895
71629165
9213894141
124195127197
8016483166
5321056212
193242195245
625647
4719249194
1578516087
1715021151
22342436
2522928231
1596416167
38954197
150125152127
14431494
166122169124
100147102149
19732176
1772818129
15231725
992210224
3011831123
21952398
30313532
12401271
1415014353
4211247113
570621
145174148176
11721375
1368113983
1824521247
1678717089
12601462
5014252145
1407314375
1056710869
8611589117
28953197
193196197197
96719973
3314936151
5924364244
7214376144
7824181243
182143185144
1484315144
65906693
163158165161
4721948222
160146163148
2115322158
2914832150
1071811020
16061629
96849886
7922981231
115237118239
61826484
87139015
2615829160
163149165151
1822918531
196112199114
2815430157
9718799190
13122212
12631565
919894100
186194189196
01415142
85908792
147193150195
166172169174
8551156
1776817970
5415258153
1411417116
39134215
1008910490
145190148191
1547015573
6213764140
130207133209
1345513756
1752117823
18242225
1116612169
7816783168
6713770138
6112364125
71467251
144111148112
155172157175
9614999151
1109412094
3724240244
168188170190
7216374165
152116155118
21133116
592624
95164102164
86648866
833855
056358
127242132243
5922162223
184217186219
4812051122
1749717699
167198169200
8416486167
180178183180
162212164215
23902692
102124105125
1871518819
6816271164
4914850151
173216175219
196127199128
109247112249
1205712359
93409642
24662668
1718917491
31253427
9610498106
4614349145
174237179238
129175131178
11796118101
6922271225
8512690127
1535215654
172122174125
1886419166
1642016622
17801831
1665916862
108175110178
3222535227
2318425186
23602662
6911671118
134201142201
116175118178
186151189152
172220175221
129144131147
1614816450
197119199122
47754880
15281830
47835085
167114171115
4017343174
10671170
6510267105
1256812869
84888789
1864319144
171188173190
4324548246
1314816150
186214189216
6010262104
162226167227
4323743244
122161124163
1110015101
9624798249
190125191128
1308713389
1627716480
1942219923
56566057
3815941161
5816259166
188122190124
150170154171
191180193182
61726375
43324633
1199612099
102192104194
137113142114
8816891170
1501115213
1564616147
18661907
124224127226
1058711088
172206176207
8923290235
189247192248
96929994
89810101
118126120129
4918653187
117191120193
7619978201
9021793219
8810690108
129107131110
54585759
61416343
182212185214
142109146110
044246
5517060171
1654916751
51507152
3324036242
4417751177
9617999180
5422157223
7711073
9019994200
3111134112
1312313624
6319568196
38244027
84498651
1009810599
1604316345
1215412456
114188116191
1099511198
4718148185
35283830
2224627247
9122294224
6724170243
137175142176
114139117141
5617759179
180194185195
140222143224
1937419478
45864789
1746817671
1784318543
177135179138
191157194159
3823641237
106155108158
152188155190
134113136115
713912140
527549
89479052
6210965111
51245425
3315335156
166229170230
123132125134
1602716229
1304213245
195198197200
191214194216
369838100
01483150
4210045101
5213954141
158124161126
162117164119
41654467
1863818940
5911061113
1204212344
1031910620
196241199243
1465014952
77538254
6613368136
121213123216
173173176175
2416227164
1016110364
119172123173
9112994131
1725617558
8111184113
15801882
711310115
38824184
6914770150
170150173152
7211073114
1411514417
9318195184
127161129164
13599138101
15701971
156239158242
2514727150
1018812190
195146197149
1949619798
56855987
1312113522
5616759169
39444345
7922582226
20292331
839986100
1467514977
1813418436
6520768209
23572659
8441145
74587760
148232150235
26872989
125144128146
1462714829
51968198
129136131139
7518379184
160116161121
111207112212
1443914641
2221425216
1207512377
1714317346
1888919191
22722474
01632165
103179105182
483505
38644067
6117565176
9513897141
1695417455
14031434
34663767
1431814620
44244726
3812841130
119221121224
1895119153
165246168248
1974919951
5813561137
5910761109
46124913
115150119151
167208170209
96154104154
1321113513
5789
109140110144
113208116210
184209187211
175111178113
7317876180
8913391135
1004510148
111136114138
91899491
1197812081
67787080
136123141124
2817431176
113117118118
6422967231
1845718659
1513522135
1186312065
122174123177
99106102108
3214434147
54195720
1102711328
4218944191
5423356235
58396041
1485515058
622710228
867970
117107122108
1953619937
55365739
149217152219
1913819440
57736075
115121118123
9616698168
1823820240
7711079113
17621794
1953919940
7921681218
113211115213
130195132197
1374414046
163170165173
1722317425
79318134
110120113122
34633765
34843786
29683269
8810191103
975110052
30563258
156220159221
1527815480
9417596178
4584710
1003510337
1142711629
2924732249
198181199185
13141616
7022773229
60526354
121199124201
4521750218
46504952
41934694
164205167207
1492715228
11741206
164146167148
175101178103
184181189182
8410687108
1447814680
3516538167
6124064242
193111195114
2517527178
24962699
83348537
2416527166
65346737
160221165222
1316115163
92189420
48145116
131246133248
14201442
10921493
4213044133
9412097122
59326135
4119443196
127158129160
51465647
4121844220
3712042121
89299132
8623689237
161111163114
146129147134
189161192163
902924
87408943
113711410
57816881
140209143211
41904492
8721289214
186184188186
151143154144
6115762160
923711239
128165130168
167816910
171109174111
106210108212
821310215
8222883233
1236012662
1219112394
180197182200
15571579
108115113116
179114181117
140129142132
131186136187
19151938
1361513818
3313644136
161141163144
1469215193
115205117207
196227197230
1323313435
39284131
107181109183
1721620218
130184133185
159237161240
1248912791
172112174114
113218115221
156247158249
2017922181
1520418206
5415457156
1908619388
195161198163
981910021
2710030102
5423056232
1478015082
1717518179
78248027
106234110235
1652916732
132149135151
119211123212
148122150124
6920676206
8220686207
72099212
77298030
183124185126
8112684127
189136192138
117105122106
1487115073
58266227
95109911
1816318465
183170186171
01442147
304327
1024010541
1613718140
191592
1895419057
1517115373
101235103237
150236152238
1507415276
6621969221
1247412676
3710539108
66556956
72657468
4521946222
8117884180
1065710859
103183106185
140164143166
6019362195
103147105149
189202194203
172117175119
137139140141
7581060
1384114143
101207110207
172136174138
132217135219
103174105177
8510986114
8510187103
3513440135
182160185161
15591761
120209123210
1912419525
1216415165
2823331235
147101151102
4917452176
33473452
190222
182172185173
1303913540
3624738249
170214172216
5211654119
75407842
112169120169
140136143138
194236199237
120102124103
1414614647
1293313135
121144124145
158174161176
5920563206
7913782138
166103168106
64516752
1515518157
64386839
1957419975
184241188242
583786
5120454205
7413479135
9114694148
1783418036
50505352
9520196206
1821921221
35474048
126107128110
7222075222
1419918200
7413177133
14571758
1646916771
187166189168
110128113130
2610629107
1294613149
125179126182
830861
198196199200
6511970120
1717517377
5817261173
185226186230
169217172219
1310415106
3721640218
111204114206
74106
2814431145
1523318235
1833718539
01114112
1561015912
167154168158
141179144180
70117313
169220171222
143101146103
1518715389
163616410
6510070101
1088211085
1671917021
151195154196
95159718
193138195141
36324033
5619459195
8316985172
3719240194
9011993121
90739276
134158137160
3421936222
107131110132
4913551138
7110674107
1316815171
154182156184
52895590
44614664
196239199240
6614168143
7522978231
70427145
4610049102
128103133104
12251328
1285013152
1313013432
1956219864
106146109147
9018793189
1575415957
98139100142
112123114126
56885990
122147125148
117147119149
66416943
1808118382
35514052
050551
156179161180
117152120153
1117616177
15851886
7724480246
5712060121
2116523167
171182176183
1815518556
159232161235
2918732189
5896011
102244105246
95909991
80578359
140133143135
7321575218
152145155147
47634965
158167161168
10281131
70547256
1326313564
4312348124
1564816049
102199107200
182109185111
12441276
68346937
159245161248
61616363
23852587
937810278
61796680
100213102215
7019874199
162201165203
187232190233
156232158235
98155101157
128118131120
184130186132
720710208
1506215167
148114151116
1201712220
172247175249
1783218333
143214144218
162238165239
8014485145
163154166156
2012922132
5614858151
1811422115
3013434135
172146174148
23252528
074177
177149180151
1385613959
7519678198
1106911272
9016593167
5813861140
6617368176
136222139224
19599196104
6810270104
1137011573
71277330
158171160173
1922819629
79458446
41504452
32393441
1575815861
4720450206
43144715
138162142163
2814131143
6416367165
130200133202
175234177236
4619848200
160198161203
1443614738
1837418576
5115756158
73357637
1644316646
160224161227
7201022
54215623
192123195125
139151141153
117104124104
01131116
39104212
9621599216
7124173244
84238626
9116294164
6617768179
118140121141
1019913200
112228115230
5416557166
136172139174
111177115178
1152612326
124207126209
1318514189
8419185195
136218138221
132203143203
15851599
152164155166
1419518196
1889519396
1348413686
35383840
2214225143
84548657
7741075
34603762
78557960
1217315175
4018741191
2623628238
110191113193
4222144224
156212160213
6521068211
1848218684
815211154
66727073
2312926131
2414027141
193219196221
173171176172
110168120168
148208151210
516010161
137120140122
02353237
14501482
8520288204
1006510466
121118124120
2811531117
1609316296
113142116144
21685169
139213140217
115246118248
184264
10531354
149189151192
4912352125
86828984
8512187123
52336237
919511198
166219168222
6915971161
0031
3211936120
8614688149
1647216774
6621369214
111131120131
1127711579
1308513386
160149162151
113185115187
194194199195
128101133102
105136107139
1910320106
3419136194
1624219244
143139145142
38924094
165190167192
14898151100
1686917072
114127117129
6723270234
125114128116
4221547216
6824571246
139218141221
9220997210
1087311175
64306931
173160174163
105106108108
1255212755
156147159148
116171118174
7131014
158130160133
1655216854
3623537238
156229159231
8710990111
15711584
5513657138
88889090
6621771218
169103172105
22632564
1511818120
4122543228
50635265
189101191104
89339135
11131213
1671617018
192101194104
191177194179
109228111230
75447845
1695617158
193121196122
2322126223
059360
77508052
95969898
81218622
3317035172
4510747110
1698317285
9017693178
2012222125
148229150231
3811241113
2917132173
192142194144
153216155219
1684917151
76147916
3120335204
3415739158
1902019421
68877189
56635965
1173912240
179166180169
4924152243
4221244214
2613329135
108136110139
1958919990
103105104109
73917593
0243
181203186204
174150176152
169132171134
35494050
579682
143175
175199177202
5216453167
15301562
4217851178
112170119170
80478548
7615679157
145195146198
26632965
191231194232
115197117200
6512168122
143171146173
1744417646
121121124123
12831315
5712660128
195222199223
159192161194
182112184115
1122311426
4724750248
16941897
2220126202
8851286
1311015113
7417275177
657689
97259927
83818584
1002510227
18501864
5314257143
75637865
188258
143143144148
116232119234
1424314545
122137127138
02151220
4317943186
2923631239
123227126229
6315871158
455757
6621571216
113223116225
129111131114
8714091141
1744117743
1922619627
673724
189170193171
195224197226
150182
9321198212
1945919761
115137
170717210
187212192213
176179179181
4119246193
122222123225
42016203
1422718228
130233133234
72449246
64106514
189220192221
596798
6512468126
10891391
4210245103
153214158215
117163121164
179240183241
427449
190152193154
169201174202
4512746130
53295631
94279629
8513786141
115158120159
12331535
29193819
144227148228
59926493
9411898119
69907291
169238172239
6914071143
7816283163
11221424
4316545168
9421797219
2122924230
154156159157
92879588
8716489167
1424617248
117911912
61576558
146140148143
173214178215
126128128131
2317824181
9111194113
7813180133
2611829119
1601116313
33583659
51375438
119186121188
1468315383
98217101219
52155418
01363138
117114120116
168225173226
9614499146
87229023
1954419648
7381040
194107199108
1223117232
19441995
2618528187
5513957141
139169142171
1808518486
1687317075
1626016562
2018223183
174104176107
1334413646
14398146100
5921462216
1920322205
84678769
3819941200
02013203
138158140160
1182112123
179212181215
189198194199
1672217024
118109119113
9219694198
168206171207
24932994
32223424
7720880209
1747217674
1257013071
85168818
110224112227
166107169109
8017383175
148239150242
62326435
629638
189164199164
123106133106
99104102105
8721589218
1415817160
197178199180
3914040144
817411175
42294531
1244212744
1237912581
188139191141
27903092
44754677
3217635178
31215123
1725917561
183196185198
458661
109124111127
50585360
87979098
1167211875
4921452216
93729575
183119190119
43114513
178189180191
154130157131
73557557
102216104219
18342136
1315116153
124214126216
198100199105
152205154208
137233140235
1019112193
4010744108
10321137
1414814649
5022551229
10251056
138197140200
167170172171
2614227146
124124129125
2813632137
1872018922
177203180205
150132153134
102247105249
5624657249
187234191235
1289013192
40614363
81498352
72328237
69167118
3924742249
1596016163
1164111942
125117127120
3811642117
02444245
118138121139
1488415385
117189121190
6711371114
1716817371
196136199138
3424535249
16801731
164142169143
3221435216
61866488
167166169168
137188139191
1587416077
24532556
6018162184
29353436
125101127104
105120107123
1019110493
8314685148
2512628128
26102912
17351767
112132115133
02383240
181104184106
1483615039
75667768
7318576186
142122145123
109134112135
112134
1572915931
1878218984
7617279174
161128164130
3613139133
7817980182
147245150247
193109198110
193246195249
151198156199
6718669189
3421239213
135153138155
41377138
172100174102
8720790209
3617638179
054355
158195163196
93669568
128169138169
181201184202
142154143157
1211512516
1152211725
110117112119
101208106209
95559857
3310736109
59126214
124231126234
100101107101
59666069
120147121151
1720718212
164138166141
156177161178
111233113235
915512157
7019373195
3511037113
161131164133
107184110185
150161161161
01591162
133196140196
185133186138
196141199143
7923682238
2311426116
138164139168
1348713689
47285030
97207100208
1537415775
35353837
7510778108
2215923162
6513968140
1417815181
31315134
198224199229
406419
10899111101
5116052163
6114163143
1324713548
57446245
17381779
3124032243
2620727210
182116185117
14199142102
1432714529
51938195
6224867249
3513738139
71837385
74817783
4010443106
3317336175
51756178
3714939152
92109413
1886719967
77317836
1513915640
167138168141
