1777
102151103155
51595461
170126175127
172100173104
1126511368
169144172146
8522290223
115197118198
8419787199
147224150225
4614749149
39544355
2916430167
985110153
164215168216
430462
178100183101
1424717249
1116816169
102137104139
52315533
119203121205
5419056193
1698917191
1607816281
81298332
82348536
5721059212
114189119190
6412667127
15761608
99213103214
1137011672
31913394
167137170139
1506015263
2218223185
1146711769
773976
4723650238
11498116101
23202622
23102711
137121140122
2513727139
7024074241
28163217
1846518668
110110113112
106156109158
9201221
186161189162
92124
0527
145217150218
5412359124
140212143214
14601492
28343136
4419348194
8721892219
178165180167
1166411966
1909419396
9522598227
35943896
33783580
110160113162
1327213573
19112212
122178125179
5219456195
42154417
187122190124
44274729
8317684181
8818690188
138114143115
5018654187
51357138
16301662
59266228
1922421226
7417877179
2918032182
73377838
1928819589
785817
037239
5312755130
99195100200
192238194241
173131175134
1063610938
5518558187
163224166226
8724091241
1827018771
178177180180
1115811361
187246190248
41705174
70327334
95809981
98137101139
5712060122
1935619559
87818983
4919251194
3515840159
116234118236
1702717229
185103187106
1743617639
31666168
6914071142
058360
8423087232
101192103195
117159118162
116237119239
1991119918
1517215375
01563158
9223294235
195238197241
22632764
1218414187
139134141136
8722689229
16481752
123136126138
130208132210
1478515286
7216974172
6210365105
186138189139
178236181238
8114283144
18001832
13871688
3612038123
95529755
4212545127
79848187
2419925204
169204171207
17161748
3214634148
126172129174
8516288164
9416696168
1506515367
24572759
2818635186
1806318265
57126014
1641916622
174247177249
157148160150
78598061
173114176116
115138117141
15701772
178918111
12021234
20282231
14971799
178213181215
138189140191
47265626
1771917921
144137146140
80748475
1697517178
1516815371
5520457207
82108512
199162199169
4021943221
4324245245
2319026191
134119136122
2922931232
124197128198
1562715730
11797119100
182213186214
1319115194
114211116213
149146151149
104213107214
78528353
13651397
1316213364
196222199224
181121184123
69747276
135230138232
1033310635
1848818691
160157162160
173197175199
20662269
132174134176
4917653177
8311386115
63256627
134241136244
158151159154
167223169226
1093011132
70487350
104112107114
218420
190218193220
132125134128
1276913071
1017210474
764779
1769117993
38524353
1707317574
7615379155
1276512968
6012569125
7322175223
58396042
25312734
149177152178
7818082181
1124211543
196118199119
5517457176
1912922131
5917860182
1139412394
4811952120
101230104231
1123714239
146120150121
32383440
6196410
1431814620
1451514717
110135113137
2082210
1468715787
99240103241
1818018383
88648967
43684869
167120170122
185237188238
1355713759
121141122144
01153117
1536315664
12461278
1615219154
97182100184
1221712519
214810148
154152157154
01224123
1184512047
197210199213
198238199243
194230197232
1481515018
1552115723
01133114
136106139108
14161438
1019810599
43614464
59376338
7013672138
1214612447
18031835
1911619319
1516217165
152114154117
1376414065
149184151187
3721640218
62308232
7514280143
51545456
456469
1443314735
9211695118
27132915
4421946221
1559715998
172110175112
81628364
128142130145
118182121184
8124684248
37124013
15131544
190239191244
68827084
5417956181
87938995
119161126161
145147148148
60236225
1703017233
87298932
80548356
1364213943
153210154213
125183127186
174154177156
1829818599
1346213665
146102148104
170166174167
1625716658
110186113188
3321936221
180229185230
23352637
142914412
144111155111
104177107179
3910650106
118225121227
8912192123
181176182181
167186172187
151218154220
8721289214
5315356155
1099311295
3718840189
1015113153
165146167149
4213943143
1674717049
02122214
1303413236
9513697139
37104011
4623947243
161218164220
6114964151
103121106123
112207115209
139139142140
210232
1614417148
1434114544
119147123148
8323785240
80148119
6920671208
2310927110
166169168172
8120083203
1623316535
100218102221
3824140244
28643166
186181189182
1658816692
812111123
9224395245
6719872199
155197156201
16241925
2713430136
1124011641
98113101115
1909219493
149193152195
1422114523
4418947190
1820821210
92409442
7120973211
186159191160
112157115159
9010792110
63546556
1462914832
154221156224
54895791
152175157176
14571660
141187143189
146192148195
820852
46845185
1363514136
1382914031
1074811050
51757177
01853186
191162195163
168123171125
3112034122
33493850
2310225105
1145811661
1333213634
6423965244
116129118131
8517888180
6813071132
32446246
72647765
01374138
5312055122
7416077161
144149146151
3317635178
114136118137
4510847110
161154166155
149139151141
1218115183
8417186173
2712130123
142198145200
5822160223
176206178208
167208170210
107129110131
74967798
2021722219
132189135191
2011422117
138132142133
141142142145
172135176136
999310295
104163108164
4422646229
161214163217
6214666147
8820691207
1326013661
100146103147
1036510866
7012373125
2524127244
12401263
16731695
194105197107
5821361215
1448514590
27252928
1154611748
151216156217
6720471205
1333513537
99120102121
92109512
2317526177
4614448146
1963319934
18931925
97207100208
02223224
103217104221
1291613417
1667216974
1614516447
6119864200
156187160188
9420997210
173917710
1245912860
118230120232
7941295
9720499206
29313233
3915341155
130134133136
1088711288
102233105235
16331835
128110131112
6322467225
172244177245
5224554248
4719850200
110216111219
3715641157
138215143216
35333636
1802818131
65866789
69567258
2514028141
34633666
1732417626
196162198164
1279713098
192155195157
140152145153
122157125159
31245126
155144157147
30453347
174232176234
14031435
6322866230
2812831130
131216133218
127135129138
122204133204
121241123243
3313836139
1295813161
198123199128
143165145168
37834085
5123453237
0032
1772217827
7423777238
63686570
148226150228
47814983
1548815593
8791280
85258827
30254125
1275312955
02363238
1214812350
1897419177
50805382
174171176173
4824751249
20402243
125124128126
77348036
9115794158
77177920
76677969
168112171113
103197106199
15111713
9314595147
939794102
1110013103
1312113422
59156118
783824
4417146173
1736817472
4112244124
106129
131101133104
5121552218
114134117135
569858101
100209102212
15281559
39684270
1655116853
1746317665
1079111292
61938195
187127189129
152181157182
7824380245
173128176130
51235425
40214124
1597616277
116208119210
177114180116
7622478226
129199132201
98171101172
177194180196
116217117220
110132113134
152233156234
8717090171
1717720178
62166419
164169165174
4410047102
154155155159
146165148167
9621198213
2018023181
3413137133
150166153168
519953102
4215646157
183231188232
18761898
1941719620
1124014242
1382514127
1181412115
20442246
2220624209
1824720249
110117113119
171128172133
124168125171
195245198247
1175312055
108179111181
80218721
5717858181
178153180156
179219181221
996110462
1522020221
1433014532
76797981
90969298
2914932151
86688970
70447545
50215522
1075711059
6624871249
9613199133
109203111205
33573559
57785981
2610629108
5317157172
64386839
6012663127
57715874
181201183203
81578359
172174175175
156230158232
78958197
182235184238
143245145248
106236108239
6121663219
7123074232
61946397
194127195130
1967719978
142146144148
1024910551
9618699188
169215173216
178189180192
1716017462
16671969
6218467185
90299231
99215102217
1598316285
111245114247
2716328168
1711617417
1368814089
1275012952
1175712258
45184621
169917211
156157159159
6316468165
161101164103
16362037
174238177240
313345
1789718199
1452514826
520822
1415925159
1056011061
2618729188
667870
12599127102
41566159
143158145160
36263928
1107411376
77928592
79888190
41168117
120108122110
165217170218
117119120121
2821330215
7818780189
19061928
6317364176
1914219444
1963719939
99224100229
106185109187
1744117644
57576059
1424417246
107120110122
1065210855
68907192
171154173156
51425345
133129136131
6624268244
7624680247
7221975220
1751317914
154225156228
6913371135
8518188183
9019092192
192168197169
4513248134
1255212655
13101342
1292813229
6922172222
196141199143
3516736170
1591416315
291332
1477715079
20572359
5423556238
6513267134
6120663209
14398146100
159218160223
1013810440
6110863110
91609362
1621616321
1138311586
74907692
8310885110
8917890183
153193155195
143161145163
90509352
1377713979
58906191
1136211564
183173185176
2823931240
488889
1733417735
157106160108
6824671247
755958
98134100136
32273529
32683371
839885101
193174196176
01083110
1489215194
114221119222
107192110194
185487
22242427
1414415149
1715317554
4912252123
172202175203
47494952
6219565197
103115108116
1985219957
3018734188
103104108105
1959319895
95949697
6918372185
152148155150
171157176158
7213274135
60516353
146158149159
1026910571
117249128249
120168123170
176197179199
3223633240
54785681
149102151104
45444846
9410398104
1626916570
1711317415
126167128170
193194198195
2811130114
026130
109242111244
40284329
1338913592
8115483157
549755101
181189183191
8324186242
15511583
1445814760
6910572107
221423
7015173153
122111125113
560611
27963098
135154137156
161238163240
8421686218
184222189223
1641416716
85878988
167188170190
157214160215
8421986221
8016484165
9118093183
161161165162
7919084191
1335413656
470492
1477115073
6418167183
1745717659
1574816050
18431875
103244108245
1748017781
6023863240
145116148117
168158170161
1212912431
104181107183
599861101
21325134
37644066
1288513286
8915190155
1678916894
156194159196
57456146
177130182131
1305313853
8911993120
1095111154
1114813150
189191192193
1412315127
7916684167
1977119874
1462114923
34673868
1654116646
170202
81508651
172204173208
140107141110
141122143124
12871318
6113564137
7016173163
1179012091
175107177109
167237169240
195110197112
9313294135
1639616897
73767579
5515658158
16901991
186146189148
9523397235
158136161138
4413747139
1234112643
144215147216
8810292103
1347613678
9315396154
2321525217
24972699
1422716229
1320516206
5314655149
5117454175
1723617339
134203137205
33723873
121244122248
91159417
985510356
18491952
72727573
152129153132
4823951241
1921219713
9211195113
14241527
9411996121
151224153226
7610979111
123132126134
63626763
7813385133
9517798179
62926793
8312585128
1437314675
5110653108
4921052212
1788118083
1479715198
6910172103
1138911691
130192138192
67156918
121121124123
1564115943
168147171149
189919012
160241161244
1128011482
196155198158
100159102161
195196198197
545558
8218284184
12099122102
101132104134
192202195204
49735474
82768381
1501015411
137119142120
62906791
43324733
85818686
196201199202
8010182104
16531954
149239152240
1547015771
055357
5119853200
13781581
1673417235
1352113724
180126182129
6113864140
53135614
3424037242
122165125167
61316433
653954
112236115237
17561778
2414927151
48635264
274288
112181115183
2818331185
5411157113
166205168207
1257412678
3317936181
3813341135
7720984209
101177103179
120171123173
2811531117
2615928162
131186134188
108911111
9222394226
111120113122
39614263
51175419
5524860249
129157132159
8724290244
8820390205
3618538187
9215995160
103212113212
1717420176
1637716679
180239183241
21602462
7816283163
4024743249
42394541
2418127183
6524567247
19001932
36233924
98126105126
3521138213
108229112230
1903519337
1504515347
147126148130
172122174125
1314115143
23882491
1404214245
2621029212
154244155247
155138157140
8514686151
1887019670
1851818621
126206127211
3817141173
92909592
23652766
159249166249
458660
169196170200
833856
167219170221
196170199172
2717529178
9112993131
1382214124
922711229
1762917931
155121158123
11341166
8618989191
186153188155
54425743
100186102188
7422777229
1787018172
148142149145
3911342115
48655266
2020323205
8118784189
093296
139201142203
110173113175
1262612829
95569758
133137138138
011114
916412166
3923441236
998510090
1833419434
1848018782
3417337175
1166212163
114172116175
110220113222
5616159163
5410257104
21362239
1492415127
126105128107
1502015223
131247134248
1805518257
182145185147
967610676
170106172109
6321265214
8812489128
181245186246
01671171
140233142235
5710860109
5518257184
3113436135
53655567
148232151234
196120199122
9520496207
1306513367
6822570227
1324713648
2014525146
9021393214
9116892172
1533115832
93249526
2511627118
3520238204
1614119143
9714099142
7613078132
1783218134
1648116782
4913252134
2914031143
61436544
8814191143
7517178172
54755777
164104166106
3412637128
115195119196
125139128141
105169110170
3220637207
66196821
187233191234
189175192177
1619117195
90189320
957989
124240125243
101180103183
74467549
135103138105
109207111209
622645
104144106147
5213757138
63486849
134179137181
1120112205
176104181105
51638165
4914352145
3222735229
1822818333
4316346165
196216199218
2617228174
3822540228
343546
122182124185
1144911751
134222137224
4715650157
114160116163
4022242224
21614163
1732717529
29304030
41654467
140165142168
163247166248
1748217783
1964719948
7614984149
128206131207
122226127227
818511187
86388840
1177212074
1737717579
1209712498
1498015282
6422667227
133112136114
5917662177
6122064222
56525954
1683617138
177216180218
174163177165
1864419045
219923101
8711589117
51297131
72157418
45224824
178106181107
1651116813
160196161201
103227105229
4320946211
180110182112
3316035162
180108183109
188240189245
32113513
736759
1720019203
1515518157
178158181160
45504653
118138121140
165185166188
2821832219
9224795249
8631364
168135171136
44424943
9118494186
178247182248
151119152124
12481550
31843287
1236612668
105140107142
16731975
6415771157
12611662
168213172214
16151646
189152192154
93359636
19212223
93379639
7310675109
809882100
6917372175
7517378175
77747976
112911510
1064611147
183242186244
1897819279
6015563157
3617639178
1319613497
1916024161
114217115220
65336835
8714890150
65306832
153118156120
1617416475
189215191217
2013421139
62079208
6714468147
1699217194
137111140113
1059310895
144123147125
1933819540
6215965161
114152119153
149196154197
183192184195
163228164232
84288631
4414049141
1215512456
1601116313
14201452
1775417957
46104911
1213215134
9871288
819913200
1922922230
70107312
1533415437
1592316125
1401314514
9312296123
48785379
143193145196
149127152128
1812521127
20902292
1623719239
88469049
129125131127
6517368174
02209220
6523668238
88589060
1810721109
394696
2813131133
66707071
2222324226
4322245225
3920442206
6914472145
1768717989
117247120248
1816326163
1464414945
137227140228
138221141223
8518486188
25782880
7224675247
190170193171
1478315284
153126155128
69367238
110140112142
1695017252
4120044202
2010422106
155218158220
01431148
89359237
159121162123
1729017990
1524915451
100105102107
125219127222
9522298224
1801918221
177186182187
1898819191
1779518196
2511930120
455657
96599960
7616479165
162129165131
1225212454
136171141172
1756117962
3110334105
109235111237
57356236
167241169244
11751477
2314326144
41774478
14531504
7811481116
157161160163
1054110843
108109109112
9213994142
134213136216
128100130103
101175105176
4023743239
36403842
1694317146
161230162233
14431645
7921783218
82968797
102148105149
106225107229
1456114863
1391014112
113142116143
1483615038
7424877249
1094011143
162146164148
1338313685
113228114233
13801394
183211187212
50505551
7118074182
187140189142
163234166235
176175180176
1729117394
9319995201
99244100247
313814
192225197226
01392142
2114726148
1625416456
167247170249
4481148
122128124131
1596316763
4419545199
169103171105
9841186
17571959
2324526247
117124120125
27682970
6919072192
3610638108
16761978
132171135173
103188108189
9451147
9624398245
8311888119
7414079141
56326033
3024535246
112167116168
1547415775
129105134106
1077410976
3910750107
83408543
109182111184
1546515668
1642316824
71519153
65467047
164118169119
18601892
9418096183
1515715459
1384014241
135158
8722092221
1701817221
194114195117
137158139160
34463748
115191118192
20762378
10041036
140162
112178115180
28103112
184216187218
61576459
5817061171
6921472216
192146195147
024525
2021324214
1808818390
113115118116
1885519156
111154113156
106223115223
109113112115
61686272
155112156117
117103120105
115203118205
1421514417
125119127121
10531256
2222024222
186183189185
194178196181
164191168192
131144134146
1706317364
128214131215
12399124104
144211146214
148122150124
120208123210
1325713459
196137199139
75137815
175178177181
1368013882
4712652127
7117675177
157234160236
629864101
2317027171
1513815440
39434245
107123116123
146202149204
1152712028
130160133162
7213075131
90121
1518617188
7220777208
7621978221
5720860209
8614087143
4419147192
3722039223
161221164223
182104184107
1816618369
5313456136
61187121
3716942170
157168161169
27213023
6414374143
6615169153
169150172152
1317413377
3618239184
1803518337
113238115241
99102101104
63756577
5411459115
96869889
9517297175
6514068142
1316813371
1529015395
8913891140
1551115714
1512815430
1749517697
29753277
6420565208
14631666
124148127150
176141178143
1014110443
184116186118
32643367
1176012061
46124913
1617116572
11271178
107219109222
173144176145
8123382238
11671568
4122643228
040342
145107148109
514910150
812911130
1894819249
4823253233
9619898201
2923631238
1827418576
1676517066
1217012472
132219135221
6510068102
68937194
2910032102
161128170128
114184117186
140105145106
718810189
146219149221
114117116119
183128185130
45784780
106175109176
154170157171
62456447
3424337244
4910351105
7822880231
106233109234
1887119671
6184
90929195
173151176153
144179145184
1932619528
44544855
146181149183
1347413775
6615869160
2312526127
1864018942
5718959192
1012413125
22056206
9521498216
1411217114
62206522
1465314955
125236128238
51465647
1125411556
132163135165
8522686229
77247926
34603762
128163131165
1709517397
1406914470
1024713249
133238135240
4623050231
108213111215
3714241143
167166169168
120186124187
71667567
128183131184
7912782128
114154117156
7019375194
1429514597
182219187220
6223466235
01052107
124145127147
2116426165
4416647168
133157136159
1255612758
7320175203
126187128189
161107163109
1667017071
195150197153
140194142197
43585458
4320445206
65137014
5416456166
1608616388
57476049
1818518487
58196120
49675269
96129815
106201108204
64366837
1102311127
5719359195
88219024
21434146
178249189249
105230107232
127131130133
5214157142
121231124232
183125186127
1593316135
1485615059
195212196215
109189112191
10351138
1438114390
1078111182
1066211163
927949
183158185161
1351513817
43714574
55566256
3423536237
153121154125
53685669
165222175222
1067211173
1096911271
1529615498
8122883231
141149143151
193233198234
3024733249
91839584
01642166
2213424137
1708117383
9101212
163189166190
149115151118
1162011922
3624539247
3311436116
191186199186
709771100
114120116122
1523318235
106124109126
146247149249
1537615877
1218412287
184119189120
17621964
1906419565
3567
94499651
02282230
49285230
9412998130
133199135202
1185112152
180209182212
160129161134
7310584105
156204157207
136186139188
1375514256
1583616337
56825786
1007910380
1411517117
369939101
9217394176
1864618947
9721899221
175182177185
1498815389
28583061
4011043112
4010143102
3823241233
21294131
11621193
89259028
190222192224
162243166244
5110953111
101207104208
3622939231
1851518717
5913360137
42217222
193222195224
1787518078
177119180121
195227197229
153142154145
150203152206
5416755170
9011597115
4311648117
7122773229
193108197109
1468814891
23292830
6921771220
29373140
8122083222
9220594207
2417826180
8721589217
9416997170
48755376
1739817799
4223045232
5524258243
7619678198
76777978
187186190188
9961199
1153211734
1619621197
1805318554
122221124224
1657516876
4223344235
143128146129
6223164233
1181612118
1211113114
128176131178
8515288154
165211167214
186195189196
8823090232
162241166242
4020745208
149107151110
136168139170
185100187102
7322475226
1945219754
59946097
17861818
190181193183
24752777
35373739
100233101237
6021062212
1965519759
160116163118
4620448206
1773617938
5612958132
8516588166
1948119782
