1800
104184106186
1092211124
15321834
2617529177
144236146238
4619149193
109244117244
1537615877
1137811483
1489115193
99116100121
27533055
164218166221
178177181179
179216180219
153230155232
160103163105
2416527166
129222131224
196223199225
197231199233
168145171146
141172144174
72827584
1648516786
42514454
1586516167
31596161
997310773
177243181244
1634216644
164105167107
8122083222
33213426
036239
5616658168
8624388245
1537215674
92879489
193146195148
1573616038
87488950
6315272152
173202175204
189117192119
4920551207
1136211664
164110166112
1602916331
1917919382
1199412296
3318534189
121168124170
114158116160
1718819190
4120443206
4319746199
6611869120
171207174209
13299134102
109242113243
55265827
196102198105
513564
145162149163
02411246
6813968146
162364
1259512797
1696217264
97165100167
131108133110
71177319
20112313
4219343196
3319036192
1659316796
97609963
1127712077
45924795
170191172193
136119139121
7722780228
1879019092
191227194229
76737975
67817182
131215134217
1297813280
3119434195
37904191
9118994191
1812521127
176125181126
1936219664
72797481
1195012152
1191112015
136217139219
8221585217
131228134230
1518615389
149134154135
1461915120
102170105172
7513277135
170114171119
186175187180
152197154199
116114119116
124129127131
5711260114
4821753218
24682571
91759477
1319117192
2312924133
1915124152
36653770
71859188
11881489
128249139249
103151106153
191232194234
1308813290
85659066
9017295173
34513753
8117283174
902924
1071310915
117169120171
141177142180
101128104130
1724619249
48645067
923514236
2319326194
80378339
1714817251
9510798109
1639016692
115111118113
1484615048
2318725189
1372914031
1295313255
74447945
180193184194
4716150163
1458814791
123240126241
62106413
179198183199
6111764119
810410106
1091510
184111186114
41846186
181229186230
8251326
1136611668
167158170159
105236108238
1188912190
81658367
48115014
1936019861
120148125149
145208148210
167136169139
131111133113
175180177182
1423914740
94109712
1658216784
156118159120
182174185176
1315013452
4720050202
125172126176
12541655
72009202
1001310314
2120924211
7914981151
9522697229
1213812341
7616377166
38334135
1501015213
175197
8913391136
5014557145
8520287205
1158011783
9321296214
4316748168
115197118199
8313886140
34343736
180237183238
1684417145
3424139242
127118132119
5016852170
52345536
185137188139
1462114923
51916091
133138136140
183149186151
193125194130
8323686238
1661016912
28753176
772804
6311366115
1233112633
4511448116
5324155244
38684170
174109177111
148226150228
1979219995
3410737109
9519997201
3514237144
192240194243
197226199228
2317028171
3217735179
1976619969
1353913742
1194212144
133125136127
149149152151
13841435
934210042
611211113
17751806
125162128164
1176311966
18301881
41744377
1546515767
143239144242
1916322165
1334613549
52945595
3511538117
85488652
1346213763
186207189209
144181145186
2714832149
144103148104
11671199
1474114944
175240178242
180147191147
11592164
5922264223
4819651198
1261912920
125123130124
10941116
171161174163
20892291
194154196157
125177127180
109245117245
7410779108
99212102214
189239191241
9613199133
56835886
48295131
15271559
111143114145
4814151143
60566358
1822020222
4623847241
9514298144
138168140171
65736775
8419887200
1564415846
8015882160
183124188125
7413677137
180918211
1755817959
1025110552
138226141228
1068310984
8611488117
105177107179
7423675240
8522786232
81158616
319833100
91829484
106208108210
196164199165
01153116
9318196183
1846118664
1897919083
079282
1520318204
174190176192
168147171149
88249027
10201052
98113101115
62706571
1818818490
72637564
9624597248
178163183164
145173149174
1013910242
160243162246
184140187142
1092911033
141164143167
1104311345
175148178150
5220254205
104193106195
100247103249
30183320
8818192182
4415847160
118232121234
981810119
8658710
1718817490
7611179113
179149182151
17771799
2924532247
2318528186
135186137189
175212177214
6913974140
51665567
152145154147
12581460
1235612658
109107112109
6518768189
1104611348
1476314965
107184110185
16791881
79848187
1619616498
100187102189
4613649138
56975999
95249826
139200142202
49155118
77957898
915614157
177167179170
5213954141
7412777128
147121158121
3617639178
166189168191
20872588
195194197196
7514277144
32134216
30133315
4418547187
138182140185
7619879200
1220314206
140213142216
150152155153
3811941121
5116154163
110158113160
188242191244
146202148204
73557657
6919972200
60596361
1057710780
97208101209
125138
120132123134
1812718329
7823780240
1493015232
1783918539
133236136238
1947619778
6115865159
1316213365
6224764249
167207170209
162138165140
154183156186
106147113147
6010262104
1424314346
1194512147
78468148
128101131103
112203113206
5422158222
4114143144
1689417096
124199125202
1762818029
651853
1205812260
157243159246
105119108121
28302933
2815030153
1724319245
8124682249
1963819940
1255912861
31254129
1426014463
61236524
1122111424
118214120217
151219154221
977999
96839985
1408615086
1157511976
1810221104
62189219
1006610268
141206143208
4217444177
8331135
1902819230
111161116162
187100190102
1359513897
1111711618
5916262164
1062811328
18321847
117207122208
1689817399
7922981231
179184182185
1610520106
8511990120
57506052
9213994142
4917154172
70857288
4018443186
69987399
172106175108
8615489156
81568358
130200132202
110212112214
1519615497
107126110128
6023763239
117144127144
977410075
139131142133
3820440206
148178149182
1432914433
930953
678980
197201199204
100135108135
138142140144
332436
164158166161
43154518
44254727
93659567
194115197117
8422088221
6313365136
3014031143
80598261
109153112155
1521617219
111179113181
104810610
7216275164
4912250125
64206821
1036510667
103105106107
154212157213
115232117234
7821681217
9417696178
154157157159
61836286
167120172121
6621769219
130232132235
6422567227
4917352175
432464
3920243203
1851719018
11499116101
3821641217
39134115
1724417545
8724689249
1787018171
1343413636
131181134183
162158163162
6922371226
159122162124
183818610
81228325
8912192123
59266228
130152133154
187114189116
84678769
101191104192
1807718378
155165156169
126210127213
57135818
17499177101
7518277184
1911022112
1118014181
3513738139
919411197
12698129100
8410088101
1515518157
2521226216
98122103123
17742076
159183164184
1010013102
02383240
31895191
157165160167
124190125193
138229141231
9622098222
413615
122115124118
8520687208
821411215
147188149191
41556158
3517439175
58555959
6615870159
124203127205
90299530
4516448166
134107135110
70567259
183183186184
76607765
1142711928
6917673177
326377
1004410246
2810933110
143146145148
4521547218
1879319095
1492515625
54585760
118220122221
1861919020
5510956114
2410227104
103125106127
972810030
7813281133
96319834
16299164101
180239183241
195201196206
1506515366
78638066
1399314295
196138199139
5810760109
115132118134
9021292214
1123311535
188140192141
113152117153
1467514977
136158139159
187227190229
6918574186
1163411837
134146137148
2823931240
1637216674
2823631238
194151197153
138243140246
1766217864
141614210
127116130117
72297334
190182192184
3210234105
195919613
9511798118
288392
13201622
22592560
3014634147
131134133137
187214189217
58476149
42864787
3624539247
10599106102
43624663
2515127154
99219102220
163203165206
1462514828
157214160216
4221944222
150131152133
95809882
1784018241
5814562146
1876119262
180195183197
183215186217
6124264243
99104102105
7418977191
8320584208
5210254105
1377214073
1032110523
159168161171
16471678
124812513
2024723249
1517216177
62316433
2110522109
167122170124
7187212
136222138224
916612167
01712174
164186166188
166164168167
140156141159
62946595
465488
7824281244
19631995
158231160233
823855
1356414065
3818539188
609963101
6024065241
100110104111
177137179139
189218191221
1044710650
923714238
139238140242
192149197150
22454247
1478214985
10799110100
9415296154
5118254184
133151144151
6114971149
1218514187
1932219823
75677869
196171199173
175199178201
197107199110
2820329208
110220112222
138147142148
106246109248
957610276
6214064143
5212755128
1029310594
1775517957
62059207
13511553
7621979220
111225115226
4810350106
26142916
32613365
196179199181
1853219232
63846685
86728974
16801702
64866788
6720470205
103217106219
99126102127
1911522117
4771577
113106116108
186238188240
3011932121
3221434217
125238130239
178228180230
156106157109
4612649127
193220194223
1944619649
1013810938
1451214714
5421857220
91379339
18931925
1206512566
19262228
3617039171
1456014862
182213186214
2311027111
2215324156
1312716129
26863087
128213130216
171122173125
5214254144
46154818
16251676
5618459186
1816021162
127134130136
1845318755
31625164
2721130212
31758176
1027710479
180186183187
4616949170
115135120136
2411326115
162916510
82918592
2314225144
4024442247
1916819470
3317135173
1261012912
2618727190
1348713789
1074810950
90489251
51435345
1210716108
1384514048
1319515197
5717260174
145226147229
24722674
10771099
8210489104
9312596127
64566757
7222074223
154154158155
1295913064
179213181215
86828884
160137161140
141128143130
162181166182
8823591237
120248123249
1256212864
106156109158
4015149151
1635216555
38284329
1912922131
5610059102
1258712789
5219454196
70237324
5713660138
178129183130
4418349184
6918772189
73717574
8714789150
19562158
1520017202
179234181236
12011233
1110914111
1029610597
84388640
7413183131
1963619937
160118161121
134154138155
850881
23842586
93164101164
38254027
34753777
159238161241
14699151100
33293433
1018110682
143131146133
9511253
104196106199
94139615
1912022122
120226123228
461862
13101342
1621317313
7214374146
187181189184
1063310836
654856
93209621
8410687107
116156119157
929710197
4418149182
3323436236
8213285133
5112953131
4921452216
121126123129
98243100246
128176132177
141120146121
7510580106
9421897219
8722592226
178180181182
12561657
1533115632
46204922
1089011092
48365138
54415643
5915260157
8817890180
5720859210
151195156196
65896792
169127170131
3614939151
154189159190
1615616458
1139812098
86578959
3612343123
1769617998
1216815170
9322095223
155172160173
02073209
267299
8513588137
1453415035
3521439215
7111872123
105180107183
427459
1411316116
8922992231
36713774
6110863111
1874618948
129107130111
1319613498
8610991110
1858318785
21922295
1341213714
182191185192
6518166184
6914171143
1125011552
182126185128
9415597157
7110275103
12371440
01430151
165183173183
148185151187
1492815229
154214156217
6422967231
11799120100
1761517818
1808618587
2823330235
5722660228
1151912020
164113169114
8621589217
177209181210
1637516677
5819261194
183155186157
4019742200
93609662
143169146171
130122141122
119222120225
115172120173
177106180108
62328235
1713717339
11271628
109208112209
1622616527
8651166
134241136244
7011271117
33493850
1531215613
1897619278
628669
188202190204
193140195142
1339013592
1362513926
1904319344
1712917431
27253226
6424567246
6716171162
37784080
14441646
112197114199
6613568138
9591162
1757518076
2524328245
1398014282
1309113293
5624758249
1734817451
159112163113
179248184249
1691817120
104205107207
8315885160
38824184
141102143105
19442345
64697469
1348513986
572774
140194141199
572603
190164192166
1821020213
23902593
5420756210
5510557108
1308313385
632673
4975110
8122684228
4419345196
99183100186
162219163222
1636916571
3223735239
1908719389
149102152104
71657467
6023363235
133199135201
120241122243
172117175119
111185116186
56385840
920810212
126186129187
32103512
115103117105
45114714
1223412536
11826183
1127311476
80128214
1754017742
4015643158
128128129133
182134185136
113154115157
26272929
18541885
5171018
93479649
8623397233
4423146233
113207116208
1819418496
42086210
1417214473
174243176245
2619928202
101154106155
144224149225
1384114143
7211173116
189212192213
2521926222
136141137145
1865619057
171133172136
7910281104
152207154210
12331436
48245126
1225012452
106169110170
34613565
125111127114
77548056
1665316757
154245156248
164246169247
9623698239
149146151148
125104126108
5019152193
1289012993
170817211
160193163195
1275613058
6698
128112130114
6018563187
1383914140
32953497
1288412989
90209223
80738375
157192159195
105122107124
17202022
3611239114
32833585
145134148136
1129411397
1662516728
409843100
1228412785
48905093
164171167172
172222181222
1058710889
7912180126
4114746148
159152161155
1502115322
4413348134
66516854
173158175160
4324646247
38874189
1101311116
1821721219
145175147178
56765879
1713620137
35273729
5514960150
150160153162
147237149240
1346913672
9414996151
5718059183
84218723
3211534117
3018039180
3122636227
01414142
30443247
1227112573
7221175212
2511627118
7717582176
1458114685
51625365
194106196108
2719428197
6716075160
152205157206
5821761219
15401591
84178719
145106147109
8020082203
19798199101
145141147143
162240165242
27402942
177127181128
6622068222
1244112842
166117169119
2516728169
29683270
149203151206
91242101242
9719699198
170112175113
1071010912
195237199238
58876189
189189193190
5620259204
1317413575
34863788
4212046121
1805418256
149231152233
131243133245
23262529
11794181
1246712769
7119274194
1715317455
73587659
13291631
109203111205
1473615038
15671589
10611084
8317685179
8913991142
40224224
190245193247
17841987
1836518667
5516158163
17992899
6719370195
87449145
5510359104
106201108204
6418568186
1882110
86608962
101244104246
166151169153
109137111139
172167174169
18197183100
992510227
35223724
136172140173
7814681148
197919911
15252625
126157129159
993110232
043345
1154011842
53375540
225328
1481415116
61916493
9312296124
172178174180
86779078
164215166217
110911310
1609316395
1128511686
120145124146
1345913761
1301213314
1908619986
50325433
116230121231
154106155109
1409714399
168238173239
187185189188
1053910742
316421
141222143225
166243169245
157168158171
184189188190
148175150177
6922071222
8811183
97172100174
148141150143
150238151243
62209222
38394042
1365013952
6023063232
1167211974
117145119148
107229110231
1682917032
1876419265
21553158
103202105204
6122463227
8522290223
1529015591
7120374205
172212174215
147192150194
193118196120
63486650
2918432186
2811731118
169184173185
88878990
155136156139
1406614171
163207165209
29953197
9216696167
1481014913
4712051121
6723270234
1107011173
1912323124
128209130211
7620678209
2616131162
1696917270
6524267244
169166171169
47324935
82788580
1758117883
88139115
85858787
116235119237
1265312855
21662368
128203130205
126234129235
51885490
78808083
118128120131
1819419197
172114175116
111148113151
2724132242
13581409
149207151210
8019283194
107186109188
7615879160
8211385114
6614167146
94379639
4620648209
1322017221
167141170143
4818851190
144196147198
1791618119
131913411
1015215153
4110544106
029331
117137120139
2922932230
162224164227
5616958171
2810431106
1915219257
4824051242
48765178
2116623168
4411146113
1662216824
72537953
21927193
94439646
303335
193103195105
134134136137
1321513418
171240174242
31355138
196212199214
30403243
162120166121
1902119223
816857
7124473246
3810742108
109172112174
191203194204
1202712528
64616763
172197177198
1218112483
149114152116
18499186102
2424628247
890921
123183126185
128179131180
108226110228
7417576178
128226131227
1613820139
1624516448
899992101
360373
174184176186
137177140178
16531704
179224182225
123157125159
3718139184
188142192143
12831305
1572016022
5623459236
19471998
74257826
8610291103
1508215384
1685617157
81688370
9320296204
2117823180
1646216764
1068510986
30793182
133176136178
171128173130
9213395135
69527155
616310164
7415785157
17381769
1513315435
471503
8013482137
121217125218
100147102149
144247146249
1699117193
124132126135
1694917053
189103192104
6510470105
8922092221
158159161161
8221284214
1171612018
83818584
2422327225
191100194102
61658167
2721730219
41944495
1820720209
1569315995
2417826180
72477449
10011016
117187119190
1659717597
01352138
97205100207
153233157234
33553856
1224312446
2113523138
168240170242
65316832
8911691118
1931019414
149126153127
167248171249
975810059
1643316735
3120933212
97124102125
1583316135
177123181124
185487
42894492
170216173217
96649966
1237412676
179115183116
69911
3421137213
19001932
1692217124
8912592127
154162157164
11001151
1312613229
1532715430
9510398104
71357337
62238225
9018794188
8122383225
1992019930
146164151165
4418845192
38514153
1713417436
83598462
103189108190
8617887183
31573658
181106184108
139100144101
9024893249
4019043192
3123132235
153148156150
3211235114
4221444217
1351614416
32803582
1717620178
73877589
1510020101
1558215884
196247199249
730932
102158105159
1622719229
15371740
29833185
161228165229
51125414
01892191
185211188212
1959219695
149136154137
52775579
101156105157
29503252
116217117222
152186153191
190222192224
1815823159
132218134220
19332136
1154711849
13941696
108175110177
53275431
195239199240
1315613657
1149511797
1423414436
1517915381
6721470216
146152149154
85578564
109141114142
138137141139
1763017932
8018983191
100144102146
6423266235
9220994211
712710129
69477149
1743717739
55305732
310313103
1152211725
2512627128
10941198
4921253213
33423545
8417287174
94569659
107131109133
140188142191
77238024
108179110181
1194812349
91259426
114147115151
6017963181
27223024
011313
197215199218
1871019012
112137113140
123222124225
93509651
6231124
1258112883
1864918951
91409441
105239107242
141162144163
19071939
138163140166
2013222134
5223054233
147111150113
68287130
159196160201
3819541196
9416896170
222524
193212195214
4413545140
43224524
142193146194
4916552167
1105311454
26932994
107143110144
8381140
172104177105
5122253225
1431914522
7118274184
1223913243
6119563197
66716972
164237167239
1426614371
98156100158
2721328216
1322517226
4921952221
6314465147
3112633128
61308132
1612216523
160188161191
73117415
391413
62346535
72607562
42714473
117108120110
126188128190
12161247
189120192122
109119113120
1277513077
5219854201
186132189134
1378013884
1036810669
186218188221
107105108110
114137116140
9014893150
125169128171
1093411136
99108104109
174183182183
1272112824
9016993171
151140152143
7416575169
4712248125
1613319135
23822683
6417866180
147170152171
1446614867
1633716540
6118264184
164173165177
110187113189
167110169112
148107150110
1076511665
136128140129
156141159143
133210136212
2512930130
4515547157
823911241
1507415277
1294013241
117106121107
17561860
21772678
220242
1605116253
1751217814
1373314035
3013232135
7221775219
74317932
86959196
1517015671
148195150198
129138132140
1165011853
1806518268
22563256
1672117421
1451614718
1831218614
153142155144
1956519669
135245137247
8741176
188107191108
148219150222
6321366215
91319532
9520596209
68627164
127152129154
112229115231
2221726218
5820561207
1643116732
22302731
192137195139
13811413
176112178114
8222984231
2510030101
75118211
3424339244
3112935130
4111043113
2711331114
1616418166
123119125122
1523517238
8011081115
90609262
33463648
3814240145
10631364
1611718120
65106613
153184
5013453136
194197198198
1449614798
34373739
129163132164
9020092202
913011133
1575015952
156100159102
6816371164
6711269114
6913880138
1166912170
961993
3013633137
167184168188
13111414
12401263
172149174152
134190135195
1241412519
989110093
4220845209
21212522
1876618968
8723988242
177171179173
97359937
171188173190
179232182233
191214
2921331216
3322336225
131239136240
8515290153
163243165245
690741
161216163218
3923742239
123208127209
101215102218
152118155120
35973899
182179184182
917310178
7320176202
21722375
2114529145
158204161206
5218555187
1710720109
47425043
164130166133
130104132106
1114513148
1020717207
1597616277
98232101234
105243108245
108215113216
143199145201
195126197129
124155129156
3913843139
6710070102
168230170232
112167116168
7422776229
1914821150
175193176196
33593860
143188146190
138186139191
1310415106
188195189199
9015892161
3619739199
89319035
2314626148
992210224
157137159140
132170135172
22025204
1568515987
149199151202
114188116191
02311234
139203143204
974310743
174164176166
529955101
45514754
1913319435
1405614258
193181195183
2811131112
31726174
126199129201
1032810531
170150171155
39164218
6822771229
47745275
2916831171
4823553236
117238119241
52485450
145172152172
106222109224
8321886219
1141011711
187234190236
6317165174
122187125189
175161177163
8722788232
1935119653
61666467
