1773
108112110115
29213223
1687717378
168121170124
51265428
1769517898
171146174148
210242
81408343
4814350146
82478648
2922632227
01752177
186159189161
41507152
5018252184
110140112142
43104811
187148189151
164203167205
1681717118
9317496176
45924795
1571815920
141160143163
158102169102
197242199244
8519287195
5113954141
1609816599
2417627178
194191197193
4317446175
529955101
4123345234
4522750228
1163011832
146232149233
1112213125
59216223
18652167
1415116153
144161146163
1537315674
191103193105
1908019382
122161124163
1076610871
197155199158
5813763138
104178106180
140115143117
076377
3024433245
6020965210
280383
131166134168
147203150205
169179172180
4921052212
144192146194
1619116296
150184152186
19412342
1522215623
492694
187106188110
1829618598
1775718059
1573716038
196223199224
140109143110
6622969231
42594660
2413827140
143239146241
284487
72397541
288392
8516687168
88399042
189121190124
1213615138
106210107214
198178199183
1832818829
1810020102
178209181211
100232103234
195129198131
8324786249
145151146156
149111152113
1882011
151199153201
67157016
137112139115
1118812191
53505851
5424157243
107109109111
140122142125
123101127102
152147157148
79378139
1801818320
7320176203
1793718239
1929019990
1381511
5120055201
015218
1514115642
57565959
6616069162
137118140120
177237179239
583984
56446145
1156211864
62396441
150227153228
1421614518
1231612519
61778179
32305232
136225141226
1791318116
143111146113
94829784
6920170204
125198127201
1793218333
168113171115
1596516167
125222127224
272286
9371139
58766178
768971
172203175205
2718929191
79108212
7013372136
9599811
144148146150
172171175173
1008610289
2618428186
25292732
187242191243
1527715480
176103178105
62776480
1382114024
4014942151
125170129171
6811772118
9213395135
147242152243
111160112165
1416714469
23872589
165138167141
3911740121
5517357175
156141159143
565867
16661698
1603916242
32363439
2924732249
191129194131
6514168143
134138139139
8718590187
250301
94949796
575777
9513897140
3416336165
3813239137
2920431207
180118182120
1367913981
125118130119
1179111896
7010573107
1114715148
3018633188
15641587
48725173
8812990132
57175920
51218123
7613479136
1396214264
5817861180
189125192127
79788081
1424117243
82828583
3623838241
9112394125
7418877190
103144105147
880921
22063211
12601292
1348413985
2921932220
1212914132
177240179243
64926793
139222142224
191157194159
70237225
1188712090
6410567107
01802183
8212184123
1506615269
89619163
3814441146
93159518
192162194164
28243126
2710530107
156243159245
1346013861
17311934
103243106245
5511459115
5916761169
1418914490
130226132229
1591416415
7911281115
143152144155
2919430199
1489215194
7616577168
02444245
138200141202
47495051
1977019973
02061211
892924
186167188169
12121514
3411738118
6221365215
9512097123
114199117201
1904619348
7317075172
73237526
1305813559
1721317415
1717719179
1520117204
1841718619
182145185147
149188152189
24652767
1824823249
2316426165
33423545
1387414375
9021192214
9410797108
1922423225
149221152223
172101175103
67847086
170229172231
1533115732
117105121106
169140171143
479849101
1186712268
86879188
185111187113
123147126149
171220172223
106224109225
2414128142
135202137204
1863818940
134118136120
150168152171
4511047112
14899149102
155154158155
6212365125
173216176218
1492015122
1183312135
6018262184
1018012183
1285213055
91459446
923011232
2612927134
12474249
197203199205
1368913892
135105138107
2312925131
1302613327
1595316255
1153511737
4778
8623087233
7921282214
174208175211
622610227
189218192220
1821318514
132221135223
122208127209
163152166154
101117104119
3418241182
1166912170
1324716248
1695217254
2617029172
1687217074
14461478
160217167217
120228122230
1262912831
1342213724
3423337235
01522154
1362513926
36893991
91379339
153168158169
6223864241
1339013592
1306013362
9520797210
175191178193
1931219515
156200161201
103227106228
107194110196
173131176133
35713972
67617063
99184100187
115120119121
62306432
1364513947
56876188
114129117131
17699177102
116180118183
153156158157
81808581
1303313335
105197106200
193135196137
152141155142
157104160105
7621678219
1038910591
1036610668
1447614977
76247926
1344813949
125111127113
5120254204
133179135182
133200137201
99125100129
1773418036
64356736
9017192174
162239165241
2417327175
1391614118
432634
1474914951
153242155245
023325
111113113116
181110184112
92177103177
143121145124
30363139
180247185248
97201100202
8889010
8024382245
105155107158
2512628128
191182193185
126212129214
9021993221
1614516447
118199120202
104203107205
9118494186
02233225
1042710729
119194122196
115208120209
124120127122
13061328
146119148122
1937419875
132187134190
1315013452
1974119943
23942895
1145011751
173149176151
170202
5520359204
3424436247
4210444106
5318555187
1676116963
9112993132
1710820110
7614279144
137247140249
6122063223
1616316464
100196103198
720110203
98134101136
2110724108
480511
118161121163
1901219215
86137
151149154150
79958197
24832785
7322776229
37273929
1223412735
1082711228
1102211225
103235108236
58806182
1222416225
3813842139
196237198240
108121111123
5914561148
2716131162
186145189147
144175147177
1556715869
48875288
57476049
1602616328
3711241113
4811151113
1447314775
25502852
193106195108
1244812750
135187138189
9610099102
196106199108
151248162248
122186124188
8023085231
196227197230
1584616049
6415766159
12531294
123145130145
182208184211
4616053160
1157411776
1943519638
175199178201
142205146206
1415614557
1719018193
23212524
116160117165
572874
24252528
161174164176
5620059202
223245
101238103241
137242140244
1003610338
16201922
123198124201
74907792
7222172231
7115073152
124141126144
187137190139
18632264
1537516175
6516567167
126195128197
57846086
4312146123
70697769
9419896201
1586216064
336368
76517854
151249162249
122182127183
1491115312
11751207
183233186234
10941126
13821414
1014112143
197245199248
193139198140
116141119143
8610390104
81168221
4013343134
816111162
112118116119
995010252
71587460
82308731
15251827
1463114932
1417014472
2211425116
6214867149
1777518077
166157171158
9610398106
180106182109
105246108248
622825
12471278
60566358
31708171
5520557208
1488515286
125129128131
48665069
81399143
19782280
195200198202
7610978112
198159199163
113711510
3815541157
158219167219
21962498
5210253105
130101132104
3419237194
194101195105
1723117336
161143164144
8216584167
1974619948
5124053243
9521196216
1724117443
083188
105104106108
119179121181
178146181148
1372913932
168217171219
1583116332
4312446126
98217101219
114103116105
977810080
130206134207
1046910671
4315646158
1323613439
6724669249
963210033
5422956232
183197186199
94379739
10141046
1218212384
1466814970
105124107127
196127199128
6012261127
1724520247
2715530156
8720890210
48165217
149244152246
89289230
62676470
713735
1119816199
62308233
1905319255
1903819340
97152100153
95359936
132248136249
190212192215
1272112824
1256012961
49295330
3314341143
7687811
3617538177
167197170199
20902391
3823340236
49765179
53865589
6811973120
132171135172
7931095
141248148248
156192158194
13299135100
5815660159
1112613128
01702172
4721649218
141179144180
8017183173
3021034211
4714050142
1071210915
152615310
9623099232
8518887191
105130107133
1611619118
1913119236
42634465
8514086145
2813832139
160168163170
1663616741
183194186196
94569758
137143140145
1868718791
1813418436
40144315
132148135150
1236812869
59366138
3612739129
1291613118
24402742
128182131184
2021222214
5623559237
170227173228
1144311944
196212198214
1128911491
31313432
4420847210
1551815621
4522550226
61846486
130156135157
163159165162
6913771140
192226193231
136222138224
1048610688
85368838
86418745
142225145227
452503
1221312515
28463148
194146196149
1704817449
5610558107
187239189241
136232139234
172136175138
6822070222
1838718590
168205171207
140168149168
52385739
88589060
32195221
1084211044
116157119159
1468214884
7624686246
3722540227
1077211173
3923842240
16131645
40814184
139213142215
52565657
5896011
160221164222
569959101
609962101
150210153212
46214824
12231426
6024363245
157234160236
15901991
1288013281
164168167170
48944997
85648866
16401691
125225129226
121246123249
8510089101
951210212
79168019
6710370104
7387511
178111180114
5823961241
743775
40604165
1436214863
1536415666
187114190116
88849186
146195150196
6723969242
191118194119
163177164182
1042410726
92809681
1696917271
113212114215
6523668238
92499650
1724417545
109245111248
114189119190
1797018173
73427545
1884518948
100244102246
7817481175
1808118382
143215146217
19001932
54915892
62336338
134239136242
18499187101
9719899200
4316647167
9623698239
181126185127
1939519896
133227136229
4721948222
144236147238
165223166226
1013910441
2212227123
4218946190
796847
1973719940
20182320
166200169202
158118160120
2438
040342
3996100
1089210997
4112142126
1188012381
101124104126
2316126163
09311
7213875140
6115763160
1285612959
32813582
1141711719
6710868113
259929100
117103122104
150218152220
1835618657
168116170118
1096911271
159166164167
1697517476
181124184125
146218149220
10151416
1944619649
9422096223
2313526137
177165178170
181200184201
32417242
117214121215
910712108
77737876
6712570127
134233135236
6521768219
1461114813
1318814191
174187176190
121135124137
1752517727
1608416386
82658468
111197116198
1842018921
67557555
917312175
1242712928
1615616458
110213112215
6018564186
4024342245
160147165148
9791281
58956197
168246169249
193212195215
187196189199
1743217833
1664217143
2815331154
7710380105
79498251
1046310765
3123134232
146131148134
161121164123
60926394
170248175249
155109157111
165189167192
4613648139
26212724
34113712
1817518377
6312664130
179197182199
136150138153
9114694148
118125122126
156181159183
8016182164
96149916
6196214
71617463
126123129125
2321226214
1416317164
114132117133
155139160140
192152195154
26883089
115205117207
45684770
1799518198
9722099223
156239159241
1537015572
180235181238
043345
8513890139
152160155161
87218923
1084011141
89139913
168234177234
509651101
1120114203
98171101172
1974919951
150114152116
52205423
1318516187
60166318
38434145
6723270234
181178184180
162163165165
1412114622
187232190233
909892101
16791882
6316364166
7420475208
1819420197
31397140
78338234
123133128134
52137215
15511583
141914610
43384839
129162131165
88319033
494525
6621468216
87479049
124150128151
176246179248
1743417637
993010431
1123311436
097299
68647066
106201110202
1094511446
142242143247
5224453249
147148150149
127135130137
143172146174
1155811860
7619679198
8751376
1096611168
1019210693
3317836179
152132157133
147192151193
15591861
1812618527
26612864
3815241153
175196178198
9891290
188140192141
190100193102
1908719190
98168101169
1353813839
61276429
84898791
157144160146
4020443206
33493651
3819140194
7501650
99103101105
1119214194
1399214194
824812249
01221125
120158123160
7118574186
38404142
3421435218
395696
17121743
1757317678
1402514128
115122119123
198119199124
135166137168
977610177
103101106103
76177819
119243121245
147240152241
8218084183
956210562
13501401
16898171100
5716060162
812911131
136148139149
3421939220
1912321125
108210111212
192216195217
151143154145
911210116
719710198
68897789
1423214335
1647516876
14861518
132110134113
1854318844
1254112744
9861288
2723028233
1351213814
168191170193
1383414136
51348136
8414787149
118239119242
154210158211
99188102190
177149180151
166183168186
862885
57126013
180228181232
1094711448
193246196248
151195155196
21645166
183116186118
114134119135
116191119193
86808883
12371341
7816779171
11199115100
8817591177
125188126191
1034810650
1349613698
1588415987
1907419277
144106146109
105184108186
132164135165
1966819969
9110392107
77278028
27743076
3619540196
84398740
1669017191
1031310614
162105167106
119145122147
125105128107
1471914822
1521118213
1877918982
140218142221
1235112752
58266028
1035110852
133211136213
1213812838
191142194144
12198122102
155170157173
7024175242
1287012973
86349035
8321684219
71138116
165220168222
90219126
1279113092
2214923152
1651616718
1207312375
96279830
1412516127
813211133
76557857
7118773190
168107170109
14101461
982110024
17711793
76137816
57736075
113139117140
120108122111
166227169228
6911072112
41267128
7819980202
6115668156
19552257
2115325154
118205121207
1497115273
104232107234
7410677108
185142187144
1818318386
1172612027
164109167110
1214515146
8721489217
2813531137
3311236114
186127188129
154221156224
195141198143
26252728
47415043
0070
926110361
85248826
52525753
1902319225
180244183246
194171197173
172128175130
13881689
167243169245
1725717559
139129142130
41294233
102217104220
140233144234
8714089142
128108130111
76227923
2812131123
1386914072
6420769208
02192222
012314
9113693138
198115199118
147150150152
67527054
166115167118
7722080222
130152131155
153100157101
193176198177
1975219955
195209198211
48915093
31816183
134244136247
183137186139
026527
171153174155
7118274184
3618538188
8119384195
1587616078
112247115249
45714773
122213124216
8819990201
6022468224
20692371
7810683107
4324446245
1044310745
155137158138
1674816951
7419176194
111229115230
176202178205
13201522
123184127185
185215188216
1866518967
8612689128
1902019322
35774078
8620287207
1457114872
131141131148
1552415925
1198212086
719772101
8122083222
349939100
184182187183
11421643
175817711
31755178
074375
159161161164
198217199221
172163177164
68236928
1766217864
1863018735
133103137104
5722759230
151179154181
3710742108
138164139168
42664468
5318056182
965910060
143144146145
1448614788
15521755
1475915061
1421114513
63196522
122179125181
135140139141
76587960
1962819929
98242102243
6921772218
62966797
127140130142
140164143166
1256612967
115125117128
163117165120
8822990232
23552657
4321245215
1154711848
1512415425
1310916111
7422476226
176141178143
99147102149
3721640218
196194199196
78468148
2017822181
1920622208
139169142171
192174197175
6419366195
144166148167
3814041142
90709372
6385
178220183221
6521168212
154164155167
194197197199
195113199114
1306413267
1107911380
2416827169
1083111232
196167197170
1696617268
129149131151
1706217265
83868588
98119100121
5616359165
916411166
187212189214
164206167207
1463314935
160196163198
194187197189
113157115159
100113105114
184103187105
1665617157
20922295
108124109128
62756576
9519598197
152205153209
28283031
8611288115
92259527
5414258143
148229151231
52457248
1736317566
168150171152
8615288154
9219095192
173230176231
4024644247
145213150214
16101714
100143102146
5216155163
31315133
8217484176
171197174199
188130190133
7024472247
127159128164
29403242
186162187166
8716389165
9820799210
139216142217
188205196205
1476415265
757959
128112131113
53175619
158172160175
1218812490
1031510617
3918741190
103206108207
124172127173
9271328
120121123123
6713668140
92143
6712872129
1671916922
74467748
45825083
52585659
1942119822
112122114125
169208172210
1887218977
12591462
120118123120
179140181143
144158147160
154915611
61736574
135134136137
1261412816
172917412
2324324247
3810941111
533564
106169109171
184191187193
11651368
77408042
25762681
51245425
9517898180
125186130187
79138215
128220131222
1069010991
8820691207
8521486219
6912373124
85728973
13671399
114136116138
1395814161
1533915640
1105611259
103150106152
83208621
1967619780
191201194203
6121664217
172183177184
195117197120
046547
02402243
2124122246
812410127
7412376125
83498651
5116655167
19531976
196225199226
116234119235
1223014232
1067710781
79738274
1597316374
2816731169
195233199234
166173171174
9317195173
80131
193126195128
1564315945
1462314826
184242186245
1417017172
141149143151
153184155187
165142168143
9511298114
114154117155
125114130115
166159170160
148178150181
2619229193
620710208
4824651247
440742
52755577
100208104209
168170171172
1819218394
1443214536
57145916
24192920
126218127221
3915841161
1311615119
7223675238
3217035172
11341166
8315685158
9016492167
7324475246
4212947130
1054010742
02353237
151173154174
6017562177
44744676
41677169
61546655
180115182117
168128171130
133218135220
7814781149
70507551
29603361
137123139126
191194193196
9012692128
112194115196
55405842
7319580195
32573658
151137153140
7722780229
1827218474
172185173190
153238155241
464486
9241126
1654717247
110107112110
5318358184
38364138
156198159199
13899143100
1816921171
40854386
77618063
140155142157
109184111186
180121183123
12561558
169238172239
3524238243
169135171138
9312695128
1223314236
3724439247
9615897161
4223545237
1635316555
96239726
3414037141
1926419566
172242174244
1156511768
10561088
112207114209
1824220244
7521378214
1953119833
180213185214
8315086151
1106211364
183188186190
1164011942
1123811540
107243110244
158109160111
42694472
1613819140
3824843249
21295130
148173150176
163208165210
626828
182158185160
8211385115
1375413857
1612116622
182128185130
66716874
1721617717
103156104160
8317786179
1818321185
6510068102
6413666139
165213166216
198102199105
140111142114
64566758
1664416846
42119212
9741006
01363138
156187159188
1343313735
136214138217
1012110423
5321756219
1811321115
1892619228
1161012310
7911682118
114180115184
111200113203
1124111542
144202146204
4313645139
6520268204
188142190144
194182195186
1498215284
69417045
9619298194
1717420176
1533615637
187176192177
917613177
1187112372
7017873179
26582860
6921572216
4013542137
91409541
197145199148
21156116
100180103181
106142108144
1284713050
183155186157
1868519186
1568415788
167211170213
29833285
147162150163
183203188204
136218139219
100109103111
1326813372
17962098
8213389133
802853
8401043
2121525216
1093311136
9618998191
177131178136
1682317026
964010041
9421797219
178120179124
12531455
4119443196
17141746
96739975
1599716697
1224512447
1261212913
132128135130
1655816663
9018294183
1013210434
1678216885
916712169
1795418256
3520940210
4715650158
99191102193
779882
112204114206
8013582137
34873988
148199150202
8710590107
153214156216
57315934
100229103231
71869189
118127120129
140104143106
1311316115
1139211694
1023812241
028230
7120473207
2817431176
1473615038
172206177207
1503315235
1924919352
179138182139
693708
1694417146
11095110104
129105134106
5421157213
4016442166
177127180129
112166115168
179190182192
54295631
101156102160
988110183
37584059
33263628
117246120248
1015610359
110174120174
167214172215
123138126140
57986798
1045810660
52388240
1879319095
152192155193
130231132233
4215344155
1721820220
1920922211
182140187141
1756017861
1314713349
89809183
1316716169
31537154
1258712988
617668
190145192148
161193163195
187221197221
1341913920
148146151147
1489515396
6020264203
160215164216
1711121112
44404642
9601162
23472649
01473149
183153187154
139172142173
179135182137
27553057
4621248215
16531675
120141123143
3622341224
72049206
1510017103
159153162155
40544555
1657917679
7121374214
118139122140
77648066
147215150217
128242133243
108213109218
125159126164
147153150155
1887119671
23582561
1634816650
4322146223
173144178145
1701917221
1617716478
188153191155
5513958141
6920971211
6014961152
47744879
1346213764
856897
85138815
1287713079
18199183101
35363739
53965698
6914171143
1774617949
01673169
92689569
175237176242
110189113191
160149165150
5221455215
2182311
187187189190
065466
5316858169
137237139240
830871
9023395234
4111444116
1618019182
1443714639
54325634
177217188217
1001410217
8819691198
151177154178
16831705
17741805
47465048
82928494
8417186173
576608
7910881111
4214245144
8615588158
9321094215
196102197105
168188171190
1986019964
127179130181
51425444
137210139212
95709872
6396611
173126176127
4517648178
181176186177
166147169149
2912532127
4810351105
6517266177
1610418107
51455447
1589416096
19601992
1127211773
171232176233
140235143237
180132183134
24702871
182167184169
78898092
1194812349
47365237
1632316724
1705017551
166161174161
1402914231
6323466235
7614079141
41377138
3511938121
162183165185
02121216
107191109193
140208143209
125215127217
115202117204
12911493
80578259
1656916871
