1719
73327534
1818318485
01173118
141136142140
6017962182
82238525
174121177123
539841
36403942
7017973181
116183118186
7517980180
229432
1502815231
16371939
38784180
151244153246
133238135241
1492215423
1174211945
168143171145
1551115812
110165115166
171162174164
1169812199
166242169244
1087311075
23252528
127209129211
102226106227
1083211333
14601501
103190104194
7412776130
1838018682
186147188150
1507915282
3473610
133200136202
179191181193
188112191113
148170151172
1354313845
4722750229
7924182243
611910120
153236155239
170153173155
166121167126
7513478136
57375842
4417749178
8016283164
172248175249
125147128149
95239628
1035110852
8119984201
137176139179
4711150113
193130195133
69407242
150239152241
157100162101
1662817029
1305313354
172144177145
136106140107
91319234
19201952
81918394
6416367165
8114484146
6021462216
3818147181
1882219025
9011193113
2715532156
13151518
12881590
1619416396
183195188196
130208131211
49665169
159218162220
1233412636
3311536117
167174168177
172107174110
43384441
1684417145
1843818641
01133114
1852718829
59776279
7520680207
95669967
19181949
79568258
29673269
7119473197
1466515066
9220997210
185172186175
62366537
70437345
3112634128
91113
118230121232
1716819171
11251157
3717340175
109157112159
1339013592
18999194100
294326
127178130180
195192198194
1424416246
144187147189
139245142247
163195166197
1920722209
1689317195
9113794139
113811510
80818981
1578715890
14331735
1109711398
123142125144
9016192163
166217169219
123203126205
82278728
120212123214
140115143117
3457
21513154
1723317337
1511315316
158149160151
12699128101
8513790138
47155815
1403114333
6911772118
5814261143
196239199241
90779280
148218153219
1963719939
3516536169
130145133147
42464747
9518598187
170196174197
103104105107
1296213066
42864488
147198150200
43184521
01471150
1323016232
9511298114
24922794
8118085181
4821751219
33943696
1865218954
9320696207
3710640108
44694771
1582416126
81898590
5611658119
31425145
1022912232
190126192129
83568559
71207521
126812811
121161124163
140206143208
312343
189147191149
154185158186
155164160165
82368341
405456
1416816170
2419826200
175236178238
10171049
161141164142
2217125173
137147142148
9214895150
3617039172
3424436246
6723270234
93909692
1406914272
124242126244
1796318265
6512168123
28933096
9120196202
166190169192
02063208
5817661178
96180100181
42019202
48775079
2917932181
7617481175
1009110293
1121014211
113154115156
110228112230
1321413516
32603761
1565216053
47255126
155136158138
40574359
140122145123
148145153146
1552115723
125248129249
103137106139
1178212283
133191135194
57665969
125184128186
397448
259828100
6824773248
70577358
78918094
1275713158
3322635229
73907593
8524889249
1718017482
1911919322
173149178150
8523587237
13699138101
99242101244
1648316785
802853
134129136131
142164145166
1155511659
6215764160
4020743209
1055410658
86248826
118206121208
1905219255
01223124
198203199208
21972499
5211655118
7624580246
144213147215
100222105223
18521884
2521326216
116179121180
34563658
1615216355
11642064
1541415519
7911682118
42714375
32445247
177153178156
103151105153
127242131243
108209110212
42166219
4020143203
1034610548
161143164144
165141167144
160105161109
1075310955
132208134210
65867586
1914019343
1366813970
5283
114124116127
5414257143
15521565
1867618977
38444146
196137199138
150211152213
10201223
111106114108
1032710629
682983
8923192233
4316745170
611311114
7623477238
1484915151
59216223
5910161103
170131174132
4216244165
1548515688
8217184173
158160161162
69597062
93259428
148116151118
1871719019
01511154
6018362185
1374813853
7622881229
5318356184
167193169196
41907192
119183121185
194244197246
480521
2919331196
166230171231
151106153108
177199178202
5521057213
7822080223
1555415757
101166104168
37363939
17321755
58346036
1521520216
094395
3717942180
74447646
52665567
5420657208
19492052
2724329246
2016722170
176117181118
152103154105
196176199178
8210485106
8415287154
12951318
1046810671
1486915370
197215199218
41156118
5715560157
7410577107
98136100139
1238912690
7719680198
156220158222
51485252
7422376226
457498
184183186186
3523140232
137217138221
6318066181
177229182230
86568859
1209012292
173126176127
2123724238
1222812529
153177155179
690712
1257912782
95299634
1256612868
100100105101
67837085
1447414776
172138173143
1472415125
94499652
7117774178
139230142232
1464514848
162242165244
1178811991
164206166209
9422097222
1764917951
42067208
9224394245
52207222
99227101230
78218123
132105135107
150233153235
17361767
174114177116
2913732139
6520968211
154100156102
83208622
48225124
132148135149
135123138125
109113110117
54535755
87219023
13191522
2812131123
1112611428
6515970160
69497151
2818331184
142161145163
9314298143
129172134173
1793418236
190130192132
1218115183
152194157195
135222138224
105219108221
1557415777
169198172200
51878189
5415356156
1873618938
188106193107
1346213566
1003711137
124240127241
62656467
53875589
1873918941
158198159202
86648867
137207139209
9616299164
105230109231
3023033232
1959519897
3421039211
188215190217
4819951201
2511327116
2522929230
1909119393
1004111141
176194179196
62399240
81718373
195209198211
149208152210
1731717519
1568215984
163233166235
1428114484
8510988111
1752817730
153206155209
588639
6320266204
1955219755
1074310946
1781318015
7799
01793181
6423266235
97339936
46914893
192220194222
1818520188
165157167160
1311615119
779778101
119234122235
160137162139
92609661
2614429146
1974619949
137142140144
5016751170
3714240144
176124181125
1323315236
3424237243
9291430
136194141195
49195819
561584
138132142133
148152149155
178163181165
32623564
136241138244
76597762
81909193
29163218
460961
1016110463
2822030222
51716176
8122084222
8121084211
10899111101
1296713269
44744775
140177143179
113227114231
149121154122
3518637189
1535415457
1316313366
14551856
1524915451
178120180123
131154134156
58706172
3312138122
61948197
1805518556
1497615278
26272829
62936794
38224323
4016942172
18031835
1717617478
6518868190
166106168109
5814760150
4010143102
198159199163
1265312954
64336934
185232188234
18651916
1021710322
5219955201
3183311
99128101130
1372614028
1912319226
1231012513
146169147174
133126136128
02422245
374396
1204412247
178204180206
720742
430471
111149114151
5322555228
4121044212
146109148111
1064710849
1488814993
53705573
6616170162
1521116214
2615030151
5715362154
1713019132
24222724
173174175176
1561816019
9618898191
1672317025
4011443116
192199197200
93879689
122209126210
122150129150
118147121149
1563815841
94139715
5910462105
1654217043
1863018832
1604716249
181129185130
1481115112
1566715870
56935995
1538115584
7124274244
108240113241
1006610268
1582116123
6022961234
113133116135
1336713569
106160111161
136180140181
21422942
1149011692
1105811459
1379514097
1923322235
126170130171
104127
116193117196
1777617978
4212944131
126157129159
25792881
975110052
147136150137
84618763
172189175190
1423914541
126142128144
5723560237
710112102
110162113164
3410836111
113243114246
1298213284
1882110
1142211724
195219197221
7617178173
146162148164
154128157129
4219845200
111131114132
8018882190
6722470226
25302732
999710299
143143146145
68527154
4414148142
1216314166
4322047221
69877189
112237115239
120239127239
161245164247
68757177
24702772
95809882
39104411
1824623247
44894593
2418325186
1284013043
23352637
186239187244
2016422166
187245189247
1656616769
143220145223
1907419277
8310086101
6314666148
3024533247
144192147194
1803218333
8813391135
159225163226
162127164130
2224123245
48755276
13511554
4010347103
1517115373
1351813820
1522018221
125145129146
128195131196
42764777
1694617149
136114139115
112167114169
181119183122
142224145226
4820550208
1712020121
1761617918
21614163
1012614127
40364239
4923554236
61856487
128137130139
1697317275
8111184113
124226127227
91739475
108223110225
108184111186
123234124238
88109112
4422646229
32036205
4818350186
3611239114
106110108113
410513
91709472
40644764
166110169112
1352914030
6718069182
4411648117
132108134110
129201132203
918712189
109246111249
162236167237
31658166
47485049
4510847110
14021434
2613428137
72537554
21572359
3515140152
49905291
9210593108
148106150108
121199124200
180166188166
6814471146
104240107241
5713559138
77448245
64746676
8520988211
9523397235
134231137233
1798718289
196120199122
29793182
11101313
70327234
116247125247
703735
1267412975
1692718027
5610660107
2520326208
77387841
173185174188
86968898
8488710
98165100167
145204147207
687738
105181107183
590604
187237190238
7124075241
136213141214
110179112181
160134162136
4124442247
2412527127
4417447176
15661588
371673
1801018312
1091811121
94959698
3621538218
814837
3321635218
4911651119
1439414795
138233140235
144146147148
9518297184
744776
126119130120
1618118184
18501901
171235174236
21195121
1722922230
121131123134
173817511
127151130153
186161189163
1202412227
116237119239
3619740198
107187109189
5411257114
73817583
1797918281
2720430206
1738317684
109220112222
3221237213
1367713979
1138211684
2619128194
29833285
7317075172
8824591247
178145181147
183137187138
1414814450
1805018253
44554658
135218136221
1726317565
1315514158
951710018
163187166189
193118195121
10141045
1319115193
1407314375
2312926131
143246148247
1854218744
1471515017
981310314
7921384214
8423885241
90159317
72667468
5319056192
185143187146
106104109106
54315732
1839418695
29633166
6216163165
136162139164
132513310
136189138192
713110133
195201199202
1764718347
6020262205
1753117932
74427843
1613316336
31403541
115136118138
164198165203
3619038192
096497
18312133
6623668239
9610297106
712810130
119186121188
5919460197
187185190187
037538
170218172220
998010281
105129107132
7713978143
3524738249
1262912931
1295913161
3823441236
175107176112
1407614378
1728617389
3912741130
1962219825
108118110121
64956896
3317836180
44274928
189227191230
1424219243
1745417657
180234184235
74357737
1894519147
8822891230
88609162
912111123
666679
33533555
60246425
50805282
71717572
156155159157
5620159203
183197188198
131220134222
0427
1575016251
1698317285
18161839
6017362175
3115134153
982210124
117212119214
1453114833
941973
92589659
1474315044
11734175
1653616739
1371514017
4018642189
9321198212
1786718169
154198157200
7422077222
12301262
085188
5310455106
194106196108
8711892119
178115183116
899892100
1836218565
16582059
70377338
60956397
1188412385
161167170167
58316133
95719774
1911719518
9519697198
1041311113
1042010523
90929294
7722480225
7917181173
51359136
4418951189
718211183
1995019960
830871
154145157147
4823748244
9219694198
105175110176
177106182107
143248148249
1559516096
26252926
137139140141
29513154
101198104199
32416243
149190152192
2424326245
5118352186
1368013982
1657917479
1875518958
6114964151
104157107159
106143109145
3420437205
3523537238
6724370244
1622716529
154245155249
129133131136
02383240
2213825140
1163211934
9316395165
2815230154
143136146138
3121934220
195114198116
8620288204
8512788129
109133112135
8116584166
2210225104
1096411266
3313736139
3322336225
17631795
1638616887
62449246
1726017761
25822884
1136211565
1487115073
1322416225
111120113122
78268128
30423245
1918123182
1005310255
57826084
2316926170
102181104184
180184183186
62116413
1468414886
3620039201
71847685
1418517187
84918694
118139120142
151135154137
11811196
142195144198
139222141225
122182126183
125206128208
91649466
2316625168
1478014983
154168158169
12001222
1958919990
16892190
192146195147
45424745
559856101
143172145174
158112163113
3115042150
45864788
197231199234
6422466227
5120553207
3817641178
101239103241
9261228
1546115763
139189141191
100157103159
1098211284
1020411207
972510027
20622563
6922772229
8818290185
58896191
144139147141
9323796239
79958197
9713299135
62896591
193139197140
01642166
1194812052
13101342
114144116147
165220167223
174158177160
2314827149
1292513128
101219104221
7516078162
147195150197
13661389
34153618
25852887
1515815263
1915919262
70907293
1161311816
136112141113
161122161130
1332613628
2713129133
3211834120
154196159197
12163219
168157170159
158215161217
130248133249
14941796
1966119963
122206124208
42134415
1372214024
81538455
7914680149
118102123103
1585416057
7551156
79178219
2814731149
1135011553
32098210
1854618847
122145124148
186139187142
184103187105
162158164161
3923742239
37563959
196156199158
89649068
9119995200
107226109229
1533015632
1277012973
147143151144
170232173234
6711971120
01553157
72487549
35903793
9511998121
4921351216
185918811
1219413197
1799018292
40424443
76187820
48635364
105910712
114232116234
190223195224
9411798118
13971898
194135199136
5213953144
08111
21642367
9012793129
125197128199
4986101
8610689107
34793781
6824571246
8615591156
177243180245
161131164133
104108105111
177233179235
11764178
79398142
1320015202
14461487
3511837120
146165148168
5023053232
168119170122
265288
784807
132196135198
132214133217
194184197186
10461116
81868488
49835185
103148105150
1866518967
193127196129
3013134132
7810680108
76327934
2720729210
1811721119
164211168212
152167153172
6921674217
1811318415
169113172115
6318467185
108129110132
7224575246
7313175133
37964098
93449646
1446514568
98710010
1866918971
116211123211
157171160173
179236181238
91499352
1327013472
1121411515
23172818
1162711929
16532054
101185103188
4810750110
1554315845
5423257234
4515847160
192201194203
151160153162
5024553246
182190185192
1294513148
959998101
1713117432
98154101156
113159115161
1645316854
1626416467
3512938131
117125118129
1641616817
191184193186
1313913342
1611516318
184178186181
1611116314
713916
6514967152
6222865230
9614798150
127103132104
1521718219
38813986
1743317538
6120864210
26632865
94539755
1003810340
8713090131
14651966
4921052212
111233113236
155231158233
62706671
9318194186
7617680177
187178189181
1311113413
1724717549
157107159109
122225123230
104187106189
168147171148
198224199229
197719910
1763517837
62258227
626828
9513697139
1622116523
2221324216
184120186123
379449
140104143105
5312056121
107138110140
1529315496
1748617788
1223012333
1323113335
3417035175
7513778138
161202163205
9515497157
1534515448
1414214643
8617788179
6997410
52435445
1775417957
21922395
152123155125
9213395135
819811200
99189102190
6710270103
3815640159
7213874140
6013361138
1294913052
192228195230
159103164104
1262512828
31086110
4716849171
61516354
182241185242
139119142121
1243912741
100196103197
149166151169
7014772149
137200140202
4624047244
1683416939
3710139103
1386213967
1967719979
165155169156
1729317595
154183158184
9024895249
6918874189
82748379
1254512847
1668916891
111138113141
1712817430
1715217354
9214595147
190211191214
2122522228
1143511836
25522656
3822042221
97236100237
115189118190
3919042192
102172104175
3813641138
106141110142
1713817341
6317166173
2914030143
1806018262
159119162121
153210154213
1009410296
5821161213
151128153130
91679469
66426745
174153176155
164113166116
1757017773
19712273
101178103180
8814491146
1303413138
113109115112
165224169225
165127167130
1779318095
188243193244
116107118109
160238163239
170177174178
112247115249
9118192185
7319076191
1113012134
1178612287
1756717769
189199191201
2417729178
1056310865
3110933112
1039010692
28593659
76267730
46164918
72767577
8622189223
8815091152
1669217792
99143102145
164146167148
168116170118
190120192122
1524717249
134118145118
135165138167
141235144237
1634416745
179142181144
7014173143
118130120133
5718359185
87928995
111208113211
107245108249
1252212824
01913192
1822618429
109202111205
1039610698
7518177183
5518556189
189123191125
157130160131
5910961112
1105411455
101146102150
110167111170
1623318235
1288513186
170817210
9410797108
2721830219
183187186189
5519558197
1676217562
1243012533
31913493
38934294
78298131
4119543197
186128189130
1422616229
168146177146
133137138138
20382241
56165918
1412816130
36873989
6920872209
9424096242
1317315176
1094711150
7919980204
22792482
7010573107
196147199149
139240141243
1289213194
192123194125
11495115100
1406414365
177216180218
1917119473
32363439
31563358
4317145173
156190157193
41515156
128116130118
1763818039
1146611768
185116187119
171116173119
1106911172
44844885
16211923
165149166154
1832118425
175203177206
757959
1349513698
87369038
4223245234
8910891110
3921342215
172204174206
1954619651
1231412419
5521858220
1955819860
65666967
4018241185
4516549166
103144105147
1933619539
159231162233
1956619967
1412614926
5321054214
108182111183
78488149
1012415125
1937719580
162164165166
132100135101
101123104125
7613178133
189233196233
1744017742
1494515246
151111152115
193155195158
1042410726
1932919631
182134185136
129206133207
7614480145
2211424117
1549715799
32873589
91219423
197153199155
40834188
59376139
1889619198
145128148130
97929995
185154190155
1508715389
174476
2924133242
2012822131
143108145111
105184107186
172207176208
1513320134
1852019021
1449614798
67707071
162215165217
61439144
187188188192
185218188220
8124684248
5219654198
113157116158
144103146105
186151189153
1069310895
4521048211
161172162177
175177177180
12931344
149161150165
41654367
124228127229
164117167119
3921742219
3813443135
1255512956
1892719229
9112494126
8120283204
115141117143
998210882
516112161
19242028
1787017974
97194102195
37143916
144106147107
1191312214
816710169
1745817959
8323086232
120203122205
3323634240
125130127132
7741275
1079610998
1498415286
1813718340
77888090
123119125122
142175147176
160116163118
7214475146
147236150238
114139117140
5017153173
595627
1186712368
1302913430
1205512456
5323956241
22292431
129223134224
612644
1898119482
36733778
169106171109
1678017082
123123124127
98171101172
193214196216
1221214215
1963219934
82298531
28903092
162105165106
2020128201
15251827
84778778
6310565108
145179148181
171120173123
7216577166
4116044161
23772678
1801818320
122159125160
160195162197
69187021
31396141
188206190208
46194821
1147411677
2112124123
22192521
01153116
106177107180
4594612
153148156150
1076910971
818923
66467047
2122122224
33423545
576977
78598161
119122122123
3715340155
51535356
1622416526
1082411026
915610159
01114112
1455914861
1824929249
196224197229
1446314964
12701284
12371259
5122054221
182126185128
39544355
2414127143
1594316245
164172169173
33283530
32253527
1724417546
13501382
8815391154
135234137237
52395640
1017210474
1659516797
7317375175
4022741230
186108189110
1802218225
24572759
133102136104
178157181159
8511289113
7013474135
3022732229
7122373226
4919651198
1683017033
3514038141
160198161201
6912171124
4215545157
175162185162
175197179198
750782
722311224
972810030
1617219174
78658068
179220182222
1937419676
141180144181
167213169215
8414787149
190180195181
187201188204
1764317846
125187128189
1019012193
68267128
3020932211
92419543
8222887229
33823584
2618828190
4419445197
171156173159
1716817470
01422144
1712220124
97859988
161210171210
1167911981
8823591237
1686717070
18201842
02092212
1731417715
5616359165
5110954111
194143196145
1935819365
119125122126
181108184110
96192100193
89559257
4817451176
1034310645
1235912562
50165318
9415194158
27522855
4011043112
54335734
9515198153
75667768
5622159223
7022073222
19798198102
33663767
164226166229
1884219044
9317596177
47504855
21432345
7419676198
28373139
1626816470
