1752
8410885111
1609616298
4812451125
178480
131227132230
117518
2115125152
34653667
17641796
96719973
130215131219
184210187212
1499615199
8416186163
187140192141
1676516967
128197129201
187204197204
1658617087
98243100246
1819118493
51595362
8319185193
3514436148
6714774147
62386441
146101153101
1712717230
6824772248
166171169173
147144150146
162219165220
51278129
173100175102
190198193200
01452148
1259913299
8916192162
93529554
147240149243
168150171152
1557616077
165117167119
182170186171
2116828168
164143168144
184133187135
6912472126
136187139189
26192724
805818
142146145148
14831514
9213195133
3511038112
8421486217
161107163110
3423737239
107237110239
109136114137
33423644
184121186123
124238126241
169221174222
1723117632
33893890
80918293
721743
4584810
2723830240
1158211883
4714749150
8321185213
985810159
1402914330
1967719978
1684616951
294317
1023410536
91249426
21355137
5122953231
150242153243
1122011721
5615459156
7610978112
117165119168
160196163198
82148317
88659167
11934195
2222125222
189215192217
168119170121
6310265105
182158186159
3010632108
3024733249
119221122223
1325113453
115237118238
1682717030
179142181145
40374339
187106190108
1665516956
9524697249
117192120193
1173012032
1007310375
51555358
8220585207
3719941200
191113193115
194182196185
161167163170
194218196221
30393242
42304731
102179104181
6919173192
4511552115
125111127113
992410226
18421855
70487549
1721517517
1929519498
181146184148
152125156126
62238225
2814431145
24272928
1059610798
9614797150
154170158171
105166107168
3612139122
143183145185
173219177220
1582016022
176153179155
1612016323
151207154209
1133411735
131196138196
9423696239
1884319144
1445714759
8915393154
3524738249
41157117
918925
97319933
02293231
78618064
88839086
151184156185
8313585138
171114172117
129132132134
93379639
134179135182
32426244
80298331
198224199228
4412046123
1754617748
8712392124
146173149174
9323298233
43784779
3723040232
8515687158
46884990
6911672118
183187188188
62316434
2314626147
1368913892
123230127231
126162129164
8913391136
110123113125
4216944172
98172101174
3610039102
26253026
174194178195
102175104178
53985699
153158155160
2024521249
2021324214
18301881
183199188200
48765178
4818150184
154107157109
134238136241
262285
52315632
160191162194
193232196234
96959898
2317726178
4319648197
5624557249
169218172220
1484915150
1812322124
114149116151
188205190208
1513418135
46204921
184116187118
5819460196
150227152230
11564158
911962
59946296
150171152173
133176136178
185168189169
165229166232
1479314995
16301932
1584416046
47575059
17572158
139144140149
170174171179
1412217123
8717790179
813110133
1966819969
73837685
1186412067
1697417276
1869819199
5612758130
46854987
1733717539
1141311715
17671799
1277712979
195209199210
3412435127
6816372164
1916321166
147246149249
110181112184
9412597127
1513415435
716311164
4617449176
150221152224
1561015812
102182104184
93409543
2518928190
135116137118
181209183211
142237147238
29573259
132171134174
110241113243
2918232183
113185118186
4110746108
148237151239
114207119208
185215188216
1864818950
810011102
1476414868
2314826150
167203171204
2317125173
4618749189
148177149182
761964
1454714749
113141116143
1304413247
4511648118
1305413356
48925194
473675
9415196154
4324445246
6917672177
1135411557
195149197151
2918832189
8416986172
18822084
2722430226
1406714369
718710189
165236167238
190221191224
7120573207
1096911171
181112184114
181212183214
754785
5422257224
1063210736
156243158246
95349836
145107147110
123233126235
35833885
120230122233
60286429
9261228
146158149159
02072209
1786718069
139138141140
168200171202
8716391164
183201186203
140217142220
3423236234
109110112112
168115170118
34323933
6612169123
1384514048
1188812190
1497815479
163240166242
110185112188
127215129217
1579615998
1624419245
9621297217
1877418878
5417957181
11751477
6115164153
433464
1195012054
6610068103
84568758
96249827
68297131
1315713459
8624488246
26752977
167228170230
1256112664
2714930151
146147150148
1368013882
1615516357
01753177
41697170
8911692118
85248825
83738478
27903291
3817741179
5224655248
6620868210
2920431206
152110157111
58786180
101241102246
1293313135
2218225184
38514054
1811318415
1824619249
112212115214
8218785188
189233192235
5413456136
6123064232
127114129116
189159192161
9821799222
5712260124
101113103115
116127117130
8722189224
184229187231
2519230193
2213825140
103105106107
79168118
126219129221
179118182120
196156198159
4324746248
1554915751
171228173230
109158113159
195118197121
1023710439
165223168225
02442247
2913733138
13611663
133234136236
54905692
7316578166
1511917121
162112164115
1779218094
3714341144
8023483236
3618839190
3824240244
1714517447
1466914971
4421047212
6824572246
12311533
9311398114
194143197145
5220354205
153224155226
163157166159
1747317974
1520918211
3722140223
6912972131
6810971111
143209148210
157193159196
57716172
17901822
1589316195
150156152158
166244167247
19601992
96289930
194212196215
6819469199
01783180
1522318225
98184101185
5722860230
1573615938
137112139115
062363
54635666
147149150151
54435646
160147163149
165163168165
4921552216
8613888141
21882589
93959598
638669
2221725218
19101942
194135196137
71397441
196205199207
9011192113
3012433126
1702117322
4018647186
5817960182
4915851161
2018023181
148183149188
170242172245
081582
118127121128
2312528126
1657116774
4212644128
6214865150
1023912242
125179129180
6821770219
151136154137
78428144
1752217625
18742176
2416927170
3421137213
8113284134
171132176133
7519677199
1908719389
9323498235
3819143192
183108186110
168213175213
84268629
1645216754
171171176172
3521737219
10681469
7971099
29953197
185195190196
161246163248
151107153109
5511758119
175190176193
6715370155
1135911561
5912861130
2520628208
104162107163
165916811
142133146134
8798912
2014123143
121812410
197211199213
7724579248
117200122201
145140148141
3521437216
1718017482
32097210
8920990212
7813780139
5921562217
6715970160
6119363195
922711229
1641916622
163153166155
127175129177
1704817251
6714070142
9519597198
55145716
3722740229
1261512917
187182189184
140185142188
7920481206
142172143176
1515415259
38144315
1196912271
164213167215
1364114142
8910492106
1254212745
36213922
169156173157
1803818240
1704217344
160226163227
1275412957
1174311946
5118153183
1962319924
108165109168
171146174148
179228182229
112248117249
199920104
2921231215
101239106240
42047205
176247178249
1017112174
7724280244
4819151193
17612063
4916750170
187218189220
8622989231
52765777
90559357
125135128137
1965819959
1153011633
195222199223
8122584227
132247135249
6213465136
1223315235
02143216
1461214914
140135143137
190162192164
34613664
4514049141
55365738
32863488
7817283173
173164176165
6621168213
183137186139
7716980171
1913821140
1573416235
7314076142
104131108132
162160165162
7524276247
68447046
107217108220
177112180114
198117199121
8912892130
118140121142
191132193134
22242526
4620348206
131143134145
1953219834
865896
1639416696
60546256
1624617249
1407014272
4112343125
126213129214
18342634
171214173216
161122164124
174234177236
7318781187
67346937
320327
49395141
10021034
144186147188
134119135122
847869
165122170123
19571979
35753680
1921019512
117228122229
67227024
8310586106
1048310685
7312477125
8214384146
219823100
105177107180
7217075172
3314236143
4214044143
140213143215
1633316536
1732617627
5815760160
78828183
1669016992
5224155243
83878492
137177141178
111204114206
8216684168
6124062243
45625063
151146155147
66166918
110168112170
187219
174141177143
01422144
66476949
194154195159
6613467139
67877088
1481515116
138107141109
1511115512
155114157117
140110142112
81608363
194127197129
96228100229
1442914631
8314986151
1323313435
7321576217
110208113210
180161184162
1712819131
91589559
1419014491
17601783
65147015
6217367174
180153185154
1818018581
879890100
714010142
182818510
123222125224
73247626
7523676241
38184020
122182125183
1492915033
811510117
132136134138
1425814361
140127143128
26473647
13921497
1498515187
4823651238
158112159117
115136117139
999410296
191208194209
5310456106
2912032121
1323916240
1210515107
3213935141
3010135102
113190116192
177160184160
143144146145
27123014
1845518657
1627016473
58385941
1828618588
21822384
161182163184
2115522158
6420266204
143179144182
123200127201
166138168141
168182170184
9316995171
2615230153
141129143131
199190199200
130160131163
6321665218
1437214674
93909494
54545955
6110763109
51445347
98214100216
6319664199
1093911241
77937898
6914576145
102154109154
102219104221
7014972151
137163138167
2522928231
142138144140
157125162126
12581560
133123135126
155136159137
137199139202
190168195169
599962101
333536
1535215457
158151161153
182100185102
183227187228
7518180182
9299411
7121873220
176239180240
3010339103
109130113131
183217186218
6217167172
1711619118
15242025
2724529248
1154311648
6623869240
107235111236
127101129103
5410057102
74447746
6413167133
116911911
178133183134
142104144106
6715274152
4094410
7123674238
162171165173
41788179
1678217084
8514589146
4210944111
71877489
746949
44134615
1218212385
1717819180
6524667249
70121
1099311195
30433246
15751626
2218724190
1243112832
182192185194
1165611859
1956619967
18492150
185103188105
71767477
133187135190
159229162231
1215912264
5617761178
12264228
1671916922
1468714790
114105119106
1082211025
8122883231
1431414419
192243194246
1210015102
1696217264
197240199242
1904619249
196169198172
1049210595
176134177139
1281813020
8913790140
48505152
70367338
91339238
8918691188
19299194102
4921852220
5910362105
117216120218
1224212445
1337113474
1798918490
117131119133
1462014823
1498015282
139119141121
57236024
1441014513
1437
177156180158
7223375235
79678169
92449447
14001432
9015794158
113187121187
5714860150
17441752
9318096182
1127811679
84158617
96839985
116213125213
27153116
1118813190
192105195106
45924795
111201114203
120137123139
711312114
107171110172
96211106211
1541315616
4321346215
105133107135
1362213924
60846287
1615718159
41174418
1701817220
118196119199
7110579105
1113114133
8523687239
133127134130
1275913061
1026810570
5716160163
4314746149
152247155248
10131216
9511154
101195104197
8714789149
997910182
96409942
2912233123
6723271233
181122183125
131139134141
1419017192
3115233155
8823290234
1284113143
1491915122
186100188102
26872889
8215385155
1222915231
16661698
405446
8320886210
7815481155
144212146214
1916319465
192170195172
1146211764
111215113217
70917592
8220285204
499952100
3122634228
528830
15821614
75397841
8713191132
195237198239
3213639136
197216199218
96139101140
155227157229
141190144192
5022151225
1268012981
4319446195
15971629
120117123119
1476115063
1077210974
2521228214
111237114239
76148115
7311475117
94559657
122179124181
1437514677
1058611087
109198113199
1288213184
83808682
5518958191
5620760208
65276730
167159170160
1745917960
20212323
158108160111
1718317684
176104181105
143196144200
197243199246
144175149176
4612748129
109190112192
151194153196
1826318664
1737017572
6322568226
01643165
2515628158
99225102227
757960
3116034162
28693170
15498156101
154213156215
153164155167
26922894
2612028123
7921782219
130220132223
085387
19031935
193178196180
5516960170
147133151134
192116194118
102222105224
8116383165
1757517877
02402243
1509315295
130244135245
1706517169
1607516875
8914191143
18642067
1585616059
139225141228
1946019762
1149011693
163816412
7118274184
111149113152
1218213187
153204156206
6412465129
16272327
7220974212
8215684158
1611016214
1746117763
1807018273
149126151128
153230156232
1921123212
51477149
165111167113
154242155245
109146112148
8816591166
32183420
21792481
3224034243
102148105150
5512058121
338541
148218151219
8117884180
103108106110
67607061
75107811
1756717769
79748275
7811681118
7822780229
95939894
6214364145
1244812749
28213024
3515137153
2216223167
2011021113
1091411315
865968
1583016131
02102213
84618664
18661897
14801512
1116512168
137158139160
922414225
2310326104
154188156190
0031
144117147119
99191101194
1964919951
123142126144
12641467
1006410266
58576159
1767017972
7710179104
32356237
164169169170
193173196175
74317733
4719850200
9324396245
7817481175
102119104122
180238188238
105225107227
66826884
116116119118
16381841
76278028
100111103112
3322936230
1819618498
135215139216
2110126102
51948196
152116154118
64356637
155234160235
1494615248
6324167242
151148153150
65506753
108141111143
146201149203
106185109186
12011232
170185170194
1745517756
025526
9219594197
80348336
1885419355
1086211263
54395740
2515430155
1878419086
12531285
56565759
1555515757
11798119101
3322336225
57736075
2310826110
44674768
146191149193
4821251214
172136175138
7923784238
1156611769
5924060243
3821440217
1245212655
50855189
18631895
1647916681
181156184157
61746377
7019571200
9311896120
159131162133
8717591176
1641316616
10501082
6514368145
5922462226
4022442226
9619998201
105202108204
2121525216
5519257194
2717630178
157165160167
109149110153
143184
1317513476
120202123204
1803418535
3611839120
157230158233
111138114140
4516848170
3214434146
133101136103
163208166210
15671589
120111121114
120161122164
10871119
82468548
7421878219
2416226165
99209104210
7714080142
5112854130
1714420146
6519168193
5714160143
3413336135
100106102109
41944495
125139128141
1695717159
119143121146
4815251153
3011332115
140232142234
6617668178
639865101
195224197227
149152154153
2724437244
77488050
5422557227
147135150136
74207623
19061929
4810451106
823011232
1802618229
5621059212
1307913381
1534115643
183182186184
130101132103
3616537168
1112411326
68267128
140179142182
01723174
146100153100
171187173190
1813118433
12051227
126130130131
136217139219
112107122107
89319432
1716418167
6711370115
4724750249
157162160164
6618869189
8718089182
1772617929
42915091
5219054193
196102199104
6221964221
8619991200
4011643118
9221195213
9616898171
1311216114
1613818141
57176018
161138163140
417448
1293013232
53115613
1623816739
1627616381
2613531136
7715881159
185112187115
8523287235
84598860
7317574178
146204149206
1451514718
190154193155
1567815881
1553015733
5014055141
1235812660
179191181194
1876119063
1324116243
33543656
162199166200
66626964
8419791197
141122143124
148107150109
1779518097
136227138229
196106199108
139190140195
177209180210
2613728140
1311716118
1657616878
178135181137
165248170249
98187101189
4213544138
67767077
164226166228
6610468106
4521648218
1422614528
2922932230
1517115374
99177101180
12521554
85898891
119108122110
1028010482
1915219553
77248026
750801
1588415988
85208723
6023363235
1322313525
5119854200
1459814899
7313175133
42964598
192238194241
2012925130
9524098242
151162156163
182103184105
6722770229
150204152206
151815410
12297123100
5118454186
51258126
13951427
1003510140
89879189
1218612487
141205143208
47225123
127142130144
12341735
3317136172
39804183
1547415775
105160109161
7513577138
7517477177
58336135
195115199116
1658817089
174183182183
114111117113
46254827
84368837
9311196112
4615848161
2220524208
1347713679
19798199101
1269712998
1127311475
83108612
1035010553
108138110140
137220139222
172173174176
14881790
1095311254
4018945190
189130193131
89909292
6718370185
7113474136
131106134108
3415539156
576878
9416396166
42016203
1851918920
46485149
190142193144
10396104101
8511588117
9124392246
153199156201
20922294
151197154198
42874589
152218154220
99159102160
1516215464
16801750
185145187148
143111145114
150216155217
1916619467
136122138125
87278930
1086611267
075377
1153611838
98212101213
68677070
1197612278
5313760137
6611275112
63226624
190151192153
01693171
52208222
71717572
1915919262
154154159155
185160188161
1078810891
3916242164
1934919551
1758717889
6824979249
5314356145
119236121238
1013613138
1722317425
145137147139
26952898
134210136212
16741705
173196176198
26652967
1128411685
15221544
157156160158
5913161133
5215355154
1339513597
160213163214
194138199139
37434044
25782979
1772318025
131104136105
135232139233
124167126170
123219125221
4011444115
8620389205
85838786
53815584
186128188131
9216393168
8321886220
188227189231
169140171143
21917192
174107177108
8619188193
2213325135
8310185104
48825184
1005110253
141149143152
019222
195229198231
182175184177
52145416
189100191102
1317220172
1462515126
187232188236
1678017081
192103195104
02191222
5311654121
991910023
4419846200
1237812580
1309113194
9520796210
23852587
107107108110
13721674
67197020
126125128127
109228111230
1622916432
130206133208
038241
150174154175
59926393
128155133156
71587460
98143103144
1816618269
1058810691
112118115120
1873219034
20312233
9711041
1977019873
1316916171
172247175249
186125188127
184207187209
122145125147
63566559
223254
2817029175
1119113194
32783481
134155137157
4124442248
61656566
30773182
81268328
139196142198
4316346164
1889019192
1492715228
129135131138
7416076162
10611263
1145011851
130209133210
1506815270
1083411036
5212454127
13451647
5912562127
105195110196
7016672169
152235154238
1879319095
52215522
1311513417
1129411497
2618228185
77897992
115194117196
8212385125
1204812349
1784618347
3223642236
186162189164
41554457
5219454196
81648366
106221109223
7112174123
79588359
49645166
1239412696
146160148162
01244125
185149188150
157215161216
11271159
68517054
85969097
1354313746
129246131249
6023763239
92129514
120169123171
1895619158
7113774139
1818321185
6824170243
2215925161
31833485
127167129170
6716869170
176184181185
8518988190
1618721188
171166173169
1522015522
2222325224
113168116169
1195612258
123227126229
147129150130
32263528
105181107184
1676816970
1589116392
126202129204
1338813591
120101122103
1868018982
31243425
2621528218
7814786147
32953596
65386740
1913819539
130175132178
167241169243
13398136100
21632365
374396
186165189167
196122199124
1634616648
3524037243
79108211
1689517197
32293531
7310276104
1311516116
17531856
1547015771
6516666170
12901322
1922421226
4223346234
4923252234
63106413
149140151142
101169103171
183204186206
88189120
1610018103
135160136163
1422114523
1237012475
5516056163
79948296
1819021192
193119194122
113230116232
132216134219
22592462
128111130113
2013125132
105205106210
16299163104
4015343155
175116178118
319522
41757177
4511048112
8516687168
2010622109
101155102158
167155168158
1384314144
3311535118
140113142115
5518257185
6217565177
6124764249
1844618847
816912170
79228423
42534754
168238171240
144126146129
1522315326
153143156145
3815245152
26833084
1808418585
93279530
6423366235
506547
169112174113
161222164223
1464314846
150112151116
58256925
1891519316
3121833221
1636516469
7217974181
9613699138
110246113247
7022372226
122128123131
113228116229
191145193147
28293130
1368713988
6920871211
9214995150
155556
15521574
1885119053
1671316916
1361411
179115183116
159159161161
98509953
37763979
8620691207
7916681168
105175110176
130202134203
4920351206
11399116101
137135139137
188114189119
46644866
126222128225
9410199102
469848101
132184134186
1646216764
66717072
1123613238
2782911
023524
82508552
89589062
10241425
34513753
4911051113
133227135230
185177190178
102191104194
144120146123
2424426247
184140186143
046348
1278512888
150231152233
3620638208
156222158224
108205110207
128242129245
103234106236
197178199180
156225159226
1513815440
14421474
1017513177
1612616328
3516238164
163229164232
1357413776
152140155142
17141746
114102117104
103145106147
159240162242
3117736178
79398241
388690
1336313565
1901919320
151119152123
1817420176
91159417
187137189139
93709573
6115866159
56845986
34493850
86498852
7320075202
141239146240
576608
5320655209
5416456166
192181199181
155207158209
1016210463
161128164130
1355713660
148234151236
114158116161
5221155213
4623951240
4512447126
189103191105
3114934151
8417386176
129154136154
