1726
190211194212
3619138193
115108116111
1855519056
140204143206
01512154
6816371164
9751277
179237181240
143216146217
6211364116
6322866230
02317231
4924853249
1041110515
1228312485
172127175129
117117119119
53515653
171230173232
1451214714
819911200
64776878
188187190190
9211322
1945219754
230432
1416514666
151190152193
157116160118
132130135131
184169185174
20312333
1575415957
3022534226
2223424236
5913062131
6231124
4010843110
40744276
30743277
170120173122
99139102141
1926019562
1006510072
45224824
23522654
53315436
1169411996
1866118766
105129106132
8018081185
3315435156
108104109109
1104111343
4094311
1105311554
1431714619
79548255
75417743
1311416116
1687917181
23342636
160151163153
7112876129
134112135116
1236012662
5315564155
9016791171
2412627128
160190162192
404426
122189126190
93729674
02123214
1472715228
6514768149
5414158142
177218180220
1654016841
1687317076
02221225
183196185198
5317655179
134166138167
1578315985
4522148223
576878
102206104208
116171120172
1832618529
917512177
1218912293
134159137161
157102164102
1692117222
1711026110
01693171
1352213824
154195156198
143211146213
1261112813
53875590
107156110157
155163160164
5323156233
126116128118
0015
197221199223
1193512138
3317935181
101184103187
150135153137
1419616198
177122179124
7416277164
9523598237
74447746
5011752119
3723540237
145237148238
1761217815
1632517125
11985199
12931495
115112118113
113182116184
973010231
7511378115
7718279185
10251047
154215157217
17151737
1822422225
59376139
1088811091
70477250
97929995
60466150
166108167112
62796481
193241196243
29833285
2318827189
6324766249
163234166235
7013372135
44674670
98248103249
130713210
13431645
5616558167
134120137122
4818050183
34543755
69927194
530733
74587660
1515517157
46394841
1951019613
53645566
53775579
3516337165
1417514378
7919382195
02041209
8220284204
70607262
136129139131
121147124149
17121734
1569715899
1522019221
173109176111
78658068
92839784
88209221
9020593207
188213192214
1547315676
1726217465
1158211785
139137141140
119100121103
1142811730
74247627
1304913351
1216415165
73647765
4312546126
54215623
170151175152
112216114219
1319213395
5815660158
78438046
15831615
101116102119
161816410
2035
21634165
19742475
1013413136
109122112124
28963198
73777579
3012132123
177177179180
1498915291
1964719949
195232197235
19992999
1966619968
170177173179
4713748141
8921191214
1498015282
32216223
3821441216
57226024
108216111217
994510148
7120274204
133188136190
161166163169
98137101138
1406914272
668969
41184420
1366314164
171132174134
3818740190
193208
164122168123
8212185123
4823950242
1917719379
180165185166
161125162128
6820671208
120117122120
179130182132
6718270184
2513527138
1422214524
156192159194
62106711
426529
193145196147
1369513798
1341113514
51825384
138120140122
4716849171
145239148240
153170154173
106199108202
5016852170
1463115032
65346836
2515329154
1872219223
1162511827
1821919319
2014123143
13661417
1191012113
1318713389
142196144199
1737117573
1078210985
105189106192
2012923131
7511677118
1793318136
57255829
74347538
1943319536
103180105183
51185321
87479049
3724339246
19501973
127142129145
1718417287
670692
6251126
1724520247
114138117140
6518069181
1277513077
9522998231
7816280164
1809518297
6121562218
144186147187
46424844
1185312056
41244426
173242174246
5017452177
181203184204
1074410946
187218188221
1838118683
1413416136
150131153133
127134130136
155105158107
119194122196
1676416867
49315233
7110572108
51208121
84128517
1626716668
3820140203
1844418746
9117494176
177127180129
126170128173
119104124105
82498650
6417067172
105244108246
31846186
1802318325
53925694
1889819399
134229136232
145116147119
4918553186
28143116
2721830220
35363838
1866718969
5922162222
11401153
1013510436
23232625
7022072223
100152102154
165241166244
9420597207
4217145172
5723260233
9519997202
4476
83388640
138108141110
12434245
1827918680
258460
1811321115
98217101219
2524528246
169197173198
113415
175184179185
5815060152
6610269104
5710860110
1513916142
1513115333
94809781
193244195246
61738176
76357937
1097311275
106141108144
66866988
572874
561763
175223177225
173148176150
1399014292
4821751219
145148152148
115126118128
2414826150
10511082
4510748109
93209622
121182123184
5824461246
130166133168
119217122218
33173619
150182
175120180121
1397914181
196107199109
2611929121
137143140144
1494015242
3323134235
6610568107
1158012081
914612147
749877100
1906619269
556858
2722229225
1320916211
5115654158
190222
1489515098
180242183243
9199312
2716728170
55285632
5820561207
1313713438
1536115762
151141154143
1914319644
6914571148
163245168246
7617178174
622610227
50745277
61509152
5316958170
7414076142
1735617658
8019185192
163188166189
61886390
4119443196
143140145143
4619948201
5515157154
5322756229
185207188209
111187113189
133180135182
1734817451
65196721
1296913072
1815521156
133191136193
6919872200
71317334
127166129169
101157102161
1446714570
1165011755
156249166249
8423587237
1237012573
19182419
1392214124
33573858
1723417339
1333113732
9622698228
6521668218
168156171158
168226173227
1322113423
22063209
71717473
17971848
4712249125
12771299
1791718119
22202522
1317313376
128123130125
162219165221
6419369194
1019012193
148116150118
152146155147
159218161220
153232156234
1018612189
3023131235
976210064
144177149178
9216695167
198117199122
12611463
31303333
136210141211
150170152173
492794
1713820140
8910191104
8912591127
94879789
7710682107
157195159198
49795281
169218171220
913912141
1258012981
1815921161
70101
246268
2113324135
137219142220
2714832149
140243144244
109141114142
6624468246
59176119
117207120209
51287131
862965
15351567
5012052122
43774678
117184119186
3511938120
117181120183
36203922
8415986161
21475149
122106125108
155218158220
7521477217
1194012840
9518898190
38324233
1422517226
1911219414
1786318165
1816921170
1877319075
1676816971
125137130138
8516288163
124157126160
83458647
5722759229
4816151163
8424786249
143105146107
11099113100
123174
1406714368
4721150213
190103191106
1278713089
184114186116
1669416897
39374238
436468
1803818340
145127148129
164103165107
109190113191
6910073101
6717770179
5412656128
102233105235
3313934144
43594661
1156511867
173175176176
1761617819
6914971151
5513560136
1112411327
18099182101
108234111236
122221125222
7310674111
6271427
137232138235
196115199116
116237118240
19699199101
7191120
4922152223
4316146163
2811132112
122157123160
6412167123
1638116782
182210187211
171145174147
70287330
194157196159
119221121223
1863618938
9312098121
133108135111
569959100
116135119137
151194153196
8217785178
6215966160
7321277213
68517054
197173199175
1275413255
160134169134
4515948160
171100173102
143914611
138111140114
4014045141
74317733
33763678
90579259
1585116153
188122190124
4017341176
170238173239
110180115181
6123865239
4719649198
123117125120
1543115932
1767017972
129161133162
20922294
172817510
64836785
1125011552
16331935
175136178138
1838519385
1886218966
1777518475
117198122199
1373314035
6616171162
1347013574
11291431
1425814460
5412357125
163159168160
126219127222
62426544
94589760
184160188161
126107129109
4024042243
105154106158
1221212513
79928393
140154143156
1216312366
5011554116
6322267223
2916832170
117167120169
1699417196
66166818
5014053142
097299
116159121160
192123195125
134105137107
106169109171
175202177205
174230179231
179225180229
3513137133
8912392124
7618779189
134164139165
59916292
116319
7911082112
3413437136
53436143
32883789
4122643229
1936619569
2216127162
1086410969
30113213
1635616657
44484650
42844487
157155160157
9951018
1826218564
149127152128
612211123
8520587208
63926693
463495
76797981
17821814
24892691
1872918932
45835084
153115156117
987610178
81438247
4010342105
168162170164
9510499105
2818730189
1888219184
1624316446
137212142213
111229114231
120161122163
8301032
1048210684
148217151219
4011444115
168127171128
5811862119
1224512546
1167812079
169204174205
110101113103
119140122142
62236525
1455914861
6281029
125179126182
180122184123
1739117892
169123173124
190142192144
1782018122
127158129160
1033411034
2114424146
61438146
158160161162
836868
121229122234
3113034131
278329
9510699107
1638716689
6620168203
107133111134
132224134227
183179186181
1702917232
7917181173
8711892119
182162184164
34803782
197227199229
127175129177
155170157173
2324226244
20552159
174115176117
112132115134
584885
186166188169
161130163133
115141118143
170117173119
1118211484
1616717172
1462314826
4617749179
92459547
8916491166
1358214083
7719079192
1603716538
28622965
1868618791
129120133121
17799179101
1673317035
197155199158
1105911361
1066810773
1511716122
103100106102
8714292143
1637416576
194104196106
18421893
6110563108
1410916112
80348535
175208177210
142135144137
14381740
4420145204
1674516848
32143516
160215162217
95629667
50275230
1391914121
1510518107
2414227143
110240113242
44624664
127139130141
5521058212
1293013232
3311934124
1296213065
3424236244
6819173192
137186139189
4620749209
9518197183
188152191154
47725073
81728474
8823990241
93249626
74927893
5111053113
122127124130
148101151102
62456547
8178212
49665268
930953
4820657206
5815361154
5222454226
79388240
168125173126
39103917
192117194119
190191193193
01145115
149164154165
195149196154
139103142105
4619047193
195117197120
7722480225
1621316515
54195820
16601711
1108511387
3110234104
065268
1241612519
97379940
176241179243
71869188
110178115179
877909
25632766
7724180243
1918822190
123143126145
132173134176
2317628177
2320425206
43744775
8323885241
184157186159
5716260164
16231925
1819218494
1032910630
73617762
3112734129
165207168209
67896893
51348136
140147142150
16599170100
40144315
276327
153109155111
41274429
7919682198
1978419986
8911192113
185102193102
193232194235
165186168187
1915519357
111159115160
2420727209
091891
1586016261
15701872
139232140235
107187110188
8519788199
8915191153
02282230
01425143
89609361
1582216024
139221141224
164142165147
2211425116
1285613158
1514316146
40214223
179186184187
141127144129
98200100203
166199168201
6820971211
61719172
1387314076
3618537190
6119163193
18772080
213228
1616316464
1106611368
3516938171
5114352147
161122163124
1672717028
39954496
126240127243
1423619237
61798181
1016110463
139117142119
3515138153
161172169172
3118735188
102239104242
1567815980
72827584
6514368145
62746576
1117011472
103135108136
136123138126
1023513237
98205101207
78628064
194190197192
8416486167
31235126
55126013
1355713859
29373139
70117116
6921572217
102217105219
20812582
9210794110
109208112210
4723650238
119916100
1275213053
143133148134
51378139
34593860
3110734109
816211164
173233174236
10561078
988410087
8423089231
14731775
71387341
98183100186
3314536147
117191118196
1729817699
1677717078
1256812869
32175220
26752878
186128191129
112143114146
7815981161
194174196176
821411215
4821451216
1903019232
2010722109
100104103106
159125160130
1833118633
1926319565
127226131227
107139112140
130158132160
1874819249
5512958130
1378413986
22622465
1077711079
96233100234
1009810399
131170134172
128155131157
163214165217
01162118
3417337175
179248183249
185212187215
1511115612
137195140197
3015232154
1877819080
14231446
115152120153
97174100176
6821372214
1713520137
4211350113
026130
5812261124
12151246
1445114654
1336313565
61516353
7010972111
15261828
6319965202
7220877209
171212173215
155165157168
55715873
81929196
1302413425
188125191127
2918431186
194184195189
1603316335
5123456235
151221153223
100210102212
107147110149
1533915641
140161142163
9941197
134200136202
4816551167
6220363207
3918242184
5717961180
1862618928
36284029
125205127208
3618138184
133126135128
83688670
180184185185
183135186137
157149162150
59796181
1612616428
7012172124
127223129225
126195128197
9222195223
3514340144
50695371
100221103223
119235122237
7377510
143160145163
1214812351
3017533177
9212595127
5918363184
6418266185
185103189104
1425514457
5896111
8110086101
154199157200
143130146132
39434245
5321958220
80238325
1932019821
1744317645
18441895
3820743208
173173176174
1597316274
2310226104
152218154220
1927019473
4913854139
62142
53565461
6517570176
172219176220
56775880
143146144150
117229120231
34273530
1835318456
1089511097
9222695228
194224197226
3919141193
111176115177
8520287204
8716789169
4416846170
7513780138
122223124226
121202124203
500523
8320584208
162161164163
8821591217
734936
4710050101
3816541166
15431574
1764017942
01882191
151138154140
6323166233
168228170230
150241153243
1441514916
1149311597
176817811
1915722158
3721742218
1191412415
105175108176
3813139135
58346136
177116179119
196246199248
129163132165
31915193
1106411465
2221033210
108195111197
1502415326
863885
21344136
8013483136
151185154187
512715
26852887
1637916780
1895219254
123234126235
1562916130
1681517117
2710230104
159109160114
1593916639
111154113156
87838887
5719461195
1221514218
64506752
9614899150
9113396134
24762580
7123374235
32963598
2622629228
1546615569
187226189228
4511150112
1783018630
57305932
2319426195
3117133174
172159175160
38304231
141177143180
4318345186
5314356145
1535415458
175207184207
188215191217
5511657119
1662116824
1582516027
822853
01663168
5220355205
1756217765
185226186229
192152194154
132154135156
1775517958
181153186154
140239141242
7621979221
90359140
3315034153
62946497
174181177183
124183127185
27533054
126161128163
1841118614
01755176
230238
21952298
102810410
118138123139
99100102102
7010272104
128151130154
70357337
4222144223
2022623228
37254027
1512823128
6712469126
1934819551
141113144115
141121146122
9319495197
1763717939
1222612528
56895891
80908491
167247170249
2322928230
1395714160
1679117093
812810131
3817339176
89249226
6222464227
156136158138
139166143167
8724689248
190181193183
1392514128
5520060201
191222193225
1228612488
108214112215
8820489207
104145106147
1922419625
197242199245
155122157125
1747417677
521822
153150156151
145136147139
178167182168
109911111
1719720198
1617619178
25552758
13831415
143100151100
9416297164
19171949
70257327
9471050
105167109168
1902819329
123194125196
9210394106
96479850
117203120204
10921114
3822241224
165115166119
3723839241
116224118227
93279629
1648316784
112119114121
156229158231
1532115623
12341536
5216255164
14521754
43314633
612411125
147198150200
31505153
1623219233
191107194109
132183134185
1373614037
1854018842
72887491
103211105214
86658867
185108186111
9614499146
923814239
47584960
1483515038
45854886
7118373186
4913353134
1518620187
2518127183
1137611579
2417227173
7011372115
178106180108
3221337214
161116163118
64896691
59266227
182102184104
137178140180
17541777
4222445225
47485050
158176160179
1624821249
37404042
7014173142
81858487
6219566196
41668167
4614449146
40694371
127111130112
18512054
142112153112
182126185128
6210965111
158169160172
9510198103
9523997242
1415114354
3311636118
1074110943
167148170150
1347513777
11241175
65946797
103172104177
128103131105
4020443206
71807581
181124184125
3814541147
86339134
86118814
56865888
6824771249
4111942122
135118138119
139216142218
1731117514
767808
5924060243
4114244143
130108132110
115144117146
1594516147
1298213185
1184512147
33253626
7321875220
111220114222
4922851231
7224475246
1285913161
1003710239
4124446245
11212125
1513415435
7815383154
113206116208
7012573127
1522915530
02325233
135223137225
92369538
4618448186
1038810690
76738074
109198114199
154224156226
246548
163125165128
158165160168
164227167228
1828918591
2715632157
02182221
33103612
125129127131
111135113138
3419837199
15571760
107222110223
84258727
1796718269
1498315384
1824221244
1007310375
167173170175
9211595117
154221157223
24442746
8315585158
1710322104
154243156245
196211199213
3917942181
7418376186
1498515386
62316434
1253312835
15051528
725766
1163312134
195169196173
187240189242
1942919731
55446045
988110083
160225163227
8817390176
145109148111
7312176123
38464048
114232117234
1763317836
823111233
1794618248
7916881170
164151167153
17101815
121150123152
19541995
5811261114
153155154158
94429744
120210122212
32005202
127213129215
127126129128
9123494236
1688817190
37904191
702734
17861856
137247140249
174102176105
1717417377
181188184189
9024491249
1154011842
173171176172
8222683231
58956197
4021943220
1542415725
26272929
179918112
34903692
125149127151
6613469135
1476415065
139123141126
171206174208
103154104158
10701273
6720470205
188100193101
55575859
1134411745
1188212183
3322036222
150236152238
167117169120
1884519745
25402643
3224133244
135173137175
105239108241
8418989190
1119411397
112197123197
12571460
15301832
42404542
180114183116
5914162143
1738817690
8512987131
41587160
18395184100
038142
80588459
1463514738
151152156153
1893319235
3510339104
3617738180
40664368
12271268
1654216647
1725417655
1271813020
1289013093
1468414887
166219168222
6522468226
161113163115
29463248
190245191248
50895292
113122115125
1664916950
113212116214
156133159135
147166149168
20692173
185122187125
80568557
78488648
7018073181
1045810760
92649466
125223126226
3722540226
150124152126
144144147145
8311086112
2510136101
129244131246
6311765120
156203165203
28403341
1859518798
1920723208
173186178187
1705217453
02402242
7914781150
124227126229
116122118125
1673617137
109243113244
189218190222
1145811661
1574816050
5524258243
12841388
13461648
67126915
12599127102
89229223
105205107207
1382914131
1185012052
96969998
184216186218
39604262
57746076
145241148243
1911519417
18632165
1307913281
68807083
141191144193
1651616719
9221495216
124167126169
29783280
171201174203
1919519397
5522457226
84288631
145195147197
1857218676
8621188214
179192182193
3919942200
109135110138
1075310955
7018772189
9117294173
197239199241
1481115014
3019334194
1317013372
8623289234
1114611349
1666217163
50455347
138225141226
41474947
1048510687
24302731
1194112144
1617421175
61126314
1237412675
1091711120
6718669189
157236160238
1448814790
1949619798
160232163233
985810160
49245226
1624016442
17472049
178208180210
44134616
7716580166
1942619628
1495415255
132240135242
7324176243
192120194122
87509151
1223115232
161164165165
5118055181
195236198238
157232159235
1235212654
98242101243
122100124103
132210135211
31445146
2212227123
1110113103
1229412399
6811969123
8912192122
66226825
125209126213
7312480124
2123725238
1622116522
157224159226
89309232
1423114533
1489215293
01771182
109246111248
9617999180
21553159
3415735162
1851518718
7117675177
163120166121
1986019963
121205124207
8124482247
66476949
1235712659
127189130190
7511053
78148016
50585261
116130119132
131100134102
4420547206
34933695
3514037142
1501515317
108116112117
111202114203
5311754122
7224775249
4920151204
155139160140
7622978232
3610539107
32285230
1412315127
175144178146
185186187189
94129714
97679970
31533355
9622099222
14211722
5411056113
1151210
184120188121
134103138104
172112175114
119224121226
104203107204
1731617519
159228162230
192126195128
2914532147
163229166231
7617578177
161175164177
1161211815
89279229
7697911
147915210
9801281
4964913
36303733
141234143236
2117123173
1705817261
114189116191
3720439206
6813071132
994910250
1932219823
171153173155
54825684
104247107249
8617789179
1192412127
32373439
197104199106
49935294
14961698
4523947241
121200124201
6613668138
193143196144
106179109180
4417447176
70677270
1394714149
5123953242
