1736
166229169231
156196159197
3917442176
1734617549
148123153124
61229124
5619658199
899891100
168238172239
2018122184
150168152171
15541856
1714020142
5710760109
1395214155
148136151138
114194116197
1521117213
130119132121
149160151162
1394314245
78918193
1511820119
5022551228
1001810320
9623298235
5210053105
1516817171
170127175128
5722060221
4316246164
1801018411
1341213714
172201177202
179135181138
143158146160
157151160153
175192176196
7116274164
127159130161
189123191126
7420279203
1619818201
12881789
1342713729
1873118836
1854318844
129216131218
4716951170
148127153128
147191149193
116183119184
164185167187
145237148238
128115130117
1854618847
104219109220
73547755
156171159173
3412237124
1579615999
10961128
182227184230
6223264235
1127811481
915611158
142119144121
02163217
135167138168
106147111148
105223107225
3615740158
1417516177
3623039232
170213172215
1710120103
3010632109
114123117125
1723517537
84148517
146150151151
13541369
106115108118
57706171
51348136
1555515757
45634765
1562715730
5521157214
57135916
5220954212
8912091122
5821260215
74587661
4624648248
8320688207
137125142126
4421846221
89749475
166226169228
1893519436
139187142189
194104196106
59236126
12541285
8021782219
1719117394
114174117176
182133184136
93309532
115143118144
7118075181
1602716428
124180126183
7713080132
26492852
470502
13661767
149174151176
4010543107
1408014283
9018293183
140207142209
151131154133
58956097
5322856229
6120165202
2215524158
12698129100
1713117433
76227923
131244134245
8812393124
24762977
1738917890
18902391
1276813269
110156112159
829885100
413428
70647366
108187110190
8317886179
44864788
1337213575
47585059
1636316764
5216954172
113152115154
2823331235
18611965
114138116140
7921686216
2118824189
1635317453
161138164140
109203114204
11421444
11351337
438640
130191135192
27532856
21664169
1443614737
119181123182
131136136137
4415647158
1913319434
161206163209
1414914451
61568159
197244199247
1358413985
1114714149
144103146106
7113875139
2315026152
109151112152
1782018022
78488150
1573316035
109229112230
5313656137
7715779160
20632265
13099135100
143216146218
30403342
1627816679
13101342
8922092222
1214115143
197227199230
7314476146
140161143163
1458614788
122238123241
159188162190
3315735160
148234151236
3811241114
1294913052
40424245
1408414386
194194199195
196187199189
152224156225
32433545
19512055
25852887
1111116112
65596860
55856086
7524476247
1765817861
174232176234
684716
1719517397
7724478247
178219182220
143201146202
4714549148
131195136196
132154134156
1848118982
186245188248
1208012581
81389142
86148816
1234112643
4212844130
163225165228
157118160119
187109189112
191160194162
01843186
67807082
339935102
3120033203
154146157148
104233109234
1334613548
1145011751
5415456157
1847818780
46204922
78898290
8614589147
195222198224
1073410936
3719039192
192213195215
107125109128
2020423206
3414936151
10741125
049252
117178120180
108191111193
193235195237
7419576197
1451214814
94839586
45504852
3419838199
8911792119
108119112120
1787017974
173110176112
55175819
82778678
116214119216
1219312494
4311345115
9619998201
1401814221
921014211
78468347
1924519447
1099111492
174199178200
1371913922
21133116
65516754
5410058101
5612859130
136191138194
3223234234
3922242224
1189012191
1753117733
19411
107143109146
96909893
51595361
1024112243
119813100
140109143110
188165189168
7224875249
29223423
7621979220
112142114145
6621968222
4113744139
174103177105
112114115115
110201115202
465487
1459514797
6914272144
1609716399
124625
70487350
67866988
3622540226
3112033123
700751
19112212
429731
177917911
2913732139
1267412976
1124211544
9318596187
525557
115160117163
7711580116
922712229
181104184106
2714130143
177114180116
1967719978
107169110171
140122143124
1612516626
140164142166
1103811045
112209114211
882914
1165211757
6510068102
34103612
106226108229
02314232
9317595178
186148188151
528579
18241846
147189152190
60446345
91189619
1910722109
4820050203
8822689231
193172195174
1687417176
137169140171
493596
115130117132
1949319795
139191141194
9718799189
145194147196
156193160194
104190107192
2314126143
5914561147
120189122192
1468115182
8715590157
8813890140
181244182248
6214565146
187184190186
107172110174
104178107180
38194022
88919093
104187107189
137143140145
30333236
179162182164
10732073
8117485175
190190192193
7831085
41224423
186199189201
3313736139
8119183194
68737175
1288113183
159158162160
140204142206
4523249233
01632165
8013981144
523564
116911712
9221097211
6623869240
1176211867
2820433205
5319955201
1718117483
144248149249
161111162114
13101414
3718740189
68496954
43594462
6622668229
164170165174
4019645197
1592916132
113160114163
1304313246
9861188
3024134242
174147179148
63316832
5511557118
157142159145
7917086170
1303813340
77628064
1027510283
125140128141
2317126173
12401272
8271129
166141167146
7019871203
171230176231
126226129227
1609216294
31956196
170240172242
5016652168
66126914
190239191243
103102104107
6515274152
1006610866
1114511646
97120100121
1405614160
1837118474
1271112913
11344136
114205116207
70167318
133104135106
19172219
187179189181
8915091153
37854086
106184109186
68266929
168190171192
17742076
9218095181
4210345104
44154617
7024472246
48875189
101146105147
1071911120
4120444206
1683517137
8916192162
4895111
5181019
1892819230
5522557227
3121134212
51657168
02445245
15691871
115187118189
9223395235
4619448196
144229146231
4221743221
1626616371
87828984
61128115
127210131211
1910421106
8422987231
197181199183
42494452
1614616448
929894101
168186171187
5618459186
8813290134
27903092
148214150216
1424614448
86519052
130122133124
143100146102
128247131248
6922372225
2318126183
31476148
15521565
1129511597
2913232134
161215164216
100135101138
16341685
128242132243
79948196
11901691
66556956
5914161143
6018465185
24312634
5222554227
1002710130
169107172109
193181196182
3114033143
125188127190
1819618498
02283230
159238162239
104243107245
147106150108
179165181167
21752377
3714240144
918813189
1514015442
87779078
1632116524
9224497245
3616539166
1017513177
1314913451
7722980231
101910411
9419799198
184119187120
4923951241
913112133
105102106107
54905792
75987899
1210514107
97219923
1096111164
63256627
140156142159
586888
8810692107
197100199102
91899491
95469748
1124815249
148179150181
1233512537
565587
1679117093
4115543157
6717770179
77597961
2113126132
182234183237
6022564226
19001932
1147311775
106160109162
126239129241
2210224104
1113412137
6217966180
111131114132
1585516058
158174162175
210223
188120191122
8781080
122116124119
110123113125
3215435156
1611416317
74807782
5620060201
1023110433
86399140
7623577240
100173101176
4819151193
69577061
1115014152
165222168224
4321245214
16497165101
5416357164
6922173222
95739775
6012564126
3614539147
6713870140
016218
100187103189
100178103180
84116
5824462245
90359138
9418296184
34293731
1312615128
7713782138
4317145173
136162139164
71587361
11531454
92809482
185227187229
1091311115
13999142101
3113534136
1394614148
1027010572
2721130212
1326013761
1543715639
99231104232
5715359156
1058910891
1106811569
9624698249
5410457106
1286313165
5410258103
193190197191
120215123217
98719976
143189146191
253555
33803781
76438743
124155128156
1184512047
188226190229
1717720179
162229165231
50695371
96839886
140132141136
41694470
26132915
1018113183
113120117121
2921632218
5715060152
1798818290
163194166196
2014624147
6920972211
1615516457
1916219563
41344436
6918472186
4821451215
26642867
7021272215
3921442216
129156131158
171208173210
78557958
185212187215
2718332184
2821331215
170124173126
158199
7613979141
98170106170
4912252123
34533755
119141121144
6421043
1226113161
1921319714
039340
2115924161
4823549238
128173129178
13151617
3618138184
113182115185
101195104197
12801303
52165418
1757517877
40374339
56625865
180157183159
4322248223
1156011861
8331035
159225162226
5517060171
1554415846
5616558167
6620868211
5018251185
1724319245
1227212574
46124814
4016442166
139138142140
1373414036
6220965211
1468314984
2715030151
1852918830
1123714239
124150127152
8116584166
4213143136
113212115215
188233191235
15421844
192120194123
047348
174179175183
5713160133
2224324245
279929102
135146140147
6910070105
14899151101
1034611046
55515754
190133192135
1107911182
120103121108
17699178101
188158190160
1271912922
8018883190
1183912042
135107137110
3610039101
7261826
33753578
57735878
101218103220
140201142203
177194179196
4119843201
1737117673
1859318796
124213129214
18071839
5723159233
124166127168
6211065112
1731517517
144183146186
24182720
8510988111
16481851
6121763220
183245185248
149125154126
9112696127
50665268
119169124170
6319865200
226528
8324186242
196171199172
91879588
1911423115
1110113104
133241137242
3014432147
72717376
155112156117
175137178139
108133111135
151134154135
435457
165108167110
2022123223
1817818381
4317446175
195148198150
919012192
196139197142
120145121149
150117153119
2116824170
60466348
147228149231
4915252154
316411164
148144153145
7320876210
7321176213
8621188214
3222836229
149207151210
1294713248
150182152184
4822950231
7114075141
7323775240
59196122
43724574
44554658
58316133
1752017722
7914682148
4120245203
175106177109
82958597
118158123159
1334213545
29593360
8620389205
8361038
2522927231
100191103193
14571560
9617999181
9416798168
61759176
3918241184
97163101164
51735474
31777178
2922631228
110245113247
3310838109
6215965161
1020215203
46254927
1837518677
97161105161
111169114171
172101175102
2422226224
132208135210
7711079113
1364013942
9414498145
112179115181
127812910
29433145
180195184196
17601792
1508315584
165122167125
1128711490
1432114523
618669
6424168242
65976799
192219194222
8419987201
187101192102
1576416165
1846518767
123219126221
155218157220
66697170
890921
63796680
1889019093
60276230
105119107121
101223104225
8020682208
2312528126
1115411456
18452047
129139131142
145128147130
148195150198
84568758
153138154143
163164164167
152114154116
99211103212
1671517216
79388140
11201323
49505152
1587916181
1410016103
15751598
1889619996
1894819249
1004510247
1326213564
3318936191
32416243
380403
772794
147203149206
114245115249
1624019242
1066910970
1441814720
01762178
1476715069
573775
17221754
164199167201
106201109202
139182143183
175171182171
196201199203
180233181237
5810462105
1627317273
1529115493
80308233
10499107101
8423486236
13821413
5218455185
183130186132
155176158178
191169193171
1282613128
1185312155
150111151116
160202163204
1448515385
1521916223
1307013272
172186173190
2611829119
16321673
1843919239
1059210893
5412057121
4321547216
107129110131
179210182212
116149119151
1573615939
822111223
145220148222
1489415195
168146173147
1719519197
714910151
171113174115
185105188107
113224115227
1527215474
50755376
8917592177
18802083
5717462175
8515086155
8816891169
9113894139
3910843109
187132189134
60606461
126106128109
97127100129
31605163
21794181
36193722
173213175215
38304231
1509615398
8310484108
58506152
5817263173
162222164224
138195141197
7518677188
1975419957
127103130105
1698618086
16801703
267289
4013341136
36753977
0601160
113157116159
130174131179
1012415125
304326
5224554248
159182164183
1151311815
152238155240
170232173234
142143145145
51725972
18499186102
1494515247
173131175133
6522368225
9020192203
140113142116
1397514476
133238136240
6019161196
5514558147
111187114189
1386114063
358659
37944095
012115
168243170245
9520598206
8516687169
178105180108
4412346125
105111107113
830881
167150170151
159103160106
36593960
8420887210
1755517857
119124121126
21214124
7720679208
1045110852
107203108206
139232140235
3912042122
1718417685
134179135183
37874288
356857
987910181
1516915371
2822931231
318423
115211123211
621211213
775816
117139121140
5916661169
1942319924
132126135128
75897791
2021823220
1615816460
78528154
99143101145
1622916432
712612127
170177175178
1758117883
99233102235
3414036143
823410237
115145117148
1731117514
64766778
1473214935
191127193129
3668
199141199150
194247196249
097498
185135188137
1967019972
55205821
138219143220
7322475226
530562
4420747209
186202187207
3223937240
159165162167
179197182199
1018410387
3524738249
1212812331
1336913671
2819231193
8924291244
9322296224
47384842
6321266213
8911191113
50215422
40594262
169205172207
186138187142
154122157124
183218184223
7714982150
167138169140
17831815
130239132241
1438114583
64946796
131200133203
62496750
176162178164
7023972241
122204124207
132142134145
1763417936
25883089
48235224
172158175160
7820981211
1545215654
158229160232
6023065231
21972598
5910262103
82798680
142193144196
1722119224
177129182130
1132611429
9422697228
1162512026
169101171104
180147183148
41847186
13291631
74427547
182178185180
1552216023
33363637
176212178214
2022823230
1455714760
1851618718
6512468126
113126114130
9416997170
1335413656
71127414
110218113220
3611838121
7413682136
132162135164
152209155210
174197178198
045346
36893991
1368813990
174167178168
7121775218
131104132109
98171101172
1117011472
1866918971
50275329
3724439246
120129125130
121131124133
61106511
1455414856
1714719149
28743175
118239121241
3423537237
158149162150
1053910741
166113169115
6113864140
1735817561
1201212513
181116185117
1875618958
13641765
174207176210
149121152122
187216192217
41845084
1163911742
7814279145
823810240
16371840
9113695137
1262912832
63286630
2621728220
136127137132
83308731
9211195113
6918070183
1641516618
1362313925
153246156248
31463348
9210397104
1214412645
1041910621
01513153
119224121226
14211452
1497815479
75407841
147156149158
4020743209
119193121195
138127147127
8717090172
165118167121
130206133207
31565159
1462114823
2418426187
185918811
1896619467
166102168104
4211044112
118229119232
5023253233
196174199176
1805518357
76957897
31383639
62706572
2475
2212927130
6811771119
192124195126
8321786219
1727417477
106138108140
49455246
82388440
719510196
2520527208
59626065
4419846200
51985699
15497156100
11351157
182137184139
173141176143
1715717260
4719750199
168194171196
128101131102
111106114108
1948219684
1663516739
2623628238
9216793170
119137122138
72039206
810912110
9721999222
18931907
57836284
2524527247
132188135190
1715417456
3917942181
1811718221
138247141249
153165156167
1020413205
158179163180
132174133179
2515327155
180249188249
1514716152
189152192154
31563458
161154166155
42674768
145120148122
1659416896
1054810850
1886419365
3714939152
8813590137
136223138225
181107183110
80558357
95809782
2710335103
315517
1283413136
3615540156
176215179217
112133115134
6311966121
9510199102
1718019182
8819992200
8113185132
1908719389
1819318495
173161175164
1574716049
1603616239
18799192100
141714210
114172119173
137244148244
115208118210
2123124233
576778
3919840203
2221224215
1308713389
189223192225
128162131164
171248180248
1838818690
197153199156
104166106169
18882389
120150123152
15901622
1933919640
1218413187
192163193166
189819011
1484815051
1067311174
179172182173
75377839
1895219155
187103192104
597898
85419042
195231197234
104198106200
147217151218
1043410636
174120183120
106230108232
109194111197
3620739209
118237121238
108243113244
112235114238
99238102239
106108109110
103227105230
3222635227
119134122136
7622477228
4017042173
1965819959
106122108124
12241725
1431014611
37484050
1317713479
6410667108
1427314774
117110120112
166248170249
27312934
43284630
2912732129
127219128223
9421697218
62336337
153157164157
1699417097
4014645147
116247118249
5511258114
154211156214
193152196154
01115112
150915311
143239146241
152110156111
98226102227
8016783169
6718068185
25252827
117206121207
1305513257
138198141199
131170134172
5018652188
7918282184
157235160237
1128211484
88289031
1221615218
6122162224
54555856
26612863
58876188
108179111181
17852087
158122163123
4617148173
8211184113
1413014432
572603
190203
1756417866
64736775
1678416887
1402214127
118122123123
91689470
198231199235
109140111142
126195130196
1043710938
1571015912
184112186115
108151108159
7111473116
630662
125216128218
1301313314
5410856111
3824039243
1267812783
6810671107
180140182142
80588360
1319013492
2617633176
154204157206
91519255
145118149119
6912372125
178102180104
1779618098
158135160137
1132311525
161245165246
1418016182
3417437176
2514627149
108113111114
140103143105
122148127149
1932719828
56385939
9414898149
107104110106
1529415595
125144127147
70517154
197128199131
2623931240
110221113223
1921119712
1872418927
1034410645
1815818261
8511286115
1379513998
1088611188
61896392
113811510
168152170155
8315685158
8818691188
9519298194
1622519227
100122101126
9320095203
1437215172
31446145
61007103
33183520
173239176241
1647516777
37564058
18662167
6313268133
3321336215
1229512497
185193186198
19402143
4412047122
8721589217
2815229155
1115711459
161162165163
1782318025
148241151243
101240102243
4584710
1905619358
1687017172
22482549
4218243186
2717132172
38324034
6617368175
75927794
15491639
1531215614
197217199220
177123182124
6513468136
715516155
1409514298
183140185142
1235912660
170197173199
1426714569
137238139240
2024321248
532734
161120164121
179213184214
39124015
2482511
1399214294
1004810449
97189920
149131150135
9014793149
2119124192
156182158184
189106192107
433484
116115124115
151185154187
2414429145
12271728
158168163169
191211194212
129331
153184
54685769
1706117263
90569259
7923280235
171249179249
20142515
3524137243
62236624
1721719220
128143131144
157248162249
2116224163
9610598108
148140151142
1715219155
140148143150
1292913231
29793281
66456947
93569459
29543355
182151185153
22232724
2412125124
171151173154
3911542116
01552158
3314435146
52318233
96879889
168235179235
7411676118
135245137247
173242174245
24692672
8724091241
1472514927
1973719940
108149
163141165144
1534915651
42244426
189244190249
6922971232
132129135130
4914151143
4015243154
38514153
77668068
48725074
5524860249
194136197138
1877519077
134173137175
2716728170
6414167143
49365238
1501815320
16661698
42634465
192187195189
1927219574
8214385144
151195154196
825857
5221453217
124159126162
193101196103
8418787188
8617388176
120161123163
1349513698
153181155184
7114772150
9141215
1046710968
104221109222
01272130
8723290234
128125130127
1266613167
190145192147
1925919561
145161148163
109911210
11498116100
1724417645
80238325
83888590
147102150104
1367313876
14791781
89910102
16491729
197118199121
6918774188
68777179
156207159209
9113092134
3921741220
17371769
19992699
163191166193
1401314315
1761217914
5524557247
191184194185
8010881112
190202191205
6023662239
13501372
60126314
6920472206
198157199161
34463649
138129140131
261762
57575960
992510226
4014943151
1222415226
114217117219
177132178136
180168182170
1713620138
191206194208
72367438
1925319455
179230181232
1831718421
12381269
2521327216
153168157169
84658767
5623461235
41544357
82498551
64916793
9424096243
115126118127
292343
185231188232
1711020112
4716250164
1387713982
9210895110
105194108196
7221975220
1212512327
1920224203
1325813759
18001832
100244103246
6721670218
2411326115
18222124
43754677
056259
61666468
944976
188206190208
182174185176
9611598118
12921395
41184321
151163155164
120220122223
194819710
62856488
2022423226
1457514877
1479215193
5816261164
52278229
177221179224
02382241
18411873
1578215985
923510035
171165176166
72787579
94449745
5819259195
4520448206
99103102105
134176136178
96236101237
1892019023
5516858169
1164312044
1121311415
61289130
4911354114
121109123112
129128130132
4820753208
1123514236
