1757
105207107210
155198158200
118235123236
5510756110
58256326
1209112393
56365838
4418347185
176130186130
1524715351
9810999114
2419227194
5021255213
1121611518
54385543
1412914332
1118813190
118186123187
72557556
5986210
1887219075
126159128162
4116844170
1502415326
1552215823
1406214364
40164219
42944497
131164135165
2413128132
97159100161
1322013522
50555159
151201154203
9513797140
3323234237
9013792140
1847718679
1417214673
4210349103
1036410666
3115834160
1425114453
163224166226
41899190
4410848109
86358937
1721417516
1964719949
197100199102
1672117222
20552258
99197100200
172174174177
189159191161
1016614167
4311548116
890922
92299531
109178112180
816813169
1764817752
2022923230
155131157133
29863189
169107172109
9121293215
2414126143
1549315696
6412367125
1631316814
174163177165
7817483175
1317113373
123101124104
2716829170
101192106193
312514
14311932
108136110139
152216155217
4419346196
116164119166
1848818691
33764076
158149159154
186218188221
1061
116108118111
192207195209
1672517126
1572415926
4421447216
107179108183
4324446245
9641166
176199179201
121129124131
1798718388
177115180117
1593316136
88899092
79548157
120203123205
1661816820
3624439246
14398146100
12501282
166207169209
193234196236
61436544
71907492
28333135
15699159100
1256612867
105244108245
9117594177
144153146155
121200126201
6919671199
64756976
1353613838
3618237187
104177108178
6012563127
150168151171
119150122152
137180140182
178184181185
1642316924
101234104236
1347113673
262285
13191422
2016522167
4024743249
018319
12751577
5219655198
52008201
101178103180
1028310585
4722749230
150120155121
1320815210
1597016272
4218844191
1251512817
2021122213
3517739178
6417566177
155201157203
143107144111
1143311934
8320485207
155221157223
113129118130
6216170161
19742176
195148197150
118231120234
1908619388
183170184175
913812140
1721017413
6810170104
43284531
1821421216
15041536
72089211
175917613
1636016662
3810743108
106159109161
30183320
176180178183
153157155159
5116454166
103196105199
101119104121
152111154113
144119146122
483785
1937019379
190719210
1126211564
4814850150
177175180177
2482610
161187164189
7113073133
1919419496
1818418486
93639565
3614541146
168161173162
2223524238
162234165235
101189104191
8115283155
1469015191
2518928191
68777080
14431645
180140182142
7720279204
189175192177
168188169193
1021012212
7417177172
1214114143
41256128
4022242224
43164518
1910221105
02343236
2415026153
1112011422
1166212163
12331255
19182120
76688169
1218412387
3715740159
119138121141
9420899209
174166176169
73367539
1423915243
41849185
6518468186
72647665
6910971111
19031935
153204156206
125183127186
9319495196
102810410
1782318025
129116131118
3811441116
9420096202
174197
186146188148
5514858150
49855486
164120165124
194196199197
0982100
134119136121
717919
98105101107
171153174155
69897689
1003510337
134179136181
4612148123
6210663110
163204166206
1910023101
168147172148
57956097
17471950
108215112216
820210204
1020513207
1676116963
7418777188
1444714948
106146109148
72597462
194187196189
4513848140
1310016102
6011061114
93399542
611410115
128204131206
178151185151
104144105149
62796482
136164139165
1651616817
9012793129
147204152205
7319376195
1607316276
35493850
154185158186
1925819363
2120824210
1921119414
1144411745
23262628
56555858
152243157244
84558658
189125193126
2817129174
178168180171
13411364
104211108212
54465648
1435414557
56196020
107203108206
16801883
38204122
120102122104
43114613
178157181159
1046710968
6620169203
90319136
183236188237
987210075
9124794248
67476949
106175111176
6122164222
2924732249
1598316285
1264212943
1001210116
2817530177
1513818140
79818183
1759217993
1777217975
112225115227
1806518367
1922019423
1222013223
37914093
184120186122
5717860180
154248158249
99170102172
134155137157
824719247
100211103213
1502815728
3923744238
1382514127
6415766160
112217115219
14341636
5820661207
41774379
7819181193
8811591117
1358313885
1596116066
188230191232
3018535186
999510197
142177143180
1741717719
150146155147
2316325165
31505152
120159122161
2312928130
186232187235
114232117234
131217132220
1561815920
1416816171
6921871220
50875289
1778418085
18592161
3985100
048350
02142216
163243166245
2324628247
4217153171
121181124183
1862718829
128247131248
110102112105
3617141172
1178011982
143236146238
113207117208
114174117176
163236166238
120191123192
22482549
8671069
162140163143
6810569108
1720720208
157204160206
67157017
111106114108
4420647208
158239161241
1384314144
1612616428
4918652188
01803181
2611828120
2819330196
152233153236
7412777128
12231425
90219224
4813352134
7818580188
1162511827
66107
3423838239
171230176231
118197120199
28773079
193176196178
13721403
3214934152
1537515876
1712119123
3921242214
1773018032
8917091172
139166142168
178221180224
13481650
5917561177
10198103100
8316985172
133130136132
52785579
1499715498
46654967
61216324
02392241
2815331154
6412667128
80588359
7511377115
1575816060
4212945131
147172149174
185203187205
1876218964
15271549
1166411966
191143194144
140142141145
11444146
1424314445
7011272114
45854788
4516749168
1441514816
4616951170
36943897
106219110220
123137126139
12631295
1481015112
19812184
192239195241
179162180165
156217157220
8214685148
1284713049
108112110115
99194102196
8617389175
1727917482
107194112195
1867318776
9113094132
41697171
7918181184
5913768137
1518118183
170240172242
13971419
105236108238
8621891219
1713817440
181115184117
7319177192
15281830
60886390
128169130172
185104187107
2417427176
5518458186
711110113
160137163139
143160147161
137214139217
1512115423
98190100193
159231164232
97259927
2911832119
1807218175
1911422116
1464114844
130180133181
1018810390
2418728188
724915249
692796
89609162
99237102239
1174111943
59346136
173158175160
89939196
164139169140
22802781
25872889
3019735198
7811080113
191189192193
45804783
90199320
1925319455
1333113732
4617349175
5720060202
6322467225
1243
15561579
3813941141
7012173123
1727617478
1834318645
124150127152
178187180190
8612889130
22373137
110161113163
43654568
116134119136
4214147142
9720599207
151106153108
1032410825
149228153229
8721490215
1378913893
8717990180
122154
118217121219
1459514897
161201164203
1515815361
184112187114
122162125164
6224165243
141229145230
1579316095
3512138122
9518797190
409843100
108118113119
1206812270
1168711989
140149142151
148134150137
176218178220
1596716269
3324035242
174237176240
120184124185
4111143113
124177135177
154191157193
7812281124
3111334115
3420237203
100248105249
1932719728
24192522
4910552107
9120093202
1087611079
1179412096
9014195142
1494415246
2420426207
1636916671
80268129
160214161217
9421399214
22055207
5621158213
21475149
21236124
1407414376
8614688148
132211134213
5419056193
56415843
2215023154
6314768148
3215335155
1786418664
124155128156
01111116
7417875181
1648516786
13541656
4120843211
134160136163
12961319
02374238
18751897
180191185192
1611618118
142127144129
159182161185
1623216435
8301032
155167157169
1349613698
178107181109
44534755
5310557106
99135102136
4713552136
149230151233
36383841
42354437
143211146213
124223126225
6214365145
106229107233
188207191209
8712290124
919994101
162246165248
46684969
72257726
76367839
6218364185
186155191156
8315684159
61966398
145135147138
5019153193
111158114160
1963619938
1037110673
9451050
91279628
336538
177110178114
2912532127
1197112173
522824
148199150202
171234176235
167117172118
109191112193
2422126223
1737417675
1416814669
186163188165
25113012
159140161142
93489650
1624821249
35293831
1924119443
62867386
146200147203
79368238
6716770168
153160155163
3715038155
193193195195
159112160117
2783010
1947319774
146188148191
8924192243
4913750140
7118574186
63606861
979210094
140139142141
83958697
1485415056
381403
1607916480
178235181237
426439
11581460
1265112953
190214192216
189147191149
173191178192
9841016
184135187137
80118214
128199131201
9222795229
82728574
29743276
1089711398
159143161145
6217263177
8021783219
1192312125
21135115
32813384
166183167187
822853
62576559
117137118141
144162146164
2714128144
1462614928
7719878201
01605161
145165148167
69667268
983810239
14141616
12371539
1358013882
5615158153
01413143
169103170106
9623299234
5612259124
4414648147
85388740
64266728
142152143156
143101145103
14721494
67916994
173149177150
2119823201
3022533227
61358138
17962297
2413527136
125140130141
193131198132
34603961
1354313746
51436146
3619639198
33253528
1453014832
189219191222
1515518157
167243169246
157118160119
149225151227
7311174115
13781581
1396814073
1746217565
1787717980
6620769208
6717568180
170226170235
100168104169
1317315176
171247174249
181229184230
3391139
31103312
3821741219
9616998172
132195134198
145110147112
105120106124
169179174180
196113199115
128145129150
554658
149216151218
3514936152
197239199242
1909119393
154122156124
194183196186
83358537
8218085181
2012223124
16431713
1076211064
195218198220
123218125220
1677017072
108228110231
38683971
5521053
19262228
7224075242
109140111142
1028610787
3722042221
7621477219
183152185155
14332233
164116166119
8421785222
178203183204
113103116105
9211594117
8316288163
178209181210
74427545
146248151249
70257130
5201021
177243180244
1206412267
1809118393
127132132133
4319746198
106152109154
110150113152
163103168104
1637216674
5121653218
1976819970
27463048
5910661109
48725174
7712978132
15621594
151160152165
63476648
137169140170
4518048181
191203194204
1314913849
1521617219
1462114923
171184172187
23582859
1015710360
166188167193
39234225
126165129167
64916693
5615458156
3519138193
1871519216
967999
9516799168
127134132135
3923442236
81308432
9420398204
4014743148
139159142161
024326
197181199183
40844386
4212444127
34853986
9523598237
110109112111
1949019693
51968198
4017845179
15701772
18521884
1699117194
33903692
174146177147
138246143247
162214164216
106140108142
7281129
1798118183
7816581167
111196114198
47905191
5117254173
6417266174
158227160229
90789280
75467847
78109
172218172227
1123314235
118132123133
3321435216
1506215364
2816530167
1106511268
189151192152
122121124123
101206104208
8521086214
1642916731
147119149122
5318258183
1113011432
674696
1128611588
168121171123
125238128239
6911772119
195141198143
62316335
7514378145
5913564136
8613590136
559858100
6614368146
1693617337
183245187246
63646666
1343313735
155209157212
166247169249
2610629107
1833018632
103112106114
1745317755
1851818721
1165211854
171203
1324415246
1766417767
8310986111
1178311985
16381939
107109109111
108224111225
3024535246
2124222247
9813799142
10541257
1125111553
1853318835
190120192122
1616019162
15621963
1321213713
22602561
1210414106
137241140243
6313266134
1267613177
174178185178
37514052
1792818329
118175121177
140127141130
1812521127
81218323
75767680
30603361
5323156233
85298831
817011172
566607
181176186177
6716269164
40134215
192159193164
52357238
179128182129
154136159137
170243172246
02203222
8815090152
163220166221
7413076132
125196127199
2916234163
94749776
98119100121
8219191191
100108103110
188203190206
113126116128
99153101156
84858787
5122353225
5424757249
106130109131
86598862
117247127247
21164119
1709917799
22722474
155180158181
170156172158
1824019243
3317135173
11881390
1414814350
99228101230
101158103161
6311364117
156157159159
6518768189
5417059171
50435345
92669767
22822683
149210151213
170100172102
56885990
16881739
6715870160
1457914684
179102180106
171203174205
1418417186
164147167149
133187135189
85159016
5010355104
1467414876
7311676118
6216764170
1895419156
23842686
8819890200
7222075222
197187198191
504535
2922031222
15001551
164154167156
111199114201
88409043
6215363158
1915522157
1487715179
1920322205
1296213264
31533256
106241108243
1848018683
1049210893
53115514
175134178136
39304232
186151188154
1499415196
1016210663
9311896120
3722539228
173241174244
9410797108
130146131151
6914870151
31943496
144204146207
91259626
19852286
519854100
122147125149
14422142
1097311175
107226110227
58116312
186199188202
95369738
53875589
1149011693
157224160226
113186117187
9411195114
65976799
194106197108
10741106
4020343205
84208622
1705117353
1708717389
7421475219
138244142245
131184134186
111143116144
22152320
1908019283
1297813181
1715820159
62059207
43144815
76337835
7423777239
32353438
4724852249
2418327185
1873019231
8012782129
172121173126
1923719539
47505052
34813684
148106150108
5822060222
8214987150
1048810690
1593716140
37873990
117210120212
1904419545
3714240144
69387239
8818690188
150118153119
756797
152210154213
53755577
5412657128
9622998231
160146162148
2417727178
70227324
84178719
159246161249
1498015183
3711748117
16841715
3016932172
1461914920
19661998
98183100185
70567161
13499136102
1021210613
8523587237
1223715238
2310826110
17551957
1555415955
195221198223
5219457195
4721747226
154195157196
140110142112
7110274103
1219217193
7323376235
33513653
167222168227
8312585128
114190117192
70957298
1321713419
134203136205
9714599148
132128136129
82818782
9511598117
7020675207
1546515667
923210232
1733417735
1614316248
179217180220
094396
143224146226
101187104188
79158118
53945696
115137
43604563
162816411
161228164230
1965919762
6713170133
1827918383
1611119113
7421177213
1153011832
1699517296
3710039103
141217144219
99240101243
2621329215
1637516478
175172176177
193245197246
79638166
3818343184
188194190197
192217194220
6615469156
135244137247
77217824
6419066192
29433245
7816281164
3920643207
139187142189
52565557
133218136220
22902493
102245104247
190181195182
9231126
4017542177
9517396177
140214143216
1594116442
3723138234
154228157229
110168112171
42384540
148103150105
6324465246
01042106
110173121173
697999
35584059
700713
50195321
79338235
52905592
431462
125144127146
192111195113
161116163119
861884
5283
183139185142
028330
1421114414
171232176233
44904693
70121
116184119185
1075710960
3816239166
6314966150
134103136105
917312175
11681569
6412067122
1839418596
1884119143
4016242164
170112172114
161159163162
88259028
19982399
149151154152
95569857
147236150238
8621691217
71248128
41636166
721753
61799181
34873689
919210197
182213185215
425628
123245126246
640662
156146159148
35353837
175186184186
7410777108
33453450
9123494236
56396140
23562757
913613137
11821287
181187183190
95339735
1811018412
2913134132
117126120128
95709773
181145183148
107134112135
1871018913
47234926
191100193103
3311938120
1893219234
2016123162
41804482
01408140
8717690178
1401514316
5016754168
104115107116
102153105155
5413957141
197103199105
98187100189
609963101
6119363196
49605461
5112653129
5819160194
6221264214
7617879179
77767881
11131145
1683017032
1659416895
169134170138
124205127206
116217117220
127116128121
6310367104
1420318204
91739375
4515547157
176103178106
5512058121
1416319164
5418756189
1001910321
161211164213
3422836231
81398440
959998101
7923081233
128202139202
1653516836
89979498
92119513
109211113212
1757017871
2414526148
2714530147
1376213965
6913774138
02129212
134230137232
45454747
1963219933
3912043121
3516237165
5916061163
156161159163
1399614298
4316145164
20482152
1304113343
2513928140
161125162128
150122153123
722710229
124178127180
92709472
95609762
28943096
1211412416
116115119116
1383914041
5522660227
114211116213
84888790
30623264
99173102175
176121179123
8821084
15581761
58326133
329733100
76957897
1875918961
158190165190
8010182104
756959
117213120214
1256812869
1623718239
1053610838
3621338216
1361913920
132122137123
6010362105
103170106172
1619619198
194138197140
61766378
31315133
97469948
151155162155
1781918121
3414136144
104158105163
157207161208
1033210634
66676869
1916619369
09410
170191172193
10301062
44774679
1502915331
178147180150
1864818950
155101157103
161164164166
6323166233
126126127131
144188145191
479549
64116713
160149163151
2324124245
8316786168
1933219534
1629316496
1565216153
1455214853
038241
1882019122
1245712660
1811923120
42694571
113235116237
148100151102
5214254144
39634265
151237155238
1648216784
1491515117
151135153138
151130154132
150219153221
124191125195
6322866230
107187109190
172188174190
27153017
927959
1914722149
6023162234
1807718378
54685770
3918741190
129152131155
8020284203
138222142223
1018413186
1173812040
479850100
146150148152
1012210423
9014393145
111136113138
1858518887
1239412498
112228115230
111220114222
132238135240
1037810779
1454514846
1475914864
107170109172
640842
54805683
130182135183
196193198195
1357813879
39944197
118179120182
1548615788
164151167153
4415847160
188246191248
8519987202
140115142118
4420146203
4421147213
1234212544
7724680247
105106107108
060262
1081411215
62626763
1265412956
78518053
113168115170
44564559
107120112121
113109115112
92609462
141121143124
6220363207
5619658199
158201160203
3317734181
6621868220
6023863240
71659167
185249192249
1615219154
1065410955
115417
1104611348
6320065202
6119865199
7013974140
151194160194
145167
43254627
113209116210
68637165
151143154144
530732
01913192
64226625
5511456119
1501315514
5024552247
29913293
122142124144
1477315773
1074710950
1478014885
4317345176
1120116202
1743617737
100218103220
359660
1834118742
13661389
27223023
32853389
1514816151
28273030
4823653237
1663716839
159198161200
8124682249
146229148231
1012113123
5122654228
137218140219
4821451215
83489248
1356813870
2114123143
1617418177
104201106203
166100169102
116188119189
11911393
91889689
11101142
9111892123
1327413775
4712558125
18599188101
37814083
184188191188
8851087
1002610327
1835819158
41554358
139224142226
1581116112
106221110222
107217111218
20692371
174126175129
1913519536
34113514
17402440
197184199186
8011682119
4617953179
162207165209
12761289
27822985
122214126215
1521117213
4616449166
192228195230
179211181214
144220149221
50395142
2622529226
8519288194
1328213485
129207133208
73817584
111226111236
9210597106
1951319715
1664316945
7215075152
128184130187
4716150163
1506515367
67747474
3813039134
12101223
1065110853
82858388
4016545166
195210196214
184133189134
1346113664
171167173170
105187106191
2019523197
183157186159
6317866180
1515315257
93869887
25922795
167228169231
1192912231
55165818
724815248
189138190143
153214156215
1965019952
1434014542
01623164
8920591208
126163130164
7417377175
100231103233
104213108214
1443814739
2221525216
5921161213
54195522
6624069242
1135911661
56866187
349836100
1771017913
1314413446
110128112131
153148155150
36433945
4723852239
1010112103
9619197194
1132311525
1842418529
19441995
115221118223
173131176133
312343
1801318514
1147611777
3114535146
2420027202
1610719109
591605
185116187119
151198154200
124202127204
179818102
21074110
12611464
1426514766
4815151152
9324096242
1873619038
6017171171
56775979
24132914
3810543106
106143108145
196161199163
90379438
25772779
17711793
8213585137
121197124199
1210715108
193247196249
138228140231
723110233
21212323
93589759
153164155166
1756817869
168185170187
106157110158
996610268
4719750199
5214557146
9221796218
193231196233
128173133174
185173188175
1713318137
177194180196
168173171174
7014172143
108106110108
169200172202
171134174136
77157818
119220122222
160167163168
68547155
190117192119
856879
1821721219
1342713728
811611118
62276330
179172182174
1021510516
1418014482
1781518018
01345135
1881719119
180201183202
1546815770
173141176143
77938294
2918832190
165211167213
84278728
51505451
8310184104
108208112209
85418743
127138132139
9321994222
3610737112
9610298104
118206121208
1735817560
1083011033
105234108235
106132111133
106127109129
182109183114
5412958130
123240125242
192129195130
175108176113
156164160165
6813473135
1019110393
4821650219
55846085
1579615998
41917193
1298213184
3022833230
1204812349
193117195120
