1751
138139141140
5219455196
1818618587
7119373195
152156155158
154168157170
4614647149
112152114155
3412236124
162150167151
181158186159
77598060
183203184206
1798118183
2320426206
6322666228
1221615218
2910031102
193183198184
2223529235
4010744108
9011992121
187202189205
995710259
157182161183
140234142237
2619231193
8821892219
107211111212
173176177177
8910491106
190201192204
74207722
186178187181
1705717359
2610528108
1828018681
1456614769
150224153226
69837285
59576259
156239159241
1775017953
7717980181
1310116103
8624189243
1320015203
7018273184
1519515397
85468848
1414614448
109141112143
148231150234
6513568137
1899019193
6817073171
94959698
136132138134
1892119223
2021525216
2921932221
37773979
1819018691
77938094
120125123127
1533615637
141158146159
6513268134
190222195223
31693471
6721370215
1261812821
37684070
5622658229
639865101
45254728
6611971120
4916451166
7813780139
174164175169
19492053
87769077
1579315995
34483650
124199126202
02403242
9120994211
1218312485
173238176240
3414036142
62396441
1294913052
99118104119
1381514018
6913371135
196226199228
6514068141
86759675
130196137196
3522037223
95209106209
1575416255
1425214454
1331113513
135197140198
6411366115
1761717919
120178122180
124142127144
2324426245
100183103185
154131158132
1317616177
4619949201
43894592
161128164130
7621077214
9624499246
6219867199
5513957141
191208194210
1110514107
196231199233
7216077161
2713129133
7711080112
1114011442
116178119180
1768817891
39434146
2821331215
12301281
8716592166
2322128222
139147142148
67926994
179207181209
98226100228
1715921160
5514557147
123219126221
1624824248
1833718441
28493350
8416086162
3623940240
1092711428
170222173224
106132113132
134185138186
192153195154
147208150210
95929894
8110688106
144189146191
1146111564
75137815
2119823200
51775578
6316565168
1955619759
746769
50825383
3411437116
8718689189
5621060211
120158121163
1652916732
119154124155
125139128141
84278728
1054610848
6017463176
542943
112173115175
180183183185
1949619798
1384114143
191218194220
196138197141
1223115233
2716828171
2611929121
9619598197
1218812390
6718869190
111247114249
3814841150
640941
51265329
115232118234
1610618109
119221122222
122102125103
3393611
124108126110
152176156177
121227123230
1163011932
6419465197
01801183
5115754159
8823190233
125112128114
4412046122
9115593158
1011910620
1636516667
3222733230
574606
1377214173
102192105194
77318033
54265529
8916792169
1512115324
1710022101
118223123224
185160188162
479949102
923813239
4923851241
1033210634
79218422
140203143204
80548455
1719520196
192100193105
129100131103
81698371
173186175189
128183131185
810410106
184108186110
1904719548
919996100
62506453
22252527
1832818829
59606461
28163019
1579616197
95159718
130105133107
1008610388
91519453
2213823143
919214193
362467
2413628137
151195156196
1023412237
1115911560
1728817589
1455214854
173162178163
154211156213
1473114834
1603216137
4918950193
2317526177
792824
124115129116
8513392133
193211195214
2016522167
139149141152
10101213
52465449
66286930
130243133245
1191212214
1525715360
1775417957
27903092
87518954
129180131182
162153167154
115125118127
8015283154
1361913921
28843285
3618039182
1571815920
73397640
67406942
16381840
8411689117
6020363204
1443614737
70717472
132176135178
5817761179
35584059
67767078
98146100148
160216162218
163158166160
5513758138
1864618948
996010262
7221075212
135103138105
840863
77517954
63206522
112212114215
95509951
113156115158
1627816480
451473
1502815230
7623079232
6110364105
5324255244
459946104
4318746189
1511519116
1328413585
997810279
8113583137
7815880161
184151185154
182241184243
46414843
96112105112
1298013381
3817441176
10941395
4216347164
80348535
3911641119
15152215
98124102125
184128186130
187110189112
1427314575
1152111922
177109178114
124181125185
91249625
941973
1764417945
1873918941
2020422206
151197154199
163164164167
103149105152
101159104161
1712120123
4914453145
1699517197
8851286
102178105180
1129011592
2818130184
3111832123
83958498
5214654149
5410855113
1371314214
127159129161
42534455
175246177248
3520739208
3618337187
1723022231
4113743139
119173122175
1756917771
7610279104
62866488
7517077173
23112613
1062810830
8517086173
6722870230
1064310945
978510485
63276529
106112109114
4411747119
1011310614
1307513277
1305313355
711611117
5519758199
5718059182
8222887229
181119182122
2412826131
7320877209
3913141134
8822991230
173149176151
126168129169
189919111
42464349
10961298
172121174124
8022083222
1312213424
9521098212
31583460
137223138227
1885119252
183178185180
98120102121
391413
998010282
154127159128
4616949170
106138109140
108182113183
1131611618
145141147143
179191184192
102195104197
21902691
145144147146
6518568187
569959100
157108160110
105232106235
37814083
134233135236
1931619618
139221142223
2115322156
8321085213
42504452
132101135102
1346013761
152238155240
6520966214
1752317726
722745
5013852141
23202821
1631216515
136111141112
178180180182
23162717
5412955132
9216095161
130186133188
5020952211
1184111944
9415596157
2623028233
114144116146
165210168212
50565358
106175109177
66316833
1908619388
6317966181
161107164109
171241174243
63906691
15641668
96111105111
1689817399
141192144194
119246121249
1805418356
28292933
163916511
1014810449
1773418036
1584316145
1212514128
1127211673
06111
1813418336
8914892150
2811133112
141105143107
1878019082
7310074103
107122109125
9213693139
97869989
13831415
180212
160228164229
1154011742
107107109110
61368139
9301132
25952897
1116414165
84818882
149176151179
5111653118
10921115
6322366225
12421264
80528353
1944919651
41517153
140243143245
8117784179
117107118110
158170159175
3324636247
127150128153
188195191197
15491851
12581460
127200129203
193227195229
4320845210
1736817471
9523598237
144175148176
81798382
1122311426
183121186123
1209312494
1917119473
2814029144
196236199238
1661916921
128232132233
193143196144
1291713120
5618358186
138218141220
1877819279
12191422
182171185173
132156135158
1661116913
4717450176
1022910531
167157170159
9318194186
128156131158
1719720198
116122118124
174208175211
157236160238
39164019
8918090183
194193197195
9012793129
134106137108
62846585
93689570
3721039212
93149419
51895491
100105103107
98170101172
190149193151
9011698116
6022963231
134162137164
78958296
185718610
65466749
21345136
17521774
1414816150
38514053
134210136212
192177194179
64736676
184230187232
13801412
1476314965
1335013552
180107183108
1751217814
7821680218
126124128127
35203625
147179148182
69877288
139108142110
26252828
94549657
191180193182
2218924192
110228115229
1964219944
6018062182
135148138150
1211414117
5216757168
105160110161
6916673167
125248128249
256956
4417446176
1636816570
2316225165
140115143117
5313357134
86348935
142140144142
5418355186
13401372
5013352135
121199123201
15591860
160126165127
7191120
819782101
81648367
8716392164
1565216153
02432246
5619158194
1141111515
157165160167
74277532
135117138119
1198212085
184133189134
59836185
1925819461
96609862
142227145229
102167103172
4716751168
5321055212
123136126138
1158011981
7871887
143198146200
1259212894
1089511098
590621
95819883
183233187234
144103146105
159230161233
81848387
1929019990
103210106211
01501154
32724072
158168169168
111103114105
7621979220
1349313696
2615531156
1696917271
174138175143
158205162206
1585616158
14201435
122118125120
43254428
1333213436
37223925
1495415256
4619649198
10631085
159248164249
103153105155
152144154146
124196127198
3610239104
4917151173
68627163
117102121103
6120964211
182100184103
127207132208
110133115134
3618839190
4910452106
119231123232
1707717379
8423287234
1118413187
1644116942
111217113219
129126131128
8591161
4317146173
359938101
170917212
1277312975
102100106101
5620659208
5624658249
1314713349
3710539108
124104126106
4621649218
181160184162
1853618641
163215165218
191188193190
3422737229
231263
19242127
118164120167
87799180
5014851152
1155512056
9024793248
184212186214
137240140241
6921772219
88859088
46194821
7111276113
3623139233
5122353225
3617039171
1358913891
2316627167
8823991240
160234165235
117218118221
32455248
42664468
162171165173
62139215
388690
8320486206
186170191171
01341139
174115176117
128209133210
3323735240
151209153211
157227159229
169204173205
1309213394
3714041141
7121373216
136173138176
127104129107
168244171246
6620669208
26383139
148127153128
5120054202
5224553249
1022210524
8815590158
132125133128
1251412816
18697188100
116227118230
994610447
92369538
144106148107
1022911233
1486915170
2716232163
7824381245
162224165226
1686117163
6913770142
119123128123
45355335
3114533147
7013073132
162219165221
118181121183
154160157162
62428244
27592864
110108112111
182113185115
6510268104
54325634
1119411496
4321347214
223724
166142167146
14641487
1866219562
10921493
1662216725
9610397108
124209127210
15461748
1856618868
144165146167
110192113193
13999144100
101108103110
193234195237
5924862249
23642666
8212585127
792995
1123511537
1622016423
55935795
119146124147
3120134203
42434545
97219100221
1854218745
88259027
138246142247
3219735198
43224624
156197159199
188231189236
820710209
1596416266
8699
919411197
173235184235
2113226133
152214156215
58956098
13231625
20962497
150103152106
9810399107
120132123133
114193117195
1046510667
6920971212
175241178243
6516269163
141241146242
1012215123
126235128238
8218884190
5920164202
22205222
1189512098
160161163163
7511053
184184189185
38854187
7915583156
1418916191
147166150168
34663867
032334
5321355215
1147411776
2220125203
1212412327
103244106246
12531555
191129195130
20542455
169166173167
107146110148
10861108
815511157
184131189132
188175191177
113245120245
161101163104
188107191109
4015142154
114179115184
176207178209
175181177184
8820591207
6522068222
5824462245
15961628
113240115243
20662269
82118414
46884890
165227166232
104162107163
1069510798
1924623247
29673071
131136134138
192224195226
8515687158
108162110164
4615849160
8218085182
1488815190
1309513397
55355836
2219324195
84298631
157101160103
110198113200
162142165144
1718619188
1087311174
181210185211
54665669
7413175135
63456449
9316396165
51745376
88939096
19571979
1112111422
99195101197
41704472
8012183123
81898490
6417366175
40374240
1219512696
3723640238
166147169149
1786718368
11916192
570583
31706172
91959398
177151178156
141172144174
131205134206
1055410856
17651968
1753117833
1805218353
8614489146
9514597148
9414997150
188178190181
51125414
143183148184
1715021151
12181269
152174
79188120
90409342
47915093
1304013341
42407241
21977198
34513753
173190175192
135135138137
75357837
2814530148
8631364
24612663
8715391154
1013210237
1816219167
98187101189
6417666178
106104109106
150217153219
7722780228
50445149
142135144137
1326913471
5118253185
170214173216
50595361
140160145161
185226187229
111144113147
9713599138
4213344136
1328813491
1117911481
1282913131
131216134218
5415356156
196221199223
964810049
1591614
1906719369
1723819241
9311796119
2918530189
43744775
73777679
7018772190
145193147195
5311954122
111164114165
25742876
37964098
139224142226
5216054163
9718198186
1379214094
530832
190241193242
3122535226
145135148136
1086011063
3916843169
1867118973
189102191105
1942619927
92799482
169211172213
130201133203
15851886
98240103241
14801502
55505753
272673
158113159116
1521916224
10041036
11881391
8510090101
2524832248
119119121122
7816380166
168160169164
13298135100
120137122140
70427145
4512348124
3210735109
1949319795
169128170131
27793080
1501015312
127239132240
179150181153
5915762159
1723317435
21395141
28403341
1756417668
8621589217
044345
187918813
13961428
161156162160
1952819830
9223694238
128162129165
102236106237
93299531
143119146121
042443
1620118203
142170145171
168206171207
120148123150
2721630218
150160153162
107237109240
66136914
1782518326
127173130175
159202162204
609962102
6724671247
78278030
13731478
15911794
69647266
17801794
4119444196
1054910851
8223987240
114160116162
100222105223
1572616028
3820140204
90113
8115086151
160176164177
3818340185
102102105104
8210786108
1512515427
1115114153
1609116393
1442914632
1249113191
165247170248
1471915021
4023143233
165166168167
80568357
910112103
154149157151
132214135215
1897519277
5216454166
105134109135
02373239
197103199106
6510568107
2215925161
101220106221
5011251115
5822161222
194118197120
8320786209
173111176112
8989111
1804518247
151137153139
157142161143
148239149243
161120170120
19101942
1198612387
1265312954
6819975199
160244164245
114185117187
65616764
1688417285
105119108121
165128168130
191146193148
1669616799
1808418385
144219147221
13471379
160246164247
3221335215
121202123205
4619348195
9422096223
9019993200
1279512998
54435745
1964619948
1937419676
181248186249
6211065112
15071539
2517227174
1419214395
107244112245
65796980
4715049152
483785
138201139204
135204137206
144162147164
142164143167
865887
67436945
1779217995
9216299162
6711270114
2712230124
40414542
269928102
3212636127
1116111264
11241165
194198197200
5217355175
141189143191
1332913631
1766117863
773976
136199137203
1946719769
822011222
1332513627
1791911
1311916121
154202158203
192196197197
2997100
11099112101
74447945
158117161119
12301433
93849686
119113124114
99202100205
1196212463
61018103
660692
175122177124
1114713150
54825684
5414256144
154147158148
3321136212
5423259233
1512417126
113121115124
1248612788
170140173142
10251228
7417475179
1752817730
152244157245
13021334
194149197151
178210180213
9024191245
1062111022
139122142124
132123135124
1114414146
325627
1588015985
159146162148
99213101216
184182189183
155231158233
3314835150
100242102245
183193186195
1251212913
100136102138
128214131215
977410075
31298130
148119151121
5814960152
50685370
80458347
1693417137
775797
181216183219
115135116140
983510037
1217612976
9651267
168228176228
5021252215
102205104208
135165137168
35603862
3615538158
511534
1625816560
812012121
51876190
143147146149
22582361
1545715759
2518726191
166171168174
172219175221
84738774
127216130218
62029204
159207167207
147230158230
14881790
33833585
1974919952
1649016693
143108145110
1133412034
6724069242
1782318324
2913632137
1535415656
4715550157
1648316785
127136130138
28863188
1622516527
1702317424
270302
4917851181
6919671198
146202147207
103130105132
9222093223
1837718679
23182719
13101413
1243412835
158150161152
4916151163
6624871249
01461149
192160195162
19801993
88719173
170125175126
102181107182
1313813439
170170175171
118185121187
97174100176
8611089112
150169153171
4914253143
1095211254
112208116209
45634865
5022655227
1612816430
23142815
2011023112
7312575127
55145915
912411126
6023465235
141186149186
1533815640
52328234
119104121106
184125187127
142150144152
1665716959
61916294
7024074241
8223584238
115246118248
136113139115
95101100102
74107712
3724739249
74807683
1549515697
5018653188
1071211014
1962219924
8823491236
01082110
1376414065
1158211884
134179136181
086289
1483915141
181212183215
29233126
9312097121
49405143
37933995
196153199155
130159133161
4321845221
7316276164
037339
56775979
142211147212
5914461146
23842586
3516036163
1283713737
194171196173
1985319957
110179113181
91459546
1166012161
1843318635
196114199116
1474914951
1924219544
1528915492
8418387185
79368138
118192120195
139169141171
6922174222
178246180249
6411769118
7416577167
1791118212
76277730
8819691198
1636116663
8720890210
2717532176
1162611928
124205128206
19799199101
138165141166
6496611
112236115237
62459247
174135177137
1047010771
37544155
173717412
1712921130
34543657
2922731230
136232139233
51195520
2211425116
3915541158
312344
52215523
8419987201
61338135
154216157217
3223435236
155179158180
17561958
1562215825
144213147215
10799109101
7118076181
111160113163
1204212145
3014932152
1282713228
193111195113
8111184113
138213141215
9512397126
01111114
163111165114
171147172151
1306013362
1522518227
7113674138
1933119436
116188118191
7314173148
9217094172
4624148243
166110167115
109201112203
113141116143
1809218593
183116185119
422444
2111330113
8419687198
10121043
1134411646
1943719938
138228141230
124188127190
184137189138
1320416205
7614783147
110167111170
25222824
1722119224
1592116123
61236624
152111155113
131143134145
1933919840
059560
128193129198
4513346136
1514518147
90189123
01663168
163121166123
1488315185
1159311994
21475148
3711039113
62426444
165244167246
4813849141
146108148111
68487149
1713821139
1368613988
3615139152
151206154208
122169125170
4118243185
139182140186
42194521
084385
1008910391
1255712859
48505152
4122642230
8612689128
2422626229
170179172181
139133141136
186245189247
076378
3121633218
8488610
5913761140
170168173169
23373237
40754278
124225127227
1395114651
186206191207
98144102145
1953219834
1624418247
147158148161
133226136227
1093711042
1574816149
091393
1717517676
190245191249
7513677138
1710220104
54395741
155171157174
57665773
716210164
7223677237
168143171145
150114152117
2312426126
4211643121
135139137142
115197118199
1845518956
2418227183
1658616987
148220152221
156111161112
3118533187
4020642208
1379513898
189145190148
9122494226
1624716450
190133192136
180116182118
100134104135
4322646228
119145127145
153114155117
59896290
1323416235
130213137213
39604262
45534855
10391242
540563
151188153190
71247426
182111186112
4322245224
3317835181
1645316755
125154127156
152119155121
726929
176168179170
6321264216
8522290223
60466248
178133183134
179236182238
135167
752784
1872518927
3915941161
1086511266
139141140144
7123074232
114202117204
129235131237
1118211484
99210102212
4120444205
77898090
1071911120
193202195205
1553215933
7015971163
103198106200
6910272103
18321845
1738417685
197108199110
128154132155
1713117432
168229169232
1538615688
7919181193
1033510537
121109123112
148214151216
31463348
5919463195
84718772
8621190212
1293413236
9522697228
170186172189
1747217674
172172175174
49305133
29723175
181167184169
1224219242
12151247
1409614398
1134711848
663714
9222995230
1966119963
1621118213
1629716599
3817242173
1201812320
75247826
1639416895
130108133110
81918394
105171110172
0133
101146104148
157104160105
85128814
3318935191
113224116225
925957
1465
254276
18902092
1423816241
3621337216
1868518987
1171711920
1458114783
54566356
1721820220
119196122198
74927694
32863588
9012292124
135129138131
02123214
136158139160
43604463
15201822
177117179119
1106811270
6213864140
8511388115
169106172107
150227153229
77818083
110128112131
4821049215
41954497
60126314
11861208
130199135200
179186189186
1977219974
45504752
13651468
492695
164101168102
1214115143
136102145102
9118092185
1793218333
8414685149
1910520109
1237712580
1504515247
3922242224
1265512956
135228137230
145173149174
9517197173
105910612
4324345246
6513868139
26842789
73467747
5516558166
1873518938
8211123
161236162240
7011773118
02025203
132513310
199193199204
5915670156
5016953170
190230192232
194108196110
2212823131
7824681248
1224212345
31087109
137180140181
9419398194
41174418
90149217
310351
2817332174
3223135233
22782480
10731276
48755077
144238147240
34933696
1801318215
179163189163
160224161227
2722330225
71577359
192155195157
117138119140
71357436
1169011892
111137114139
186152197152
33363638
198117199122
65867286
73847686
142133145134
143224146226
7541155
43764777
184215186217
110241112243
32753477
31935196
9214295144
132169135171
1515418156
2714929152
4119045191
193208
1237412675
120240123242
157200162201
58516152
51925493
15498155101
7612579126
1374614048
28453048
1415914460
6722570227
8417587176
180201183202
1712717429
7515179152
1516317165
9219393198
1424215242
2111823121
1423914541
65956897
577609
127241129243
5511956124
58446145
8212883132
