1776
149123152124
8220487205
71979199
147197149200
158170160173
2816231164
101124103127
110161113163
128195131196
188100189105
42464349
1138711888
179239186239
3720939212
16601711
196218199220
471522
66526855
124169129170
1746817770
125147127150
187214192215
102208105210
176241178244
154111156113
29943196
3820743208
1615616458
157146160147
105244108246
84578759
6413369134
2620630207
5124553247
5514857150
1706217364
145142147145
1699517496
1224412546
1163911842
1186212263
39244225
21905191
6414966152
11621464
1878319184
70667268
1275813060
1181311
184119186121
39434245
176212178214
41177119
8618688188
132188135190
56475949
136200139202
121226123229
60476548
6023763239
1063310835
1948119782
155104157106
1533515537
1156711869
138131142132
6718869190
2416427166
4916850173
132149135151
1153312034
2823931241
135172137174
99154102156
1492015122
16131915
3824641248
128242133243
613915
174100178101
1411914620
1521016214
2011323115
134165135168
160193163195
99193101195
30753278
15531755
187249194249
1323315235
1401214513
140201143203
73287433
6822769231
44734775
176171179173
6110869108
1365413956
104223107225
1964919951
6924672248
2023724238
1932419625
96659967
116117120118
01643166
67686970
186218187223
171110174112
1885819259
168134171135
1719519197
7820681208
5617458177
6421773217
9310796109
136244138247
101181104183
1715119153
3416938170
165221168223
144201146203
2118823190
155150157152
133249142249
157237160239
44964698
8018783189
1362913732
1198912192
1249212993
4519846203
1602316424
138181139184
14731505
1015613158
139209142211
76397841
166184170185
1158511886
148178149183
676977
1510520106
5413957141
1712017224
113120115122
6121763219
143117148118
5619559197
1678716989
100177104178
6223264234
5917262174
2618228184
43434545
26202823
108151113152
197224199227
1258512986
158134160137
172146174148
115195118197
1222014222
130158132160
63906791
49745276
6124764249
171136173138
162214166215
138125142126
3310136103
1562415925
165248170249
7381040
716112162
119103122105
2413928140
1765317855
4014743148
711310115
5917562177
7812381125
72727573
170235178235
197127199130
99104102105
176174179176
1149511598
1074511246
2918131184
2221626217
28513153
3919641199
155122157124
16241656
4111843121
21986199
136164138166
8323387234
1841618718
716918
356369
182135184137
1326213564
5722659229
1474014845
170200172202
42164419
121142124144
1043010732
106127109129
157218160219
148143151145
68937194
3411336116
2215025151
6021265213
111219113221
143100146102
2814631148
141187143189
1419416197
136189137194
5024853249
32383540
160198163200
8114384145
42734377
124207127209
120131123133
1803718240
1382814030
174136177138
139165141167
22352537
183215186217
85838885
75227823
116218119220
24772779
21432345
01743176
159231162232
6921472215
69837285
17861886
3420936212
311513
2224524248
4711148114
178103180105
974210043
183152186154
2923031232
42784382
2192312
148140151142
73837685
7513183131
182199186200
194126196129
5210255104
1531015513
187109188112
106119107122
9413797138
139100142101
120182122185
21872489
8719789199
7616480165
41666168
1667416876
191207192212
9424297243
135237138239
109243111246
80968299
556858
1626816471
96198101199
7523778239
912211124
185107186110
6720668211
165142168143
1211412416
33793880
85138815
197207199210
98159101160
9111992122
4621848221
161216166217
01373139
2621831219
182159185161
01624163
1418516187
21085110
1581416017
4311046112
1408714289
62197319
1895419157
61216423
1496915271
88399140
8916191163
147219150221
21692471
1754917752
17121743
9214195143
96609961
1829218594
1715920160
5923361236
1189612198
12464248
126188128190
4318546187
76767978
416618
73867490
86368938
196244199245
38824184
170240172242
3511737119
1328913591
191230194232
5515156154
42524753
73767579
3811041112
46844986
195230198232
34103513
1827518378
103147105149
2014223144
191184193186
120134127134
2924732249
1087311274
41704472
3312234127
1315916161
16771708
1962819930
916312165
3917143172
44404741
65626864
6919574196
1667717078
52057208
7117173174
196173199175
1817022171
53755578
161266
197215199217
3323535237
7717879180
12471450
1144911950
1732117524
129913310
3212835130
111178115179
1757117872
187154191155
110165115166
1877518878
4794912
106185109187
4512248124
93639565
1535315457
4719650198
2814931151
8713090132
173168180168
4320446206
179107181110
116221126221
3415738158
6216867169
196138199139
132165133168
187189190191
4417146173
1549815899
7617178173
1720818212
1758017882
1310216104
140180144181
6119763199
122148124150
01523154
1802418227
2612927132
1325513458
168113173114
3324136243
4912252123
1366213865
59706271
96244100245
7615185151
109192112194
144151146153
59916193
98137103138
1274113142
13061338
765797
171194172197
32943596
63776679
173149176151
912119121
19331955
1446714769
1364913951
93959697
3324436246
136178139180
1971219915
1048610590
192177196178
5617861179
113172115174
3922741230
2216124163
156182158184
1808318385
5119754199
193202194205
7112774129
2922032221
134204137206
1209412595
112175115177
177192182193
1927019571
1428114583
51638165
7213874141
1059310895
1063610838
7116874170
1251512817
175133178135
1024612249
45274730
140119143121
1369114092
4013041133
180208181211
108215111217
4316046162
8921992221
7517676180
85168917
8115784159
5219455196
4810750110
133107135110
11461168
180187184188
942973
4619348195
120145123147
1778317985
45624764
177154179157
155210157212
25632865
1622616627
141162143164
138172140174
120186121189
9616299164
1724417545
98242101243
136215139217
6196410
59866288
11651367
95909991
325527
1424216245
8317685179
921011212
178137181139
4314447145
4922152223
1929519498
170243172245
1868818891
111205116206
8814191143
150102152105
178222180225
1389314096
185139186142
28752978
5821461216
6518568187
170215172217
592893
102190104192
162154167155
1491515117
63706671
2015624157
1341013612
8111283114
7624379245
169176172178
187125191126
163186166188
1638316685
66236826
192124193129
157194159197
1444714749
143236146238
191164193166
4316345165
6115963161
1711020112
164111169112
1795518256
2017823180
114181118182
6919971202
96809882
1893019231
426458
167213169216
1898819190
104125108126
94119613
1073911041
36403843
105236108238
15941616
114148116151
25872889
145129150130
195150197153
1838818591
41727174
15811651
13131516
7417175175
1457114774
1157711879
140115145116
110184113186
1213414137
166238168240
182219185221
29343137
56775879
167162169165
3217134174
194188199189
1694817449
1476314966
3518838190
105200108202
128234131236
169221172223
65846885
53175520
159242161245
1681517117
2515627158
4518248184
5710760109
171107173109
192118195119
115141117143
6823971241
185187190188
1392514127
439946101
2212925130
1248112783
107109109111
194114196117
152119157120
155198158200
1593816141
190227193229
149133151136
38544156
1348513986
8810591106
53905593
1473515037
158246160248
1652316725
156235161236
67777079
21114113
50115214
170212172214
1451514816
02133214
1684317145
152125154128
6918573186
2016523167
123137126139
8511053
7518178183
4515648158
8411189112
134209136211
1044210743
11791481
4623849240
168194170197
73227427
18961947
812844
7516680167
138122141124
1122411725
1614616448
119108122110
194164196166
8918590188
166171169173
548579
1274713049
99139102141
8520887210
160119161122
23812683
193120195123
187226189228
165203166206
1697917480
2910332105
9817199174
479850100
1617816579
141245144247
103188106189
182150187151
1436314664
1405514258
94509652
195161198163
27453146
4318845191
77487950
189127191129
1251812919
103170105173
1909119293
42564459
51485251
12024204
157113160115
1229612498
36594060
049153
165102168104
1401414914
7713280134
40324334
7422476227
166197167200
1587716079
6416367165
178145180148
1615316355
1678417185
973110032
12701302
6118266183
815413155
8522986232
72807582
153166
1276213064
17641867
9718999192
1781018111
7519678198
110236115237
1921021212
6596711
97205100207
162147165149
125120125128
114183119184
1771418015
168231171232
177182178185
2221427215
107233110235
178189180191
02181221
5924163242
107227110228
993510237
6211765119
145137148139
5217954182
8222683229
119231120234
151151153153
114210116212
1212715128
152162154164
1364313944
5317655178
6622571226
1578416285
2122923231
1182512127
164190166193
65496851
140162
76737974
1885119152
15501572
169140171143
2618827191
1665616958
73567658
5424257244
9319695198
123213125215
124242127243
12881589
9599810
612810129
11601182
822813229
7998211
1002510227
1863918941
103212106214
45214822
116178119180
4622648228
1354513846
177180180181
22222524
158160161161
186234189236
1906419365
167149170151
5710360105
53645567
188175191177
19262228
138144141145
178198181200
3714739150
49585260
12731286
95729775
62686669
144159145163
6924372245
1683117133
1213012332
4320947210
1498415485
7622978231
181189183191
106183109184
1507415277
8914892150
1168911892
1249113191
1532215823
99115102117
16321673
1964719948
56175720
1939319894
3719638201
128207133208
190244193246
1897619278
1466014862
9421496216
107204110206
01671171
1171711920
2711230114
1015510260
22732378
195140197142
80578359
147237149240
102193104195
18482150
1632116722
7422875231
8711688121
1042210624
152225156226
195246199247
154174157176
8223785239
139232142234
132176134179
4912453125
81788480
1343713838
6110263105
18742176
13901431
117210120212
1019110493
9011695117
170162175163
162219167220
3710039103
168128171130
65586860
610710108
11951497
1178111984
2310826109
5116654168
115207117209
35763778
1303413435
1196712070
81919194
9510398104
93259527
15241825
1611016412
1019214193
162120164122
1024012243
1355813860
6012962131
1158011684
1065210854
173159175161
47945096
3218434186
85888890
56505853
1116111363
7216277163
120190123191
109173111176
8010081104
1292813131
193208
168124171126
1509615398
1110716108
152141155143
7019175192
146156147161
6610170102
195167196170
9221195213
138146142147
3319034194
37654067
51425245
1419214297
1113711339
975110152
162211164213
929894101
191191193193
1318016182
3519138193
7214576146
192152194154
82228424
1124011542
1758317686
115225118227
192239193243
128164131166
6912372125
93449546
1893219234
172207176208
92229524
10561078
1595316056
1035410557
93589561
1665016755
4124243244
171131174133
151197154199
63886689
72917592
117165120167
48455048
133161134164
4022045221
1137511876
79918293
9520297204
6219465196
1117413177
144195145198
3019933201
2721030212
104138107140
7113074132
19099192102
41146116
36683870
75277730
4511548116
11351536
138105139109
1619616299
167241169243
124228126231
155125157128
177149181150
110207112210
189819210
1455114753
86238826
124155127156
31775179
1723117533
516538
8514788149
148170151172
194184197186
127117130119
180203183205
1666216963
1975219955
86418744
117213120215
44134715
172153175155
140148141151
1452114624
170100173102
56965899
58836185
144119147121
3123334234
104239107240
6615368156
28973099
19962298
2013323134
4314044143
2613833138
18421874
4422245227
124196127198
121230123232
478680
161206163209
8122384225
1612218125
4821252213
176203179205
3713039133
6318866189
158168163169
1513817140
8822891230
18162019
194190196192
59746177
1212623126
155129157131
76718771
152139156140
1033510538
2516027163
96359838
138114139117
179133184134
82278529
8217485175
1816118562
46424844
53945695
1917322175
180162182164
111202113204
186160188162
158174162175
4219646197
162181165182
8621689218
141199146200
4720258202
3323838239
175192176196
1911519317
9115692160
28793181
195143198145
3293312
443475
129120132122
111213116214
158129160131
157138160140
186192189194
77138015
9316695169
179212182214
8818090182
5718060182
80508352
1844918651
90319136
99240103241
130181133183
8417089171
1218413187
168224173225
3914041143
92399442
162243164245
1638016582
135222136225
166147171148
1656716869
191161194163
174222177224
1368913990
1121511517
114187117188
6813771138
5011653118
25702773
1710720109
123129128130
1228512488
1247212675
9801003
150233152235
108247118247
98111101113
159132164133
5813861140
1257912980
5411459115
139239141242
159179161181
161137164139
9118995190
8721191212
8319385195
21265128
93169419
1023614237
75317733
2110522110
191187199187
1561116012
7413376135
145245148247
115198118199
88629163
187229189231
127178130180
1853318735
1966219963
117228120230
59526254
972010022
177194180196
2616728169
4217844181
1867119172
7020575206
3320336205
143220146222
139110140113
8511586120
193155196157
1459214795
1020512207
128175131177
0527
100247107247
164158166160
2320425207
32426244
50885291
10999112101
94879689
1864219442
74417546
155164160165
1848018683
839884101
115189119190
107207109210
116234118237
15571579
2021421219
103203106205
1668117082
1719217394
196106199108
116114119116
4021243214
01281133
86819082
141213146214
137150139153
105194107196
1371013912
154100157101
6718270184
127137130139
3922442226
186176187181
1553815840
1417317175
147153150155
4921751220
1583016132
61207220
114159115162
1193512138
165209166213
4014942151
2613528137
6486
69957496
1554815850
79388041
1858518887
124203128204
8510088101
61116413
34313733
0234
158116161118
1096611467
254276
43264429
57246225
4720650208
1765617858
1419014491
82818582
191194192197
101810410
134103137104
1288813190
1411624116
119154123155
106169110170
136141147141
916712169
58806182
57736673
851874
1011410416
193207194212
175189177191
023524
5011952121
141170143173
111114114116
11772180
112244114246
12201422
4814552146
1939019891
158100161101
1468115182
183125186127
107112110114
8116584167
1315113552
100128101131
1613316335
144171147173
178248181249
7722480225
106106109108
3621338216
183115186117
142148144150
14371469
1022011223
32287229
23982799
1135511557
69287230
1555415855
1532815530
108121112122
88419142
83648566
1166412065
163232165234
84108417
1711319115
6723271233
1499115492
921814219
805837
129108132110
168144171146
102157105159
1473915439
1741417616
76797882
148194150196
160156165157
1951119614
121207123210
87549155
81408343
177215180217
52307233
1574616047
4616349165
1796618169
8917792179
194179199180
3024432246
2524828249
7022773228
195212198214
194198197200
19402142
3722242223
1937619677
83958697
122158125160
6114963152
68327034
53685669
84398740
1497815479
2823529238
179115182117
63526555
47315033
1275013052
24442647
3321736219
6812172122
197131199133
13101342
9411197113
130142133144
126247128249
4911151113
47904993
1338713788
101244104246
98224100227
117139122140
2018123183
8322086222
131224133226
1651116813
147164148169
2913531137
6617368176
55126013
168121171123
3714338146
178130181132
1781218113
1494815151
31596161
6919774198
89689073
11901212
2721632217
3816441166
147201149203
99812100
1433114533
88189120
6921273213
105175108177
1595916261
8712290123
116191119193
29253227
6912770132
1824118543
91689569
152132155134
1006110263
29893390
998110183
1594316245
5418457186
9210394106
54605762
119197120200
1436514666
7514280143
6711270114
196147199149
192140193143
2617028172
180113185114
128209130211
118206120209
133120136122
4918360183
3913441136
13501382
22359235
6913971141
7421278213
1037310476
7011673118
1511016115
1293213433
1008810390
169139177139
9319995201
1802918331
1693417235
1279713098
45725572
6917270176
1198512188
8220684208
174107176109
51245426
134129139130
18292032
144106148107
5712360125
14651667
1972319926
195221198223
15061528
52459246
130111133113
6920770211
8820491205
1645016555
4219844201
165118168120
101235104237
9611497118
1386714368
3713438137
26283029
10141216
150183151186
9118394185
52855487
1324113543
125108128110
267299
63866687
113111115113
89899390
51208121
184171186174
4314944154
146190149191
126142129144
1631616618
143111146112
1437514677
641844
129214140214
170115175116
1106811270
48235025
3710439106
195201198202
13281630
161228163230
152135155136
1717517477
054256
4614647149
79818183
5616658168
1689717298
1361313915
71338136
138204140206
15951897
120111122113
81569160
1266913170
987510078
8421391213
17501801
7323680236
16842085
2417327175
6218464187
35223824
1594916350
139222141224
1903919340
19201952
1826718768
168218171220
1361914020
1285313354
1611316218
18212123
100169102172
185196187198
1924819352
5222454226
67716973
51815384
4922651228
5116954171
4824550247
6720369205
83728575
22097210
823813239
169117172119
1718117482
121197123200
195171199172
1767317876
9520796210
195237198239
184122187124
11451646
1223115232
155160157163
6811972120
10761577
2614429145
152170155172
195208196211
184226186228
131126134128
69597261
55145716
40854188
1138911592
5217455175
90879388
1953619838
4323146233
1146011761
176120183120
1933119632
1043910641
3010633108
150915212
1763017932
9324495246
7110074102
1315913461
139207142208
1489315195
187113189116
7518478186
164227167228
8617488176
1992012
5221753220
4421147213
9523097232
9521997222
123179124183
1347313676
1959519996
170171173173
1627516577
172122174125
126159129160
720010202
167159170160
24602662
9119195192
142154145156
28383139
7311478115
597899
105150107152
6410967111
8810291103
1623119233
1401014511
44924695
83918594
103113106115
178126180129
158149159152
2222625228
152116155118
183162185165
1716017661
1576715969
1533115732
182235185237
181177183180
21152417
140215143216
102198104201
5816961171
154249164249
9317095172
114185117186
1099511396
29223423
6320966211
146233149235
7120974211
169166172168
51336136
103109106110
130199133201
145148152148
128184130187
129204132206
179123182125
8423587236
1716119164
187239189241
66656967
8011681121
31913393
517510176
3516337166
6424267244
83548656
182107184110
1803218433
110187113188
3019633198
1485915559
51315334
101220103223
15201723
47815083
117238118242
29103112
192103197104
121241123243
120156123157
146241153241
4721552216
141190143193
1521518217
1443714639
622924
110211113212
900914
899891101
16799169101
1395914360
3718140183
92209621
181201185202
9217395175
1195512257
1277113172
78517955
124184127186
15471750
124240127241
150190152193
6214766148
156156159158
119194122196
116160118162
128237132238
173242175245
8515287154
9741054
1236112663
178245182246
74527754
135231137233
1253812642
378419
4915652158
144167146170
1362314124
169238173239
9613998142
71167418
3322036222
171517210
1564115844
42544755
3512244122
686888
5522656231
1212812529
9011193113
142239143242
3919042192
1635916562
9116992172
3122536226
1669016991
34343736
5016353165
8919090194
1122111722
46464751
9118094182
2821331215
33743478
1023011233
89239125
2912132123
13131345
1724521246
1839518598
1433414636
187140190142
123218125220
4324646248
3923142232
1983219935
17971887
18931925
1435414655
1127811481
1624016542
1342713728
3617738180
150236151240
7018073181
1524717249
1320417205
7119376194
1313813340
8617788179
5220057201
1518816191
7324375246
9951026
1833818540
3820241204
134207138208
115106120107
109157112158
58616163
78298131
2316825171
7422279223
1343914139
5424555249
1695017451
75247726
152239156240
1587416574
1308513287
3221335215
164109169110
77847987
15311734
1245412756
62586461
138229140231
1763717939
1808618487
4515046155
173212175214
31303332
1377814080
1759518295
993810239
6524974249
6717770178
138142141143
191188193190
138191140193
181104184105
131244134245
1468414887
54575759
12599127102
136219146219
7714480145
1920620209
1555115853
121107130107
1811418317
1807918381
161246164248
1751717819
138194140197
1912222123
10121043
7361037
24482551
83338635
1657016773
1235712659
8424687248
115911614
4618847191
2414127143
152201157202
41604561
1024910452
4814951150
1099711398
123101124106
85108812
14221444
1797018173
7813982140
354755
1596216065
5110056101
619821
3414138142
76897892
1288113282
2017631176
170174175175
7312274126
178206181207
172126175128
94809583
2311026112
152236155238
02054206
169226173227
156168157173
1316513467
1773418036
151129154131
194240196242
75597761
165139168141
100166103168
2013523137
181482
78248126
5412356125
135118139119
78567960
149168154169
143248148249
13831415
110181113183
18522055
96175104175
96259926
93849586
615211153
1137011572
