1763
61776479
139133143134
1464714949
4423947240
128136130138
01442147
1907919282
35593761
7923682238
132128135129
50435345
187132190134
147181150183
1578216084
4612148123
1088811289
113122116124
160138163140
92979499
174208177210
1112311227
1206912470
11074109
165190168192
159165162167
128224130226
6424767249
2814731149
6323664241
189152192154
34793781
110186112188
181189183191
8813390136
10641086
5317756179
4516147164
984810050
7710979111
117121119124
104140106142
3511836121
1516915372
152207154210
582623
1015215153
159126162128
4123142234
51828184
1689317096
63546556
80408243
1904719348
153132156134
148107150109
31743377
1198712488
1161811920
27683070
1226512368
24562758
13511653
9415396156
186149189151
1443614837
0031
182138184140
2712030122
10291829
172157175158
81308432
3624739249
125120127122
180118182120
164242169243
145213147216
78528353
1434314644
162113165114
161168162173
8812090122
1034310448
823813239
8720889210
110160112163
491522
1118511487
117179120181
71107313
195211198213
2810330106
68657067
166151168154
112228114230
6616268165
17361768
107235111236
99193102195
58226024
2518729188
1014214143
103187106189
1181412116
16131645
8218285184
61806482
104235106238
4113644138
167155168158
49275229
11001122
149112150117
29883190
7610581106
95369738
7515679157
4214144143
1287712980
6320965211
97144100146
7816281164
99812100
9423497236
193199196201
535639
147199150201
1688917092
174117176120
1648816495
7914782149
139212141215
128100131102
7311575118
9622698228
6018162184
08111
3720139204
4016545166
170144172147
1418916192
21555157
136138138140
26122914
174213176215
4224145243
32873390
4722448229
5214954152
1693317136
61436444
9216595167
1581916021
1603016232
7912781129
8912393124
16741976
3523037233
107237109239
1813021132
1498015183
192155195157
116141118143
109209114210
3117432179
38844185
5711258116
188174191176
4223647237
8519788199
5124053243
1889319096
158197160199
38254027
1885019351
273296
106232108234
1889019192
7824181243
1173912041
1366713969
1916519367
8801182
31804183
134120137122
4323447235
1947319578
1467614977
75677670
31425145
9019293194
157145158149
918114182
21232325
2921832220
159106164107
10498105101
8113584137
87879088
179129184130
129175131178
1289613297
5415556158
971010
1045710758
115126118128
3722240224
3516539166
1336113762
13361349
129173133174
103228105231
5511760118
71747376
544558
166114167119
1331213514
161116162119
4020242204
6812572126
6510268104
42057207
904210042
1121311416
135211138212
163204166206
3616341164
139816100
1711217413
3711738121
190224194225
992510326
1463314835
1357713681
3421536218
191191194193
56515953
1713619138
114204116207
8714090141
1587816180
1485315055
02363238
103210106212
72637664
1072211822
1759217893
154240155245
998010183
60196321
5121356214
103222105224
137181142182
45745075
16098163100
2216124163
599962101
45664967
7623678239
5118252185
1094211045
152196155198
135222138224
1172612127
10097101101
3721745217
156197157202
4818653187
19201952
182211185213
7119474196
4717048175
1217417175
134234135238
111154112159
124912710
192126194129
72547556
112165114167
157141158144
3519138192
1633817138
2618530186
8422787229
1494115243
2922632227
174141177143
31146115
188160193161
101166104168
1854919349
8717290174
120226123228
63336635
196137199139
4513748139
1291013211
1919419397
5116254164
431444
97969998
3814941151
6221265213
180121185122
123230125233
1214612349
1615319155
161158162163
1322313525
96169101170
1712320125
124159126161
02243226
126107129108
196244199246
13441385
5412655130
1633516537
3911041113
136203139205
191219194221
131182135183
13341636
186195189196
107188109190
61767076
1956019862
6315771157
7921784218
5524557248
203235
167148170150
4219445196
114223117224
149142152143
2222125223
27263028
5313556137
7513377135
5114453147
32363439
4916952170
3612238124
6020063202
1798718289
1492115124
143161145163
171112174114
918812190
129215131217
80788280
53665668
192237193241
47255226
139188140193
41624962
109146112148
81248525
54245726
177125180127
1107911381
2518030181
183181185184
147194150196
1666116963
1073410937
1114111642
186237188240
6419965202
5219355194
4112344125
4616648169
81498451
139209142211
4924854249
7319176193
144179146182
1674617048
9117395174
1594816051
75148015
3713142132
1013010332
349937101
1952919830
192174195175
5519658198
1793418236
1788118084
20752476
133206136208
1624719249
1851918821
114134117135
1443814939
9514797149
41997201
3124434246
12501265
186129188131
123213125216
11999123100
9599910
67476950
1314915151
196231199233
116172121173
30473348
30193321
1922019324
40524255
6620968211
189191190194
101147104149
1165611858
188180199180
50355337
80748475
1232912433
1802818330
1402614328
4218447185
18482548
8616689168
130107132110
66317032
6914271145
1915219354
6615069152
3911840123
132139135141
8711790119
145167
1528115386
85598662
5219754200
153233158234
7521253
105171110172
196126199128
1807218374
185246188248
919110194
179203182205
178147180149
110198113200
076378
1115711360
1513816143
1423216235
161182162186
5913062131
1368713988
132175134178
1552415826
822813229
164211169212
2815231154
94579660
2223027231
4917351175
047250
135243137246
8623089232
128118130121
107195110197
38594859
98120101122
89229323
109112110117
2721130212
1881419116
1920622208
170166173168
16231728
177165180167
138106140109
2316926171
1682917131
179214184215
2512828130
105200108202
2114223144
97206100208
7513078132
1112312128
100134101139
131161134163
137173140175
4017342176
26153116
114105119106
1474414946
69357237
74417544
136215138218
1406714369
136183140184
7712380125
1258612987
1574215944
3023737237
185140187142
192141195142
6222065222
1785717962
01643165
23292830
1114311345
13951697
105910613
75168616
344376
160190164191
2912934130
190234193236
378409
75457747
39204321
137197140199
102158105159
675977
42337235
190195192197
1926019462
529619
7921983220
58956196
1571616018
812310126
49595260
985210054
70837384
177118179121
142147145149
1158611887
1645516757
4815151152
1361913920
153114156116
4115444156
1217312475
102244105246
3123334234
9113894140
167123172124
3717339176
6824371244
5019651200
981710019
17892190
8221284214
136168139170
4375
146134149136
108249119249
88399240
5321056212
3713640138
135148140149
185103188105
171161174163
72219223
164133165136
187101190102
6819370195
191101194102
2514727150
7916781170
101144104146
108109111111
5122854230
79368039
3322436226
425476
96739975
14701502
6014767147
142164145166
4715750159
1533815640
7421878219
5317456176
038340
154108159109
1179012091
7020472206
5813461136
8220285204
2983111
26913192
196173199175
5013352135
102190105192
1211912420
169128171131
9423899239
1595516356
99225100228
1097511476
1867818980
6619167196
140170143172
3424036243
148149150152
1265612958
167248170249
1859218795
64736775
180248184249
3820541207
9423197233
11601462
134152139153
13001323
1920324204
178208181210
1686717070
1714717251
89369238
182135185137
1221715218
37334035
9511798119
1216115163
123120124123
71657367
1911521117
2316626168
65636864
120168122171
86818983
8018081184
95549756
168117170119
148230151231
8112083123
158180160182
67937194
14131435
112110114113
168115173116
1892119124
49895291
4674810
1066610869
1724317446
15141716
56106111
1475914862
9111993122
757789
7224274244
108105110108
12499127101
130241132243
147245151246
6713669139
1516515268
4318948190
31693471
17598178100
155235160236
4320446205
816311165
373575
1156211764
7013973141
166161170162
1096411365
136239139241
87959097
1245012653
21895191
1096111263
1271712821
131209133211
2216426165
52775778
153117160117
48565158
104184106186
123171126173
107106107113
157206161207
31643466
5723459236
5410856111
75507753
9681269
2922834229
161177164178
175153178155
57675969
8315285155
15771628
17999182101
3317938180
176240178243
118174121176
78258028
44634964
1049110793
85928894
1346313765
1368913990
112201113206
11283130
16531675
6310565107
1116611567
196153199155
1432314625
913014131
1113914141
3519537197
3812639130
9414195146
176182181183
1646416965
176218180219
3815240155
4221843223
169240172241
6813271133
1586216164
54885790
12361268
1083111033
100197102200
99118104119
17051728
99217102219
1716920171
073275
5211954121
6523668238
37914092
118192121193
126213129214
139126141128
195143198145
2417727179
86349035
8516388165
9324496246
86578958
129218131221
106228107231
1045410656
5718159184
92769479
1068611087
150137153139
1588515989
188222189225
1684917051
127156130158
106100109101
7616778170
556759
1818721188
126239128241
190207193209
97259828
15699159100
1767317975
90579358
1895819160
142199145201
4524547247
7116576166
131180136181
1766917872
132148134151
7110472108
3814241144
1634216644
170917311
6910274103
1935519657
959999100
179229180232
2211424117
1938119683
139230141232
8521188213
1911119612
180107182110
94139616
155163156168
86218824
173241175243
1878118984
807839
125206128208
1315813659
01593161
259827100
153185156187
4523047233
2821329217
7016173163
4823551237
2116622171
163157166159
56175919
59326234
9510199102
1631216415
02072209
1834318545
78478050
9016891171
1253112733
158174161176
1157111774
120138122141
23402642
87438945
026328
157129160131
47824985
14411464
1313013432
220252
1107311474
921011212
193115194118
151219153222
6596612
128200130203
2813431136
1511715618
1522215424
15751606
181111184113
120158123160
159147161149
1055110852
173181182181
107141112142
9115794158
2117224174
10671118
1823021232
12781481
1308713289
1338713590
83848586
8323687237
8201121
821310215
1727517577
147139149141
6824571246
100201103203
87139015
13231526
1622519227
1809618398
19972298
1967319975
129246132248
36283929
75247726
6814671148
16851698
168135172136
1627516676
124224127226
1658116883
1429814799
173144175147
169155174156
17781819
1863718939
1123711638
138162142163
181145183147
172125173129
1507415376
812011122
59126114
02043206
82818583
67797081
8217485175
56405843
188140195140
117166119169
1656916771
2817630179
2714429146
29573259
128139131141
2716530167
108244110246
81648367
24533453
1132811729
4619348196
120185123187
1761617818
142140144142
12111226
1342613629
43234426
18592161
2418225186
134195136198
1113911640
120212122215
170132173134
1953319638
708749
155138158140
29603461
1555315855
5922362225
44464748
5951096
179818102
7720580207
54365837
1432114622
100209102212
100173103175
1595216254
1022112223
8411087112
124192127193
1534115444
089490
1043810740
1861018912
1551915722
18998192100
47965098
1622316425
17511954
142115145117
177122179124
174205177207
115228119229
127151130153
18941925
6318066181
6214264145
1303713240
53305632
54335635
52127215
85309031
172231174234
1974919951
135161142161
181167183170
2321327214
755796
151114152118
19331955
195202198204
8716989171
27313033
136247139249
2912632128
14891691
7312575128
1461214914
1712621127
1318520185
196106199108
591794
18399188100
78588359
134157137159
9118494186
1274913050
1818318385
84338537
7323775240
188117190119
117239119241
137117140119
6514368145
6918871190
159153164154
172182175183
6717168176
66246926
156178157182
85498850
8717990180
93279628
23102811
159237161240
8323386235
194237199238
5618961190
178198179202
7322075222
170216175217
53825883
1678717088
1674417145
1458415085
134200137202
107185109187
176146177149
73357637
23262628
197186199189
1211112313
1864618948
135162137164
196193199195
141121143124
96123104123
7214375145
35713773
3021333215
8312985132
7820181203
02124213
918314184
1443014535
1186212064
2515127153
1304513247
22912593
5423356236
2513828140
469949101
90709175
48505152
3010932112
8721889221
33243526
3621062
4619849200
32503551
63896591
69567159
140233142236
117213119215
189103192105
2212724130
6620669207
81908691
1803118333
113172115174
4019743199
1321813520
152158154161
6988101
1223313237
144202147204
187207189209
566588
8615488157
8915790160
149119150124
9020095201
1044110842
6514068142
151237155238
189169192170
8314986151
166120171121
1157511877
26482850
11339133
3210235104
71278130
2615728159
7013672138
4420948210
1252712729
9016491167
43734477
7224575246
9331136
059460
7622077223
118194121196
5723159233
154204156206
44274629
112178115180
5717660178
4611850119
44114613
115189118191
194119199120
92809482
3314141141
8614489146
1174211944
111211114212
3823240234
1721617517
126244128246
97185100187
142215144218
148131151133
1614521146
194227199228
6518868190
49475448
25952897
179244184245
35363837
192183193186
61516453
1626116563
163117165119
1674217143
19601983
1472114825
1378213985
115209117212
7919182193
6023862240
6024863249
5011053112
2813131133
120144124145
144167146170
176158178160
9410797109
3519837200
195224198226
16301662
1710720109
1866918971
423924
1515817160
80218223
115186117188
144176147178
156118159120
106241107246
1692317224
133239135242
8831086
131222134224
2716830170
177116180117
121128123131
9621299213
55445648
2424226245
170188173190
8323885241
31323633
6218864191
1627816580
119151122153
1392914231
98240102241
680785
108149113150
8420886210
138200140202
114247119248
1022010521
114198116201
48725373
8818390185
67117013
174166176169
1725917561
98158101159
129204132206
1743517836
141242144244
110100112102
4514048141
8417086173
188145191147
3721542216
1723317336
122218125220
1089311095
125123128125
109178111181
2913731140
1441614718
154149156151
66276730
126196129198
77548255
50615363
103217106218
7414077141
2815033151
18452047
132187134189
169238172239
186115191116
1362313925
184145187146
182126185128
2110723109
01663168
1968419986
137101139103
144119146122
135187137189
1942619728
11344135
65586860
3420637208
3412335126
110182115183
146106147109
5161017
81708472
672974
9619999201
105114108116
119183124184
72587560
123203127204
1597516177
1723017532
12631465
559958101
52448246
1179512096
1081911121
148164150166
36183820
137135140136
5616259164
155101157103
30223523
182172186173
178168180170
109118111121
1109611199
84188720
1831718422
38984299
13761389
15622063
1315618157
109911211
1982210
89199121
180153185154
117232119234
6110868108
3611439116
7822581227
1616321164
1127011472
39224224
1344013643
1847418776
6711969122
3118534186
9113695137
155160158162
4611149113
116144119145
1511415416
58586159
116157119159
1913319434
132103134105
167145169147
1942019921
5720959212
196140199142
34543756
172220175222
9411497116
1211615117
125111128113
85518853
92709375
1033410635
144103147105
31783381
69687369
163110173110
1056310865
191230195231
2819530197
103239106240
890921
8115782161
26202725
5517262172
7424878249
8811291113
12121713
151150153153
48865088
1361613818
131201133203
194187196189
57445946
02283230
7610279104
5910362105
187204190206
2817131173
1211115113
182241184243
70617562
1975219955
140181
98242103243
1621616319
1614716648
118197121199
94839685
5911161114
1448114783
1519715498
9418096182
9412097121
5811960121
7524177244
151119154121
1386314165
127189130191
166245169247
1513415435
116182126182
2923832240
186153188156
8916191163
17912192
196103199105
4422646228
7322976231
1603716239
114136116139
97166100168
2622628229
1942219724
195114197117
21704172
129239132240
127171128176
8921492216
1938919691
1397014075
124227126229
44684969
1576516266
176220178223
1361013812
4824550247
139223142225
02433245
3021633217
83548557
61878190
1339113496
21757176
51925494
70437345
1095111154
1893519436
1613316236
159246161248
146238148241
171149173152
94729575
1319415197
1521015413
51755875
427728
5122458224
13298135100
153228155230
2320025202
197919911
109201111203
6022761232
6512467127
1475615058
191162194164
260269
1626716568
107138110140
4314646148
44784780
4020045201
171138174140
99214101216
1431914720
1807518377
106222117222
1754117645
3518739188
804836
1821318416
43704672
3317636178
117130120132
1884019142
160120163122
1685317056
3515037153
3917942181
139217141220
4621449216
8718689188
1394514048
112119115121
169229172230
1383414136
42854487
3413836140
9014393145
125102127104
192121195123
11311162
1026210465
113168116170
1833718540
54145716
157213161214
155135158137
1969319995
151162154164
183101186102
82114
174104177106
8216785169
25592861
3818241184
32673768
7022072223
2724130242
150242153244
15591761
5111654118
8121114
143196146198
8421986222
1244712948
1892519227
22572360
51777179
14931515
4011442117
1767717978
9624097243
149915111
2115124152
1241312615
186176187180
109135111137
02392242
2313126133
1401914222
61369137
1455214755
1677317274
1481515018
195248199249
1077210974
132142135143
50645267
106161107166
11631194
125179129180
167916911
74107612
1448814789
10251228
40664467
6910470108
842865
144246146249
121205124207
1457314875
1397814181
2214624149
185112187114
192130195132
3810440107
7513678138
1555615858
159133162135
161195163197
1752217627
910511108
724812249
167193169195
167137170138
1013613138
1435914660
1737117574
2011022112
140167143169
2517227175
97160108160
13721477
1781018112
1738117683
522610227
3116534166
4714650148
62576460
8316086162
4814951150
157231160232
9021892221
7923182233
1359113992
3421237214
38444146
78407945
55925795
100236101239
186228188230
911111113
7510079101
109211110214
1138211584
161916411
8471050
1410116103
1089011092
102132104134
45904892
117203119206
174150176152
47354938
7012973131
186231188234
7717178175
164187166189
108223111224
7416377164
11926193
971310114
57845986
105143108145
1619216395
1992219930
5814261143
1848218685
1589216094
29493151
166227168230
183159186161
41946196
136143139144
186181187184
16001622
2112124123
1677517176
144144148145
198159199164
169141172143
27653066
174108177110
3516938171
1213812340
1591416215
4216144164
4018642188
123240125242
187139195139
820861
1796318265
158177160179
150204153206
93103100103
1918121184
16492150
196122199124
6123466235
1944719650
163160165162
29953297
107209108213
31476148
5416858169
1210614108
47235224
1858818791
20412244
1685817160
1365113953
6313766139
1763117932
129207130210
55555857
175111176114
21632366
3522738229
2410627107
1698217185
137226140227
6322366225
184218187220
391422
8624488246
3810843109
6316668167
10501063
1671216816
3821342214
5310255104
1637216674
817311175
4816050163
144171146173
8317884181
6020962211
6781179
161243163245
115107118109
63306532
4211045112
763966
1581116013
59646265
67147215
16499167101
3518938190
170159175160
1892819329
1849618798
823110234
512714
131190134192
14271459
1803718240
156121157125
149184152186
125234128235
3623541236
9317596177
19661998
118243121244
86848886
1338213684
103196106198
2024523247
9521898220
1735117456
86548856
15401572
1816818371
171185173187
146220149222
96669968
122209125211
1493315037
304336
59756080
34763678
1372613928
120135123137
1539015791
2724430246
33823783
195216199217
9614199143
22692372
1547515876
7619879200
4818250185
180196185197
8568611
3420336205
97188102189
105123109124
8412187122
5313155134
1611518118
160103164104
58256226
41354636
185186188188
1114412147
1448615186
135107137109
7391041
143205148206
15391742
1019512198
6610568107
6911672118
4817652177
26933094
3724341244
19262228
116225119227
41134217
193148198149
4919351195
023325
1672217422
1973519938
127159130161
1566715869
1334513547
145128148130
195214199215
104219107221
11265127
1887519177
101205103208
7319775200
1562716128
1611219114
183230185232
135165138167
178206182207
3917046170
178140181142
51197122
333437
157195160196
12541456
1652316824
38523956
42026204
99229102231
3415935164
1635217052
2422625229
13561369
81688669
189245191247
98147100149
182918511
14651487
153231156232
7715379155
1697817181
6211765119
1878519087
5619459195
103247108248
31978198
270302
188202193203
131198133200
1718617587
1654916751
103193106195
194234196236
112114114116
140143143145
56706171
1715217257
86278929
01624163
5722759230
1546715572
2121823220
