1788
25303031
1067810980
101243103246
164147167148
1023911243
3818740190
1431914521
02182221
158234160236
131246134248
146217151218
8816890171
8113782142
96969998
130149133151
173208175211
1106611367
6214464147
1113516136
6110363105
4921754218
171118174120
57495952
1959419995
7751176
1949619699
258560
89569756
2319325195
15431944
1292813130
3815841159
140162
26152917
40544555
175206180207
1773518037
157177159179
105225107227
1693517138
88209221
1558515886
98139101140
1308513387
82868787
02042207
7818379186
1632216425
1162511926
152106154108
1013210236
6914372144
1877719079
7124274244
29753277
8911192113
1753017732
530562
9513099131
3022532227
1719717498
1724717549
168176171178
1294713149
1023613238
1724420246
939995102
106159109161
3914942151
579881
79468051
4015242154
104241105246
136123138125
7116276163
8411992119
164223167224
1121512219
493516
3618737190
124184127186
1486915071
111195113198
166210168213
1475515057
6919872199
1322417225
815866
12097121100
136119139121
1942819631
112153114155
115417
1694517148
67266929
1892619427
5417757179
1494515346
37143916
4424445249
1497815479
1529015592
4419245195
126244128247
71107810
126220128222
155223157225
2511627118
2615429156
170132173134
163188166189
3418039181
175217177220
68607162
18899191100
3810540107
1323215235
19812781
1318814193
6316464169
114184116187
195213198215
64386839
129193130197
49710
1417314674
151134154135
11442147
24432744
173242175245
145224150225
1672016922
164225167227
113156115158
986810170
690721
173246176248
19242127
1851918624
19641995
8214384146
1438014582
2023423236
176221177225
1528615489
2815731159
1575516057
126139128142
85969097
1195812260
152109157110
411424
1224212743
117106121107
1867218776
1036910671
61416343
3722340225
1297613278
17662167
130136132138
128132132133
1466514868
49765277
14361639
34313535
25922894
103155107156
5418557187
6712069123
1499615397
103109104114
135171137174
3920642208
71127414
1499015192
9323196233
1303313137
2714029143
103204106206
146192149194
107162110164
1792718129
193199196200
4294511
189131192132
141214146215
52338235
5516858170
1946519767
1207312176
38984399
1902819329
106146109147
7616477169
98144100146
135134136137
6810571107
1443914741
6122262225
5624758249
106132108135
15521584
8419389194
148208158208
64776978
01773178
8921692218
18572158
1491415019
47475049
62886490
9412596128
1297913281
85579058
9117093173
43515351
118217121218
7719378198
8021683218
3621537220
149158152160
196102199104
12436244
3123032233
125231126235
180148182151
2216423169
99186101188
146158148160
9618298184
1872918932
187140189142
176208179210
122227126228
128200131202
50915393
11601183
171717210
166214169215
2016521168
184121187123
7612377128
177165180167
73557657
2311225115
7320074205
5821159214
1117516176
1102311226
987410175
8020284203
119150121153
3611039112
3014035141
79928294
47625064
42294530
55236024
4122246223
9511253
21284131
139230144231
4815651157
1887119971
4821553216
9610298105
137185139187
47424944
93959598
3317736179
22572360
85499050
9212094123
1322816230
721710219
115151118153
63987198
3720737214
4719750199
11795118100
99142103143
120135123137
15001522
187204189206
7221274214
1846918771
133120135122
9791281
4418049181
6824871249
186167190168
4623049232
153176156177
1176111964
98174100176
176203179205
4684810
103211110211
68177119
143202146204
483785
4117543178
2018222184
1513315435
1002210523
18682170
1158111883
1149511697
1407614378
129244130249
7323376234
2014123143
1684917151
157200160202
136207139209
140147143148
193241196243
1558215883
45854986
106143108145
114193116196
146182149184
1120213205
111114115115
6717470176
1887419176
1348513986
100215102217
2413726140
25122814
9820999212
157249165249
107200110202
8111781124
711210114
132183134186
1943219733
1008110383
4211445116
68157316
0051
4318245185
7020372205
5924163242
6521068211
181119183121
90131
47575258
133189135192
75277730
89409242
57755878
1614116642
196131199132
162112165114
8814491146
1068310985
152237155239
1132811531
1119511397
2321425216
101178103180
73657866
54175719
1459514897
3823441236
129142137142
45654867
186126188128
151243153246
963210033
1198312185
1151411815
99104101107
1410216104
85778879
181191185192
7521378215
140136143137
8817590177
78438145
175122177125
9211497115
58826084
88229123
8814890151
119144123145
1613116234
11152120
2012823130
01755176
99184102185
78568059
44984999
4818250185
1888819190
1047510677
62079208
1099011093
7317075172
182238186239
7617578177
4811950121
70737276
294326
1111311414
26402942
137195140197
40914392
2423926242
116231119232
99240102242
102222105223
78298131
175154178156
985110152
126125127128
102165104168
7815279157
3224136242
1788318185
1162711830
83618663
1331213515
169102172103
69487250
14097142100
1198012282
7920481207
60796281
1249512796
182187184189
169204172205
18631886
1863618938
146100154100
1712019123
26352739
41124414
1271813418
147102149104
146234149236
194150197152
1021910421
933110031
180203182205
156218163218
186222190223
5422655231
103147105149
055257
1667316876
59686270
84428744
71827384
58156018
3215735158
5412057122
113191118192
1062410727
4413546137
975810060
111130113132
149177152178
1381014111
1167111973
154199156201
1465914961
37754276
124134126137
3217033175
1106811469
661963
1271512917
167916813
14521475
2814731149
47894992
120146121149
820210204
6813170134
5320556207
168248171249
113167118168
94809781
86849584
1710219104
1837818680
1353013832
1316213364
19752476
110102112105
85959295
8915392155
49595261
15201921
154204156206
7523883238
493795
178220181222
4214647147
114135119136
4310646108
91179419
999310295
509852101
1384313946
3216535167
193167195169
1385914559
167188169191
1258612788
1819618697
9721599217
8423887240
4324147242
986710567
1708717588
01092112
1719720198
1746017762
6318066182
148210158210
168221170224
1275312956
2916431167
1319516197
2717430176
31156116
146110149112
181212184214
157155160157
27863088
6118863190
33753677
151211154213
58126114
1181612117
17852087
7011572118
2514627149
7224575247
101109102113
1454714749
5818663187
150116153118
6716270164
4112443126
87888990
188121190124
8013283134
1311718118
175103176107
164238167239
1405514258
112133116134
1911422116
136198141199
361384
131125135126
1346113564
2614431145
5610858111
1031110613
81378339
1244612847
73467648
02024203
2512727130
1822818629
8799011
19282031
111245113247
154229157231
142143144146
7423076232
180111185112
1614519147
1334213544
57736174
68676971
114111117113
3020131204
1012112123
1822118424
7421679217
2111824120
128214131215
5013453136
64436546
120208123210
133155134160
1947219576
86128914
5917261175
1248012782
7410777108
91499650
169617010
6424265247
4621848221
67796982
1827818286
10351337
130143131147
013414
73397641
148209158209
2616829170
10298105100
71199122
1768717889
8912491127
181166185167
8714090141
077478
1868318984
1723317338
104185106188
7118274184
192174195176
5823461236
1765517957
122229124231
128165130168
4710950111
158113160115
1456214864
188152193153
161125163128
126169129171
9214695147
1464414846
166244167247
14821496
157189162190
136182139184
1543015732
2322128222
143239146240
3010932111
1323313435
5217455175
2210225104
8718590187
1313813539
8723490236
870885
6217365175
107125109128
71117811
1077510977
164119166122
4513848140
1610517108
6623369235
4110542108
1076910971
1316813371
192394
1473515037
1174011942
1922119423
1101611318
98124103125
171192173194
6510567107
106221109222
7717881179
121240123242
5181019
1954719749
12861318
93439645
139204142206
4614849150
167208172209
168248
9315595158
1921019412
2312528126
128119129122
162247165248
1699517296
171197174198
191162194164
9222197222
1024410447
62596462
195196198198
1715417555
136178139180
82408345
172174173178
96289930
129139131141
143120146122
171151176152
65486850
28493151
130118132121
142195144198
61856487
93209721
1016413166
72907492
942965
7021573217
41774380
42314632
0215
123220125222
1359114092
185211188212
197153199156
5910762109
1253012832
140109143110
16101912
48715073
57716172
1115311554
180201183202
981910121
1943719640
1125011552
9119094192
2315025152
6221964221
112204114207
155220158222
3112934130
150103152105
1866518868
149240152242
6516567168
1404314246
143179145182
801823
40934395
121223124225
166203175203
43724475
2723928244
6014963151
2921931222
6010063102
1420416207
5514158142
125198127201
28223024
4117949179
11951227
1455815358
745767
3112634128
123189131189
187176191177
4616749168
1363813742
758789
70677369
165143167146
16398165100
2621828220
98829986
144183145186
2216125163
39214123
1415016153
1257513375
179178182180
11484150
1522815729
82648765
30133315
44624664
70797381
70277230
6323765240
7810580107
1524915551
1398014282
21405141
30893292
5719058193
257308
3720240204
154190156193
8518986192
16221824
109191112193
1421919220
153151155153
49655167
02092212
6319965202
1443614638
163165166167
6019663198
489592
61766378
1382514127
35403842
039242
162175164177
4417147172
195210198212
55445747
6215765159
8314086141
18251856
1875119451
42164518
28463048
71649166
1628316485
1244412845
0982100
105151106154
15031544
193178196180
6624569247
6710070102
36633865
13951427
192126195128
118234121235
153219154224
1051610917
1626316465
166180169182
4418951189
182161185163
154139157141
1903219333
31696170
22242525
16731705
193244195246
94719674
812412125
161157164159
8112585126
8517686180
5519056195
5420259203
4018242185
2324324246
143161145163
150169153171
93859587
4121242216
69517153
128125130127
9324295244
114173117174
6331134
1737117574
107180110182
1955619858
85828883
20142217
132111135113
8817290174
122191125192
5817760180
7816781169
270302
60486251
1848118982
148164150167
140149143150
44954697
36603862
9117494176
93469847
01682171
8251825
73587660
1837218574
127136129138
1807218274
7213475136
157247161248
162160166161
1721617517
1635516657
7212074123
182240184243
197205199207
170216174217
120197123199
1013710439
107189110190
133200136202
140180142182
31957196
8217784179
140191143193
66447444
1372214024
74777978
54325734
20212323
171123174125
1012910431
154154156156
111218116219
1551815720
1712919132
1648116982
138222143223
174181177182
110160115161
58446047
4723556235
15751607
1118016181
4520347205
135203138205
02293231
18512054
1059210893
1005510456
9661169
3724139243
140218142221
181103183106
1421314514
1562415826
1397014075
3021232215
58256127
3711638121
1864218944
8824690249
7110276103
76717873
1473014834
188101190103
6213465136
1507215275
196100199101
6816570168
124242125245
5122153223
5511258114
124159126161
181193186194
33263628
8824492245
1419816200
107208109210
1787718079
118181120184
1424714449
117127120128
1401514217
4414146143
6021663218
2318325185
182124187125
1322613528
8419786200
191118193120
181216183219
5610458107
153122154125
153157155159
1022011223
16098162101
18712272
1119012194
718010181
261563
185195190196
116160120161
4310244105
3321235215
190204
26273128
7511479115
121159123162
1511015412
118129120131
2015525156
1789318195
6620369205
109136111139
8013780144
1366713969
192233197234
1179212094
41694371
9118394185
99227102229
171219172224
160203165204
1033210634
1904819250
21972499
172128176129
190230191234
174108177110
969999101
02373239
37843986
54635568
79628165
192247195249
55375839
4815251154
32046206
167159170160
160120163121
821310216
12501263
1244812849
157144158148
186137189139
33173520
1888519187
174157177159
51445446
8511588117
1414215147
993410037
113141116143
54965798
34573759
1448714592
150150152153
8621991220
5422157223
720510206
198115199118
8618289184
1658316785
2317925182
106237109238
1726317465
1184312144
196181199183
7913083131
8217484176
49285429
147214150216
178223180225
4212146122
1798618189
139213150213
4816951170
7012473126
114178115183
162140165142
7518078182
047349
177189180191
2816131163
1533615538
74847587
189154192155
1384014141
70347336
496897
176226179228
1727517478
1957719879
3523337235
127223129225
140118142121
1469815199
7513779138
1511219113
85298633
25612763
376399
8151117
154186
1228312585
5215356154
2622729229
3822043221
58196120
490522
156239159241
44904692
8911491117
5519957201
1022412226
7410476106
9723399235
1417514975
40154120
1905219255
1836218465
170230172232
1496215862
1633016631
103237105240
1228612488
144108149109
1843318735
1432214525
88469048
63266628
1202512326
139168141171
1017810480
5310455106
107233109235
172146175148
193193195195
57856086
88869287
7817081171
16491752
61826384
11611264
4521048212
156120159121
456487
38814183
1865518956
116156121157
196138199140
7420776210
154244157246
8310485107
3221935221
539956101
150194152196
2920531208
7311676118
25742876
8211883123
72237426
9961027
5014853150
1431014611
182127185129
1033510636
93609662
1759717899
141183143186
1212715128
4722750229
20412343
1813518337
188149191151
1676017161
150111157111
1717319175
4515647159
99164101166
1174511947
1324513447
93909493
8411892118
9324595247
192157194160
16141646
1243912741
66516854
32533455
174174176177
513716
3116831176
110157112159
18482050
1718417486
5719462195
74207722
179101180104
1256712770
1433014433
7222774229
118213125213
103157108158
122163125165
1926219564
139138141141
158215161217
4222845230
146219149221
51475449
5616559167
1271313214
5024653248
167228169231
105194108196
4710348108
1055410955
65906892
1223917240
225726
162172165174
110187113188
1203612338
83928694
135175137177
6418667188
112225115226
2122423226
118124121126
129107130110
131128135129
184245185249
7724379245
112121114124
5613759139
132180135182
4619353193
46114913
1323613537
5312355126
7219176192
51266131
1521117213
1424416246
177175180177
1275012952
100101105102
1512417126
3821340216
1654316845
196172197176
91579459
8520687209
35543756
1065810959
23892691
73747576
183146186148
15351567
579959101
6515267155
4216244164
2616428167
36683871
156187159188
6213769137
154185157186
1318813390
93139615
24562658
61166418
21254127
5924864249
1712317624
3221635218
5715159154
5016452166
5524258243
193188197189
9624398246
99243100246
8920592207
1117711479
120117121122
7271029
11995119103
4410946112
171111176112
195227
1472615027
9015892160
8723189233
97419845
1319113492
174191176194
3823141233
2619327197
1483915340
74677968
4510149102
81228424
1066610968
189106191108
154247156249
118172121174
1484714951
4021743219
85458748
175101178102
137214140216
92759576
118158126158
179107182109
12541295
7917581177
72209222
101144102147
1107411276
12861588
55605862
142140144142
83538854
177140182141
718412185
9212493127
87619063
129180131182
115189119190
1822620229
1821218613
69377239
1757717779
16471688
8520388205
196244199246
19761999
8471149
524556
7022073222
1319313495
4122445225
1984619951
7422577226
01633165
167183170185
96879989
9312994134
184215187217
6521969220
184157186160
186129188132
7123974241
15901622
61226623
107129110131
32933496
2410527107
126119127122
69927194
1795918161
1648616589
13299135101
1108011283
4024142243
184102186105
1783118631
1210715109
151185153187
1758417786
132123135124
122168125170
9211697117
8220984211
7321878219
1013013131
31443446
89819183
140151143152
2410827110
1087211373
90659367
124218128219
1311415116
6322666228
08111
7915881161
1431514517
1357713879
6223365235
134218139219
32114216
195110198112
67847086
147237149239
160137162139
71289130
184133189134
123202126204
01663167
5411558116
7988111
6013862140
4612749128
8411087112
1694117243
1712817429
102107113107
78258127
2220825210
1526415467
128102130104
136161138164
193138195140
3010333105
189146192148
53105612
32206221
1496315166
96259927
4024443246
1743517637
98167100170
43814882
6716072161
2617729179
4215844161
1803818539
102224104226
8831185
9113893141
1916819470
150122152124
159168162170
30563357
1376014560
819410197
1828718489
1302313325
159160161162
1416914570
1245212654
1293113432
1785018950
68567158
4618247185
125214127217
1789018790
7119375194
127144129147
64636765
1151611719
23522554
24382542
1305813261
140166145167
33863688
47745075
61078109
1468115082
1462114923
97111100113
299932101
185241189242
2012322125
170171171174
497529
909892101
157129168129
4120344205
142102146103
187159191160
143205146207
158130169130
1521617218
187164190166
145195148197
156152159153
29103212
830861
1822518427
1107011571
59756078
29323333
23262528
6023762240
8215683161
156165159167
41856187
1973519937
717310175
114199117201
7812781129
01791183
128150129154
8613889139
179233181236
3322236224
169113180113
7710280104
192141195143
151162153165
154168158169
191220193223
195113199114
133913710
195397
1364713949
123180125183
35933698
8719789200
1520118203
121131124133
2115723159
1967319975
121212128212
5619659198
191121193124
152216155218
133174134179
8015381157
127116129118
6118364185
136168138170
107169110171
1106111263
2010922112
126180128182
9210594108
12751577
105165108167
103129106130
169249
1158411886
118108121109
113169118170
630932
111189114190
1198612188
175100184100
4911856118
109133111135
1425014354
6718170183
41555159
10699108102
9013192133
2512030121
3118633188
169161173162
1319613697
269928102
7412475128
61887192
198225199230
192237199237
8011382116
54505653
1839318695
2014523147
1611418116
11513154
22632368
40844187
2520528207
193165198166
9413897139
83348636
1717620178
82108512
128128130130
195162198164
128183131184
2618228184
101810310
185224194224
1666217362
178217180219
1621416319
1619216494
97236100237
1504715348
1821420216
57406042
15701773
1713418137
1024311143
1935319655
9012892130
4418647188
1442614628
135155137158
169135172137
21382340
9220397204
65897689
1820821210
067368
8931195
10531084
1623219234
9517496177
910711109
8220584208
189125191127
227628
134193136196
138234141235
2010021104
1589116094
124148127149
31726174
160164162167
101235102239
46274829
142101149101
02474248
2113324135
30403243
193147196149
686789
108212111214
4315146153
76617863
178122181124
181176186177
10096101100
120141122143
8916191163
1742517727
50405243
24772779
2124122246
144208147210
195216198218
1920120204
173230176232
125105126108
8820890211
37104111
1896419167
134147135151
18452047
994310146
59616163
83198720
138142141143
103235106236
29723174
6111972119
1718017482
9019891202
17381841
1222013223
173164174167
1697417177
18131854
3013632139
35503951
58326632
154170157171
13821404
115121117124
148146156146
75367838
115221118223
1468315383
1928519487
27963098
2013123132
1326513567
4820452205
101191103193
1973819940
1053710838
7014772149
1902019123
1279213094
176214179216
24592860
147144150145
1645116753
8414787149
1025010551
144152147153
67317033
520010201
168238171239
194221197223
405419
34494449
2017322175
130206135207
1872318925
42384441
2918231184
5118453187
41656168
35363838
65936894
1419014392
2592811
40884788
39424244
1179012291
1014213143
5023051234
1756718068
349937101
924510248
170179172181
90699371
1320816210
173135176137
1761517917
1707117273
3010632108
1908219384
150172153174
10591560
1720520207
1558715888
81578459
136188139190
2416425169
3914441146
6114163143
1516920170
147105149107
1563715840
4320645209
90519751
94389542
1008810390
5814561147
158111161112
85599060
1073310936
1485215154
151143153145
1011512118
6220864211
44564658
2615727162
52277230
107116108121
1119111394
50245127
2524528247
131102133104
7723080231
2417126173
159226162228
28373139
102248107249
2024829248
1015810263
1401814818
9616897171
197199199202
131194133197
7920881211
2813330135
191193192197
7314475146
1071111013
120236121239
9622698229
101194104195
1110113104
20192520
135232139233
3015132154
2120424206
102134
1075111152
96649966
104230108231
111166112171
5312955131
16182718
1519018192
3610239104
1311916121
38774080
141216145217
9114892152
1275912961
1143411736
115204117207
37923995
1735017553
6013461137
11301152
8410289103
910514106
1823820241
63516553
8910491107
1716817470
136129139130
178110185110
1863918941
330353
3112134123
4516248164
1552115823
17362037
01722174
1756317666
167115170117
