1749
1151911821
3815441156
32123514
89709172
109207112209
165128176128
165101168102
77598260
1695717259
68127015
9223295234
7910982111
6620671207
9541256
149220152221
4119542198
150239155240
1391914121
36743976
01152117
1614716548
5416257163
3324436246
117119118122
175150178152
6816070162
169222174223
6717670177
5022953231
1515318155
9823399237
115107116111
76957897
98139102140
59266228
6217163175
9314596147
80738474
127106129109
103242106243
8917792179
1614119143
2215223156
1323113732
5011952121
1915321156
7814581146
2224524247
122187125189
134164137166
93129813
1176211964
194110197112
1196612367
116105120106
1586416166
6023761242
817412175
56405942
174236179237
1717919182
3514437147
60156516
103179108180
1024817248
7316876170
147206147213
185100187102
193184195186
5721661217
100122108122
77548056
130238132240
44144716
661963
4112144123
1391714418
8614689148
161123165124
1292313225
1713417336
2013223134
98105100108
106126109128
18601892
02304231
158100161101
3014634147
8615289154
2920132203
129217137217
1814920152
8316485167
110236115237
1521215613
1264812950
127132131133
8420787209
1745317755
6386
128152129155
871974
65616764
100225102228
158105160108
7124074242
1892819230
20622264
815111153
19172120
140109143111
162170165172
196135198138
8451246
2821831220
3514836153
192215195217
33183521
81218522
2912532127
121215124217
62506751
8712090121
4914953150
187245188249
81408343
9211694119
1973719939
17071739
147132150134
139147142148
195209199210
38294031
124190127192
176171179172
177226179228
1107411376
1191912320
1474215044
137126140128
101187104189
120191123193
8822991231
9413797139
1572815930
131813211
97231102232
1610819109
67286931
8021281215
5614559147
821412215
92709572
169204172206
163208166210
1808818390
1434214644
6822773228
187133188136
1003210433
5896111
133236135239
14311733
41894391
45835084
171247174249
4017341176
152188154190
157196159199
9123593238
81618265
151204160204
194244196246
055158
1971219915
116237119239
166172168174
1353613838
9310296104
1619720198
1022112223
126211129213
1218912491
1859319094
105163106167
113242115245
12891690
1322713728
101220106221
4722550227
7114572150
198211199214
1835418556
4819151193
1117811679
7117773179
185229188231
1617619178
111177114179
42047205
1711017412
155134157137
7621678218
12731305
1895119452
113128118129
111229114231
3319235194
191189192194
117123120125
1375914061
128129130131
158163160166
19661998
127137130138
17399175102
1711520117
1622916531
7515679157
7212175123
146197149199
8919091193
109227110230
11536154
154199156201
135218137221
8517788179
2311030110
197172199175
1386414166
101198103200
8214283146
1934719550
143167146169
5416959170
4516448166
143158148159
1919619498
3510339104
9222895230
1278313483
3918742188
49585160
78858187
179152186152
15591761
1223116232
108139111141
43964598
188113190116
989510197
5912061122
175112178114
1184812349
160147163149
18512252
171235179235
1647516578
257658
53975599
178103180105
172108177109
7617178174
160224162226
239624101
26473347
58585961
6812171123
85449045
255756
50425145
2924532247
1397214473
1786718268
1663316935
1663916842
155138157140
44114713
1117711877
49215124
1023615237
22202522
1311615119
32265229
118142121144
17832184
1812818330
140112145113
1873319035
164203167205
1613819139
1932819530
53265628
67118
1215912660
1788218283
130241133242
1264212745
22172419
9613298134
1749517698
01255126
158235161237
01775178
175161176164
8718288187
188168191169
6722469226
129203131205
17621965
6114864150
65196721
2311126113
116133117137
146160149162
3710542106
103226105229
6810670109
1255112754
4124144243
7513478136
187238189241
1509415396
4320246204
188155190157
7187410
7723080232
3917741180
2220825210
71847387
23742676
452483
168143171145
978610088
14781582
02142217
93199621
1863818940
15501752
195164199165
160197162199
191113194115
47744976
169105172107
7217175173
1018710489
98126100129
3017733179
2618228185
9210594107
6224565247
9116494166
60946297
1105711259
13441646
123102125105
8120583208
1788418385
107183110185
137201140203
123237126239
122218125220
9411397115
99173100176
165113166116
3621237217
152160155162
131139134141
9671057
162160165162
2819030193
1516815370
150116152119
130109133110
188214191216
161201163204
1427614578
2614529147
4118443186
1716217563
143177148178
6612669128
6416666168
1334313546
193174196176
3023135232
173201175204
6215966160
7920981211
55145816
1435414557
49555257
7919382195
1502315127
100178102181
75357837
1822923230
1795418256
43274629
98136102137
72417543
2716430166
2422427226
178106180108
01082111
1611116313
1513115333
189142192144
3318835191
6823770240
33413544
6822070222
023325
151110153112
1521417216
9510797110
4322148222
712811129
33903493
30423244
8511288113
5819361195
178129181131
02465247
162137164139
1156711869
41655065
53875589
1252212824
193231196233
191120194122
1689117093
1012313125
172144175146
24262728
103106105109
9318496186
135137136142
19199193102
73187521
103136104140
1368613988
8717390175
620710208
123139127140
812011121
178165179168
1508315584
24692671
3814540147
41614463
7810681108
978310085
1472914932
159240162241
137240139242
6213765139
1881519316
1723120233
075576
150120152122
1885519256
36124013
2621029212
1045510657
17098172100
175222176227
60406243
1197512079
1018110682
130142134143
7114173144
3312334128
1962219924
8613889140
152141156142
114172116175
120229122231
175216178218
5616457167
2310526107
1768717989
6224867249
3221433217
1924521247
7418177183
9511997121
167113170115
34313634
7911782119
168816913
1720519207
3519537197
92169518
2623629238
78178019
52815384
1701517317
12411543
58366039
136171139173
90739375
1406214463
3817041172
2612230123
23313031
1282613128
8716890170
4912951131
99164101166
6223965241
848889
6713170133
123179125182
52585461
170207172210
121102122105
65436746
164191167192
30573259
1451514817
149237154238
196107199108
1255512956
3813541136
5114254144
6286510
198204199208
1921219414
114198117200
1036210763
92123
168184173185
1311216114
2011122113
57335935
34853786
1328413486
1011512117
7012573127
805856
1136511468
1120614208
92499451
2715329156
2413127133
42874588
5021752220
2121125212
31675170
6414167143
16251927
114203119204
93469648
27743175
101167104168
94149915
190180192183
8711691117
718811189
151227159227
044346
41444446
106193108196
978010082
1664816950
1035010552
172142177143
68927194
193180195183
1641016712
104235105238
180247183249
140129143130
4519147193
3518038182
1093811141
7021573217
111240116241
126218129220
5614159143
98119100121
2310226104
4819750199
1887818982
180235182238
17902092
1677917081
123202126204
162234166235
155121158123
974610147
2722729230
3015032153
173206178207
14571958
4213847139
3716040162
167210169213
175180178182
101195103197
87629064
1525515756
8624288244
4517750178
6114666147
3011131116
190153193154
26402942
734936
183238186239
174197177199
1338713589
125111127113
117207121208
115116117118
6913772138
40524157
1013512137
70747376
143104146106
134240136243
9014292145
4094211
6521272212
197919911
71607462
170120173122
9312296123
130154134155
152205155207
1086111163
172217174220
713915139
1246112663
136233137237
1432214524
879990101
6820871210
131191135192
27552957
181239182243
78578258
149194152196
3022735228
108136111138
5612058122
1689417196
1794218144
1384714149
2710530107
178197179201
154172161172
7013473136
174239179240
1198012083
27523054
7913780140
1326513567
4521147213
1824823249
1728717588
178154187154
7311676118
160156165157
87259027
1179812498
1014313145
191131193134
149174152176
28613063
1015614157
160181163183
8523690237
2417126174
361564
126196137196
1317515178
8614189143
4124444246
43314534
8417693176
178183181185
3314834153
25162719
59896390
15901622
22822683
4816950171
74717479
11761199
5117454176
119246121249
13371639
195152197154
1529715599
37244125
3324035243
192164194166
7922584226
1854618847
3618738190
1216112363
19321955
9117396174
1119012195
1567915881
29253426
178132179137
171112174114
114194117196
823111233
90229324
17841816
26862888
113112116114
1234612847
355387
7420878209
74447746
2615029152
129100132102
1377713980
47255027
181108184110
2212727128
2314828149
133185136186
193212196214
8621089212
12761777
61666567
1627916581
13231824
105154106158
85368838
1663016932
5422757229
1155611659
16161819
7616578167
1114511546
7371039
63926793
13711393
7617577180
4211347114
1322318224
106109109111
2216423169
1592116422
8613095130
3221835220
1676716970
107131109133
98156100158
39224223
41404641
34633765
3411936121
13899142100
51255230
085387
11423144
176194179196
4114144143
182212185214
172147174150
1664316945
138106141108
160102162104
190158192160
1829618499
16281830
3810740110
118134121136
026327
31603561
1426514566
170231173233
1089311195
173186
23102711
63276629
669968102
6417566177
85418843
1456314864
1515616159
21576158
2717330175
171133172136
160187165188
197242199245
143245146247
32126214
4412446127
1523426234
6422466226
1075710959
75777978
141217144219
87819083
1121411417
148179150181
24922794
47315033
156155158158
181229184231
67787080
181186184188
15231555
1704317246
01235124
6751475
98200100203
1014810649
01483150
4213647137
176118179120
6219465196
182133184136
8123084232
196239199241
1655916762
68507053
1520516210
01344135
1508015382
9313395136
153117155120
5913761140
178189180191
4211545116
111142113145
9220896209
612663
1987319976
144179147181
3213537136
87778980
125158129159
3793911
992310028
1615616359
1316913471
136113139115
166146169147
1024510447
1294613247
84178619
6613768139
130206133208
183192184195
059560
155188157190
1729317594
1616718170
1175411957
143239145241
163199167200
108911310
51655368
73227426
31623364
172116175118
1712620128
1799118392
15181569
9324595247
18451877
1610219104
1046610669
2012923131
9624499245
175192180193
12691969
125210136210
5915361156
40744375
12599128100
1686017063
171110176111
168191171193
5023553237
109113111115
184246186249
6910072102
161215164216
130157132160
82758477
190137191141
5322056222
5323956241
32398240
141151144153
174121177123
1188812091
01623164
83108811
1602916132
11331155
159173162175
6420967211
106214109216
8616588167
1456215462
4115843161
142121145123
71577459
1755617858
619863101
185135186140
1612919131
2416426167
165215168216
193155196157
54765679
166161167165
189233192235
127146128149
7420279203
175173176177
2219825199
189189190194
813916
9661169
2720530207
1623916540
90121
765796
122133126134
139233144234
572604
174232177234
3316035163
31386140
110109112112
117168120170
1014612148
167222168226
8761177
01652168
150156152159
167110170112
1666417065
197226198231
94959796
01272130
2914132143
182129185130
145225146228
37694170
98238102239
9861089
420443
1916119463
83278529
10499106101
9518898190
1439514696
16301662
34873689
126207129209
8312985132
2424829249
9021193213
123137126138
61766478
4720449207
1907819380
109120111123
77108211
7110473107
39424047
157126162127
9511697118
1858018782
1932019821
183234184237
107190112191
157200160201
7711580116
444476
2017822181
183227188228
137223140225
97184100186
171182174183
178175181177
1210515106
123197124201
6510867111
259526100
30393241
2124025241
9523597238
86288731
132249141249
1614516546
131127134129
30653170
6815170153
1862019121
17661968
3511438116
6082
4612149123
176209181210
1319216193
1253112832
106228108231
1389314095
2118324185
178178182179
64576560
1307913380
18862188
1107111273
977410076
5217155173
41426145
112187115189
156230158233
1964719948
185122190123
82148317
98111101113
195114198116
1761317816
42254626
190195193197
9319594200
106106108108
26843085
146136148138
145248150249
187212192213
55635865
141160145161
76207823
8520388204
7223474236
11031125
159229160234
66866988
101156104158
152145156146
132103134105
136167138170
118216120218
138142141144
12071258
1296213067
3023334234
193126195128
4521447216
6412469125
1462414926
6411966122
131176133179
8622589227
125215128217
163189167190
1728917590
2615729159
178142181143
3611139113
01362139
138182143183
174244176246
1194512247
32155217
5610659108
250301
4914052141
37903895
120137122139
1571616017
74517753
122141124143
198177199182
1122412227
137174140176
141814311
19212124
3912842130
8610588107
119128122130
20122314
426530
9316897169
4215445156
9714699149
36594060
52125415
38834185
156209159211
1259813498
10131036
6821372214
185173187175
547579
7410677108
499851101
5723359235
3922242224
77737975
1094711448
123183126185
156207160208
2918231185
6317868179
196146199148
66246926
1968419985
7817781179
52425444
1735917561
1394014143
109192112194
154196156198
5816162162
10961127
1059010792
1077410976
52215622
135161137163
1269613097
1275912863
01913192
110221112224
109218112220
7716880170
6618068183
56305932
1394414146
117107118112
764869
55505851
1376913872
41594660
70367338
4810350106
1320914213
54665669
1147511876
87199021
56895892
86228924
1136211664
83248526
134175136178
9219194194
112133115135
1378213985
1786918171
575606
13431365
1092711129
83928694
117189121190
178158181160
3110834110
158160161162
6618869190
79948296
156238160239
140187143189
8910591107
1178512087
2412927130
145237148238
3315436156
180147183149
4714549148
104198105202
156179161180
195120198122
1918320186
8218184184
2117123173
62836585
11834185
3523540236
158167160169
158215160218
4622849230
5315355156
5313855141
129113131116
4811353114
145107147109
136227139229
18102211
148106151107
68656968
1356813672
195236198238
198141199145
7720480206
1645116555
9221993222
1943719639
118232120235
5410459105
183209186211
5213555137
149136154137
34373739
70687171
210242
3493611
1634116544
173157181157
8916191163
1483315035
43784580
161230164232
670721
20272328
1010015101
1848918791
14899151100
3516737170
1773518037
3112033122
35223625
5021452216
139204143205
142193145195
104810710
1767217974
79248226
02413243
1578715989
82818483
1665517355
820210204
9421097212
1327213474
125171127173
51858187
1368913991
36413844
10331136
37323934
135103138105
177241179244
2823931240
64226526
169179172180
108211110213
182120184122
1003410336
97229102230
13251528
32723773
3823240234
144187147188
78398042
5423456237
8311132
9519798199
164227167229
113217117218
166122169124
1605216353
4321244216
104246105249
10631265
4116244164
88849385
4523856238
100242102244
437469
1799618199
1801818220
1316715170
98159103160
8522887231
1717717678
2612428126
1808618587
1568415986
9113195132
1074411046
6918072182
184146187148
196127199128
170211172213
1842518530
285317
55585760
415428
193247196249
8420588206
3022933230
135244136247
23512653
153148156150
26582960
41424443
114141117143
1204212344
19641995
44744676
127166130168
190238193240
119101120104
113207116208
6711972120
1319513696
6221264214
1459715098
1019110493
60346335
9624697249
3421235217
197232199235
58176019
9112094121
54335635
138131149131
1073410837
1271213014
138217140220
66477747
2416827169
02061209
11201223
5613459136
74897791
180244182246
330362
2524528247
139190142192
153121154124
1163311935
96779979
109244112246
119226122228
2816930172
188220192221
68487249
90559158
178223181225
1932619627
1467614978
22842586
51485450
1351513817
62866588
1947319774
40204321
179173184174
974810049
72637564
1011212114
147227150229
109202112204
16812082
1119111492
27952998
41645064
4520948210
190227193229
169117171119
02485249
153108157109
1351013812
7413278133
42694471
1155012550
1608416485
1165111853
1387414176
6010463106
189145191148
194194199195
2014625147
1623316535
6221667217
6417266174
20752277
8323386235
115225118227
1004110343
531733
194196198197
15471749
60916293
1508515586
078380
34823784
192187197188
5624259244
135230138232
1716417366
23892691
01581161
78918193
1894519147
8619088193
190241193242
5613758140
3211234115
115211118213
102222105224
120145122148
136101139102
128913011
174104177105
8113884140
121235124236
713815138
143146146148
1908419386
142164144166
1797818081
137137142138
1417916182
1717417476
6417171171
6814570147
18221854
135154138155
85618665
29223224
181189184191
191202194203
1538715688
188223191225
6022463225
132211135213
113168114171
71349137
1058810889
7111472118
3517638178
163140166142
1052810830
56975998
96409941
624917249
178121181123
53555657
161111166112
162243165245
177245179248
71777282
156182158185
4924451247
8912894129
289492
98240102241
101217106218
186129187132
21352437
111247114249
28113113
1874219044
152169153172
7220474207
2116226163
1352213724
7915883159
133218134223
12021224
103176106178
1571416215
1494815051
145143147145
1241412519
1231112613
8622188224
2111424116
1556015862
2122223224
2623129233
1142912129
185108186111
113126118127
46964899
1171312015
141200143203
25332638
1546815670
1827918481
1031110613
6716672167
16131635
20472349
187106190107
168188170190
9314296144
75927794
147203150205
3911441116
56865988
1181612018
112136115137
3316435166
1837618578
6924374244
21725174
3422937230
1491415315
145189148191
116159119161
11951497
39864188
1862218924
16412042
137210140212
3314237143
5224555247
148102149105
145220148221
152198153203
13399137100
3715039153
6218467185
112122115124
35903693
1052511026
8821991220
1522517227
9622499226
1319815200
187176190178
96279830
101161106162
1517318174
3510146101
1455814860
5216455166
6219165193
52307233
7321276213
7011073111
1623616438
110157113159
128173133174
196139197144
13841416
168247170249
5312055122
81528355
5018053182
1688417185
32673569
7319378194
7524380244
10799109101
1904819250
18782080
01795180
3313936141
179920101
1632316824
7022972232
1823818540
1783918141
1706917271
1174011942
1187112074
1112411326
1821420216
7218674189
5913062131
26723173
8416886170
083484
152125154128
191919311
1585215955
5321656218
4217145172
1514817151
1358113685
141212146213
5423156233
71887391
111154113156
24142915
185187188189
148143151145
1091511117
1821721219
4913250135
148232150234
1311213414
64896791
23582560
106174110175
182125184127
195222197225
1921719618
3616339165
171188174190
115246118248
157141160143
5510056103
52195520
1156511866
8221284215
1816220165
158109160111
117172120173
152245155247
173124176126
1023521235
12051256
191198196199
113160115162
5718758190
1701817220
95177102177
56126113
1483815339
152228157229
135116137118
1382614029
5510957111
5422357225
35283730
8210684108
767867
1122011423
30373338
4817251173
149164152166
101124102129
138214141216
3210134104
139103147103
86468948
996810171
7931095
4922152223
5822261223
716210164
185236189237
11934195
170146171149
159158164159
3613038133
197102199104
2110522108
156212159214
180196189196
1433014632
10501082
1335913661
2420426207
42189219
1723620238
187137189139
17721975
100123108123
142143144145
10651087
1662816929
9224895249
18471950
11101142
160129165130
971810019
11361167
8781379
165230176230
1659316796
125198127201
1823920241
185120190121
128178130180
1246712769
9618099182
143229146231
147230150231
126114128116
27323034
137209146209
127202134202
3820342204
104171112171
78797984
153155155158
62229223
2118922193
1807218175
5016859168
1124011442
15701675
0225
110214112217
6623169233
186142187145
3824741249
1047610678
2817629179
119182122184
149126151129
3622039221
75247826
939996101
71547655
36663868
8113584137
1920821210
198150199155
139164141167
1252712729
7818081181
1908119383
5620357207
976310065
106199108202
966610167
172214174216
6510368105
167207169209
84148716
1463314736
8319185194
1205512158
1956119863
97144107144
192123195125
154176157178
193191195193
100145102147
02024203
1164311846
1183612038
189246192248
3724240244
128139130141
2013521139
48125114
1446115461
12341536
8220184204
142242145244
142114143119
8621489216
103133106135
5020353205
