1796
17201742
1478115083
718410186
89899291
151210153212
84888789
6120166202
5124553248
7518278184
194162195167
136113139115
79628164
2619229193
4622548227
109169112170
3124136242
9024691249
145126147128
985710159
1767017972
150174160174
66256927
142114145116
188139199139
7723080232
141195144197
120137122139
76207822
46474850
1699717498
1484915350
87659066
1631317113
484885
186205188208
17601811
149115153116
187187192188
8319385195
100156102159
45854887
1128811490
3722838232
179185184186
8315284155
5312656128
424627
63706671
175194178195
9624098242
1345413955
121121123124
1319916200
7814180143
2724130242
146164149165
34273530
13301371
988210085
986310066
1397714279
43744577
1932419527
2617429176
3621338215
147240149243
124169126171
1441914920
94149915
4021147211
1835518657
160161163163
5121955220
3624539247
118227119231
85528854
71127413
1397514476
18221854
2417027172
51776180
2416625169
87768978
29423243
9110595106
9610198103
161197163200
1973719939
16801712
131241134243
2717732178
72449247
8620889209
1996019967
6010362105
175178177181
9220994211
1335813461
14561488
1962119725
135106140107
5123453237
117140120141
1247212675
105151108152
5624860249
195175198176
182918411
1655916861
57575960
33383839
6620669207
5219855200
13399135101
21292331
025327
88849086
819511196
1252712729
9312096122
3723940241
472523
1928119484
159222164223
127136130138
8820391205
1043010632
5322756229
1292813230
1528115583
126158
150161155162
6911873119
136232139233
9316696168
166106169108
1068310984
169112171115
3111033113
88259027
073176
7118075181
29903292
1451214814
69897291
43674669
189215192217
24532655
11297113100
130195133197
182134184137
191177196178
1714017343
1957319776
14961528
166184168186
4510050101
2719629198
1719018193
5524258243
104209106212
93509651
16232323
1531215613
7871089
2612229123
7116873170
6412467125
129154133155
5417857180
168176169179
1699417196
1178212083
185160188162
694897
1674516947
138223141225
113111116113
3315038151
182138187139
1118013183
6513868140
3517937182
27222924
1314013342
1392614427
122158124160
1964119943
6216666167
111144113146
6018463185
8716890170
43584660
195149198151
160126163128
7213774140
110132112134
162238163242
9213395135
174104177106
197112199114
161224162229
1575715959
422463
169167172169
61338136
121233124235
154157157159
1327413476
104106107108
154244156247
4212547126
125199127201
7117774178
6513467137
12161247
63876689
1466414966
12961319
13201523
8320487205
5916364164
9614898151
1031710520
4814551147
192161193166
164156166159
1187412076
3920642208
7323076232
1828518587
58616064
17321934
1637716579
186167188169
7310974112
50355337
196102199104
174189175193
6821570218
164187166189
1623619238
9418297184
1663516936
89609262
67426846
2823831240
1118413187
1321013412
150106152108
103114106116
7419375196
184242187244
1002710230
166246169248
141179145180
14371639
187121189123
4723948243
34653966
1359614097
158204159208
2711030112
1316313366
51887191
18812084
71597361
3115536156
193241197242
18799192100
53335834
171221174222
30973399
1734417646
178239180241
185126187128
15422043
1351513816
68827184
1159311796
1746017762
7512477127
7317175173
81718572
128128130131
142198145200
179192181195
77428243
1034210644
7110572108
175136178138
117152119155
193189196191
1915319455
2722628229
1867718979
9617298174
10651170
1039410596
125233128235
4216245164
91409442
9622598228
9013693138
151140154141
182179185181
197155199158
1496715269
9321135
130248133249
1323313535
1844818650
148915111
1498415286
7816880171
47814984
27563257
9520197203
117137119139
1868518987
7020672208
1881919320
147166150168
147237150239
37873989
116221118223
181199186200
4014044141
6321465216
9621599217
16582059
1352613828
186129188132
2922632227
26932995
69747176
9021292215
64496651
121189123192
75957797
82369239
146192147197
7119473196
173207175210
196137199138
3915942161
90379339
1522815530
111136115137
1436414566
8623588238
50915294
1076111162
1352113724
15781781
119222122224
10191222
0537
85828784
108101111103
3917642177
147132149134
64906792
14241627
97959898
439642
103230103237
128100130103
111128114130
52485451
171226172229
121111126112
1681417116
1438114683
157165160167
3416136163
1063710938
01352138
478681
1189412096
33113613
87109012
61019103
1625816461
9510797109
7817579178
77798081
1324313446
26442945
93189620
6711068113
4311648117
154240158241
8417587176
553954
45204921
145143147145
172817510
74767678
120197123199
164116167118
8113084131
4821051212
128118130120
9412695131
1598616188
166243169245
1245412756
3923041232
168238172239
1696217264
086587
142223143228
1511917122
167817010
183140185142
9521399214
976810069
4818150183
53305632
782814
10951117
610414104
1067310974
6623669238
18351848
8715590157
82528455
73537556
198180199185
8923490239
74517752
34163618
110216112219
146146151147
102206104208
113224118225
1687917181
129176130181
39164019
8813291134
136191137194
3221135213
5619659198
6018663187
177165179168
173238180238
1958019782
47594962
01512153
5720759210
10901141
1226112662
143216146218
9424697247
199170199179
24832785
106173109175
2512828130
7221374215
178158181160
69407045
12202223
160193163194
191232194234
705737
2410926111
148232150234
34193621
1482615128
138191140193
2014522147
17631814
9111196112
8316985172
4411946121
38694270
1183212035
39284230
159238161241
152227155229
8221884221
124176127178
1134011841
126184128186
1713017531
1922421226
130171135172
6124265243
176208178210
6621970220
116149118151
1395914460
7020974210
11251328
2315225154
47255027
135187136190
1906119861
164121167123
8418387185
839986101
102239107240
1631217112
32205222
19031935
124196127198
1728017582
1275713059
130223132226
192146195147
20692371
129161131164
7114274143
113154116155
5619358195
1695217254
78588061
4223243237
4620449206
167217170219
51465447
568969
67786981
1355913861
5817063171
35763778
62049205
195231198232
2118722190
100122101126
107225109228
1806618368
146247148249
1108611487
139110142112
4110743109
1218212583
19262228
122213124216
2782911
192124193128
6216866169
6815171153
71357437
2810033101
27532955
113122116123
5620260203
4017844179
172199174201
148130153131
7613479136
49135414
01483150
37824084
20742475
6722470226
11264128
155457
30193321
1916219267
7124074242
9310794110
1591816121
2618827191
1837718579
98193100195
8618689188
188245191247
183218186220
1549415697
1256812869
1244912751
149152150155
10241046
9621899220
71929194
1554315746
521110212
135223137226
809781100
108161113162
12199123102
160136162138
08211
15701585
5121654218
144119146121
9217797178
87939095
1881219313
959998100
60546356
1156211863
9591261
124152126154
173239177240
1387214174
2182410
198118199122
105203109204
26863187
6214864150
127169129171
147107149110
3213034132
1802818329
103247106249
4110044102
5921763218
136151139153
62156418
51258126
2817030173
1876619067
2615727162
179173181176
8521690217
176216178218
81598461
194179196181
184182186184
1268112784
1571416414
93749875
6412666128
157222158227
100127102130
48225024
1573215835
1534115444
99179101181
1788418185
116142117146
1694917749
175247177249
110185115186
81658367
167207170209
102147105148
4922552227
33873689
83388541
78918193
40744277
160112163114
1276012863
9211795119
4215044153
5322557226
2922331225
122142123147
7723780239
1522315524
3519838200
82239023
3512936134
2816231164
781010
18151828
9014893150
182124184126
20382241
7616479165
138198141200
137217139219
109244112245
5610359104
111241113243
5914062142
9220294205
10696107100
1758417786
4219047191
105135107137
24812982
140241143242
142130144133
8613789139
151184154185
184231187232
177141180143
8820691207
157126159129
1667616878
179216180219
13641666
167149169152
1510318105
123136126138
8513387136
1704417247
9323198232
562584
9961298
179208182210
7122774229
23892691
102102107103
88349335
185124188125
2013923141
1562915931
123223126225
1884219144
1399814399
41784381
181223183225
75687870
91249326
152145155147
108199111201
79318332
129107130112
4710950111
129132132134
1498915290
171187176188
1378613988
1013410535
133180136182
345377
21564158
151207154209
195246198248
58896290
194154196157
154102156104
1449414597
743775
139142141144
21942496
973210033
13501751
7324375246
2218525186
4719749199
161152163154
197152199154
33403841
7223775239
120133125134
4824550247
46934995
1418417186
76247926
71527255
119135122136
42466249
557859
109150111153
012115
12442244
7320576207
6420966211
4021047210
1047510677
1025810759
171127173130
5417057172
197170198174
1503115432
1959519897
79558157
3816440166
189145191147
2024825249
84328734
1911019611
1658616888
77378039
1562215825
8411391113
118126120129
1506415366
60826285
1679316897
80858188
1877018972
6386510
1284913051
112171113176
2114224144
28843185
5923862240
145140147142
1409114294
32263330
9941295
1473114933
111166114168
8812990131
1902419227
80448247
1504515446
1877319075
138132141133
6319166193
188170190173
8116283164
195168199169
108163113164
157177159179
106184109186
1421614320
102104107105
116130118132
6410767109
166171168173
1917022172
1346313665
1199712498
175243176246
2814830151
4519448196
129241130244
14798150100
6110663109
160116163118
1916521167
14551559
137135138138
198130199134
34543656
3713438139
049057
1902919331
162243165245
5010255103
89529453
46744778
186190187195
4821750219
6618769189
1614516446
142140144142
9911023
12301433
310342
1251412816
77288030
6712172122
95939894
85369236
176212181213
9812499129
53825585
139209142211
150193151198
7720680207
116124120125
2522428225
19898199101
2820931211
142126144128
163134165137
71387341
1743417636
1214512447
48295131
7617279174
1649816899
34983799
9514398145
158200160203
3522038221
155148158150
7517577178
185105187107
58266128
824838
104180107182
77408241
2815731159
14498146100
2216327164
4823650238
17632065
10131216
5613559136
176203179205
123239126241
142229144231
139212141214
1608416485
119181122183
722610228
165202167205
124124128125
8411086112
6517866181
5719960201
120154123155
2015523157
13921495
62756577
83788581
18202122
1001410117
7018874189
58166118
48515153
170134173136
153168154171
8812390125
32143615
180162183164
1914819450
34363937
169186178186
1191312
110204113206
777980
164124167126
1016310365
137122140124
3317734181
84678769
1021812220
125203128205
151165154167
52009201
8716290164
3617638178
1768218083
7477610
1404314444
129121131124
124181125185
10711373
9941016
67476950
40244326
1324713648
11761577
117244122245
52215522
33573559
10531255
76557857
187176190178
1727517478
1735217654
150132154133
1813021132
32356237
1654816850
79658070
192173194176
1513418136
1666916872
13261349
4513348134
9418098181
6124764248
42894393
135913811
146229149231
1546515668
3410836111
164112165115
105127107129
69717173
1312113422
3620543205
19001932
2820433205
864886
8319888199
190227193229
1033910641
192137195138
107229109231
2912931132
8019282195
107209108214
108139110141
1882418927
1571516017
103226106227
178246180249
127222129224
1556015762
083385
194141197143
192210194213
996010262
1410017102
123179128180
1802318524
38624164
7401042
193168194172
16531954
1895819260
2219623199
6686713
18741897
161203164205
58236125
504535
107187110188
1619116393
40314532
6018162183
2914634147
19471979
2317726179
13811403
2510435104
52435445
2912732128
119130122132
879688101
390413
108165110168
6822770229
123218126220
2112123123
156162159164
1457414777
14601762
1875519057
151175160175
17381941
113209116210
116911712
1348313685
01722175
914114142
5516757169
129157131159
3223936240
1965119755
7915083151
1695517356
6913071132
1361813820
1027010572
1621718219
1520716210
1208412485
13441385
590613
1695717259
41385238
1807018273
164171165175
6012563127
100211103213
56835985
13321373
6418467186
173107177108
5618259184
2613428137
99142103143
132174134177
4111044112
1655316755
7011573117
713916
1011311117
120161122164
3311938120
091392
30793182
125216128217
107233108236
18782080
176206181207
191141193143
160147163149
153121154124
1891419215
8915891161
1045010951
137139139141
9114094142
1592216125
1444914750
1466215063
1866118963
69937295
70797281
1889519396
50665268
7811888118
1446914572
14901541
76497950
1658216884
2618528187
190222193224
50695370
6714469146
3919846198
2924732249
887977
1723217336
1294613148
847879
32793481
174133177135
2120324205
121126123129
138203143204
196194199196
40534157
157213160215
22862588
112120116121
8910292104
6422765231
57745976
1846418667
191131194132
11741575
168103171105
157219160221
178228181230
120156123157
139228141231
7611178114
6020963210
109212112214
5220155202
148101152102
1745517559
7381139
142166143170
195212198214
43474550
126139129140
1533815640
16321673
1607716279
3424339244
39224223
162129165131
96239726
1717320175
2820630208
4923951241
156145159147
88479049
214312143
55895791
21622563
15921894
52408242
1114511447
118200121201
128173131174
67867088
74797681
195170196174
1504715548
117192120194
44414643
2920132203
120217122219
818910191
175196177199
630832
28163018
4717652177
194133197134
1158611789
61748176
531553
87929592
165220170221
8618989190
1127911581
84108417
177116181117
61206322
192193195195
178220181222
2915232154
119167128167
119202122204
22202721
5423956241
2320826210
1003610239
02362239
187218189220
1565115953
89159217
73237526
125115128117
16751977
5316454169
82918394
193235196237
132149137150
101173104175
14101480
3822540227
1448414885
1879219094
90789280
19161939
899791100
1158211685
1288613287
1261013111
2582611
190133193134
11784180
110811310
79118213
9315695158
99102101105
6417067172
181127182131
2314526147
997310275
1471715617
168146171148
135137136140
179135181138
3914941151
1408914590
124142126144
145203147206
68107013
195215197217
12571288
1924624247
1573615938
184190185195
91749277
118248123249
36313933
2318725189
154125156127
154128156130
721310215
1771218014
18292031
170177174178
2121224214
170106172109
1651416716
1254612848
104161107163
12401262
1829218494
1527715480
180165183167
42854488
148142150145
106177109179
3919942201
129204131206
9521199212
1357413776
8812192122
82958398
110225112227
85138815
188189192190
1142111525
12451646
126207129209
519854100
044445
913412135
13341636
1719719200
170243172246
4515648158
21792381
102179103183
186108189110
1163612037
8114483147
42154517
13699138101
2120024202
8018081184
181214186215
1497815180
8222684229
1471515016
9224896249
7415175154
1913919147
49865288
6322566226
161211163214
188212191214
01760187
74647766
190179193181
112105115107
50325234
1415619157
51558157
120208123210
1448614788
1046310864
1426914372
161173162177
1154711848
5118154183
3222435225
1936219565
184246187248
192243195245
163143166145
114173115177
3715438157
175219177222
132235135236
3019632199
1748717690
1699117193
116156119158
1441614618
1333013632
106146109148
189119197119
114232117234
124145126147
175121177123
124189126191
1823818540
1520520206
2614130142
5510858110
140151147151
7915981161
2615530156
36573860
154211159212
1509215294
5511158113
576627
72717772
8013683138
101191104193
140149143150
7816681167
92119513
1782817931
8414987151
395418
1184212045
9615699158
1823920242
5917862180
293325
01561161
1731617617
1614716449
9221795219
982210124
1513315435
779879100
1408714388
60736176
1912119423
168121170123
183108185110
5919463195
127104128109
2110723110
22424245
4112945130
1111311316
8216685168
9215395155
9319897199
115108118110
57776079
1681910
1796018163
99240101243
181201184203
1874919051
123105126107
7624278245
147210150212
178114181115
81358437
168231171232
75358036
105132107134
1622216424
1074611048
3315236154
79158217
117103120105
41926194
4612747130
3114034142
18182319
8423388234
125236127238
1484115242
4697
11154117
154202157204
781983
129216131218
91219323
01183120
119106120111
164234166236
188191190194
1818018383
21822384
6310274102
1216019160
1882818931
17851808
198202199207
132156135157
71278132
61416442
103149108150
592993
8323188232
113131115133
132122136123
4511046113
4314852148
2113324135
5110954111
1227612578
159232162234
40334335
171247174249
5817662177
1813718147
15861608
1783218233
37543956
4613749139
1417516177
1208612191
59366138
110177112180
198224199228
1313713439
133126136128
192156193160
27252927
27612963
19972298
189167192169
7012372125
53925594
35793880
912312125
01662168
3118533188
7121773220
1626416565
61669168
8224483247
9018193183
164146167148
22602561
6621567218
5711958122
96154104154
50425145
163138165140
98235101237
110228112230
7241026
977710079
83428644
168143171145
1312315125
144166146169
6814973150
1795618258
8511990120
167155169157
1221312416
1021410416
1836918473
114138116141
190205
1177711881
1144211744
13941435
1279112993
158152160155
1627416476
8123089230
1113011333
174223179224
9323394236
198241199245
999310195
31526154
42944596
113178115180
7719378198
155108158110
4975101
8017783179
2322626228
1973419936
1076811070
1096511267
01411146
176162179164
187164190166
27313033
2723430236
9217597176
4015443156
42534555
1301313414
1586416166
133124136125
9219595197
11221154
41697171
59336235
2212824131
1653816740
4818452185
171173176174
1321118212
7911183112
3313736139
163217166219
162141165142
190239192242
7312174126
105124107126
55445746
104235106237
6513268133
4913351136
146172149174
6321266213
8617189173
33423644
1162511926
5213354135
76317834
154224156226
75117813
178113189113
9871009
1833218535
1243012633
2210527106
133198136200
159106161109
21352437
1976819971
145213148215
49395141
86568958
98106101108
27503052
105244108246
104109107111
1299513795
144134145137
3710640108
129201132203
108128110131
1212616127
1232312824
46644966
1924319446
153100157101
1576715969
1778717990
058360
1802518426
35713773
79828483
9116692171
1803018531
62936794
3514537147
1335113553
195209198211
2411226114
1721317515
674697
01230134
7187310
9513999140
888919
5421163211
1913622138
2514330144
1622718229
143117146118
50735276
1051210714
6183
16721974
7318274185
6911172113
32276229
9613099131
4320645209
120227122229
6716270164
9014394144
2216125162
4221244214
75457847
185135187137
9222995230
52066210
1612320124
144183145188
65286830
61616363
1465314856
3911642118
123221126222
140138143139
37134015
1017613177
1810720110
1288013182
112152116153
85168818
9216395165
1474514948
13861489
31345136
6323865241
172111177112
8817891180
1757717779
1819718399
7720882209
4518247185
188195191197
5419355197
1277212975
101131104133
5415258153
1214212344
184187186189
160249170249
912611129
3019232195
7411677118
6921271214
116183118185
163208165210
91879588
2524327246
56125914
8521886221
7710180103
191153193155
190230194231
4110343106
88199022
149169152171
2111223115
4620749209
182204185206
42614464
193239198240
5911063111
4523846243
1141111516
155122157124
52525753
1033610538
147227151228
8814289147
134195137197
166138168141
191203194205
1423917241
6913871141
1622516427
1215712360
146219149221
1729317496
73857687
166210168212
3312634129
1241712520
3923541238
180242183243
1519916099
36273830
02401245
13961409
4631563
1403914242
4119544197
709973101
1842818729
182227184230
44894593
7722081221
23512652
109246111248
1765617859
1519515398
94239526
5485
14901991
9323797238
44444746
134202137204
90549356
182196185198
8624189243
72827584
1122111325
128196129200
6716670168
164153167154
1417815183
8911591118
3124333246
080381
91579459
21447145
97189921
73317534
4514047142
189922100
27882892
47394843
1143311538
3621039212
1172712029
70567258
135241139242
184114187116
2913632138
2124224244
124129127131
96169917
183238186239
50825285
435538
149199151202
14411464
53655468
62236624
1831618618
1116512170
28683269
4114244143
5812861130
913611138
2616831169
67537055
6720969211
9122294224
3211435116
87409042
81908890
1088011082
115166118168
151224153226
1318313385
171215175216
6314366145
1036110662
1414614447
6214666147
1720722208
1910321106
8111583117
2017921184
74417644
2321526217
119211122212
3610239104
7419076192
4317445177
1122811629
1466714869
86378939
95233100234
2423926241
7221176212
