1799
1297013172
14111713
344376
1121014211
8510286106
7223375235
173101175103
145212147214
1417715180
8916091163
2120424205
1182912131
5017553177
115123117125
1106511267
13571659
98217100220
196152199154
11401210
4420546207
1316716169
115126117128
1723921240
1409014292
163243166245
9523398235
190127193129
3115735158
9510199102
140147143148
55295831
88869387
1688017182
1678917290
1433614538
4521847221
8416288163
1383214035
6610268104
171116174118
1219217193
103188106189
129152132154
38234125
7621681217
9611998121
7317675178
1905419954
9810499109
1951319715
28753276
144240145245
157247159249
187226189229
152248156249
153116156118
96319933
1351513816
1109411297
135161137164
130111133113
5022253224
5717960181
187208192209
181247183249
9416696168
1948119783
9218395185
1782018122
3223134233
484516
150199153201
152204153209
1722322224
1323418235
123208125211
8322785229
016317
111138113141
154226157228
174136176138
129162131165
127239129241
86708972
152243156244
500523
35863888
2417227174
70477250
1808618388
9410797109
172150175152
2616528168
1322015223
02031208
194113197115
1806618368
136219139221
123235126237
3014132144
106191109193
5017253174
198115199120
93189521
52216224
1456314865
8718491185
6924271245
2051
55925795
1921422216
1564315945
5016352166
103158104163
8713591136
171110176111
157192159194
1018413185
1449614798
1945719958
164101169102
1920022201
152119154121
68307032
44144715
140195141198
195117197120
143100145103
2222924232
2723129233
1034410447
4210344106
5219654198
11231425
1333013831
3715038154
1697317274
7915082151
51315334
1823120233
1396014461
12471279
1751218013
99226102227
125221128223
8815091151
179244184245
116184117188
144137147138
191102194104
1661616918
1312615129
5317956181
2410226104
4411846121
18299185100
4318246184
2710829111
1121711519
8520688208
5719159194
5114054142
1433914641
41336136
11598116101
20852288
136209139211
8821490217
82908591
184139187141
107103109106
9119393195
6521168213
48415044
59896390
4614448146
6818171183
110244113246
3814441146
1263012833
6613369134
2410527107
15441566
8351037
32603365
39314036
1623316435
191194195195
5613161132
10271059
1821918421
4317946181
512410125
9018693188
1973319936
118123122124
105115108117
3222733230
1705217353
6121663219
155193156196
6022162224
1727917482
182121185123
1219712598
53815782
108212110215
1846718868
182183186184
67577059
132155134157
188193199193
46634865
124187126190
9419696198
470493
8211285114
7111475115
5812460126
1919319495
01104111
60656566
01597159
1906419465
1933119732
15131536
31273628
1221214215
139103141106
15791781
13801394
167209169212
2618429186
115189118191
195137199138
197245199248
172214174217
8191120
138231140234
1959319894
96879989
34363738
1605116254
57165918
153149156150
110233113235
2320026202
6512668128
1206112562
7824581247
1956519767
182149185151
5111756118
1474115242
142172144174
3611738120
115141117143
53125614
1014810350
130187132189
153213156215
118222121223
7324576247
118178121180
169170171173
116171120172
912011123
170917212
64496554
85238825
4113943141
113118115121
3214535147
8619688199
3110034102
5524758249
186122191123
4324448245
121198124200
181169184171
1355713859
729932
3010833110
1104611348
75107712
1581216015
9221196212
8711690117
9421797219
157238162239
18001851
261762
6720470206
2557
2110323106
1610118103
175214178215
1322213723
2320826210
2923632238
1522518227
4813351134
195234198236
7651066
130122133123
143133148134
34663668
1061411314
84868787
9410497105
1622223222
44204921
7320878209
125147130148
66136815
7924082242
19621994
8161018
118186121188
1924722249
21642366
1868118883
65336736
34583959
177156181157
78468048
1032710530
8611088112
1395614059
124100127102
1397514277
1318213287
1696817270
57135915
1043110634
94709772
1882918934
2324528246
157233159236
9716597174
1714420146
5811082
7921084211
187234192235
037142
6823369237
1495915261
1816919172
154157159158
5619958201
150163152166
1055110654
1179812099
4513547137
179192182194
1044910950
1502415325
9213695137
26522854
115155118156
1504515247
105108108110
153164156166
154216155221
102192105194
163247166249
149219150222
122221124224
9417797178
1808918391
2820131203
197399
117117119119
5011953120
135156137159
61466448
81368339
159125161128
105165107168
29623164
153153158154
5316858169
1720418207
136239140240
1617318175
1023810440
6624468247
30843189
1367313876
1797218175
178103180106
160149161154
145247148249
9719498197
1227312574
1258412786
82698571
01623164
97201100203
4416646169
132141135143
3910842110
3415936162
3917344174
167236169239
1802318225
5310558106
1501315315
8713789139
1931819619
183187185189
114144117146
103112106114
6676710
53875589
6323965241
7224074242
73467449
30433345
1917319674
100167104168
192187193190
86208922
1898919192
112209115211
6814670148
5916761169
2916531167
105223108225
1688417285
147126148131
820212203
5095311
10851116
105246108248
7211075112
165210166213
196103199105
2718930190
177246180248
149195154196
127188129191
911514116
140209142211
6914971151
4618748189
5220954211
188107190109
3416338164
186155189157
1304513546
6486
819910201
2214825150
1910420109
4418745192
459760
75317733
184108185111
186142191143
111165115166
36713973
1345513756
1572116023
193184196185
151114152118
101239104241
5924762249
7314173148
530562
5316355166
4911352115
6920772209
1503115333
2321125214
187178189181
3312238123
160106163108
180164182167
97289930
921814219
18452048
1642016622
189239191241
57735878
19752277
1479214995
163110166112
178145181147
166147169149
160167163169
78398041
121150124152
168112171113
6618668189
65376640
98241100243
1412014323
13471398
156137159139
904926
114139117140
6622967234
191177194179
182144186145
8423687238
184129187130
72827584
4812450126
116224121225
11651467
135183138185
164230165235
69377238
1528115583
176184179186
10051056
19199194101
32416243
1925219553
14341636
132225136226
195100198102
49125213
89609361
1648116782
4821951221
186148189150
117100120102
1732417626
1106811369
3314835150
30943297
62318234
3820340206
4717649179
24182720
6911971122
7624381244
35694070
757779
107129110131
1738817889
133199142199
142151145153
4521347216
7915383154
4813551136
149173151176
156180158183
117133119135
1484814952
189247192248
43164519
132161134163
5410756110
2213323136
117151118154
185232190233
1025910561
112110115112
110187111192
8823890241
163214166216
1381214014
128126130129
5319955201
103137105139
30373339
7516078162
88409341
33933695
1472115022
9618699188
107125109128
3417637178
179119180122
1621920220
7917381176
89309232
131158134160
103245104249
125200128202
4918452186
6118464186
123166126168
111218113220
64626664
146219148222
1307913381
1745317954
1585816060
1078910991
14442344
1788118382
3419735200
1516915471
1876018863
5517059171
115228118229
42884988
65866987
140159142162
1133311535
181138183141
2710130102
71587361
183203187204
1472414926
1808318285
1588616188
239344
128237131238
21405142
134197139198
3517338175
3894111
9599810
120135123137
7222776228
155105158107
01283129
111215114217
62126513
96184101185
66717172
8011683118
187174189177
61848186
5124554247
1255512659
7510278104
7319076192
939996100
32523455
7324877249
178205181206
49805282
9415296154
132213135215
2720730209
35533855
2324124244
168151171153
1556615768
106209107212
1812923130
165217168219
156220159221
123107126109
186187189188
195168199169
3817640179
59326333
3422837230
1548615788
23862589
1495615258
1308813290
191232196233
30903392
1426914374
162171165173
101158102163
6715972160
105123106128
912812129
35743776
167243169245
1603016331
102155105157
3422138222
42355335
135136138138
7319376195
080283
51445445
2413025135
67246927
153113156115
1704817449
3117733180
8017783178
130201133203
3814741149
49285033
134236137238
103219105222
1286513266
146101148103
8761177
1963919940
1851919219
4723750239
1139411597
1977019972
49165317
1754017842
1374414245
196156199158
1053810740
182213186214
3619038192
1382914629
6412168122
44534755
120229122232
5310156103
36803883
51635465
68837184
1226612568
9314495147
7913780140
103226111226
1735518055
58605963
183192186194
1615521156
131222134224
1391014211
6010063102
1792618128
65606861
7213774140
110118112121
6711470115
12871319
75667868
9612698129
26432944
99159100163
119154122155
1629316495
26592861
2815030153
9412495128
1163211934
426448
129242133243
41746177
158230161232
189144191147
19902292
5220254204
1336614466
168205171207
182146185148
018519
2815430157
170148174149
60876388
123110132110
154199156201
910112102
37133915
5723159234
185125188127
1109111393
174132175135
115173117176
85569456
162126163131
40124314
263664
170222178222
193246195249
5717259175
125158130159
1337513578
179234182235
138241141243
1413014432
150160152162
62436545
4914352145
59196121
164138167140
15221824
110205113207
7218274185
132913510
1620118203
3216534167
6624071241
121169125170
2414126144
1053610837
1122911730
56875988
4716549167
135192137195
130239132241
1732717432
61946695
86498951
120247122249
71117413
02374238
169116170121
95809782
1529615697
133147134151
13721575
4423047232
126211129213
1666916871
111175114177
9110493107
129179132181
7421877219
130208132210
975810060
117243119245
2515127153
89899390
3211835120
155128158130
128136130139
6516370164
4415947161
1745917960
1228112583
1773118033
1744317646
1863519435
54325634
160113161118
1059210993
74597760
5820663207
9112293124
34623665
51799180
1162412125
146150148152
1849518697
2413628137
6120864210
02153217
132216135218
2616331164
4112446125
3819340195
1616716369
187166188169
1013110333
94409941
1128811590
1004410246
186236188238
90699371
44684770
6911672118
4020845209
149202151204
117246124246
6110766108
55455650
130177133178
1418615189
5423356236
9121693219
1786918171
1653316736
2316225165
80538156
193131198132
113198118199
130206133207
1078711188
151142154143
1654816850
190137194138
1882619128
4815951161
182172185174
1031410517
8915791159
48795879
102176105178
149107151109
2914531148
105237108239
8911191114
107186109189
49765278
1648516787
186170191171
909892101
1024110443
1456614868
8015782160
61709171
119128122129
180107183108
69287229
53665568
3920143202
1819218494
9801003
2712230124
148135151137
127106130108
1918329183
1336213565
236538
98198101200
58696171
1917320178
126158
194238197240
180190185191
1198312186
9211193116
7110574107
33713573
1411214315
8312886130
115129118130
5112654128
6023663238
32823584
575777
124130127131
91659467
163178165181
1176712069
3124433246
1015112154
1532815630
9621398216
52585759
2819430196
108227110230
1302613327
58576059
5520260203
4418548186
176233178236
7920082202
121104124106
174199177201
1266712969
184119187120
1579516097
68767079
17601791
185163187165
1349113992
133104135107
38264028
6121164213
58816183
2011423116
71747476
5710860110
7221277213
4210044102
4120343206
94116
98165102166
6213863143
12461548
4617051171
190149193151
110221115222
01512153
117107119110
50375240
633934
3724739249
160121168121
116131121132
2911532117
157199160201
2619427197
184246185249
69107013
146194148197
583615
4012043122
118235121237
44414743
169218171220
131170135171
15901892
1488815091
3212139121
11841287
1455914861
4419846200
186151189152
5418457186
3523137233
5110052105
1542115624
912612127
138244141246
1442214625
99146101149
5412257124
1586616966
153102154106
7422977231
7018773189
196125197130
167107168111
112123114125
5424155244
1985919962
155184157186
18292131
101131103133
41285132
146236148239
479980
77208022
106176109178
152170154172
140175145176
120195123197
6921474215
120107122110
9820799210
1291710
195174199175
1518815391
3919943200
133239135241
1326913372
1921022211
3610038103
1118411585
122219127220
2013123132
919612198
154133157135
121171125172
1132612126
183196186198
125162128164
4319448195
61569158
126233131234
4315145154
11401343
386418
6015565156
42844487
5514157143
3420236204
17999181102
28503151
084287
3020433206
1683316936
106180109182
149226153227
59386140
9221395215
187195190197
1103111233
169104172106
7210174104
1612516427
152182155183
1498015183
4116443167
9711099113
2310826110
067270
138203143204
5913861140
1822618329
149114150117
110178112181
70857586
1902919232
84778978
16831705
12911323
124135127137
1926819570
3611439116
4416246165
169167172169
2114123144
30403242
104179105183
88579159
1537215477
191117194119
9511253
2124322246
3610938112
1415614259
1069410995
1324713648
97154104154
182135185137
7911281115
9124493246
1223916240
50215223
174246176249
2216025161
197241199244
90209223
116230119232
1711518120
180161183163
1772317925
138200141202
77448245
138227141229
113170115172
1857818880
54605762
6319366194
1227012572
991710022
5021653218
2122523228
1789818598
147229149232
149816100
965110152
18841987
139110142112
4115943161
13501372
14199142102
190184192186
149211160211
2619128193
3812540127
24502751
123215126217
42784481
1127511676
1136611667
6621468216
4024542247
13321833
1702917232
1484315244
1954619947
59916293
12761577
6023262235
61968198
169107172108
867970
5617659178
4011443116
1706317564
121163124165
192141194144
2312526126
1315313356
151219153222
74917693
076279
197819911
1088211084
2712630128
144217147218
5311362113
149170151172
2321525217
17962098
4821051212
68187618
102235104237
17921815
1208712192
8611388115
8620087205
3019733198
6815772158
128184131186
103119105121
327629
78298131
5421757219
1315113552
1104311345
85168818
133101137102
39434245
7631164
35514052
719412195
353555
8323087231
175198
129215131218
111184113186
116111117115
6717469176
143196145199
168154171156
74237725
140139142141
9117693179
28263028
7618679188
9123698236
52388240
4214645148
5422257224
143141146143
1319613498
11911393
1959519897
171132173134
1589116392
30343336
49915094
16398165100
4117544177
123122125125
110115113117
121100123103
1529815699
1016210365
108194111196
108149110151
81468547
1144211743
1189412096
3311335116
1012210523
143177148178
71339136
5522762227
127119129122
1264113142
127198132199
69147215
61576359
172218175220
6214864151
93229723
165151167153
170139173141
295327
1827318476
2072210
94909792
110172112174
56895891
135139139140
95679869
1311716118
4411648117
103115104118
112196117197
1746117962
194188197189
91499451
195143198145
5715459156
6413665140
1521518217
105235109236
7816883169
4420145204
167158169160
1648316784
70397440
1279113292
146233149235
521823
1624016542
1342713928
1813818340
190230195231
83308831
118183121185
170157171160
39534255
6211065111
53415543
1509215393
9122294224
179213181215
7914782149
724818248
181112185113
17262028
1616521166
180116183118
150125153127
1572915931
190180192183
852884
2123828238
152236155238
178148181150
1306713568
09114
6316566167
6716171162
7513477136
7311678117
1081911121
1105911361
162154167155
45814883
5419056192
7923380238
136212141213
62216424
1441914621
1054710948
148217151218
131191134192
99232102233
66506853
02474248
122183125185
2913731139
60606461
94619962
176218180219
155155160156
26952996
135149138151
22252527
1569316094
8123082235
153915611
6541155
137128139130
197231199233
128174129178
117161118164
2219125193
94579660
9624499246
157140159143
1437514677
171135173138
142154144156
9614098142
166169168172
112187115188
31223424
1903319434
1168211885
1323616238
49565457
1076610969
89629363
172171174173
39804183
123179128180
8323486235
1168911991
141169143171
8710290104
1107211176
113169120169
14731504
157162160163
18961909
1275613057
142116143120
106136108139
1446914574
174174176176
194125195130
3112836129
7611178114
3915342154
1614416446
5613559136
1018611190
4121244213
149207151210
184176185181
289690
1499615199
2618731188
3722542226
7623678239
1455314656
132138134140
1117711678
10291232
1510418106
176237179239
44314634
9941395
3513436137
14941895
146198146206
9481150
98131100134
72517752
154207157209
3614037145
4918052182
164186167188
1912222124
154222157223
193105195108
112225115227
102205103210
193213195215
106118109120
25922894
121147124149
149128151131
6518167184
37484049
135201137204
106221109222
1842718729
1944819750
78537957
5413758138
31103312
1315913361
103145106146
1228512488
3124733249
8821191213
4414147143
9614399145
1418214484
5411957121
99196102197
33193621
1065910961
52007202
1245312754
9522198223
3823041231
570602
1406714468
3618738189
1374613948
1084011141
8621287217
4413847140
1757317677
1843718739
83968797
1898719388
8510089101
58245928
73787680
171145174147
196162199164
1705417256
146164149166
140166143168
1611016412
37944095
74207622
4617248175
106233109234
1719719199
1518516285
64306732
191819410
9416396165
1415723157
946968
166180168182
112131115132
1067010971
78588060
102211103214
131104132109
1223112533
190244195245
86908793
141164145165
88339035
121140122145
96349837
128140131142
192174194176
4322646227
5819560198
1617618178
150232152235
155170156173
1966819969
196108199110
160247162249
1675616958
137224140226
1651216814
120181124182
988110083
103232105234
5910462106
39854188
80828483
182209185211
1411116114
4021045211
1311613417
1323213435
1015513157
13291631
194149199150
650853
144167146169
2131113
131163
8823190233
15201821
7213474136
1366313965
42234426
31506152
22053208
149102152103
101180103183
189223191225
1929619498
9312995131
638940
188202191204
4117842181
8324186243
137113139116
110180
1353913742
134112136115
2616133161
147142150143
23732477
5715160153
1897619179
154126158127
79668169
1135611558
92181100181
43104811
1058710691
9116493166
118205121206
8119282195
143914611
62448246
1403914242
1789218095
178187179191
109156111158
14541955
2215123156
29713272
3222536226
82608363
19001932
8220484207
179220182222
186108187112
7216174164
7217975181
47364938
141224144225
28312
5024053242
1323913442
175180177183
48505152
108165110168
144144147145
1611316414
9314095143
1774417946
1496515466
160122163124
153232156234
72557557
8918091183
9215597156
1184512047
142104144106
01391144
3018332186
910923
1458014882
133108136110
4912153122
819111193
99128102130
2819729200
7718180183
107170109173
65766779
7320476206
142135147136
113105120105
1471214915
114136117137
138163140165
712763
192203194206
122214131214
98155101157
55695772
105240106245
1406414465
2611831119
126170130171
178199181201
1046210764
6714172142
126111129113
67167217
7720580207
9424297243
1237512677
172204174207
152239156240
11881489
31536154
1814821150
7716582166
4814050142
147139149141
1122211524
1548915594
170125173126
105202108204
1167911981
1534115544
1654516847
320371
21222424
5520463204
121174123177
157173160175
122227125228
2223929239
53465449
7423675239
188159191160
4141114
1144411746
15671869
134124139125
51925493
1441214614
184103189104
5611161112
178123181124
93299532
7722080221
19192221
111128114130
4221944222
173817511
195202198204
197225199228
25292633
1877419075
2711230114
53765678
7313175133
107183110185
1809618397
24952599
175153178155
8016283164
110236114237
1362413926
1398014481
88949096
48145215
179212187212
1514716152
8916990173
161197163200
45224824
100115102118
6411466116
1504815153
186100188102
99214101216
89649068
100110104111
073275
3781178
3417139172
1922520228
5812060123
78798181
136103138106
1292813131
01773178
170234172237
166143167146
4619047193
3818241184
5519557198
127103130105
175191177194
182230186231
3424536248
3323638237
5520860209
60546356
15421593
01575158
17562157
6324565248
158164159168
66476949
104213107214
107102116102
70437345
188139191141
190227193229
615720
9014392145
42634565
99126104127
172161174163
5710059103
58946096
163118165120
6216865170
8318386185
1807818380
120216121221
1002410226
1162012121
5916163162
167173168177
9215994162
105160110161
66697170
22035204
179202182204
74617962
724918249
4310946111
533574
1410817110
161162164163
161158162161
103196106198
1705717558
184114186117
1441714918
8261128
40164219
19551987
3911142113
73367538
139206142208
177142182143
1291713020
157149159152
1166111963
22352438
116157119159
172244173249
154100157101
2612031121
136214138217
1285313055
76637965
1324516247
18601892
179177182179
9622698229
2520326207
1338713590
168197171199
1922619428
1261712819
45844786
9211422
924311246
1794718248
736806
70897194
1368813890
56405843
1702017222
28372941
120201124202
64256627
99234101236
1672216924
149236151239
8622689228
142121149121
