1718
194248199249
31673370
1491315018
2416426167
7422979230
30183320
823864
192100194102
2322025223
175127176131
41464349
30423343
114144119145
1731217515
37363939
70787380
155144156147
1021510516
1441814521
1724417545
88559157
11074109
13501553
232264
0041
154199158200
80468348
178142183143
722010222
3921942221
7416477166
134125136128
100180105181
1343313735
164121167123
103241106243
119241121243
175239178241
122167126168
186210188212
104157108158
1511317116
147101150103
712810130
12621366
1818718390
68347036
146184149185
4612649128
100158103159
3014031143
1626816470
170115171120
17151917
1717420176
353555
5021252215
1913819440
168111169116
68317033
1896519267
77168217
1987219976
4324545247
147153150155
99196101198
1509515596
1028410586
151164154166
152229155231
163102164107
194193195197
88219023
170204172207
340642
186182188184
1541415617
981910121
177106182107
7581060
184180189181
181178183181
1678316985
106128107133
6321464218
112172115174
50815383
55355837
3613441135
4319746198
120186122189
46104912
7824579249
4211246113
1884819150
46924994
5822760230
110108112111
57305933
106202111203
10251048
113131115133
30303332
1718122182
20812284
160140162143
1251712719
1127811579
156247159249
5410459105
157218159220
083484
920811211
5314255144
34303732
01723174
1099511396
69487151
114811511
4813851140
177181180183
167217170219
1718017482
6123164233
99214103215
1642816730
128221129226
176203178205
146173149174
37633966
2456
1506815270
93279432
4322145224
135158
1508815389
194245197247
140203143204
8823793238
183170185173
167207169210
104104106107
3217533179
99166102168
135154139155
1565715959
190244191249
2311126113
111136113138
4410848109
120117123119
193224
117117119119
17499176101
024425
167242169244
7521377216
2721030211
189208192210
1810020102
1520917211
104207107209
1288113183
963610037
134203137205
187167189169
137161139164
3121633219
3312335125
21504152
160203162205
113134117135
27432945
158174160177
3520638207
121237126238
1236812670
122157124159
9124293244
98206100209
5510658108
70257326
6520167203
13971428
1147511876
145160148162
49315233
177199179202
164230167232
1412316125
349939100
16241656
146166148168
1086911171
193105195107
6322667227
121227123229
45844886
1871919220
132221134223
9424498245
1454914851
109193112195
1489715398
7812179126
920314204
1013610240
11101312
7419577197
1023212235
101910212
725766
41727174
1663616741
6117263175
2218527186
115212117214
142141147142
1355113853
1649616699
7217275174
8614088143
155166158168
5311554118
1268012783
173158178159
87139015
120101123103
8022684227
8879010
3011932121
6516566169
1434314645
1022110523
96220100221
1194912450
5024855249
94459747
1507915381
8418185185
923614237
195108198110
108215110217
6615169152
313515
154244156246
718212183
8816893169
1724625246
1173612237
84458747
8817491176
174208176210
28192924
176164183164
1009810499
190211191214
109121111124
6011065111
0215
7810281104
1828018483
4012043122
105143108145
6417267174
5813861140
427728
1346113763
51347137
79558256
3423238233
1244712948
2418727188
6618469186
139131141134
125165129166
9015693158
5515756160
1358813890
62238225
78378238
762784
168148170151
130108132110
5420457206
8323385235
2818431186
141229146230
13801412
118207121208
6118064182
95489949
1567716178
31645166
122144125146
2923632238
02123214
984510147
40294231
174193177194
1517919180
135214137216
161241165242
3617838181
1053910742
59776180
1003310235
1916019363
2115624158
661864
508549
1546915671
78398042
125180127183
173175176176
1386014361
4112344124
167155169157
27132916
117228120229
1153412035
12273229
133193136195
985610059
194211196214
1314714151
130136133138
18661897
7116873171
155191158193
7518078182
73357538
39134215
1006710270
3714441145
75107811
183136186138
115140120141
112245114247
145195150196
1520720208
58696170
8810891110
1278513087
96289930
1962919931
5419055193
1884219144
1114412147
4519248194
1551015713
133163136165
28953098
8916292163
170145173147
3024133242
1877819279
2810429107
1362513927
38784080
77918093
1814819152
117124120125
6420967211
1685717159
195111197113
473495
196169197173
79948296
133238135240
170166172168
1296713269
6919370196
144148147150
384415
4213044132
6115866159
166184169185
196223198226
172117174120
118199121201
1717019173
7319276194
147110149113
719612197
1515815460
4314646147
130144134145
1247812583
71879190
677718
92649467
1499215194
4210347104
1672316926
184214186216
6520768208
1245712660
1096511267
69957297
1018711190
68757177
17995180100
4715550157
921512217
1964619947
5422657227
82878589
36904191
792814
4521448216
69567061
469950100
8317284175
189100191102
99146103147
179108182109
64336735
1116011462
7223277233
1676716970
1406214165
4916551168
1293313135
107101111102
9619999201
108162113163
65506851
1544115643
61846486
01363138
164220167222
2219224195
2916230167
20742575
34593761
1393014232
12501273
107105109108
38813984
41604462
1965819960
1252912831
7714479147
1605216254
4423047232
198231199236
183190186192
9511198113
1706117363
107204110206
1815518457
3523738239
9613299134
101126102130
6912171124
3513139132
5315754160
2715530156
1892819230
188120189125
159128161131
133241136243
6712168125
135135138137
8914392145
17831985
7611079112
9415596158
8818690188
9510798109
137178139181
162127164130
1322613527
53315632
6413167133
173230175232
1591516216
810912110
1486015062
177212180213
14231625
2311425116
117138120139
1562215824
4919551198
1914126141
2716830170
172182176183
165175167177
1310916111
1907319574
53285630
4418849189
9724099243
165118168120
18212322
192141195143
112201114203
26272929
1771910
026129
6316264167
135129138131
1354814348
3115233155
133139136141
11141165
6624871249
922311225
7412876130
165147167150
1282413126
9011193113
7410176104
2514627148
1918519487
1684516949
68167118
192155195157
5912462126
1124713249
57736074
157137160139
183151184154
1913519437
1581116113
12801303
1292913230
3116434166
186147188150
5220159201
3017132173
60206322
8422885231
1095811459
2715832159
1244212645
8622189223
171216172219
186106189108
112226116227
62396541
8616488167
1261012812
152114155115
6219865199
1155211854
83818683
111215114217
1812921130
1307913580
1699617298
12561288
5913260136
132177135179
138217140220
32533455
34183620
2323925242
11951208
1535315556
4721949221
192187194190
191103195104
155148159149
181219184221
19561988
148116151118
141233144234
162152164155
117160118164
3121033213
3012935130
1761617818
2893110
3516337165
163158166160
139137142139
3417439175
6816273163
1948919691
1294213243
9321094215
8117282175
5817862179
90529354
163243166244
1347313676
21205122
141189142194
2918132183
143914610
573776
4013041133
40164219
6717670178
1772818029
425456
3917644177
153161157162
1763917842
775806
161177163180
9118793190
1118014181
1095211254
1104111542
817010172
1913219434
187117190119
138214140216
7422584225
1706817270
189147192149
910511107
8421186214
151109156110
178104187104
14931795
916211165
90969299
1208412286
157145159147
8823491236
17631795
175223177226
1816018462
1763617938
6123466235
36334134
2120724209
49565258
2818730190
179219180223
7011275113
191202194204
5212955131
15898159101
164192165197
1409614398
166245167249
128175131177
89309232
50425244
37133817
121209123212
48165118
5214057141
6715969161
146107149109
4222744229
1513918141
1178311986
2413129132
52108212
45674671
5311954124
105233110234
46284831
58716172
182118185120
4912252124
1857418975
815411156
1323613537
1743017732
126214129216
1653316835
109208112210
150185153187
12881590
5219455196
1504115343
9314296144
30443346
183236186238
100189103191
5713062131
175153178155
1852918831
1631316516
107147110149
63627162
7710580107
8351137
21255127
148202150205
152132157133
2823931240
1104711151
1364413946
839584100
150127151130
8911491117
68117113
155130158131
142115144118
197101199104
3922242224
6821771218
2016923171
82908592
109134112135
188142191144
1942219723
125122128124
53465451
192205194207
8019182194
8319984204
50195420
73857886
1324115244
6919771199
2313826140
187160190162
1219915200
3811541117
1444614748
1707817579
8421786220
104204106206
190198195199
61229123
1323215235
152226154228
186100188102
1787118074
6622068222
8823291233
116234119236
5321055213
6513668138
556957
02373238
1413414436
31943496
1513215633
179207182208
131125133128
180248184249
120134122137
5023251237
198114199119
66656967
157227161228
173206178207
77497854
9215294154
8115884160
8714789149
99210102212
32436244
16481751
1198012182
65486849
94219723
1555016051
3819942200
93579659
153173163173
104122108123
3923647236
1405715157
130166133168
131121134122
186200191201
119196122198
5410257103
9022093222
1794218145
193165195167
196237199239
7720280204
450482
6220863211
1588316185
20152217
1728317387
1404614347
29673070
20642267
87348937
3816440166
132115133120
168229172230
38674268
1661416916
1858018783
8317088171
109141112143
138121141122
117105122106
1324413545
8841086
195176199177
6214565146
8712590127
4522647229
1362113824
1332813729
4217045172
6911772119
47365037
5718060181
7118273185
66896891
137165138170
2223425235
102124107125
192211193214
189152191155
99103101105
193148196150
302325
124223127224
1289013192
83148616
34803782
1103811240
2624529247
174197177198
8410186103
128244131246
9610398106
7816380166
144158149159
1114812151
72557557
114136116138
2419827200
99244102246
1321413715
158162160165
9715699159
1812518229
7619878201
1593816240
11511183
018123
1793918240
11411443
1829318595
1586716168
127132131133
2920530209
192240193243
131217132220
115196118198
105177108179
4018343185
7913581138
155240158241
88459048
4416448165
5915561157
108187111189
81149118
1036510667
1683617038
18501865
56195920
1747517777
149131151134
70527354
83378442
116237118239
5519757199
17199173102
2316126162
1520117204
122169127170
128180131182
1036810670
4411747119
6417069171
2014322145
14631476
30213223
141175149175
4113943142
86268829
1078811189
186128188131
1152211824
169121172123
43964698
1421614717
132183134185
127209129211
595698
71919194
13341636
7391041
1161711820
9620399205
1626516566
157179159182
1491612
83738575
174184176186
194240199241
193228196230
8420587207
36894389
1335613658
1213517136
172221175222
1164111843
1151311616
1959519897
1307013372
1811318415
10281230
136217137220
23922694
1807618378
177184179186
4512048122
6311466116
173203175205
166197167202
6723476234
1682917032
170155173156
143205145207
871010
2310325105
112152114155
14301453
62408242
190232192234
6022464225
2611829119
7024271247
4024342246
70657267
33623664
1635216555
5224155243
01344135
30743178
13399135101
46384741
6618068183
184121187123
1381614118
1811422115
109158114159
4020443205
73837784
973110132
1764317845
103244105247
2711132112
177176181177
1922722229
182111185113
160183
7322174224
4219343196
92199720
177245179248
109190112192
1115511457
141151146152
5317755179
54595761
8113284134
196166199168
3014431147
124184128185
1033210534
1803218533
174191178192
120230123231
30403541
1932019821
8721090212
1311213613
104198106200
171159172164
104115107117
115168118170
191227192230
67686970
1765617859
1335013453
41906193
9671468
181116184117
152238157239
26383039
1318613389
31757176
1449414599
2312228123
61876489
179191182192
174178177180
74497652
193125194128
74447647
1028010483
123140128141
187213189215
9611164
1932919531
4213344136
100131102133
24192721
1704217146
1877619177
161175164176
9761008
187190189192
190212
22463249
165204167206
9013695137
187226190227
31605163
6210765109
118190120193
182176186177
1791818220
193134196135
102135105137
2114824150
114188119189
128206131208
922611228
1186112063
1253312835
258659
1465414956
165129170130
63247224
6322865230
1387514177
6496
4916951171
1818519188
3424536248
085189
126240131241
1114511646
138105139109
113175115178
8021983220
38924095
129183131185
7110473107
191161193164
1549715798
1627316575
166226168228
433538
1123211533
9521198213
55816681
86768978
64426644
1619416695
4911552116
143163145166
104188107190
76357936
016417
53405841
59176318
2212923132
1417316176
151215152219
178232180235
4223345234
6022367223
18182319
1513218134
9519598197
181244186245
1154911850
17361826
4322550225
6010163103
1658916791
192235195237
32753477
946969
34463649
9013892141
96739975
1049110694
9112994131
6724069242
108139111140
8511688118
8116383165
1547215675
1079410899
1025210355
1025010551
1205512357
183194185196
1266112863
132196133201
1274913051
158134161136
1033510537
9416996172
815211153
1831918424
10711373
12151616
147220150221
1623216435
7221274215
78328034
1764917951
1251313014
1548115783
1563815840
1011411117
126217127222
3610139103
6917970183
59266227
140205142207
66256828
88648969
4010043102
99113101115
1021814219
144179147181
1945219853
7918282184
3724639249
1567916180
196198199200
109212112214
88709172
122154
168231172232
2219623200
16571959
150106153108
1083910944
4021242215
53425843
146202147206
149161150164
1862619127
152188153191
1392214224
5014452147
168221171222
32563458
152142154144
89269228
148233149236
1336713669
8511990120
140208143210
91219323
172208173211
3410637108
43524853
33863688
01134114
120107123109
4911054111
15651588
114228116230
199201199210
1307613377
102248105249
1019112194
95939796
100110103112
1952719928
83558756
1623219233
187176190177
179204181206
143143146145
140110142113
1286513366
1588716089
2221625218
2310627107
13421365
98126100129
140162142165
6920873209
5714859150
919811200
102201105203
151204153206
1713017332
4220747208
01302133
198182199185
4420147203
1947719978
10461149
1879119093
178113181115
23852687
151103156104
190168193170
117101119104
108235111237
101207103209
987910181
125125130126
4917951181
153223156225
115247117249
137212141213
1402514128
15431844
153121155124
3819742198
44894594
128157132158
924012242
1416816171
168174169179
5020852211
1401914321
1497615278
2310826110
101118104119
1824720249
7217877179
12961318
125205127208
1447814780
8519788199
131190135191
83618563
8115383155
6510468106
1526515566
94899791
173164175167
1739617698
13261358
81708275
38293932
69907193
1287012975
4615850159
123133126134
13101333
2813731139
1565215953
4424047241
125200128202
3415436157
24372542
1722522226
41214522
9424698247
5113253135
112197114200
132111135113
197147199150
4015343155
170179173180
1615816460
1872118825
183197186198
48135115
95509753
98153100155
178119181121
154176157178
3421635220
166102169104
111169114171
14601501
51517153
81338435
1236112563
2912733128
184178189179
46254827
183159185162
148230151232
1654216745
113142118143
811111113
35753777
28473050
20232325
2317526177
76738074
5110553108
7416777168
137244142245
9521498216
62686669
1622416427
196178199180
1913322135
79108411
41677169
13731424
180197182199
5723160233
4815251154
25302931
86628963
54775878
93879688
5122454225
4512947131
44634765
15371640
27322935
9519298194
218420
7221774220
11826183
6311968120
1697317374
191592
1064710948
44744776
1602916331
170110172113
89879289
11861587
9961198
1619618199
991410116
125106130107
8810590107
16741976
3311536117
190222193223
3214037141
98233101235
7011075111
28863188
192111194113
6813271133
56386139
134206137208
187234189236
1507115373
51786181
1168711889
118126119129
3714642147
1484615148
32235225
19701993
34673768
3715642157
98123101125
162227165229
87839085
13401371
1861318718
6822671227
6520468206
6113463136
2515733157
84848686
1448615186
119179124180
1422717229
106137107142
39744375
9516698168
8613789139
3113534136
9616399165
1347013672
5219754200
3010633108
1425014453
116176119178
91499451
160220163222
199419915
1622116523
1218814190
20102411
179157182159
27402942
137209139211
1654816751
105151107154
01804181
1911019611
126145129147
1731617518
1424516247
195202198204
165151167154
533564
174145177147
114123116126
4420447206
13699138102
2317825180
115203120204
99186102188
01671171
142220146221
89599260
141235144236
108184111186
144193149194
38414143
1592216125
109112114113
827930
116172118175
8222493224
1708317187
102120103123
8815993160
6910470108
22057206
132159133162
6521567217
8721390215
115154117156
1678017081
1746317864
1238412685
118248123249
100240102243
21792680
42434445
80318831
2921930223
1092111422
1047710779
47485249
27523054
185246188248
9711003
124194127196
490522
177242180244
2917831180
144100146103
102113105114
42544755
1945819563
188139191141
9418197183
19922294
5413257134
93249725
158161169161
127137129139
276308
178193180195
55495851
197151199154
165186169187
1121411416
7220375205
6110464106
108150111152
1006010362
820517205
122160124162
1922419525
30913393
4718450186
4823156231
51127115
108246111247
126247131248
113241115243
99194103195
173108175111
182130185132
3915842160
96679969
179122181125
168214173215
1552016021
164186
1725617558
22074209
1767117774
18001841
9316295165
164209166212
1474314945
170184173185
048250
93609861
72477351
3419539196
187133190135
2923131233
1565516156
1044310547
1803018431
150111152113
97135100137
6711475114
14961797
154169156172
149135152137
1447314775
8721690218
93719574
17871828
22332436
8613589136
161235166236
9622898231
1572915931
1515620157
46604962
11104112
115127117129
160149164150
2778
1296113263
169212173213
180200182202
4017241175
145241146244
1063210835
153196156198
1343013732
20892391
107193108198
140106141109
1293113332
7513177133
6220564207
91449248
3714240143
1505315256
149225151227
2124724249
101216102219
106175110176
602624
1015810459
17601792
8588711
186239188241
38544156
5512058122
7418477186
49235125
1196612268
1189212094
94109712
198217199220
9022895229
1473515036
1776018062
173112177113
15682069
9219394196
477680
179236182237
1275913060
99231102232
1661916921
6121266213
8518687188
6122662230
7410576107
8318985191
12481549
01632166
1611716419
1028710688
3412636128
16571708
1197412375
777881
7817580178
2921430218
3618239184
193208196210
1179612097
1198712091
8311133
1122013222
8014282144
1329513596
465966
160193163194
97859988
124197127199
10601101
106165109167
159198161200
138192140195
2624129242
1492115422
1818919194
177137180139
4512348125
192122194124
01863188
38114312
102148105150
185818711
125127130128
72737475
8722590227
91399341
186173188175
125188128190
1847618679
261563
1184411947
1435414556
1851918624
7010173103
42477249
160190163192
3621537220
119147122149
86878890
23762678
116157119159
1953619838
7420675211
27892992
3310135104
8014582147
142225143228
1921421217
163216166218
126108129109
3214833151
153111155113
1486614971
1281712922
6116066161
98142103143
115129
1498315285
4819951201
24222527
135209136212
9217394176
15941617
2716228167
142133145134
02192222
986310165
8917093171
193152196154
70847287
6820071201
196194199196
1481115212
159168162169
3124433247
58676567
8719291193
34113712
1633716540
1463914842
173160175162
1120114202
176134179136
192178195180
129197131200
1438114683
392423
61849185
43134714
585626
50455247
170186173188
154184157186
1282713128
5522459225
124242125247
1722322224
41924395
2518927191
1005010153
2221425215
8912890131
7821683217
134166136168
1197612079
109156114157
101155103157
01845185
54715772
1275612958
4024844249
1305413257
1556015762
97144102145
111105114107
7416976171
90909195
1062311423
183107185110
123148126149
193171195173
19101942
59926393
1375513958
