1751
1266212963
6917274173
40934594
105222110223
545576
50295231
139223141226
1965819960
168186170189
21405141
4320246203
49435344
3520938211
147100148105
76137915
1817918382
11521193
97233100235
8223584237
3817141173
2324425246
5917662177
33183819
6314865151
189182199182
229925101
149204152206
25612763
52103
105179108180
4023745238
184153187155
2714030142
397429
138246141248
124153127155
23532555
164234167236
57946095
1331914019
6218365185
110209112212
4118243185
9719899200
1275613157
58806182
1498415485
1877919081
178216180219
9312696128
165141167144
81468448
1066710870
107181108184
14281630
3093311
79528254
1814626146
192217195219
50345336
199921101
6923871241
194175199176
277299
1812321125
96216101217
127125129128
3818140183
215417
167117170119
1256612867
160223162225
72777579
1515617159
1624319245
101113104115
73857786
143198145200
124225127227
167158172159
167122170124
132142134144
01425143
126100126111
1142811730
1724317347
118181122182
28693370
3720140203
1751117714
171119174121
4814451146
2221924222
1112613128
817613177
94739576
110131112134
17541957
142184145186
1764917852
1448614689
18251847
149123152125
80718373
120171123173
87349036
1614717150
105143106146
3713842139
93519553
108235110237
1315114154
17581960
5519558197
1616916372
139232142234
26542956
31763876
111161114162
1331413516
7120973211
141235144237
2613831139
1305113552
144161146164
117207118212
1729317595
7913884139
100116103118
5120852213
1091811220
186231187235
1919220195
8924191243
18852187
118175120178
102182104184
46224727
1947619778
1088011082
191233194235
5312856130
4919952201
3915741159
163177166179
7622379225
127147130149
53245626
1571416215
175217177220
115103118105
5914162143
20572161
31906192
15751607
1736117862
1485915062
8810591106
4110943112
151215154217
152113155115
28643165
1649616699
1022313225
85258827
5313558136
033335
136214139216
2413127133
171107174109
8812090122
57166018
60866487
9961028
137162139165
2310826110
1313813440
1027810579
134230136232
10891192
7410779108
7223873242
3117533178
97168100170
185169187171
79910101
49925294
1079711298
9191221
172230175232
175119180120
49595360
130122135123
167161169164
7010274103
9521397215
1371214014
7317474177
3121834220
95359738
186167190168
513110132
138169139174
107137110139
11341436
2522428226
150117153119
46624864
359661
2322324228
1819621198
183199187200
1387314076
38504151
1816318365
1126511370
62039205
1688016985
196137199138
2410526107
155138158140
4923554236
105162107165
14901522
102206104208
2221624218
7013671141
9610699108
98201100203
160103163105
1117711380
108203110205
2118324185
4418347185
177128181129
8312786128
519821
1693317136
3311136112
183242186244
8515587158
124161126164
117125118129
115147
1366713969
108161110163
3124033243
144191146194
6010462107
147120150122
9601163
176161178164
111106114108
1722922230
3423936241
164150167152
2715430156
3523439235
3117134173
1882619128
113166116168
270301
6224064242
171239172242
33833685
111236114238
7416176164
1752017722
054256
1028310585
131106133109
102194113194
8711691117
84528754
121237126238
2521927222
143238146240
43284531
1009710399
1777017873
40814184
178114180117
177224181225
173136176138
7316776169
1847918682
126180128182
1119111492
173189175192
165128168130
80378239
1327013572
17399178100
7314280142
2022522228
3515137153
1679516899
42664469
138199140201
1638816689
1191412117
132199133204
7818280185
7914781149
11304132
163117166119
1624016542
11791481
080382
5917261175
5414258143
32593561
1128511586
1695517356
193208196210
1378414086
133181135183
1110716108
188218191220
149916101
1366013961
6516170162
181217184219
185239188241
612644
6224765249
590641
192236195238
119104122106
1507615378
19762278
269828101
5619858201
8517590176
4516947172
0455
1685917260
196183199185
184237187238
180186182188
61666467
164189167191
3620438206
1722317624
1605116253
1214712252
79911
1111016111
119237120242
168182171184
1368113983
9111993122
1507215374
186125188127
132164136165
84968797
129142131144
3421435217
96939995
943966
7223677237
1976719969
81228424
41134315
6311966120
7619879200
142143144146
102119104121
106233111234
149130152132
45694771
2010722110
144150146153
138118141120
5215754160
98100100102
2114324145
1842519425
153224155226
141165144167
1728817590
6811171113
14001431
153145155147
1909119294
6623568238
5785910
5912962131
25862888
6715672157
1935319655
1416114463
140215143216
121196123198
119228122230
6511267114
63566558
117191120193
106240111241
172173179173
181247183249
2412527127
52655370
142241145243
18999191102
8319285195
64456548
39894092
7381040
167247170249
147189149191
1775618058
4618049182
48235125
69347137
96969998
1143211733
136197139198
143140146142
103224104229
1476915071
4817153172
55365838
193194196196
97509952
29883290
151237154239
6813869141
231263
61236524
12401272
6523968241
105131107133
02391243
120222122225
5612359125
3416036162
123104125106
72877490
46864988
5513758138
3413736139
1664316945
163145166147
123213126214
101235104237
163158166160
73827684
1063210835
140182141186
94299632
7523377235
519710198
153247156249
1584416544
161182164184
4220445206
134201137203
4017842180
195127198129
7621477219
1404114244
1235112653
9518198182
4924751249
8020082203
1924719350
111176114178
2615927162
1237212674
5619058192
184211187213
10271329
1212812430
180123183125
1062611127
1702917430
684986
31623563
123124126126
62726474
7314976151
167206172207
129106130110
1091111114
9623099232
144232149233
7224375245
184245185249
585607
1312213423
183193185195
8422894228
6112464126
98143101145
16161819
920942
188176192177
1096511168
10861288
142223144226
158114161116
2820131203
1769317995
168150177150
7518876191
193190194193
8720788211
7919082192
8512187124
24442647
67757077
85118813
180157183159
44104911
1869018991
23482650
56895892
196134199136
1956619669
5410557107
1044310745
22572360
1852818730
1519617199
160220162222
1373314035
192243195245
9424397244
8212284124
1603516337
174234177236
101244103246
8524186244
189122190126
1164011942
1509715399
1298213184
2522728229
113130116132
97249927
177176182177
184108187110
520110202
2317827179
54635666
264296
91739376
3124433246
1216312267
156193159195
186165191166
168143171145
9415196153
169112171115
5021553216
161247166248
1831618518
123107125109
14951796
120148125149
166169168172
02442246
1388714189
8513687138
140212143214
5616958171
5520358205
24192522
3117933181
82648665
123222125224
167146170148
119122122124
27263526
5114053143
36593862
4419445197
119127124128
55445846
1723418237
178203180205
1502315225
1551315617
01683170
188233190236
184387
37404042
142168144171
7014572148
46654966
124198128199
92589560
3714340145
8878910
1127311476
6519368194
166138169140
104202107203
1768917892
27442947
1121411715
3823241233
192213194216
1019213194
111187115188
7087310
1895819160
183209186210
2215325155
102173104175
63936794
1406714369
144227148228
2623028233
36633766
5017353175
8221124
173128176130
5919060194
1116211464
2220426205
91829385
87299030
90929394
4612148124
6023763239
124119127121
10041045
83498651
180178182180
181208182213
5411757118
171146174148
8812390125
911512117
6720870210
4021743219
93249626
1773217836
9431048
118152121154
100230102232
148165150167
1805318355
1178911991
105152112152
195221198223
117139120141
50855586
1817618378
1218514187
181144184146
13299135101
171196172199
171110176111
01183120
3215034153
38204122
1578515987
128200131202
1663316835
01792181
81558357
560582
136210141211
3918841190
1736817869
1861719018
149219152221
1741517717
514915
80958397
21342237
3919641199
21227123
1104211245
113119116121
14251627
78308131
153198155200
18101842
51465448
1532115425
9621098212
21692371
1005210354
1075110953
196167199168
44974699
7715479156
8122584227
151111156112
59916293
142157143160
4812652127
131222132227
6716869171
1953319637
1745617658
170227174228
1533715639
1954419746
106124108126
1021014211
143102146103
178229180231
184157185162
6416766170
181114183117
01902192
3424436246
105169110170
91779479
750953
2710729110
131239135240
02102212
154129157131
6014862151
1912122122
1575615958
7715979161
1446815368
1622216425
722610228
137145141146
74258425
145170146175
43254527
69847286
7119374194
4213045131
21575159
144110147112
22632466
7724480246
147192148196
1158111783
113208114211
124187126190
916312164
9117993181
43764678
147236150238
8016283164
3421239213
100211103213
165199168201
185101188103
127213131214
2518127184
1217912381
37974099
2223524237
121143124145
30393241
111217113219
8717790178
62496650
28603063
13611393
1881019012
139121140124
8621691217
1167811980
1546715669
54745975
21154117
1287013172
77328034
5219654198
189223192225
160166163168
1851918821
4214246143
8623389235
162242163246
27273028
70527354
1828518587
1637516776
37234025
303326
21802581
179244182246
151164152167
6920571207
1463314836
125216128217
5014755148
144118146120
65696673
1002910530
1768218083
812210125
639864101
5418757189
130248133249
119125122126
188155190157
162364
43554458
4420747209
1802518327
20722374
162239165241
24262629
1262612928
3910242103
7311677117
5716259165
5711459116
9411795120
135175137177
146131148134
164192166194
4211346114
1666116963
107191110193
7716881169
8612988132
89869188
6624569247
7716279165
7012973131
3814041142
100910211
51489149
3618037185
153174158175
157180160182
160226163227
163228164231
155201160202
92179320
186245188248
189131191134
151182153185
1213515136
85868888
6415867160
156196158199
2024322246
9316894171
1587616078
51158117
1582016122
64105
121101124103
120161122163
1673117232
7822880231
3711139114
1414714350
7318275184
5222454227
83908592
176124179125
35543856
3411336116
1519118193
103129107130
1609816399
2113925140
32436244
26642768
101170101177
5414058141
167109170111
2312125124
79928294
6814972150
6413665140
4910251105
1838818590
151210153212
38164217
111203115204
30423244
99241102243
141179144181
26202823
3121133214
190180193181
19182220
4911058110
151229155230
10799109101
75637865
126172129174
2115624158
103137106138
1318115183
6720468207
19501973
7919382195
1666417165
25932895
1577116072
130175131179
15499158100
1609516397
134145136148
52175618
178146180148
1547215675
40284230
147138149141
8320286204
4924052242
161142164144
1045110653
157247160249
1657716780
137228138232
150233159233
6013863140
1803318235
193230196232
77967998
149103152105
160112165113
74467549
124232126235
7423879239
43704473
101132104134
132149143149
1431614618
3415436156
154187157189
1286513665
3618638188
1347513776
7911589115
137713910
46424844
2313426136
3912144122
1810220104
5016852170
7220675208
120204122206
32573758
186172187177
156176159177
24592760
3516838170
6814569148
140133142135
148244151246
1815021152
4621948221
98147100149
24692771
124169127171
194121197123
6715169153
4918552187
137185139187
195214198216
1343213635
80118214
6418169182
82288333
6217063175
155133160134
6417165176
5216155163
15331736
117130119133
126132133132
5211155113
3419838199
96739975
113143116145
104242105246
15721604
3012633128
1685717358
39764278
723210234
667698
132211135213
1818419189
8115684158
80408242
104110106112
41677168
9610398105
1289213194
147149150151
1975119954
1947319775
2323025232
1213512437
9513998140
89899191
1911719418
144229147231
71929195
7811883119
9013991143
167156172157
180172183174
31923892
1617419175
7717579178
1882918932
4215747158
5022551228
4915851160
4798
1315514158
12631564
72209222
8018782189
74287730
97129914
1314113442
103106104109
179191184192
753776
67526955
794898
4410046102
195246198248
1819318495
60966299
23892691
53395840
1821318514
127235129238
150160154161
11741476
821310215
66206921
150140153142
171185174186
31826184
7617977184
1887119173
161201164203
31203621
51518152
8918591188
1452814730
156224157228
3013533136
3812841130
63106415
3724439246
1887419076
1409214295
1298013281
180110182113
9620798209
5811161113
767969
146182148184
2117123173
6514167144
1746317567
94809585
3483513
105113109114
65157016
122132125134
5512262122
188107191108
175238177241
8216584168
8115284154
28573159
172140175142
3511937122
7517376178
173200176202
1349413697
5919763198
1369113993
41324434
21132315
170215175216
3417437176
9418997191
4321048211
78748176
7116173164
627928
23162618
12901493
181201182204
128150129153
9119393195
175121178123
134178136180
9523999240
62756577
154184157186
1498015083
5017953181
7716681167
23352537
1093411235
1573815941
58586060
118185123186
1889619198
3715440156
132156136157
1375414056
83378442
1516317166
145143146146
3711642117
395696
432455
3115433157
33393641
1964719750
59476150
1166112162
1415314455
6922072222
3011032112
93459647
36103911
32344238
4912150125
3722240224
140204143206
37744874
160243161246
165153168155
1911119413
487988
3210135103
065267
100224101229
144204147206
1162411926
134204137206
102199105201
1892119124
17682070
8518989190
1325613657
50735375
6610169103
1511315415
181197186198
128205131207
178247180249
106200109201
109135112136
1892210
79908291
156203157206
4719649198
41414344
51877189
31015103
709771101
187181188184
1781018710
101167104169
1757917781
103217104220
1409814399
181137184139
178101179105
145201147203
136182139184
167238170240
125175128177
53275629
1252912831
3722540227
154122157124
01853186
73557856
16721974
4519846201
713745
155167157170
2115923162
63966797
1134011542
01210132
8214385145
1516915371
47894893
131218133221
1464114843
1520418206
54585759
196239199240
113201117202
663695
84738774
1038610588
77427945
119135122137
1781918120
10651367
85818783
195186196191
6251026
1181212213
6613667140
180162182164
4314646148
10111043
11231146
125116130117
1648116783
4921753218
1926219563
1511623116
57965998
149100152102
115227118229
123157124160
1498815290
436487
1235612658
36333935
179199182200
184114186116
9117593178
193111195113
151149155150
18822184
1518517187
140814211
1110414106
1441914920
62786481
191226192231
49895291
1179612197
158129163130
152133154135
1608316384
97319933
3996100
8113185132
151207154209
678980
11581199
18752875
4310345105
1699817299
1929519498
7912880131
8623089232
11211129
146209150210
5614859150
3122634228
1308513287
115173117176
3712339126
69567258
188150191152
1676617067
1937019672
121114124116
197226199228
1722617428
124200127201
1311013611
9523798238
61386243
2821430217
1061210815
4921951222
1772417927
85578859
6220864211
60706175
136138138140
153164156166
53945695
111111116112
7413477136
83108317
80588459
8821891219
94489650
6211065111
1518115383
103247106249
9517198173
2413733137
1046710571
30453347
15431566
1868418887
99171100176
130208132210
173196177197
9210993112
1511015412
58766178
128245131247
109179111182
8920790211
1625616458
13001332
6921772218
1003110532
108119111121
142127145129
1984719950
3913343134
6123063232
106147111148
5422056223
78818083
6319568196
5913663137
85388840
1315813361
9417797178
70237325
8619189193
4311545118
4314048141
7920580209
8517187174
197206199209
186111190112
1977019972
107140111141
1521117213
19299194102
4523948241
144213146215
134186136188
197229198233
119209124210
63616563
184104186107
143100146101
1714018143
28713372
1886919270
188214191216
137207142208
53325633
14441745
816710170
173242175245
196218199220
1493215035
137142140144
659867100
142116143120
89589160
52215523
193104196106
35473849
1041110515
1738417885
11536154
174133177135
19798199101
6121663218
3721939221
1324513746
54605762
166203171204
97479949
121239123242
345377
164107166110
151120153122
1229412398
49325233
1663616838
66626964
8310687107
102209107210
7216576166
3520739208
4813351135
98119101121
5110653109
127219130220
71747376
9420795212
1002210127
4523249233
15491851
1051610619
132102135104
74577660
39604162
7123374235
160169165170
1034610548
175206178208
7211074113
13641444
2912931132
87708972
68306933
9522198223
154242156245
183111185113
1005510357
14111713
169128172130
4710051101
1856518767
8411189112
116203119205
1134511746
102153105154
1428114583
138175142176
3724739249
3412737129
84108417
1733717539
120199123200
169168171171
123135126137
54415743
158216163217
180165183167
7722080222
1447814680
177157179159
196236199238
129112131114
1293213135
187137189139
96192101193
90149316
19232224
4610348105
1837018771
109125111128
1449714799
1472514927
1581616118
1636116563
3623639238
168231171232
1735917860
182149185151
127239130241
1298813290
73337635
5417055173
1687317076
186162197162
1072311025
8813590138
108149
815610159
71818186
1933319438
121201123203
1544015643
1582316124
177178179180
2021424215
1905119253
7817080172
1486615367
102171112171
98185100187
169125172127
6513269133
99218102220
112205115207
13841489
1644816750
174153176155
185135186139
998510088
4911151113
3223134234
1894519147
163195167196
1711918122
53915593
1594716249
1224212544
1822118424
8018085181
194158199159
1863918842
166112168115
3424238243
40104312
21962498
1936619469
70627463
155160157163
5023355234
8311033
104211106213
1819618498
1697017272
47975099
138188139191
56845986
2316326165
119211123212
174246177248
14561478
6618368186
112179113182
1023712240
716918
01442147
164215167217
8123085231
197197199200
1617716478
5221953223
6513469135
165207166212
0243
2618729188
1455014655
74917793
1622519227
9118294183
16501681
5722059222
1648516787
1323416235
163224168225
82359239
85168917
8824791249
19201943
634936
3121533217
104204107205
1553215834
957710277
7517077172
5213357134
146127149129
6814272143
149133151135
4422746229
16121635
1319513398
1781417918
132241135243
6921370216
1077210975
142244143249
2214725149
191142196143
1156511867
110911410
184172185177
177154180156
1203812340
12611562
60886589
75427645
2514328145
5018252184
161100164102
3924141243
1157612077
9514897150
181220184222
13699139100
01773178
1034910850
140168141172
1133611439
44124714
57326033
2817530177
153157164157
164166167168
97289930
107187110188
6917472175
103238104241
1411914322
7610378106
102172113172
2317527176
7824780249
179121184122
150143155144
115236118237
144107147109
88829085
4022043221
2017922182
133135134138
1020414205
1908819290
1412615129
156171159173
1415614458
145219148221
354556
59346039
5318254186
1434214545
31243625
156119159121
125129128131
51288130
190239191243
181214184216
51358137
118420
20472249
78848385
109206111208
1481015013
149225150230
123179125182
117143120145
1953819840
5918261184
5210257103
185226186230
1096911171
4316744172
94159618
1647216774
1135911561
169200172202
152108155110
4017542177
1413414535
1962219824
1859618799
194179197181
78678169
139110142112
1049310695
047348
157243159246
158203160205
161148163150
1699517197
1878219183
178189183190
1235412755
191190192195
19561979
3212933132
1917419377
3610038103
4212544127
94129614
1549515598
1613419135
88459147
1411414615
19252227
1568215984
4013543136
1342913631
1405914560
8420587206
117238118241
197151199154
872885
3821441216
781813
2521427217
86898891
1921921221
1966119963
1113811241
15171549
5811082
148116149119
1379413898
178149181151
108104110107
157126160128
3920441206
6016063162
1620118203
4513547137
1493015331
1471415016
122129124131
63906791
183179185182
1959519897
1737017671
4421845223
125112128114
127242131243
5511957121
127133132134
150169153171
178209180212
8318884191
189244191247
1552015723
1737517677
1131811521
157178162179
01623164
1249312596
3914642148
113169116171
1422217224
5311954122
95183100184
196241199243
8311391113
52316236
1524618247
33423643
32523455
1801118114
672875
181134184136
171131173134
1146511472
1679117093
3114032144
100106102108
1859218894
1472114824
9218494186
4714749149
116122118124
143147148148
5523558237
116147119149
9210593108
180126185127
1504515247
1927819383
123204126206
1443614541
