1760
559956103
122107125109
1473515037
130109135110
116226117230
69307132
47104912
94229723
165222169223
144128147130
8511286115
6813771138
61476449
15311631
106187109189
15472048
95549756
157216162217
114219118220
125139128141
175717710
3917442176
1734417646
6020363205
1347413776
1921219414
154211156213
8823891240
140170145171
174216176218
62118213
9411196114
31563359
6914972150
35943896
172239177240
132101133106
62516553
1412917131
119144121146
1961119913
5921162213
1696517266
132247135249
134128136131
137120140122
1772518027
163229165231
157204159206
02282231
1859318895
9216695168
73357537
166211168213
14111912
119147121149
192137195138
155161158163
163161168162
1081211113
1713617637
6810973110
9011193113
54605762
181194184196
1123713239
135225138226
53465450
1648816690
87448947
6510967112
6215866159
1914619846
19896199101
1566615868
3516238164
139181142183
8919992201
152125155126
1532115424
119186120191
9123494236
8523287234
141172143174
9814999154
135201138202
9021993221
170183173185
8818390186
161126164128
4220845210
119202122204
42854587
83548557
1755217854
168125170127
139223141226
180158184159
1904219050
110186118186
130111133113
137178140180
134165137167
98155101157
155196159197
33723773
65797080
85598761
95234100235
111176114178
1493915142
98210101212
149145152146
3914740151
4816852169
36143916
145228146231
174193179194
86418843
186129187132
138116139119
1093411136
104223107225
923011233
6314865150
1236112662
7814583146
3618538187
91229325
7214182141
50145316
35873889
1752217724
9419596198
140243143245
081184
40204322
108180111182
97194101195
1094111243
124145125148
39944197
695897
1822718529
90159317
316810168
135175138177
9119593198
42974599
21942495
6920172203
140209142211
8510288104
29113113
1235112652
3524238244
161113165114
54795980
52467249
5714760149
2023925240
12401271
92769478
171247174249
155172158173
121137126138
9124494246
172717410
74807782
168238171239
36423845
198159199163
179108184109
170201175202
1635416656
169143171145
120107121112
5816861169
77188020
134103136106
3010332105
1663316935
137105139108
2117726178
7422977231
47755077
9117694178
1253312636
2215325154
046846
9523998240
162163165165
1546615569
452474
6412168122
1054110842
186187191188
1708917390
173115176117
1831118513
136913911
4112942132
1594316146
98208103209
6413765142
1387414175
40454347
2522128223
135147139148
39874190
6214063144
149102152104
6711870120
1395914360
8420088201
1778418285
6019562197
824812249
106139109140
513544
4724050242
9513697138
117244122245
91189320
1715817460
5616359165
154221156224
9615097153
1424614448
4314248143
102192104195
8113086131
18892091
2011422117
3510040101
191203194204
187168190170
5316854173
1637516478
159158162160
1808618388
169165172167
1357913881
122145123148
157243160245
7020772210
103151105154
1636616471
122120124123
127102129104
2921931221
31143416
12471288
83288630
7416076162
1968419985
192142195144
176162179164
2715130153
26562759
91739475
53335635
189123192125
91699670
187244192245
1306313564
175101180102
166151169152
14491751
168176171177
63546556
153227156229
32913494
2623128233
172131175133
4813251134
149181151183
148217150219
8813091132
5324155243
138229140232
152181155183
61436445
44104613
82908592
46414943
01352138
1946719769
193183195185
6010563106
1624516547
3523037233
8112584127
93289531
196212199214
89849385
8015183152
78807983
99128104129
1085311155
1923121233
139151141153
1285713059
2918133182
1816322164
118194121196
7217475176
34463748
1985319957
1013810639
1922819529
16398165101
1476015061
362664
71138116
98199105199
150149152152
1012210423
6310367104
32443349
190225191229
6422165224
27793080
47485249
174154179155
110126115127
88539155
128131130134
2321325216
74177619
2014122144
170146171149
2893310
37914093
4521247215
131223136224
139100142102
2912733128
2114726148
116188118190
3011131116
6311765120
126146128149
112180115182
110243113244
4517147173
69377238
3421239213
111106113108
9520497207
1106911570
9461248
5823561237
102202103205
45685069
36234124
157138160140
10399106101
7318175184
911514116
140146143148
4516847170
1343413735
115150118152
1372514126
179122182124
7311174116
3710640108
164199167201
168178171179
7617278175
1104411247
76107812
158183161185
187181190183
195208
170134172136
178177181179
6910072102
929794100
1859618798
78628065
1925119354
4621751218
2620029202
72717672
1537715580
3815840160
3217635178
01271132
1658516887
679980
2512527127
5519757200
1776717970
122218125220
146131147136
3513638138
81618264
195197199198
13099135100
136161140162
1168711988
7415982159
78109
167137169139
2724130243
1744017841
1488415385
188149191151
166146169148
78378737
96145101146
57126014
94649766
59336135
1423114533
3911041112
41664468
1366413966
41414542
1423514537
9220897209
1254612847
1862818930
7813982140
104219106221
174219177221
153127155129
12201621
75247826
1789518098
137172140174
65386839
189121192122
147167150169
85388840
9024795248
106176108179
61288130
2617531176
178105181107
6917571178
146193149195
1844018742
12192019
11101142
32113612
7097311
196141199143
1268113182
183175186177
3610938112
1133911542
16421665
1920322205
192187193191
1331813521
1210015101
86338935
7119775198
1173712039
88609162
2418225185
118172121174
5923862240
3520339204
1742617629
2724629249
122104125106
6913371136
161222164223
112203114205
181134184136
127223129226
7610478107
1706217364
816510167
4821553216
9521398215
3022734228
120241123243
3024532248
31146115
3224037241
1282613029
1759217893
8613690137
189142191144
1681917121
133240136242
1297013173
92549456
192151194154
97186106186
4018943191
25762778
137127139130
7251126
1519920200
34213922
108237115237
1244012741
1903319335
45924795
6319566197
1899119194
153230154234
8417887180
7917484175
169106172108
161149163151
112235115236
018320
21295130
1772818129
1523215534
111193113196
27222924
6921172213
1027010572
3718839190
46504853
51765379
1007310275
1164011942
66606863
183211187212
114242116244
359661
1947819779
3915643157
5622759229
6421968220
1983719940
185126188128
5618859190
7916883169
49635265
193139198140
166163168165
8420287204
64916693
1579516096
70767378
3021033212
2918631189
1361213914
82958498
1886619367
162172165174
126166129168
127207129209
816312164
1488615188
1717918183
169213171215
175246178248
085387
1664417145
63846785
153192155195
1696717269
189126191129
01052107
151142154143
162177164180
74277530
1319116193
1796318165
9522998231
39614263
27513053
1407614378
12151266
36173918
1864818950
9321696218
43324634
5522357226
416619
36593862
7212175123
11784180
1629116692
153214156215
87208923
9417197173
1213515137
164168168169
6219366194
7410475107
4423047232
5314256144
75227923
1036710669
65776978
193244196246
1112212126
194155196158
5624158243
136100138102
3619138194
1276812872
182191185193
172208173212
150185153187
9124295243
1582516027
2713330135
09311
7023278232
173178175181
1614619148
182213185214
8719189194
1105911361
1843318735
132191135192
151157154159
98115101117
4621948221
68477149
131232133234
1087911380
01753177
90319234
53635566
899891101
1328713589
1691417216
169131171133
12291432
7116574166
4510748109
8619688199
2923031232
371403
1065910961
1617317178
7622480225
179184181186
9711099113
154216156219
51557157
103210106212
139140141143
2013523137
1004910154
44214723
32353438
7191120
1943319636
7724480246
2620829210
152112154115
1168011982
55176018
68336936
191167193170
11581460
1914719947
96279830
1812318425
35653867
127105129107
9318095183
120143
5121254213
965910160
193210196211
129813210
1618316484
1619316495
9112194123
10301062
1018013182
5010453106
188131193132
1756517670
1812921131
3023731240
107183109186
30273528
1126511468
99213101216
150237154238
2118023183
108204110207
101158104160
126152128155
1406614368
153103154107
184197186199
1715919161
75907793
193121196123
1438114683
1052210823
77518053
110109113111
9320195203
5819559200
120155123156
182160185162
6719670198
192241194243
107131110133
149170151173
3824848248
34563758
161106164107
1823018335
160237163239
53305632
48875089
727929
1376114063
9213094132
3924542247
18512053
113168118169
157152158157
110135112138
109169112170
134214137216
67987898
4913552136
02422245
5924361246
1712617329
114911711
21362537
5523357235
1055211552
17621794
1515315256
1517015571
6720669209
142217147218
1738017582
150133151137
1862619027
101109103111
1224512447
91639366
622610227
115131117133
177182178185
71509153
1657516876
179172182174
155133157136
113136114140
1499115492
116237121238
9016491168
75607762
5011552117
113128115130
59566258
1549415696
127178130180
5018154182
1374613948
393894
106190109192
61116313
1513515636
537569
1163011832
14301444
1466614968
158113160115
9617999181
53575659
1307413376
145110148112
1610019102
52815782
15861608
7815385153
1504315344
147228152229
1844318744
3916441166
719610198
143179144183
76547857
41879188
986310165
111114114116
565866
1076610969
134119136122
8416486167
1765917862
61896392
2011022113
17201923
1061911120
177156179159
29893490
4110744109
2419327195
6811171113
196164199165
11501182
525556
1059510798
28653167
144103146106
2316925171
161138164140
2610829110
6424369244
165142168143
8720790209
1567915881
160206162208
75737875
93719872
5118656187
135227137230
7116776168
1817019173
1924019345
8417186173
1254312745
9614099142
110239113240
93879689
1676116964
129138131141
1018413186
141230144231
4722449226
146121150122
142192144195
1502115223
1064810851
42564458
109152112153
4221144214
122157124159
1582216024
7322676228
138165141167
4919151194
18399187100
1943019732
48805182
155112157115
1663617037
99166102168
70877192
1019010392
1806618368
8118983191
1915819460
15301733
37824084
8211084113
7715679158
9511597118
5315754160
8817989182
1612316425
17162018
142140144142
44464648
26952997
44784780
1253012832
7817881180
1962219725
111165115166
10761098
4719048195
1596616268
140235145236
1258613686
100218103220
41997201
3415536157
144162148163
143212146214
1616316465
1117413177
130201133202
3317137172
1845218655
1219312395
17801831
39284230
188202190204
1711019113
4094211
105232106235
161142164144
193171194174
124124126126
1245712759
1731217515
41124314
181229184230
116134121135
49365139
55505852
9641266
46965097
7314284142
6816670169
5311554118
4619949200
84518753
97196100197
68157117
155187
7217275173
7116273164
119152121154
1247312874
59766178
101234104236
2614228144
20582261
1056310865
157186158189
1082711228
193199198200
6924672248
164238167239
94249726
552593
570621
4010251102
73547557
4123644238
131125134127
98136102137
1645116753
1324718248
2215525156
1667216974
7516579166
174222177224
191175194177
35323636
1813419139
157176167176
124207126209
168242171244
31466148
41516153
165187166191
156180158182
10721103
1569715998
128142130145
105104106108
2811129116
6719370195
153206156208
7517777180
30193321
1547415776
4118443187
126238129240
3322038221
7810881110
9116993171
35903693
155230158232
1021813220
4319746198
6719972200
2820631207
8418187183
24442745
49595261
110183113185
43294830
15941896
196137199138
141162143164
123229126231
9941495
8911491117
51777180
83158616
015317
129215130220
188107190110
125118127121
1586316065
73587759
100124103125
44444845
812012121
489851100
1902419525
171154173157
177145179147
01091114
1893819141
31723277
179197183198
1504615348
114221118222
191164193166
169103172105
7919880203
97959898
880921
98172101174
6411366116
1378614088
1763017931
161247164249
121130123133
3718040182
4911353114
1644816750
2122124223
1323416236
1943719739
5410456106
6517568177
469573
1621016314
1372714128
091592
102181105183
141232143234
3519538197
6917971182
150239152241
166103168105
180209182211
170112172115
1722317425
6216763171
53835585
197120199122
94199720
8581060
4718450186
56405842
1020415205
122210130210
1664217143
1025210454
30953496
5219357194
113120115122
5213955141
157141158144
61416542
3211134114
9931006
99279934
2121522219
8219785199
164122167123
196232199234
196118199119
815611157
163218167219
116141118143
19962298
126108129110
62298232
159131162133
1411514417
174121177123
3511337116
65466749
209923101
134209136211
4322246224
1887919082
3412637127
1327013472
210261
192227195229
21695171
4314048141
17792081
83348536
43174619
1312415126
1921520219
1884218947
1127211475
6219865200
64256727
159230162231
6313568136
72397342
102213107214
106120110121
13662466
18321855
914214143
3911840121
179103186103
48225124
38684071
105122107124
1307713280
9721799220
8313885141
116165121166
2918332184
5715159154
79938494
65756976
103137107138
4920454205
1427314475
23552557
8622689228
149138151141
51018102
13201371
2013823140
154165157167
3020032202
1366713969
1817421176
102215104217
1795118253
71737475
1851718819
9211594118
8916092162
82388440
0217
176133179135
1335013552
1464014842
189238191241
4415647158
1303013332
730781
89409341
01723174
173107176109
7213875140
37313934
95739775
138227141228
120160123161
33833684
4910759107
6118664188
52365439
1344413646
170199175200
1492915231
1920721210
1165011755
1928619489
7716778171
24292930
65286830
434735
1443814839
138194141196
92449546
147205148210
18171849
5216154164
6210763110
1383314135
10271428
108147111149
17231754
111228113230
94809881
172140174142
191180194182
3913742139
1816522166
102189105191
6321666217
136203138205
1168911892
6511351
106173109175
81113
87838888
24262628
5019952201
76277929
5613559137
51686168
5424557247
190146192148
187174190176
3116034162
02392241
1977019973
14001423
137113139115
10531157
2419629197
1641816720
1955819860
8521388215
1891519217
135163140164
183171186173
1877019072
137217140219
103174105177
1768218083
104203107205
8012183123
122142124144
14799150101
1024710549
6314565147
151160154162
4915151153
1757217973
6286510
70567259
149127152129
49315233
151120155121
6022962232
983510137
313345
4418346185
1523715539
2921433215
68257326
148220151222
3120334205
31683470
7811881120
840871
128233130235
4111842123
1889819399
4422646229
6922371225
1224912750
198173199178
129203131205
193212195215
4924551247
3921942221
1014811152
2821732218
82429246
1451214715
4821250214
2618228184
190230193232
1365713860
198112199117
27252928
178214181216
1163311836
157211158215
122102125103
9114195142
59366238
69277229
89879288
2312926131
13791681
11331165
1915519357
4518946193
4114943152
5121954221
17352037
1524915352
149163152165
1839218497
5219557196
149196154197
61736475
47135613
30973598
0031
6014161144
113153118154
169116170119
104134107136
1682617028
9321294215
6517968181
78908192
1689517197
114194117196
1702217125
1132611430
7416379164
3911542117
1273313035
196130198133
12521455
1697517276
4516048162
39574160
160218162221
133188137189
2220625208
1905119154
163206167207
4424046242
174111177113
722310224
85968798
102228104230
3923342235
2021122214
8016583167
982410126
41694471
4114746148
196235198238
1201912320
1558515886
94169618
057558
76437845
108161113162
1605616159
1392114124
18401891
1448414785
1805418356
5918060183
1299613198
82468548
1810420107
110145114146
117124120125
146235150236
5313655138
3822241224
140113141118
104163107164
140126143128
1018712190
4814451146
58536155
1888319086
123171126173
157130168130
119219121221
38524154
2621333213
154184156187
1511815320
1659516797
1149511697
6322865231
193147196149
5921462216
2716330165
1595316255
119102121105
145199147201
4823055230
48575258
165118168119
6823971241
169917111
136245138247
93489849
197156199158
37124013
6416867169
5620259204
1612616328
183101186102
143184146186
8999310
57835886
63966698
1179611998
170150172152
1973319936
20122314
56635865
113197122197
8614090141
8815791159
16841986
52338234
1196812171
2914031143
162181165182
11382238
1448614787
28683070
1123111533
14441646
109201111203
8921492216
16861718
1678816892
948989
4120245203
31393342
9019395194
116121118123
178129181131
4668
1962819929
01854186
1410316106
3218535186
1915724158
99104102106
117231119233
94619763
4216345165
52175419
8612994129
102119105121
7761576
8421786220
170222173224
2820330205
145190148191
3516144161
1294613148
1477715278
1846718769
138188139193
3421438215
78598061
8524390244
1418617187
10771877
150130153132
174128177130
1005510357
9524498246
187229189231
6018463185
157218159220
21554158
105156107159
171122173125
1045610758
1744217943
4716550167
1059210794
196181199183
100248105249
8120083203
2616628169
1410916112
1886219962
4311445117
8412087122
136168139170
118248123249
182129185131
1004410246
79448147
2412135121
7161018
52675967
4419446196
178199181201
173118176120
10291132
16097162100
602617
1128411486
188249199249
3611737121
152133154135
3614938151
129152134153
123202126204
999610198
1698417285
2320225205
1048610589
165241167243
137185140187
140105143106
55365837
99187104188
256307
49505152
655758
1572016021
1723017532
1481610
23602861
39434344
8316186163
187237188240
1452514926
80218126
1654016941
40324235
8431045
170204174205
175197178198
1765617958
1486915071
1025010551
191194196195
5520956214
4913851141
012314
88899191
114191117193
8515588156
3423435239
1773517839
7222475225
1922119523
13851587
4110545106
132182134185
130238131243
113198122198
30603362
1233212437
25652768
153146160146
1197512277
85198624
1284913051
110139112141
120180123182
108193110196
6322666227
163203166205
6122263224
2618528188
1887519077
16741715
820613207
4617648178
137209139212
1803018134
63226624
4110046101
70637564
437459
88249027
190184192186
61647167
1725617557
1658216884
2413627138
5412357125
9422299223
1723419236
2314125144
1268313783
161147165148
1422214523
189217192218
100177102180
135193137196
139201141204
6913971141
4418646188
2613928141
3817041172
195239198241
196222199224
137233139236
1652116724
5314554149
130171135172
7618178184
79488150
12811313
28163018
197208199211
162183164186
161167163169
279930101
1506615367
667699
156119159120
194165195168
1422614428
14371469
98191101193
8717090171
173167176169
1015313155
1324713549
170197174198
177165180167
1128711589
62336435
5418358184
184179186182
189219192221
8618788189
168206171207
15542055
116107119109
1267712979
33293631
618313183
140129143131
4814750150
21493153
023524
21262328
4317445177
167202169205
130206133207
7220576206
8812090123
5813861140
97899894
414915
4313752137
14498146100
9618298185
5313255135
163220168221
68847086
1558316084
65346737
1313313335
5522158222
059261
4110346104
336737
72497551
103102108103
1417215177
30233226
1301613517
109112110117
1049010991
7619778200
7911582117
9616999170
9521097212
6520368205
7612377128
184112187113
88679368
7023073231
110187112190
221722
9313394137
141161148161
1418116184
1695417157
140190141193
106143108146
189189191191
183110187111
21622962
169128172130
157246160248
19561988
1641316715
5511657118
8511688118
144202147203
43354537
5224553249
1761317718
3914142143
1656816771
6020165202
102244103247
4020443205
156126158129
1288713189
18841916
102147105148
42934496
6821471216
1423816241
1221312415
158240160242
482505
1924622248
114109115113
8823490237
196126199128
1125511557
99161104162
76307932
1422915233
1441814720
46844986
147106150108
15252625
43264628
9315997160
10701101
181155184157
101239103241
5914562146
173158176160
8119283194
1497415276
1687017171
105128107130
13221363
1748717789
986810170
2912931132
2315923168
140197143199
136111141112
143109152109
01491154
6614568147
148239149242
1922422226
7217774180
130101131106
1916319465
140212142215
1807118273
01412144
140206142208
692715
178126181128
1612418127
192127195129
143215146216
120230122233
1611519117
1481315015
131215132220
3817741179
3414237144
194190199191
50835285
1194312145
1144311745
127126130127
21317132
147150149152
16752176
115144118146
28563059
5919161194
118131120133
192225197226
1917719380
