1782
192171195173
1476414966
6010262105
130213132215
170135173137
4719251193
47225123
1413314336
11651467
138111141113
7514277145
5114353145
114136116139
1771717822
7610279104
101234104236
116171118173
64346736
193223195225
2520028202
8671070
7323676238
137223142224
6321365215
1041510716
140116144117
132167134170
5620359204
187189191190
133195136196
97152102153
1119111592
162202165204
1153411836
2517030171
175205177207
182103185104
108194113195
156146160147
5914162143
128158132159
60226324
17631785
57746874
70547256
5822463225
1144611748
58716173
1886819071
194233195238
1621217312
9421443
5410156104
2512228124
138248148248
38834185
5922962231
1885719159
1777518077
168122173123
170195171200
1733117533
187172188177
01283130
1461814920
6315365155
8718488187
910112102
130120133122
4822351225
153115156117
6624069242
127109130111
1442614728
120157122159
19782279
7610978111
168173170176
186242191243
1806618269
8711590117
4320445206
191125194127
4920350206
186213189215
105185110186
3915541157
1562416125
6311966120
9111093113
9519998201
01133115
1797218274
9313595138
16621963
89829184
1927219574
127218130220
1873319035
126138128141
1021812220
124712610
1616018163
82898591
7712680127
58196120
1018711191
8017880185
77517954
9316696168
5310554108
177133179136
6424667248
5324055243
148241151243
1477914982
1333513637
5620559207
122209125211
4917652177
1126211763
194188196190
1501515516
190212192215
20262228
9291131
172188175190
9519598197
1565616356
9371139
166223169225
4719649198
188195190197
1617319175
135163138165
43614564
4416549166
1932419825
21094112
113244115247
145128146131
127166130167
9423698237
94142105142
153180156182
2810031101
1920722209
131208133211
7116074161
037141
1555715859
1563915941
156156157159
97204100206
1319313495
6613168134
6523370234
1686417166
196223199225
1356113863
1663616938
2613828140
188153191155
1395614158
68987399
8221283217
8114282145
161816310
8720990211
1395914360
154244157246
186180188183
6821570217
43224623
1817718380
8319085193
104112107114
713912140
34383641
63856489
1824823249
2110224104
119155123156
101217106218
6320965212
180242185243
1806319163
123229126231
1579615998
109235111237
7617378175
86248827
185122187124
71787579
4812450126
32436244
57425944
6118764189
54195522
5016752169
4615447159
176171179172
1135911661
152146155147
4594811
8618989190
8721590217
1803018331
999210195
15381840
158168163169
6515667158
8517788179
166243169244
8617089171
158216160218
27612964
84508752
43774778
13741397
162220166221
141119143121
18112312
468770
152125154127
5710159104
1658516887
1506215264
359838100
1877218975
46795180
162218167219
116168119170
10798109101
1763717939
63906493
6119363195
1171011718
79118213
073375
83468648
8417286175
1483615038
98242101243
270302
6319765200
136118139119
131186134187
151140154142
180147182150
7812880131
28533154
242445
5218455185
1442914631
6412167123
994210047
762784
96279830
5510559106
59866288
139127140130
1522115522
152166154169
2222923232
163126166128
172115176116
72439246
168238171240
1401514516
134240137242
1698217185
54755777
6922772229
8889110
183138186140
160106163108
2610529107
11521203
130106133108
1138311685
326627
7524778249
183246186247
2719328197
15551758
88919093
151143154144
114205117207
6514869149
1658116883
92114
3383510
154199156202
92809582
104125109126
1065410955
77957998
7723887238
150220153222
1216015162
313335
135137138139
427449
1005010252
105135107138
3413536137
5922662228
198117199122
137212140214
98679970
1803518337
40384539
419742101
9219494196
123102124106
196170199172
50625364
73757577
105148107151
6113762140
2216325165
2410828109
1018910491
195131198133
1328813689
6020663208
6913072132
68847584
5017953181
5221955221
47895091
123240126242
5123353236
151102152105
166165168167
1031310714
6518068181
19852187
3312638127
156203157207
87208923
2618828190
152234163234
21355137
1365313856
99126103127
14199146100
158155160158
14061428
9511697118
53815882
2212824131
4612748129
1096411266
90569159
43584660
1102411226
179191181194
9524498246
100124103125
939997100
194104197106
194152197154
154121155124
34113514
1811020112
17951808
69577159
1411214414
157195158200
4018943191
66686970
1641716619
15299155101
1537515876
1103111333
1705517356
71347436
102115112115
1523816241
1645116556
123149127150
72177618
1911719319
1565416055
140172142174
3413837140
54585759
1624916750
171185173187
151151153153
1095711259
175138179139
9016892170
6413765141
1488315185
1087911181
51018102
1518118183
1731317615
7321875221
193216198217
9931295
119197120200
40534256
6217163176
99201101203
191202194203
70397341
179123181125
150160153161
1276313264
1255512857
169165170168
1463214835
1425614557
117188121189
447948
3517538177
1788118183
1712717429
1775618058
5613165131
654956
50765378
6812171123
77737975
10399106101
72597362
44154716
1437814680
11751280
1689417196
119122122124
1014510249
134206136208
189176192177
1658916891
64626763
5722658231
186149188152
194239196241
3722540227
157174160176
44654966
93599561
172232175234
1752517728
12901312
1234112643
18342136
5219155193
1225212952
9215495156
128202131204
2622629227
3518838190
186195187198
127124130126
4721449216
5218256183
1129812298
1418417185
147120150122
144176147178
13499136101
1549315596
47724875
1268012981
5316257163
110192113193
3416137163
1402914330
195167198169
91879489
12599128101
1644416746
1922119523
254556
1717620178
9012992131
1517115373
105174108176
2110723110
103166106168
1533515438
68487150
63596660
155210156214
52945497
138170139174
1114711350
80958397
107221109223
112208115209
16831724
1710120103
83828883
1949019792
98173100176
5818760189
1611816321
4423847240
8115486155
8712190123
6012363125
1217312278
3615137154
105127107130
43744676
1666216963
463666
108137110140
77798081
186240191241
186102188105
2314224145
126182128185
1707917381
7123374235
177918011
110100113101
143215146216
34653866
1525415357
29243226
4517448176
4319746198
2211123116
52307233
1665516957
192122194124
1722120223
182171191171
190132191135
193204195206
1519117193
161130163132
3412837129
110145113147
20692272
1001810221
259727100
10531354
2918831190
104209106211
2013822140
10031034
7519980200
128147129150
155224157227
21292431
100232103233
9619298194
8215687157
1310016102
1604016342
186205186212
1513217135
221523
1025810559
35423844
142162143165
143137148138
142105145107
1113614138
8810291104
1057810780
146107148110
3520037203
1614316346
43874888
820210204
1244712749
1084511346
1672216924
167155168158
1331113513
3414938150
7623379235
3117634178
4622051221
966110062
8322985231
1423619237
119113123114
4718248186
7311676118
98135100138
1271412916
137207139209
4215645157
139245142247
24482552
4418946191
185115189116
5423156233
88799081
1925719758
1319713997
73807682
125145128146
172199174201
6312665129
1078611088
99238102239
123233126235
5222354225
172194
20732276
696719
68516955
1474115242
78268029
25222824
15111713
5023053232
2015025151
2918432185
120131123133
99170102172
193145196147
3615840159
173240174244
012314
186222191223
7114274144
1864219442
2319824202
59896291
45304931
1799518297
3924442246
19751998
107145109147
8424187243
94109712
5411757118
61159117
1672717028
62666568
123123126125
8613689138
5919662197
32883590
1853318637
67446947
1921319714
144103147104
65496751
3112132124
139106141108
139166143167
9219097191
159245164246
5615058152
8621288214
1667017071
92849586
124108126110
11101151
132246137247
161237162241
160118161121
83678669
50695370
152247155249
190205192208
6815470156
2913930143
8919992200
5317655178
9521297215
822711229
1642016623
8313585138
2912532127
2023922242
127913010
67797080
1094711050
413914
175152176157
3121833220
115164118166
9210394106
18431946
23772580
1224412546
65966798
1431814520
330532
1824321245
22362737
3820342204
9217494176
188120190122
41774282
1593116233
34583661
2618528187
196176199178
7818681188
163239165241
140187143189
1135611558
62756576
81268328
7121373216
01664167
3619539197
57316033
891913
4918251185
1312313624
1913819440
138199140202
8019082193
17292031
386418
171173174174
1123711638
79898191
153240158241
3811940121
182124184127
8622987232
184200186202
7620678209
154151159152
157180159183
165226167228
1621316416
133125134128
77648066
1011512117
142197144199
154203155207
1925319754
138176141178
1771218014
1317013471
8751077
1048610688
5714468144
10261328
145227148228
196218198220
1202512326
15191721
3917842180
1237512677
183215185217
161157162160
345367
1867918882
126153128155
158170160173
5423456237
8912592127
2913631138
1516916172
162242165244
1811421116
16799170100
126118130119
2422126223
175199178200
141201150201
1420318204
49415045
17662267
1521118212
96589960
191102193104
195200198202
21514154
1354313746
23722773
2412527127
237538
870960
1320918210
39314134
181213185214
5721259215
5723460236
119195124196
9013592138
1046710669
172159175160
5219455196
5923962241
11604162
7524178243
148239152240
5616859170
3722240224
28953197
153177155179
156230158233
125130127132
159211162213
2912130124
146202148205
1898119282
173817610
96899891
8321886219
54605762
145140148141
5812163122
1384214044
114221119222
159103162105
7419479195
192219195221
676780
1066011161
1304313444
5515456159
165190167193
155208158209
119184121187
7812283123
1023410536
4714250144
98143101145
712110123
1320516206
119126122128
33213426
6422266224
183141185143
125178127181
10551086
1119311395
1704917251
2715630157
54705772
160110162112
1231312615
25742776
1548515986
6920771210
174196177198
27383039
115126118127
9621899220
14331464
1438614887
141212144214
77998499
1157611878
26933094
97163100164
156137157141
6520768208
1445914760
106224109225
2717830180
149137152139
14441745
712410126
5221156212
177218180220
1487115073
136225138227
9217793180
22862588
1123914241
1582016022
1378814090
8518486187
6717470176
16131635
164175167177
26653066
20412343
3423838239
4014143143
42404542
9320296204
1324715249
79558059
1798718289
99196101198
109200110204
138242141244
1885219153
169117172118
111141113144
89319233
180135183137
106244108246
87879089
125148
2512826133
1361013813
57296829
3819840200
49910
39664268
4311648117
154159155163
172112174114
2012223124
1497415276
51568158
9323498235
8815391154
5414058141
2620529207
1925619956
34623764
106191109193
986310066
113175115177
15411942
1387014073
155130157132
32503551
42334435
146187149189
77858286
11574159
61516354
95249826
159142161144
3414137143
126221127224
1823218434
1962119923
1238412487
142143145145
96719973
7915082152
1372214024
170143172146
1158811890
68236927
185112187114
1821826218
173144175146
140122143124
113711410
1005410356
21325134
35183820
99111101114
132129135130
6923072232
6519068192
6989100
65196722
34153617
112119117120
168191169196
147214149216
184153187155
4011442117
9510697109
37474049
1963419936
1217714180
3824949249
131101133104
176103178105
14141616
10621094
42694471
2820831210
128175129180
8310088101
7913282134
134120136122
3010633108
196244199246
139135142137
8022882230
7110374105
8623388235
131217134219
176146179147
1037310476
7821281214
170161174162
190157192160
190162193164
119101122103
9121294213
8022684227
91659467
169101170104
59396240
51735375
7220673210
3410935112
34713972
7513678138
70857288
177156182157
764966
135172137174
1571516017
51497152
1659316796
583786
1921021213
9320995211
4614549147
1295613158
1143211933
125142128144
1369413996
1067010971
9122494226
085188
104120109121
115159119160
135203140204
84288729
10098102101
18492051
156247158249
7477510
20562358
1941819620
105234108236
62696570
1521517218
190198191201
1305213254
99128104129
127216130217
1072211223
6621367217
1094011242
7615380154
7617879180
4021945220
128102130105
191184194186
141101143103
9318195184
1844518647
117152124152
138231143232
26902892
31425145
159247161249
7312676128
61156417
1246612768
164171167172
74397741
7011872120
4817049173
1178312085
152162153165
6322866230
3820542206
41574260
169188171190
178224181226
116174119175
1757117873
1895419156
50815284
1548115783
1722420226
185228186232
123243128244
103244105246
4122243225
164137165141
114189116191
6218266183
047348
57925995
61126314
86408843
148229151231
1042210625
145166148168
32913493
61889189
1027010572
151193153195
140207143209
23262528
1439514597
4010643108
175194178195
97207100209
4911553116
13211353
1513915540
183162185165
13611393
6917872180
167221170222
8781080
291493
725928
215417
74317733
6386
8023182233
143132146134
6415067151
3014735148
515718
149115150119
8320986211
103181106183
1746117763
4724650248
1805918262
129153132155
101207103210
1019214193
37874089
1683917240
191165194167
6523168232
147190148195
92579558
4616049162
4320948210
116218119220
72637565
6911672117
13621564
110196112199
148196150199
192130194133
140194142196
192198197199
640842
149244150248
519854100
3224434246
138240143241
100191105192
103226105228
4319946200
147111149113
120107123109
6211364116
152167
1198612287
1128811490
1511417117
8114684148
61418144
5917961182
192187193191
24442945
1202912330
1813021131
168217173218
99146104147
56865889
5912662127
1615216355
117227120229
1466214963
143236148237
4910851111
148177152178
3115335154
133181135184
40614263
592893
12771318
3319138192
35793881
177111188111
4214944152
4016641169
107205110207
9622899229
52277229
4414146144
1525215653
1078211084
76767878
159242161244
27283030
1696717268
74967699
1258412985
193180198181
133147135150
122118125120
138197141198
1962919832
106131110132
1420718208
113197118198
1409514298
188158189163
32943596
62079208
161178164180
195226198228
473775
81798481
282484
149217152219
6722469226
817410176
3917442176
6518768189
7920283203
1564816049
2519130192
1636716570
106194107198
196231199233
53405443
107208108211
5723261233
195196199197
1109611199
1165111853
6323765240
5317156173
64116613
4210947110
68817083
4357
1616416466
418114181
4913851141
7324476246
69107212
2221024213
173141176143
20442345
67116816
111131114133
559858100
0217
15501582
20592360
183237185240
2523327236
1209312395
171147173149
2919331196
609962101
6924472246
1339013592
55656365
2918131183
88289129
158139161141
32456247
4311345115
117105119107
1434714649
1162511927
21214124
158130160132
79928294
7811781119
3421535220
95549756
8861088
173175176176
2318325185
166143169144
134209136211
1443214535
51925493
50665368
166116168118
87629064
1917019571
96799981
159196162198
4620648208
75287730
180231183233
5917361176
3923341236
187245189247
3113933142
7571059
823111233
1142211724
154196156198
1071911120
153210154213
1077211074
1913119433
740781
12304232
1316013462
104122109123
3217934181
121217124219
87659067
5719260194
1381613919
156177159179
1643316735
15831605
3523438235
118232122233
1462314825
20822284
6417168172
1409114294
194120197121
26842887
850864
41184320
1333113633
90509351
2921134212
191232193235
102193105195
1471314916
98115101117
129181132182
123237126239
145233148235
1132511528
140215142218
32398240
28753376
72179219
196236199238
187106190107
120137122140
59816183
159192162194
6013361136
1018310485
65316833
11141136
164121167123
1651416816
144161144169
185818710
02284229
7720178205
163208166210
7713979141
174185176187
1023613238
191228194230
1714718152
3424036243
3319335196
109812100
1501815320
5114654148
992410226
56505952
32473449
119234122235
6623569237
154193156195
1939619698
6710370104
560582
173212175214
3124033243
173126175128
67406943
149192150195
106104109106
2416626169
171221175222
067270
239541
811213113
54646364
1333813441
57176018
109244112245
1927719479
186141187146
1063510838
18631895
2623829240
1552715630
1312113522
1181412116
08108
81558457
115132117135
116121118123
59686170
1133911542
1874319144
5715860159
5124653248
181203184205
2217427175
87568958
180132183134
109141110144
1691617417
7416377164
6417366175
1782518326
188209196209
7718179184
176144180145
2320325206
61346336
1508015382
120178122180
14891691
1417514280
184120187121
174223177224
1023110533
155166157169
8721990221
1531215614
1442114822
139180142182
190226194227
1410519106
3220234204
114148116151
194158199159
43524654
7312975131
6824773248
5512857130
1039610698
154118156120
136106138108
37213924
1913519437
104237108238
47814984
69747077
7212277123
1252812829
1876519067
1393114332
1238112583
1044310745
2920231204
41255130
169105171108
23702771
1572815930
5315754161
1112312128
3618641187
78308033
135187139188
158126159129
2417826180
15322033
1822721229
69287230
01803182
68627163
117111118116
1724117443
20612263
1265312954
1059110793
144218147220
122226125228
120143
1477715278
118134121136
127237128240
156221158223
1627816579
185129186134
7116574166
1479114993
1128011482
12381441
02343236
7911183112
1307813182
95117
1106911370
46414844
5811760120
7322876230
1666716869
4117042173
1769217895
1724019242
1377814080
10501101
31466148
33823584
1237112474
114141117143
116178119180
85158817
139225140228
1874519047
1274113042
1755317855
3820143202
94689572
42346236
176117181118
8512688127
1089311095
6024265243
1575216053
3517837181
51445445
112225115227
8914392145
6918874189
65856690
14221625
1474915250
196173199175
67886990
7722280223
1810720109
1954719749
121168124170
1821520217
102102107103
5021554216
1481715617
01633165
8410587107
1131611519
100222105223
1414214444
97179919
173165176166
71747277
46855086
8813291134
7715780159
1706117363
39754276
9810399106
3524538247
132201137202
4111843121
113178115181
69137017
1816421166
11799120100
1183912340
104155106158
20212223
53515553
17331755
37574059
124191125194
173150174154
166241169242
181128184130
9414997151
5016352166
18182020
173102175105
8924691249
121197124199
173109176111
1093411137
1764817752
1164111943
5816060163
1957619878
1355713859
1671816921
1029210495
111204113207
80448246
178101185101
153148156150
5712359125
1697617277
1016210663
111200112203
6620369204
168228171230
1932619528
28153116
7920481206
72667568
143238147239
176233179235
6514574145
31755178
127209130211
32123316
6223264235
2817231174
94379738
9112096121
1327213573
240263
116246118249
115108116111
145197147200
133214136216
17221925
172204174207
197148199150
1023810540
192174195175
2817530177
176191178193
119111123112
1369113993
157236160238
154170157171
8915892160
35774078
4621749219
16461751
4717949181
1732217624
51657168
1916024161
7517680177
4310046102
179213180217
2122323226
59846285
7615580156
170150172152
1447114773
179922100
162184164187
3721739220
51895491
1565016151
1714617647
2618128184
2117723180
1610717111
9417999180
30203223
1421915222
129134131136
1754017643
160182167182
171138174140
1508815191
172106174108
17931834
1672517026
202233
5212754130
14031425
619921
1122011521
135167138169
1478814990
5811265112
01511155
8520487206
1225012651
8117784179
8810591107
23652568
3322436226
169112171115
1317415176
612910130
2811631117
177236179238
1746917970
178126180129
138141140143
6912472126
46124814
1475114854
17781882
3615538157
8117483176
150212152215
125104127107
26252827
1311414118
3523638237
106177108179
815213153
110113114114
915947
102178105180
39104411
36343837
590612
144187145191
551853
101148104150
4317845181
3923742239
148169151170
120247123249
152203153207
137210142211
1606716269
5522357225
1793218134
4121343215
6220165203
195126197129
1536416064
129183132185
111135113138
7117674177
180237182240
157118159120
183149185152
154164159165
120241122244
23902593
2713129133
121181124183
1417214374
1277013072
1815318455
9613597140
1614716648
9324297243
81368637
181144183146
85548659
1472915031
35213625
1035010552
68347037
4722649229
914612148
83208622
187117189119
1506515366
1016512168
7320476205
71828186
26312933
43124514
56835885
1992419933
38694170
4316346164
1292813229
3710339106
8424888249
175149177151
7811380116
39434245
110148111152
4114544147
187202187212
151244153246
5812862129
918210186
131220142220
1564215944
96849887
1334813551
076179
120222123224
183244186245
58576059
1708617388
14211452
166106168109
118206123207
1523318235
17361767
