1727
1905019451
19061938
7416375166
141162144163
58376238
1156712267
1658516887
170187173188
612617126
125139127141
9020191206
21685170
337369
1531715618
1611619118
185126186131
121197124199
7122174222
920952
1284013341
1529715599
180162183164
149137152139
1616916670
172206174209
199819915
065566
1146211863
156187159188
18502053
331533
1292713130
1852818631
08111
1910120105
60336335
117239120241
4010043102
21932298
179173181175
813844
6020063202
192239195241
8610291103
120217122220
103133106135
9213595137
1464514847
36573859
7197311
127156131157
3117134173
1602716329
146152148154
114164116167
1164211652
122178125180
61289130
1177011973
1781118312
1403414336
192102194104
187152192153
3414038141
72447446
8621891219
3515439155
158109160111
188122191123
118139121141
1128211485
39284131
4421549216
105227108228
57566057
136107139109
166190169192
105229107232
187128190129
165123167125
2915530159
01532155
169234174235
1885619058
85248825
159124164125
3322335226
8914392145
1918922191
1467714979
4912551127
2710030101
1802318325
1768117983
119192122194
163217166219
170173173174
1298713289
7921281215
17762078
135149138151
1808118283
79678169
6720870210
1316113364
1361913921
163226165228
7816880170
8518189182
73877689
4512747130
1497415276
6518868190
180116182118
17472049
175102176107
44464847
911212114
140154145155
4911352115
1418514686
1014410446
88779080
3023331237
7810080103
70477250
190137194138
3213735139
5217055172
97196102197
1614416446
182183185185
124235125238
2192311
63456450
7317674180
34453648
171139174141
1254913449
4115542159
139224141226
165203167205
7312575127
1439414597
1524618247
184122187123
1047410677
59747074
152102154105
194247197249
8015883159
176163179164
104130107132
9013893140
5318455186
8110086101
179210182212
1548915692
8819891200
41337135
1732317624
36643867
825857
39154019
198159199164
35243727
181129184130
140108141113
1945319754
1401414515
4213545137
191194192197
128217130220
4612249124
6422468225
108229112230
186202191203
1727917384
1893019132
02043206
1514317146
174189175194
1621618219
135192138194
5319554198
1632516726
163193165195
4720949212
103181106183
146107148109
49445245
1564115844
1855318755
1579315896
1106111362
193237198238
1522018221
92589560
1837318874
54615962
158135160137
151220154222
73797582
17371939
154244159245
7123474236
99135101138
48905092
1219014193
93649865
111188114189
25883288
82868489
48965198
175178180179
67657067
110100113101
1651616817
5212855130
154176156178
76747976
3524240243
100100102103
89879289
5410956112
1863518838
3623640237
95619863
166141168144
971710019
153128157129
1022910531
1775017952
540572
188116189119
91229424
7717278175
61216324
101209104210
1682617028
8516388165
113168116169
1367713879
189142191144
1462314728
119197120200
61859186
178165180167
3321636218
1277413076
1949619798
4194510
612716127
1465414956
5524456247
1621616418
1915124152
9611898121
93199621
8314386145
1206912370
26263027
191198193201
63756677
2314626148
3118733190
992410226
4417946182
61546456
1215712360
1904719448
35123814
6612168123
1017911183
89819184
182191184193
8751176
7420675211
83928694
185487
142106142114
185211190212
21985199
172817510
5210255104
154228156230
7023973241
1346013663
9118994190
1111611418
3616338166
157230159233
8520887210
249926102
151205156206
61106411
42624564
37543956
1651317313
150157152159
1354913851
4321845221
153246156248
6216364166
9222495226
1102211126
1209412395
9324397244
1233112633
12601463
1469314994
1216415166
3321336215
1193012231
1125311754
180196182199
1121114212
1157911684
2922732228
10121044
5712259124
2612029122
102136103141
629965101
1362513730
141241145242
092593
812011122
126216127221
185227188229
182170184173
115206116210
169131171134
101158104159
106159109161
175112176117
39114114
127167129170
31616163
62207224
7110274104
43324634
97219100221
184238186241
31566158
139135150135
5712959131
7714479146
61968199
173215175217
139196142198
1773718039
3013731142
1093111332
6518066185
15601762
1915619557
189228190231
9422096223
9220095202
17301933
118247120249
55825884
7014073141
8524889249
1604716349
18652167
1305113452
1110914111
151187153190
83908891
146233149234
127209132210
1162511926
1157011673
823213233
159203162205
75397841
61879188
7213674139
148129152130
1085711059
133102137103
9215195153
2314225145
126213129215
1909419396
84578759
137139139141
35283830
1027110573
152108155110
1649616997
6724370245
1215313158
1697917181
1438014682
169100172102
55895891
172230176231
59756276
1666116963
5517458176
18751897
119130122132
3668
559649
1893319135
71657367
152142155144
1328413685
9612999131
85498752
1522215424
191177196178
3613841139
634836
3421938220
1595716159
1087711080
1431814520
123130125132
41424444
52337235
22612563
66266928
3719641197
9521098212
2424627248
162239163242
117163120165
3114734149
171114174116
109141110144
1510518106
1801318315
33793581
198225199228
1623718240
41454347
170148173149
781010
41006102
7719080192
2918032182
163187165190
6119866199
2220624209
2724129244
82228424
1359313994
97216100218
1912921131
154195155198
1414814549
169143172145
177112179115
3119134193
5823361234
625827
120155123157
1415616158
194195199196
1178612287
4915752159
77607962
172155175157
8118782191
2718332184
3615638158
39624164
130206132208
172126176127
157157160159
18421874
100248104249
178246180249
1256312765
189102191105
5215054152
2614429145
091891
72167419
6022062223
1716817470
10551456
1618818190
113229116231
1417014372
3210735109
112119115120
3624439246
19101942
106201108203
78358037
3520936212
149915211
61138116
1902419525
120135124136
1906419565
717010172
175208177211
2015525156
1265112953
33823584
62586461
312327
128202132203
13371639
3914642147
75427645
4718749190
1277813080
1376014161
97239828
109178114179
1551015812
7513478135
8512587128
125244127247
171177174179
58635967
167247170249
1606716568
179190181193
121106123109
14121713
3711339116
48125213
4614649148
4123745238
127179129181
1461114813
170111174112
6215764160
12171519
4723949242
7411576117
96919993
2821731219
1316015163
169241170246
4219645198
1673116835
7321976220
6311165113
130145133147
5323956241
145167149168
112153117154
180200183202
02222224
3615139153
8014282145
3618739189
1307013371
16861709
5621059212
183178184182
7814781149
129134132135
109136114137
6221266213
3710742108
139176142178
1417614280
109210112212
9219595197
147104149106
66716973
7410577107
164239166242
510412104
1921422216
121164123167
7221777218
2217227173
170229171233
141208144210
161166163168
129106131109
4015044151
1237812680
137179147179
22652766
4622953229
7419276195
21934195
111198114200
1521117213
6124264243
161229164231
64966798
1418714194
1664417145
7401041
26282831
1310216104
4417047172
9417096173
1757517777
820213203
102116104119
1677317074
29313233
101217106218
319733100
4324648247
144149146151
188159190162
9514897150
9218494187
4314445147
133200136202
2023424235
2715129154
6713469137
55315734
130111133113
1244012742
7424277244
3721339216
363664
1231112415
54195721
5716260164
59916193
6821671218
44494751
157248162249
4124144243
33323733
123218125221
165129166134
76828183
8517888180
1663616938
1794618248
1261012912
2512728129
1375413956
106224109225
7612579126
26892892
9616298165
2719429197
62458248
11951496
8721290214
53136013
1706217265
019123
126227129229
1382614029
170211173213
120170123171
65596861
40534256
9716799170
6011162114
31453347
99145102147
7815480156
8915191153
1637717177
181223183225
1117811380
41895192
6311667117
1708517387
42294531
1637516776
13831434
15699159100
132217133220
01265127
848889
5024753249
9215694159
8420087202
143100146101
6314166143
4622049221
17252525
135152138154
3820541207
41674271
156195159197
104212107214
100245105246
72247526
8121885219
4021442217
123200124204
5811863119
112184115185
1461814821
1767117972
1406514268
104125107127
115141117143
222523
9016491169
1615919160
1945919662
192122194125
01794180
161157164159
19621994
14931516
822210224
1846418667
109240112242
2492711
5422557227
9299412
123102125105
52575559
1782618029
169182171184
174172176174
7017972181
149192150197
134240136242
1755317756
85878889
19099193101
13251627
8513586138
420114201
105166108168
57366436
10271230
196223199224
189239191242
148124153125
6320466206
1118611487
491514
84188521
5013352135
8918691188
161169163171
102204107205
6021763219
7418177183
172214180214
140152145153
28103112
192222193225
186113188115
4322248223
9117994181
9316295164
2810531107
899791100
01774178
31143416
1324713648
187239188244
116187121188
1737117573
1169311995
74577562
1611421115
68517053
1443414736
8119284194
6612469126
52307232
104122111122
1812818330
101193103195
1920821210
1447014772
131196134198
8814488154
191206194208
184208187209
80478349
6824673247
2417427176
6012962132
122145124148
7312876129
30573259
1566515967
85148816
173180176182
1214912451
13651397
18499186101
40854387
2317727178
5315755159
1288513186
1171412016
9112693129
1198812191
1323713539
1249412697
1207112274
1732717529
157227159229
1467314876
4110944110
1718817689
1494515246
1003610338
1918121183
1413419135
163201164205
116107118110
95739875
195107199108
9111496115
1805818758
1009410296
24152816
01413143
7019871201
1256612967
147116151117
1807818380
158150161152
71617363
6114464146
1011910620
167137170139
1596016461
1323515238
821410216
2917432176
426530
147121150123
1228812491
996110163
167176168179
42114414
823911241
8517090171
5714960151
4024442247
792897
128140131141
167129172130
29283130
134246137248
127224130226
1311321113
183136185139
117166120168
39214223
157178160180
80558357
147161150163
104136107138
151161155162
1497015471
38354038
42416244
1761317914
2320028201
1337213574
130214132216
143194144198
1799118194
2512327126
3618439186
133125140125
89589161
1317713282
137241140243
1520118203
19651997
266288
166110169112
1898919291
1923519536
101206104208
165155166160
31253426
116182119184
8823491236
111155114157
197118199121
108162113163
153224155227
1404114244
106184107188
3510646106
1010012103
147157149159
1705317454
8923292233
1583116133
51485450
1711020112
7213175132
7713679139
93479848
149217152219
175136178138
38324134
174245177247
145162146165
45444845
112227117228
1053810740
7915082152
124152126154
1648216784
147184150186
105206110207
99173100176
1537215575
1688917092
1756917970
6912171123
1924219544
1252612827
2016322165
1838118682
59706173
7920180204
141191144193
168127171128
9710099102
3723241233
13501382
33423544
31247125
114161116163
194189196192
1736317665
120158122160
2916831170
72397441
1054110744
122205125207
177125179127
1478115083
176157179159
102165111165
1001310116
6523068232
433456
33573559
156164159165
6521968220
108182111184
7422579226
40825182
39454049
115123116126
715611157
153149156151
143117146118
3223633239
4321246214
170202171205
1818818490
79458346
125196127198
1094011142
51777179
1621016413
12323235
79388140
103227104231
1914924150
117223120225
0527
87948899
125199127202
4223245234
2321426216
26592861
6922371225
1076910972
12401262
65347035
2719130193
100110108110
188124191125
5212454127
29204020
66307131
17611812
119178121181
5022152223
5119652200
7922881230
152199157200
1743417736
1606516566
919612198
108185111186
6519167193
137114140116
2122522228
177116179118
8924392244
120183125184
120153123154
7913281135
62806482
37904291
1564615947
123159126160
1161011912
2121124213
6515568157
119103122105
29343136
1338813591
111131114133
131148134150
89299430
166182168185
1733717440
1669817199
812311125
99164101166
36603863
4312547126
1174211944
1157411776
111150113152
8913591137
4111942124
8913292134
1231612519
5917261175
9017293174
129138132139
162191165192
185231188233
20552456
184133187135
8616789169
177205181206
126184129186
7110573107
1348113783
23822684
3417637178
9310296104
293308
22592560
168135173136
14731488
3910342105
9219195193
116218119219
2015722160
139172144173
075178
186183188185
4518348185
061264
118231121233
8311487115
153214156216
112175115177
17151737
153915414
7287
924411247
167237168242
5217354175
179119180122
6918872189
7617879180
8213584138
1021811221
82338535
1292413226
85818883
1476514968
3117733179
136167139169
183105184109
125174128176
850881
135138136142
70127513
107113109115
181119182122
9510698107
53915494
158169160172
1409514297
9451645
147147150149
2923831240
8721590217
1468915090
1569715998
3911144112
195137199138
1277012973
8512990130
4419346195
1014712149
119204121207
1336513568
9011193113
4123046231
381413
1223914242
41924494
115189118190
193157195159
8422987230
52955796
1435514557
106171109173
1852018822
121245122249
463485
159193162194
1772217825
25402743
1333313635
96599960
1066210964
817510177
15501582
482983
8323687237
129101132103
5323456236
183219186221
6811170113
1319813898
2120226203
145192148194
1713621137
16441744
1779117894
44234725
184213186216
135229136233
1513415436
112201115203
27773079
7222975231
1555315855
1675517455
9412696128
5018252184
79888191
1951119813
4018442187
182159185161
99132102134
115144117146
51225424
88749176
144119146121
6223264235
47935095
178104182105
1279613297
4719349195
87339035
162149164152
9591161
1932719728
7723279235
5023952242
1417617178
95809685
4015242154
8313988140
162141165143
01643165
1101311215
6720672207
7810981110
124169126171
1419918200
1403714239
36434044
139147141150
2213424137
190179193181
1026910670
2817730179
12201522
8213193131
194173196176
943966
6613169133
152185157186
081383
6611971120
69577061
9681269
1064910851
145142150143
753955
1325613459
105243110244
2218326184
179123182124
1416917171
16161648
911514116
1688217184
9241226
1255013450
192919710
1291613118
183155186157
96409942
47295031
1032210524
46104911
98242101244
012115
138162140165
1819718698
916211165
919913200
11201151
024226
166227169229
18812183
1515515457
27973099
7211973124
1923919939
194197197199
196239199241
48355038
4511047112
8323487235
132221134223
45204822
46634965
118242121244
4817251173
2322926231
105208108210
589961101
2919932201
3115434156
8121686217
4918552186
1576216163
92829484
140172
62406343
8812490127
9111696117
47724974
13901431
17222024
154179156181
4616149163
1055510758
27543056
98207100209
1078611087
48845186
3722940231
8623188233
1573515938
1806318365
79308431
160118161121
158198160200
153145157146
927968
145220150221
1841218813
22902592
100128105129
144184146186
146129147134
973210034
3111234114
1920022201
1212223122
8119883201
1124111542
7615178153
177209
104239106242
9524798249
1534516045
193182195185
160181163182
55245726
197179199182
9613598138
713912140
149208152210
7616178164
56686069
115191118193
67126914
1226112562
48235026
153210155213
197125199128
109201111203
7213374135
37933896
45124714
3522936233
50415243
1605116353
102166104169
6316766169
14051437
1609616397
1436414666
126204128207
2216925171
2713332134
126110129112
36803982
537641
9517998180
137244142245
7620579207
1902119323
1434314644
4217545177
1210514108
148102151103
1874618948
109138112140
1023310535
1129411496
1962319924
7613178133
2810931111
1026110563
24192721
489951101
159916112
1817518377
2918532186
1098111183
191129193131
62916395
7018473185
5416056163
27843085
124149127151
1703617239
82638368
21174120
1215015152
192202194205
89939196
74517852
143159146161
61866388
51605362
168206171207
1725717559
109245111247
8017581180
1635416656
134120136122
1575015952
97204101205
4520648208
232255
68857187
3921842220
12791581
106245108247
9214195142
192211194213
1455814860
126148
404426
77127915
51345337
1347513976
97112101113
5815861160
180180182182
9779910
49675170
194200199201
6317766179
1666416965
1025510458
108133108144
180186187186
4320946211
126127128130
9619898201
134211136214
1833218535
28213024
110111112113
1595416256
13641567
161198164200
177180179182
761864
1682317025
160214161217
5616959171
84468648
6217566176
1077310975
49465247
9420396205
4811153112
6114766148
1125011552
132105135107
21155116
1114311345
9022093222
5614559147
77427845
175234176239
1217512477
1432614529
42116214
36873989
121222124224
19542654
105155106158
187130190132
66546956
622824
67806983
64226525
19262228
1634116742
160195162197
12921494
1026410566
1106911370
4116045161
997310176
5311857119
190170199170
8914992150
2618528187
47175417
1603816241
1379513997
1954719750
3620844208
178168180170
5723560237
3610039102
5018752189
4510848109
97829985
1821120213
169238172240
174187177188
7471048
1892719229
4613749139
7124273245
141128145129
355656
4916951171
2913534136
9621164
51197121
813110134
865887
21385140
5819660199
184124187125
161134163136
158126165126
1807018273
3011934120
7323781237
196156199158
173143176145
3019632198
7818179186
185106193106
6322064223
1927619578
38394042
1906719369
195233199234
1254512847
1436714669
141914610
120211123213
8217484176
7614077143
136172138174
74347538
24222724
5412057121
54375739
1793118233
591623
1456114863
1741917920
1412314228
680693
2510827110
1008910291
7224875249
1483415036
138246142247
58176218
558658
168214171215
8116484166
172132175134
1104611249
816813169
171117174119
1923119632
196102199104
96869988
1808418386
164180169181
134178136180
2817130173
151147156148
1392214025
36524752
1223412536
112181115183
128149130152
5613759139
1355713759
86369137
3514238144
3420336206
8212284125
184102186104
162206167207
4610349105
15251557
01361140
7622978231
1322713528
14798148101
198202199207
4324446245
52975599
23262528
80848585
451482
32673569
21367137
189213191215
8012881131
151182153184
1829118494
1528515587
52406140
189233191235
7722280224
131246133248
1237112474
1082210926
23932694
12911314
53415446
1084311045
167208171209
140167144168
158166160168
4120044202
1109411197
180144183146
1519118193
1863218834
4617749178
1122411327
1369013991
1321614116
115103116106
130913211
21742476
6022463226
1633816540
94689572
6119362196
6023963241
36504151
81258228
62706571
8989111
177121178124
92969499
76588159
13481650
1841618817
137117139120
92169518
1002710131
996410166
8811490117
1212315125
1837018572
1273313035
182175185177
58315935
5420157203
8413286134
7821680218
161102163105
1185212353
14701492
123812510
344376
8812090123
102123105124
80118313
118234121236
11621193
4214145143
140157145158
92399541
6716270163
5221055212
194179196181
111213115214
111106114108
1417314375
126101128104
1924421247
5316755169
142213146214
178133183134
5910263103
1711817320
710710109
150239152241
132181135183
3116534166
58106012
72747576
9216595167
15751607
76487950
82818483
2110824110
7518876191
123112125114
99104101107
1767317974
122185125187
1741317516
1117413177
3419839199
41354338
694716
1619621197
1463114933
9024793249
137135138138
26863187
58786678
3324435247
186204189206
1719017392
1494715348
9515697159
183116185118
189184192185
8022089220
1202512426
180220182222
1245712659
1363613938
62048207
1261912821
195202197205
139100142101
73477550
7111673118
22152320
1524118243
1339513697
1633416536
1176012061
67777079
1153511837
103175106177
145190148191
131239133242
78218123
161178166179
178187181189
6921972220
1222814231
3517938181
85229023
145173148175
135113136116
1093411038
1258812889
12701285
185180188182
6710270104
5024554246
162112165114
9017693178
119123121126
142138145140
5319957200
27733075
89909192
1985219957
5519557198
3914041143
1119422194
142187145188
1976019963
