1722
700751
143185145188
1423715241
9619298195
18431875
92709472
133126136128
15911623
9018293184
152237155239
177241179244
7711581116
7422177223
1424614548
1002010322
1034110842
3910441106
2914030143
155151158152
157203160205
1197912182
45225023
01083110
11536154
1421814321
15661598
126162128165
7815481156
153245158246
27793080
36293931
1619618199
7124373245
21292331
144123147125
170175171179
3717241173
5813861140
118193121195
1353714038
1166311866
1497715179
1766917971
118196121198
121200124202
6613469136
113181115184
184161187163
2820431206
189169194170
169150171153
15698159100
2620327208
6311466116
1549415796
93159518
6224364245
1005010352
9513998140
35384039
17098172100
1081411016
1227912482
6219065191
1157211874
126129130130
8612887131
100210103212
45124814
1628716688
3318836190
61436444
132188135190
82858786
180189183191
2412927130
8418687187
7417777179
1952219923
119175121177
7161018
9324296244
5822762228
1375513957
151161154162
1376014061
68546959
55565759
147196150198
155207157210
1805018153
70127413
1313417135
10041027
115227116230
41794481
23252627
1632716629
1364513946
172145174147
189919211
170155173156
1426914571
817511177
7219477195
59366139
7811781119
191197193200
129163131165
1859318894
2815630159
58346335
83328340
147208150210
923913240
176161178164
9619898201
1111411219
88859088
585607
2411026112
132191135193
1816921170
899991101
136201139203
1612516626
02191224
1041510716
3218334186
1614118144
6615771158
1752117723
5711858121
707729
1358913891
191209192214
16041636
4211246113
126184129186
31696171
129172132174
1355813959
01882190
27273029
41297131
5018651190
125216129217
9213194133
138139142140
142154145155
1369313995
1424516247
1214212345
2518928190
15901991
1258612789
158134159139
9123494236
1088811289
79308431
101205103208
8617789179
37874089
147144150145
100215101218
5212457125
5518058182
716810170
1063610839
12611464
5510358105
2122923231
195104198106
8216786168
11499116101
4914350146
21642367
9489611
182146185148
1512815330
1136611568
2018023182
10791381
1243312636
160117163119
165211168213
1119411496
1718817490
107124109127
1821318714
4217245174
9621165
8220584208
1892519028
130200133201
105102107105
1420016203
1627816679
8481050
4221145213
1754018041
1725517458
42944397
29103212
5619757201
18822184
1932819531
153170154173
1587616178
1292813131
79948296
157247159249
1921524216
1215215154
117127120128
5510656109
172112175114
1615419156
1458514887
8621589217
106142108144
18482051
131124136125
2413127133
1598016183
7211379113
8713690137
67337034
1935519657
18192120
2818331184
1175512057
126107129109
7413175135
1834318645
2314526147
140244142246
102181104183
180217182220
176114180115
1593516436
176153179155
99158102159
145199147202
4720350205
9521198213
1932419825
1831518420
1231412815
94609762
01692171
122217124220
1920322205
163122166124
4519150192
1954219744
2424527247
110208115209
5422657227
187156190158
47604963
122159124161
190236191241
1962619731
1423814739
125158126161
141225144227
76927895
159195166195
18292031
186239187244
1348713888
180110182113
132102133105
125187133187
1361014111
1335013652
1638016682
353654
172194
114150117152
1603016232
1428814590
156180159182
72787679
168239172240
8613889140
1136912169
1256812870
195149197151
155171160172
56745975
39974199
1406714368
8519495194
178180180182
31583459
195143198145
125127130128
77737975
21972499
890922
6211165113
1195912161
3923142233
17561859
60846287
8413586137
1410015105
171121173123
2482610
97120102121
4024543247
9418997191
11481549
162171167172
89409142
83578858
1794218244
184176187178
1676816970
52398241
126171128173
1720018203
1465914961
123188125190
25342639
167182170184
819012191
1747517777
71249126
188105190107
183182186184
4617148174
1019513197
9112093122
981210
3912540128
1069610899
49810
3018732189
7816581167
134240137242
5024753249
166109168111
193214196216
60756576
125112128114
129204132206
162217163220
23692671
149102152103
1743317636
125110130111
21015103
172203177204
131121134123
3014833150
169186172188
131106132111
1714417346
2412427126
143158147159
9022193223
16371688
9211695118
5818360185
131166134168
126121129123
160140163142
3622640227
6417369174
82878788
369938102
9118793189
1711719119
135165137168
65317032
1711717220
1027010572
8117881186
14101911
7020973210
109185113186
1864618947
49445246
181115184117
1724319245
35733875
61956398
37774278
184235186238
28963198
173165175167
1122113224
2612030121
8822991231
1889519396
1508015185
51285331
6314468145
116811811
3121134212
199139199150
1291113213
121148124150
156118159120
47725073
25122814
159198161201
10531354
9421497216
188153191155
177183182184
49795281
5821360215
1483815339
22023205
4216745169
24572759
3821543216
191194194196
1468814890
181166185167
114185117186
146177
10741106
9881290
196242199244
128242132243
63836685
133243134247
44604663
1656716670
1037810779
154915711
61266329
189179190184
1045110753
6611969121
113109115112
193152196154
1306213364
6918771189
4494711
83818583
34763678
181718210
17001741
83958697
93299631
129140132142
168165170168
1419116193
1018013182
1810022101
176116179118
88899091
153205156206
177818010
1112211423
1158411786
455487
1208412386
48155017
92449446
1527115474
88459147
131154135155
13099133101
4322446225
749979100
190125193127
129192130197
2919431196
46574959
87298932
178168181170
134137137139
9510297105
1373414036
5620859210
185153187155
139132142134
53815782
4412148122
136173139175
189216192217
1811818221
50345236
5814562146
1172811931
2011123113
2321226214
4111843121
17431766
45784780
1926719469
70577558
151134154135
01581162
135162138164
1785718059
69377238
3393512
99186104187
7816881169
11798120100
3017032172
5415456157
1116614168
1534515448
3523038232
7510580106
15221824
120178122180
139228141230
46744777
7422577226
1515715459
42466249
21882689
19431966
1746017762
2917631179
153111156112
9581161
65106613
6110263105
2922433225
14331465
194126196129
1617116373
01452147
177219179221
34223724
616111162
1333313635
68817084
1274213143
11853187
1127711579
2112223125
09311
154212156214
5224057241
134229136232
77807983
3719439197
1623219233
86518853
1928619588
104146106148
14791781
3619839200
1392214224
105176108178
51755576
1814921151
181118182122
171182176183
5714262143
99100102101
1265013051
120247123249
7718080181
1665416956
54395741
1816318465
1149011792
15241556
1543815640
5319755200
28463048
78538056
820910211
1602016322
1813821140
191190192193
1758817889
6213465135
71757477
58176218
1413414635
94559757
1791118114
1308813389
174215175218
3517837181
124134127135
1112611328
6913171133
4113643139
197119199122
62226524
20432345
113120118121
172128175130
6221963224
56365838
4720152202
1064310846
161127164129
138176141178
198154199159
1244812749
179192182194
153158155160
75537756
8316186163
116122119124
1902019322
6813970141
125148128150
4216547166
1714117443
1053310835
6216264164
1947119972
183119184122
1872918931
1202812330
19161938
58196120
1728317584
73647468
1464614947
2220127202
8813391135
4922550230
101228104229
155221157223
039142
45814883
43324634
1189112193
01422144
140151147151
3523337236
1362313825
139141141143
151243152246
8710790109
1422914730
93829585
28563059
1676016963
1138711689
5616361164
1679517097
187122190124
1212914132
8018783188
109128112130
6618668189
7720980210
138113141115
2116623168
3811441116
1674417046
196131199132
4614748149
94659767
64476748
1677616879
129150130155
5817560178
1621819220
415447
180236183238
4117842181
9261228
72267429
1474114944
10301062
111187113190
2913732139
163153168154
6917172172
33513553
515538
1367314174
61326139
4414155141
1214515146
102213103217
1663816841
261283
31203621
159211162213
186166189168
6623969241
184100186102
8614388146
2823931241
1572115923
148233150236
1751918020
1194112046
23532556
3913840141
47505052
87959296
1678216984
16841706
1298113283
47295030
148237151239
101123105124
1945319954
110167112170
4923552237
7714785147
12231425
1216917170
133226136228
6323470234
130143131147
159132169132
8716389165
1422416227
65286830
125200127202
8316986171
5416855173
174172177174
153157161157
1427214574
9741078
33793581
112247114249
3512140122
1617218175
545576
3419137193
4319846199
479951100
38224025
27372939
1225812460
1039410597
7023972241
1003010332
1189412195
115141118143
8924792249
1335813461
105197106201
25942995
4018445185
2418227183
2814431146
157231161232
8914292144
164215167216
127166130168
1661117112
1787618078
155191157193
1123414236
159173161176
2213825139
3611537118
1221615218
171159172164
9201122
166118169120
35333735
105190107192
99219101221
774805
159133166133
172241174243
147146151147
1324113543
179224180228
3317136173
1019213194
18841935
1664916951
40424344
169108173109
6918071183
33943596
49825185
56875890
125218129219
77277929
7110374105
8623589237
1731117613
18001841
88189120
84518554
3918741190
82608463
4912252123
126179128181
165151168152
12581460
01791182
911514116
015317
1766617868
58806182
163225166226
143160147161
4811151112
1217415176
5316261162
1425514557
99238102240
171171173174
21576158
138149143150
8614789149
1015710261
136131138134
98241101243
103100108101
1211912420
142914411
44395339
19671989
993810240
391414
189142192143
164204167205
9616597170
174155175158
123122125125
108131110134
1676416967
99191101193
1512320124
10711103
26493150
69147116
27253226
5522160222
198176199181
4413848139
103247105249
38584160
8911391116
178246180249
74497751
81148317
185119186123
1818421185
192184195186
141196144198
153179155182
1188812190
41846187
130202135203
1225312357
33253627
84158717
1917322175
113174118175
178223185223
491506
116129119130
3618239184
470573
191120193122
122111124113
1876318965
90259327
3010732109
15251827
4917153172
1417917181
2622627229
620823
9324596247
89159217
43894492
86828884
3823441236
1364713949
118245121246
9312396125
1012213124
183112185114
1036710669
9351336
5316562165
1636616470
185152192152
1692117222
5824861249
137204140206
1546815670
94129614
123191125193
161716212
7315975161
119203122205
1361613818
997910181
596897
29683269
1788418385
90289230
2613728140
154138157140
162214169214
5420557207
51208121
1574715851
8422887230
5424757249
117228120229
92589759
165229166234
82238525
16741976
9112696127
2995100
149219150223
1016210663
61536355
185198
692715
1546615967
1519615398
3913342135
931963
1067010972
3217834181
139189141192
184226187228
154165157167
109121112123
3724539247
59956098
812911130
5522857230
13821413
180244185245
41874887
1059211093
1396414266
177201187201
8215285154
49865288
363664
180195183197
121144124146
58256027
9014094141
1441814521
134152139153
140235144236
96230104230
65796880
4723148234
41256128
1220417205
5812259127
6821570217
1129011393
97219924
1319213593
12401291
84368738
570621
2416325166
9115794159
4019742199
1891219214
128222131224
722610228
171817310
1093911241
62366537
7321276213
1731417616
1931219515
61409142
7915084151
116108119110
6218765189
2116125162
7123374235
8520487206
177133179136
1528715588
33363837
7510780108
70107411
3520237204
137227138232
67146817
1094511246
20852287
22206221
195162198164
113205116207
4312447125
1966819970
162206163209
4913752139
1736717570
177229180231
185115189116
47685269
118238119242
38184021
162155163160
140122143124
5822361224
66867087
8422495224
4515847160
77437945
37613866
89819184
52475450
13961428
043345
195203199204
1956519867
195210196213
4724649249
9941295
1731717818
121168124170
186202190203
1527715382
988210084
1581516117
179185184186
9019093192
3219735198
3615137154
7919682198
158192160194
8410886111
98166102167
177105180107
194120196122
1215615158
161229164230
132183135185
191162194164
1888819190
1421214414
128119133120
111103114105
9012993130
1685717159
1387514177
3316936170
4815550157
1768217983
1302513327
7516477166
6421166214
1076210867
32403741
113166116167
6924671248
01745175
9117594177
1903219234
751954
107170109172
1581416714
165129169130
192155194158
1905019351
1623818240
32603562
13651567
190136192138
3211535116
84398840
158165160167
60566258
1876019062
976810070
196174199175
4818351185
3224134243
1128211485
632683
187101190102
44274629
1655216853
145239147241
169101172103
33823883
2711228115
830853
1504215344
142191144193
141165144167
176158178160
1826718569
119141122143
1863519435
5313357134
122213124216
99196102198
52115513
164111165115
136119139121
57835986
91869488
62916494
4420647208
74467748
7316277163
36513952
1706717269
44424644
67406942
75597762
167162170164
1372614028
18501901
143171145174
109142112144
194139198140
1439314894
1628316486
1466414769
191123196124
6911071112
1135711560
62318233
2522428225
1715718162
2718531186
7416777169
815211154
16198164100
02142217
175205177207
1228712490
8621289214
1613716439
38114312
127131130133
2820137201
1013310435
4211544117
80418342
7022471229
9412096122
99188102190
145224150225
150203155204
4319345195
171244173246
916947
1661916821
1174011845
89709172
99179101182
164192166194
164103165108
114233122233
1820923210
8458510
130217132220
1704917251
3222635228
167141168144
180108184109
99194103195
61776379
1565615957
16421674
1755517758
147133150135
8820591207
8420987211
172134174137
58545959
1167911882
150113153114
1576816069
1492515127
113136116138
3223835240
1709317893
106235108238
7410179102
8718089183
42085211
51635366
155169158170
64256727
77788079
13861588
1414214643
1663516937
13281531
5813662137
4116044161
139207142209
186148188150
1851518817
9314295144
112200114202
150168154169
26153116
125240127243
0851185
43844885
1105711260
6622669227
155153159154
8323785239
1165911862
28893092
105155107158
176216179218
125138133138
148177153178
1416114363
2217026171
11741476
112178115180
192232194234
012214
99184104185
53565461
54325933
1845618658
97739975
9016292164
8219187192
35543856
3214434147
9610799109
145116148117
8910291104
123177125180
1432214524
112213114215
100244103246
672875
17398176100
195245198247
1356913772
110198114199
1926319366
514815
4721950221
202233
182230185232
193118196119
3313835140
1678716990
028230
156177159179
5011652119
12721773
9324897249
1423114533
187234189236
102137104139
1739417696
148240151242
185169188171
1256312865
5120353206
125144128146
9411397115
178119180122
151915311
1498615189
1856118665
160183163184
4016341168
5685810
139136142138
5913062132
183137186138
9291230
1858218884
92979599
163242165245
139181142183
124226126229
6323370233
3413536137
6210865110
154194156196
15401572
4621648218
186146189147
5417457176
3911141113
1917419377
41145117
1568115883
115116116119
1217012472
1633016731
109213111215
1773218033
13661389
1949619997
16801693
14561469
158131169131
1823318634
2024523247
86228924
21934195
63866588
1463315733
1851818820
125233128234
3212335125
3324636247
9622098223
119221124222
153230156232
1159311796
923012232
1331413516
1424914451
6615269154
125153128155
30363139
169143173144
5019752200
24432548
158233161235
7923782238
1703017332
1822218723
4221943222
16331935
191176195177
478582
5313655138
738779
9901022
7417275176
130177133179
1623519237
1907819579
47315033
103106106108
1722717429
1002310226
144217148218
8818690188
6724268245
182157184160
128169131170
6412367125
8517590176
1069411095
114190116192
8011183112
131207133210
1609116393
1317213474
6417567177
8415687158
8110284104
4420346205
95869888
104209106211
151219152222
132180135182
1218515187
157128160130
6914371145
31733376
1723517338
184124186127
151231152236
1706217364
6121063213
78588160
1521215415
102109104111
193180197181
7419677198
3610438107
104212108213
1610520106
4812451125
126124129126
22265228
140147143148
71807681
6315165154
51787180
187231190233
27863088
12384240
1706517566
678880
7119673198
170197173199
1588416185
1398714190
129231131233
107187110188
76377939
95419744
187128192129
2124832248
185108189109
136182138185
1353013832
5424256244
1811421116
1874219043
1219815199
8512392123
80378240
4122643229
814836
787838
143180148181
1551215715
1220013203
146141149143
957110072
5210354105
4824051242
174106176109
1721122212
111192113195
6522170222
166244167247
1298413286
1010612108
158210166210
7114075141
686888
188205196205
85349035
186188189190
1964919950
175198178200
132913510
1516715370
151199156200
40554357
172175174177
140127141131
3310837109
111163113165
176239179240
1424819249
108191110193
111218113220
110109112112
4621451215
154184155187
179198182200
2320425207
96179819
6215567156
21212423
31633465
139219144220
143205146207
1462614828
107113110115
1793418136
194239197241
193919511
7710979112
126188128190
2721130212
109151112153
1327513776
178233181235
122208127209
15141716
47425143
6518066185
1827218574
1131611519
1875819259
186185189187
4418646188
3356
14971799
4718049182
6523770238
180123183125
5122553227
78858187
4522848230
452484
9216595167
156217157220
71827385
1873218934
8712090122
1589416196
1842918632
6422367225
75258026
71859188
9418097182
572623
1315813261
1523615637
1915927159
41086110
27723074
6917772179
114122115126
120107122110
6213864140
5315856160
66196822
4019442196
3221535216
1813918441
160110162112
7115972163
19601992
138212141214
1353914040
8418886190
174817610
6710070102
1621318216
3717642177
815511157
1899119193
13498136101
7521678218
3023531238
45534855
100143102145
1142811631
1557315875
3111934121
511534
21572359
127176129178
104149107150
1398014282
100106102108
1024612249
6017263174
1331113513
7623778240
103155104160
57516053
25222824
1639416696
1404414149
1941819720
1947319676
56116012
188160190162
16381939
986310066
71477350
132223135225
191202194204
1902919231
72209222
1192212025
1075410857
1322816230
102241112241
179162181165
74207622
154106157107
118101121103
5819659201
10371117
7213173135
6118164183
98131101133
105162106167
188130189134
7118473186
1247412776
158206161208
187246190247
9551257
1959419995
155173158175
22065207
160120162123
1759218292
57236124
611210113
163181166182
143214146216
6514870149
28433145
1262812830
161225162228
2715130153
5422357225
122162125164
129234131237
117104119107
191230194231
721212213
1477015072
5811261114
1446214963
2021723219
8214484146
96359937
75107712
1106811173
42425245
103188106189
122198127199
181180185181
25192821
107107109110
9020193203
160113163115
150170152173
114144119145
183149184154
175134176138
2819130193
173126178127
2213423137
196100199102
53365538
39754276
148127157127
172141176142
1323813440
4220343208
134208137210
158124162125
12399128100
5813361135
6410466107
1438014682
143134146136
1891519217
1125211554
21472350
1121016211
191244194246
104168109169
151192153195
8820889211
137127139130
344376
126139128142
174244176246
1445814561
8815190153
8015783159
1462114823
8120983211
1095111056
65936795
9215596156
110106113108
114193117195
66247524
22172420
186179188181
5024553246
1602716229
1094211244
5414256145
1912619527
159169163170
149161150165
1893719637
109226111228
6620769209
6710470106
8311232
1225012551
1765217954
1845218655
92409442
178177181179
104125106127
01345135
195248199249
5114353145
3784010
2924532247
1916028160
19562059
7620581206
10996110101
223410234
109173112175
62428244
190130191134
713812139
1244012741
1483615137
173219176221
17121734
4816252163
8123982242
150130154131
19262228
53435645
4216245164
7110674108
16851986
69177119
6812570127
80348236
97509952
