1788
1616918171
172127175128
2922831230
1745917563
112711410
1171612018
7423176234
3219933204
119139122141
1782018121
33103811
4012447124
1785617960
1966619968
133204135207
6813071132
158115161117
1247812583
2515028152
122178124181
15121553
1535015651
61639165
186162188164
1191312215
178178181180
5211156112
165111168113
31895191
22732475
7124472247
1788318185
9519399194
75437845
821510217
5012053122
6819869203
1624516447
1165511759
175817612
148149150152
127139129142
17522153
172119175121
175205177207
94319633
01632165
1947819779
1276113063
9222995231
179108182110
88409341
113217116219
1135911561
7110474106
1214715149
1659317493
104140107142
95729775
188169191171
148107151109
1732717629
37143917
1077510978
5819660199
188206190209
189226190230
174136175140
11299115100
161166164168
116143119145
3723240234
6822172222
153246155249
155221157224
165816711
1621316515
3715440156
9119196192
3211834120
17831806
1649416796
148201152202
54335735
116168118170
3921242214
104203107205
1067210874
86218922
1810721108
110215112217
5416559166
15621594
1515219153
158167160170
64566857
31613264
192184195186
1198512088
119190124191
11741206
8118786188
2420028201
1377813980
4411847120
1284012944
110240112242
195203196208
480511
88469049
12521303
1028310585
2919931201
6112364124
1985919964
56835885
120211122214
3714040142
7615579156
82458448
78588060
54965798
62409242
6422267224
1367013972
189118192120
4120344205
1116719167
109211114212
152109153112
2710430106
118209123210
27493250
85598664
1487615976
1656716868
7519678198
4712149123
135156137159
187107191108
94369937
3611038112
1162411926
16551858
188100190103
68656969
41194421
6213365134
1517215474
1163211934
1013710439
19952297
1954419746
88369337
11221154
89699172
3424536248
150130153131
104100109101
1691517217
1888419086
1002210225
130141133142
40674269
187189192190
177113179116
81548456
27893290
2711330115
986810169
151222154223
50635266
1304313344
156192158195
196236199238
8211123
1955619858
187238188241
7812381125
168147171148
188160193161
1007810379
125151128152
102232105234
61546356
196211199213
1317815180
191493
196227199229
1624218244
1723120233
183111185114
52318233
155187157190
117228120230
94126
1094211243
12781481
48845186
1426114563
1701817122
1241612619
31445146
1016313165
185158187161
184208187209
52006204
180166183167
3612540126
101165103168
12611563
74677669
162130165131
104167109168
1561015812
720742
131118133120
158217161219
1462614829
5311558116
8817091171
183237186238
7618281183
1121815219
4012842131
6916572167
1419816200
24263226
1959519798
1372914030
104133109134
167192169195
137177140179
37374039
1262912831
112123113128
3224034242
103241106243
108135112136
188125191126
19841998
1608316384
2411027111
62386540
1932819530
108138111140
110117112119
1648116683
2318325186
7815282153
62706572
135222136226
7122973232
180115182118
1809418297
7212575127
1935319655
120142121147
5424455249
920943
1747317974
45434845
6317866180
3816343164
1887819379
4714549147
11085109
58916193
1569715899
5422257224
140143142146
1032110523
55145816
8810690108
2518726190
1473315035
8311788118
99124102125
5018152184
8119983201
190212192215
6515169152
27233025
3024733249
177145180147
3614438146
8023887238
5120753209
6118164183
12741775
18410
038439
17171739
4521148212
133227136229
9623797242
7220475206
4614049142
186196188198
182179186180
8311385116
117157119160
417620
171177173180
1575016151
59766277
133147138148
190244195245
7617879179
56475949
160236162239
3922442226
1474314847
7516777170
39224423
5715560157
1336213763
178153180156
30793381
1578215985
41804482
6224065242
1806018262
1134911850
6614168143
1854119042
114119117121
9711003
158111160114
1449614798
1051110713
21205122
129243132245
1510717110
9614099142
173108178109
7510579106
184217187219
112183117184
6416567167
51745376
4521347216
7118273185
182155184158
28413143
1207912381
4410946111
148240151242
6215965160
148196150198
7322076222
172145174148
21385140
85498752
1505615258
5919166191
173244176246
98242102243
6518167184
154154157155
83688869
1508015282
5420757209
1622516427
160196161201
1144611748
28723174
2618228184
77667969
80668269
759776100
35973799
1443114932
1318213385
8323984243
4719550197
1338713689
3115234154
67727173
8019082193
186133191134
1781318015
108128110131
52215622
12511453
137139140141
5417957181
1887519177
57605863
16398165100
6422966231
4917252174
1891419216
106184109186
923212234
143143145145
571603
634936
110189114190
43634565
181135184137
27313431
196239199240
1416914471
111169114171
130103133105
7215174153
180124184125
1297013371
192115194117
6022163222
4813551137
2012223124
1923919939
128116130118
161158164160
173175176176
1710120103
190155195156
153183156185
33893890
61878189
1683117232
110246113248
39634265
128136131138
115244118245
56706171
5016653167
65926894
163189166190
1074911250
4514848150
9210394106
2123223234
066368
38834185
10921114
4319244196
9721699219
81399142
01693171
185228188229
5021853220
6523668238
97191100192
1820323204
188139191141
6014665147
107243109246
1193912939
40704471
7621778219
66337134
100194103196
1272713028
1976919972
6220165202
5314454149
81708472
1378713990
7213075132
1136211564
1724217444
4822649229
4213243137
6120864210
2619229193
1484915250
131226132229
1755317855
8941295
01042107
1647816680
5417158172
179196184197
191180194182
69237324
1888819190
8318984194
67817083
41136115
50595261
1053210635
102197105198
5710860110
125159130160
5822760230
1462014822
62926494
106195109197
1872619127
69907292
143179145182
61089109
170242175243
169129172131
103146108147
6914172142
89619362
1406714368
3317438175
66387438
36693970
4418546188
93509652
180133185134
49365238
46875188
1724517547
47894991
100237102239
3817641178
1383314035
1581416116
50795381
137171140172
101109103111
61229123
2716329166
083385
112138114141
1114611348
72357636
5711361114
9317696178
5313058131
51325335
46924994
148173150176
3421236214
17761880
1745617757
2715530156
1839318596
167208170209
716918
1724519247
1538115683
5017553177
14741525
154135158136
6313666137
143238146239
132125137126
110110112112
4621162
14899151101
0991099
1207412375
14341539
191143196144
108175109179
108219110221
8698811
161164165165
1557815880
6724470246
148156150158
1866118764
4494612
58406141
4013241137
1705517158
69567159
28543057
111156113159
93809681
24492652
6018563187
138122141124
1633516736
190152192154
9415196153
144235146237
1512018122
23762678
31926193
35183820
183121185123
991410117
16871709
3115534156
186918911
1921719618
1411514218
8613987142
1035510557
3423635239
1573716238
170105173107
138198140200
4821349216
22056206
187178189181
103132112132
1196612666
5721360215
142211146212
9416296165
179219182221
390413
3419535199
78488150
179213184214
7617378175
155173160174
1314416146
23202721
32393441
988210184
4815753158
110204112207
196181199183
667969
106143109145
53455548
100219102222
5124154243
58336135
62356537
9222899228
1086511266
60676369
160221163223
174230176233
1591016113
0821182
1521119212
214236
8714689149
106232107237
1755017852
4024041243
1807618378
148204152205
3610139103
123115131115
21632465
7822980231
69157915
6820471206
6417368174
3613841139
016318
101192105193
104209106212
135103138105
1920723208
1443314636
145110148112
103225104230
70627364
147135150137
191233194235
1666416866
52285331
8015885159
6013662138
5821662217
4416247164
1494515346
3910441106
79638165
01411144
1455114655
149146151148
174218177220
6814972150
1652416727
9123494236
3422136224
111198118198
45674770
1444814750
1552115823
1682817030
68547155
65636964
5923864239
1615216852
9411143
32438244
4723650238
1447414776
105113107115
174198177200
29933494
149916102
141171144172
5012854129
7711179113
7712882129
151140152143
59836185
1432714530
1736617668
8916090163
47224826
119135123136
1918122183
1719720198
15341556
116221119222
1688417285
78218222
1156511867
152241155243
086288
6014263143
113185115188
132223134225
139113142115
144100147102
113235118236
162145164148
61956497
18812084
129202132204
35403842
7191120
3810740109
2421327215
1355813760
95929794
1401314314
100209103211
1616616468
1212614129
6722970231
165191166195
8322686227
8712289124
144166146169
15101551
2862911
2918731189
3423136233
1544215943
115202118204
45284731
173195175197
21794181
5211857119
5320056202
1913319435
1289013093
5313256134
1939019791
61497154
6211364116
115189118190
137222139224
185142188143
3210035102
4422245227
1157712677
173115176117
23902692
166226169228
6512870129
110185112188
4317246174
21232130
128119130121
9612099122
93579658
138116141118
140132142134
102156105158
138128141130
100187103189
116131119133
1406214165
30863388
1194912350
4111643119
132184135186
77538054
72557557
2712130123
92669568
1513615338
3121133213
3720340205
8717588178
15941796
47165117
112105115107
3424339244
2113224134
179148182150
151224154226
522545
1231412815
1716117363
3613139132
52155418
87829083
123164126166
76557957
25642866
44844786
189231194232
68167317
100228102231
139125142127
27323033
1711619119
1393814240
111153113155
1708117383
024226
198201199206
144229152229
1854318845
1215512457
71299132
3917042171
5323054235
99197100200
1093311037
34153617
186129189131
3724540247
1413416136
3818640188
71437445
1419614399
182241184244
135166138168
2524226247
62856487
2510728109
1119311395
4124443246
8010181106
103179106181
2412628127
101174109174
12411344
7715082151
124169127170
1731617518
3115736158
170183173184
1316213266
8123482237
50915393
1314513347
1143511936
1476015062
9317994184
102235105236
151196155197
1555416055
8618489186
2514832148
158118161120
1049510599
12698128100
1083011132
1974719950
01781183
1407214374
7811480116
139110142112
02314232
173110176112
82358340
1812618329
143196145199
2811030112
7019871203
5412058121
1654216647
709973101
191207194209
46474949
118248121249
25623063
178163179168
773814
126132131133
160211162213
9314195144
166107169108
110194112197
2216324165
4710051101
1110514107
1481610
5212455126
95185100186
127212128215
6919371195
153214156216
27832985
19732176
1084611048
1224215243
72597760
148153150155
2314724152
126238133238
74337834
2719430195
119196123197
42434445
1494315344
150237155238
8917590178
1761617818
146196147201
115174118175
19902292
128218129221
192202194205
122145125147
194719610
194138199139
1423216235
86298831
1618023180
1529715599
36863988
105224107226
2810031101
120177121181
3421536217
71257427
8621989220
104119107121
8511152
315415
125107128108
140201142203
97159818
162120165122
6512367125
178202183203
166120171121
5718866188
196129199131
7410179102
12541556
6321564219
169116172118
174182175185
189220194221
7571059
1407614378
12761677
43564658
1047910980
177106181107
2019923200
1244912751
23222624
75407842
6914372144
1658716690
5124653249
144204147206
66707071
1446614668
165143167145
147235149238
120159122162
26862988
3718140183
1501415415
75807981
6910273103
131123136124
6613369134
1019310494
159205162207
126129128131
1419016193
718010181
18001832
28393140
18192220
8823590238
153181156182
139104142106
19212025
4112143123
4114643148
116185118188
1089011092
93459647
111129114131
1565216053
57235925
48315034
1123211534
5210455106
90789281
13821423
22582560
160140162143
3124333246
1523620237
1414314644
90549356
179210182212
108223111224
1508815788
147219149221
129106131109
185106186110
152146154149
84658767
185183186186
11861389
8722888232
8611489116
1731417715
1645516757
133175136177
1766117962
140194142197
5114154143
190111194112
8622389225
1682517027
1648416686
1415614358
1058810889
1816220164
78828183
158188159191
13651667
1127011472
145230148232
177174178177
152193155195
50775578
1624816450
173186
36243827
126157131158
121226123229
5120353206
4511248114
3417837179
171171173173
31243525
9123793239
5812760129
141213143215
144233149234
2024825249
375677
2613128133
3314435147
1015214153
1922422226
56435846
168126175126
01763177
1121511517
108204109207
172136173139
23692671
108235110237
98110100113
4417749178
118192120195
1891919122
810011102
196156199158
81578359
2615330154
102148105149
987210075
174153177155
139188142190
1191912221
85468748
162117165119
12501301
2611828120
133197134202
7620279204
02093210
16321934
94119514
840863
82608365
14701772
512410125
9771009
185126187128
70287230
125216128217
4015143153
68357137
2612829130
77767979
104128106131
24472748
8717290174
1172711929
35743777
01664167
31615164
135117137120
187176191177
12671289
25532756
1342513628
8523988240
148177152178
9012395124
1487115074
998010381
47725173
80898490
8715290154
822837
5415456157
54915793
26453745
195161198163
97165100167
1712717230
18601892
124175127177
17641869
258659
8812591127
9416896170
168186171187
177223180225
1468415185
4016543166
9219595197
1616916372
1883219035
1113513138
71129115
4016742169
108121111122
1158111685
3222635228
178258
055159
57566057
89159217
1342913632
114125117127
1367313975
4316745170
1813918342
113113116115
9018292185
187234190235
89849285
61796481
153198155201
75618062
6521072210
185103187105
117231120233
193222195225
58586159
125242127245
42944595
157108159110
104109107110
1091811121
149244152246
28513053
1807318375
1624016442
142154145155
66286930
171140173143
127235129237
54305732
1127511477
140207143209
99116101119
1064110843
1705317454
24122813
13941425
81968399
21564158
4619849200
105188108190
3121633218
10851136
1408714290
1802318325
50675170
107164110166
110208112210
01131117
9215495155
1492615228
23302632
198117199122
6417067172
1713620138
4913252134
1313313237
86848887
137201139203
176208178210
151135153137
9113894140
3111334115
71797481
1796918271
85548856
72049207
7213876139
9220296203
2110324105
1032710530
168171170173
8220686207
147193150195
1413414337
1754117644
1555615957
5619259194
190191192193
71827583
1184011943
196117197122
115191117193
219824100
6822371225
93269430
190216194217
96154104154
1348313686
2021323215
130154133156
116151119153
58946097
52195620
1759218093
60476348
5381039
1876518967
156203158206
135160137163
77168217
494508
140814210
1803218433
133113138114
155210156213
1420616208
165151168152
113132115134
8922891231
1897319673
97170100172
157104162105
125178126183
186214189216
178205181206
104244106246
8518986194
52347237
115171118173
137100142101
137213140214
6510568107
10271528
1647316775
260301
1551315715
1602516130
177717910
1733117633
2913131133
5017053171
1434014642
41284430
192129195130
168122173123
779880100
1723617339
61199121
060362
719210193
195175198177
5920362205
81238325
182104184107
10351337
176136177139
1915919264
18941935
2211525117
162171165173
1193812938
2723829240
8720790209
66606962
166162169164
4811751119
1011211115
119124121126
164203167205
406438
19772278
140164143166
9422096223
4720650208
1894319344
1481115112
1479215093
1123714238
106214109216
160162165163
132136137137
132195137196
112101113104
624917249
158164160166
1399314195
145104147107
31535155
117134118139
1217219172
74117713
4617049171
68507053
1517319174
1271813020
2024624247
29583160
1013410436
168127171128
1157011772
62296531
1326713569
6214864151
1372413927
157160159163
1727517478
1431714818
1743417636
81778479
161242163245
62906591
126144128146
6624769249
26272929
72317334
423445
179183181185
4812649129
88509152
1267912981
1138611589
142147143150
160202163204
191226195227
8610290103
4911051113
1677916982
1621519217
1517815479
164208166210
44744775
126188128191
5824863249
125210130211
7616479166
6622669228
40914194
118118120121
128240131242
107180109183
6019463195
9021993221
137225141226
310351
62268229
96669967
9115894160
159193161195
4420646209
124139126142
1097211174
36343836
92979499
1411316115
18131835
15201722
130101135102
16051637
4415647158
195233198235
1366513967
39314432
21845185
1576316065
4412146123
7320976211
2319125194
193100195103
02432246
1416117162
4321144216
196126199128
1006010163
4413547137
193152195154
164219169220
14101451
259727100
152100162100
1774318144
6818170184
66226824
192146195148
1794718051
1597716279
6817275172
1466314865
8312585128
2622629227
2514732147
46814983
122148124150
4523147233
8722692227
174234182234
1817918381
1020413205
135230138232
23102711
7416176163
171154173157
126101129103
233535
16622063
1621616518
4418247184
5165210
1391914221
41784679
195109198111
9861089
1214312445
125184128185
021323
169217172218
9510497107
107123109125
1354114042
95419744
82738476
10901193
186111187115
1115414156
196152199153
8417286174
7219474197
128197129200
529753102
4416547166
1331813620
173217180217
180246183248
58786080
12591760
136241139243
40614362
144246148247
20482349
3111033112
4419745200
44964699
135187138189
3421836220
32456247
3021433215
1474115242
5523357236
1939619499
101150105151
104247109248
120132123134
7017572178
71477350
150815310
1843818640
9110091108
1478814990
54945795
7615879159
79338136
104122106124
190210195211
3118041180
6210364106
164153167154
1246712669
125205127207
1718419186
162217163220
168141170143
2420426207
11571189
25932895
196224199226
186211189213
116154119156
78298032
198102199106
125224130225
2513627139
3721238217
1456914772
104125106127
196100199101
47965197
1085210955
1311616118
82498451
1510520106
192228195230
161111162114
9714398147
98509953
61438146
133208136210
5615058152
4217945181
103215105218
110178112180
22024204
4818149184
176170179171
817310175
2823431236
156230158232
8623390234
181223184225
183226184230
1769617998
122234124236
1308613289
1199712498
1445614758
93649665
1766917872
156199159201
98212101214
923014231
17701792
95279928
8824790249
189142196142
3519038192
132161134164
4118343186
6619568197
3017633178
160214163216
119137123138
120217122219
7022673228
119234121236
1925119752
1959319994
911612118
87959097
8315286153
192151199151
1643116732
153164154167
98103101104
99234101236
141162146163
21662368
40524353
192124195126
85738875
152239155240
1473615038
100141103143
2092211
62886689
89319134
1616416565
9014993150
157180158185
99179102181
46404842
1902819230
114157116160
6515566158
1026210464
8924393244
5619557198
5514057142
136204143204
1858218883
3420236205
71657666
5624557249
56775780
167189169191
1275312956
65496751
132108135110
1186912170
1013912142
1711017412
6812571127
63256627
165132172132
8520288204
32823485
1613216236
5924061242
1053610837
3213935141
157212159215
1462314825
181129185130
089590
10671270
125208128209
1492215125
118127121128
29683269
312811128
153202155204
8016383165
4812451125
9018693188
1522215425
1196312265
91829483
9418897190
52825584
22395241
482513
1915619457
9019394194
1264512848
3911041112
9619598198
9713599138
1874618948
1344313645
1689517197
6412168122
124135127137
1216815170
114246117248
1215812460
50895490
79418144
115135116140
27303430
80918293
150168151172
159246162248
174247177249
4413348134
191145199145
7820579208
40134216
1371613820
7422977230
2217527176
3521039211
1402314127
160156165157
1018910490
113228116230
174215179216
8421687218
683724
23182719
188249199249
7541056
24812683
1818618488
196194199196
113208116210
1913719638
1314322143
89929294
168144171146
7722680228
1134111544
3721940221
1621821219
123212126213
1224112742
144134146137
60236225
7418175184
1372214522
9413596137
19702272
104135107137
6115564156
2412825131
1583916141
1615316355
079381
51455250
8913591137
1722317724
128161131163
1422314233
2314224146
5420457206
1494715448
148184151186
6524366246
54505653
144176147178
5917161174
1477715079
187146191147
90759377
1618721188
36513953
2021124212
1486915370
3511737120
139192144193
83298531
1847918681
1669817199
2914932151
7314078141
198112199116
20412243
189163194164
1676916972
7487710
920010203
774977
1535415459
8720591206
156196159198
01344135
82808483
76738174
3023731240
9424397244
8317886179
1758118082
197919912
14321455
1285013152
421723
1276813169
1405914759
42464548
1012112123
166129168131
1820923210
1226712370
167247170249
2214422152
918711189
160136161139
164223167224
2724131242
5715361154
196107199108
17201742
1476614968
1509415198
5321156213
5514557147
140247143249
134211136214
