1789
164130167132
198119199124
11241175
1159812099
163235168236
147161151162
1737717878
46254927
40694370
65176819
2717929181
125220128222
1686916973
1548515688
1053810840
3017132173
8215285154
132240135241
138246142247
1812718429
918712189
1911423115
141173
493515
1376714069
8722589228
7015072152
6513267134
151192154194
193170194173
1486815170
164212166215
188180197180
159103161105
8817990182
1884519147
2719428199
154231155235
142175145177
145199147201
1119514197
69827184
5219454196
99104102106
141235143238
69297131
148241151243
8823891239
7119274194
152160155162
10611093
131112135113
2416727169
575607
3911644117
56385840
61289130
1216814170
33543656
112128114130
85388840
182243183246
1902819330
32195222
184245187247
1617320174
7118274184
189119190124
8912991131
156157158160
154184156187
1211112313
9611462
159193160197
45704772
125180130181
8720691207
162142167143
149111157111
7621781218
259928101
41716174
8615391154
1073111032
123213125215
1695017152
5112954131
55505753
7023973241
184217186220
770802
14801502
1275213054
1456014862
7219875200
126213128215
188181190183
1612416426
109243111245
233264
88599161
1039410695
28523055
143128146130
39544256
9016592167
1356213864
8724190242
1194312047
1572016022
159140161143
156106157109
8598811
1411917121
6017862180
35493850
57116013
83738575
5810160103
126192127197
1203112532
6218164184
105203106208
822845
41848185
557859
1678816892
13341366
97679970
182178183182
31546156
8022683227
88819084
43754577
5218354185
1498515187
6120564207
6222864230
8424186243
94609762
1915619457
147192150194
3510937111
7714479146
1813320135
66316833
21962498
4914852150
93319633
8016182164
157207162208
166159170160
167197170198
18741979
120145121150
37104011
961610017
2717430176
85278828
5712060122
66107
7423077232
1013713139
1012013122
130175132178
1639016692
6415067152
61646466
4412947130
11099112101
53255528
153204156206
1276512868
40214223
4316347164
87858889
121127124129
7317175174
3921242214
1196612268
917312175
92459646
5316757168
78458147
44284631
40304232
243644
132127136128
175161178163
32346236
43524654
2518428186
150197154198
148133151135
197218199220
107179112180
2919731200
13181349
1093411235
12551278
943975
93289630
95125102125
1624016542
1182912230
1010713109
62966697
8512090121
4513548137
4512749128
4111144113
2720830210
99182100185
180178181181
120186123187
4614947153
12311263
152133154135
33193521
162155165157
3013132133
1817318475
73717672
1304113342
42007201
76737875
51368138
1498315284
12701302
4620749209
1658116883
125154127156
4814551147
138116139119
479849101
2820131203
4015842161
171140173142
2813433135
1708617587
12221425
120177122180
0455
117138119140
22412543
126134128137
1229512696
413428
120121123123
664715
76177819
3219735198
639865100
9318596187
067369
194105197107
5322555227
22232328
196248199249
108135111137
116212117215
180202
50185221
1323315235
9619899200
42464449
147104150106
23852786
80508451
7518180182
1863718840
161147164149
194193197195
6221465216
110131113133
2914732149
196216199217
133137136139
168219
8721790219
5215153155
1621820219
1211015112
125112128114
4924451246
7924082242
6276410
177124180126
3810740110
32423643
11521193
3715040152
4110643108
105237109238
147116156116
163203166205
32673370
184180187181
122157127158
6721870219
165222168224
2713129133
76317734
1315113652
229924101
5314256144
31756177
7016173162
596897
1368713988
51745376
1395614258
1522715529
9413597137
164185167186
67887090
720743
961810019
1025110553
373675
4615448157
7324678247
6221165213
125177127179
156149160150
192102194104
3624239244
153168157169
1442715127
1663316935
3315036152
170188173190
1428014582
109246112248
197172199175
1739817699
409843100
1196112163
1409114294
126119127122
5123453236
195143198145
1342613728
148123151125
975210054
6813370135
1415314455
2220125203
999010292
1737117673
146235148238
154142155146
133189135191
4917351175
49315233
676879
1533615638
1127611578
2218424186
7313175133
155147160148
180195184196
524915249
132129137130
24592761
612511126
129233131235
127140131141
4613853138
1522518227
8521387216
539856100
1171312015
2922331225
8011683118
1008610388
852874
73217425
195102198104
28403142
4114842152
915012152
5510459105
134101135106
1810722108
6818573186
9391142
168183169188
56705972
5714459147
4516547168
142146143150
43854489
1147011672
43324633
27893091
31245126
7020573207
1779218094
1076611267
1323613439
76357838
2721130212
1375914061
107204109206
17799179101
38244126
116141118143
80368141
1057410876
60456247
162127164129
103240106242
1893319434
74457747
1574316045
1295713062
5520259203
189177192179
1498815191
1481214917
1383214035
171137173139
5020852211
172144175146
89259227
157187160189
6821370215
8115684158
362564
1782718030
193139196141
116195118197
16301662
5321155213
1515518157
1583816140
66796882
194162195167
8521055
150117153119
101166102171
1633316536
8921192213
1427414476
34253530
58616064
7815281154
172241174243
103183106185
1537215574
1311013511
70747277
3222436225
176207178210
154211157213
1884219044
4512456124
194232199233
69787181
6610768109
86348935
1257412777
94529654
5518358185
100210102212
91639172
8123684238
14399146100
103214104217
7017672179
7919680201
179239182241
1626216465
237538
9716299164
1308613190
193237196239
4914152143
4223047231
168143171145
1125311554
1812321125
3315435156
172152174154
28843087
1283413135
28373139
82768479
37323935
92589659
1427714579
84138616
190184192186
34653568
176137179139
121113123116
139814210
9115792161
3011232115
41374339
86818784
1831918424
111177115178
1353013831
116112119114
8515688158
7014274143
1818818490
181108184110
1715417455
1153511837
384406
3314536147
2610528108
80118313
49225224
150224153226
158117161119
5213355135
11651368
14681969
1823818341
2823931240
114188116190
125173127176
1315713459
1419021190
1348413885
183152185154
9223795239
175195179196
116100120101
1587716378
142115143118
56256126
176180179181
4920151204
169223172225
12701970
5821461216
5817261173
2912634127
6724269244
142169145171
111158113160
1327413576
1109411396
177818010
9124193244
7113875139
1218412685
4321246214
2922636226
6312565128
106166110167
1783118033
4218444186
122141124143
1904819152
80318233
1711217414
881922
57786080
1764217944
7914782149
4911851121
161189163192
139143140147
1656216764
33473648
170114173116
2424727249
5520463204
819682101
1124111543
1424214743
3721338216
1442314725
823111233
119174121176
1819118493
186129189131
8824790249
5714959152
8217885180
61836485
2314628147
5416558166
1482415126
2912831130
1409514297
3024532248
1449614798
220510205
1581116013
1876619068
140135142138
171166173168
41404641
131133133136
9424597247
188227190229
9911023
152170154173
1845218753
1418914490
8813890140
192247195249
1549715799
100810112
6019662198
1687917380
1212415126
01302133
1605516357
7619878201
4322146223
141242143245
183240186242
1715617557
7621977224
149100152102
113218115220
16271649
196113199115
7821980222
61116313
2014123143
70617363
155193158195
1810923110
154221157223
712311124
97144100146
1019310297
116178119180
10641096
118163120166
23942895
143229146230
126103130104
164187166189
141102143105
184182186185
6610468106
974510146
7813581137
486689
4710249105
4016242164
16611963
8191121
1853318835
2512826131
4324545247
1913519437
89899290
1967119973
49475448
25522755
197198199200
149195154196
52125414
1471915021
8821491216
195196199197
1168012181
15721604
186162188164
6814471146
167212171213
1706917271
108141109144
9417797179
32373539
137185139187
196137199138
2117123174
137163140165
8012183123
3917641178
168112171113
174244177246
138202139207
109121112123
134201137203
1109711498
1774917852
182126185128
8021384214
1193412137
8712290124
33513653
164158165161
176116178119
21652367
1098811092
3622838231
179182180186
1829518498
9310296104
81578359
191161193163
40874289
180111185112
120221122223
175152176156
19199194101
1092311225
1529115394
1479315095
283388
5119754199
7024273244
98137101138
18892190
1661616918
1576615969
123204127205
3322735230
94879689
129220132222
509852101
96155101156
8919692198
105219107222
124161128162
1402014322
103124106126
25923093
162227164229
108222111224
120184124185
156239161240
40764278
104243105247
1604616547
66706972
43184521
185196188198
194223199224
12751577
3514037143
7817583176
9215495156
1268112983
9516798168
1852218824
1351513816
1349313696
74137616
166115169117
6910274103
191199196200
17231925
179207181209
02092211
7518378184
98245103246
1425014452
117129120130
1033210633
48415142
174197179198
1074811050
191158194160
64116613
17321934
3513437137
4822851229
779980101
173117175120
196167199169
2619026201
190148195149
1421214219
114157115160
1296313265
101141103144
2512528127
68357236
1114611349
8020481207
6311466116
150214152216
75217625
61606461
153180156182
8119184192
143714510
41354436
68577059
160134163135
101192104194
3317938180
0601160
173126176128
8016683168
145137148139
7121373216
11576158
196155198158
39504252
15431566
1197512276
87128816
5924361245
178175180177
1101611318
172161174163
1948119783
1019013192
107199110201
1255013051
73317534
150181151184
57236024
60556258
9014393144
78428144
344376
1804318148
111150114151
162158163162
113103114108
19202222
6612571126
116147
6415567157
1416114463
193154195157
14511653
147107150108
185125196125
181183183185
93509851
4024442247
67116913
3912042122
5216357164
51925493
56956196
51885689
9124896249
9615898161
633934
4615949160
39444445
9016893169
21164118
176238178241
128148130151
049450
9315895161
1421815223
5220160201
1711619118
24252528
123227126229
1316013462
110140112142
02342237
62099211
136215138217
11511354
1149511796
77208022
1463414641
16971729
1478714892
121104125105
6117462177
968999
1236812670
18201852
26883388
1275613856
119204122206
154224157226
6613669138
4213243137
24172522
9721999222
143247146248
3914541147
611311114
2816831170
839684100
130237131240
430471
1871018913
129227132229
1176911874
4217145172
4212444127
1198912191
1275712862
2215323158
171107174109
1064110943
9121794219
1237512479
3115734159
104200106202
144103146105
23442546
136113139115
169199172201
3813141133
95849886
6519467197
9022093222
150207153209
1575016052
6322366225
128152130154
9017093172
6611971120
139215141217
5813861140
17701792
1862918931
76277730
210242
171247174249
179140182142
112228115229
136190139191
95649669
3124134243
3324435247
8419587197
1729118091
3615739159
150163154164
61396640
116144118146
4618149182
3916541167
171196173198
1075411155
1314813450
15751626
1414814449
6612168124
523554
1648516787
144117147119
142211146212
10331236
143140150140
7311232
1613016432
02413243
1412914430
12698128100
194113195117
90559357
982010122
1264112943
145217147219
2121525216
1719419197
129162131165
19162019
185192186195
1846518667
190233193235
54385542
6822070222
1959419896
73357537
8420087202
156151158153
8416686169
6819769201
16841706
14121614
1682217025
7114076141
1916419367
86418943
2217825180
130108137108
1272713228
622210223
8212486125
187221189224
140206143207
181120184122
9321395216
109109112111
1520318204
1799518198
6815771158
1688417385
2016721170
160212163214
173110178111
159227161229
77607864
9623698239
3323238233
972810030
540562
3812943130
144151147152
1324513447
1456315064
065466
8219387194
2916233163
20292331
1616916272
184177187179
97131100133
4721650218
1167711879
168155169158
1521117213
131223134225
82538356
1634316645
4312046122
1315414158
42067208
115232120233
8813693137
195176198178
155135157137
163239165241
9619598197
7019771201
139213144214
1918319386
3014432146
5413957141
118102120104
551754
01843186
147227150229
1312913431
148217153218
975810059
5124254243
1413414436
1210414106
7697812
1886919171
8411387115
183138184143
139224141227
5924061242
9117494176
8811590117
21344137
1124411645
185108189109
1245212655
118243121245
101117104119
183129185132
27122914
154201156203
102178105180
1802518526
144241147243
32253328
107124109126
1902619527
110193113195
164133165137
80538156
1197112372
108221115221
122159123162
6410268103
51445446
103103106105
32143416
1612716329
109211117211
5413656138
191206193208
090392
1036610668
121110123112
1025510457
2492611
132196134199
193181197182
02383240
4613949140
1743717838
1710522106
4674810
1827618677
79738274
1354313746
113161116162
9110593107
173230176232
114245116248
1612116423
70117512
1719820200
107193109196
4223645237
192241195243
4214246143
194121197123
148146149150
1118011581
1631217012
166108168111
72197520
969999101
151227158227
4122445225
1755317855
106111108114
178104186104
1520518207
42714473
1361213914
148131153132
432483
8117284174
93239625
169121172123
339541
1677417076
185618611
1024310545
90319234
1815418356
172219174222
31963498
1181612118
8421086212
161185163188
1547515777
103227110227
3422137223
48845186
43224524
67407042
6112264124
9518298184
1920121204
78958098
56545955
138107141109
819410197
113113115115
101132104134
63786580
188151191153
2782911
8118883190
1926019463
45444846
1869018893
57866088
163172165175
17492150
1391614119
1506515566
12456246
1922322225
131105133107
1071911220
167247170249
1507915381
71687669
7122474226
3121034212
6020263203
6518268184
1818321185
45875088
325826
123125128126
58506152
73767877
6717569178
12474249
4619650197
1371713821
1551815919
176178179179
6317968180
162138165140
1513915640
5220254205
193174196175
82298630
148126150128
56416142
7619478197
1535415557
1609016293
8221786218
134163136165
916411166
41817182
123223126225
1724521246
182159185161
1125111552
190169192172
054356
15271549
13571389
188101190103
1182312125
1306813370
149157152159
2720630207
36663868
434456
66557156
63496650
5210254105
3010431108
158225162226
8516188163
8122184223
82148317
3513137133
92659468
103181107182
181229184230
8517288174
190222193224
9213195133
1322313525
32403641
1701517317
195170196173
1188612188
125163128165
2319125194
162150163154
191244193246
180214184215
67476950
14961699
186200188203
1582416027
180164182167
2018123182
02023203
1522315326
6110163104
1007310973
137181146181
9018592188
1708117383
190191193193
57475949
184171186174
1756317864
3818841190
4419046192
180218183220
107190110192
130144131147
4011444115
63886690
1915321156
174134175139
77237925
188159190161
5921061213
95429844
6010563107
72867588
6520669207
4724752248
180193184194
1413114433
1778317986
1121212217
6317666178
4121743220
12421444
21712274
86908893
5821761218
134153137155
1011510416
8419888199
4417345177
3718140183
156234163234
1587916380
6924572247
106145109147
1851618818
6819470196
1328713390
2715830159
36753779
185230186235
7615680157
189238191241
1813118433
87299230
3210035102
1618316385
157205162206
1512015422
01415142
150120153122
123138128139
1132311428
198180199185
99126101129
46734875
169217173218
100235103236
693995
122168125170
124236126239
27642967
2712030121
194220196222
5519857200
191209193211
1384314144
19661998
3813541137
9319595198
191227193230
97139915
158106160109
129137132139
1245612659
9113894140
197236199239
1039210693
1251812919
1694317145
185227187229
1194812052
1349113992
1318016181
1622218224
6515370154
19822284
83718772
1973819940
74587661
4816251164
1279112994
1827818382
138231139235
1152411727
141161143163
43254527
5421955222
128105130107
184149186151
9718699188
9514098142
176149178151
1474615048
103232105234
43784879
8422686229
62389240
107187110188
17841816
6218567186
2119824200
1314015143
2922930233
7411577116
157198162199
174212177214
132140135142
1913822140
55455649
1821218514
95120100121
170203175204
40284329
1845618758
8610988111
19621994
61868188
46114913
5410659107
1751117714
690713
027528
134212136214
82368341
276578
1588316085
128108129111
1748317685
8214689146
827930
9416996172
1309113294
1461414718
1955819959
1362213825
181247183249
124189125192
1107211374
3017732179
1923523236
185237188239
155172157175
1120914211
5512958131
57896090
168130171132
142217144220
81638465
68606965
1248012583
177156179158
1953619937
8417089171
1015810459
4023343235
31315133
67987299
190145192147
1905319255
8316084165
3814241144
1141911920
176134179136
1144911850
191121193123
118181121183
71657467
1549515796
1017613178
32154218
178143182144
1442014622
173205175207
143192146193
1297813280
1426614370
4511147114
1655816761
153214156216
1867818783
32613662
127224130226
2524126244
3518837190
3722540227
121100122103
146166149167
61436444
92969499
179237182238
1811018411
186145189147
1378914090
177120180122
4219445196
1637516676
126101131102
95139102139
196243199245
1497315275
18599187102
160217164218
34803781
137159142160
53325733
2322926231
1629516498
5621058213
1318515188
6524568247
9621398216
31843387
1710121102
5495611
16571689
9841088
188244190247
135205137208
152238155240
7811481115
1975319956
189225197225
157179160181
2411426117
1766817970
19852286
187168189170
148151149155
1079310995
2821330215
1747917781
9117893181
9112494126
157215162216
86218923
4617148174
120200131200
187240188243
190129192132
1811618221
1279613097
63476648
67917292
26392743
521210213
110124113125
35973899
134209136211
637840
99215102217
24652668
1317315175
1086811369
7323575237
187184189186
164180167182
157200161201
81898590
9723399235
143133146135
17102011
786889
4194411
60706372
99159102160
131247134248
1774517947
136173139175
1022110523
77898090
4822349227
103166105169
34333636
721610218
3122932233
2716228166
40124314
7716879170
15541756
50265229
31903393
106228107233
108184111186
12011223
6022262225
1922622228
135176137179
1408714488
185106190107
16701711
1276912972
3611239114
67937294
11631564
1401214115
2418126183
81878488
62736575
1473515037
3512138122
112181117182
1779517898
1917919382
177106182107
7913882140
123179124183
128202131204
145157148158
152184153187
299931101
8113385134
18262128
51775578
126248129249
51355337
1323213435
1718019182
2718230183
13781581
71738176
158183163184
1347013772
13298135100
1048810889
78517956
4020445205
115206116209
1406414465
7917781180
13401372
5015952161
1453014733
157124168124
122216124218
2722732228
2312226124
100122102124
1368013982
1854318745
6912171124
1974119943
121198126199
1024910550
1496216062
189921100
136240138242
1519515397
148199150201
81938395
02324233
1562315727
5620759209
2320526207
1698817190
1136611867
118124122125
1023613238
14531504
1565515957
73417643
01681171
8712590127
1543015632
315313153
1951119614
189226197226
187148189150
14799148103
9112094122
1232913029
9119992203
170124172127
99243103244
1887919082
815411156
1571416215
3814042141
5410856111
1287513177
120230123231
179233184234
6213764140
170186173187
1954719948
7420575208
6723270234
153149155152
32223524
1613316237
180222183224
108240111242
90194100194
6622669227
150210153212
26482850
1337713679
1431614519
1455214754
98135101136
5710859111
71897490
161246163249
7219575197
43624664
132125137126
8641067
42944695
1618719188
129205131207
192212195214
1812122122
77578059
753784
9418997191
818211183
166118169120
1613918142
70101
1419117193
3816039164
173817411
3521336218
4020244203
4021045211
1036210863
147129150130
141151143153
1379513997
101145104147
117184119186
572603
166153167158
1519416197
7524378245
6611769118
2410927111
63916693
163195166196
30643266
2724130242
32573658
17652066
67857087
2019623197
1039010891
1514115642
46204921
72837584
46224824
5217253175
138133142134
108181111183
159158161161
131149132154
106212109214
3416237164
6714774147
9761179
982610327
5918361186
137182140184
31313432
117246119249
9311796119
5915361155
1012810430
3121334215
124233126235
170184173185
1223117232
108215113216
113109115112
128155131157
1020714208
484885
1572816030
2410227104
141239143241
1651316815
1233013030
1942919731
115103117105
1189412196
1392314324
1439314695
02073208
2313825140
15401591
144148147150
810861
111201113204
31135115
154207156210
11451646
145233150234
1037710579
145122147125
118159
5021455215
9419299193
1589416097
97729975
125184128185
1165611858
93709672
1854618749
28573159
150220153222
273296
1583316036
158190160192
5311256114
01837183
