1810
126145127150
1793718239
14701502
12151256
1374613850
115121117124
5817961181
128217131219
124242126244
178134179137
14001451
1765317856
4010544106
1384214243
96165104165
10099102101
61536256
143111146113
147165150167
942973
1887619178
37654067
93659568
1865218954
1765717859
5616659168
134118137119
3919742199
102219105221
1516920170
88799081
170161174162
2115522158
713735
4723852239
175111178113
687728
02123214
106216111217
9761179
7613177136
94509752
1313016132
80548256
74787681
108133111135
160148163150
8410088101
11741675
149174151176
1329313496
8914292143
126168129170
97869988
01811184
181229184230
13141516
183240186242
5412857130
1071810921
1433914542
1258712889
133223136224
62406641
018419
3723141232
119232123233
124222127224
6424567247
4121843221
9314298143
115226122226
6010462106
3418835192
113711510
8716489166
4713549138
1874518948
517918
39804182
62258227
122164124167
9115994161
2020322205
5813561137
134102136105
7912381126
1219514197
15499156102
41294331
359938101
13321634
150123152125
122216124218
1303113333
30203223
78748275
135229136233
167207170209
5823560237
108115113116
494516
61477150
1456314865
54335536
155192156195
4319746198
7916781170
95164102164
182237186238
1285013152
1812718329
5215757158
35323834
1791718219
662963
125123128125
62449246
1015010452
115125124125
100198103200
83648567
1117616177
129160130165
188152191153
67406943
161154166155
128225130228
1619516497
68707172
1713017531
1396114263
124176127178
23162618
162119164121
5615158153
53775580
36903992
156176157179
11671208
128198131200
1672216924
6720070202
3223635238
110173115174
01513153
2622328225
236538
196153199155
170241172243
1475114954
140154143156
5916361165
3012438124
80188221
112124114127
45714774
52835585
5714760149
122131124133
106138
184128187130
96559858
1324613548
16841985
1518616189
171150173152
112188114191
1831818819
132199135201
7619679198
1712019122
109121112123
286299
1002310226
169143173144
155169157171
129194132196
1532815630
5413957141
191146194147
8621688219
100222103224
17101733
8210785108
4211545117
120146122149
194232197234
113153116155
39424144
2316126163
1001310116
1305313255
3610439106
144102146105
167201169203
1924219444
1118511486
2921832220
6723670238
154715610
1852118823
105112108114
1014113143
7321876220
192153195154
122142125144
10831115
103245104249
8720691207
2123924241
4324445246
142198145200
118184119188
1788018182
7514377145
1725717558
2623329235
1062610927
119180121183
3821740220
44274629
97140102141
2818833189
297598
107124109126
1078211083
2715828162
99148104149
181158184160
7024772249
1458514689
3823940242
913812139
149244151246
169212171214
37713973
2817633177
171119174121
3017439174
146194149195
99186101189
123187125190
3722340225
1141111514
184196186198
1178911991
128204130207
45534855
20372937
1578515987
3114833151
823011232
173182175185
27243026
14731495
193102196103
1023514236
6215865159
4119444196
79378338
3623641237
1712817429
039143
124208127209
119194122196
167198169200
1122311525
114201116203
1353813840
126108129109
1320616208
1965719959
12171258
140233143235
152157156158
82228424
6922071222
1065410759
91319333
146200147205
10451248
19752376
5517157173
140149143151
89869288
1798918290
2417627178
1044610649
105244107246
130180133182
115134118135
424456
9110894110
32503452
6020963210
1043810739
185173188175
4720949212
1916519467
152164154167
58816084
3419336195
12611562
50215223
52715573
8711892119
191158195159
6617071171
49495251
2611329115
137196140198
59256227
1565115853
1966719969
2424226245
179211181214
5216755169
41727174
103206106208
7212674129
1517415476
85728774
1678316985
186118189120
75937895
3818541187
3818342184
64856688
66546759
196174199176
109156114157
101169104171
122214126215
7722778232
90579259
18001822
69147215
51275628
21132813
113178116180
811411115
1166811969
146145149147
180204183206
2413728138
3414037141
63266627
82628563
7720880209
165237168238
1492715228
89369139
14151437
156108157111
32264230
110218113220
103129106130
14761566
1117911381
4714449147
34363738
42714473
1354313745
30753277
01892192
14411643
1154212043
181249191249
1776817970
111130114131
1931119613
71587659
2815431156
7921282214
178238181239
4918050184
7423276234
1335813660
174186176188
2514827150
5422157223
1243712739
464487
1555515757
5521157213
1345513657
157220160222
195196198198
1818223183
96119913
6123764239
1304313245
7516380164
1719017392
47585059
195114198116
5116454166
179225183226
6812071122
31273528
3223934242
1135311655
5314257143
194110195113
53665569
02012203
9118794189
89609261
384416
80178817
1564615948
5423258233
15371640
6514868150
161222164223
184200187202
3322336225
1237312674
1081211113
8801281
8619689198
113181118182
6222865230
31766178
6413968140
1583416335
1387314174
144238147240
168248171249
174238177240
88459147
187148189150
1409314295
148143153144
58896091
1727117772
147138150139
193130195133
093197
4420447206
5423957241
12761578
2711930121
1073311035
61166417
2924532247
1316913371
5016152163
1820821210
1415914660
145183149184
118104121105
62596561
1608216285
176183179185
116185117188
165191168192
1521215415
1212415126
3621439216
4322646228
5022854229
9512397125
1891519118
191182192185
8314486146
1706817270
2415126153
156137158139
6324065243
9518098182
4721650218
7415876161
1233412636
1784018142
1786418764
1188012181
1892019222
55875790
3512937131
151149155150
4224145243
5814160144
3910941112
5922861231
169102173103
51295331
9621199212
158143160146
9216294164
58866188
31798180
67256927
191204194206
5410659107
144235147237
142116146117
1681517216
140204142206
99213103214
1289113193
2816530168
192152199152
153216156218
84258627
5014252145
4911952121
6318965191
1507115273
047349
1463814841
8814991151
121245125246
113233118234
9310494107
8422989230
994310145
153129156130
2518927191
102234105235
185125188127
110149113151
4412147122
80598959
1320917210
177115180117
2012023122
184131187132
9961298
1967719978
26212923
20202322
3321735219
76308330
163204167205
42207222
99106101109
67447046
3723340235
180195183197
916310166
105174108176
2122024222
143225145227
9118494186
1702217224
1927919979
15031535
6022262225
154221156224
1066210865
8261128
1426614568
1929319595
194244196246
1436215062
1529615697
1379213995
61518153
3718040182
119134120138
185135187138
115103117105
146158150159
411711117
1275713059
196184199186
743766
147191149193
52245526
114147115151
6323466236
1513115334
120197124198
11721573
71357338
22235225
1844918651
51445545
576607
697899
1021813220
111168112172
3218433187
3011331118
38204023
1737317675
159211162213
104156108157
6215264155
1941919721
4617148173
5124254243
3813040133
1074111142
100119102121
7016472167
131149133152
79898094
11301431
1058910792
86668869
8823991240
1392514128
116209119210
9012093121
130237131242
7819980202
1023210434
1873718940
2219531195
53405443
4216347164
9219993202
1801418316
109182112184
1174911951
46925093
163208165210
1704217145
1595116154
164145165148
058360
1210017101
135204136209
1017910382
113183117184
4213646137
40554357
187194189197
1896919370
8723590237
2722629228
193155195157
6819771199
1595916162
126627
195201199202
3413737139
2616928172
32393441
65506753
1534115444
127139130141
6515267154
168219170221
17411845
4711050112
38274029
190194192197
4220145203
144140147142
140146143148
124139126141
01617161
96239726
169229172230
118121121123
894916
3523937242
1101611120
188214190217
1384414245
105181108183
22443249
1812720130
92123
178142181143
3820340205
37834085
195216198218
58226024
168239173240
91749376
1663316935
95169718
163247165249
1621317218
1714817252
146206157206
175247178249
83888789
8013682138
115212119213
114165117167
1416317164
1885519157
98131100134
4312646128
8722489227
49835185
173114176116
2121426215
1156011664
190113193115
129176132178
169217174218
111225114227
87549056
255756
6823969242
185187188189
132217135218
995710159
160198161202
1525415456
9111194113
114117117119
1515518157
1414217143
792995
1973619939
6612571126
115156119157
7521278213
1724319246
158205162206
7417878179
13851407
3121133213
8915291155
1302513128
97232100234
52895491
1716522166
161189166190
3221535216
6620369204
3217834180
2520426208
1856718869
4711758117
4916851171
18861917
68496954
1377813981
67607062
122219125221
61426247
198159199164
90519353
3816441165
131204134206
4215545157
1422319224
184218186221
1074611147
7213073133
87968899
684887
17392240
5524259243
1912519427
1304113342
81258328
515916
140219143221
112235117236
1348813691
58706172
104203107205
1551215715
95349836
915211155
152207153210
4414149142
4523746240
173135175137
110180
43654468
1051110713
1485615158
104161107163
33613663
4013843140
166246167249
105230108231
106234108236
50615562
01673169
8413287134
12721303
6810870110
63426644
112197114199
1109511496
175189178191
1356113863
120199124200
126238129239
36483950
107240108243
3212834131
171186173189
178150183151
6212565127
149217152218
1064310845
130247132249
131170134172
4312945131
3717539178
3022532227
7910982110
8921090215
78348036
148235150238
170180172182
193194198195
1611519117
84768580
107225110226
2024423246
109234111237
177153179156
12262230
1037110673
8716790169
169617010
7220074203
1720419207
120114123116
193172195175
1612418126
78438145
10599108101
122182124185
1124211345
4114143143
144187148188
3223133235
1763018031
9215495156
165178170179
5423457235
101102108102
96279730
1181012211
40594560
5314454149
131162133164
101153106154
188155190157
164226169227
2714431145
182190187191
123234125236
1121511517
5319556196
1806718369
5814561146
187218188221
55525755
155142157144
126189133189
3411937121
108147113148
187140189142
72109213
32333338
143210146212
140137143139
6515567157
9214894150
8711590117
146108148110
9323595238
175217176222
89159217
1916219663
2213125133
171122174123
128101132102
841855
2422626229
1476814970
1913719638
8921792219
16198164100
1378613989
1564416145
136239139241
184178187179
1853618641
1625816560
1622719229
1245412755
71289131
106220109221
2414426147
8813291134
63536456
1211912520
1478815090
94319733
98489953
34223724
24292731
7623678239
94779779
17281831
1371314015
1708317286
116109119111
117239119241
92269527
160181163182
15411573
83498651
133193135196
5318756188
13561379
15941626
3423136234
1369914399
8412087122
36273730
2011023112
176232178235
6319664200
1952619828
19799199102
01853186
924712249
6017563177
1848218784
4516550166
113109115112
7516577167
46214922
9420196203
41694470
1286513366
178242181244
1643916940
1551616017
1841318914
1579516097
2315826160
1176211865
1223112533
31253426
2215123154
82118513
98153100155
109100112102
185153187156
9423296234
71437346
125196127198
6586710
1724719249
1412014422
2821431216
105187110188
40174319
19412242
113168115170
163216165219
6417466177
140239143241
1171611820
1227912580
1208912391
489750100
21444146
179118181121
1910222104
17601792
161166163169
2024723249
158227161229
116106119108
1296113263
8524288243
102201103205
1910722109
1579215994
1659316796
8315885161
148198150201
8715288155
4610249104
98167100169
130123135124
3110034102
1395714060
196212199213
8610291103
9417696179
1703317236
144221147223
4020845209
20892192
01114112
40374339
102188104190
1510318105
1026810570
1525015552
94559558
1745917562
1362313825
162193165195
8319086192
100128102130
1921820222
152131157132
181115184117
1204812349
21932395
196112199113
124120127122
1013810340
15799160100
163156166158
5522457227
51248126
4711354113
157216159219
106170109172
7417076172
1644116942
5620859210
64116713
158232161234
1491515118
4017743179
189126192128
1884219144
1114414146
10151047
130221132224
21134115
19332136
4317345175
1871018912
3022832230
41534454
3520938211
71877292
1158411787
2424627248
4024442246
139228142229
70257327
915612158
899891101
1682817031
56695773
1823920241
2319225194
96196100197
1845819258
2412927130
1899319195
170128173130
205228
101231104233
190238191242
5310956111
1973119934
18462048
2658
92239525
7722686226
7224175243
119150121153
1661916921
21282331
40134216
1132911730
130103133105
2416427166
190142195143
180162182164
187245190247
50405143
1492415126
74197621
163206166207
2320125203
4820451206
166111171112
1109711299
17641796
169231172233
1311216114
7410275107
6815569160
269828101
995510456
9213094132
140114143115
1738217783
8312585128
5118353185
01782180
714016140
194104197106
61429144
193165196167
153126156128
45624765
191216194217
9518598187
151170154172
120216121219
177107180109
1214212643
1182112123
7512478126
41204323
1147311675
1114813150
1905219553
188137190139
140215143216
58735976
176203179205
3713439136
1523518237
1066711168
1771910
183133184138
4613350134
23602662
189187191190
9321695219
1912322125
4121144213
56395742
1094311145
1188412185
7323775240
195118198120
174103176106
9320998210
120186122188
80838384
6012365124
187122190124
122179125181
6821271214
139157142158
23412642
9612698128
110178112181
156150159152
8323486236
19671999
1217512477
17598178100
42324534
145168
6716269164
44564658
6120363205
712010122
187240189242
84688571
13298135100
193214198215
176175179176
2810333104
78318133
7720480206
1154011941
182101184104
109194111197
1647316775
2816331164
194139199140
83728475
113193116195
1395014351
1734917750
124151129152
1761218113
1223015232
1483015033
2321626218
86578958
119234122236
6717569177
1446914672
6910272104
143168146169
196156199158
517516175
1653616838
1479115093
186243191244
98144101146
29710
32593760
2316925171
38614362
21087109
96959997
5020952212
7017873179
4712652127
1828018581
1359614097
8313685138
4519348194
910714108
55585860
147102149105
150103152105
165113167116
153175155178
84958698
8223984242
157103160105
62576558
1288113282
7520077203
16001623
4319045192
52287231
74467947
45784780
115237120238
1711322114
154116164116
125199127201
112239114242
123147125150
109152112153
77668068
189191191193
1122815229
63456548
109108112110
3617039172
3712540126
3419838199
24492554
457759
01234124
179234181237
5620358206
9831034
33813683
621923
95137104137
180133182136
95719873
1313613438
32923594
166211168213
3510738109
155228157231
127173129175
186222189223
173204175207
1949619798
1277413075
49245126
4112444125
107131110132
1266012863
809581100
1883219632
7910181103
9719999202
1777418574
9120892212
71848187
1099011193
7221174213
1002710132
01742177
1407814281
64896691
37133916
1110913111
1954719849
1753917742
1611016313
61906393
10331235
3116533168
12401291
2214824150
4816149164
132238135240
75377839
20702372
01543156
187146190147
9117393176
9019092193
6621769219
1182912032
150168154169
195224197226
79398440
7014274143
116112119114
1606616171
9416595168
55145816
78268028
1473515037
520410205
15771609
1844218744
1525715459
1901119214
3023131236
143228145230
1316713668
146131147136
4719650198
164916512
1738017781
022523
9019592198
23252627
172111174113
7522876231
162241166242
1665716761
1426914372
137232148232
81928494
1198612487
97229102230
73687669
99239103240
85219022
1634916651
150225154226
47155017
181177183180
1337713679
132125135127
01283129
6719370195
140169142171
1158812488
1928719489
157203162204
138114139117
4017042173
104140107142
69167021
148178152179
179218180223
810310106
136190137194
7917882180
1739718097
119220121223
411514
5317456176
58656366
8824793248
2220624208
11201422
162220167221
115126118127
83868887
3615444154
7115075151
890921
137112142113
1835218555
146233149234
115248120249
1821420217
1697917281
4210945110
26632866
5023253233
2022723229
8320286204
8923192233
4422147223
108202111203
111209112212
8521087212
23902691
192191194193
02211224
1883019331
6815170154
1813519139
170106173108
180171181176
8019282195
417449
8319386195
148203150205
5017251175
9018193183
167174168177
106184108186
38244325
1044011140
142133145135
4516748168
180129183131
1497715180
920612208
7021572218
46124914
150131151136
135138137140
129243132245
1251512817
141201145202
1842919529
1684316948
680703
83548656
94459747
105103106107
77967998
92379539
154145157147
1391014211
1925419556
155225157227
127240129242
178177180180
710742
1118914191
5224555247
163224163231
6518768188
1666716969
44234824
79498251
126105129107
153196156198
1259412895
191138199138
1658116882
9322196223
1425214455
2114223144
6418266184
19282031
8610887112
959897101
1641316914
87258828
72607661
6521467216
116131119133
113229115232
16171639
155184157186
173241176243
7814582146
4817652177
158119161121
99111102113
1317513476
6413265137
195127198129
51575459
160214162216
110245114246
56436044
182213185214
174142177143
110228112230
9514898150
7923682238
5018652188
2710829111
123225125228
18521884
1553816438
46344836
105133107135
7715880159
104166107168
8217284175
1442514826
976410066
1110514106
7524477246
519853100
082285
186206188209
116143117148
177245182246
9314697147
3322836230
9511198113
1088711189
124205127207
2113423137
6614368146
54815782
1313913440
119117122119
77788080
182121184124
91699471
128183132184
5122153224
1678717288
70527453
167155169158
823311234
1475915061
9411896121
172155173158
96679969
150128152130
109185113186
150231153233
108139111141
2092212
100172101176
15251630
134189141189
1578215984
141178144179
31293332
131139134141
5910060103
11251156
1441114515
149219152221
80858287
197242199245
8321885220
1689717298
913612137
73778077
984610347
1188212183
190227192230
28283031
3273311
74427743
184193186195
1391611
1767918679
78547959
024325
1016210464
1257613077
156180159181
191177194179
155239156243
172247174249
93199621
122174123178
3621737221
1274012942
115129120130
27153016
171145174147
5320954214
180192183194
7812780130
179231182233
1751917820
9212394126
188200191202
1396714170
175230178231
320314203
100210103212
1626616567
1661117112
2220926210
143161144164
3512740128
186211189213
174717610
106179109180
192247195249
2021122213
84288630
124112129113
142143145145
33653667
1396414166
120111123113
86118913
346377
9610698108
112213114215
160122163124
1733517637
43104513
1434314644
912411126
144137146139
108119113120
39334136
167137169140
8418787189
17161739
1903319335
94539754
6496
16341685
177817911
189220192221
102191104194
1516015363
3824741249
38514054
7211674119
117189120191
1307813280
3822741229
60676369
98147107147
4017442176
158131160133
99158102160
60796380
1157011772
185103188104
183139186141
146227147230
3818840190
92449349
91549356
1867518778
138247141249
1338213684
1211515117
113138116140
196247199249
98226100228
6310467105
1958819890
1815919163
161127162131
1461314816
3711440116
9623998242
129142132144
3324636247
140140143141
93599660
1142011622
1087311374
31306132
1787118173
1353013832
194107196109
153121154125
142130145132
151159153162
1102111125
141222143224
1713119134
3421239213
197107199110
3520437206
19182219
5311857119
48754980
195135198137
8817190174
69488048
177125182126
1818318386
113102114107
6618968192
424725
112160115162
1003610537
3418637187
171221174222
1552215625
176166179167
7677712
6318068181
1904819251
012314
180185183187
5121351220
2612629128
168113171115
1903919440
169236172238
57496051
5315958160
5120054202
7321576217
50765776
136132141133
104200106202
7219274194
105189107192
168193170196
98156103157
1392314324
16171819
1522215425
140159142162
6712372124
29333135
1527715382
1431614519
192201194203
7020973210
192117194120
2721030211
192168195169
93409542
1935719560
8814493145
2715230153
1639116494
4122445225
1991019919
17962097
136218138220
80578558
41654268
1603916341
1069310895
108164110167
1874918951
28563158
6798
73737576
174157179158
174149177151
5217054173
177215179217
3916843169
637939
1908219383
154246155249
9215797158
4318746189
18891993
174107176110
1468114983
169148173149
1714920151
291692
1235912562
78528153
3011032112
98289933
929894101
13821414
5817261174
58616064
159137161139
24922695
2518228184
118143121145
1783418136
120209123210
16221924
178227180229
2611629118
1392914231
1008510387
180202183203
6224867249
1689517196
125182127185
107104110106
103810510
8717590176
1410916111
128148136148
180156184157
432463
1097511277
3516036163
138201140203
1152611828
1519719198
183227186228
37943898
138164139167
1519115394
1335113554
161174
180188184189
112132115133
180184190184
197221199223
8216483169
4619949201
99216101219
64926694
77817984
5013953141
7919082191
7813180133
829883101
131167134169
1229412497
2412229123
133113136114
1324913650
125160126164
