1753
157198160200
1123214234
41764478
72207522
170130171133
176245178248
8316786168
142166144168
59846285
1629516498
1422316226
1904319544
1403914242
109141114142
1106711170
3114833150
6814071141
40284329
1710420105
1612116622
728759
1162512026
2417027172
8520488205
134165136167
1889019192
1615521156
3820140203
1432914434
1744917651
26962998
9523397235
21952995
1621616418
131190135191
21825184
113152117153
2318525188
25812783
120196123198
5214354145
1313713538
7315076152
3412237124
2114223145
8123884240
4820150204
63906691
62166518
178183182184
43854588
18861927
2312926131
154162155167
1127411476
67716973
20772378
1023912241
4115543157
1912619428
71357536
8314185144
719512196
6815171153
179219181222
5117053173
2518228184
1331913521
128195130198
699970103
52207223
47924895
862884
1533415536
108187111188
2110723109
1139811799
1952819829
1813220135
22362341
6918372185
101146103148
17731795
26202823
45254727
7417677178
60776279
76377839
1066210865
5520860209
121226123229
193247196249
200231
1720721208
142214147215
6424069241
7415977161
145238147240
1572116023
18152018
4123745238
3119642196
131211136212
1719417397
4117944181
183186185189
8224684249
99213103214
1275912962
3422636229
168231173232
1688517386
02393241
108152110154
8512887131
2122424226
1949119693
3324138242
1411214414
1417217174
87349035
105142106145
1599516197
17699176110
150228152231
143187146189
1805318355
196245199246
72059208
1596516167
039142
56175720
7522886228
103108105111
180108183110
2214725149
39684071
122135124138
34603761
46214923
76937896
185226186229
1612819130
717510177
181129183132
76767878
110143115144
139229142231
8516188163
97103101104
1766217864
1038410686
4021343215
176917812
196171199172
144146149147
6613767140
1397314175
1938919890
133240136242
1324613448
5514356147
181229184231
126145129147
1568615888
1011115112
34713773
28753176
2823631238
135160137162
9118193184
127211130213
1069110796
7616277166
1425614956
8420089201
154213157215
37764078
54315932
131149133152
1774318244
9301232
1529015592
5413657138
148237153238
1492515227
8310887109
192173195174
95169718
8022583227
1646916671
1158211685
18312033
85878889
122145125146
37313835
130101131104
7522080221
3517538177
4422046223
1252912930
1084611049
1828018581
97289931
7211674119
76357936
43694571
5817461176
1346913870
117220121221
120231124232
149131150135
1489515098
189183192185
145144149145
186118190119
2620331204
155137160138
6912379123
115150118151
144134146137
98242100245
9981898
7022073222
156104164104
20842286
6615469156
179179183180
3924142243
8921192213
01545155
090392
43724575
160222164223
140243143244
1498315185
41134315
105210108212
6395
1614518148
141235144236
96259827
173166175169
126226129227
7619377198
1925819461
174149177151
8522987232
3615341154
1414314346
189181193182
84158717
1631216415
110162113164
6916971172
1176812069
6412569126
30563457
1118811490
4810850110
125140127142
32156217
1325713758
1685617157
145194148196
11561557
80268129
44284630
1896719269
145234146237
130159132162
128125129130
171186173188
105181108183
1542015623
72127912
166199168201
71319134
164203167205
96729974
961993
1841818720
83658667
11301152
42434445
143141144145
37404042
45344836
88279129
5714560147
6119864199
127912912
6316766169
1333213634
134201137203
1210314106
175192178193
5722760229
39164019
574876
1474915250
7620678209
47685169
138130140132
148121150123
104234106237
3668
1721720219
4421247214
7320675209
42954597
126171129173
72797482
138103139108
3421037212
165210166213
135141138143
1565516056
173115176116
18342136
137164140165
172130175132
5510458106
3713139134
1523417237
8015082153
189200190203
14531655
3723139234
111149114151
171140173142
1475114954
5423056232
3220234204
223525
27392941
813854
39114212
51278129
59406740
9321198212
106176109178
135183138185
4512748128
105134108136
41934494
155247158249
14501501
48515153
99144104145
145171148173
110125113127
56975998
17361767
111107116108
179245183246
136114139116
107206111207
3121033212
106120108123
141180144182
1065010853
1531215613
186189191190
135215138216
1652316924
1749717998
30953297
1015610458
87319033
1887419076
9211194114
8598811
108240111242
1944819650
1918122182
186245188247
1619116294
41164219
2811531117
15051528
53405841
79428244
63546656
91499352
28773080
4613749139
1396114263
173917512
61276330
24492751
02053207
3117634178
82908493
988310085
130169135170
1491015112
29113113
102151103154
75607763
2711229114
1024510447
42254427
4018241185
136117139119
3714940151
3316936170
196188199190
15841607
11172121
1626716668
73767578
9221795219
158217163218
1024712249
149192152194
7916882169
190221193223
19972298
159245164246
1887719080
149209151211
64516753
181155184157
21752476
76977899
3419336195
6111666117
118248121249
4313545137
6414569146
26122815
10911393
182190185191
155201158203
174186177188
3515738158
12401262
174208176210
111136113138
178197183198
1218412387
1092411226
1254612848
1783018132
1018910490
155142160143
2311027111
16341666
5012153122
1474015241
134113135118
3519138192
9815198158
172242175244
161167163170
4714449147
138120140123
174122177123
4118943191
1216912372
1593816339
1514516045
34813783
133196135199
1216815170
1772517928
1802318325
1225112652
84588760
110244113246
177114180116
1319213892
7019375194
4617648178
1801618120
7813680139
171134173136
1891419216
2212727128
107220109222
1743617639
10861288
6914272143
2215223156
4519346198
2615928162
15911623
115246117249
132173134175
6616371164
1363613938
685888
3017933181
1213414136
1316913371
9416996172
156164160165
3823540238
1941919524
1674516850
20652367
8914392145
136135139137
9316696168
7014672149
32373439
101234103237
1231812819
60316333
6620669208
988010082
142190144193
67546956
1224912750
1005910361
1901019411
69327234
167145170147
1118814190
8318285184
179194184195
31176119
195203199204
66136915
6918874189
919711199
122142124144
29543355
4616348166
482784
71218124
1119214194
1466414866
190196192199
1719018193
989310095
153110156112
4911758117
119185122187
112179116180
35283730
1317413575
145219147221
2824130243
61659167
9515697158
139111141113
5016753169
3711439117
23962599
121114123116
189211192213
1114916150
111152112156
44314633
1702117224
139189141192
1796318265
13681399
6018362185
167117170119
136224138227
1612616527
31495152
16271649
50125314
1132912129
6219366194
3311936121
38364138
149242153243
107233109235
2112526126
144158146161
46165117
8523986244
4885011
1042710629
8911191114
9622699228
6716768171
6723170233
33943696
1258012882
1698217184
1522018222
16411942
1694517148
100192104193
7710878111
167137168141
137212141213
6024063242
1728317784
4117443177
2318926191
1853618838
185142187144
1528515587
68107112
9518298184
183182185184
6222863231
171213174215
4821449219
11098112101
117182119184
1321914222
6422966232
13741397
165187166190
41368137
1701417316
8016383165
89469248
61728174
4021045211
46964799
3018533187
1727217574
1043710938
4114943152
196140199142
6414368144
134186136188
100225102228
4415546157
187207189210
4424047241
1774618047
77427845
1516615368
155149157151
433464
182124184126
992510127
1362613928
191121194123
5210254105
5413957141
1114414146
111158116159
153187156188
172102175104
165102168104
1786718169
1312315125
1533715540
5811260114
139158141160
46484950
176138179139
179191181193
179171182173
61676469
101181104183
1125811363
1642816729
35513853
122132125134
533555
7613184131
61476648
912814129
3722640228
4017143173
438740
8341037
1462514827
8523390234
1255612758
2714030142
8122291222
168248173249
4811851119
4613551136
1264312945
6114363146
5318455186
255556
93809781
1081211114
19631994
163214166216
2721328216
2822831230
1914621149
10101312
1974719950
2721130212
194210197212
2410829109
8121382216
113211116213
62706671
54685769
98229100232
123187128188
1476015062
5618057183
316618
130207132210
1221212613
797819
31643465
6724468249
1612519127
97147100148
125222128224
350373
152209155211
151136154137
32763578
139207144208
319422
1279213094
1426514566
4719649198
21986199
1524419245
101122105123
8011281115
155134163134
8417487175
2522528227
1216015162
1518916193
193164195167
152139154142
179211182213
118132121133
1248412785
195239198241
1569215994
46874989
7224373246
1302613229
1111514116
153193156195
120182122184
112188114190
3015133153
1615918162
6314768148
1777317976
21562358
77267929
8611088113
167238172239
69797182
9324096242
284316
41604462
3214434146
156219159221
97101101102
4410847110
2817630178
1614816450
164144166147
394426
1529315595
01411146
1657616977
9222095222
25912794
192141195142
167142170144
122147125148
24572659
1398014281
1298813191
139151142153
110224112227
164170168171
97196104196
4722050221
115128118129
495526
9324397244
114136116139
172117175119
053158
2410526107
91979498
7720279205
191233192236
7611979121
1821121213
22192520
1883919042
131121134122
2419925204
3520237204
30363139
178140181142
76108
92369438
173202176204
241273
1364113943
160205162208
17771979
162234164236
155153159154
1565115853
8924292244
42056207
16299164102
155130159131
161105163108
1418517187
164152166154
126150127155
150185152188
38954197
1547215575
1096511366
4913252134
142157143162
155181156184
1596316464
147166149168
153232156234
156172159174
170226173228
1582516028
191103194105
177233180235
1201812221
41684271
12231425
140136143137
8920591208
6917971182
6213765139
102197105199
155175157178
84298632
1908219384
187149189152
186128188130
6020462206
1323915242
138124141126
1520616210
5512762127
36483850
117244121245
38434145
1788218183
1276513067
92249525
890993
8824790249
162464
181104182107
1436214564
15151718
54795781
4120445205
4918552186
181214184216
1438014682
119153122155
2424526248
51568158
1276812871
9223695238
2319228193
194127197129
5082
4024542248
114115118116
3414936152
107223109225
20722374
1671616918
175182177185
1012615127
123182126184
120159125160
114185116187
192176195177
43164518
3423537237
6310367104
1209112293
1151811919
194155196158
1188812090
6115964161
49635265
14711773
718810189
157166160168
60436345
47585060
180247183249
164105167107
175111176114
140115144116
5715860160
132217135218
169112172114
6422667228
78598062
944966
1677017271
12511355
94829784
7910880111
9321398214
8319185193
153108158109
2224223247
137186140188
846950
1019810499
199921101
90121
6822472225
7221074213
1217312674
1554215844
3216035162
1054710749
5720059203
1237812482
2821730219
24402642
7012473125
1083911041
1324413745
1116514167
130205133206
159247162249
972210223
7619979201
186162191163
4114643148
53825684
1457514877
1833118534
174198177200
1513217135
7817781178
5216455166
820852
1812227122
196216199218
66166918
61479149
4312146122
7422276224
71747278
75317733
184110186113
151130154131
25652867
2117023173
2220624208
01345135
195120198122
8618390184
104222106225
9515998161
1414714548
01617161
02484249
1493315235
183203185205
105238107241
132221134223
9511598117
01283130
79378139
33283431
90899391
81999099
1991919927
7912882129
174230177232
1591016015
989610098
82828485
39504152
165243170244
5520457207
73177619
150106152109
790812
14699151100
381413
129134132135
1124411546
2614529147
113120115123
5123153234
4914051143
183115185118
7421777219
45774780
127239130240
55656265
53165519
1125111552
163207166209
5516860169
178185182186
918512187
14911892
8812990131
62926494
168203171205
9013991142
8015883159
132224135226
119142121145
32113512
51785381
7024073242
1614516347
29893290
117178120180
6521969220
81238325
124191128192
6411266115
127105129107
5511558116
183208186210
61829184
1367813880
5121955220
92269528
59886290
1856718868
120241125242
1621520216
1462315124
118203120206
1198212085
2813631138
01244125
1409814599
182141184144
128199131201
9214094142
139232140235
2013821141
1143211734
8511988121
8911892119
5716159163
1815618260
677880
6312764131
01625163
188219189223
7920680211
70157218
1453014832
116101123101
6620968212
152224155225
1251512817
72169219
1246712670
8718590187
5021352215
109913101
149172152174
1820020203
81598361
29203421
140146143148
3412837129
1312213324
107229109231
81628663
160122165123
46614864
125162127164
1461314718
7216975171
8320484207
4922650229
1966719969
159159162161
167237175237
1484215144
147234150236
7223675238
124215126218
1134011642
141224144226
2210327104
010312
7717981180
1912329123
194114196117
103106106107
8117283174
15651867
8823192232
5413357135
39344435
1088811091
1962019823
1807018175
0032
113154115156
162127163130
116129
143248148249
1412014322
106109108111
100189103191
1053310636
6210865110
194110197112
5521058212
193199198200
3621745217
167222168226
811510117
9712098123
3222633230
521210213
32463548
163247165249
4918150184
1618316386
1264012942
13161348
1431514518
1054210744
3520738209
1118611687
168184170187
7813281133
174156176159
162112164114
7322578226
9681009
11621193
5112353125
142194144196
65936796
130180133181
2382510
1905319454
1133511836
026527
8011681121
87619063
1443514737
140171143173
1123514236
639866100
6822870230
98233100236
139149143150
175194178196
22456246
122243124245
50825285
124212126214
57376039
22682471
153185157186
118108120111
168216173217
5910563106
89199023
1595116153
145190149191
820010202
1177212073
4013143133
1913719439
1919022191
12151246
625827
3022333225
1018013182
3311436116
4115842161
192244199244
54565957
1936719569
137166141167
197113199116
148212151214
85908892
3716640167
58716173
1497115074
67197120
108194112195
8681070
19122313
51676067
112176115178
9020091204
257559
153228155231
142183145185
78308131
72597462
104186107188
1046810671
186131190132
1643016632
162241165242
106179109180
5724059243
79458148
1218812390
182145187146
115157122157
9516298164
58346036
4911552116
6822671227
5122152224
1671317813
169182174183
115130117132
1315113552
110118113119
1117711877
116174119176
1576815970
158175161177
196164199165
82868489
57745976
118195119199
1895519257
1022812230
711810120
1397914679
1916021162
01645165
197155199158
67276830
136102145102
147161152162
150143154144
145163148165
65246826
1818519188
92869588
178223183224
083385
10651116
9716899170
371573
126125127130
64446746
1225312455
108196110198
8020282205
1053910741
5813861140
104168109169
1955819761
9523097232
8315286154
178206183207
189216192218
1359413896
5124653248
176379
107112109115
92759576
128150130152
140204142206
48745176
186173188176
12699127102
12831306
5212654129
3323836240
162151163154
1296813071
55506051
24602762
67676970
129216131218
56545955
188186191188
163138166140
2511928120
172205174207
1546615867
7123074232
187115190117
7181418
1365113854
10901122
112199114202
168191171193
178199186199
70547356
78408141
6920971212
20792381
165112168114
1434014642
1109411197
158178163179
5211855119
127174129177
191117193120
4111346114
112203114206
96339935
2682811
183135184140
60956397
7513480135
3315538156
309833100
106160109162
164224166226
2417326175
1121211415
11181218
178175181177
1971319916
1076810971
5924461246
120236121239
3418039181
1612316424
107106109108
1303013232
1779418096
1137011573
407448
441842
164108169109
49910
193233198234
49415242
68767078
99113101115
90829384
9271229
1931219613
45814982
146101151102
160219162221
153157155160
865896
126159129161
38824184
9515097152
1161011912
3920642208
1334113543
88789081
1014714148
158215162216
2911832119
6323366235
167227169230
6114964151
1665416759
1521117213
22532555
152244155246
80348236
134138137140
69637464
114221116223
623924
116102121103
28593061
149916102
46854986
25302931
136206138208
32913493
5185410
195223199224
150116153118
117106121107
8723988244
125200127202
7521077213
4912851131
188120190122
142126144128
816111163
137210142211
1862818830
19001932
192186195188
1662717327
1748717690
102175105176
19601992
13801393
1164311846
1095111154
195231199232
61196420
14011432
178149182150
1644016742
5322155223
1648216883
5120354205
1152212222
15301562
93689670
135177138178
184129185132
1706317364
54585759
1018010383
1581616117
1516915371
2216123165
1872619027
7816081162
1756817771
135156136159
8618887191
1221412417
6220265203
1403214136
8512290123
7123374235
48715173
4320746209
115202117204
185214188216
135148138150
18521884
1715017352
165163168165
128116131118
5910761110
54605762
1713317435
154216155220
118137121139
17192120
1508015282
194220197222
1959419995
106148107153
190164192167
1025010552
1189712199
109199111201
153205156206
144103148104
2121526216
126110128113
1803718240
194182197184
1544815650
124208129209
93449547
103155104158
159239161242
3724539248
99211103212
7221480214
101232105233
97194101195
61127116
1901819320
3513638137
31145116
1128311485
1203612338
113101115103
138200139203
1405914360
10598106102
117222121223
114160116162
2313826140
1977219875
191203194204
189106191108
130233135234
189126191128
7522984229
8191021
9124596246
195143198145
192224194227
4417147173
1931519617
1802618229
88159316
142174145176
2912032121
670702
88949097
7715379155
9713599137
69837185
3914140144
8019983201
73107811
52725475
118233121235
24722773
6820071201
1816920172
142216146217
428730
10611363
15191624
489952100
58916193
123185127186
113104115106
83948498
1574616047
2618529187
183149184154
18981949
4316645169
157204159206
02421246
3621539216
112218115220
143228146230
125197127199
128142130144
5715559157
1372914031
539854101
1955119853
135175138176
129108131111
156162160163
3616338165
1129511497
3311036112
109216112217
131139133141
149163153164
2414126144
1644316646
1856218864
151105160105
64326833
30423543
169171170174
1458514886
1431014611
1058710790
14031435
1749317696
140103141106
6620167205
164168167169
115208118210
20592360
9511297114
108132113133
180158185159
10461248
9022895229
148244151246
1499015193
95369738
32017202
145166146170
1997019977
14301732
8321686218
7919082191
41414542
7017673177
5523956244
1384514048
49355436
0427
157169160171
1087711079
8420887210
1381214014
4421547216
8217687177
9123394235
135106137109
1963819940
170197173198
59246028
116195117199
104189108190
127179129182
1707717280
1563515838
3915540158
144148146151
7715679158
11231155
176166179167
140714210
51565358
63496850
1299513496
1464514748
100133101138
3115734159
130166133168
5013753139
147156149158
1947819779
1454914654
763804
9013693138
2415729158
161164164166
136145139147
39794281
31455148
111128114130
1201012114
5813468134
196173199174
7014473145
02373238
192106194109
6821471216
152239155240
148177151179
12271259
8821589220
2321226214
135173139174
6716171162
119146121149
89859188
121191123194
51595362
7624479246
6010163102
139139140142
9017091174
6618168184
1501615318
1472115022
114231119232
7923684237
116218119219
196177199179
72099211
176237179239
1915119452
116142118145
1574816050
6611871119
15581599
144241145245
1224512448
100107102109
1037210475
182217186218
01142116
141164144165
1710221103
153106158107
85419042
195105198107
103202105205
58176118
105193107196
2820531207
4210445106
170123173125
7617078173
9017692178
4312744130
1115615157
11561207
6317466176
1211316114
4711151112
116122119123
112228114230
55275630
3510637109
158139161141
62106512
40854288
133227135230
46124913
5913062131
1689317096
4720650208
9111594117
310342
99162100165
30403541
36683870
115205117207
18611964
1284913051
1562415727
01853187
1283313135
132186133189
9619299193
7020672208
1294613148
98218101220
171208173211
3712048120
196201199202
117191118194
1732317624
2422026222
54775778
1711922120
2415329154
5723260233
1332713530
1517715479
1371513818
112207114210
8014282145
108139113140
164184167186
120172125173
94139615
153172155174
5319954202
108213111215
2116626167
3613938142
8617889180
1223412735
314815
1342313724
34793880
1603016331
61346435
78837986
