1832
5216855169
1323113533
142138144140
162127164129
9312796129
1809518298
3612139122
119137122138
1821218713
1587716178
1245712659
191160194162
127181130183
978010082
2110823111
131248136249
102148105150
7719680198
27692971
14761508
193114195117
193112197113
5211255114
122179125181
10621463
2319326195
19271934
19171939
124130127132
427449
110103114104
8221584217
101182104184
89249325
105155107158
126219128222
7311576117
30893390
4615948162
1911321115
1161012111
58496052
6017462176
9223394235
57196419
2715530157
60716372
31913394
8411087112
1571416016
104212107214
178144181145
73147815
7615579157
1608616387
123208126210
1766017862
178148181150
169218172220
1575716058
84208722
124217127218
3017032172
4022643228
50425344
5712760129
7219973202
184245187247
1315213453
01833185
7317476176
35493950
12381540
1941819620
6518068181
1214912451
7210775109
1648616590
9318198182
717749
164181166183
1120714209
2713029133
1927219574
1302613328
1252712829
1868018883
441743
6613869140
196137199138
11951246
1312113522
6123764239
1564115943
2811130114
137239139242
4316145164
8920492206
12203223
166217168220
158149161151
125139128141
3112333126
1634816650
53275430
1811919119
1525415456
158239159242
6422765232
196139199140
3723448234
157168158173
146175149176
2714030142
129120133121
1121411516
85698871
7118575186
144181145184
1885519156
2817331174
42384540
123167126169
7412376125
108223111224
92269627
6320965211
2824130244
09311
101223104225
4711151112
1663117132
8622791228
41574459
194120197122
135152136156
1112613129
864967
1582216025
1937519677
162172165174
6623269234
685887
72747477
51489149
140132142134
194232196235
1463314935
65366837
193230196231
172126175128
106240111241
150249160249
1351013812
14211462
180195183197
9514897150
6017962181
5789
1658316785
177218180219
7621678218
12198124100
1519919200
8121883221
1073111132
2123023233
310351
6322568226
52915692
124171127173
1628116782
482784
2013225133
1327213474
117185120187
1572915931
180175181179
5223556236
1778918290
3317837179
1135911860
140172142175
196150197154
156155158157
1666116963
12321434
3013033132
22107211
1217415175
141146144148
8323685238
12961797
133149136151
2314026142
3619038192
1062610927
1287212975
11791481
124133126135
1820821210
169170172171
79158118
104221109222
17898179102
2441044
636668
139226140231
134179139180
1022010521
1504515346
165208170209
1765717859
111157116158
7416076163
197198199201
181200183202
151184154186
6720170203
105130107133
210233
182818411
742765
101158104159
171144173147
71317334
9116593167
6721670218
15911623
10131215
116170119172
17432044
6510767109
127112128115
1617819180
6812171123
42264428
109215111217
102232104235
1134511647
154196159197
6514368144
55425844
6717172172
1822421226
147209151210
88229123
3114833151
146203149205
015410154
162238163242
1731617618
153227157228
116122119123
182236186237
1045710659
1324615249
5819560197
1691417216
1532715529
188191191193
33763578
8316384166
3620441205
1967219973
5511757119
8115684158
30203124
2618428187
109813100
01222124
165210166213
13811412
1949419796
177171179174
1076110865
1104011243
7419676199
145109148111
9620499206
140169142171
01582161
116117117121
31158116
7918982190
5710858111
1635716658
7420279203
85838885
15661588
144195147197
131217135218
8820091202
150142152144
196171198173
136101138103
4019542197
26253126
173131176133
1915119453
1006310266
100142103144
134145136148
1016713169
196115199116
5516258164
1623616537
9523499235
120248123249
1397414176
161106164108
5311554118
8801082
146107151108
1771418016
1962319924
6015564156
3621239214
175196177198
147162150164
1513215434
1322313525
01773179
32823385
185156192156
133176136178
3814140144
153246156248
3219035192
46395539
1455014653
150175154176
1618119183
2922330226
1476614968
3810743108
1921819323
53805484
1456914871
158113161115
146158149160
6316465166
168165172166
1419414695
3022735228
149116151118
6414766149
024129
86938995
161207164209
146168
2518028181
128103132104
1077311075
29633166
98100100102
106118108121
179116182117
5275
1747017772
1151811819
1720519207
1953619937
18001822
22532455
132169135171
68487150
15622063
178121181123
1279313095
104245108246
78678169
1333813442
18251847
12474249
141211143214
7623678239
3722140223
1608816389
6119463196
1110114103
182119185121
1976919971
51465448
163188165190
8614588147
115203119204
1701717220
1835418556
1382513929
3112734129
115110126110
1208412188
167142170144
092493
4821251214
1403714239
163156166158
1023010432
8424288243
8714890149
139141140145
182203183208
4518548187
189181192183
094296
134165135168
178143186143
185136187138
36713973
7113074132
1649416796
106229108231
124238126241
152146155147
52775579
151162153165
122177127178
84388641
43664867
512814
66756877
35353837
174175179176
17741796
3514437146
16401691
1117511377
67196921
137212140214
187130189133
83818682
3814541147
821811220
198154199159
1433314536
1559415896
99226102228
3422236224
1291610
167243176243
189102190105
17071739
57176118
130184133186
1135311655
1305913361
118104121106
106177108179
163226165228
188153193154
8918691188
1834618747
149113151115
2220224204
1464114843
113182116184
182144184147
111161116162
72487451
1971219915
98240103241
1856518670
109185113186
100156104157
756788
5723459236
10301431
37543956
4416545170
151236154238
119155123156
01625163
62156716
020223
8523186235
81538455
143158145160
8911493115
2717529178
108131111133
153179156181
11591269
14711773
12571758
435737
1222013225
123191125193
6215865160
90759277
4112943132
112131113134
1111113113
154161156164
144247146249
01553157
9624598248
1409014292
11501182
145146149147
42874588
24582660
88289130
2411027111
1614316346
39674269
1266212964
1666416866
40124314
11221145
7815381154
1297013471
1414117142
1022111224
2011923121
074276
178185181187
1884518948
839986101
1445814562
1956619868
1058410985
3623738240
1652216725
80258129
178128182129
4111642119
166916911
1237212674
1674617048
1018810489
1888819091
68517054
167210170212
774805
3915740161
4121244214
9613299134
13181349
133103135106
2612428127
5221355215
1168611988
6818771189
8317785179
4213847139
41776179
164221167223
7115274153
1682317125
2716331164
1926619469
1624619248
21675169
75607762
61116313
103200105202
2911531118
100233101238
1317815181
9616298165
2518828190
180238182241
98289931
6724769249
1502315524
193198196200
5722160222
62566558
113124115126
138189141191
01363138
104141106143
54515753
160198161201
4110244104
5519159192
159221163222
43304831
8922093221
121114123117
8924292243
148194151196
1023510537
62656567
1663717038
197240199243
1169711999
6419367194
157246160248
184176187178
113139117140
114150117152
1244012742
1861418816
113121115123
19431975
81378339
113127114130
4914851151
145239148240
183116186118
5310355106
1731317615
8531154
156204158206
15491751
61536355
1022210523
89979298
165204167207
9613899140
1611416515
5019954200
109151110154
65176918
6517768179
622824
1706217463
1747717978
113229116230
1756317964
101171112171
912212123
194190197191
992210124
5519857200
51215522
17711793
120172123173
62379239
1339013592
1464714948
102244103247
6421566218
130122135123
15431565
1502515326
137135140137
50275230
171235174236
172205174207
145227147229
27112814
5821060212
440463
7119473196
129141130144
1211212414
8520887211
164101169102
4812450126
163151166153
6917372175
3420636208
7311276114
1964919951
810913110
168206171207
8513987141
84908692
18572158
110189113190
61897193
80598361
1024710549
3111033113
182170186171
19892291
6118264184
180107183108
2716831169
1413014432
1013810241
3017732179
919812200
99165104166
138171139175
27293031
168147170150
149239151242
39344236
194239196241
1323615238
359661
179161180165
2316127162
1158311785
185207188209
51867188
1132411526
2318325185
2115826159
1369013992
110118115119
7523378235
2222323226
1602916231
7516577167
9713599137
123161126163
164159166161
5616858170
147191149193
14111812
620110202
7016673168
110220115221
5518057183
4220444207
1323115234
62756576
1515618157
197236199239
97197102198
3213835140
1966119963
120170123171
3712540126
2417426177
116224118227
19922393
1319313396
9517998180
591794
114132116134
14701492
71617462
9118994191
181217184219
132158134160
154150157152
1943119932
163124166126
124182125187
77737975
166170168172
1438414785
190209193211
6223365235
26212923
1914119443
121223124225
22192521
59976398
80478250
1089711298
6211363117
151150153153
88469148
157160160161
7613378135
62229224
38133918
34943995
98192101194
1578316085
116179121180
1022912231
13099132102
127201130203
96218101219
083384
70577358
8923291234
181158185159
2221624218
89849285
8121084211
4016641171
1936119564
149130152131
4110546106
7323775240
3621738220
3813741139
152244157245
171141176142
6116162166
144187147189
81628266
6911872120
105194107196
183140185142
1315314157
1255513056
39324632
42195224
1364713949
1342613628
1124014242
10799109102
116196119197
1246712670
78247929
32315233
192141195142
15921894
7622881229
160102163104
8610791108
4616648169
3924540249
4422647228
1064010843
1115312156
7515179152
3310635109
1519615497
1577916081
1364014141
174215176218
2211223117
1653916741
1821619219
1463014932
128225131227
1802718230
148152149155
8213484137
2516528167
68407142
1461314816
37313834
192192197193
9512098121
12401291
6013561138
6317465176
93449646
117173119175
64496751
11901212
181162183165
1524915551
30673269
9622698229
126179129180
395796
134163138164
64636964
40494251
158110161112
145241148243
1564616047
143215144218
173157180157
34623664
3411436117
170199175200
130241132243
4712052121
1744517747
1489415097
152207155209
1297813280
108211110214
117220120222
3921742219
77408141
119143121145
6811672117
9221027
7218783187
158129159132
70237324
8318985192
9012292124
28163019
110187113188
161159163162
32183520
8716488167
12521455
10451086
1057610779
1661216815
196222199224
125214128216
126120128123
1512715231
120107123109
1139311496
1806518168
1488515187
49725175
3524137243
7012772129
65386741
8120183203
4918052181
161224162229
8821290215
55275630
31743278
43444845
1651616818
4222247223
119146122147
31895191
4912252123
44684969
10931106
1035510656
71357338
1522718229
134188137190
6613168133
3711339116
120229122231
176136178138
31176119
1361913921
40544356
48785179
31313632
113112116114
84888989
91599361
4311444117
47365038
3621541216
8117386174
1424014542
1312214125
193201196203
1152111723
01112113
15201822
185181188183
1916019265
1387214173
86968898
1016110662
5222754229
1091511118
7422175226
3910943110
11881390
2918633187
123211126213
13751389
196102199104
7319176193
127206138206
2715030151
47114913
1725717558
1955219655
59246225
1795718160
12661468
19461959
1884219044
1506915371
44534954
99207104208
149817100
154198157200
1088011082
4814453145
75767878
154111157113
65276829
143239144244
95779879
728931
171208174210
187150190152
183241191241
6411567117
148149150151
1722317525
1226712370
097797
89569158
190130192132
32213423
1551915821
119131122133
108165111167
9313596136
7611879120
103179105181
9416696168
8411888119
123205126207
5221855220
1614921150
176191178194
3622639228
70977299
1633816441
158207160209
1294613347
62286431
5516558166
6315068151
185230187232
6222763232
1337513876
1156412065
100136102139
146129148131
157134159136
187219189222
186128191129
721736
4920150204
10051036
165112168114
1366713969
75377839
178103181105
186113189115
39764278
5519359194
260301
1225412456
924712249
114208115211
2313626138
15811883
183242186244
4022445225
1276712871
1527215474
35463748
117165120167
1812318425
3223433239
4619147196
172101174104
119234122235
135172137174
7711179114
981110
6720469206
175233178235
39794281
9711003
111153113156
149218152220
8013083132
6510468106
160152162155
474505
157180159182
136199137203
120160122163
167248171249
191194193197
994510148
1386414066
7923484235
6213365135
123234124237
4824050243
3610437109
4220046201
172246174249
75687770
8019182194
127208130210
137111140113
167239169241
62277232
7024175242
716312164
1426714668
169229172230
115205117207
147135149138
8421886221
71547655
127167128170
101230105231
8581159
7622477227
01442147
158230161232
5119556196
16397165100
15941616
1813318238
4018943190
103104106106
29103013
1931219613
1497915480
1556615967
130178132180
2815231154
105234108235
74287729
1618316485
3821043211
169117172119
4620948211
19661979
72467747
1345913761
7610981110
85449045
102248107249
12591461
140207143209
73667767
106199108202
139232140235
2918833189
166226168228
133209136211
6324065243
1446314666
2013622138
6122166222
5322358224
13131516
115176118178
249827100
40174319
1447514777
182167184169
89679072
41207122
82688471
171108174110
1619419195
7998211
156122158124
111135112139
139138141140
16241656
191103194105
4211246113
166184170185
195143198145
98146100148
112215115217
4719749200
5922364224
6620968211
1314316145
2121122214
115127116130
1811418316
8215285154
92189520
145217148218
1093311037
32243526
120204122207
84178719
84468748
6617368176
4713452135
1521115414
115198117200
2217227173
1213913142
3416239163
59266427
137185140187
37644066
126184127187
18631885
144133146135
7420476207
159210161212
19699199101
1519415495
5011652119
128132131134
051552
2013922141
177215180217
412434
66806982
13399137100
6120962212
52457248
147214150216
157189158194
129161134162
2424527247
791823
122148124151
1492115422
1338413686
1256012961
2319925201
6518267184
32603365
11751477
355656
1448614787
194164197166
192216194218
162122167123
1511918121
4986100
28783080
5212855130
31863388
69727175
90899391
127124129127
913611138
185146188148
152192153197
4317246174
2218625187
1748617589
01805181
56575860
74317832
194167197169
192124194126
129138132140
32333634
1018110582
4215445156
4916851170
6512367126
109202111205
164137165141
2610529107
9841087
128198131200
150226152228
4020243203
172201177202
129152132154
740781
111192113195
159190162191
46865386
11593115101
1914819450
153201156203
183238186240
100209105210
2016422166
120236122239
1388413988
189202192204
137194140195
1126211763
4319345196
143112145115
179138182139
1275712959
79128214
146149147152
155215160216
7317978180
5313356135
13401372
151109156110
7024372245
4322948230
183181184186
1582616028
175244177247
157100159102
9219995201
059262
28393140
78538056
5018453186
8401043
6914171144
9224895249
3611038112
7221675218
192176195178
122188125190
124138
149234152235
8013884139
812410126
95499850
83338635
2520226207
120195123197
143168145170
158125162126
41375141
112203114205
7120373205
2016122163
97168100170
1771918021
1551115813
124199126202
1626916571
27822985
129135132137
2314727148
26352738
462963
1117615177
1852918930
8616289163
190118195119
1644216644
1188212183
149177152179
7317176173
163154166155
01284129
9324495246
1915819459
1627416476
134132136135
9014695147
1289613098
1867118973
7916981172
1716019162
179135181137
3911146111
8723590237
170239173241
1520817211
1763317836
129221132223
4510050101
5412057121
61809182
88199121
5817762178
9621099212
85518654
122129130129
150125154126
2220824210
6715270153
82298332
1123111532
3718039182
153127156129
135198146198
23352538
125150130151
976810070
69137215
1184212143
7020673207
122118125120
1154011941
148226149229
1737417676
110208113209
9420797209
1325013551
1562215727
99114101117
151183
1034010543
1876518968
96195101196
150172153174
77217923
6816270164
194194199195
972510027
162235165237
133223136225
13971448
34803881
4813850140
93849586
79908094
5715559157
169112171115
8116182166
106187109188
7597811
133191135193
31793381
1616317166
114165116167
25552857
134185136187
037339
140127141130
176153178156
171215173217
184109186111
1688417185
96839886
1011410317
2813631138
02073209
154153159154
70257426
114153117154
5610559107
9011193113
9113793139
5415456156
955110052
7923682237
137209139211
1523918240
152114157115
1710120103
128244131246
102191104194
157164160166
171148173150
6716769170
1028610587
1889219194
83108414
4521247215
5710260104
2510129102
1287613277
127235129237
17599177101
96739975
38824184
5317854183
1912230122
39294131
39424244
405446
1833618539
997610179
90879588
796837
116144118147
113170115172
1884919051
1422016223
3317538176
69317036
114185116188
53875689
1489215293
8717490175
1869618899
11271429
1543715540
6023261236
53136013
51278129
133152134157
2018922191
7022973231
61019103
3723548235
1195112055
1518815888
1496415265
42704375
15321734
100109103111
23432447
187226189228
32983799
2821630218
5723760239
89329234
1363313935
115106117109
164116167118
137138138142
98242101244
172120174123
7714784147
1512217125
6623869240
184130186132
184164186166
101167104169
39334633
70277329
22222524
1713119134
1385614556
51427145
152148157149
1521615518
44124615
160137163139
1015710359
1311415116
4312447125
189188191190
133126135128
196209197214
6710068103
6622969231
105169110170
7123374235
1419217193
195247198249
15131535
179234181237
1411414515
184196184203
97219824
175223177225
1288413087
1931019611
192157194159
1176912170
1068611087
1215212453
02295230
1051610818
102124109124
52145416
161245164246
112711410
2521627218
1754117744
29453148
107141109144
1975219955
78648066
107227110228
5714159143
114159119160
8011683118
107103109106
73987899
3813040132
1837118574
9121294214
193174198175
6012262124
1899719199
32383441
198209199214
186233191234
137243142244
99118101121
1345413756
1617419176
4318048181
02312233
8913092132
01872190
1213517136
82938398
3917341176
02363238
101125104127
6615969161
179228184229
150221152223
158233161235
114189116192
9361139
1409814499
78577961
22572360
8513587138
3622938231
1783917944
1952919930
196108199110
121157124159
162180163185
5219054193
122111124113
18752276
180172183174
120209122212
159167164168
175130183130
151166154168
1255313054
143185147186
120216123218
1573815940
1447814780
178212181214
68837085
1394414345
197230199233
1954019842
4223646237
95479848
1632216425
121226124228
8912892129
18301910
10501101
4218444186
6196410
35573859
194196199197
4414447145
64476748
94809682
125223127226
1508115383
1887719179
15591861
1459614799
170177177177
4723650238
182104185106
6624269244
180198183199
7513077132
1713719140
2244
1745517956
1632816829
846897
190245191249
156116158119
1911019214
3415535160
191150193152
53126012
7317778178
1724320245
6420769208
192242195244
7224774249
63906791
1036810670
2911931121
149111153112
48505152
110218115219
1378013883
87739074
6312364126
5313857139
122141124143
111168116169
3618337187
162111164114
1574416045
1316513467
1318916191
1248412785
138158142159
6513668137
139163142164
5715159154
107145109148
71609162
151224158224
181155184157
1904519347
189919013
182126185127
19592161
112163113167
44234725
184172186175
182212185214
5116654167
3424436247
1344513846
132200135202
13531368
181188183191
177242182243
11411343
56705773
158243160245
1096411266
1305713558
1251012812
1014815149
9689910
1233712639
152107157108
71309132
15901891
9521398215
1844318745
45264728
185122187125
92509452
1258612789
124196127198
161247163249
16841706
6515266156
3124333246
84368937
1817718281
8210785109
7324475246
1796118362
32353437
12911493
28513053
1135611658
155183158185
16151917
8822990231
133240136241
374676
5495711
1913819440
63596462
182179186180
1778218582
65306832
6518567187
156213161214
48215024
196206199208
183112185114
133139136141
2316326164
1024510646
191205194207
7221374215
668969
1018310485
1863618938
14411643
147246149249
305337
151815410
40204321
1337713679
1569715999
7771079
175121177124
100211103212
3613338136
32463449
105189106193
1539115692
1406714171
184190187192
2321427215
4923057230
172111175113
8419987201
189124191127
129214131216
1786918171
140220142223
1432714529
160169163171
77487950
1804618249
143149145152
153187158188
105182112182
143116146118
139119142121
5418455189
7521377215
18311854
103197105199
1175411857
90379438
3810440106
5811960121
1463615137
167158170159
147198150200
7821980222
132226137227
3913442136
1689317195
108194110197
2719330195
1931419417
1839518598
149169152171
5223356234
717012171
1471015011
157162160163
192146196147
178152186152
40604163
137176139178
1027110573
4418846190
4122044221
3612837132
472503
1075610860
101178102181
1872518927
13331347
69767179
1922722229
142190144193
111178114179
134228137230
1636116563
13001332
6877010
822511227
189821100
34893692
4214044143
123219125222
8941097
1781018112
5822761228
72798179
889991101
174239177241
8011183113
1892119123
3414137143
264286
5618458186
26273128
156207157210
135231137233
178140182141
1406114362
6818373184
1015013152
018319
94219624
95359837
6910272104
7116073163
114155118156
