1742
01362139
150220152222
2024423246
1214912351
158165160168
8223385235
1217315175
175211178213
131224132229
92269528
1546515866
3511137113
59566258
8716891169
179190182191
196171198173
187186189188
1228512488
6023261236
118122121124
1015710360
7619577200
1704017342
146166149168
1959419896
8418687188
80408342
34493850
1532815630
91379240
62126513
133225136227
196225199226
1036710570
150119153121
53395541
37424143
143105148106
22902493
1375014052
125144127146
188212192213
100144102146
196919911
157215161216
51605362
101164102169
3421137213
1108011184
137242140244
02182221
1538715689
4917552177
12371269
1452814731
181196186197
184114187115
156107159109
155204158206
20492251
1734917750
996610268
74757777
166123168126
1828618588
189619011
23102612
146204149206
76438144
114144116146
66156917
317619
30143316
987410176
190230193231
13751407
2917532177
126158
169155173156
148122151124
2222524228
156221158223
3519037192
174122179123
166127168130
8514686149
4814351145
176239177242
197181199184
109239113240
125174128175
5414059141
19262128
5418556187
68877288
3118634188
1711217414
1077010972
6520868210
9610697110
2521130212
1261112913
1311018111
146247149249
1652516728
185163186168
154170156173
8615590156
823013231
152108155110
140187143189
985210154
5723760239
136162139164
71717472
87479049
89699172
1342613629
176202178205
192155195157
1582116123
150160154161
138249145249
164166167168
1557515876
1917319574
9017092172
2316426166
5717959182
51245426
178142180145
3324037241
1110114103
8617887183
1167911882
4617448177
1022711127
3517036173
137198140200
179246182248
1905019352
3317034173
7612579126
156139159141
196114199116
39544255
186102188105
162177165179
49425144
169917111
1584716149
39334235
95359936
1176011865
3013533136
193102195104
1435914860
532564
1639716699
4414547147
176220177225
1502715230
1888219183
5413156133
2312125124
5422056223
111217113219
175177178179
4416748168
64426644
42144318
123226130226
263295
172126175127
3410937110
153164154167
187195189198
30833285
9219094192
1319716199
77268028
96279928
816010162
66226924
78628064
1633316536
149209154210
1679717298
1348713690
163241166242
4523148233
41676169
969010191
99142104143
1768817990
1687417076
198202199206
13901791
1510319104
1678816991
1204312344
1809518298
122181125183
1120213205
1535415457
120152121157
6812571127
140177142179
196222199224
173233174238
1518816191
9010893110
18632066
123203126205
5216855170
1639316595
1571115913
22602562
172136175138
1432114524
137177139180
6615069152
1396014262
153176156178
9901022
170243171246
155165157168
82488550
65256827
1313313435
3323635239
128109131111
1652916831
41294332
6722672227
183230185233
112127117128
198249
162225165227
1802918132
1409214295
194182196184
6122162225
73547656
176163179164
2921330217
42924495
149102151105
132172135174
2023423236
149127152129
1303113532
4219342200
157217159219
7715679158
109145113146
3915642158
183160188161
1625516557
183193185195
5112853131
8724690247
19292131
1584316145
100123103125
6920472206
719610197
156151158153
2916931172
193244
51845585
3421836221
1674016943
1217312574
6114264144
1712320125
653954
200231
49755079
1274113042
713310135
157142160143
1685817359
187179190181
189192193193
1221013213
8412586128
8215285154
9611198113
1965319955
733936
1489415395
130203132205
817910181
1616918171
140113143115
1028710589
62406541
1719619199
9714699148
7818279187
135148138150
9212393127
7711480116
15251557
1317616178
131208133210
3813040133
179168181171
16561688
172204175206
3516238164
93247102247
628929
5717660178
1201612218
48295330
124172128173
61478149
78498150
8324686248
58256127
169116172118
9610399105
148215150217
6720168206
147196150198
153239156241
44624764
61299131
8913792139
124167126169
6689
1054110842
16271829
1434014642
7618080181
8416686169
1423614537
1711617617
110162113164
3823641237
193142196144
4416047162
5816760169
29303033
193202196204
6624269244
1068710889
494509
45515052
150218153219
1012811132
120230123231
165221168223
1622518227
78318133
7524376247
1839418795
140138142141
1425514557
1093411137
1656216765
12401272
97219100221
130170135171
10499106101
81538355
1077311075
158173160175
116167119169
9621099212
88768979
174183175186
1243312735
1709117196
14371639
1427314475
116195118197
1171412215
89910102
8418987190
8424288243
1558115883
1977119973
21422345
152191155193
5121653218
6813370136
1902319225
31657166
137110140112
63326436
985710060
168162170165
181187184189
62756576
1521615518
189160191163
99244102246
8851286
169228172230
106224109225
5722160222
115190117192
5620359205
5624859249
118241121243
3824040242
3324636248
2617028172
98213100216
16481950
691723
5412959130
1049010593
922111223
4514947152
1404014242
16641767
15311563
66696971
10541356
2812132122
168135171136
106167111168
98117101119
1742117623
28383140
162212164215
1420016203
359837101
1398014282
159917102
2218325185
4622449226
4317345175
167176172177
8121683219
166150170151
8423189232
83688869
85739673
138194141196
1258412786
7212777128
1120613209
4414247144
56765780
162104165106
3121233215
106210109212
31315133
3620939210
6319366194
9014192144
6018163183
36673770
1562215727
3817741179
76227824
4319046191
133200136202
3314936151
4016843169
174219175223
62686569
12046205
71889190
97198102199
158247161249
86218823
5210457105
744767
3618137184
162169165171
6322467225
72449246
8923893239
7322575227
130153134154
9619598197
3914743148
6418668187
4513948141
9771009
119195122197
183106186108
143238146240
8114684148
1406714369
112229115231
82868787
169122173123
5813761138
195148198150
32244227
1066610968
790812
54686168
051552
19531976
19102212
100241103243
195138199139
118131121133
1844318745
513815
101102106103
01243125
119174122176
81958397
143133147134
188149191151
49275428
7317475176
184100188101
4018342185
129218131221
137129139131
12464248
178126181128
3612139122
29213223
7123474235
138106141108
3612338126
1618118183
93459647
1918923190
1597416177
2013623138
1112111422
191185199185
6810569108
54565857
1838018682
98184103185
52875589
717411175
7221074213
7116072164
78828183
2915530159
120140123142
3818640188
56875988
121221123223
195219198221
131105132108
105230108232
1472315025
188138191140
138247142248
127160128165
170173173174
5620859210
1529615598
170132173134
1623519237
1696017461
1189312095
182169184171
1055510758
177193179196
4122742230
3419436196
1779117895
2724329246
134239136242
4412945134
265467
1854018842
1924519447
130200132202
4322745230
147100150101
155162158164
57176118
1902819429
7110472109
99154104155
17999180104
124233132233
1267112973
6314765150
2618228185
32933595
98126100128
2621328215
107191110193
3121633219
167185170187
4820451205
1063310835
107169110171
122190125192
86138915
1439014495
1225912461
89559158
01422144
8513688138
1501415315
9724199243
124223126225
6710070102
112121115123
114141117143
8119383196
4814851150
136123139125
27832985
137190142191
9021993221
1017810381
136121141122
1745817759
1457214775
36843986
148237153238
127240129243
194105197107
193198198199
38873991
31966197
1411314316
180122183124
01409140
926110361
3419836200
5719659199
688890
2013223134
9520297205
119160122162
144188147190
4920952211
123160124165
8422987230
1555715859
1622116622
89199221
107186110188
9416595168
1274812951
79228124
2724132242
19852187
113157115159
3914441146
115160118161
179137181139
1114011442
120178122180
2423626238
130155134156
139192144193
01162118
11601462
17599178101
163228164231
4214944152
49655466
91499451
179205181207
1641316914
14511753
136146140147
164916512
39514153
189169191171
3920744208
44874988
01452148
60316233
1441214615
104115107117
2417326176
9614398145
177215180217
1486215263
164206166209
98134100136
11097112100
1749417697
19471978
3023531238
108112110115
7315075153
166102168105
1247812780
23572659
8822991230
176157178159
119914100
122235125237
47764879
150815310
6123764239
1342313724
107189111190
161164165165
1691817220
6420466207
1367213974
1783618138
198162199166
4318245185
162138165140
69487250
2510026103
182136184139
152115155117
2411326115
02153217
118244121246
163217165220
43194621
3616541166
9120093203
1781818120
8218285184
13641567
4717849181
35713773
73387441
126125128127
158227161229
138171142172
62706473
1524718249
1932619827
89639265
01302133
1631716520
130240133241
67826984
9319595197
1459314796
1411115211
1920822210
6024764248
1806718369
33243725
2512527128
124187132187
9741475
23802681
19221945
158201161203
1661816820
1676916971
149239152241
165210166215
185136187139
4519247194
85838785
197241199244
823813239
90919592
1222014223
103244105246
9011992122
102210105212
172244174247
1879119093
5022453226
32583560
188152192153
3322836229
1867619177
1211414116
7423675240
111195115196
1182912131
1512215325
158136161138
78588359
183212187213
27793180
1222812729
893998
8710689108
1196012163
175237178238
44274729
4520648208
8721590217
90809381
1885819060
1288513087
8623390234
1363313935
1111411317
139103142105
4513547138
6114862153
8311285115
9120594207
182126185128
7911082112
102224103227
51455348
21212323
1658116784
1128511587
4213644139
148183153184
151185154186
4217146172
02313233
1693017232
916710170
1168411887
342644
184214185217
1397814279
140117143119
443475
141229144231
7823381235
1337313576
168247171249
175243177246
27643066
166162167165
076577
1541915721
157127160129
51828183
194187197189
961010011
8116383166
179232182233
459761
8113389133
9315396154
9022592228
1787618178
5010255103
197108199110
8610189103
8712589128
1797918280
1021612219
102115103119
1813419139
17398174102
191244193247
8419185194
113132116134
6524574245
107109109111
1481615118
2915231154
126178129180
99112101115
6210965111
150138151141
2120224204
3421436217
1165212153
7161018
1941819620
194127197129
61536355
162146164148
33833586
78748175
572603
95829784
127167130169
5913564136
191919411
4113243135
167108168111
1179612097
1862318924
8115086151
8623589236
913612138
168112171113
630932
5414259143
9124392247
1064310845
120227122229
9511797120
110204113206
25932894
79108212
1407314177
14741506
192149194151
86928795
1811318514
17471769
141242143244
14961798
1829018493
169106172108
820013201
6010363105
134207136209
11641215
1507915282
146230149232
5422656229
1786018161
70437345
2121224214
99235101237
1743517737
5924666246
2013923141
1468214884
144107148108
109228111230
1927519378
120158125159
24292632
3511438116
12801303
61368139
66687368
62826484
1925619956
1926719370
116154119156
107181110183
1248912791
120169123171
136173139174
7616177164
158192160195
195238198240
1575015952
127151138151
1717517477
1569616197
1663317034
2723829240
184123187125
2424326245
118127120130
7713180133
189104190107
20702372
136158139159
16141646
93389540
32393541
165203168205
195212198214
3216332173
115116116120
1928819590
9818699191
126101128104
89116100116
113211116212
6020963211
144111147113
8412989130
1617218174
1746917970
114129117131
19752476
18842684
144241147243
1316313366
177129181130
1942119822
179202182204
105201110202
6517368175
48215123
083286
9419896201
1412118122
1757417777
18192120
158237159242
01345135
164248167249
179151187151
1964619948
141147144148
1622816431
171119174120
109244111246
129101131104
988610088
1035110852
81908591
194235196237
1205512356
1578715989
155136157138
941973
3312435127
21372339
189200191203
100104102106
147144150146
149106151109
6417067172
419843100
1152111723
01133115
1265212854
1822020223
1024510547
1708717388
8420988210
090391
1797118174
9831015
162221164224
1761318014
22353238
157130160131
142196145198
21833186
123178125180
112188115189
1295313255
1621517218
1113414135
121106123109
27122915
74687770
7401042
2717328176
559856101
99232101234
5423856241
23512852
163120170120
13711872
1264013540
173190175192
94809781
7113473136
1376613969
28433145
7411676118
164173166176
159161161163
111201114203
7611178113
191180196181
121184125185
161145168145
128158132159
137175142176
1286913370
4920651208
97230100231
4015943161
286327
143143146144
93419543
720410206
1197812083
169191172193
9216295164
169126171129
121143124145
6122662229
99131102133
26862889
10351536
145147149148
182129185130
28903192
96129914
1661516917
7815981161
614311144
67337034
1732417825
162182165184
1424319244
4020343205
50125214
87269028
131148134150
5122853231
8918092182
11006101
4819252193
1353813839
52195323
99194103195
4611056110
1611416316
184218186220
135176136181
1316116163
7714380145
186192188194
83608662
89229125
4923050234
1851919319
13361368
9524498246
7920282204
1952819830
20732574
673876
2416828169
55235726
1706217364
58696171
7124674248
7697812
7017972182
1469714899
6013365134
9521397216
163235164238
6315772157
189122191124
154228157229
1827218475
7111473116
1231012512
64196720
15911623
5211857119
121135124137
124105125108
3518737189
1438014583
11799119102
147149150151
86358936
78518053
7217175173
124140128141
74427545
114242117244
4523850239
2722732228
4622749229
1414814848
91889390
179234181236
3510637108
83108612
2011523117
9115694158
1441614718
1877218875
10261229
21662269
7916882170
15698159100
1413114433
149116151118
32963498
160121162123
189130192132
191239194241
2510628107
198117199122
97459948
5419556197
107213110215
5016151164
1283313035
1928219485
2321525217
143165145168
195111197113
2413126134
8020582208
9701073
4422145226
124240126242
65866788
1608516288
16301833
9599517
107217110218
1062310925
1047610679
1091510
1932319824
8117885179
1597116173
163121165124
2918331185
105197106200
1846718968
1904819549
6218865189
974210044
119172123173
12971329
335367
479849100
155181156185
4612749129
3914941151
73467648
106129109131
193196198197
6724670248
5720059202
116135119137
118138123139
6719569198
02023203
70407242
32783580
112101115103
6811970122
120119123121
22192520
31103313
135139136143
23652666
919994101
184246187248
677879
180165184166
1089411196
159116161118
61848186
1267413075
145119147122
2713831139
42374539
9121796218
1123311535
99139101141
944976
9518797190
19841998
184241187243
611624
107143108148
2212724130
18812183
2520028201
8511688118
8481548
103133106135
139225141228
7819981201
5818663187
1004510148
7316175164
8720390205
5013953141
39444047
1888419186
6514168143
1335013652
1848318785
1509215493
112183115185
117118119121
77157918
111177114179
117105120107
1128011582
1099111293
1407014372
2917437174
8924091242
115203118205
1603216235
5317556177
42317233
1214923149
152211155213
1832118523
5410656109
4916552167
2115023153
987910081
120147125148
181160182163
4216445166
4021243214
1462014922
176152187152
4613147134
7812881130
31643466
7316876170
143814610
6116864169
2515728159
4118645187
81628267
5714960151
1488815090
9817399176
7924381245
193167198168
118191120194
7913481137
1118112185
4717150173
171142174143
54175619
1902019322
3911542116
102113107114
118186123187
100173102176
188239190242
13821404
18522154
103217104221
5216255163
1263012932
156156159158
5321156213
120217123218
179183184184
1415114453
150165
147142151143
140164142167
66126914
127200129203
132165135167
195230196234
70157316
24422744
1935319555
1815518457
100177103179
195118197121
220522
104194107196
166139169141
1689216996
1764217944
2924732249
108116112117
41125117
84588859
66896892
21064108
6811773118
162149165151
1126111464
2114624148
1510519106
174133176135
33423644
6213764139
45934795
106159109161
5419856200
155154158155
64516753
7620579207
128117130119
38234125
112167115169
189167192168
493794
1506915371
126147128149
8610989110
1406615066
8017283174
2413726140
156196159197
4320946211
80138215
60456150
8213484137
178243181245
124170129171
01742176
7420375206
65726774
9761178
60956397
192217194220
97171101172
1558415886
117207120209
40884390
26352740
8721889221
63296531
3115834160
1805018253
186182191183
174214176216
1943119832
1311713418
129162131165
161142164144
2723129233
54465748
1045910662
1068310984
9131115
1327113572
6223064233
145136147139
1602616131
7516578167
83638665
48805182
88379040
8118085181
183190185192
69567258
1905319255
11094111
6321267213
8918692188
191214194216
19882289
7413976142
108194110197
100181103183
129215131217
20782280
15772677
101230104231
132125135126
46114912
16121815
10301062
711310115
154215156218
135913811
41804482
5121953221
1605116353
40654268
1174111943
1624019242
8122083223
1498315185
1682317026
915211155
01801183
1511418116
1746517767
1154511748
1533115633
1042110525
1346113763
1915819459
98164100167
13451547
6912972131
110129113130
4421252212
116214119216
9318597186
33723475
172128176129
75898090
4194213
3011832120
821412215
179174181176
105219108221
174172177174
67807081
166180168182
161166163168
3322536227
62456448
5319256194
140159142161
150131153133
5513757139
131180134182
7318277183
101216102221
2912532127
52456249
102170105172
2716530167
22282331
143152147153
171161174162
150162154163
137139139141
8817892179
1106611368
118248123249
129138132140
117210120212
107226110227
4716951170
1757117873
22972598
14211452
1516615368
99137102138
7816280164
106175109177
7110275103
1798118283
1688517386
02088208
152140155142
44134914
133108137109
38673971
9614098142
6921972220
325627
176199179201
1586216164
192121194123
1693617238
22242327
111247114249
106149107153
51545357
6019462196
1317915182
175247178249
1779617998
125176128177
36943896
488592
6020663208
8611389115
194200199201
81639166
157144158148
8621189213
143171146173
21342336
153146156147
34873789
1912122122
16301662
3414036142
99196103197
104182106185
3219034193
40854387
2010323105
7120774209
105143106148
918210186
161127162132
2420626209
21952995
114219118220
1318813390
136166138169
9119592198
28533154
1926219962
110210112212
4022443226
5024453246
9317995182
172202175203
1667717078
111180114182
4618246189
9211195113
8319888199
6521968220
9891092
18199183101
166137171138
4911252114
125123130124
116188119189
167243169245
63566658
160110162112
4424049241
43234526
174154177156
133185136187
65826685
111225114227
1712117323
184153187155
1912821131
191178196179
6922172222
141109146110
1210414107
6711470115
27283029
1166711969
141100146101
174150178151
9422096223
7722880230
1571416016
1806318365
1712621127
168146171147
89599162
100186104187
186189189191
80688271
8421786220
189218191221
1414119142
134132136135
01632166
1145611758
74517753
92689570
54145716
168170171172
5710860110
137229139232
132162135164
1634116642
174124179125
9317296173
14131436
1513417136
156116158119
112173115174
188154191155
1219512497
124119127121
165142170143
1595716159
6217364176
2122025221
1756017763
35753777
1013913141
42166219
6418366185
1626216465
152246154249
7191021
166225169227
76208021
84248825
137181142182
157149161150
56725974
6319566196
135136138138
11301152
4112943131
146102148104
151136154137
1474015241
1119012194
129237131239
134114137116
5117154173
1708917590
180192182195
1773017932
3911241114
42404542
6919972201
3615638159
152123159123
273575
66756976
5911161113
98201100203
176206178209
31475149
02078207
22822683
1289512999
182134187135
01502153
2514727149
7617880179
76297734
43534854
162160165161
3317736179
1862018922
1869819199
8724892249
110165115166
5615260153
1866118963
1624816550
175193176198
6914273143
8712391124
5320755210
7310474109
7224177242
158101159106
154118155121
38144116
141149144151
1624516547
14541756
101228104229
179148182150
5718359185
2814931151
156120159121
8417488175
153214161214
6010163102
6921672218
189125191127
8320686208
126184129186
9313295135
104203106205
1955719759
9013092133
192124195126
16441747
1419614399
121208126209
9520798209
02349234
11131145
133105136107
34453648
110241113242
1062111022
46244926
58216024
15741606
914712148
6322666227
