1758
146157149159
1777018072
132176134179
9322095223
61576359
1258112784
056358
1252612828
64466748
7713179134
465766
1206212265
1412914332
8116686167
1191712120
3022933231
6217063175
66836984
3316336165
1556416065
5023351237
1483214937
17222024
59236225
1288413186
180166183167
1368913990
6415067152
1134311645
85928795
194110199111
118124121125
171101180101
4697
41687169
155149157152
5714960151
111142113145
36274028
135171137174
151110153112
32533455
194156196158
91649366
43224624
56376038
2618228185
122145124147
1447714680
167183170184
111119113122
37203922
174206175211
9016492167
107131109133
112168115170
1831318615
172102175104
3418635191
49285230
1357413776
55835885
1843118534
175171185171
151196154198
37404042
29523155
1864018842
31136115
2719629198
1423817240
14141716
4819150194
81648367
142197144199
45444945
94199621
11201521
3423643236
31393341
724510247
5624758249
153153157154
7123374235
1655916761
161122163124
991410216
147177148182
37784080
6922172222
3214633149
159816210
2317126173
1341113514
188222189225
179201184202
9512498126
1062610829
1612316424
1436314664
4384413
8415987161
3624739249
15051595
4710050102
50805382
982310224
1018910490
1481315016
127209132210
1149411796
5422055224
1707117373
162244165246
114236118237
15551856
141200143202
5224454246
187127189130
6620868211
4315948160
113139117140
114188119189
2612629128
164112165115
6817071172
164203166206
183209185211
157240159242
1595716160
183140184144
4217545177
1028010482
189161194162
3012032122
2711130113
4324246244
164116166119
10811103
62756776
9716299164
84968997
1758017783
1751417915
1811920121
059261
89679269
163217167218
107123109125
6013662138
187125190126
159244161247
176211178213
109202111205
1374114043
8017784178
3823840241
14121813
87589060
193245196247
8015783159
2416426167
27283030
1613316336
1951819720
2323628237
89379139
1019810499
1571416016
7413176133
140242143244
111130114131
51168117
157104160105
1313813439
1942919631
164185166187
083385
15061529
168217172218
82508551
134244136247
15322033
1056210864
116244121245
7917284173
3713637147
5218154184
1233112633
02433245
109181111183
5918562186
55395940
1277513077
4812051121
554576
2015521158
166180169182
1066710969
172122173126
9511056
1287013172
70237325
1342213724
1251812819
1074011041
157201160203
187156190158
1492715428
128199131201
155168158169
1236712868
1835218555
29933494
719410195
8621989221
177163180165
1417614279
5323055232
50415243
1484815150
128116130119
53775579
1412017121
110214113216
36234124
1511015411
2721637216
1221117212
171156173158
1883019032
169222172224
3415736160
1451614718
40954596
8813191133
41657167
191184193187
147107149110
55975998
128128129131
7212674128
259927102
152170154173
1526215465
121226123228
175200178202
4224545246
1676817070
3117634178
165221168223
11561188
40824186
34293731
146175151176
297598
132149134151
1328413486
156225157228
110135112137
2416927170
43864589
5420656209
3915342155
1451915020
107120110122
1205512356
720910211
30323234
0537
43584463
70477250
129246133247
5013452137
148143150146
36254026
1759017793
1727417477
4316545168
3021934220
148118153119
1920228202
43684869
1110414106
8911992120
8651166
55495851
6821470217
5520359204
2817332174
127163132164
1611119113
132191136192
48915093
8624287247
8622790228
169198173199
46365037
16651678
14641667
1624619247
237638
62496650
5320055202
188242191244
3093311
16851986
5815960162
1652416925
197183198186
1868818891
3812540128
1936419467
1323214237
8322585228
12541285
18131835
16601711
95789880
6723670238
152222154225
6222965231
1167211874
1391511
42904492
1013510240
184152187154
40524453
97195101196
5283
2813732138
5415456157
1728017482
1517415476
9320995211
103176106177
985810359
8111212
1112313125
190174193176
4422746229
1846918771
1002610527
137121138126
4511348115
184156186159
147151149154
138139140142
133227136229
018419
584606
02123213
68357137
9211696117
3516940170
8819790200
36733974
122106124109
168231171233
188229
15731875
104209107211
1746117763
1326213564
126147127150
7011773119
155186158188
1489715398
1554415845
149120150125
141135143138
131119133122
1092211124
15931796
99107102109
16031635
4815151152
196107199109
142212146213
2316128162
3211535117
2011123113
1651817618
122208126209
1079311095
9518297184
1928519487
4217245174
7822880230
41274628
1012113122
140105143106
43714872
493596
184179187181
6321268213
140216142218
4616648169
10341336
559959100
1827218474
4722551226
1077110973
133108136110
42416243
63626564
3314136143
7319075192
148170151172
1967219973
106233110234
1113711241
14411456
3223533239
1594516147
1338913592
70667368
185192188194
47235024
188234191236
121150122155
79138215
26902992
9210795109
915610159
101183103185
1534815650
97179919
88939195
94206105206
4317946181
78918093
155170160171
957989
17491952
7417777179
4818249186
1655616758
294335
2918031183
1213612437
7018774188
7581060
8314087141
01773178
118239121241
2723930241
6316365165
110132112134
122161125163
8818090182
6322568226
8721189213
191125194126
1643516936
107184109186
158195162196
129133132135
149231154232
47585060
108151110153
177241178244
67496951
171162174164
4512746130
1621618219
152233155235
988310086
42544457
105179108180
17652166
136165138167
8317086171
118215119219
40634265
42057207
9017193173
1339613698
5517758179
83688570
2913232134
165916711
9921692
1783318135
186196194196
175161176165
127202130204
921953
112202114205
140147142150
173141176143
1388014082
5211954121
1920128201
127157129160
119175122177
70267129
1065910961
40144217
16499167101
1923819440
170226175227
02342236
142122145123
112244115246
92579559
129191131193
2920231204
122217124219
45614764
3124534247
1148911593
1337313476
56865988
734936
62776479
02372240
193199198200
57326034
124174127176
1119012194
6313666137
188181190183
7923380236
80698271
8114283144
3520739208
64336735
6010164102
1782518028
3021433215
99186100191
41804681
176223179225
10411146
156235160236
69857287
3124032243
27102912
1842018622
164188166191
8717089173
88309033
5113852141
98225100228
156130160131
1382914032
100122102124
1523419235
1196912271
106111108114
18301881
1884418949
108217109222
5616860169
149180151183
1962119725
1885719059
915312155
177137179140
1753917742
143111146113
104212107214
7513778138
881010
9417396176
50835385
8191021
8120083203
182111184113
6115864159
1405714260
107192114192
126183128186
5422756229
5416157163
1014012143
1157511777
01853186
4617348176
2244
2423029231
9419696199
392414
6518669187
8911598115
1313013432
164199167201
7611879120
1542315725
3723041231
103129106131
5823260234
1835718560
1192412127
134210136213
130148131153
151145155146
177151178156
131187134189
132214133217
9610798110
1706117363
1388714288
2014023142
110218113220
194219197221
78798081
183108186110
66626865
21503153
32193620
1742617728
166155168158
1846418667
7011371116
127211129213
117163120165
5917662178
1876418967
7116572169
1812718330
760792
186149189151
2513627139
1752317725
118156121158
3322535227
1074210944
5313555137
2119124192
54635666
1119211395
136151139153
192117194120
167202170204
98192101194
1916219463
133218135220
79488150
4916752169
3414436147
1669416897
194187197189
159127161129
1626416565
1374414245
1316816169
6417266175
62258227
66666968
166224167228
143205145208
9671268
151125154127
76227825
186212189213
174122178123
34393641
57576059
1888219184
9024591249
8812192122
83428644
8920593206
163110170110
135158137161
9624098242
139166142167
4010943111
31803482
124228126230
112154114157
76357937
1773617938
1192912131
17632164
99159102161
160156165157
75607763
111214
430462
24582660
039340
4216245163
101188104190
6623269234
1636916671
100135101140
127108129110
1716417466
53325634
1455914861
1220314206
9211295114
4911359113
172187176188
65106712
68177318
190206199206
289930102
1188912191
1613119133
141168146169
1694917053
192241194244
140179144180
7024373245
159213161216
1373314035
121167126168
144172147173
4811051112
1211312415
1949619798
19412144
1091211115
1392514128
1964619947
146219148222
2023123233
125244128246
53955796
6510067103
35323635
1058910791
1151411816
62266330
1794318145
3916540168
195230198231
82578658
115154117157
197156199159
1571116013
2613028133
5414456146
185130186133
60436148
130432
1787718080
15496155101
51605462
73857686
1006610268
1312616128
8620388206
6121763220
196239199240
9014695147
128176131178
3716341164
43464548
12871318
7919680201
405446
7618279184
8511388115
4010342105
123151124154
61736674
29223323
14801502
4819850200
9212894131
84468947
108161113162
6712569128
108149113150
84598662
17701792
6420267204
114207116209
4411047112
138171140174
1901919420
1710520107
9715198156
9761178
17931806
1164911754
657679
2916832169
99153101156
1671216817
1114914151
4921152213
23772878
158172161173
170917311
2217427175
137189139191
151137154139
3317235175
50445445
140111142113
179120182122
6613369134
3312036122
1409414495
1682617028
1645016555
1921619418
8518788189
124242127243
7320676208
110209113211
174146177148
1743417538
127123129125
8716589168
1116612171
1934619548
114161121161
5718758191
91619363
9623799239
21202322
2121722221
30903392
128103133104
6011262114
180107182110
3991299
156133158136
138197140199
155220158222
1414614448
166242169243
1720722208
1617816480
1220815210
116196119198
1922321225
2319826200
31706172
1417314475
32206222
7518677188
15601862
6122163224
151120154122
1816218365
105155107158
5613559137
19752277
13441646
171176173179
42399240
103172105175
140163
48115113
703725
4521448216
1517715479
845877
21254127
174152176155
107106108110
102191104193
88759775
3917541178
1834918651
118201121203
146184149186
9315596157
132131135132
183234184238
850901
91259427
114152117153
26862889
140209142211
8710290104
123101128102
71718176
41847185
1529215396
3617137174
210242
1302313325
6020263204
3617538177
72357537
183165191165
167176170178
145192149193
1927819383
1369313995
139224142225
94729774
101186104187
4112544126
5723760239
180196185197
76437945
5719659198
106203108206
1806618368
359660
2424427246
5117256173
189101192103
9218394186
49715174
016417
80848386
2214525147
5412257124
679980
13751398
3015131154
8517788179
1904619249
5612758130
4421048211
75107812
1847618778
1298813290
176166179167
86678870
1921620221
51635366
111100114102
32143515
176128180129
53885590
1791018212
171203
120221123223
5214253145
2624729249
1758417886
1972919832
9423196234
86248826
33423545
64596761
6311765120
1873619038
01442147
954010041
1034010642
7216077161
46874890
1236112663
80748276
15561607
125215128216
454476
1712617328
10996110101
111193114195
168144171146
11301240
3014132143
180140182142
3119334195
119246122248
124182125187
175191177193
2024523246
537627
185234187237
23302632
109110114111
71349137
104138106141
159238163239
111178114180
9119094192
161201163204
95429844
56415943
2324126243
1563816438
9281131
1463314737
1078510987
61876489
27563257
105246108248
132180134183
7920981211
8011681120
173212175215
77558057
2421426216
197210199213
5812161123
1718917292
40704870
25133014
45515052
76468147
158116160118
5018553186
159143162145
77828183
5914161143
1108011283
2110324105
1292813229
171136173138
1799518198
143152146154
129183131186
161228164230
2414027142
131223134224
147206148210
512310124
5410957111
5418756189
1829418596
119178121181
9416296164
172127175128
6316666167
103125
125144129145
5317455176
14131435
170228172230
1273212935
1685617157
130218132220
1132911830
8710590107
1619116492
40314233
102199105201
2824435244
7715480156
102196105198
89919492
184176187178
14999152101
1784018142
1517115473
353555
124226127227
179123181125
1877218875
117207121208
60806185
6914174142
1387314076
4617749178
143187148188
99219101222
120216121219
146233149235
16531704
178172183173
2312326125
46255126
1755417856
122115124117
162139167140
5695911
1344113644
166128168131
128111131113
48165117
176176179178
167149168154
72209223
70327334
87409042
69427244
49775279
7119374195
917217172
1244212943
899892100
5014852150
1446514568
1062210825
181116184118
1152711828
141171143174
169102171105
3019633198
177113179116
1161711820
130248135249
1623119233
6413866140
2418028181
162224165226
1786018261
115216117219
1707817479
11224124
100208103210
3612337126
32503452
7511577117
4515546158
145228147231
12501263
164120165124
3512938131
185112188114
2422625229
2914433145
177174182175
191121194123
109240112242
8813891140
1297813181
1795118253
64256727
197121199124
8020483205
18421874
153183158184
1352613828
196193199195
184190189191
02073209
44764877
689971101
2221024213
161116163119
1887619178
1568616187
4219550195
8723890240
172207173210
809883100
8123684238
48315033
183182184185
1818518686
121182123185
471503
138194140196
3111034112
149177151179
49685170
185238188240
38143917
5223353237
104111105114
128141133142
181156183159
6611869119
1219212494
1115614157
24202721
145143147145
1187512177
5210555107
163144166146
86648866
9841016
188245191247
170120173121
047250
134200137202
30163716
127207131208
8315384156
8016484165
1556115863
178148181150
5020753209
1375514256
133241136243
4512447126
1291613417
143108146110
121133123136
138221141223
1472914931
109115113116
108146110148
713812139
3811441116
1106011461
1817920182
1258512788
7618979191
94669571
137209139211
1472215223
3918942191
1639516598
1301213314
71747475
41254526
101142103144
71648064
91519552
101224103227
162160165161
17598178100
4320447205
1184912949
3312335125
107139110140
1010713109
1435414556
1925219753
800813
7916182163
3311837119
1371614018
3618838190
1917219573
24722773
921210012
140189142191
1817321175
3710439107
9320196203
20392340
179161184162
70217522
153176156178
185160188162
162213163216
111229114230
1575516056
1495715259
8523696236
8421086212
1049210695
6971098
91289430
1772917932
177238180240
32356237
6517966184
148130151132
137247140249
104132106135
1953919841
79898290
1206612268
9123792240
1511415416
132128135130
4314645149
23102612
51475449
72179219
132143135145
147114147121
814836
5224155243
98127101129
1725417456
1409614497
151207154209
56755779
5715459156
123137126139
8219685198
6114863151
1747117673
1411814420
171131174132
1369113992
12221524
1224012741
6922772229
514716
104224107226
106115108118
1622218224
7110374105
1872718929
1965719959
1818718588
35513753
9611199112
42434445
18951917
61409142
162127165128
9422597227
7213774139
11951497
1723417338
887909
1112711428
4819651197
6918071183
8310486106
122141124144
195117197120
124197127199
85898791
4322245224
86509051
99229104230
115126119127
5910962111
7720479207
73487453
197100199102
92459646
4018041185
122158124160
487789
6024263244
5412555128
1133811639
2212825130
1603016232
9119693199
90879388
119101122103
88219123
1261212914
6921278212
1719617498
721210213
46734875
884988
664695
4112145122
1724119243
108243111245
1658916791
47414943
27312933
1316513367
35463748
02465247
152219163219
4910457104
166159170160
7224075242
130108132110
168234171236
1210014103
1054711048
191147194149
1577616078
8020682208
2918431186
56356136
132185136186
5121554217
8715091151
8815891160
11241146
166246171247
22692374
191163194164
1119811599
3423036233
56895991
3410039101
1021811223
1822619230
8518287184
155198157200
36693772
17462048
8720789210
1589516097
42006203
1533915640
168616911
152236154239
104243107245
1338713788
30833285
127912911
109164111167
109199112201
7723780239
723110233
193101196103
189169193170
5120354205
3513338135
158217162218
111138112141
7097212
152133155135
1041610718
15531954
1757717779
8124682249
6319367194
01633165
9419396195
1515119152
149220151223
5822961231
1910020104
8714390145
22962598
1134011642
8113882141
139121146121
8516288164
129231131233
127137129140
80258228
51925494
118133120136
116246118248
137114140116
4194213
137168140170
1489515196
22792680
98171101172
8420485207
1459514798
184227187229
1947819779
116220119222
1163312034
103105104108
78528054
7413476136
122212125214
77847987
497529
118106121108
37933996
150151153152
139122141124
84868688
176226180227
571603
1838918592
151185154187
2923531238
190222193223
2420727209
1728717588
9021892221
176218178220
156139159141
1125011552
160197162200
8218087181
4816149164
106171109173
57626064
13251826
4115644158
4614947152
100214103215
196176199178
33763777
159125162126
21405141
171133174135
111224114226
81388440
6612070121
17292031
9424397245
81528355
6016362166
5622060221
61316632
116109119111
1565115953
155157158159
92959597
173216175218
7610079102
168147173148
174245177247
150241152244
8522986232
517918
5722762228
14651478
131155134157
145237148238
3217934181
4319247193
71199122
1188412185
100239104240
39874288
165229167232
159147163148
10251047
9310298103
48465048
192232194234
132125134127
18692171
170189172191
1218612488
147126150128
195196199197
5316655169
1426914472
7415077152
172243176244
125111127113
667869
10701173
852884
125169128171
2820730209
74657767
22332436
8723289235
1843718639
104142106144
2921733218
7019772200
142238144241
7221024
9019393195
18998192100
166112167115
101244103246
137117139120
105189108190
6924672248
9023293234
2423826240
156137161138
2310625109
6819370195
50185220
1622516427
108249119249
130137133139
69707075
1032010523
1059610898
75137815
147133150135
319933101
1432214624
7822580227
3212635128
163208165210
1498815191
1104211245
73837684
108168111170
145239148240
158151159156
102115105116
2523328235
1673117132
1508516185
176194179196
1535415457
95339835
8012884129
1935419656
1228212485
84218723
188153191155
189159194160
19782181
322810228
4010143102
879888101
1443014632
6724668249
130143131147
2911431117
188107190109
12399128100
124202126205
140159142162
9622098223
171106173108
1931119612
74397741
94879689
137240139243
14061438
2022923230
7914680151
1024011243
1482415325
1036110466
81818881
1932119523
4121843221
7318275185
1502915331
172144177145
170213172216
1153512036
75737974
1959419995
71717473
143914511
2724230243
1457114774
1093011232
8122984231
100211103213
6612268124
4013943141
195232197234
127220129222
92249101249
1127711479
14341636
40294530
107227112228
6411466116
4121242215
1001910719
54805782
124119127121
1633016631
120143121147
1518015382
89259028
134119136122
139175141177
196112199113
153242155245
1569515798
152179155181
45534755
2814029143
6116866169
119234120238
67426845
483785
177228178231
16898170101
19201942
150246155247
18962198
189131192132
6810270105
174106176109
7817479178
1081811021
4820150204
181239184241
276346
262285
137238141239
3715438159
1247212675
7317175173
8318884193
168141171143
187118191119
7323674239
4722749230
1818918293
11697117102
2021021215
6819669199
6921378213
11164118
152142155144
45404643
27793080
35633666
159168163169
53415543
8911191114
156144158147
137110139113
122200127201
1831118812
911512117
115180118182
1454114843
1185012152
174156176158
115191118192
18001822
112165115167
1801318216
62696770
2117923182
34103711
1934919551
356369
9524698248
174110179111
119169124170
8712991130
7319674201
58925996
136232139233
2023424235
1288213283
4022242224
1575715860
1023813239
737759
1222017221
2215824160
181177183180
144247147249
3811739121
156246158249
103145106147
2818729190
8515488156
60926493
113103116105
998010182
171183173185
538628
136178139180
3618538187
30743177
9117892182
180132183134
7012473125
8012183123
1334614046
178145181147
911212114
6424469245
1812418426
7519778199
8019082193
4313645138
183242186244
88559157
1964819751
6917672178
91409442
01735174
134135136137
1726817570
80318234
152188154190
105104106108
3913542137
1113413137
99241106241
43314732
190224193225
142175145177
128179131180
73427545
1476314965
7617078173
3423744237
83898494
123148125150
8321885221
1546815670
12751478
