1795
195136196139
4618348186
2522828230
1952219627
173151175153
44714674
6517368175
9510498106
5418457186
1255312855
1123314235
821610219
163187166189
762784
123213126215
8617791178
143158146159
36693971
119217122219
50365239
149126152128
166248169249
6320465207
2518327186
2517627179
1745417559
151152156153
11371169
162128164131
56115912
3311036112
143104145107
8017783179
77177919
1635316754
419844100
186128189130
182120184123
76797981
131242133245
1461314815
33723475
819810200
171120173123
5551455
1771018012
2219623199
76957898
1045911559
193178195180
181157184159
6513268133
1718819190
97112101113
8815191153
998610288
4917654177
18752276
1454315044
129188131190
2215225154
1610319105
100190102193
1023710539
51315632
15751589
986410166
61658167
1916119462
1221212513
177115180117
101125106126
1424814450
6319565198
157106160108
9015691159
1753117833
138140140142
139103142105
127215129218
114198117200
162150167151
178210180212
71269128
1415814360
28723075
1041110613
1198412187
816813169
1764317845
149915013
7210577106
1726118361
192129195131
1318618187
158225161227
1591016112
7419677198
3323634239
1595116253
1520917211
1662116726
5714960151
145144148146
7411879119
1472914932
7210777108
531553
126152129154
810511107
38274029
195222199223
147192150193
179140181142
66226824
71577459
7812283123
136101138104
99242101244
1974019943
126102129104
47494952
119169124170
186163188165
163204166206
182114184116
110169111174
142212146213
102121104124
1124111742
152214159214
25472650
054157
140111142114
9113294134
1352413726
7716881169
1137011672
112247114249
178158180160
137189140191
18521884
6415666159
1022010323
15721604
143216146218
7287510
6512467126
155136158138
182170186171
134179136181
1601316215
1499215293
9514799148
4723149234
4918552187
121208124210
239825100
165128168130
5414756150
4310346105
5321255215
178220181222
135232139233
196184199186
35723774
27523053
7722978232
21134115
175199178201
1322816230
143101145103
5712561126
2811031112
1413914342
99230102232
90789280
1201712220
1015510358
2311126113
1583016131
106211108213
49445245
134244136247
167137169140
32873589
5418757189
1861018912
1766218762
1918819490
3715040151
178228183229
1428714788
28773079
946969
152149155151
106155108158
1859618798
1366213865
190221191224
143172146174
26383139
2020721210
34363738
1925619558
489851100
95145100146
1788118182
1147911584
1851618818
3917240175
6422567226
41104412
125206127209
1813022131
1076110964
19201943
7219074193
7923484235
32403542
6323965241
8617488176
34603861
143140146142
157172159175
2215525157
1949519797
186100188103
146111149113
44754678
1101411316
70677269
1664316945
105121107124
134213136215
1084611148
6810270104
1912519427
420722
1395614060
15121913
1722719230
5585710
2424727249
161132164134
4715752158
57776079
182100185102
19641996
73277629
6424869249
8418187182
8924498244
149144152146
116174118177
9011692119
6720670208
2711330115
1214412645
1703617239
18512152
1506615368
36814082
1598816289
1279713098
189202192203
1417014472
53165519
117201118206
2918032181
114180115184
157230158235
135154139155
134183139184
98139101140
91569358
118196120198
47364939
190203
129127132129
2016523167
1084211144
1118411289
109109111111
4319046191
188222189225
143205148206
9622499226
4823950242
1391611
37974099
9319098191
3811641118
42337235
115173122173
140205142208
1720022201
1681517018
6717669179
10499107100
70787280
6520968211
32623366
123219126221
157166160168
6517068172
156176157180
190159195160
14601501
126188128190
148196151198
129181132183
98198100200
1311213314
1924519447
162169167170
564766
151139156140
114194117196
9317895181
42744377
1307013371
120138122140
18171848
43234824
196171199172
108246111248
143152145154
8420187203
62916593
164171167173
9024793249
6410967111
4919351195
151177153179
11521454
1238913189
136163139164
1322913432
29683171
76208021
169113172114
53445546
69307132
767969
583786
5516555172
50745375
1555315854
157148160150
1719317495
2120224204
116151118154
67917292
52925593
7423377235
8814189146
6623969241
82828584
117107119110
9014094141
3616638168
5112452128
1576915971
16641672
4819850200
93669569
2910531108
174186176188
1952819830
107194110196
1689517098
48135115
3024435245
388690
24702772
196130199132
111220114221
1319213394
36423845
1065410856
1713317435
075278
32813386
1798418385
83208621
3917641178
6920970214
1759517996
6424368244
1573616038
1517020171
1715217453
56815786
170205172207
1071110913
151166154168
55205821
5620759209
3915644157
3521836222
1678616989
1643516737
6714769149
175109178111
183192186194
119188120191
36573859
179135182137
6414666149
136143141144
118236121238
973210033
4116046161
6715770159
65557056
5723760239
3113832142
116133119135
185184190185
120110123112
3610439106
139176142178
2211824121
1793518237
184202186205
169165174166
5521956223
11084110
8721990221
39574160
1345813859
149227154228
6676710
135234137236
14381740
4622851229
1001310314
42007202
1420317205
1214415146
183187185189
1332014220
24172718
119102121104
17242026
10551086
899891101
3412636128
87229223
3518937192
9217595177
1265912861
146103149105
53415643
1294913052
1682217025
8724689248
195114196118
81868487
71357338
148209151210
2223224235
165190167192
2523426237
152215162215
4013645137
153224155226
123222126224
9941098
1173512037
73507652
157204159206
2519228193
10631464
1887319175
1406714269
2815731159
1514315346
86838985
8510988111
5121452218
183108186110
53865589
100118103120
180178183180
155227157229
1378314284
83428644
98679972
4010342105
3616339165
5914462146
115190117193
1635016652
60516254
13398135100
173140176142
1557415776
92459547
9119392198
110126115127
1779117894
170191172193
25102712
87438945
6821971220
195173199174
1795818160
83388640
1274613048
88199120
59336135
7713980141
1854218844
84498751
9018295183
5210155103
240263
21252328
174180176183
9222895229
1424414447
1509515396
1210714109
126148
173114176116
159228160232
134115137117
3624643246
153132156134
1024310545
157151161152
140162
4211344116
7713280134
178223180225
24802782
95489850
14831514
194187197189
180190182193
1821120214
130103133105
156222159224
165141168143
8919092192
1793818239
116129117132
34333635
110228113230
1216712469
140192144193
421462
5514057142
168148170150
17841816
111234114236
24592661
1924319644
1757017773
124235125238
6316066161
1506915271
6716770169
3819542196
8410694106
69167119
1295913161
171100174102
4714850150
170197172200
17272028
157153159155
135226140227
4523746240
168188171190
1737717579
196216199217
7615679158
22682371
1125511557
1258112982
1886419166
116207119209
97869889
10021033
292307
100177104178
5919462196
187219
129107132109
471773
8815689159
6216265164
459847101
103228105231
70477250
112152115153
191143194145
1851918821
1266212963
50665268
3010335104
28883091
118138119142
16371688
2620628208
1512316126
121204126205
50695371
7416375166
79898192
1314713252
1867018972
96429845
1599516197
7519978201
77497952
124135127137
1115314155
73847685
1378913991
1818223183
7677710
168170171172
5124053242
156212159213
1713720139
1146611768
1231712519
140109145110
1786918071
1319513397
6218866189
170242172245
78578060
4920952211
120136123137
1149311795
4511549116
7019773199
62336435
184200189201
122158125160
1195912460
159195162197
59606163
38144016
121188123191
16301662
83368837
162225165227
820110203
1635516657
30563357
1419816200
1436514567
1694617149
5120454206
2821930221
130178132180
131206132211
61018103
1966819969
179131181134
131141134143
44624664
112174115176
117227120229
1036210664
1361713919
42594760
1485515058
140232142234
149186152188
5312456125
1436814769
1068710989
9316895170
6318066182
24192524
8717091171
7517077173
153114154119
1915019254
197114199117
9614999150
1073111033
61706671
8512087122
7117973181
5314558146
117122119124
21465148
7510278104
2019421199
1892319424
592624
102147104150
1515815361
196105199107
89579061
4911158111
164222167224
1684217942
2622428227
33933596
6320167202
8819790200
6924272244
47404844
31355137
119221122223
141149144151
1852218824
2317624181
130158132160
1510817111
152193153197
8213285134
174106177108
1534915552
193198196200
135161140162
104237108238
139218142220
1287613377
1723920240
1142211724
183137188138
9114694148
172817311
1306513367
105196106201
59916194
7922984230
1454514748
129123131126
1919419397
1652816731
134103135107
78938693
1642216526
125123128125
3721640218
146153150154
195111198113
3112633129
132813311
1901019511
60656566
46854888
74117713
17501773
1328413486
21532455
85528754
34673868
192228195230
81698969
13431645
8310185103
5621058213
9419299193
1226112562
59696769
1398514486
4312846130
18999191102
166227169229
18812083
7714279144
107187110189
150118152120
1615219153
34903692
50795381
5710061101
4312545127
184245186247
1898019282
5313755139
69597063
188240189244
5319955201
1515617158
1605416256
850881
22842586
160118161121
1014912152
120133123135
77748175
61489149
1515215257
6814471146
185241187244
25642865
9316095163
1457014971
121194123196
1884519147
146189149191
71799181
1123813240
147141150143
5613358135
1091911024
1974619948
85298831
60266328
166105167110
127110132111
1901719319
2821630218
2419426196
134211139212
1843318735
177182180183
128222131224
94569758
1588115984
1737417675
189191192193
4816151163
8820595205
15951627
1364713949
5218257183
4514048141
6114863151
16701721
1124114243
94879689
151245153247
1225012552
142214146215
1837718679
179202181205
188122190125
105203107205
7121372216
119151122153
1113911640
21544157
143143144148
1921520219
194147197149
61566358
5615259153
1835418556
6017263174
5818162182
1076810971
6418367185
142126145128
994410146
64626764
989510097
80178219
3124133243
9121294213
161106163108
102113104116
2122123223
87929094
137713910
163208165211
154108156110
1502915132
1724120243
3610139103
1112611428
1196112164
7017673177
74357638
2214925151
86468948
4513147134
1935319754
51186123
5910362105
3619741198
192161195162
1749717799
140127141130
1553915940
1656716968
3523537238
02373239
146232153232
193241197242
1752618027
2323826239
7413376136
3122834230
166201169203
29453247
5913661138
2616628168
7521054
4220444206
981111
4212045122
6212464126
3614539147
124122131122
1517217175
110239113241
191120194122
192176195177
7322974232
177237179240
81939197
8014282144
32265229
2016021164
6716072161
106150109152
157131160133
176189179190
1106811369
712911130
87419042
188152191153
192153195155
7814981151
170231172233
108233119233
31926193
95149816
6310367104
95289830
174193179194
102245105246
5723459236
63496650
9421696219
1174312045
2121124213
53525753
137216142217
1906719269
1347113673
8415385157
79368238
6213465136
56465948
129208130211
46934995
8651266
7919980204
147181149183
1417914282
81568358
99202106202
4924552247
1482415126
1161811920
196201199202
089292
106103108106
3623039232
132222135224
1282113521
136185139187
4022243224
1706317168
1719617399
27853087
182139183142
9119993201
1733617638
2214224145
100215102217
182111185113
8224085242
31687169
1326313564
178122181123
1288613188
4323146233
116239119241
7621879219
120165125166
184217186220
6877010
1847418776
1831618419
1794718149
123143126145
1458414886
185114187116
168120170123
183196186198
45824784
1449314894
103134106136
159247161249
5311855120
184234185238
8521686219
7011371118
1828018582
244546
109235110238
4422147223
42214522
2610628109
188132190135
121167126168
148147149150
102157105158
1796318265
1217616177
8123684237
7717579178
9791181
254286
870973
141187144189
4621750218
122101123105
63306632
162126165127
2817430176
8317086171
1033410636
1401414316
161141164143
94709772
41134315
3324635249
6917171174
01461150
4317045172
01262129
184177187179
574777
01513153
1348713788
1498515386
985610059
44684770
153128161128
148170152171
6820071202
141160145161
6818370186
4318345185
1669016892
107191110193
02311234
171160174162
106173109175
106139109141
2214625148
1402914231
1168012181
131200134202
5419056192
32693571
1211512616
6816270164
132169135170
3214535147
556759
167174168177
1703017232
104137109138
6211865120
103125
197232199235
1153411638
21202323
17162018
184180186182
2022923231
129121136121
4422446227
1782818030
47725073
918212184
1342713728
1177512076
101188104189
114185115189
166212168215
1498315484
97125100127
109157112158
45104812
7616377166
65596861
52205422
176195179197
129155131157
137121140123
4312348124
6523668238
1579216094
2413927141
731821
1637216674
138133141134
1388714188
1816618271
1677517276
4316245164
9861288
109179112180
1166011863
7412577127
1481915121
108204116204
183241184244
913111133
3215735158
100154102156
2713632137
2018824189
8124582249
413616
1314313445
9210795109
120122123124
8513587137
11001122
77427944
1139011692
78318133
168117170119
8910791110
4122543228
73868086
325430
190225197225
1513415535
4021943221
1349513697
144237146239
1023614237
10331236
169194172196
71407442
119192120195
88539056
1073511037
71848187
11411642
80118313
5822760230
1152611828
1352913632
134124137125
50825285
175133178135
128243130246
51547157
17571861
047349
36543956
117115120117
138124141126
435637
824419244
125119128121
7816280164
6323466235
50265229
172218175220
176138181139
85598860
72119213
6219965200
149132150135
92119513
1453914841
9013894139
1765817860
8120882212
1473315035
1965819959
11899120101
134129136131
178154180157
168219170222
96609962
1967619978
1215512456
143167145169
6620368205
1622716430
19599198101
184148186151
4217545176
152209154211
470492
1043110633
137129139131
4213144133
9110294104
7322476226
193190194195
8523386236
190231199231
191132195133
51117114
1614416347
4320846210
171117174119
1566615968
184154189155
83268628
1936619867
5011652119
1382514028
1112211325
108112110114
3624739249
134225144225
6613669138
7161117
18251856
4613649138
1711921120
3521436217
8917394174
1493615040
4116242165
65256827
112206115208
2719429197
119321
3913141133
173189175191
91599361
7221775218
8112884130
81968497
113244116246
815856
189161191163
736939
4418746189
1834018841
39514153
171149172153
6812069124
13841416
2320028201
21812383
2424427246
75427645
120240124241
36254026
128204130207
1314816150
2914731149
62376738
1712119124
1866718969
1198812290
1377814080
189188191190
1781518018
7314076142
9214995150
152216157217
977510475
97128102129
59366636
2121525216
7220375205
103209105211
17641967
92389540
130171135172
13521374
1106011263
187108188111
1816019165
175223177225
16842185
43374639
1829218494
112170114173
195163196167
140164143166
1079011092
8720790209
121229124231
185104187107
26922894
1384314144
20392440
8721190212
210233
1728717688
17472048
13699139100
17102011
71607661
143227146228
19161957
1121815219
146149147152
1812618328
170186173187
120155122157
1629516497
3212335125
105178108180
119174121177
26373337
154164159165
113177115179
187180189183
68647066
693725
133126136128
6219065192
177215179217
138115143116
1147311675
147235148239
195194198196
2117122176
108239109242
1751318014
15622063
21816182
73767678
3510844108
1844518747
1648116683
2723729240
115247118249
1617716479
153198156199
6914172143
4911060110
2317427175
9216499164
20432246
7622780228
5810267102
18311844
163213165216
121178124180
159136162138
2220525206
2121823220
1392214224
96169100170
1228412487
5323258233
1819918899
94829684
9012395124
9519496198
108146110148
1177212074
147139150140
62816483
122174123177
3823641237
147121149123
95249727
149129152131
1752817730
122200123203
133163135165
1020513207
136218138221
1648916593
163243165245
34854185
1219112493
1571315915
985110153
110149112151
8181020
153127161127
1115614157
82908492
196211199213
147220150222
3017132173
192112194115
105114107117
1677317174
7221975220
107243112244
6522766231
197162199165
33533555
5619358195
7220675208
354386
151218153220
146133148136
7316876169
155118157120
83238625
1523115533
27422845
169175171177
3116936170
1513915440
8120283204
136107139109
110159115160
148233151234
112133115134
185142188144
102173105175
1824521247
123152125154
1607116274
1192812230
175177178179
127239130241
085188
69227224
95779779
1116411267
182160187161
1038610589
105162108164
1317413675
112111115113
1264912852
30333136
18412242
253455
134238135241
158141160143
3820541207
18961909
9622799229
57135816
1228012483
138194143195
1885519157
34463649
1265612958
168107170110
118125119129
25762779
129186134187
1376713969
01114112
198118199123
2817730179
155209158211
8420487206
1532215823
1959219894
4617448177
1375413857
70867288
7424576247
120125123127
501523
133108135110
123146134146
2615329155
1475115053
187232190234
1136211565
1085211353
9121993222
1868018883
2312628127
3223135232
107221110222
7110274104
160176163177
132188136189
5613658139
193181198182
5310455106
70117312
5423456237
1012212125
4515150152
128114129118
01692171
111163113166
164174166177
1494815250
629965101
104239107241
8571060
1603916241
1958919791
5624657249
269928101
187148189151
105188106192
1621818221
146126148128
1015910361
165117167120
102233104236
189207192209
2113224133
5324655249
192140195142
83598463
159233161236
66287129
114138117140
2513127133
1019513197
66406942
131239133241
6614168143
1025210454
16321737
5814063141
5120259202
185133187135
7211676117
103109104112
144137146139
109161114162
817849
193244196246
198237199242
01300138
186186191187
3417538176
129219132221
132154134156
81598263
1073911041
13871688
1295313254
118130121132
01811184
42544755
4314044143
96399941
137213141214
7923181233
187202188206
3518638188
143219146221
9422096223
52115513
9018793189
5517957181
193134198135
21622563
1894019640
101910410
130196135197
37484050
133218135221
111187113190
7116273164
187193188198
3121634217
32253527
8624188244
50495252
93149419
105219106223
1307813182
42564558
1766617968
8823792238
168238171239
1409314394
6615268155
41506153
7711179114
3720140203
1724317347
5415355156
53275430
8113584137
8522987232
1511618118
180128183130
168124170127
81258228
179242182244
126159129161
917214173
2311426116
3020032203
1967219974
1438114583
7815483155
9623797241
127142130144
98187100189
155183157185
12721303
1221014212
204226
3118433187
89269228
1954519648
72537555
138243143244
524546
13101333
456469
120162125163
196108199110
195119197122
60396540
1497815479
120148123149
9520198202
9771009
17151747
96107101108
128136131138
17899180101
6619577195
60886390
124148129149
105235108236
14221445
19181969
1927119573
154175155180
1436114862
1894119144
1778818089
173136175139
46254926
2023221235
929794100
138117141118
58446245
6688
133157135160
99104102106
4114943152
145175148176
4519747200
4722550226
1527215377
1011211117
18431946
1217512477
36173918
36943896
84168718
111222112227
1445914960
1714619148
60466249
91509353
26243025
1196512466
1142911830
8512989130
6613469135
4612548127
86808882
8211222
2724130242
13821413
184228188229
8119883201
940963
147217150219
126139129141
133150137151
786809
168163173164
1996019967
3122534227
2615234152
130215133217
4918251184
172173174175
1084511645
73467549
62047207
89909291
146240149242
09311
34563559
136119141120
52207223
196140199142
916211165
150199152201
178106180108
49235324
193211195213
46474948
92759676
1529815799
9424797249
110118113119
179218183219
126179129180
1514118143
8741077
6822472225
7621681217
12001232
01782180
150121152124
1619816499
7120975210
5317854181
193232196234
181105184107
8401043
143199147200
4721450216
43164420
161217164219
3021033212
2712131122
1785218353
138138143139
125185128187
98240103241
1036610668
1714921150
154202156205
125112129113
142133145134
14099142102
184128185132
1383313938
164220167221
8822990232
1326013462
1009110393
49165217
179164182166
196176199178
4010943111
2312825130
127201130203
75397841
1708917590
178245183246
144229146231
4723649238
58816183
1247212774
153111156113
857889
129133132134
1717717281
1407514376
146129148132
1014013142
4010251102
1915421157
103101105104
1539015592
1794018241
5219355194
4119944201
2658
133175133185
1538715589
175166178167
53635566
8417785180
63516652
152206155208
4921252213
339836100
121225132225
31796180
13651567
60956298
1165512056
1511916122
107199109202
119185121187
3923841240
151221152224
7023973241
1889219094
1109311395
3417738178
1536915671
44134715
