1726
141142144144
125100128102
1805118353
1877919081
43954598
155193158194
165153168155
101247103249
1714420146
52265429
7722480226
1691917221
74197621
97225100227
2924732249
1882519028
118191120193
982010321
47325033
72737574
62216523
21626163
1517923179
117207122208
8310685109
42009201
5223456235
3711039113
8620688209
191162195163
48755176
184134186137
72157418
112138114140
171187173189
126192128194
1365713762
140239143240
111204113207
191198194200
41924296
132240136241
6612169123
1764317845
1421114314
182158184160
2611728120
1949019693
9719298197
7518178183
156188159190
152175157176
117165118170
1212113125
1284013341
1862218924
02432246
107142109144
150120154121
1316513467
178142181144
1506715369
1641616718
131187136188
61556358
142229145230
5520359204
1221312515
6814571147
149234152236
139212141214
267299
166158168160
150114153115
110184113186
2411125116
115197120198
101227104229
1381414017
175181177184
3023133233
5418559186
14711773
8813591137
29793182
1863918941
12331535
113141116143
4917650179
183196185199
183229185232
3915440158
20282132
1585216154
8323585238
1355113754
184154187156
4922851231
1048710690
1918219583
7713982140
919012192
61648167
73417643
8910291104
1752417629
7422276224
49215124
194238199239
2610529107
1331113613
2517328174
167197170198
127175129177
94719673
1707417376
1434314545
142104145106
141168146169
1114614147
1618916392
049550
171247174249
146140146151
1108011381
4113944141
6623569237
80248226
168116170118
5922162223
34983899
112180116181
70707272
1194112144
152187155189
171717310
7321378214
9420797209
133177135179
1246612867
7213774140
9010892110
38294031
9517999180
169173172174
37223827
7322576227
65846786
1314814151
177208178211
46274929
79908093
189149191151
7910982110
6118866189
1619516397
151151155152
14191721
189246192248
69147117
1664816850
197141199144
1077010973
130107133108
109239110242
131172134173
139218141221
8623989241
151148153150
147196150198
4617548178
59106113
971210014
63496651
163132166134
113123114127
1011310316
112175114177
3514137144
1258812790
1887319075
67107211
180158181161
3416236165
6020364204
6613168133
1109211295
1814919152
148239149243
151197154199
11631195
1549515797
9316894173
1652916732
1333413536
9419096193
2417626179
83578462
2658
8511786121
4513349134
35833885
8122283224
166243177243
78638165
5817260175
52845585
21362438
4011545116
172159176160
166163168165
12561558
1420917211
168190171191
9717299174
8114483147
2724030242
171142173145
21787179
101116104118
1019813200
1611618119
1210414107
8118784189
4414847150
1092711229
7324878249
111105114107
171197173199
1465114953
7223375235
21967197
2416726169
55265827
1348113783
013514
8423389234
2014123143
140132143134
4920052202
34103612
044246
1084311145
621644
2310826110
124235126237
3921440217
5710760109
7313375135
13401371
7220374205
1013510536
21395141
4718452185
1312113522
193171198172
184144187145
82158517
127123129125
812411125
2414127143
106111108114
4017942181
1523815440
142217145219
4712750128
132180134182
164233166236
1863218933
158174161175
1425014551
46635563
823613237
1822819233
6621769219
1808818489
186162188164
88279129
81828483
1078811090
800832
1636116662
1708717290
123204126206
3218537186
83548656
1699517296
151144155145
67766978
8215885160
1344813750
974410046
52215622
519752102
131167134169
32426244
1446114962
3421337215
7710878112
195199197202
1624419246
142100146101
1169412195
350372
50895292
124112129113
115175118176
133208136210
47935294
056457
193108195111
91499352
149225150228
2313128132
29523154
5714860150
1786718168
3710740109
161716310
3724845248
7514280143
84258727
3115042150
129222132224
137210142211
8322985231
6214464147
45424943
137186142187
959998101
138228141230
170231173233
8812391125
109111111114
2123026231
432454
158218161220
1977119974
5316056162
19631995
196161199163
176132178135
380393
2122624228
157224159227
147166149169
99218101220
116186118188
15591762
29363138
2011323115
148161151163
71327334
8717991180
1697817379
1542415925
1519415396
146218149219
2620428207
1168511887
1441914721
4121444215
6416367165
583785
8623591236
135155137157
27333035
103179106181
1027010572
1335113454
5717660178
18531923
185126188128
106201109203
1135611558
22235225
1148011782
6324565247
3811941121
23582859
133218135220
8215185153
9213694139
1601116213
134204137206
3816641168
40594560
28632967
9111892122
161211163213
54605762
118163123164
1420517207
3113436135
1179612098
36763978
12501272
139137142139
7214174144
178107183108
19331955
1120311210
1306013263
718510187
175200178202
133235134239
74637765
4318646188
433934
6322166223
77227925
115103118105
1917322175
4615548158
1422514428
178184181186
105126107129
179236181238
179234182235
59916293
1467014972
1191012411
62846487
167142170143
80678369
02314232
70767278
60256327
172207173210
10721374
4322448225
5121754219
80188221
163242165244
1389214094
138192140195
165222168224
181187183190
1852618729
1648016781
2320425206
1078510987
94539755
120234123236
155118157121
2119123193
20332534
41906193
7322876230
54325634
42264528
107234109236
194130199131
2618427187
1116011461
6324265244
8520287204
3420841208
68666970
713110133
1951219715
171154173157
506547
48894992
121149124151
6024462246
1344513647
73807682
2711032111
1585516157
9722899230
159123163124
3612739129
166220170221
2424427246
132139135141
1508315385
4915152152
137243140245
1221913223
7521978221
171130174131
1093411235
1725717558
168146173147
138188139191
36133915
1510517107
94499651
5414057141
8616488166
1655416757
138171143172
21174119
146193148195
1565815860
4710848112
5124753249
2020422206
11101132
557859
193221195223
4523249233
1781218213
159198161200
2319824201
130218132221
65436648
2519427196
147147150149
611611117
1616718170
7514185141
8621164
1265612958
177194180196
4821451215
3713840139
106229108231
19392241
184113186115
194101195106
91889489
1018710290
111194114196
439945102
67606962
150220153222
1264813049
1302913430
42198220
1221413218
171168174170
6918372185
2116823170
178148181149
77818083
136175138177
5112862128
146172149174
7921782219
1022710332
22202423
5016552168
125128126131
981910719
1323115234
1636316764
1410817110
32673370
1821320216
25272829
6824371245
1288313185
15331548
7318074185
1857418776
1567916180
185129186133
1284213143
47484951
167203171204
4221145213
1317113672
2824431246
1204712747
6913871141
1397214174
5918364184
100128101133
1202512327
131201133203
185103187106
1517318175
106159109161
1568416185
108118113119
106241108243
193190196192
182161185162
1964219944
1903219433
1876718969
7912780130
8488610
189244193245
1288613287
144131146134
117181120183
6019161194
135167140168
3013634137
119174122176
108164110166
186194189196
76717873
1787718278
5220354206
115138117140
190152193153
167217172218
95819784
31645167
922011222
015317
25122814
39984299
1261212913
1117616177
1715517556
1065110854
173228175230
31687169
141147145148
8912893129
1235112752
140127143129
8618490185
81718672
7816081162
35163818
67487249
198155199160
1935519557
2921433215
4922654227
132227133230
9023892241
1018210982
41567158
818313184
7710580107
117131119133
6219365194
1532715629
093594
115110120111
99214101216
2210025102
6113864140
1397514177
5417957181
1095311254
6912970132
5119554197
8481150
154226156228
6515167154
3611639118
132124135126
48775079
94449646
33563558
8921692218
113199116201
21325134
1411514318
118247121249
1772517927
6620971210
21204122
7911182112
11361168
4315545158
121197123199
02052208
6210365105
171225172230
77177920
1263212835
61439144
194235197237
2419127193
3716340165
151106153108
189203192205
153247156249
127198130199
30593361
1810821110
1875419056
1747717778
21235124
7717880180
3122434225
188154190157
175178177180
154114155117
99192102194
1174512046
1695017152
1866218964
130207132210
195696
4819750199
79738077
80438146
470483
11497116100
150217152219
6688
1424219243
1147411676
173244176246
196102199104
16391841
9861008
183210186212
7813385133
131127136128
1695317454
96339835
6317566177
139175141178
187214191215
50585360
97185100187
143138148139
1177212074
157180160181
128204131206
326529
5821663217
168121170123
10751377
6518268184
8831384
1612916431
1810520107
9014291147
5720559208
8615389155
123191130191
192212194215
706729
3215334156
5918062182
68917193
18601892
179173182174
16861708
4520547207
1683117332
102216104218
5511957121
32403741
924113242
1174111844
174154175158
41299130
195229197232
96869888
132183
130105135106
143135145137
1514817151
120133124134
16461678
45534855
097398
9216594167
42218222
1332613528
151130153133
26472850
194217
1627616380
85608762
6123764239
7615679157
999410197
1593816240
1574816049
1797918280
1311913919
186203188205
1758417886
1821720220
1083211233
142112145114
171114174115
31933396
5510458106
8518887191
2715628159
4916953170
40624563
3115733160
105148107151
7410476106
134119136122
192133195135
1422123221
4920351205
2610029102
19461968
1222817229
91699570
3619938202
851956
9222295224
13651567
12021224
1618117184
109220112222
600614
121160124162
128164129167
1606616269
32456247
363665
164203166206
499550100
143149145152
84288729
132155134157
3418735190
676977
9523397235
147131150133
85578859
182178185180
112110114113
94919694
6317966181
1114812153
2212927130
75287631
3919841201
68287229
163193165195
183191184195
136135139136
156149158151
1244012741
2611328115
100167103169
19872388
111164115165
4819152192
175231177234
816839
6122965230
1268012982
114204116207
7517077172
5017153172
174197179198
101810410
34463748
085387
160223163225
74597662
136161139162
1469314994
1976719970
5619159192
129134131137
2412627128
152203155204
56105813
579960101
1732417427
53935595
102158105160
2520028202
1311216114
116228120229
7181020
187218190220
116127118130
091592
166199168201
9281130
160239163241
1319313494
25772879
118142119145
813845
3917642178
1881519117
195127197129
58676767
1337813680
1831218813
75927894
7320176202
164247167249
155177158179
116156119158
31763478
131189134191
15422043
1791718119
69527055
5317556176
1185012052
115149118151
164121167123
5017352175
7022073222
9518197184
179191182192
148230151231
01422144
186197189198
187137190139
189146191148
1753017931
1427314575
36563958
5414256144
164239166241
67456947
1477815279
54145715
5318255184
12541555
1746317665
92419542
1324923249
125912811
108217110219
1488815190
1142111623
14101911
67357735
81738674
16731695
73547556
120223122225
176138179140
1136511469
1947219675
8421045
15831606
6718872189
1724417446
9224895249
67146817
34223625
194156197158
35293731
82649364
29453247
1156511867
1498015481
140241144242
169158171160
1661216914
64246627
4820651208
810011102
1475415056
189919111
8721990221
1106711269
1883019930
1507015471
3324636248
769981100
1449714799
1338413686
58446145
1319016192
113227115229
126138128140
1224415246
1005610159
55895792
1948619589
8213484137
1507215473
58516153
178248182249
2717531176
112148114151
988210085
1704117243
15481751
154180156182
6914271144
2920131203
187117189119
01133114
189216194217
1589616098
171180172184
7116273164
19201942
145220149221
9624697249
49685270
1041310616
96188100189
164190167192
43464747
139223141226
1681517116
8416187163
7317274177
4112344125
18492250
99235102236
199821100
162218165220
55295731
25242826
60476250
4324445246
160147165148
38544155
111239112242
104247107249
154186
987810081
169137172139
15399156101
175170180171
179135181137
183100186102
8999112
8624287245
188158190161
139918100
58475950
2424727249
18361858
9118394185
61138115
3522038222
1945319954
96147
1688017181
169185174186
1245912564
58616064
1796918271
1820720210
840862
196106199108
9517096173
144247146249
16131636
116123118126
64966798
1215812360
1602716428
7517378174
282484
54545955
131243134245
170134172136
6513868139
59196122
18192120
90539355
1572916030
112173115174
12871318
108178111180
2613828140
175120177123
97919895
178153180156
141166146167
175166178168
112178115179
77618062
133161135164
1663916941
1254212744
1071210914
1261912920
8915791159
1843018731
10701102
9412595128
87479248
195194199195
15061528
997410275
111208113211
1255312855
272673
176146177151
27753775
15799159102
5618258184
1861818920
3717340175
9313396135
102107107108
69367238
231263
170132175133
5723362234
105164107167
036338
1528615489
4813749142
1655116853
40454247
193145196147
816811170
87729073
066368
125247128249
2022223224
168108173109
57326034
7919981202
8513587137
106193108196
146157148159
1413114433
916311166
5013353135
27682970
1044910950
9599811
42404443
192142196143
74667967
1677217273
1156111763
56846185
1406614567
6623269234
150103152105
124207127209
1822618429
73227624
1819718499
150172152174
104141106143
178145181147
1922819529
4416549166
20812382
075278
1788118183
67256927
5721059212
139120141122
1533015632
1466714968
6711870120
194245197247
3918640190
47725472
1962219923
3424945249
815110153
159158162160
5016052162
160105165106
100142103143
20722374
1679117292
98138101139
8124684248
1652216824
1037310476
7817181172
97269928
1082211024
3920341206
17832084
155220157223
23442845
127107129109
1506115166
160128163130
7910182103
81808481
136123138126
151183153186
1032210524
154147157148
1412616129
1884219144
8311332
1342313725
6322466226
1878319085
5521959220
17701792
556588
1463114833
6514767150
111187115188
182238187239
62796481
139111141114
4423946241
29233225
187133190134
794996
1512415326
39804481
1162611927
2723029232
114153117154
1765517957
1013710439
153205155207
13101333
157228158233
1821818421
1713319135
1764118142
148246158246
9610798109
1651916821
1123814240
3022833230
24302732
182220184222
157182162183
126168130169
105115108117
9523698237
4322246223
1415617158
180200183202
1591416415
1476314966
122177125179
134913910
19572258
1553715839
722610228
4220845210
186178188181
121200123203
56935895
7717680177
74517752
167237169240
175247177249
124228127229
153216156218
78518153
7811681118
178164182165
1903619141
1139211595
127183132184
1913122132
1426814470
1877019072
8414686149
64906792
140149142152
913413135
176212180213
1405214354
9217994182
153214156215
195136198138
110160113162
117146119148
122168125170
149142154143
145175147178
88909391
1382314224
7224575246
124195127197
129180131182
174163177165
1002410226
1442914930
27832985
197188199190
85518853
7411577117
1358914090
73767579
92599561
193248196249
10799109102
112166114168
27552957
1024712249
153165156167
2417129172
160168163169
145116148117
1127211673
106104109106
163215167216
176152177156
129138131140
35193821
5020953211
1413414435
1113615137
079381
1419014591
1758117783
76398040
169194171196
1620017204
1747217674
44114614
111189116190
6018564186
309933101
156203157206
6815169154
1014410346
4024342246
125147127150
1953719839
95309831
8714489147
1467514977
186206188208
110245111249
1663616838
142196145198
1132811431
6624669248
1803618338
171221174223
150122151127
166113168115
5312256124
179129181132
107187110189
88619163
109150111152
17221825
5018653187
131120133122
21262427
70237226
25932894
3212134123
159131162133
1648216684
8521886222
1813623137
2412229123
5315756159
146179149181
107237108240
7016572168
1755217854
1225312455
184149186151
0041
19212123
179166183167
114191117193
184240187242
2921630219
131221
62238225
164185168186
172122174125
1307713280
4220444207
1118911491
7024772249
9117795178
3123832243
5112452127
8122584227
6286510
3515638158
94169718
7724480246
1915919461
2110524107
8816192162
194152196155
132193135195
120142121145
478581
109138111141
52318233
170102172104
53976397
164158165161
41105114
142122145123
4419147192
19761998
1805418256
039540
1404314245
108181111183
1717620178
1625316456
186918811
157195158198
156207157210
121221125222
1386414365
15501582
921711219
1285013251
1636516568
1669316896
14931525
1386114063
6623071231
189188196188
186172187175
1835618657
119135121137
110103114104
6514068141
9513897140
109173111176
724511246
4018343185
3217433178
1154811751
8622389225
184182186184
191154193157
336387
1308913490
1569315994
47115013
58586060
1654516847
42694373
1692217224
1859218894
6410966112
2022527225
110158113159
1965719959
167106172107
927978
136218138220
1484215044
102215109215
190207193209
47645564
167241172242
8315485157
4975100
105234106237
120158124159
183215186217
3922342225
29103112
102206103210
3512245122
2015623158
1712622127
44184620
8821089213
10541159
37903893
1547615778
7022672229
74327634
88819183
102173105175
160215162217
1217412476
37493951
22193222
147100150101
173174176176
25362838
3414536147
121122123124
179218181221
823810240
1303113333
125180128182
41856187
61656666
8015482157
57366038
3618738189
137118147118
16361938
21705172
3112633129
1216815170
1772818129
2911931121
5812163122
8220184204
10101212
81388440
119194122196
4694910
35873889
174717510
7924081243
5524057243
2717928182
85778978
1314713349
1276012963
1858618691
1293413235
1953319736
2423826241
57395941
184138186141
1807518476
7211074113
3423137233
109204110209
7521678218
50130
02392242
87138818
1005110353
1117711479
41355138
1216912372
158165163166
105171110172
1223412536
16901992
1223112533
102122103125
01652168
51125315
4912252123
2022620233
693725
17841815
50415343
1107011175
39414144
119230119238
13591464
110153113154
87309231
3916942171
13741397
171116173119
159247162249
147144150146
32143417
81548259
1734117543
109243112244
1722817430
3721638219
4923451237
6110863111
156154159156
67637065
110134112137
129153131156
4220144203
1378413986
1188012182
1024710350
1741317714
1502215523
87959097
1593516137
39844187
28393140
1566515967
167183170184
124226127227
1649717497
9014893150
119177121180
1133311535
151136154137
4719550196
155199158200
128196137196
1195612357
44234725
7722778232
121237122241
149192150195
182103184106
6117263174
709872100
101188104189
5522458226
710751
1529015493
1621517220
8916892169
9612799128
136179139180
9312097121
1681717218
189181193182
3624339245
141115144117
2521528217
166161169162
91149317
159193160196
1081911121
32266228
29263030
157129158134
3513640137
7516777169
9310895110
131165136166
177175180177
1104611347
6011364114
187131192132
84338735
813812139
1708217384
13871689
4618051181
51257128
186199187202
183172185174
1336113564
1966019962
91239326
164225167227
7011171114
3511937121
11761199
9121994221
02092212
5922662228
1979219995
125134126137
30143119
2213825140
9510298103
1155911860
34263628
159230162232
7718780189
27863287
24802683
1111511417
1182811931
149140154141
1045710758
110130113131
1211515116
1348713988
12371539
56565759
1807218373
02282230
6710170103
1383214035
7220875210
122135124137
34903692
2413627137
1743217833
77437945
5320157202
697899
1746817769
51545357
1803018331
178122183123
80228423
153229156230
106184109186
1007710777
6312766129
3924041242
87699071
6917372175
1064010942
14901522
197151199154
3412535129
106173108176
7110275103
61616462
12051237
71718176
58786180
4910856108
105145108147
44715371
4315148152
136137138140
2618828190
149170154171
12471278
188229
92659567
8718190183
131247134249
154161157163
120113122115
82658766
5822960231
7219274195
39234225
91123
50485250
639966101
1122411525
1702717130
139158142159
92969399
8321584219
149153152155
130158137158
7013372135
02181223
121226123229
14531476
4821750220
1087711079
195215199216
1819018492
5411257114
