1838
343375
7620279203
1878919091
8819790199
668870
32476249
6417467176
84178918
1827418576
919692101
1901019411
9222695228
3817341175
1913322135
186187188190
1597616278
8122783230
149132153133
6314066142
2024623248
148129151131
141235144236
7122773230
5520458206
5118354184
120186121189
114246117248
1814623147
27593061
987610277
1335813659
89899290
90189123
1885418958
1459314795
8623988241
35453748
80598361
113197114200
1611619118
5817461176
177123180125
112711410
1822418427
987810180
1266112863
125130127133
1147411776
261283
3713442135
70487350
8924893249
117106120107
122186125188
167178168183
165243167245
144175147177
504535
5518558187
6921572217
1092311126
129232133233
848879
1906719369
95789780
19001932
160156165157
106111108113
8013783139
10851116
38224223
1439414497
1098511287
2418426187
182155184158
169170172171
28343037
7914282144
8517086175
20842286
145161147163
1071711617
1066711168
123203128204
117154122155
900932
103129107130
183231186233
1365213954
85668768
4668
3715542156
1307713182
1015313155
121105126106
1727717678
14201461
1657116774
140135142138
141200143203
6312765129
194190196192
120197122199
135118143118
1316313266
5716159163
1513415535
1834318744
46504853
1805318355
6010062102
8924091243
142112145114
137158142159
1721620217
108156111158
164109165112
62116414
7519978200
135219137222
9012693127
7011773119
1847718779
02293231
99196101198
4820051202
3115436155
16301681
25462650
547848
158218161220
115131117133
1635616658
9223394235
161184166185
142146145148
44124614
6824371244
67697170
25252827
88399240
4722350225
52265528
4420647208
4515550156
6813272133
1521916224
97240100242
120135122138
159103162105
754777
12531285
6110764109
7016772170
5219954202
978110282
115197116200
6714069143
173142176144
182103185104
103240106242
1663916841
9215593158
17441847
7622077223
14701493
3518836191
155127157130
9222997230
7613581136
25872889
34803981
103119105121
175101178102
129102132104
182210184212
171247174249
196201199202
1922722229
178186180188
191132193134
1086511266
32135216
1549615599
082384
176120179122
2815633157
783798
8420187203
9419696198
195398
12661289
7014074141
4618349185
1915819459
148103151105
8422786229
8317184176
8718489187
50305135
165175167177
7524477246
138175141177
194240197241
144167146170
763966
1717517676
9223694238
18498187100
8323388234
157236160238
1686817070
5819260195
1624116543
124148126151
1967919686
33943696
2016623167
9424398244
175217178219
7115972164
991810022
4817652177
1425514359
1647816680
1381914121
486689
179203182205
816113162
1392914230
1907419277
84398740
166223167228
114187117188
75247726
813912140
5622759229
3313935141
1816419167
119211122213
71519153
101185103188
7981299
56245827
31145117
83738575
61657168
2918131183
7224474246
3410837110
69987499
1508715389
821310216
999111091
6722870230
169617010
5819660198
74807782
21883191
71607363
4821555215
31323533
4422146223
1178311985
9513998140
9520397206
8211123
1264112844
4018641189
7418877190
1609216394
7623880239
1779017894
1122111423
1261912822
1648616591
191225194227
7822080223
38844185
13301353
119175122176
7410677107
4311548116
13121713
3523338235
1591016112
1586116163
5711259115
1731317615
1922119523
3424039241
12501272
1588415989
17111743
1594416147
1497915480
5216256163
3218535187
1152211824
181242184243
75507852
125180126184
1484515147
4721950221
8012983131
100142101146
41784480
48465049
121122124124
171151172154
9418297184
106223109225
1671416916
103202108203
122241126242
68167118
177237179239
2017823180
161227163229
773975
64696671
188107191108
23752577
133241136243
8021483216
1154011941
1763017932
1319916200
1437514677
69297131
2621429215
11941496
87508855
106234108236
151125156126
197172199175
1812921131
1043210536
154132155135
148125150128
042443
125113132113
2323726239
92499750
101224105225
3514238144
189128192129
1678316986
115181120182
5314756149
125122126127
12251427
2411327115
124152127154
181194184196
58586060
194187196189
17511773
70427344
1451614718
467498
9418597187
3121634217
75747875
2918831190
176161178163
103107105110
130195133197
18199183101
5422156223
2019623197
98289931
146108148111
3623141232
109136110139
83298631
26212923
18951909
1397814280
1364913951
172111175113
1371513818
02352238
186170193170
130136133137
99245104246
1702117224
6616168164
1703617337
183203185206
180166183167
1595816260
1525615459
99139101141
23562658
195203199204
1255612660
3612547125
1205512160
1537415775
8314286144
16421674
92609462
7318376184
6611869119
149144151146
4324346245
1119011492
163103165106
75307832
1634916651
111205113207
1666016862
1017010671
136178139180
47744877
1123911442
120101123103
85858787
156188159190
1392614228
39524154
61888190
1915019452
96208101209
87749076
20232325
197112199115
117228120230
1024612249
151231155232
1064611147
59126114
52135515
4022443226
71327334
106152111153
1420616208
141232144234
16192120
128201131202
131236140236
18642166
1683017132
181219184221
187149189152
1576416066
144165151165
3917144172
7815381154
187183188186
97106100108
154155159156
122169125170
97120100122
9713199133
1220917210
1613216237
34103711
147149151150
1555615659
77938194
9523398235
5023352236
111212114214
7110276103
137240140241
154243157244
138133143134
139161140165
37633966
4617247177
3010733109
1017413176
1202512327
6918170184
148177152178
6112462127
148160151162
12298124100
8310285104
1383314036
135167138168
1222314225
178149180152
74107712
7420275206
1734117544
9181220
4024142243
54675769
158200161202
55975998
63346536
189160194161
7821679219
1713619139
3219735198
7421043
7616580166
79808481
8721790219
197187199190
3324436246
114174118175
181147184149
1292813230
5515759158
191210193212
69957297
91459446
29913293
6714670148
3719340195
1932719629
1137711579
9322094224
181229185230
1569415995
1255212854
01662169
150239155240
9617299174
70517353
22322435
9012093122
1726017761
7221175213
1954819750
128150130152
1762417926
938910089
69847285
114127116130
8861188
1615418157
127215130217
1694517148
106231109233
128226131227
1019513197
121128124130
197119199122
1437814482
156133158135
123234128235
8524288243
2322625229
1418617187
19561988
715611157
185211188212
71709172
125198127201
1596716269
1562215727
1020613208
3116534167
6615970160
152111154114
7519677198
1332613628
9014293144
117123120125
4720350205
7114673149
26622864
53515653
1803918341
58676567
162140165142
7422877229
194171196173
1076910972
1811020112
124195127197
51975498
194183197184
2413827140
158160161162
109100112102
3613838141
34863688
141160142164
1817219176
36303733
138189141191
100129102132
168230171232
1715917170
82488549
7220273205
1716917471
132200135201
106229111230
178233179236
82928693
184191187193
101189103191
143120147121
1818122182
191192192197
3913841141
105194108196
138170140172
600623
4513647138
16841715
4218153181
1294213243
153176156178
146143148145
1276413066
1919019890
5317456176
1531115613
2623029232
1724517448
2321525217
1051210617
6812372124
25122814
76377939
9616999171
3021433215
24722973
1720720208
2920332205
1909419396
7918882190
16221924
1946719769
124215126217
120161122163
651953
123107125109
1888319184
131139133141
52835585
2020324204
8523088232
52165518
1696517167
5114254143
173162175165
1678017281
5616860169
73647665
127136129138
02023203
420722
49545256
4121142214
1486015062
32196221
69567059
8510588107
5111553118
1732817530
149122152124
8218085181
3312035122
8917591178
101167104168
154151156153
117224118227
155160157162
5618159183
181217186218
13741478
1962219924
160209162212
61196222
13951427
8116383166
8915691159
173240174243
1018810490
144191145194
82208621
67607061
4115244154
32345237
6722170223
118248121249
7322075223
1687317075
154201157203
2717531176
611311114
148135150138
183120185122
1091411415
88599161
2417728178
113236115239
160206162208
1755117853
126110129112
184123187125
4812051122
131149134151
116235118238
126238129240
161175164177
1489415097
5124856249
71567359
1719619199
167143170145
191221194223
183111185113
3222436225
65316833
151136154138
526729
6317768178
58776179
80518154
1932419526
189121196121
54465748
189101194102
3112432127
677780
166220169222
3620438206
58946096
1335113554
23652866
34223724
188195190198
1882318927
11926193
6817470176
1108011481
130249141249
5817862179
188230191232
535737
138222141224
9414898149
5886011
6720469206
1478115083
1462614829
2413629137
7313175133
54705772
5011155112
1784718149
8419687198
140104144105
1819218493
920911212
12361259
144210146212
100169101173
8321085213
984510147
103233105236
9522299223
1336013661
161235164237
67226924
1975919961
3618538187
3810740110
111122114124
4924452246
1818618488
1489215393
1624616548
109185113186
12631465
41364338
165229167232
5617061171
4216346164
4414246144
12321434
1876918971
126187128189
6512267124
30223323
9110494106
6622469226
13141517
149816101
137126140128
1261512917
117210118214
127160129163
6217172171
15699159101
1514915352
130246133248
44104911
1636716570
2813932140
1619516497
2821831220
162123167124
184114186116
194133197135
134140138141
1787318175
15721604
11521354
1486315165
113229116231
93389640
01082110
2615330154
145135147138
1766718168
79308232
1495415355
2418228183
161178164180
179208181210
98205101207
98159822
1257013071
143143145145
189145191148
165186169187
6812071122
1605016253
14541486
138201140203
02142217
57316431
76967899
1695817359
7319275195
3023232235
065267
1225912462
6219265194
8020283203
49775279
2123125232
91359238
2623327236
19312133
107146110147
29823085
140130143132
44364638
168241170243
3011033112
67767078
51645565
1564115943
187245189248
1919119891
5010552107
126247129249
5914570145
45784880
88339035
9219995201
84568758
7221877219
115141116144
6520968211
1492415226
2919631198
8116784168
113227116228
1024610548
134194136197
912111123
1122611528
1017012173
1212812331
111114113116
178105180107
80558357
169183173184
9511698118
1464914951
26352738
41104313
1967719978
175138177141
8222691226
1424714450
196222199224
147197149200
182128185130
102248106249
2524527248
2916831170
40864388
31696170
119236122238
1022011223
10891291
66346836
914110141
180132183134
18122213
141206144208
178128181130
5924061242
195102198104
1123114233
4519447197
1801519015
194112196114
4986100
44684770
8722790229
6619471195
1184312144
29243126
1014412146
7017875179
1743417637
7014273144
3920643207
192243195245
114232117234
71767477
984910250
49711
63506454
8218287183
2622627229
1928219584
4315945162
21532455
157172160174
1005110253
11111215
10151047
7710180103
131187133189
138122141124
41574459
5221655218
1421914521
80828384
1562815930
013315
179178181180
5524158243
63446646
3917742179
1473914844
113167116168
132125135127
8918092182
88969099
178248183249
149106151109
8078110
1876618968
991510217
7118074182
158114163115
106184108186
4914054141
132223137224
98183100185
1635216853
61228125
1532615529
8110086101
1018113183
2019825199
25782780
7617784177
163208165210
196108199110
1058810890
112132114134
180153185154
61846585
1610617111
25432845
142122144125
102810410
22282431
1149311597
136227138229
84968797
6618168183
61476349
5617261173
1611716319
1699717298
110189115190
3618041181
1456814771
4615949160
1659416796
1447214774
77597961
1523817240
3322636228
198240199245
6716769170
56165819
123163126165
3024032242
146151153151
84598761
920010205
3312637127
137113140115
7316776169
59176218
120214123216
41454347
3914742149
1002810230
28103311
116103119105
186202188205
1853218635
038339
150168154169
1663516937
8911792119
36723974
8319086192
14371739
1264712949
130157132160
47124914
7315974162
2814431145
53865589
155138158140
1492715228
6218165183
346387
186162189164
1466114766
3615739159
110247113249
1155911960
1003710140
129126131128
4412749128
16799169101
1803218433
14998151101
194136196138
168114171116
2713129133
102216104219
152159154162
3724539247
2620428207
1771118013
22402443
168106177106
6213765139
127207130209
98719975
155168158169
5022653228
1901219413
5913062131
19692271
1375913961
99235102236
4615751158
67797080
196152199153
160116162118
1005410256
174116178117
115134116137
104175107177
7910890108
32563558
146213149215
1635916562
125119127121
110117112119
158203161205
558859
8511086115
12021234
189239191241
939995102
27523053
9412896130
33823783
134230136233
165199167201
1193512138
61656566
3522036223
15571589
5814062141
6623267237
109203114204
1137011672
1218914191
1764117943
4511850119
183108186110
62079208
191154196155
1492115223
156119159121
184183186186
190168193169
74227923
624514245
7922481226
1523417237
41414344
8711588119
92129223
9321195213
177176182177
1921719917
1486615168
145202147205
5714760149
122220125222
8319494194
118131123132
132225135226
1304913252
1412214523
1718917690
11204122
1015115152
139139144140
102210105211
8261128
164225165228
163172166174
142213145215
41315134
159139161142
1352913831
7213475136
88849086
35363738
10771279
175118180119
1724619249
1394214244
4118344185
147915210
1023710439
1225513155
1773317936
71747475
155136158137
121114124116
161238162242
7824280244
49815184
7951097
11498117100
27682871
8810190104
1481315115
68267227
168207169210
133153135156
7414377145
99103101105
122178126179
1191112114
1412316125
3912944130
195196197198
2018323184
61866587
114183115186
18998192100
104122107123
1566715869
713510137
79488150
1251313014
1253812840
102158107159
61278130
1188012182
191201193203
1153311735
5721060212
1443014732
1251012812
2919332195
9481150
1448414786
151202153205
1661716820
2412327125
1887819279
1937719579
38364038
133120136122
7020672208
42185018
64226624
150118152121
83768678
1453314735
1367314174
149237154238
135130138132
157193161194
196139199140
2211824121
8913693137
5316755170
1517015571
181234183236
19151947
5613757140
116159119161
10921493
31385140
566617
154181157183
186227189229
146238148240
1162511927
111143111151
6920974210
181105184107
923912240
4817452175
1695317057
39954496
471574
840872
16641768
110187113188
3013031135
53295631
1526515666
133227135229
157213160215
1372214024
127146129149
2616628168
107214110216
21932396
159222162224
9610198104
72727573
3022933231
137247140248
918811190
4020243203
22782480
178197179202
139244142246
1701117512
5215754159
1432714529
73837684
1553115833
1333713539
11631195
3411137113
2612627130
123208126210
96129914
74437646
1545415955
090292
9619199193
8923091233
1721820219
1732417526
102178105180
31343237
110160112163
159195162196
1219512497
152193156194
6196410
193193196195
120148123150
3620239203
5313755139
7711481115
129223131225
5310556106
51457148
1720022201
1426614469
181184183186
169117173118
02243225
1823423235
846887
28953197
6411065115
5414558146
143241146243
117166118171
1899219393
149115152117
1839618897
1295313254
153186155189
155204157207
117221120223
1567715880
1605416555
1688717090
1304413246
1027810579
1334213446
96109911
814713148
19142216
62127217
138197141198
146248157248
38123916
156230158232
170235173237
184101188102
1501916019
4015742160
150209152212
9118793190
1113211434
6810270104
5117154173
161127163130
52108211
1387514177
192238193241
122226127227
9119693198
188214189217
188242191244
4211246113
1812818629
391693
115912010
28773080
6420769208
01352138
1751617818
46194821
123198124201
157227160229
7316380163
3110234104
6119864200
1424217243
1024010541
119224121227
103220107221
153120154124
92879588
148233152234
81958397
193246196248
38244026
77187921
109192111195
1016210463
156221158224
198195199200
01413143
141168143171
056160
1317413476
103212106214
66866988
7816982170
3923342235
41194520
4921052212
27462948
3617038172
21285130
799580100
159106162108
104133109134
113160115163
2320025202
189126192127
161213163215
2018924190
1267712979
1715317454
31356137
169216173217
5016657166
1067910980
28743175
57545857
7414777149
6011161115
7423675240
1751917820
1418017182
1917119473
194185197186
1811018611
195100199101
1918719389
7819181193
1207412376
2518928190
8622390224
3816341165
182138187139
5720760209
1414817150
4014243144
144172147174
1212113125
1418614388
10741276
141127144129
4110943111
530553
1151311815
4111742122
1279513097
108175111177
86489149
5514157143
1064010941
97166100168
6615771158
9116892171
44904693
95819684
62726475
19562159
1951319815
151184154185
111201114202
7716780168
197179199182
108179111181
1723117533
988510088
6120964211
968999
19631995
2061
14698148101
196148197151
119231122233
119204122206
20212522
5712759129
548579
11551357
1316713469
157165160167
54545657
198183199186
1012410327
107246109249
7817881180
157125162126
5516460165
4265
5411657118
1123514237
813210134
4319244197
76798679
38464049
56135815
6521970220
173201177202
3920443205
1393114332
1171612018
49505252
1491115212
32383440
142109145111
2013923140
1724917452
074375
188103193104
414715
44864887
2110624107
560592
148202150205
1689417096
191204194206
177242180244
1904519347
36563958
1859218893
150153153155
1138711589
3911442116
125100128102
1048510787
781812
162137164139
15951609
62256330
4422445229
4711356113
140155142157
11861208
176153179155
31883390
1608416485
94429644
103135108136
62796680
1817718380
188133190135
1461914920
1623816540
67197021
145157150158
98219101220
119183121185
106114110115
1201912321
146132148134
117239119242
1777618078
93479748
1069210994
8413788138
1318413386
143159147160
185146188148
170146173148
1710118105
51465349
1093211037
1836718669
163221165224
123205125207
6518468185
910514106
1906419366
4523847241
348379
976810070
2321225214
130177133179
8820091202
70237324
7912289122
159133163134
177142178146
98201100204
162169166170
5013752139
153208154213
1675616859
1573816040
54585759
126211128214
1462314825
1405614159
117145119148
5223055232
3323234235
1167711979
170218173220
7710878113
101156106157
36183820
105146106149
162243164245
170155172157
47584961
1532115524
40654367
195156198158
24922794
115150118152
38604162
189183191186
57846086
1966219864
1188712189
196238199239
153115154119
1366213963
45814882
2524026244
1268012982
70117313
01853187
1337013573
0241124
152144155146
186206188209
2716029162
1221112414
1803418138
112111114113
159239160242
99232102234
48155117
4619851199
210232
163204165207
116156119158
107200110201
171136174138
1086111262
1357613779
1122911730
6311865120
99194104195
78428144
940963
8922092221
188192190194
117140120141
15321833
37694071
21736174
57326034
4715050152
105243108245
1012010223
7617077174
079381
187249198249
67406942
25522655
142115146116
2416625169
01702172
145123147126
112175113179
1211512516
68717172
3510537107
143188146190
1156111962
1434314645
59246028
6020363204
1355513956
1332213624
3719040192
181244186245
1018410387
1871718822
6220166202
1544915651
190123199123
3022632228
3115833160
70897391
158216163217
156225160226
4819351194
180135183137
120151123153
1513615338
7418576187
6919671199
1766417866
1319713698
3894011
145127147129
5512358124
3811241113
8413987141
1065610958
192146195147
9715499157
69327037
189171191174
30203521
3024432246
5116752170
5520259203
169178172179
5085111
50575358
187233191234
192183193187
01791182
6424367244
163150168151
110129113130
1694917152
191165194167
1454614748
7518180182
186126188128
40144118
1823921240
714910150
168174171176
1521615518
122117124120
107187109189
2514128143
1973419937
162143165145
176223179225
28383139
1796418266
43604463
4520948211
1696117164
4622649228
73857686
077378
53775778
9023491239
155157158159
105164106167
122223124225
8213284134
47364938
1136611568
151147156148
106182110183
145104147107
4420346205
1823018631
2220925211
112155115157
1418314385
4219944201
90679269
107206110207
6410367104
18241837
177213179216
13299135100
1564415846
3516236167
166138169140
1949219695
23602562
113224116226
1666716770
171241172246
11241156
140149143150
193109195111
6220563208
195225198227
2212824130
163119166120
107237108242
120117121121
7496
1953919841
2114826149
106137
184131187133
121194123196
22102511
127218129220
8315985161
192177193181
1322816230
410311103
193126195128
151221153223
673704
72209223
1799618297
110245113246
109234112236
164213166216
6221264214
1795618357
32733378
74597661
1304713348
77458047
7911184112
159248162249
153233158234
4421447216
4022143223
50435245
8123184232
1597916380
1674217044
30463248
1778818089
11001132
167170168173
158181166181
54325634
1872818931
4217345175
1216313166
483785
181246186247
1528115583
3311837119
5323556236
42289229
1717719179
1406014361
1309313494
1317013273
116218119220
1887418977
6821271213
170238173239
31603462
139119142121
1409614298
166247169249
3823641237
1013410336
82108711
93112102112
92579559
1494115242
42154417
1722020221
1056210765
2214324145
1409314295
61616462
