1789
1435614658
72127514
34553757
81828484
1927319378
1415816160
4412647127
1564115844
45864887
193118196120
138159142160
059560
46604862
1885918962
142164145166
162137163141
4220045201
693995
101232104234
93849686
1627816679
127116130118
1017012173
63546556
1376914469
59476249
116129120130
1602516526
61666567
7518178182
6622669227
2218325184
1113413136
165214167216
5321056212
196138199139
70167318
61176320
6610769109
119916100
1473615038
270302
129188134189
7116073163
154214156216
128151131153
61628165
7421679217
175120176125
1916421166
7119573197
1917022172
2111422118
17131728
149217152218
94489849
1539115693
1875119053
9117693178
6221666217
134123145123
3124533247
7322675228
18592161
158203161205
9011892121
26362839
173113176115
085288
56175919
196819910
12041227
140139142141
8617288174
136196139198
194238196240
8923692237
5722160223
1803818539
2816431166
1115514157
145239147242
1831618419
15701872
195203199204
138218141219
52097211
2423927241
2513327135
1447314775
26523053
515537
812011121
105150107153
986810170
78968397
1184112143
128165130168
133181136183
123240126241
1212812529
146160148162
7924182243
152134155135
107206110207
112111119111
114140117142
93249526
1079011091
2613828140
9413697138
17599178101
15401563
6122263224
117218120219
46104911
160197163199
1193012232
77627965
1768317886
61709171
171184178184
9617999181
96919993
100212103214
1214713150
1014510348
8314284147
1651416816
1475114953
109202111204
9517198173
1703617239
69357137
7423777239
1611517119
108138111140
6815171153
154242156245
1241012911
181102186103
927958
55495851
6821970222
26272929
32426244
11001141
157233159236
163175164180
02412243
196164199166
1819318495
1176812169
188196190199
180220182222
34663768
7813581136
2024723249
6517069171
73517752
142205145207
987610079
1571416016
3917344174
46744976
5724861249
127140130141
1954519648
5420457206
141179144181
9513998140
1436414567
172209176210
19692172
2915532157
143102147103
1119216193
7416077162
2919731199
131170135171
813812139
1847818780
656958
583885
2012922131
6313966141
2214825150
101107106108
89459346
165208170209
115151119152
191238193240
26862988
9423297234
95279829
637840
1261212913
2220127202
41704372
124124127126
3413437136
124183127185
181216183219
2618037180
1042
74797681
5410558106
195180199181
139212142214
1345714257
127157132158
1882119024
4123745238
196170199171
193101196103
1337813679
8418387184
177212180214
28173218
58646265
17996180101
51325334
154157161157
1622216524
7614180142
112137115139
4117044172
4521247215
142217144220
94449746
1753117833
190919510
145104147106
1356414065
19542355
1733917840
2123023232
2818831190
57875892
196114199116
21086109
2022521229
182126185128
1603916241
106172109174
153225156227
5518358184
7624479246
1728917591
102104105106
96739875
99138101141
723110233
1899719299
75737874
1102311126
23742676
2421127213
4716849171
01612164
1766818069
2311425116
6518166184
5020153203
11941496
2811631117
95709772
150159153161
183163185165
5918361185
1807718379
514910150
9021993221
1814821149
7420375206
17741806
9999102100
39324333
187206190208
196194199196
1313821138
1518715390
8117886179
152185157186
131149139149
72657666
179173181176
115228117230
1818018382
16751977
4824051242
21792282
1218312385
30953396
145237148238
156132158135
4224345245
1492915034
181209182212
171117174119
1913719439
8911592117
108217110219
3724640248
1463914841
160148163150
1392214224
163242166243
1182212025
1915219454
9420995212
108226110228
5324555247
8271129
2510028102
7620580206
984510047
8522890229
4312046122
1082711129
2510427107
8920092202
160125162127
5224856249
6613469135
66556956
1157211774
37834085
046151
31797180
198217199221
170146173147
74957797
89769179
6516467167
1437614579
9311695119
1311016111
6114762151
6812470127
139205141208
19601992
142228144231
185135187137
77828084
2422825233
121229123231
41564458
6413666138
8322684229
142183145185
7224983249
1656716868
148101150103
24522555
122226125228
66476949
1395514256
161215164216
44324734
1116511368
712810129
127169130171
146163149165
7221875220
2615528157
148149150151
8420485207
1319816200
1123314235
1057410876
91719473
177143180145
5224254244
114231119232
57376038
97559957
2216223166
4821451215
1374214143
1417316176
978010081
179201184202
1733617637
46585059
2123726238
31817182
70897590
1114711449
1871919020
1885619158
1852818830
5715362154
21555157
6924572247
6112364125
2112223125
8019083191
5716861169
2616427168
1959519897
7412576127
1239412696
1387314175
29643266
7023973241
2612229124
3911542117
79358138
01295130
15398156100
3621337216
146166151167
6020263203
4015542157
146197149199
01431148
2521430215
61308132
130162132164
1605416257
1123911740
51165319
155204157206
177209180211
8591161
4022042222
177148179150
173131175133
111118114120
3416135164
38114112
54415545
1886319066
3411537117
1381014112
8323484237
53815484
1507915381
7523477236
153109156111
4122646227
5719158195
103203106205
119141122143
156104161105
1877019072
8424287244
3322236224
2021521220
107131110132
2312927130
79898192
1791718219
86549155
19071958
6612169123
165180168182
423924
1168311885
126139133139
1581016112
1798318185
82138318
145217148218
5912662127
6918772189
161185164187
1955719958
820213203
4316345166
1354413746
9413397135
183149186151
1031910620
80478250
6623869240
4415847160
3311938120
1179411997
150199153201
1852118724
01112113
132226136227
2814429148
59776279
135206136209
1594516446
1618618189
19751997
29764076
1522416227
9019293194
9524798249
344376
105234108236
354655
197243199246
1296213264
18872089
1175011855
4918052181
6721472215
2922931231
173111178112
135235138237
154193155198
3316538166
2920232204
915810163
724915249
5321356214
121218124219
1577116172
159161161163
9318195184
190143194144
126211130212
4815851160
3612343123
148239149244
167178172179
136195144195
188115189119
161173162178
156194159196
7918281184
8820389206
5122452227
1942019921
36863889
1138611491
185182186185
9711099113
1411216114
81678370
118185121186
147157149159
1388714288
98215100218
7541155
77578457
85418843
100196104197
1492415325
25702871
1017711277
2412125124
26402842
135230138232
151145154146
511510116
7011473115
182112185114
9021393215
134117136120
77387841
3612939131
19131935
168176171177
8416686168
5419555200
3919742198
7012873130
1248412785
1441114613
184241187243
7521253
81718472
3822940231
4516846173
975810059
1511515616
1436214863
65756877
189232192234
1334913551
183199187200
511712117
1975019952
5914261144
1225812460
132165135167
148104150106
166200169202
6520566208
1312813430
124248129249
109179111181
59826284
5411656118
7915882160
41934694
137143140144
82918592
41139114
4713350134
196167199169
1971319916
1109211394
1736317566
4121044212
111205113207
27243025
23352537
21464149
67436946
1053610838
1142511726
1184411947
9410797109
137182140184
109147111149
1449514797
3910640109
2917732179
145138147141
1098711289
6211267113
186215189217
1605116253
1195612257
162201165203
3520340204
71767478
190125191128
1031210614
083484
2221825220
108175110177
1295913161
94309633
1701617318
169180172182
175238177240
100109103111
29793281
1193713037
74217723
1445914761
132199135200
164164168165
47155016
185230187233
106180108183
194105197107
119172121175
154148157150
4320646207
1038010483
5617061171
100146102149
9381141
108191111193
7010673107
3283510
1925719361
1135311655
97227100229
6221266213
4412847130
174137175140
6415666159
60546256
12551557
6922971231
9312296124
1043910642
12541285
1515417157
168106171108
163168167169
79428443
3122736228
105229108231
155246157248
9118894190
157215160216
5215755159
111217113219
160193163194
144222147224
65226824
1697917480
181234183236
916411166
1648416786
134137136140
1983119936
1438614589
1008810193
1137211477
1879019191
9323598236
28302933
2317626178
172243175244
712312124
3315436155
5017251175
5018553186
3814542146
148136150139
1529415596
135129138131
5512058121
1352513926
108199111201
139100142101
52135515
38224124
1316918170
2821030212
96119913
5416359164
5710760109
16899170102
129132131135
173162178163
137185139187
175245178247
9618298184
42057206
22202422
188155190157
1328713390
64846687
178113181115
98134100137
136104138107
116170118173
51377140
83338635
172187177188
166205169207
178129183130
1226112562
125218129219
3918741190
58710
989410196
1082110926
5423256235
6314766148
1906219762
119182121184
1516215365
157106160108
70537256
01143116
18351857
10101212
9012892131
7320176202
161145168145
136166139168
1696217264
1183312035
8623091231
178188181190
54385640
1521816223
1188812190
51775479
1035110653
1792518128
41904492
1667216777
409843100
3611038113
166217170218
51585460
141169143171
85568858
12661289
1815521156
164146169147
148232155232
65196821
159167162169
1076910972
150163155164
5515156154
186122189124
96409942
121126123129
89589061
103179105181
125157126161
163142166144
1792318424
8317185173
833855
99240102242
55765878
166151168154
1471315015
148107150110
1754317746
1643516936
25952996
8011583117
4411248113
329532
6921671218
20412343
8423293232
5411157113
0007
104109107110
1752817830
981910121
1053411334
3814140144
190226191229
1097411276
7823079235
7816486164
101227104229
55825884
34803782
11297113100
6415267154
90969398
117163118166
1263013031
131140133142
87912
8520088201
61547159
1324216244
11394141
34273532
4120245203
1227812481
1616418166
973010032
1563716038
1391914221
188223190225
7011672118
1417916182
1044310745
190123195124
1364913851
143148144152
192150193153
197240199242
151211154213
87698972
1284613148
6323965241
71797381
183147191147
1568415986
1461814820
4322046221
92399541
139232142234
115195118197
5720859210
96369937
1793418236
319514195
8524790248
54325635
1123014232
133113136115
2624937249
8220183205
1274912951
157207162208
118203121205
140246141249
143160145163
9124794249
1321914222
1018610194
7014773148
7013272135
39864188
1381414017
1510117104
60926493
1810121103
8223085231
198150199155
1071811020
145227147229
988610387
152113153117
1211812420
39614263
1620723207
11174119
75118311
111228114230
2412529126
105197107199
962210023
45664967
6710270104
1563915940
8712688131
104245106247
1023210434
75938693
29403242
189191192193
1816518368
2818133182
155171160172
167243169245
3117033172
181110186111
51925494
5817261174
549955102
1664516848
193212195215
51518153
214236
139129142130
120151123153
3813541136
1237012475
3986100
1489415195
5613661137
5416057162
1316116163
126195128197
1161011911
148143150146
34473650
6724270244
177127181128
1114511546
1537115476
12281431
8813291133
145176147179
104140107142
127193130194
173181176183
1179812199
7711179114
1897519178
163238164241
3212935130
192157195159
118248123249
148152156152
162170165172
58545959
128126131128
522544
111152113155
154177156180
192184195186
2010924110
1414816151
103144106146
126108133108
14241627
9222695228
156117157122
177219179222
158179161181
72207323
1924319446
1178011982
172141175143
159128162130
157164159166
4021743219
142186143189
122148124150
2315826159
1953719839
7123474236
242264
2324225244
1046710968
11921593
6124263244
6495
101198104200
11321154
7416577167
143214146216
1882110
5922964230
121162125163
1462114823
112201115203
83458548
3613739139
4112443127
1573316234
1947419775
1698417187
177203182204
188138191140
169156172158
1136211763
2910031102
4521048211
105214110215
112106114109
122106133106
115120116125
174232176235
128119131121
6918372185
2017322176
196200199202
150237151240
5320756209
9623798239
9422096223
24912694
139126142128
7813285132
84498751
185160189161
1717517377
94569658
161246163248
1142311724
5816162162
42404542
4114143144
13971419
8620287206
5016851171
134153137155
1257312974
1629816799
8712292123
118199122200
49375139
6020961212
1057810781
104211107213
143153145155
102248107249
718310185
158246160248
01833185
137111140113
1759617898
3715439156
8411788118
109187113188
190131191135
1724619248
93669569
72357437
16962197
1884619148
1639316695
1352213824
36273732
9516298164
1258112783
111129113132
2714930151
1694417245
33243725
15141565
32443349
4513547137
8312184124
5314654149
1611316216
117124120125
1286513167
137238140240
69247226
1511715618
1822818430
117106118110
150127151130
6715769159
3420034208
180152185153
8720788211
3018533187
137244142245
103221105224
79398241
13701475
63906691
152184
1977019972
177217180218
1099511197
195143198145
109150114151
36623865
84968798
3014634147
21765178
184190187192
100166103168
115247117249
1728617588
27843285
136177139179
5420259203
154112155117
169917112
371574
20202125
2920531207
58236025
146204149206
1128311585
9421797219
560592
112247114249
449947101
70917294
167212171213
6218164184
188220190222
1833118436
1656216864
5721359215
113157116158
16902091
4519347196
170114172116
66647165
88159316
10751277
1467614978
150168151172
167197169199
70487251
3014133142
56856086
118228120230
3617538177
1635316655
7617579177
122178131178
5921661218
104126108127
1767417976
1545415756
1761317816
1679317095
1714717449
108159109162
22232328
192130197131
1497315275
132233137234
18832384
1311715119
9518897190
196156199158
162916510
167227169229
719612197
3994310
1304913251
7714981150
108143113144
023325
1106911272
80258925
116137119139
2823831240
12501291
98106100108
9851017
13811412
9619999201
128136130138
35903892
127240129242
186129189130
172175175177
5222953233
686988
10131215
5219653200
1016210464
1331913621
1146611668
61868189
125206128208
6520968211
1813220135
126179129180
1125011552
8519790198
185201188203
152239157240
94119516
1533715540
189821100
13671389
110194113196
67847185
114186117187
171216173219
1172712029
169141171143
7524178243
9711999122
1246512767
1678116983
7720079202
1835518657
1352913831
6424266245
1795618257
189106191109
166135171136
7120573207
156197159199
1197412176
178136181138
02484249
4614549147
44384839
5717860180
8716488169
160164163166
4720450206
92539555
3720538210
7122174222
1576016261
142156144158
1586316066
128238136238
2921630219
1112011421
20932395
5322655228
1322213424
1453314835
1858718692
849986101
1602716230
7321175214
1062110726
164103166106
6919273193
15732074
86468848
9416696169
177172178176
1705017352
81518353
1866718969
75367837
172144176145
4819851200
88329134
1435414655
94829983
4819651197
2110724108
63466548
2021223214
12611563
44824784
1298013680
139209142211
174216176218
67817083
1725617557
101215104217
95101104101
164128167130
1778918290
45534755
174146179147
1069210994
160123165124
1911819320
193244196246
3518738188
123167126169
42534455
818011182
17611783
10941126
174104176107
181161184162
1093911142
141241144243
35333835
1386114163
132117133121
19431994
179232184233
122107125109
1662216924
154153158154
112210120210
15831615
6714769150
101154104155
6718168184
1721719220
22962499
121209126210
14131464
23722873
1029210594
1811318216
5814667146
2619428197
1846718570
1627116573
1723120233
1279512998
127236131237
150242153244
125110126114
2518727190
126134127138
52357238
8721690218
2812831130
1683017132
138241140243
13341636
10461151
127220129223
4614849149
1616516467
2024525246
6613169133
1368613789
29373139
151106154108
1210114103
17272029
183209184212
192121197122
3210136102
195247198249
112233120233
379838103
1765617859
153165156167
180195191195
76887891
01731176
1689117192
195223197225
8522188223
7317276174
158230160232
1413417135
1397714279
188236190239
167236174236
126127127130
9611699118
1158611887
90499351
1107811380
900922
37404042
184214185217
3619138194
6312766129
99169101172
7419176193
186131189132
154187158188
1666916971
3113433136
1734117446
38513956
51565657
142144147145
62696571
192146197147
1491015212
43594562
6016362165
2423426236
7413477136
6518568187
8317485176
9311096112
10191222
1732217525
9619699198
125119127121
4722347231
1126011661
4623847243
10721123
1352714028
179120182122
137114140115
191219194221
6712869130
137205138210
156112157116
14801503
20752277
1687317075
1445114653
9317094173
1898219185
1912119324
134184136187
185116187119
1121711519
91179419
3219735199
123186126188
3212843128
039340
195231198233
8312786129
45214822
79738274
101218104220
1083111033
1224312545
77787981
6512467126
1872518927
9424598246
1702117224
1353514435
1534115543
32603761
7412876130
1884019142
2222424227
103206104210
167219170221
123119124123
8818290184
1665717158
40514155
1056310865
24172719
1088111183
4715449157
137215139217
6216664168
1716119163
3911041113
917613177
1923419536
1715317355
7213775139
148175150177
1454614749
19472249
169165173166
188103191105
139227141230
156229157232
1027210673
5313655138
8513987142
109233111236
158115163116
1158811791
1745317755
1513415436
154201157203
1762317825
146173149174
140148142150
4918750192
3518938190
16531855
8913692138
118103121105
118192122193
119196121198
93209523
157177160178
1949219794
1546515766
9510297105
1496215067
1144111743
31436145
1418014482
116143118146
5514058142
1542115723
133210136212
112198115200
1741317518
335538
1694217243
1336013662
9118192185
7313175133
12581560
37474048
116126119128
923811241
1779318095
1256812771
115208120209
4911252114
15081559
1613516338
192216195218
116132125132
84668669
2215123154
177124180126
70107411
1287113172
191241194243
157151161152
10341137
85368738
24652866
139104140107
150203153205
197186198190
2419827200
72847685
16801702
2818333184
181116184118
32373539
13201523
83738675
9110494106
7419479195
9621164
188246191248
3519540196
5110152106
2618327186
106220109222
31615163
1582116123
1531015612
1553516036
8022881233
2510827110
5317556176
2420727209
5914062141
119144121146
6210063105
114153116155
65596762
132126134129
2316926171
2318127182
1972319926
67886991
1618716489
156142159143
1942219624
172239174242
7621877221
2621628219
1198612487
8920890211
364666
1543115932
147213150214
5016253164
130221132223
1717919182
109911210
1664916951
30313234
23442845
4412348124
1688817190
103189104193
137224138227
1484715050
19001932
27123013
6213365134
12371341
7411376115
8917092172
27463048
159117162119
2415227154
192226193229
25202921
119134122136
129122132124
1793118233
167122172123
130172133174
21882490
170189173191
630833
1199112293
27142916
1223915241
195188196192
5251026
013314
55585760
191222194223
164226166228
107246111247
187249194249
1687617078
6516869169
89869287
1929019791
189202192204
31533257
2913132133
104161107163
2810430107
2816930172
6311466116
143211146213
14411743
129224134225
126107133107
707729
169237174238
104186106188
3922342225
127114130115
116174118176
12521293
4819351194
1747417577
145195150196
1804318743
8711989121
1754817751
3522937232
181170184172
130109135110
634936
5120453206
9318596187
79910101
1159211697
146111149113
98103101105
108211119211
83608662
1884319145
137180140181
77668068
73547656
1218013183
99244101247
1761717820
6713670138
30883390
19442246
159153161156
3612640127
133158137159
10891291
8015583157
9222995231
41727174
114206119207
98219100221
1006510367
65936795
456487
18601892
1121411416
3317735179
19562258
14751507
4315646157
193127196129
179247182248
184129185132
3012533127
157175160176
3619941200
1257812880
1723919242
50745376
1689617198
1329113394
115167118169
146131149133
3424337245
1222816229
139137142138
1498515090
6220964211
1745817562
8521686220
1572715930
919994101
195220197222
127209130210
8916893169
1102211722
3414137142
173201176202
105189107192
157173160174
23582660
6224764249
179244182246
6314966151
1196612367
1653716739
182176186177
162155165157
1052710730
148119151121
1458314885
48475049
193208194211
130159132161
176154180155
119162120165
128184133185
1821023211
84638765
142225144227
1315213453
191230194231
44964698
5622658229
132177135178
478582
187180192181
1588716089
188187190190
4813550137
21362240
182104184107
6122562228
80818881
154182157184
142914610
70327334
1143612136
719812199
1286813170
8814191143
167148170150
84178718
1513015333
122194125196
3110334104
3023232234
150131153133
1024612248
1128111682
175134177136
1924719450
291991
1489115193
117234120236
5323956241
154160158161
1548615590
148226151228
59706172
167103170105
31583659
4013343134
180147182150
63886689
40364338
1036910671
194162195167
9721299214
72867588
1556715968
