1799
9117593178
186199187202
6516368165
191919311
23892691
48125114
1354413846
52765578
9115995160
51478149
157148158151
176232178235
1325113552
54545657
172144176145
138226141228
117137119140
16222023
194245197247
2617129173
1942119525
1320416205
1927519380
2414127143
13441375
9624598248
1306213265
2518828190
40764279
79788280
63116613
166244167249
1042710629
1391314314
1594316145
189225191227
17631778
7316577166
166155168157
186219187222
1576816069
61228125
1873618938
179244182246
2514727149
79458446
8612290123
168131171133
126200128203
74927793
5824060243
5616959171
4111943121
117221120223
02363238
122147124149
141172143174
51558157
3414137143
44674868
154204156207
162218163221
5424157243
1192412127
8523087232
100106103107
5822560228
7924181244
143199146200
1357413876
103244104249
1417617178
4420746209
117217121218
9419896201
1899019391
048251
85528854
1514816151
68517153
2311326115
1085210956
91349337
1759717899
14051437
113225115227
1201612219
1551915722
83558756
1254012842
6722871229
4668
69927194
195161198163
155815810
51295430
15591860
01563158
4920451206
223246
16371840
1224114243
1417314375
1119114193
186111189112
022910229
2624131242
06111
26832985
17652067
85898792
168191170193
591604
178218181220
195229198231
8624490245
124170127172
1027010572
1237012473
6915572157
108191109194
6118562188
915511158
128244131246
291323
157212160213
114160115165
59356237
7512477127
6314865150
3024433245
194152196154
6712470126
127137130139
9711199114
2116623168
129112132114
1402614228
93659468
62496750
27522855
3419635200
124124128125
118134121136
1442914731
109146112148
01262129
920612207
6617268175
56835985
1507915381
146162149164
178143182144
160129163130
1048910692
1153611838
840891
162162164165
1521718219
2324527246
187165189167
668969
83878492
9613599137
141192145193
7622179223
56385841
19342136
1781818020
1603516337
2920131204
1707417376
9412896130
21632564
978610088
105188107190
191158193160
1138611687
80268328
4918151183
103130106132
9415697158
49745475
1867818781
197212199214
126163131164
42874589
6510068102
1076110866
13691770
192161194163
1625416456
3017433176
196119198122
64596760
1015610358
261563
167139168144
1239312595
189152191154
1053410736
179100181102
1819518497
33313533
1731417616
78908093
54435745
183243186245
1019411198
21612462
35533756
184117187119
082384
180137188137
545576
68137016
1458814791
113112115114
031831
94129714
2222624228
722610228
7621980220
585626
95969898
45614863
9217094173
47354938
137199140201
8222885229
1054910851
17511792
139132142133
170193
3310936111
1214712350
2024522248
26503151
192248197249
90269229
2212225124
153246156248
4911252114
151145153147
176137179139
1549615798
178247180249
2814030143
1164211944
82648566
168218170221
4014942151
133123136125
5824461245
1873019032
183109185111
81969199
1132211525
119154124155
179134182136
144169145174
6919971202
97919895
1012913131
8771079
4310046101
1773218034
1117413177
1783718040
114136116138
159195162197
184164186166
2416727169
1512320124
1601116312
151157155158
177209181210
1921121213
2217125173
98170101172
02391242
976610068
125244127246
6114264144
1234312844
3314435146
1102711328
4618753187
148242153243
1515418156
146135148138
889891100
185216
8981199
55805782
1318515187
22189218
7519578197
1503016030
1343813839
68977199
12399128100
803844
5819260194
171221182221
01222125
3113932142
1695317454
150227152229
150236152238
171139173141
1255312854
4913352134
1417914979
4010743108
5121756218
1736817769
6019563197
106149107153
5621058212
156106157109
132162135164
7617081171
1713617338
1083211034
1119511497
92849586
2310326104
992810230
5321255214
195234198236
1321813520
133113136115
1205912560
15541955
5815660158
1313213434
1323917240
039241
6412465129
32113512
63536555
108115111117
2018123183
167184170186
140162
181194184195
1371313816
113120116121
12201522
1816321165
111120112123
967510375
126101129103
49545157
9022895229
6114666147
68837185
19972298
7224875249
58216024
129156130160
98155101157
8911794118
1307513277
8899111
40154118
193126196128
99183102185
156198159200
150218153220
1869018892
143177144182
9319495197
38664367
191129196130
1605216453
1545315557
1548615688
49585161
80558258
4618248184
137215139217
1581616117
1003110333
9311096112
1582116024
1117711578
116191119193
1362813930
1909219393
26622964
191220194222
58686170
1605616159
110194112197
9120893211
46474949
119121122123
194133196135
967610376
15241727
1298213284
1913819440
13681399
1798318285
1094211144
141115144116
1743717739
1036110663
1636816670
135129137132
61089109
126111128113
109186112187
1512018122
1425214455
145147150148
68117312
191175194177
2814930152
25212823
158239159242
147152150154
108223112224
6023663238
40544356
74107712
125107127110
66467047
7817781179
2821331215
114239115242
336368
7323375235
1462115022
1542315725
57256027
5812861129
858948
59910
145209148211
7520880209
117214120216
5315855160
9114296143
188107191108
1012715128
85498851
1802818529
194211196213
1798618288
3812741129
1772817931
100910211
1144611748
116196118198
8217086171
5723361234
1379413898
415446
159158170158
33603861
110149111152
1418414289
654857
7912982131
1231512617
4211346114
154213156215
6424265245
3915642158
1121311416
172102174104
974210143
8213584137
1853318735
8119984201
46884890
123211126213
3716239164
1215514158
1732717529
1716020162
7510079101
3117734178
133155135157
18171848
4611656116
8414589146
46914993
1661016813
5210253105
1653416836
01742177
9223295234
171121174123
1922421226
52845585
1636016662
87879088
5419957200
3711139114
6722570227
173149178150
16761978
164185166187
4317446175
2114123144
5316755169
3814343144
122161125163
146229149231
3524436247
5423561235
148130151132
9016393165
167232171233
21534155
1002510327
3818741189
188203193204
2213927140
8924894249
123191126193
118235120237
160149164150
59476150
192167194170
8511352
180159182162
1005010153
2213324136
175100176104
171126175127
6914577145
124128126131
1101911919
1515415356
130101134102
1277712980
5110653109
6223365235
106141111142
1948919990
50925394
157127159130
99193101195
113128115130
146173149175
2010322105
5210057101
25862888
1908219982
21435145
132136134139
6821183
5918262184
1064110843
182103183106
117178120180
163155165157
153126156128
1916719469
46844887
3815941161
8217785179
855887
100115105116
1127411476
1277012874
191116194118
1639416695
116111119113
1831618420
1386213965
133178136180
1942619728
13711574
123158125160
1031110712
160175164176
256307
493507
1291013211
9610498106
77737878
120226121229
1817218673
25922794
94429644
149117154118
168163171164
178191181193
45644866
155122157125
2620530206
01102113
4815251153
175239178241
70257326
82528454
1775017952
513554
1295013152
4319045192
32953597
108137110139
153184156185
148101151103
5516558166
1779217896
1713317435
7191120
177117180119
1485715159
129202131205
61448146
1278512988
124227126229
1452314628
169188172190
4212944132
42324534
8215285154
47814983
71617363
94779679
4319745200
3921442216
169175172177
195106198107
186176190177
86658967
121221123223
25102712
3413938140
168117171119
6296510
5124454246
10098101101
1519715399
4521549216
9315196153
1817618378
1011410316
158131161133
120111123112
6318265185
4194311
1866719068
170101171104
02082211
110153113154
6420366206
7121372216
33473648
183112185115
5120954211
8721190212
144218149219
154216157218
1962219923
3712439126
1705617557
188217190220
132104134106
110232112235
59386240
192235194237
183172185175
3023133233
01085109
153150156151
150214153216
4316445167
179202182204
1295313155
17561958
43254528
1557515777
2215327154
9312296124
4512747129
1215915161
144239147241
1019913201
8523687238
9714099142
112149115151
9424297244
2223926240
18001832
8522290223
27682971
128176131177
32743477
29583260
115123118124
1876919071
1146511668
195237199238
849785100
190167191171
1824318744
309833100
480512
998010282
119160121162
5123353236
143133145135
724915249
106145108148
184216187217
2212927130
1878218984
6311764121
6719670198
1924919551
8520590206
121130123133
976910071
3610039102
6210264105
1409014293
8513889139
70237324
51225424
1049610798
1705817360
629964101
4011042112
9221795219
105236108238
7014073142
76377840
43294631
6020363204
9420797209
162159165161
7113075131
105111107114
166178171179
143149146151
7814080143
6923072232
7720579207
1014710349
5211955121
22862488
4215945161
50465249
96259927
186187191188
4722450226
817849
116204118206
147190149192
8918192182
7422977230
135241138243
1925419556
1496015261
104142105146
6715970160
185145188147
86418843
3614539146
3220134204
52207222
149244152246
160247163249
169150172152
1108511287
146106148109
19312133
172205173210
81628563
134213136216
1417614478
1520118203
1546615669
1611416615
1884219144
122216124218
2513327135
137177140179
20922294
123138126140
9417497176
4619149193
3216935171
138172140174
108211111212
143242146244
119246121249
30913393
86688870
147196150198
39324134
138224142225
44744875
1236112663
42347236
426529
1947819779
9123795238
128195130198
136188138191
5917361175
1212114124
11498116101
4118243185
1911122113
151123154125
1858518887
61798181
6122464225
162177165179
3617138173
1897519177
73767677
1494915250
182209184211
1564315846
5721761218
169243172245
7323676238
116141119143
37514052
89319035
1292813229
1681517018
195216198218
17051727
5221955221
151136154137
83728476
3917942181
150171152174
125175127178
1256812869
134191135194
01782180
1122914231
1885519157
1219612498
7116074161
92749576
166241168243
4714850150
2915632157
4420446206
47225024
2524829249
9413897139
123240127241
8817490176
96729974
772795
146110148113
988910290
169165172166
5114453147
96187101188
179172182173
74807782
138185141187
17812082
187140189142
49895290
116164119166
110207113209
1456915070
185195188196
1915421156
158216160218
1226712469
153244157245
63306631
6417069171
192109195110
1992310
5014054141
6719470195
12591462
36793980
169171170174
1736317864
165168168170
8311888119
8813490136
1305813261
6514468145
1586216164
182100185102
191178196179
12531456
182219185220
106195109197
19571979
1110414106
43374639
9714398148
1184512047
1171312015
2618528187
3512238123
129130131133
71138116
120156124157
148186150189
121176124178
183159185162
1473615038
4020743209
1926319466
1894619248
169154172156
120164125165
1610718110
22582659
3417438175
99159102161
9318496186
4715650158
6519166196
164218165221
22192720
1604016342
1126511369
1092411226
6361137
1084511745
1198012085
56895991
191121195122
40704272
145116148118
112210114212
146193149195
140138143139
137106139108
121206124208
1603216334
7811681118
1468214983
7417777179
21262428
1644217142
4917153172
137175142176
35573859
103147105150
1382214124
194180199181
179110182112
1675616959
5620759209
39574160
73557558
1497315274
113125116127
1799518099
159204162206
1085711059
71929195
627830
663965
183138186140
8518188182
4020244203
055258
8419792197
7611979121
29412
8020684207
88559157
9324595247
32078208
1404314246
3418737189
9718398186
916312165
5522757230
3012032122
1262112923
47285030
179233181236
121115124117
5622159223
16299163103
176113179115
1024817248
3710739110
8817191173
1943019732
129178132180
5012853130
6711269115
149114151116
793995
1624316446
1395614258
1417217174
137168139171
161226166227
197198199200
126161131162
2121422219
1148211685
1221514218
1133311535
9013192133
157247159249
9021393214
1157211874
5418557187
1307813281
145227149228
10911132
6213971139
53515653
9622598228
93289531
61289129
1511415316
2614429146
55685771
34873988
114133117135
1523418235
163207165210
077378
1737017771
142152145154
107243110244
1702217423
1912319325
137166142167
01593161
1339413695
3310342103
52265528
195221197223
175135178136
166111169112
26272929
1774418046
160123164124
191228194230
102187104189
81309133
67717073
9220493207
012115
157201160203
1675517855
1441314914
1014010541
1968419986
106179107182
79648166
82368537
180113182116
5222355225
188120190123
1747417676
98118100121
3013632138
1489015192
5920563206
149121154122
96289830
1456815368
7915584156
1915219653
107130110132
6016970169
71717572
191123194125
116911712
3619038192
113243115245
15301562
120141123143
1461715517
1538915492
103154104159
110221114222
02302233
3616539166
7222673229
172161174164
35364037
61926394
1767717979
160185163187
1406214165
1186412066
22233228
19182121
113185115187
108165110168
4016242165
66926895
3623539237
182187185189
101179104181
4619949200
109245112246
103135
586888
1512115324
6823670238
139110141112
1358313885
56975999
1824319248
134239139240
1947519777
092394
297698
2438
156161158163
1637516479
186131190132
1619621197
94164103164
6618168183
1271612919
1859318994
112213114215
172146175148
20482449
177180179182
121108124110
78498150
43224624
90959397
354557
173173176174
149127151129
159115162117
01623164
2816730169
8114483147
6917772179
1332613529
129212139212
1618416485
1933419537
1113711241
29373338
141177142180
9412596127
138247141249
1436615066
143165146167
157219159221
8118184183
10931115
9319096192
7011473116
745767
9381140
136147139149
7322075222
1123414236
126158128160
21516152
1786118561
108118113119
160112163114
89609162
1765617957
2618330184
101108105109
016317
169157176157
1421216214
8424888249
1526315465
29733176
1662216924
2621131212
111228114230
37133916
71137217
62696472
4115242155
1402914331
61816483
61236227
1676417265
72787679
35893891
49865188
196103199104
108201111203
182156185158
181124184126
720743
1663117132
179212187212
31764179
9322296224
5413056132
3823240234
5816260164
1844518846
2916532166
1206112263
1976919972
50165219
131209133211
02433245
9318195183
1838218684
61556259
42404542
5324756249
161228163230
8712990130
3312234127
4824650249
1655516659
32623564
185208187211
165165168167
176105181106
1913019333
12351286
1113614137
7319077191
3114832152
1792318225
119194122196
68566959
1565615957
29163218
258309
80718273
139140144141
104120107122
79748077
157214160215
4219345195
1987319976
2410927110
185238190239
8918691188
107240110242
493696
1225412456
176122181123
4916052162
109247112249
1265812960
183129185132
1218112981
111162113165
1263312935
118170123171
197141199143
133126136128
168107173108
133158136159
2220525207
104202107203
6921170214
145245148247
127222129225
8211123
57326034
6110663108
1658116982
52238225
180140182142
5810061102
112171113174
187245190247
47725173
4221943224
1818421186
157173159176
4622749229
1612916431
7815779160
31735175
1812821130
9622996240
180164183166
52595462
7501550
1018711190
4212644128
7414277144
8516589166
53885591
25773078
117104120106
151148156149
180237183239
452474
191189194191
172109175111
6920771210
4512447126
188133193134
128169130171
4814450146
1218212484
1108111382
7414077141
992310224
6617868180
160146162148
113188115191
195227199228
6315966160
1434714649
6610568108
1823921240
6511870119
116116119118
3323435236
116232119234
144103147105
1163211735
115207118209
1679117292
823213233
5411759118
1025010353
2510628108
1134011641
52115513
34813683
134613510
160168163170
84678571
101110104111
1985919964
163195166196
1294113144
69397340
1438014881
124209128210
1788017889
193239196241
188159190161
5416357164
48314934
1746017762
120209123210
192242194244
129241131243
1813618239
130215131218
195167197169
115911518
6124163243
21232425
108133110136
1803018531
1707817379
1218815190
1154911850
1197712279
2918833189
34283730
43954697
1876318966
101117104119
984610048
142186147187
2910531108
122245124247
189146192147
141114148114
8610689107
30943197
199229199236
1296813071
127140130141
67666969
4016843170
1862518927
194202197203
1361013812
5619257196
1167711880
171185173187
94819783
131120134122
16481950
1935919562
7118082180
103241106243
7122374225
30833285
6321133
122181125183
4910251105
119181121183
82478449
108120110122
1368913991
3615638158
4120443206
196108198110
37223924
101206103209
5817861180
79158217
115179116183
1024210445
187243191244
18899189104
162172165174
100128102131
190102199102
1385914161
140219143221
106221109222
6514268143
1612116324
104163109164
1378614088
52315632
2723029232
57176019
160166164167
40844189
1711720119
11471349
1233012533
86938995
128206131208
29213223
140215143217
6813070132
117119118122
68487150
5812459127
15931994
191194196195
6918070185
25462848
29433146
5417456176
1383514037
25162818
1133611439
94369639
1677416976
172118175120
12761578
148214149217
7316276163
176198179199
80408242
150183152185
36673770
105230107232
172228175230
149150152151
83148517
99227102229
127181132182
79518154
34223625
1474514849
7515977161
4019642199
9531156
148239152240
9110595106
02052207
1367913882
5417055173
3713439137
817310175
42934594
14711493
141201143203
52725773
125196127199
187189188192
10301053
1456014862
31245127
132241134244
60976598
1527015571
195188197191
7711179114
2020321206
163116165118
187156190158
190231194232
1494715348
1738017781
1379914799
116170117175
911512117
53465450
149133151135
1374113943
2622729229
3718138185
1921620219
94559559
1945719958
1162411826
3423037232
1475014854
75987899
120138122140
01302132
74257926
1114611348
1479715098
7816581167
1965919764
1089511098
19601983
159816210
192103195104
7024373245
2111824120
1753518036
4616348166
1762617634
174183175186
1067310974
999310097
63356637
2318425187
811811120
197111199114
91399342
6222965231
1121013212
1467114972
86208922
805846
19641995
1807918381
18411873
173243176245
46254827
140142142145
12371539
5116353165
5813861140
70101
1615821159
36843986
11999122101
170110171115
61416343
140169143171
61216422
1391514316
42574460
154201156203
80238225
1262812830
116245118248
127165130167
115155118156
1618719188
8723990241
154194158195
174142177143
162238165239
5575610
186113189115
172181176182
4619448196
87268929
49655267
22652766
1647116674
3919042192
193164196166
159161161163
189178190183
1716820170
159103161105
1676117063
27132915
51638165
2815331155
181127186128
20752377
171134172138
1192912230
55295930
114167117169
1020212204
8715689158
45574858
178194180196
2415027152
2512527128
140229145230
173158176160
1015012153
1065210755
1331113513
112239113242
6422666228
1218912292
1169011893
195196199197
155119158121
1919220195
7014672149
104176107178
9511797120
134207136210
1764017743
105174110175
119145121148
4418547186
1471515016
185122187124
1651616718
175161178163
1752217625
105133107136
8212185123
18031826
5319355196
4413847139
1293813140
195224198226
56865988
137114140116
178125180128
1395014351
8224485246
1662816830
1186011963
1679316995
1123714238
9517798179
50825185
7716486164
105161110162
131149132152
2213127132
99244102246
1319113592
7411376116
6914373144
98138101139
164151167153
4911753118
198128199132
126186127190
1492515029
1222612528
67437045
969999101
184197189198
52009201
195232198233
143212146214
1416716170
1336513568
178187181189
1142711729
120230123231
1745817959
161138163140
136150138153
172214173217
83778480
127134130136
146119148122
1676917071
163202165205
1094611051
1551115713
1924119444
26393140
140147144148
172239174242
8814890151
103710410
168125170128
169167173168
191217194219
135202138204
173128176130
152232156233
60896291
1411417116
192225194227
150164152167
5518258184
1447114575
94165104165
7812281124
134185137187
111177116178
1714522146
98207100209
117107119110
152129154132
3520436207
1443714640
98241101243
8123784239
4221245213
1419918200
01511155
1908719389
1918924190
4812051121
4317946181
183153186155
99143102145
163104164108
9271428
3821941221
1311714120
42904592
3622241223
690713
47505052
169134170139
1308613388
196173199175
5410257103
5311156112
129153132155
1422014522
7212175123
1911422116
71509153
1313113931
176147181148
15001522
100167105168
62439245
1036710669
132200134203
912111124
5017353175
126148
7217475176
1461814920
85388840
8724690247
1431714519
57576058
44204921
61646367
6720369206
109158114159
178224181226
1035910760
121150122153
2513627138
7617278174
135172137174
5814460147
157165159167
01463148
63896691
1910620110
177107180109
7617581176
1786918171
88139115
10611084
7519878200
191131194132
31343834
133188135190
125206127208
8823191233
31263627
16311834
190143192145
23822584
136234137238
177157179160
1796718268
7219774200
104204107206
174187177188
1342213724
69607063
