1778
152197154199
1111113113
169200172202
141152143154
4420847210
65756877
3518240183
1345513657
21582361
5220854211
1499615397
4922851231
28783080
3422236224
4915751159
1326013661
187238189241
4714551146
1933019632
31996200
183134185137
3316437165
8310285104
1682317224
6522867231
10531084
7124875249
1842418529
120113123115
86388841
9411031
3221035212
12181520
86489149
128140131142
187165188168
633935
1119511497
1518617188
170194173196
8420487205
169117172118
6623568238
6617668178
1956119863
51018102
122178127179
153165156167
110149113151
8717590177
7920881211
54365837
173241175244
3720441205
1324213543
4618150182
1678817090
619864100
1921319515
3312036122
143141145143
1679217094
1027010771
23852587
8931095
5819260194
413444
4916052162
1915819459
5924163242
01623163
1857118873
7924082242
58806182
5917462176
26212923
99158102160
198162199167
834847
183138187139
173100175103
44524754
1808418385
75487751
1228412487
108182110184
8122483226
113173115175
921012212
167193169195
149118152120
63566658
8422686228
1289113093
11498116101
1367313975
1858018683
335367
192211195213
56265928
18421893
1623818240
89819183
6523968241
107237110238
132170135172
7016175162
1883019231
1719621197
2024825249
109195112197
2715630157
1791018113
1237212674
2711331114
1751317814
15941797
1096911271
2914432145
1488815090
188153191155
4812351125
177189180191
181191184193
183217186219
6820071201
9621099212
17521774
3414943149
1342913731
193153194158
161203164205
137126140128
8619289194
8315986161
6122363225
6222864230
56685870
83328535
192201194203
158150161152
1513915540
2823131232
139204142206
21105111
6192
175246178248
3323535237
2722429226
1679517296
120200122203
102234105236
1224812451
711511116
52128213
356460
6224364246
1454514847
8122982234
1320016202
1314416146
6216764170
160209163211
7615880159
118106121108
15497155101
4616148164
144246147248
7414875151
181151184153
1921619418
1795418256
1017513177
8419887200
196134198137
54955796
123137126138
3022632228
137203138208
52098211
18941925
101169104171
135102138104
54305633
1821318714
183171186173
5610259104
51817183
191169194171
3417937180
1626916471
181188184190
146149150150
1275113053
55505851
12321255
114185115190
8514588146
821810220
188133191135
4812153122
98242101243
9110396104
3523836243
183109186111
43174818
10351536
190150193152
1395014252
52445545
169243172245
4321347214
917112173
26822785
62696770
195196197198
4618748189
72277429
81628364
660682
162124164127
1938119584
162129165131
1896719269
7919282194
42354537
173239177240
72449246
9216194163
2819131193
106109109111
117207118212
196108199109
120101123103
2515927162
1113311435
1228812490
5122253224
1136611867
104219106222
2310226104
6818873189
30213223
54975699
15751597
5210355105
1187512376
7512679127
167206171207
1024011243
144219147221
84138517
1005510357
6718068185
3621039212
24702771
153114156116
7518279183
21755176
8220985211
182145185147
147167152168
2222227223
1082110926
8610390104
92759676
156209159210
52815386
1528615588
165108169109
8210086101
1146111763
7319076192
195201199202
1094711249
93479649
7022173223
282584
1724319245
5212354126
27363038
5912962131
7417076172
8610891109
5221254214
17891991
185191188193
1802518326
22184221
1018910491
185236189237
1471915021
60736276
1897319078
1335113454
151161152166
2418627188
133124136126
6023663238
5424757249
1959519996
167152170154
9720499206
55615863
1922519527
97103101104
1409314295
157116160118
5612758129
4422546227
36104111
1188912190
138113141114
67807181
124243125247
91159417
101228104230
99117104118
167148170150
3319436195
149133152135
17381941
6719470196
104201107203
1506515267
1610819109
42228223
3322735229
102206104208
1473314936
97479851
8322987230
2710330105
1928719589
1111911421
8813390136
31814184
1348913692
2416326165
2312724131
18551886
90699272
99126102127
99239103240
93279529
41506152
160216162218
1334913750
136117139119
176205181206
1103111532
39154020
191124194126
696786
107132110134
36173820
18601891
95909891
157148162149
104175107177
182183183187
9123793239
173153176155
157243158246
586789
24592761
12241725
8410587107
1317413376
7371039
1792318324
1331513518
22292431
1497915083
1884319144
4812650128
1828618588
7317975181
7416776169
8319285195
155157160158
115237118238
58576258
69777279
1439514597
168166170169
153246156248
1417414476
6516568167
1407114373
57475949
143148145150
7723679239
6611971120
409843100
038340
86509051
5924461246
1664316845
132217137218
690722
1207912282
9113793139
147106149109
1376513968
1503215235
14898151100
9418097182
163241164244
1715317455
81969199
184100186102
9320196203
1326913373
3117933181
1118413186
37564058
01472149
8911892119
2612927132
8814090142
8291032
118248121249
1391514118
126159129161
1835418557
6921372215
67827183
126712810
6710369106
178209
184243186246
18422044
54815782
1517515280
23922694
1026510666
165243168245
47104913
7822480227
14601762
183238186240
1106111363
1618316584
77448045
193215198216
4011943121
3822440226
137121141122
110146112148
1819418695
1315513358
1121011711
703725
134240136243
194165197167
6815470156
2123424236
1629716599
8441245
51565557
111204114206
1020411209
5011652119
817910182
1603716140
171151174152
104211107213
3617439176
1921022212
7022973231
180199183201
1285413056
76937895
2883110
43214822
5775810
31257126
1102211423
9117494176
1897119671
109178114179
1497215274
1218714190
61446247
117102119105
1224512447
4211749117
6922672228
94199721
699972101
51665368
8518987191
4220443209
9424697248
193245195247
145245156245
12298124100
1745717958
75207822
188189191190
5814461146
130202135203
5515557157
6611669118
188187191188
2016021163
1651116813
6524568247
28913392
2221525216
81228424
152177156178
13901421
7219675198
7811879122
1957819880
1425414556
1144311745
292793
917949
1546715670
154175157176
25742776
1452214824
110187111190
190238192241
1489415195
1756117863
44984899
920212203
104197106200
37633966
5014354144
127236131237
1963919940
119130122132
1215212454
48515153
21295130
1132911830
171166173168
154129157131
2714631147
1179611998
19161948
1511215414
7521153
2824329246
195152198154
58956396
3013933141
195170199171
138123141125
1716019162
19482249
136166139168
4216544168
1419616199
32288229
108125111127
4310344106
105230108232
898910089
6521168213
175107177110
9616998171
1214713150
3410737109
511814118
17771799
196239199241
67607062
5524158243
1532815531
51755576
1276512967
126206131207
1720720209
21344136
26952997
143159148160
131121134123
891932
4923551237
68267128
119211124212
144127147128
30553357
174195176197
93639565
1737217574
4417147172
1272613028
41494351
92609462
193239195242
108129111131
148129153130
61888190
95239726
9510199102
1574816049
3024532247
916111163
62916494
41744675
7616078162
130137132139
9621797220
12361259
64646766
2818730190
19561988
49295330
1765317855
1613116234
141179146180
51368138
6313968140
9114094141
184208187209
1893819141
1409814399
65926894
2610628108
5010251107
38594360
20342138
8621691217
3921742219
8516288164
134138137140
2310725109
155182160183
107156109158
1121411715
7811083
112208115210
17872288
6418066182
7822880230
176119179120
6814569148
31555157
67167117
103100105103
152139155141
119153121155
130167133169
8411387115
65316832
1377814080
41124217
65976899
855906
106161116161
3722039223
7818881189
124213125218
14121614
5216855169
870960
178114179118
1613021131
8013282134
11004101
1962219825
3813143132
123162126164
1912119324
4723852239
1087711079
105206107208
159127161129
2420626209
163233164236
1212614129
8915191154
140193143195
1879019291
138132138141
1421514517
38524154
5710860109
74397641
6311765120
10041045
1562915931
179171182173
158196161198
1511815320
1712419126
1632116622
128216131217
170132172134
1765017852
131243133245
4415546157
01722174
195168199169
185124187127
6515367155
821511217
2822031222
1548915691
177154180156
174182175185
143100147101
1743417636
7910181103
1612616527
3617343173
1624516547
117168120170
85228725
9018995190
1715720159
52079208
1654016742
2511326116
157213161214
31454149
1064710850
16661698
14701502
5521158213
132100134102
130246133248
134211136213
5714759149
105183107185
8923490239
2318326185
1511515317
1211312415
142112145113
1014412146
5914162143
289491
5923160235
72507453
3521438216
193919611
93669568
7119374195
114157116160
102209107210
4312745130
7117574177
20952397
33613564
1215812460
8910592107
138100142101
190149199149
167100169103
7615680157
44934795
1525415556
83108612
017319
88759177
2022921233
9701272
22232525
1913319434
188217199217
1924319943
10861388
7118575186
78168217
151182154184
1378713990
2312528126
142102145104
5018554186
176207178209
195194199195
121218123220
108245111247
84868591
4421947221
1475914862
139814210
1077410976
1383414136
30863587
1433914541
65836688
1119114193
6481149
27393041
7912886128
166146171147
5923964240
1759217993
112107117108
186222189224
36814182
1625216455
184178187179
9211222
152185154187
5517158173
5210055102
136813810
1022810431
1885119152
84968797
1737517577
144152146155
93125
1417516178
130181133183
29513054
23172422
113165115167
1615219154
1743917740
162191165193
8524090241
196172197175
74807981
1107411276
7014773148
1673516937
174198177200
01291134
1058810890
163206166208
1915619457
1449814799
573775
1077211273
19331965
7213774140
1045510757
2523430235
1421914422
13651397
1937219674
4819351195
182247184249
14231446
8517586180
8723190233
9018093182
176182178184
1712119123
1384714149
1223015232
1896019262
127119130120
90289231
69927294
7913980144
89599162
144186147188
161163164165
8916291165
2715430155
1571715920
1657216775
35753678
6721972220
12621293
52875688
02392241
1819618398
140146142148
1071911020
21315133
7917283173
1266112963
1023210733
35294030
66496951
116115119116
1754318044
6511267115
056258
8422491224
188105191107
138196140198
53915792
9117793179
163189167190
1691017411
1254312746
155119158121
1015113153
92229424
61679168
1137011572
156122157126
171221173224
75538054
4218649186
073275
1759617799
3914541148
81558656
879889100
9614799148
108139111141
3514338144
54175619
99193103194
16201922
0215
119204122206
8824690248
1811521117
115203118205
132143134145
59116213
3718841189
114149115154
111235114237
146173149174
6117266173
1492915231
3117233175
150115152117
12561558
4678
1322113523
438489
1520417206
3511737119
1936719569
181154184156
6912472126
1746417666
1255612660
839909
170216173218
122210130210
15321583
85469047
1710120103
154202161202
6123363235
151148153151
1206512268
1623119233
1238112583
171114173116
515528
106224110225
196207199208
67847285
2213923142
1595616159
114121117122
996810171
25152718
1518917192
20112412
108185113186
117227119229
5813769137
1261812919
7614378145
1819020192
36383841
23772778
1153311835
194111195116
3211435116
1573516236
13441745
02023203
4518347185
560592
182160185162
1687017171
111182114184
1808618189
12641296
5417457176
1274913050
37894290
096299
43124514
9215694158
143212146214
1975119954
7517378175
45684671
57446045
7211674119
4721750218
1711821119
67877288
112245121245
192230194232
4510048102
113104116106
01078107
173203175205
3022333225
1554315845
8220383208
23482550
186146189148
9623898240
7213374136
499650101
9021892221
1181312016
1167011972
1771918220
7722082221
7513677138
52348236
6421873218
7110374105
169128171131
564766
01501153
5761676
7421777219
4823250234
1111611418
182210185212
1375514057
8512188123
74437645
16321737
1857518877
1205512357
2223125232
17772278
22722773
2711235112
143130144133
167143170145
12201271
159108164109
9622199223
165167167170
1893519436
178121180124
144144147145
1809018392
154170157171
99225100230
1902819529
112211116212
6220565207
105204110205
177179179181
33103512
110100113101
181124184125
73127514
26862988
189243192245
8518188183
20892391
1391914121
1223412536
1010713108
129156131158
146236148238
99136102138
1955719958
49365337
1533215634
157178159181
131103134105
5613358136
101216104217
196100199102
62296432
1789518098
1024010344
99156104157
1454214844
145182148184
5811860121
160247163249
185153187156
182233186234
1774118242
164221168222
64266728
5616858170
110176115177
4319048191
9016892171
31143316
7713978142
1018110482
5123253234
373387
98218100220
51465447
79858287
180110182112
01223124
102152104155
4412055120
1843018732
1055110852
127189130190
5418156184
9123294234
128232131233
294326
997910380
5913262134
7120373205
106167111168
1746717669
3223234234
17381769
1135011455
1404314345
1471315015
34563658
27253027
4112242125
112246123246
7312474127
110158113160
125123128125
1368514086
4917350176
159103164104
79188220
154145156147
9610598108
6811069115
24562658
192207195208
191219194221
6912171123
5319554198
26452848
6716371164
74657667
125103130104
60486250
33313633
6624870249
139140140145
7916384164
1621619218
8216587166
187149189152
35493752
9313596136
118164121166
148196150198
184194187196
162171165173
104122107124
147164150166
6596711
153168158169
3712639128
333535
69897689
14531484
157154160156
2117824180
6401141
1278513086
149123152125
17071729
95779879
171123176124
159140161143
174216176218
62806483
145129147132
19742475
195203199204
3920142203
125184129185
86528954
72467449
5022055221
40655065
1034810550
3981098
174157179158
0031
1215615158
2121824220
105180107182
57326133
46875188
2220325205
2922932230
12271528
142122145123
124101127102
1802818329
7513178133
196248199249
86438945
96669967
94549756
106187109188
165203172203
1657716780
1868518987
2718232183
145116147118
7719082191
086388
160206162208
1795118253
145164146167
01853187
142116144118
132164
159119161121
167204172205
75377838
8821391215
7791180
99144102146
128109131111
57875890
1625616458
9324498245
90559357
1076210965
3611239114
8717889180
14931524
166138169140
92589659
183818510
181223182226
9314998150
612911130
1626716768
116150118153
1813418337
2916430167
158170161172
25293030
118162122163
4624047244
36863988
6819771198
1767318174
1498415385
1302913134
1708217284
1216714169
174112177114
1298313284
62846487
172208175210
181115190115
113128118129
105154106158
82308731
177129178134
157227159229
3117633178
165231170232
147208150210
1596516167
1953519638
129178131180
9614398146
177125180127
170219175220
81468448
31243229
7722280223
4017443176
3011732119
39934295
88229124
1068611187
1796918172
9571160
2012222125
1239512696
108201111203
1801518715
5016353165
176144178146
83528554
3816340165
125105128107
1128911492
1591416216
157162160164
9212995131
126214131215
1192812230
101195103197
31698170
88912
8820691208
81258228
162174164177
158124161126
9214595147
8822789230
6912772129
2717930181
40644764
4512247125
7671068
1155112052
9522698228
1724117642
95139100140
1164011842
65896891
20692371
131127136128
3115134153
162121164123
1661816920
142191146192
131118134120
154148156151
101226109226
1213712241
64526754
1576815970
8415485158
6913072132
144200149201
6515667158
3013531138
156234159236
1275713059
29653167
1611116413
1626516766
172213174215
1522017223
117217120218
4720348207
6512668127
54855986
4324546247
134178135183
162181169181
5118153184
160173161178
1236712668
1977319975
190230191233
63127012
1541615619
1711317415
83498551
1844318744
41587160
654856
6313368134
11681669
172206175207
62776479
3420336206
8513587137
39710
120171123173
1324413545
171139174141
6620370204
162143166144
918310186
687719
43314632
64606663
1710024100
7710980111
42466249
189227192229
6422467226
1728517487
141137143140
1925219653
16041627
50275528
18602062
93989699
5024753249
261364
1691217812
81418245
108210111212
28153018
178162180164
232264
02443246
3417135175
185187187190
396428
144120148121
86138816
2522728229
9015591159
2916131163
02171221
168188170190
1037210673
141126143129
5720860210
1625916561
1025210454
19852286
165211166214
1718817689
1222014222
3715041151
153179156181
2438
154136157138
85588860
192118195120
189201191204
6715969162
6720870210
129913210
1137511578
7410776110
26652867
2022623228
30883390
101218103221
2720631207
179218182220
20392241
31363438
6119464196
7011571118
24432547
184180187181
311343
3112733129
2317026172
5214055142
1272012922
7812380125
922814229
127162129164
62886490
167240170242
25342639
1096611268
1022210523
153132156133
160135161139
417719
312811128
9613099131
116148
13001323
8819992200
309932102
135164139165
199139199147
913112133
1883219034
103245107246
1639416696
121118130118
144198147199
74597562
173201177202
37214023
02142216
1066710869
63366837
72347437
16632164
44894990
1118113183
178147181149
127167129170
1652316725
4119544196
112136114139
5312955132
1573216034
1165611760
8115583158
59876190
1304813748
135157137159
177192180194
7610178104
89189121
1510418106
137199140201
1767017872
14041417
994410147
1964619947
162155165157
176241179243
1596116064
175140177143
62248227
149236151239
1568515987
1724517448
1251112616
29933494
140156142158
1475615058
5416257163
187129189132
91259426
1159211795
1474814851
7312876130
7921884219
99186101189
35533755
121213123215
2718432185
1155311755
29423244
73847686
96279829
17301744
1701717220
2717430176
185229188231
150107151110
1862619127
20262328
3910542107
170211171215
1687917181
31726174
107142109144
41927193
3811739122
172126175128
1364313945
155184157187
1326613568
1346913870
67556958
1161811920
1577116073
1516815370
1886319066
838908
150146153147
1403714239
144161147163
104186105189
115219118221
3715839160
3810143102
167238172239
1410016103
3824843249
173117175119
188195191197
162194164196
142215145217
1884919150
99142103143
1856718869
1842218823
1622619228
25112714
42915291
8411689117
2321025212
8912092122
1355113852
4420246205
15201571
179233181236
8715789160
35453748
157247159249
5711358117
188179191181
122182124185
184116186118
350372
8620687210
104190105195
128100131102
1382814030
68527153
1628716589
1472914832
483506
4011541118
951710018
5510656110
8712489127
8119883201
5121654218
185202188204
9011593117
187182189184
17982299
86338935
169155172157
4612747130
118241120244
197209199212
1656916771
155127158128
157165160167
1563715939
2815030153
109200117200
122159125161
1856118764
154228156231
91509352
1114311346
1234112742
150220153222
192194194197
139104141106
180179183180
196183197188
985210154
1347313576
9618998191
141197143200
22362438
68647165
120119123121
75468047
183130186132
180168182170
1973419936
113227116228
4519347196
87659067
1668216984
128223129226
9616598168
196225199227
13821413
38834185
190222192224
28682972
169135171137
9116695167
130241133242
179137182139
24262628
79558058
1912019920
109102116102
51485450
162151170151
182241183246
1019513197
195176198178
6815771158
1715617856
1458414885
1962819929
1092711129
100179101184
1773218233
1268112884
147111158111
112187113192
8023684237
9413798138
23402642
46844986
1716017462
6022663227
63466549
4615848160
1443514638
119126122128
9024392245
143205148206
068172
6918070184
103159105162
259828100
27552957
884989
198119199124
92449546
11593161
18162019
36123914
104240107242
1124011542
45294830
167246169249
1717319176
116134119136
56735876
3921342214
9621397216
1247812780
12791482
71618164
1648516986
193105196107
192224
75277632
121134124136
2216023165
32593760
131208132211
158193161195
8012983131
11731475
28583160
33253430
9316895171
12021225
4815050152
4012842130
144239148240
115130118132
4312244125
9221395215
5117954180
1213513138
1345813859
148161150163
3610341104
122208127209
137247140249
162816510
109152113153
75357936
1514117143
175136178138
1551315715
114171119172
100161102163
172144175146
6815170153
1468714790
992010421
1978519987
2013224133
8920992211
1379113993
107220109222
192121194123
8016882171
5610060101
1121815219
190100193102
9022694227
13301345
198155199159
1869919799
9320897209
183157186159
7219973202
162197164199
105144106147
9318395186
9999102100
181113185114
7623480235
163152166154
20922294
