1754
2311624121
3111033113
8621491215
140165142168
6911272114
87188921
1366413966
84598860
1393013940
492794
109194111196
78488051
1624116642
95101100102
21445145
120211122214
090392
1149311597
192145194148
1843018633
3312135123
1014510347
71797381
12731475
129201132203
8817490176
68566959
1473015031
1026210465
1448214784
2622529227
1209412595
369839100
126128128130
6522967231
579881
4924853249
47365038
147163150165
1418317185
8015882161
11301153
57155918
2717428177
191100194102
921511218
1314218143
104137107138
121164125165
127152130154
115138122138
8413587137
6010563107
4314848149
13801403
85518654
8017483175
163132166134
103237105240
1943719938
164223168224
1163211934
4316845171
3621539216
25292830
196172198175
1623816540
9020295203
8715391154
14061437
170137173139
62836486
11999123100
1543015633
1098811290
5011452117
107181109183
5612859130
79568059
19882289
142130145132
5611959121
7724579247
9310595107
8315486155
127148130150
8211123
168175171177
6998101
1320816210
1483515038
40214422
109220114221
1323113732
1321115213
63306632
3711440116
141104144106
192213194215
5214654149
31913393
1841618718
5022653228
28743076
1348313686
2416626168
1107311374
119128121130
6161117
9417998180
1914919451
160248163249
105150108152
71397341
169157172158
31943298
1873219034
145232147234
1952219923
190222193224
112229115230
511310114
41874291
174243176245
3115434156
6022964230
1661116913
1437714481
4315046152
2119722201
180196183198
1497715180
132186133189
1687417176
122209126210
154224157226
171220173222
5723159233
1835618657
1512715230
3618839190
164122166124
1323418235
1509515397
2114724149
170171173173
7517577177
5712259124
41837185
192162195164
97205102206
127114127121
162243165245
3417036172
8920691208
87469048
1471914922
8910492105
6020263203
107171109173
3621739219
116134120135
976510067
17652166
1536115563
1047510678
1614417148
196216197221
565606
97479949
1058611087
8522388225
74747579
1498315285
81738474
151191152194
43474649
168191171193
170154172156
14931994
148228152229
140172143174
1724317446
1681717119
326406
20432344
5021052213
2823930241
1569415896
4616847173
1573616038
4812452125
143157145160
110198114199
74106
149451
1424514447
48915193
81468448
1095711259
50595164
3720542206
66867786
2324828249
992210124
210232
1056310865
14398146100
15221824
1579716099
7319675198
53215622
152141154143
178157181159
148241151243
1311715119
171817311
1351713720
96359936
5813561137
2724230243
195212197215
178199181201
32563359
57846185
6213764140
4523047233
2213725139
1425314455
1908419386
1718019182
6323466236
7310476106
19431994
1813818440
1118511387
131105132108
138223140225
98243100246
5110353106
24552560
7417076172
5423256235
1235012652
25922795
3823141233
143142145145
79738076
96839886
4524546249
31143416
116176119178
177236180237
129105130110
173158175161
1623216435
1895419256
19121935
21714173
156179159181
1927519477
1311413316
1884119044
12134214
158149160151
13541655
076477
159136161138
115131118133
028230
103140106141
229924102
192175195177
98145101147
172196175197
21395141
9619699198
15401563
43684869
6718769190
126235126243
130179133181
919911201
8522888230
8714392144
93649665
1807018273
56326033
52458247
1967819781
1612018123
99237102239
139247142249
177215180217
2712032121
135114138116
12481749
184102186105
056258
6412066122
162146163149
13661398
111159113162
132176135178
1354913851
98186101188
51505452
105145108147
2820730209
1216415165
7311276114
4618147186
33193621
121226123228
175106177109
194103199104
1599016095
1785618257
6416165166
196246199248
6315065152
100121102124
1441214614
4318245185
43614663
188232191234
189202191204
9210894110
1809418297
46434945
62389240
33833685
189131191134
172214173217
7811781119
65826785
791011
111213113216
2018224183
193218195221
5710862109
7713180133
01871192
93479649
5016852171
179130181133
123123125126
33323833
97218100220
177238181239
64386839
1710720109
899891100
7821680219
157237160239
3483611
99104101107
1216412366
1801918321
619864100
121198124200
117155121156
1903819340
1596716169
6022662228
10351138
158240162241
185200188202
169140171143
1928119583
121201123203
152116154118
575876
129112131114
13041326
677708
1344513648
41924493
724812249
1279713098
3219235194
2518528187
72099211
29573160
124218129219
1326913571
119160124161
14951697
71177419
87709072
1126011661
138202140204
8123684238
158233162234
1391214115
124188126190
55885890
176194178197
132173135175
148153150155
9414898149
71157416
28963098
74467648
8318984192
2120526206
192117194119
190218192221
5513757139
4818152182
7219974202
151111154113
6918574186
87518954
171234176235
173101175104
141190144192
116141118143
188230199230
89689469
1174512146
166127168130
181109186110
19752476
1719320195
41217123
13011333
159211161213
5416056163
1820923210
2720029202
103187106189
143179144182
2813533136
109184111186
83828585
1674316946
130206131211
12421264
1436614569
7022372225
60436245
5919464195
15581761
7814981151
01633165
114159118160
112911510
5918463185
182145185147
16711684
133199135202
107139110141
4917251175
147209152210
274325
1842818729
179184182185
78528353
190120192122
90509451
6216865170
1064710948
156228158231
1818718390
114194117196
1188712189
5316755170
144202146204
79438245
139109143110
161246165247
5420259203
1786218263
1055110753
61809182
976310164
26252927
174128177130
7217574177
3714840150
1106711369
41609161
15731875
7215274154
1043810739
144216147218
5311454118
9020992212
136101138104
1746817770
4412347125
1527915382
68237026
195133198135
93959597
1577015972
8611089112
47594962
1594316245
168124171126
17611802
114144117146
17551957
822610228
151103154105
19161938
1717720179
2918234183
5021953221
196156199158
1842019420
27372939
178189181190
4522748229
96809982
151139156140
1211017111
115147
62696472
1312113324
1185112053
192131194133
8319385195
138196140198
188154191155
4019842200
2414026142
129220131222
106169111170
109247112249
123179126181
160157163159
7616577169
138189140192
85708675
4824551247
59556655
158219163220
1018610488
6710369106
1343313735
297798
117167119170
157154159156
1266512868
1562015725
471574
195198197201
1487215672
11504152
126134128137
9222795229
144109145114
19512252
1848018782
117101120103
7614078142
1352913830
167114170115
1751618316
162129165131
12699128102
1704317148
1884919052
117181122182
136236138239
5511658118
1409214294
13411742
314815
38514053
18772080
7319582195
183124188125
182128185130
1346213565
177117180119
1209112393
9831034
2216323167
163154166155
4215345155
3823640238
1064110943
50345535
1541415716
1735317854
1288413086
193171195173
1310016102
2312226123
4123745238
1147611877
62646368
8019182194
196919911
65607061
160152162155
167221170222
2215923162
27423243
1177212273
7523377235
1067310974
163816511
22349234
37264028
922912231
1453014635
1935719659
1003810340
143149144152
98192109192
6716170163
1323713539
116208118210
8716790169
147141151142
7522877231
2121122214
1097011471
26582861
177203180205
138142142143
137185139187
1812718329
1491015112
7815386153
89359237
1532315525
1545115852
6014862151
148132153133
120217123218
174142177144
43244527
184153187155
163228165231
2811730119
118202120205
180191185192
100210102213
361392
1975119954
1779317996
136152139154
148178153179
1319113692
9610798109
107205109208
9011192113
6115364155
5723459237
7313875141
1043210635
1310518106
5410156104
107242110244
1403614239
3117933181
196113199115
58666168
2821082
37193921
112188114191
327407
112111115112
57696170
73277530
2416126163
5422855231
153136156137
461762
1911222114
1316613468
9723998242
11941397
141195144196
118228120230
1473215034
117127125127
812211124
1021810322
02164217
19471978
8912592127
47464949
1647216773
169134171136
63486453
90829383
4715050151
10601092
69507153
14761778
6615769159
1771217915
15791782
1685617157
7224174244
3022533227
147100150102
1048210585
154178162178
2518328184
102147104149
1252712730
8310384107
8824791249
82868488
101910311
6514568147
77778079
2913031132
7219377194
154100157101
813511137
33943597
6924171244
745767
186128190129
1710119103
5617061171
9621398215
157200162201
126168129170
111158121158
128241130243
28853088
61078110
2817030172
2212627127
131149132154
7122673228
670721
9521199212
181177183180
1026910571
6518068181
136913811
5312456125
1421214315
4719749200
3724140243
129133132135
186176187179
74807683
136174138177
39314133
080481
112136114139
25342637
104115107116
153161158162
1755517758
85148618
169244170248
95149816
3717039172
116231123231
147150150152
110149113151
171167174169
987310075
55405842
61336435
129223132224
108122112123
5718959191
194110197112
28323134
1388614088
1474115242
6621168213
1853818840
120167122170
7513477136
61558158
3922042222
143914611
117116119118
4115944161
9616198164
108130113131
138207140209
163177166179
100177103179
1783418136
7918784188
6821670219
103209105211
129128132130
123224128225
1706817370
7215077151
65686673
1448714789
7322384223
2521627219
8522087222
1921619419
190181192183
192202194204
118248123249
1176012062
150106153108
167146170148
1142811730
10751116
63456547
1045710759
1010715108
22972598
143128146129
7123282232
41784281
184111186114
6621567219
1044410646
121193122197
3216435166
103212105214
154246156249
1229612498
102132111132
166161168164
143187146189
182199184202
1224412745
90299231
1942619629
143165145167
5896011
4010245103
01792182
106163109165
196176198179
8512688128
8511588117
1767217974
104135109136
3419735200
8123484235
167206171207
51336138
132136134139
1531215613
174232178233
14431645
6917870183
965910060
4620548207
7823780240
93709672
1839318596
146110148112
22702771
145219147221
103183106185
2013222134
3212934131
182150185152
256287
1520118203
69627165
21164118
1041210615
136240139241
1075411056
1602216224
7815482155
192210194212
109227111230
1922619329
116119119121
91549456
133223136224
21792382
7177210
3520238203
65356737
180166183167
9423298233
19112213
7120776208
14901792
1915219653
1549415597
102180104182
5924062242
14701772
1315913361
105195108197
1014112143
124220126223
4722350225
71117911
106236109238
7321175213
65486750
7117874180
7118274184
1502015322
88259127
1432314625
1282713128
169198172200
105202108204
219521102
5122252225
2813332134
044345
121101123103
176229179231
16851707
178144181146
2720531206
6115864160
817411175
114153116156
32036205
9011992122
353555
110235112238
92579559
1509115194
1817818380
144161146164
1622916431
36803882
113122116124
18412242
96559857
148146152147
5518258184
1692817130
24802682
23402642
119131121133
132100135102
409943101
6514068141
139114143115
5721060212
1419717199
4819350196
139147141149
198198199203
158196161197
01762178
169178172180
1248712789
8717889180
140215143216
64646667
195202197204
63436644
116244119246
8716591166
1057910880
12501291
154177
199171199179
1724519248
77208022
9215996160
1425614557
72647665
1221312416
82898591
186106191107
161102164104
2023023232
114127116130
59376338
137193140195
50285330
1456015061
3311436116
2120225203
109217111219
8512988130
7621977222
263664
1655616759
21252230
7220577206
1934519448
195167198169
12971319
97126100128
6183
115197116200
162138163143
16061629
51745675
1295313254
7111574117
35713873
196126199128
1912922131
98191109191
7710680108
3715840160
64896791
67296931
142146144148
161165166166
9023293234
24432646
55535656
1583916141
1267212974
5321056212
164158167160
1581715922
1515718159
6417467175
32328233
7715679158
71367438
4513748139
138180140183
309932101
9019892201
135105138107
1342513628
21593162
7820581207
163207165210
72547556
58716173
1992210
1263312935
1318016182
12521653
1424314644
51665667
929894101
59866189
55365838
10691769
6116163164
3124033243
41545159
118195120198
1087511376
49235126
48775079
85368838
6281129
75427843
138121141123
918612187
137213141214
1975719960
126111128113
196183199185
4112243124
8124483246
28713173
8718489187
165101168102
1501715219
125144128146
142138145140
195119198121
51286131
1795218353
154242157244
90529553
9417598176
1639516697
44104911
128155131157
3024733249
5111255113
139136141139
1773218033
28113013
65956798
159102160107
420722
1197612079
4314146143
713812139
1727217574
22232724
141193146194
1015112153
183160185162
119241122243
81798381
4022643228
62069208
5914462146
121206124208
2317526177
37164018
02383240
132207134210
36293831
179242181244
122115124117
3918442186
186130188132
56935995
110187111192
2714930151
102233105235
1304713348
1613821139
6320566207
105123107125
1926319367
198206199210
3323236234
2819231194
79958098
12151716
1515815262
166199168201
180229185230
4321346214
1524516248
8623189233
199159199169
3723942240
1151712018
170203172205
33773580
6410466107
183203186205
1121411516
135208137211
153120154125
193114195116
1133
115173118175
188244190247
9417799178
5710160103
9222197222
1725517458
5722162222
8317088171
1112512129
1011410317
1601716319
1436314665
4017042172
6920071202
172175175177
55965898
23252527
182122187123
1455114753
144172147173
1712621127
40634265
186240189242
187101190103
1466614769
1722021221
9221697217
22632565
174186176189
193187196189
147103150105
9516998171
46214922
1125211454
533564
155164160165
167170169173
149222158222
8317684179
115235118237
171147174149
1732417427
4724050242
182214185216
1147311675
1707717379
1237212575
61669168
152237155239
132157135159
4215647157
133165136167
1723619239
71597461
17141737
32603463
143210146212
163170166172
1728817590
6822770229
36563858
147121149124
9424096243
4312945131
15721595
325627
128141131143
22424245
67706972
93379639
4222345225
152126157127
166110170111
187218189221
1814819248
01133115
61499151
186146189147
1796418266
1592516128
1576615869
111178115179
176157177160
1713621137
822111223
5924462246
1124511546
4516047162
68877189
106199109201
122812410
51895490
1974119943
148230152231
8514789148
75607762
4116243164
8911493115
96184101185
1092611129
3619739198
118192120194
180203
114161116163
5814161143
1513115333
1363613838
75157718
8215187152
164107171107
9723499236
157136158140
77447847
46244827
99193102195
6615068152
190145191150
191123196124
61926693
196160198163
7524177244
1806718269
6710769109
435467
412427
100233101236
8912991131
117164120166
82958398
26842788
155110158112
13321733
147129150131
151130156131
116226117230
82348635
143184145186
9217693179
175218180219
1348713690
6012364124
54635765
124151126154
1964619948
1091411117
4713450136
1156611868
5410557107
1133211535
181116184117
34513753
2313026132
112170113173
193234196236
125206129207
185197187199
148225151227
5113652141
190142193144
4319746199
8191120
41978198
110176115177
9741176
52315533
151164154166
145148150149
8821991221
112104114107
5718665186
45124913
6722469226
8321887219
6213566136
7219176192
1013013131
77668068
2919530199
176164179166
14098142101
176125179127
44854588
158167160170
131103135104
102215110215
1266913170
178107180109
3515438156
32284231
18692171
7012571128
173131175133
36383841
113207120207
186227189229
197226199229
7822080222
34643965
8516288164
1841919119
58246225
37854186
1337913780
88869089
151197154199
6023662239
47575158
3714240143
1248412786
1879019191
7813480136
1184111944
976810070
121177122180
1061710819
167132172133
177240178245
5622358225
4111143114
2416429165
157211158215
74497751
2214023143
1101811121
43374639
1922119423
152180155182
135217137220
1183812140
9316195164
1119111692
1464814950
811910121
153200156202
901110011
106156111157
182159189159
3915341156
39234225
4194312
1889819199
129136131139
1282913130
52915593
193139196141
5317855181
18482349
187215190217
153228155231
2322625229
1711417416
182156185158
02031208
4211545117
182188184190
5618760188
76237925
1177811881
172105174108
2720331204
125200127202
173190175192
1625316456
23892691
8523486238
1371313816
122107123110
108158110161
3920343204
178105182106
17399178100
1679317095
149244150248
178167179170
9014893150
2222024222
171121173123
93449546
2619528197
79358137
6914172143
6219865200
4219445196
1566
136199137202
1943019732
67166819
91409342
161167164169
6324065243
8623988241
6720870210
1261712919
152134157135
151152154153
171112175113
7817579178
611624
191216195217
187113189115
8612289124
172126175127
158128161130
153216156217
155198159199
1317616178
143168146169
134213136215
191129195130
45894792
1874518947
156157159159
52428243
920214203
6720369206
22202522
1034810550
71347535
143245145248
1318213385
720410205
6512368125
134203137205
1807418277
7120976210
9123893241
136226139228
1522016223
3712438128
43954697
1575615958
145178147181
130215132217
46654967
41257127
7024572247
12171519
1688917191
35423844
1751017615
6624168243
162225167226
9619998201
5023553237
4412046122
155188158190
493507
106209107214
78908192
58266227
3851285
2210927110
1611016213
4323946241
149160152162
01233125
967610177
1585316155
112244115246
18521884
1196612071
1619216494
27523054
1547315675
141116144118
166227169229
57435945
173162175164
1288013281
1781717921
197180199182
70667368
316519
149216152218
78328134
103206106208
16632164
46294931
150121152124
9512098121
9018693188
146199149201
68477049
1573215835
131190134191
190227193229
1315113452
132141134143
5912662127
7112974131
9611497119
35544055
7387610
198211199215
1912121123
55435646
166141168144
1957319775
1392314224
80118313
194223197225
5313754142
1066710969
2014423146
1818118384
42744377
1246412568
1355213755
74397641
151149154151
6813771139
6912271124
5524258244
5616457169
6618468186
2715730159
1347213774
161172162177
82928594
730781
147192150194
194105197107
27793080
123183126185
138199140201
1308913390
1515518156
19212124
1616818170
1019013192
6817571177
992510226
1573016131
127179129182
4711050112
137128142129
4914352145
90131
35143915
198216199221
1903519337
1959419995
4416347164
99230102232
9622699228
66246728
164138167140
1320416205
85498950
2218624189
1238112583
150168154169
1442014622
167185169187
65336834
47965097
170185173187
977810179
5619458196
150232152234
188178189182
143119144124
7323775240
175198177201
7910182103
173154175157
7116273164
1003110333
89579160
188119189122
166516710
77268028
1326213365
105120107122
8513888140
68847285
387689
1419014890
177121180123
32283530
1622516526
3522738229
114150116152
154195157196
3810640109
19701992
83208621
0008
4021342216
155204158206
30373538
14471547
1935419656
146139150140
168817010
172140173145
1523816242
50455247
28693170
8511153
1836718668
12211424
1029510597
150173151177
101158102161
1345813760
125197128199
1936019562
87298931
188150189153
119122122124
1123914241
124148126150
1641516717
1657916781
11001122
021323
1023613238
155167157170
158126162127
01663168
44564659
70127912
2716030162
104247107249
51898191
5918062182
2115124152
130168139168
163204166206
2910230106
146107149109
84278728
193919511
1581516316
116183118185
1409514297
98216102217
48505053
102153
48155117
30643366
1515415257
154240157241
176161179163
127220128223
2122622229
02411245
1483915340
5514057142
9310398104
131119142119
52165518
21095111
174138175141
99207102209
31775180
8917091172
102226105228
1216912471
191244193247
121245124247
92239426
1844418647
1888719388
114247117249
101109104111
1476415065
1058810889
7614379145
21284131
5019751200
01441149
68907291
1104111243
117238118243
150236151240
105100108102
186230187234
638939
34343736
1397314176
1372313826
31743476
9221395215
1743417637
1439514697
52008202
4417447176
6714870149
10171068
7214475146
1244812749
154128157129
7619678199
3416736169
7116572168
1774917852
74667668
160182162184
6312665129
8314191141
167112170113
699972101
145195146198
150170153172
126138127143
1574616247
8916192162
5619759199
819381100
136161143161
2610628108
1529815699
33473848
