1738
150122152124
1516315664
5912861130
724310245
101245104247
30143316
168248172249
4613548138
15341565
51748176
1432714529
117246120248
123234126236
129201132202
7920081202
42196221
144158147159
7718082181
145173148175
823311235
153136157137
57226024
1553115734
2316425166
52715573
66286930
188129189132
1533515537
7421779218
7620581206
419944101
84178918
100138103140
162124164127
193174196176
9622698228
141195145196
157173160175
170115172117
162182167183
78248027
184245186248
97119100121
1312616127
7320575208
1755317755
80948296
1416317165
1606516267
4621247215
144148154148
1322016222
1665916862
40114313
105244108246
1916719469
38434145
21295131
106145108147
110160113162
170148174149
99148102149
6523068232
2620729209
713736
1462114823
66936995
253276
49825284
5412856130
151152154153
1113113133
145199148201
1269712999
104155106157
1552715730
8318984192
45854887
1446714570
7751176
1595216154
50645267
11321434
132214135215
42204522
2010723109
757789
185136186139
5921464215
187189190190
1843718739
722510227
24432744
128224131226
161106163108
133236134239
115128118130
1307913182
152198154200
993110232
113235116236
113122115124
1821618518
103222106224
132126136127
80788380
23852686
8910491106
103145105147
8523386236
1357713779
1827018473
163916511
846878
114107117108
4421945224
1731217613
31183619
158247161249
4110244104
158117160120
24702771
19131945
164153167154
1584316145
99159101161
1794218244
1884419047
159124161126
119216122218
5118054182
9101112
166176167181
107164110166
2217427175
112156115158
1134511646
2316726169
7223674239
164134165137
9111094112
185117192117
98131101133
1793118133
159190162192
1872319025
87839085
091392
194139196141
162217164219
47494852
6920172203
149174152176
32493551
8310886110
6413968140
3616137166
179208181211
109120111122
5821060213
4923951241
1237112574
37464048
121164123167
92389540
2512727130
1714920151
1771218013
9117893181
92649565
192126193130
9322695228
99176101179
7915981162
161223164225
8123983242
8122686227
173171178172
88609063
6323765240
1748717689
67797080
31464149
118139121141
178203180205
2118723190
11161138
711210113
115131117134
19842286
58826184
158217161219
166158170159
1599616298
54815783
10961299
22522753
15701772
90539355
35873789
2818331184
146202147206
1621616518
1176011963
1320915211
61366836
1709017491
168214171216
150165153167
3113032134
140169143171
1129511796
1535415556
7615680157
61896491
132207136208
105103107105
70767278
7914480148
108212111214
113185115188
1517715479
438641
7112573128
6310365106
113210115213
1377213974
2522828230
1672717028
160196161199
14597147100
182818312
1648316686
1162512126
107176110178
1458115082
1003310235
133222136224
164191165194
86248827
83848587
045346
1008810489
19661998
8321985222
9115995160
153204155207
689971101
97339935
154213156215
433735
7824080243
6718770189
68687071
40874389
183178186180
4023743239
72477350
1608316385
155180157182
6610267106
124227128228
152211156212
185133187135
81758477
72059207
73367837
91829384
3312436126
7022271227
110204113206
1874919150
6215865159
9510098102
1879119093
2917831180
0031
1359313994
1348713788
110195113197
170125172128
13961698
1162812029
173112177113
89259128
1312013422
4020342205
561863
161201164203
177241179244
149208151210
1754217844
190169193171
35363838
194120199121
4122043223
188180193181
64716576
167107168110
15751606
123912611
12401272
4623049231
16071629
8814089143
118192120195
1577916081
1133711638
150120153121
193919611
7213873143
187918813
1124114243
2122624228
1622418227
107143112144
12751577
42335238
683984
85818882
151224155225
140206144207
19802183
1912319425
7320176202
9014892151
2724030242
3917143172
96899991
1757117873
5721662217
133102135105
6624468246
3814541146
186167191168
41774479
1616919171
77407844
3514437146
99240103241
102150106151
127105132106
1848818691
1717017471
132149135151
81918891
14541486
1854218745
126237129239
85709071
3816040162
155192156196
5715159153
418612186
173109176111
44294731
1465814761
8415986161
77888588
1469314796
131240136241
9624098243
8810191103
122129127130
01913192
8617288175
1781018111
151201154203
185227187229
196126199128
1785518157
1379513898
1169711999
6922872230
61396441
7522777229
1676917071
115204118206
19912193
67397240
154128157130
7110374105
71687273
1304113343
9421797219
5919462196
6419267194
140233143235
69887489
37224023
142222151222
9119594197
1695317454
1045410557
75237726
186118189120
35213625
9511698118
8113782140
141228144230
121196124198
7310675109
14941525
8717990180
162246165248
133176136178
1215612259
137220139222
714910150
4411346116
14961547
6417166174
162175165177
164170166172
144217147219
105189109190
172136174138
9316896170
2017130171
140214143216
8320088201
1271313014
6313666137
190120191123
38614362
181188183190
112118113121
764786
195171199172
155201160202
1816019163
16001622
8217383178
1903219334
118147121149
8815391155
1818218683
616310164
2511929120
141217143219
159179162180
120199123201
1717418178
58396041
1167512076
193155196157
7922482225
25762778
103195106197
17071729
5013452136
103124106126
1852718829
134112136115
1234712452
3310036102
136218140219
155163158165
126212128215
105127107130
105111106116
1402514228
1163311836
158169161170
84138814
1602716329
3619739199
31635166
4616448166
77308031
57125815
920952
168173170175
1316813371
8122886229
135234136237
7413976142
325528
35853886
80458347
1119111493
112101113104
130176132179
1417216175
3023633238
1623016532
15322033
2914430149
1004110343
73217822
5618558188
48710
173234178235
128109133110
83158816
1335613559
911710120
47225024
14801503
9422197223
8623889240
119124121127
1001310116
117100121101
8711990120
81228424
5410057102
915312155
6515166154
167102170104
193233196235
3520237204
6715168154
5021353215
13811413
87379138
239928100
186163188165
181163185164
2220525207
1705517456
8417385178
988710587
987310175
148133151135
1123211534
136150138153
44734576
152133154135
436937
1947419677
8220585207
102158105159
187176190178
27613063
128116131117
1622316525
118134120137
1214915151
1746517767
6811771118
147207148210
192133197134
182240184242
5976101
185217
1282713030
109243111245
144213146216
590612
6717168176
1818720189
169226173227
925948
1418817190
3924641248
9217193176
4011842121
18499187101
2210324105
21562359
2024723249
6119163193
1073111033
158220161222
3615739159
4412745131
115161118163
134100144100
1305513257
89869287
174239176241
131247134249
1476315065
99242101244
188218191220
133225135227
1711519118
44694671
163168167169
196113199115
120209123210
810119101
143198144202
164205167207
4417146173
173183177184
104131107132
22792581
147213149216
107182111183
171139173141
1072111022
1424814451
6717768181
74277630
1303113532
95469748
119144124145
173114175116
01327132
193116194119
33653866
8410087101
9623799239
817910181
16131645
7610978111
129227132228
137240139243
1811318315
1941619521
193241196243
14899152100
114117119118
137126140128
57256126
142241145243
1549615698
133158136159
1949519797
168133171135
1818418387
3620040201
1055110853
1443314635
2211524117
53205821
33833784
12511354
1004510248
184114186116
125163130164
115190117192
107113110115
135163137165
8722589228
127165129168
95289730
158166160168
108169111171
2214724150
1737517577
197919911
196103199104
169136171138
160193163195
151125154126
7381139
5018553187
31243426
54425546
13521374
171118173121
1404214344
175149178150
3623541236
154118155121
7411576117
10181221
2415126153
2821931221
163145167146
122115124117
176208178211
168176169181
28723075
4622749228
13941426
1514020141
99106102108
1678916992
279481
3417138172
5011753118
2615728159
69857287
15399155101
7812881130
186129187132
1199212195
8824191243
1039610598
2417628177
144101146103
7412577127
1492115123
020322
1409214294
163226165228
2910032101
182227184230
3524237244
47914894
1384113944
1107511376
152168157169
8520888210
5120553207
823610238
109179112181
104182106185
1371014111
1211212414
124229127231
185102187104
2121223215
109191111194
151815410
98113101115
185210188212
19631995
3321335215
9323197232
8224889248
15311563
167241169243
1806318168
2815230154
57165918
8124383246
72019203
1895119153
8220284204
3810941111
4215444156
02413243
41804681
1454814751
24402941
6917571178
123107126109
131242133245
1051510717
11461169
168217171218
175128177130
1933719539
87969097
147101150103
129140131142
1965719959
155170157172
11601173
125174130175
89889489
721214212
6120962213
34584558
89339136
1289013093
116196118198
103202106204
3024834249
117102119104
91599461
63466449
5014557145
1647916781
91969498
9221793222
6013562137
126211133211
4919250195
87489050
4614449146
142174
5217053175
127125131126
213244
1315813263
11831215
5020052202
9718899191
108156111158
118131120133
720761
1892919231
1244012643
155160158162
188215191217
189919111
148140149145
182105192105
853885
62506751
2319327194
181236186237
197140199143
72169219
2424627247
120172122174
110152113154
1672517026
116122118125
40914194
7811883119
1573716039
45264828
182124185126
63776878
7719678201
1386014062
666679
17801794
181143185144
7614981150
1611319114
1943119733
7913181134
9319995201
194222197224
1574615949
1955119853
7918882189
89909192
166229169231
120184121187
194131199132
8671169
682704
1018813189
3517538177
21622663
162238163242
179123181125
166184170185
144167146170
01113112
173247176249
147167149169
151227162227
119175122176
1796918172
184173187175
148177151179
1511415416
48555157
6218365185
134155137157
194198197200
1228612488
1056710869
158114161116
1639316695
564866
2410829109
147106151107
94559658
1803918341
125172130173
4216343167
1457314875
1019310395
5823260235
195164198166
79558456
4312047121
1163011932
24922694
52132
1281410
167139168144
77457947
117164120166
133218135221
169186178186
34553757
6714470146
912811130
5419556198
194244197246
31375140
18192120
3816341164
1376314065
8512187124
1493015133
1196912370
1504815151
107125115125
1616316664
8923192233
1117011472
9323397234
1014820148
172216173219
8313088131
6311468115
1228912989
1557215677
120153123154
6015462157
106172109174
31545157
1410416107
86399140
24722773
625927
1394514049
39954197
184140187142
157193159196
108128110131
29493152
26482850
45114813
145178147181
141140144142
7123374235
189106192108
1114014142
3310936111
1734518245
155126158127
111136113139
85228923
146239147244
164111167112
116210117213
193186195188
924612248
65456649
56345836
4210943114
1884019142
1043410736
8861188
68147215
92229425
1694617149
989310095
1693817240
2619129192
173164177165
8622088223
52775480
155615610
12881590
137111140113
8920192203
39524652
14801782
32673768
5214755149
1362913832
6913971141
180114183116
1789618098
182137184139
197173199176
4122742230
1718319186
5412556127
8510287104
66696774
183130185132
197218199220
155150158152
1947819779
115227116230
132181135183
104235105238
27243025
1083411135
15711594
70427244
01709170
8821591217
2616328166
74537655
1522815430
195147198149
430732
148187150189
113216116218
24562658
179186183187
1494015242
59896094
32087209
9771179
162197164200
129196134197
4815850160
1047010971
1920122203
16521855
19872288
4414147143
5810160104
137169139172
193203196205
1717918182
3722440226
117207119209
5814561146
3918241185
1028210783
116188119189
1065410857
137135138140
169107172109
102133105135
1195112056
161136162140
3022533227
131170134172
163229165231
912111124
1684417245
3518038182
8514087143
2811531117
181176182181
80388340
1327313574
7523677239
100191104192
18682070
6110064102
188112189115
132166134168
1318116183
1582116023
90299132
8116484166
1639616697
42109211
1323216234
1466714968
8924491246
4674810
98219101221
8913893139
6714271143
56495852
30373339
1585916161
193211196213
105121108123
1329914399
5822762228
181155184157
173195175197
01362139
4114043143
7820381204
174118175121
7417375176
7618679187
7124374244
188133191135
2919630199
33733478
171150173153
172242175244
140117142120
1267912784
1516515566
1025810759
622654
1604616547
168113172114
4012243123
4218345185
87938995
282296
1797318175
7618878191
7723279235
1319918200
125198134198
3516736170
1211512616
32953597
1027210574
2021723219
162129165131
146192148195
154138159139
6314967150
1694217443
1162011724
4218845190
11761199
3622838231
1141011911
124199126202
44534755
1636816670
141151143153
5222354226
150139153141
94809782
111177115178
2112924131
1645316854
987910181
1841118613
1221313218
187136188139
1457615077
165115166119
179149184150
96439945
1084611049
1685017152
8621891219
45165017
192236197237
1068611087
95609763
157215160216
886918
138106141108
95939796
3611239114
16801702
1033210633
1354713849
1575716158
61517156
119233121236
1578615889
61556358
118240121242
5111954121
1125311456
769778100
01438143
593616
8114483146
814837
622310224
102178104180
131120133123
1196612268
61656467
62337237
1609116392
4322745230
97170100172
97169918
116144118146
02443246
1788018980
3412837129
4815051152
5516958170
1217512676
35763877
1509615398
1847718679
9210495106
1696217264
1563516036
9118296183
96195101196
13651667
109209112211
105209108211
2917633177
27453047
1246812770
1554315745
14511554
51885490
155218157221
155237162237
5822960231
5818163182
143104146106
149193151195
01781183
4516749168
6417566178
1809218295
1779217994
124152126154
813813139
175203177206
1725917561
5721073
185159187162
4215747158
5915861161
1471415015
123211125214
196161199163
1817618379
183108185111
2922833229
1037610678
191194196195
48305930
4217845180
9520297204
8999112
7221374216
46724777
123219126221
188239191241
6418966191
114135117137
4617548177
2011023112
01733175
135187138189
42406243
1392214124
9616198164
6719971200
138109143110
126240129242
1118012183
169122172124
1243712639
174220177222
2421627218
21352437
1118611487
101232104234
86868888
2921632218
1123613238
1416815171
163158165161
2715030151
1497115075
111201114203
5613258134
144127147128
1932819630
2421226215
162204163209
118107122108
160152163154
1607116572
1793418236
1258712988
188162195162
133179138180
6022367223
128111131113
1949019991
114245116248
176142183142
6412567126
1710719110
8312184124
1909619398
120102121106
13211523
111163114165
48734978
3513645136
109911310
118221121223
87459047
068768
110186112189
3218435186
1009610298
192113195115
1920621208
181201184202
86419042
135123138125
852957
196238199240
1021511218
174153177155
80738574
99207104208
38294032
2716030162
1058811089
8915890162
117243122244
106241108243
2511527118
10301053
123193126195
1517415476
4713249134
99154106154
8123085231
137158140159
1214112344
5712758130
6010765108
179212181215
57376238
1661716820
170187173189
12801303
175161177163
14131715
139175142177
50445345
8812391125
83338635
1328513786
92269727
6720971210
73777679
145202145209
117178120180
5421157213
1312313624
1167711879
107150109152
1363813840
21292431
1265812861
60716373
62936595
2514728149
18251847
4911160111
97135100137
7822880231
144134147135
4018641190
22212326
9313496136
189208192210
96679969
491693
183181184184
13461548
75107811
62866588
113223114228
2314028141
6322566227
27902993
1839518697
1254412846
168145171147
1158011981
117138124138
96249107249
167115169117
5322055222
1049210695
111130114131
136215139217
64266827
60526354
9123694238
176196178199
9016393165
150111153113
1613316435
145230148232
191100194102
1006610368
042443
9414296145
179234182235
17242125
138198142199
1034910452
4820650208
139182144183
107195109198
6116764169
29533454
9714099142
194150197152
1347013672
148217151219
54955797
142127143130
1359513698
173160174163
53676067
41404641
104136107138
13101325
121245123248
1409514198
10071058
54395740
1902619527
81818483
144150147152
1012310425
105175106180
149130152132
74187620
3710640108
3115334154
6020165202
1895719258
59116015
8520287204
560582
3911542117
155238160239
5511956123
13971429
1015510357
161120166121
1122911531
36933896
3723342234
1069011091
7524177244
7020572208
416439
8424287244
6023662239
1713220134
10251327
1533815640
120142124143
123217128218
9610498107
38674169
51255626
7521379214
1216115162
103142106144
112166115168
26792782
68626967
109101111104
141179144181
66196921
1443814740
56535954
19212123
143143145146
191103195104
170176171179
8021782219
8710891109
914910049
1413314336
1520118203
20602561
1952219824
136209137214
193183195185
193105196107
152178154181
167219170221
104220108221
152222157223
112198115200
182204
1823120233
992810130
815610158
1443614937
159162164163
102218103221
84678769
164222173222
6521969220
1571315915
1096711269
146141147146
378409
127107130108
47644966
1546015762
138210140213
1977219975
101235103237
1365013952
1565215855
39494151
4819653197
66226924
1877418977
74407642
8820491205
12331265
14581760
3420537207
7114673149
17642265
92209621
159160162161
1966119963
1785818159
42734376
21833187
61106511
66866889
027230
197215199217
116111117114
1019818198
38594160
81308332
55775878
1776018062
15699159100
11931495
109241114242
116158119160
178221179226
1423014432
8491151
1613719139
85108812
192218194221
167190172191
5524258244
1523115434
65547055
5719458199
21784180
107222109224
1274012943
61686470
102910610
3316435166
7819281193
163189166190
181221184223
37404042
191177194179
150114153115
66756976
79138314
1308713389
5620557210
124124131124
9520598207
01763177
6310972109
16481851
5023453236
5024853249
42664468
140148143150
1171312015
153176158177
46184821
134122144122
8616489166
3712540127
4319846199
1614519147
197210199212
11291431
92349337
12361268
8311384116
104239107240
87298932
177236180238
8513888139
178183182184
151170154172
84288631
17398175100
168207172208
129218132220
149149152151
132913610
171142174143
1924919452
3291029
176817711
1891419215
194142196144
3313838139
4823549238
488690
17732075
4618349185
77167918
1521618218
185181187184
53635466
2219824200
2115223155
197232199235
115193117195
123169125171
127199132200
5023153233
3523737239
22902691
9022692228
195179199180
167223169225
6512168122
2123024232
196207199209
86578762
7919082191
1488515685
125100128102
16381841
146136149138
7119174192
4110542108
90219124
8021385214
17272029
140208144209
77598559
179218182220
62836585
6912171124
5320055203
134160137162
152247155249
199822100
2721030211
1334513846
8315685158
106225110226
3521937221
166916714
37103912
31213423
7118773190
1583016132
192109195111
18662367
3821641217
1087410978
01462149
126169129171
18301844
8419889199
155177
86759176
162132170132
1798918291
1157011872
109246113247
12431545
4219343197
18501863
164113167114
14262126
038339
1816419168
7718280184
3710140103
135249146249
35603763
137223142224
122105126106
130157132160
3922740232
131173134175
105139108141
1122611428
29693271
120158123159
6110362106
047348
075476
7911093
130221132223
2010121106
1710419106
7419776199
30833285
116249127249
121132123135
140138145139
67117013
177168180170
13161348
149190151192
010211102
107184109186
49915094
1724817450
3824239245
69817084
3020232204
155240158241
1635916562
1473014835
56856186
3820642207
166163169164
171100172105
117234118239
63326435
5011453116
912512127
19392241
7613378135
106199109201
7321076212
98232100235
1322816230
59196121
52745476
93669569
4419146193
2921230215
8615487158
713310134
176122178124
31563359
5620159203
186108188111
162148164151
6524769248
8920691209
5517158173
195100198102
155230160231
2114224144
96175104175
1484315244
9312894131
101181103183
127243130245
8423885241
3211434117
164122168123
8814491145
9212294125
6124864249
6013863140
129215131217
166226168228
8215287153
1665516956
01501153
173181177182
170180172183
