1732
1531215813
1504715348
1211512616
156206157210
1583016331
9120093202
93599661
7824480247
105246108248
141224144226
9313295135
60246226
6821969222
963210033
1861618818
18591949
490513
157139160141
57676069
12511553
7415178152
2517928181
137234145234
178247186247
2419927201
159153162155
1214512447
129206131209
1949419697
85668769
3213935141
100247103249
2613835138
3823141233
5520359204
74597760
1359513798
15451847
120178125179
1576816070
7814681148
110188113190
755806
98184101186
102182104185
1818518487
137172140174
59616164
013314
1542415726
148220150222
3618638189
12271249
7220975210
15041526
1338613589
192145195147
177233180235
66626865
120160122162
1529715599
1189212094
077280
6518868190
1718117383
590631
36144015
19399194104
815212153
59576258
141195144196
57625865
7821680218
43284829
6912872130
188192190194
157200159202
7424477246
93289629
8112184123
70877887
5014355144
98234101236
35603861
3821342214
3916843169
111201114203
141105143107
9524098242
1667616878
1611416415
4910750112
132117133120
32433545
178203180206
6812069125
1333213634
99126103127
19442445
1312515127
114139117141
1787418076
117221120223
178239180242
1766817870
15421844
723310235
812211124
129153131155
1412014621
8912192123
170145173146
8651067
8222684228
154127155132
1502515326
107129112130
2711330115
73237625
165222170223
157173160175
165123167126
65916893
5424659247
677708
193247196249
172201177202
7851087
11881490
151165154167
139158142160
18521884
3814241143
17551957
1215915161
7012172124
184160187162
112243115245
01413143
1456314864
1877018972
98106100109
15071529
1526215464
148244151246
132171134173
30313532
1368613988
1443614737
119204123205
3015333155
3019734198
1923419437
9621498217
1827218574
43345234
113195116197
67686971
1527015572
1824521247
104190105194
5220354205
6321465216
151203153205
6816070162
1907419277
77737975
1009010392
454477
413444
2020225203
2310526107
154230157232
160142161145
53815584
32803582
3110334105
3513136136
173817610
117230119232
916967
1210514108
1539015692
64256627
8020684207
12411443
9316696168
81218423
185131189132
195214198215
9122294224
144247146249
1942719729
4684810
138206143207
112169116170
6120965210
3824039245
9124795248
123137126138
7111673118
104234105238
1885619059
95104100105
162124164127
1341513618
7019874199
6720369205
30143216
3917942181
101128103131
135175138176
141167143169
8716789169
65686673
94829684
6512966133
28333134
8621589217
13781482
67577059
7521153
1497315474
136223139225
97289931
29863288
6923874239
8524288243
194230197232
179121181123
107243111244
1311015113
1099111492
122200123203
181188184189
2018821192
23522654
569958101
2814731149
1659316895
8321886219
1144511747
108121111122
4919052192
5819461195
97196102197
6911172112
1406814370
41777179
127179129182
160119163121
1821020213
143158145160
1818319188
1742417925
7121773220
151216152220
2714429146
48915392
1013210334
1123615237
1868318886
138189140192
13351357
7018474185
96169917
1277112974
9110794109
143162146163
919311196
7010572108
1117213175
1117411476
27142917
183245186246
1617419176
689973100
48375139
3015735158
9621999221
1101711120
1298513287
106118109120
27243026
28732978
2713632137
91409442
17292031
5916262164
81628463
101239104240
184201186203
116125118128
159102161105
12233225
90289230
43814882
187149189152
1518417186
109245111248
58906391
6275
1185012152
61666567
595617
70717572
3012633127
93809781
2417728178
161235164236
4524047242
132913511
7415977161
28373338
135187137190
160132162135
41854487
176196178199
126168129170
5420159202
8914291145
181190185191
781010
105183106186
7317376175
9214695148
1971219915
13301371
1492215124
2011221115
7618079182
8223586236
2415628157
180159183161
136179145179
1607416874
9323297233
169168173169
6010764108
134235135238
159211161214
5814062141
96230101231
9110494106
659767100
187200189203
8117784179
1307913281
149113152115
59786280
920314204
1120116202
4719750198
1528115583
889790100
1599616199
126100129102
62346536
165147167149
1166011863
186100188103
1648316685
5215054152
32753478
117105120107
87319033
8717688179
147167150169
45854887
1088010984
197173199176
41147116
038241
3214934152
38693877
1834918650
110169111173
91559357
1026910571
194190196192
3912042122
40324235
137117140119
31654168
1092711129
8588810
184163186166
1114513148
1725517756
816718167
69527155
1423114433
62248226
5411157113
100158105159
7524178243
1495215253
44424743
12481550
672874
3221933222
2121725218
147162149165
4015242154
138209143210
99173100176
138218140221
2621129213
38444146
106170109172
170183173184
6510667109
11101313
1321913521
9217295173
3019931203
185113188115
1624816450
41696172
016417
192175195177
1425314455
3714541146
1773417936
4516249163
1571816020
57925995
4014942151
7220675208
95709872
9510697109
176175179177
1414417146
90929294
2918031183
719910201
149130152132
19896199101
150172152174
1462614927
1724517547
62386540
8317086171
58166118
84268628
95749876
7711480116
7616881169
8814992150
8518388185
41214522
4313546137
36713776
9019591198
7010975110
7822881229
5022151226
1498615189
164110167112
7322175223
01472150
52408242
1922322224
1009310494
109183111186
6013562137
43664568
174247177249
170129173131
1732617528
1512715232
156156159158
15371641
67747275
8113084132
17962098
173188176190
122208127209
1952019921
180183182186
137126140128
1633916840
123206128207
6410469105
32563458
1622816729
5412456127
191118196119
1198012282
7111374115
496509
107113110114
1694617149
5411657118
180127182129
9714599147
168220173221
163205166207
157238160240
61436644
102133104136
556588
1935319854
187246189248
71647367
7516278164
2621429215
115237118238
126183128185
4118346184
151197154199
103195106197
31537154
1371614117
45494851
11231145
1884119044
1404614347
1416915174
5414558146
1033510538
124150128151
1954619650
126139128141
10251048
119124122126
1319213493
65146915
170177174178
150226152228
5323956241
38394042
7941195
172138174141
190244193246
169113172115
171117174119
177192179195
1113414136
02393241
1811018611
7611079112
8820490206
126142129144
1565015952
61416642
106176107179
1748017782
2819430196
6014861153
1510418106
179108182110
113247116249
189182192184
4824051242
156233159235
138197141198
1867318975
124203127205
39664268
11501182
987810081
135161146161
46245125
3117734179
174153177155
132196134199
108165109169
169137171140
109152113153
94779779
196171199172
112119114122
1099311295
1769117893
181100184102
139114144115
677879
195139197142
190224194225
153172156174
1798118184
1499215293
8815789160
125130130131
163226168227
188208192209
966810169
59346136
187195189197
1345713759
5016653167
71107412
139129143130
1611219113
41884391
77948096
1569715899
1021910720
3320637207
159124161127
51145415
6821670218
2012923130
1059310895
300323
10151316
172191176192
2714029143
640672
11621663
122222125224
1327513776
8491151
165239173239
1128711490
1622521226
1591216313
49955198
2320625208
195114198116
175134179135
153111156113
1255212755
2418228183
4022043222
123219128220
111177115178
42934794
6724372244
1747217873
6313465137
1091411116
1948119782
1579315896
7615379154
8514188142
5621158213
144141146143
197147199150
5812761129
77648066
3412335127
81718472
1803018431
155183159184
777809
4516447167
155161158163
2710330105
81658467
4310345106
4311748118
5924862249
3323838239
2521926222
27202923
101208104210
38784180
2815031152
1398014282
194234196237
169228171231
5321958220
177126179128
4311246114
75367837
101105104107
4817251174
8324786249
1903819439
114143117145
4310848109
91489649
4019544196
5418857190
143187147188
1028310585
120108123109
93679569
1923428234
70101
6723270234
55405643
191211194212
3610139103
10691769
66866988
1322213524
1718124181
77137916
1712819131
26952997
193198198199
133227136229
106241111242
130121135122
88219123
21555157
111103116104
29793181
60876588
1076111162
1812518626
82588461
8223785238
18101861
092394
1312613329
118101120104
7319275195
1247212675
129161131163
105180107182
10961128
174244177246
39694470
82918593
90459347
35663868
338389
1629316496
2419427196
090491
85588860
4012941132
12241427
715610158
103166105169
140149143150
8513587137
4523748239
71487450
69277229
8321485217
9623798239
1124014242
1416214464
141155143157
2612328126
179214180217
9518898190
74197622
78578159
5614859150
2022921233
2722528229
8320285205
86779078
164224168225
148124151125
186217187220
5619159192
6214665147
1568016181
139110142112
19361987
1243412637
2816430167
1002910430
943965
4094311
5817561177
131245133248
1866218963
830871
133208144208
1235712659
2618528187
160183163185
1702717230
1621616418
84148616
7414079141
1123415235
1705417157
54195524
1562715829
190216192219
162247165248
80738177
8989111
1291113113
1810721109
41194520
8113582138
1666416966
27542956
6324567246
148106152107
170173175174
1563515740
1077311074
107131109133
40364338
1815418456
220242
21194122
1022112223
96879890
4220447205
138168140171
9324397244
121118122121
1407514576
164108167109
142240145242
130217133219
1683216936
1487714982
122115124117
196218198220
3515038151
1918519388
6411166114
133146135149
1362713829
1614718149
187213189216
1884719348
101124105125
4924854249
107229112230
1107911381
110192112195
32206221
1691617118
1748617688
117110118114
187179190181
1568316084
7223575237
190159193161
8315385155
104187106189
1583816140
192185193190
114231116233
4417247174
101232106233
159128161131
6913371136
8219185193
8314384148
47715073
66117
5310255104
107219109221
1795718259
1907119971
1872619028
90829383
1284013043
1338313685
15521584
173112178113
1683817838
153107156109
3314436145
4319845200
108161110164
77337935
1582116024
194196199197
15811882
6110363105
5811363114
1226312465
84178719
181147183150
21742277
61206322
1121411715
119236121238
122244125246
5016253163
451483
35283830
1268312886
1699217293
146160153160
195246
132105135107
134239136242
5811163112
146239149241
1246612668
1706018060
3515438156
120231123232
1697817083
1723317435
110166112168
86898892
2318625189
20822284
1706117861
1587616079
173102176104
141170143172
155176157179
5320062200
41174618
3613738140
180243182246
1678817089
3722039223
1111012113
1202512327
7411676119
1753017733
104143106146
4513848140
6412467126
28453147
43304632
4621249214
112199117200
140243145244
6515967162
126198129200
3517738179
177105180107
4821553216
1718917590
5418556187
181214184216
1655916568
162221164223
171108176109
854886
4021743219
180130181134
7717580177
62596362
1473114835
17621965
6718169184
1346313666
31236125
192123195125
154121157123
32693471
1094611347
1244312744
1093311037
11361168
8620287206
813713138
1914119343
7018873190
7811781119
105129106134
113209116211
2618828190
2322326224
143213145215
149185152186
10351237
4115941167
178178182179
103100106102
3111536116
105151108153
265467
8724790248
1771417917
78488150
5110753109
261364
1421014315
77238024
137165141166
6524769248
1983019935
460762
81789182
1697217075
7812781129
1405814161
633737
2115924161
44524754
23202523
130181133182
124157125161
82123
21952497
1651516717
1196912470
7017973181
144167146169
181103185104
1158611887
4010145102
138186141187
4215549155
103137105139
197236199239
1020512207
592624
02363238
5410556107
143216147217
153240156242
140135143137
1285213153
3620839210
550582
1893219433
119134122136
2620428207
181169183171
22582560
1244112742
74337635
152243156244
1831218613
9451148
8023982242
161237164239
111213113216
19462149
5217456175
1921019512
4216344166
7714279145
1184212044
53345536
1261912920
18121844
158178160180
6716769170
2717029172
1722124221
116239121240
107145110147
7312477125
57476049
114152117153
144137147139
49605262
2793011
9216095162
1513717140
129158132160
1196312165
147143150145
37124013
01609160
2023922241
4022342225
1914722149
1303313236
1416514965
138202139205
3512138122
6115864159
111105114107
5214157142
8721289214
7213474136
162211164214
1158811692
1571710
162181165182
7321175213
1143411735
7723079233
166152167156
1629716599
4711048114
137214140215
1891519416
11771218
3820541206
3715742158
1016410466
3024532248
169121172123
16141646
01763178
779980101
46614864
9761008
9521198213
1794118144
1178912091
75527754
1376414065
4910553106
1799718199
5313656138
177142181143
3910842110
121197124199
66796882
56705873
112204114206
15291634
522710228
1357713680
51765477
75267631
67447046
22242526
167170172171
74157618
3416536167
1592616129
1366813970
17351757
1783218233
1441215212
164165165170
9819999204
8622390224
1378313985
103227106229
137241141242
115149118151
1218912294
8119984201
159247161249
7114774149
1275612958
160193164194
4011650116
3519838200
3716540167
107201108206
2816131163
19422243
6515668158
114135118136
196156199158
9212595127
14461478
26482850
175161177163
1335413656
5223557236
1202812330
3919742199
163187166189
21372638
126159128161
7312876130
1051110713
1919821201
8823092231
6917671178
7621979220
9617298174
1854318746
812911131
186210188212
165209166212
171153173155
138247141248
182120185122
1118114182
152100157101
185153187155
121102124103
1712217324
5621460215
23842686
1581616117
60926493
1162411826
1611916222
369839100
171195173198
96919993
79908193
96369937
57516053
50195321
3011033112
7022172223
5321055212
181124183126
180192183194
1353613838
6121462217
75557856
1003510237
1802818329
91759377
6418568186
7310176103
1724817351
62826584
141212142215
6012463126
14801495
1047810979
1068810990
155164157167
1429014592
1315813261
929894101
138162142163
9211594117
6523668238
112171113174
188217189220
193226194229
2213825139
1079611098
3522838229
106161107166
1712022121
8015783159
175138177140
3421337215
178165180168
5021252214
6812673127
120184125185
63786581
1412816130
6514168143
2024222244
144149146151
2018223184
1871019012
1915619557
1715019153
979598100
75487751
710742
1225012651
1623618239
3918540190
849987101
149122153123
1161611819
9511598117
01512154
110217112220
37363938
6915670159
51196122
167197168200
5715159153
141102144104
1102411326
817410177
69257226
31233425
195227197229
134165136167
1513915540
149153151155
64506951
8310886110
1273212935
122127124130
106224109225
157203160205
02313233
978210084
9312096122
6711068113
5112553128
153155155157
133156136158
172199175200
22352736
01791184
7920282204
1852919030
173114175116
9722498229
6020462206
29503251
1032110623
157112161113
125112128113
12046205
181151184153
125162128164
1123511339
133127134130
5017055171
168244171246
61276329
7916283163
118224119229
118129121131
92529454
1616816469
9581161
130100132103
45784780
37943897
188154190156
4421947221
33933695
6914371146
1322916231
1632116622
6620768209
1717720178
41957197
132108142108
65946896
6223166232
2922731229
1906919370
8322987230
1368913990
132135134137
156136159138
1534915552
1381314115
168152170154
29693171
518549
36633965
111161114162
32643565
2710630108
106124109126
4322845230
2317026171
7323076232
14711773
160122164123
187233190235
69937196
175123178124
8716489166
111154114156
1195912260
6023962241
137121140123
811611117
197241199244
1136211564
8020882210
1926419566
157110161111
87259027
8023082233
01882190
724812249
6022463225
2121122215
7820679209
156211158214
84298631
1481515116
8911897118
46654867
166230168232
1313913441
127137131138
79378239
1879219094
7914982151
88739076
3421636218
36323933
158100163101
8511688118
12221523
1829518597
1895219253
106192109194
133191136193
8124682249
72209223
92189520
113113114116
52975599
3210135102
14241475
1478614891
169132171134
17141804
1022912231
5918062182
4320645209
111142113145
9741176
128156132157
2222923233
1066610771
973810239
2211223117
10551086
1688417185
1666016962
1912222124
1532715529
2611929121
44754677
165141168143
1915819559
143132148133
177219180220
115120117123
163176165178
4911352115
5512058121
136102138104
96910110
7217675178
185133187136
87438945
153210155213
87969496
56345836
738769
137194140196
1298213284
1285413255
1782817931
01745175
43444845
1873618939
76448145
85118813
9616298165
185230187232
135186
171235174236
47265127
2724529248
3419436196
118181121183
1506515267
101188103191
8410687107
4516050161
5822160223
178152179157
71189121
5724460245
173110178111
132163137164
7322877229
44745374
13041327
1028610787
195200199201
192120195122
2120926210
156187159188
6110063102
4821750220
1474114845
38244225
21932694
9712099123
89679269
1516317166
120143122145
198141199146
8912491127
5914561147
2182410
13541655
187209
8416288163
194245199246
1093111232
4423146233
2224524248
131139133142
1214112344
1921420217
449746100
8318886190
16541705
1362514026
42394541
131111134113
1634416447
1119116192
99193103194
194218195223
61497049
1129711499
111179116180
83968698
156118159119
190163192166
9214094142
170179173180
186146189148
6417167173
4416848169
148225149230
101123109123
178201183202
3110836109
8612588128
13001323
115154117156
80128314
158164160166
1661816820
4610249104
16801790
110108113110
151161154162
1648116882
5012252124
78518053
1181312015
1718617388
19792281
169232173233
954010041
178162181164
1499415197
7517975187
1762617729
918314184
1395314155
155169160170
97599961
109208112210
5620960210
1124011641
133232136234
147172149174
1471915021
8810690109
191194193196
1711618119
8615288154
4916852169
107187109190
2015523157
136105138107
196216199217
142118144121
1128211484
166150170151
1311413316
1965919961
46374740
2310225104
166247171248
129241130246
4322346225
163243165245
109157114158
50485251
79558456
85468848
165190166194
1084111142
5422257224
1149311795
1074310846
6710172102
4118542188
1916319963
124234126236
8911992120
4620949211
33274027
69627363
1362013922
191220193223
155215160216
185195186198
89899191
45355036
17399176101
680703
110911510
37874089
8117484176
1277513077
165129169130
134183142183
1408514486
1276512870
64206821
88709172
975210053
4913852140
166165168167
1517916183
575876
2517529176
62726474
8013385134
123162124165
135199140200
121104124105
13321412
1855418757
6313865140
14899151101
101220106221
42784480
3511738119
176114179116
6816372164
94569957
129201132203
1362314124
972210223
38184021
21112314
3522640227
15931608
1874919250
86938995
3021533216
49635265
1816318465
188139192140
19252128
916412166
4123444236
113224117225
5224254245
11911222
59706172
811310115
1598916291
54105712
156133159135
67837085
150183153184
38814183
1565515957
4622648228
72527455
155142157144
129112130115
56825885
126244128246
1612318126
12591561
151169154171
118193121195
1198612188
1377114073
61448146
1622721228
1267812980
141122142127
129183133184
1836918671
622924
152102154105
81518353
1612316425
119233121235
193163195166
59836186
91509651
115157116162
136147139148
13399135102
598668
801823
31455148
18882190
116207120208
1005410257
2314825151
124193126196
5523258234
184179186182
97111107111
137137138142
1447714580
34193721
145195146198
132174134176
46214823
139138140142
112198120198
8018882190
119200121203
16612561
123143125145
62466548
713745
1713918239
31996201
1183412037
12381440
48565257
1725717558
191154196155
101216104218
193139194144
153227156229
912710027
135114138116
2721035210
197180199183
31326134
166217169219
171151176152
126105129107
32593461
140146142148
068270
163153165155
3421936222
143146146148
8621064
1152111723
115188116193
180195184196
123134131134
44904792
143144146145
1724019243
1228612588
25393040
9311096112
177102180104
161166163169
1821820220
1077511077
108178110181
56565859
141116146117
