1773
6315965161
187195189197
590641
1412914332
159190164191
174104176107
3219735199
1608316385
70967299
1189212194
1163211934
18212322
1896619367
12161247
70607362
338640
111207114209
89759178
161177164178
144103146105
7014073142
1868018883
21802681
104176107178
158153161155
1402614328
7113074132
1255912960
4613248134
01513153
7019373195
5121054211
154106157107
1483415834
7410177103
178168181170
107182109184
192146194148
8420088201
02171221
1516115264
131169136170
5919463195
1087411375
1868818990
183146186148
194171196174
49235027
5412057122
93279529
1447314775
8620287206
14221454
118134120136
5910761109
3112734129
120137122139
81218422
150204152207
36164117
4614951150
113175115178
109193111196
107123109125
6824371244
19872289
10651096
8311486115
973110032
9513797140
1188312085
4421947221
1945919761
189180194181
143210146212
1422114523
9120093202
136113139115
7810181103
1842418529
1587616178
6314066142
98137101138
30413343
1358013882
137230138233
038240
192208194210
2022722229
9114894150
195236198238
81508451
135140137142
7011272114
7819181193
129172139172
17531785
19972299
0981198
171114173116
1169512096
122148126149
54715872
161188166189
1167211875
1123913242
1287613178
1072111023
82878589
01782181
136224138227
1824318545
9311898119
160157163159
157162160164
7423776240
139230140233
51258127
3417137173
139105143106
9861018
17602062
44364639
29593360
165138167141
1483515137
17151746
5321355215
17451947
8522989230
58826085
185160188161
3414136144
1809018392
157211159213
10271068
5115755158
2817631178
53565857
3121133213
143190145193
191160194162
1912319524
57116212
815919
1883019033
818611187
1017112173
69277229
143185147186
316013160
1585116153
110186113188
8219983203
114154117156
8791181
3416135164
1287013271
9414195145
58136214
13221524
84248825
576607
8215586156
188163195163
1492715428
174917711
76357936
121210123212
120162125163
155186158188
115196118198
6018362185
1529515596
6318066181
1894619347
148106151107
194108199109
153243156244
1856718869
1337813879
1806318365
197919911
7920881211
74907792
79308231
126219128221
61196222
7317175173
10251056
8112284124
1262912831
99164102166
167183170184
84598960
919612198
236637
167217168220
20422343
812810131
147214150216
178918111
121132124134
8123684238
102113106114
1219112991
9318195184
6816270164
163226165228
1324313446
113227116229
102115105117
150185154186
1951119614
2121124212
5817061171
1044110643
105241108243
43564658
64636666
168238171240
193123194128
111152113155
169132170135
50855586
132217134219
81918394
912614127
71887391
97135101136
1563515837
139100142102
170152171155
1756417668
8112586126
163192164195
9016593167
83718475
9413496136
21262428
42784580
1834618847
1411914620
1146911574
4823149235
1013410336
518210183
4215944162
159136162137
68127014
170168173170
9412096122
1667517076
7220775208
5615759159
1715517457
1922519427
90589559
589759100
124143126145
3421837220
8714488149
196162199164
130105135106
1948119782
9411597117
188212192213
91229424
166158168160
169117171119
7213374135
6212364126
152177156178
32254229
135107137110
177215180217
7517778178
121135124136
4522448226
4119043193
157147159150
1361614117
30444144
9224697247
72587659
177157179159
96147100148
23972599
1064810950
1424617248
136104138106
182158184161
1829818599
1249412895
9599810
86678869
115165118167
1016110364
6815772158
148128151130
1065811159
9110596106
196114198117
193136196138
133149136151
1376114063
4520847211
137162140164
104208106210
104239107240
718010181
60476349
1346013662
4419347195
7722280223
8210484107
84628764
113136117137
76277929
5110553107
1095311354
1851518619
146167149169
48945096
190103195104
1411314315
188243192244
1058410786
78668168
6814470147
9013893140
1062610927
1872010
137127140129
177123180124
13201371
1597316275
7224877249
5222454227
171243174245
3113935140
193225
198239199243
02142216
11901591
7722080221
4515647158
5017055171
1521618218
186217187221
158103161105
1987219976
159226162228
1197112074
121171123173
192227194229
01848184
01633165
16311834
42346237
166229167232
154226157228
98206101208
8414986151
62736475
1319916201
9717199174
190143193145
113123115125
7317475176
1383414136
172189175190
56475949
7617379175
194187196190
754786
094495
2020421207
59196022
3818540187
4420547207
9619199192
01663167
9024894249
5613358135
68587159
2619129193
178138182139
152159156160
1434014642
101186104187
15681770
01892192
157214160215
1221512616
1045510757
7616678169
183153186155
57356036
9013292134
193244195246
114220118221
1611416316
693707
15651597
1005610259
101222104224
1593616437
11411156
7414077141
175203177205
1747117673
11099113101
4324446245
1833318635
103144106146
93859588
137168140170
3018533187
7916882169
181120184122
40944595
116111118113
28533154
1843018732
5422857230
8820991211
717410176
513914
110185121185
113199116201
31353338
89199221
13311534
52415543
158167161169
178246180249
1607016272
3817041172
132244135246
139207142209
1101311215
5714559147
2418026182
1372914031
6415267154
1672617028
8523190232
18601901
5713659138
99118104119
74737774
1253912841
7315875161
116144119146
132153134156
169216173217
106201108204
15632064
276299
2413128132
01273129
138142142143
150151153153
171229174231
337369
6422966232
6621070211
175181177183
146192149193
53955697
233265
1713017631
163136164141
87708973
3715444154
125105128107
151147156148
1333713838
111204113206
78248026
5117954181
32123316
143140144143
1125511557
25862888
8519090191
116122119123
3611239114
1188712288
1403914241
19712273
97214101215
3817340175
132131135132
115126118127
130167133168
36633865
01683169
3619538197
1617719179
59656168
6623768239
01185119
194239196241
131127136128
12721304
123123125125
11871887
415447
7720480206
5311656118
178203182204
2920032202
114217117219
715747
127161132162
3712740128
5785910
8016283163
1645516757
9512697128
129100132102
153165158166
5011552118
178207180210
1796618169
166103168105
6710569107
5024053242
1462215023
1215612359
1486915071
6214364145
96879889
1677717078
65826685
169194170198
3821741219
2223024233
8315994159
1153811643
184171185175
61998201
2820331205
6824571247
4723852239
143179146181
6713969142
1442914632
44414643
1418816190
120122122124
1238812690
27683169
8719290194
119101121103
1521118212
163243165246
35483850
133223135226
9623498237
1301213413
7111573117
1308413386
439946101
66347035
1933719638
7810981111
6010462106
50635266
1522915630
8520787209
90799183
155217157220
4518247184
4820753208
1165011951
1305913361
108222110224
190217192220
34313732
180200182202
1275112953
21473150
193184196186
6022663227
14621494
6622071221
119140120143
92759478
150120153121
4515948160
2318527186
4015542158
186222191223
2521829219
196222198224
169121171124
1321713519
179185183186
82778578
1117614177
126239129241
942973
3322836230
3816241164
639865100
081383
30643267
149142152143
1073911240
45875687
4817251174
1562115923
141196143199
127222129224
3822241224
70101
85958798
1007310375
180140182142
1041110713
69877687
153142155144
9621099212
1171012111
157170160172
7015173153
158144160146
2310926111
4120944211
176166179167
1461214913
105133108135
442644
181124184126
5220355205
148232150235
7919682198
9012193123
72637565
1920822210
1568215984
185126188128
1416016162
1819923200
127143132144
1619619198
5217455175
86848886
129158132160
1719117493
142132145134
19801995
134230136233
5620661207
152175157176
1605616259
991810220
39914293
154130155135
2110224104
2014223144
1687917181
67177517
3813540137
106230107233
75788079
56505952
9421596218
1546715669
127232130233
174141177143
931710117
183200185203
7722480225
331533
7618778190
129137131140
1784218144
1551815720
106129
7221775219
4322845230
9011193113
2215127152
115191118192
164210167212
105126108128
5011053112
155136158137
1964719751
24182720
19752476
136167
195168198170
1719019192
42334435
1746017861
143118144121
26303430
92124
4818353184
143147148148
47685070
5711459116
682885
3720239204
32134217
169233172235
1106911370
7187410
101246103249
82958398
1711217613
17392041
1656716672
13821414
103227110227
9424499245
1609616597
2112522130
8324086242
103195106197
105151108153
9841087
6323366235
137240139243
169214172215
127189130190
1488415385
9117892183
1079510998
114132117133
7810681108
187186189188
110123112125
93199621
1069110894
1531515517
1523418236
10651367
103172105174
146182148184
142224144226
2610529107
128213131214
2918132182
89649069
4211444116
1489415195
2213924141
84168718
9110894110
21772678
1723828238
1271012913
181189186190
81389143
1395814160
2512827130
159203162204
70847585
165126173126
1191212214
1573815941
7620778209
8216485166
2018322186
150100153102
899791100
20822583
100144102146
98196102197
116148118151
141162144163
22562360
76307734
100234105235
163218166220
190214192216
1722719229
183144186145
85519052
1867118973
1202812529
174117176120
25122813
6413566137
6023663238
3421238213
8021782219
107113111114
7110474106
81998899
174145177147
65896891
1611617120
11481649
185139187141
3411937121
3322536227
97479949
145177149178
161116163118
113170116172
1296213067
8515287154
8419889199
10301062
9117193174
156203158206
112211114214
1422518226
1923119732
134191135194
118203121205
2922532227
40584260
1925219454
1219512397
11495115100
7518378184
8710690108
96180100181
3624138244
2111324115
3618039182
13151816
1648516986
662964
183149188150
377399
1632116822
1388514088
5522557227
1963919940
1791618119
95759678
155190158192
7621477219
94119812
154113162113
17861818
7214375145
4224647247
5319255194
3010531109
52395740
7524177244
46884990
8017484175
1867718979
168176171177
196244199245
24892691
59696171
28173218
4915153152
7317978180
140122145123
1254813049
39184220
164215168216
1976819971
150199153201
86408942
51585659
1285013850
1851218814
114152117153
152170155172
161243162246
10901122
8313588136
1576615968
137178140179
164156169157
119182121184
1655216854
75438044
158175160177
64486750
7123074232
166143171144
11621193
1013110333
61326335
1336513568
21102611
1162711929
116173118175
1693517237
198205199209
1055110852
7712380125
900914
122219125221
18961947
137814010
151139154141
109132113133
8815090152
1718917490
65366838
4020243204
10121215
6815471156
184104186107
1749818198
153194156196
2220427205
1443614639
1682917032
2512528127
822610228
1372513928
40744375
1021510517
9014695147
1853618639
15598157100
5222155223
132214135216
187154192155
1939019691
1328713489
154199157201
115247117249
167172170174
9018693188
8710989112
76958196
9416897170
185131188133
1188012182
127163132164
2523028231
177156184156
1281713119
3715539157
49605760
103122106123
173101178102
5622059222
34403643
85568858
2817130174
1276112866
1171712019
1812520127
53665668
5222853233
1602116224
81268328
1336913572
143246148247
174114176116
63606861
1442615426
168229170231
106185109186
3620040201
7813881140
20442247
1349413697
18482150
12941496
3011933121
4013043132
3812042121
17562157
1632316624
1265412956
7116273164
52215522
91369339
912413125
151197154198
1257912881
44744677
178128181130
1907919979
622654
145224148225
46634965
1513918140
8310886110
110139113141
4919852199
2515728158
1723919242
7723780239
50745276
143242145245
1151311815
31766178
120144123146
113126114129
1293813141
3416837170
80628364
1596016163
127139128142
130244131249
4418946191
1278213283
119194122196
02442246
191238193240
1110516106
723311234
4616450165
138130140132
01752177
94669967
1609816499
59266227
185142189143
3820541207
7419277194
3024432246
4911952121
5023452237
63866588
9519497197
80588359
112196114198
1305713558
122100123105
103202105205
1267412778
1147611778
48915093
2320126203
155173160174
117228120229
8911792119
3115436155
72197520
1323213534
107235111236
79910101
1449414795
1225312555
62436644
7920081203
5384
172240174242
135136137139
9014393145
7918881190
177198179201
5412958130
1335113553
15931796
4818258182
47575059
1917219474
1959319994
153156163156
144106147107
7411577117
102190103194
8723988242
30453347
1664417145
1435414656
1462415125
1264212944
90709372
611911120
155138157140
157158159161
1637416577
131207136208
109149110154
26932895
77910
108120111122
176229181230
22532455
91659368
4510846112
36943995
1824721249
144196145200
120222122225
01225123
5212756128
1873518938
1216812271
2815330155
188151191153
1419314396
75377839
8218884191
41104313
1602516526
149242150247
919013191
1946619967
9514998150
118155121157
1669016892
1445914761
6010163103
2316426166
129171139171
7621286212
1879319095
168145171147
1962119923
5510758109
10298104101
183246186247
6311966121
195148199149
103147105150
1231012612
6419369194
1438414785
131198133201
01243126
1023512238
119180124181
111173115174
4919050195
158100160102
1516915273
82688570
85908892
96279928
1029310594
163206166207
115180118182
210242
1985619961
167112169114
36514052
4817652177
6117262177
1485515058
176153179155
93559657
63306631
190168193170
1074111242
068171
49612
7615881159
3124734249
88949196
104246106249
109146112148
1417114373
4511346117
91899491
75117813
117158121159
129109132111
2417626179
178205181206
18551887
119150122152
8820490207
7824181243
164101169102
1104311345
171108176109
6512367126
1144411745
177118180120
769980100
119191121193
44694671
1858518887
1418614388
102236106237
1074310945
107215109217
171182174183
6211465115
734937
3613139132
13321364
7112476125
146190149191
21353140
1013911142
119219121221
109211111214
8711388118
1817518377
2814731149
360392
1521916223
115207118209
1457614977
186192188194
69397241
1886319065
94739974
60896391
3317935182
123150128151
4119442198
12021233
194118197120
14271630
156141159143
6520367205
19331965
27892892
060860
117108122109
146131147134
8524390244
114140116143
37774079
07111
1557315875
100158102161
1634916651
71139116
01303132
5410559106
1912019422
189233191236
11697117101
1473014932
28853585
166227169228
140111143113
2915831160
1522415725
197186198191
138194140196
177179180180
147210150212
1812221124
79118213
1162311925
4222247223
092393
46474948
180166183167
108112115112
1917519378
82818583
1466415065
1352613631
152209154211
47365038
3311234117
96939995
1471914921
1251712719
2316925172
47204825
6022363224
1372214024
152129153134
162168167169
112189115190
4523147233
142220146221
9591161
1635816560
12871338
118246123247
122191124193
6610069102
104120107121
4922251225
113157116158
17071739
175127184127
130913311
7816079163
3624538248
4518548187
5024555246
1323913442
115237118239
160247162249
9011493116
72457448
56735876
1358613788
9222895229
3217533178
150191152193
152122155124
102213107214
1608616387
9210396104
174232177234
112240115242
73507652
1041
122182125184
171194172198
1132711530
177116180117
1022210524
140190142193
49395141
1710220104
672874
1509015193
162154167155
1023810440
6524870249
2313626138
153125156126
1112311425
134199136202
107179110181
4113443137
1464514847
1504415844
131241134243
1726317465
3420637208
33103611
192198199198
8923390237
194143197145
139234143235
1968519987
1518015382
51275329
120169125170
8523588237
1368913891
6723270233
197171199174
1347513777
1672317025
9415197153
195157198159
84268628
4117444176
195233198235
174247177249
13399136101
6124664248
65696673
8517488176
47734976
179135181137
41527154
67707071
5620859210
34383839
1086211164
1619316495
7917881180
159165163166
1003710140
44114613
36543757
110215113217
2719430195
151136154138
32263429
38234026
50455347
124207127209
24592860
180132183134
189819011
62396540
10351238
2221525217
163203165205
971310014
125136128138
1712820130
185137190138
1716020162
34603762
1109411297
191131194133
6086210
187120190122
5218557186
16801702
24482651
1421614418
107137109140
714810150
5414159142
2318327184
153157156158
8122083222
528730
7914981151
153181156183
14411644
8321685218
1733417636
998610188
71127414
32953597
1516515368
182918511
5719160193
116118117121
100167104168
111149114151
7978110
145164147166
74407742
45324735
141164144166
1448614887
1554516545
128103132104
11741206
173165175167
1765717859
107244109246
162175167176
6020962212
1123211533
1613316335
138139141141
1323414238
1315615159
1603816241
186200189201
38683971
14898149102
8610088102
16561688
1810721109
18121825
37104011
93529654
4914053141
72237525
102216103221
131122136123
109134112136
4815650158
122177125179
97232102233
16061638
197201199204
1910023101
43904593
1425114453
134913611
3712540126
1444814749
118216121218
118241123242
69927294
5313355135
2319125193
3822043221
191157194159
3823141233
47425143
2711929122
154152157153
6422666228
1512215523
126156131157
122157125159
188165189168
4617049171
125195128197
1798118283
7587810
33663867
190241193242
107143110145
8481050
4617247177
101127104129
172152173155
164121165124
457759
1501015212
5714859150
1165211855
89849285
136191137194
1755117853
12771382
101123102126
111218113221
1613418136
6214667147
6222065222
128126139126
1554015643
161143164145
173195176197
8712688130
1407414376
3714339146
1445714758
3823441236
7624579247
137186139188
26612863
2121324214
95469649
46524954
98193101195
3722540226
1837118574
4713852139
50485251
1078710990
19302133
6320865211
8219285194
69377438
12251330
9622898231
6524267244
158220162221
1615618159
6711968122
6220464207
8261128
162239163242
01391142
3818840190
8917090175
151226153228
105100108102
124198127200
184178188179
8423388234
1578515987
81238325
8417785180
4713652137
167221170222
101179103182
4312046121
4622748230
1118016181
160149163150
117199122200
118131120133
4512749128
15711873
160134163135
304327
173173175176
150125152127
65946896
126173129175
1424116244
8918090185
1348313785
28242927
166245169247
16731705
125242127244
4118343186
88619063
336406
1146111763
183102186103
39884290
145135148137
151202
959998101
96249926
8715690158
8716292163
2216125163
122213125215
46795180
9316296164
171134173137
1847518976
1839418696
18941925
171138173141
107158109161
3215834160
30393340
181191185192
1669517196
2024121246
075178
80458148
5313656138
9412396125
177148180150
1554815751
117104121105
122185125187
193211195214
1537115475
1575415957
68157316
9322095223
178181180183
173162175164
810310106
29312
68237124
2615927163
7616077165
1597916380
012115
75457747
7221275214
7423381233
1371914021
6014561149
2011923121
177103180105
8815390155
86309031
122205125206
18321864
31867187
39844286
117106121107
140240142243
1771318015
96369937
23722674
1305213255
1412317125
5485611
7416275167
174171183171
9622099222
1252013021
1188912290
137210142211
1898219184
1453314735
110156112158
105104107107
7224274245
1125811560
9417396176
3511538117
62686470
162222164225
1966219963
87879089
109201112203
1777217975
4718050181
177114182115
181246182249
5121654218
19661998
3323134234
3924641248
69517253
83298532
146197147202
95709872
143248151248
59796181
98139100142
4717850179
492993
164103165107
1798618487
174138177140
6317364177
1256112665
76227726
8824689249
185156190157
1717421175
048350
2815030152
3116433167
065367
1046410569
1409714399
9119394194
76157917
1184312344
1456914772
7423481234
1011213114
2915633157
1782918032
169103171105
141127142131
63216623
6211664118
7422476227
185212187214
4017742180
4922651229
24162717
1955219755
41466149
152223155225
1862019021
17421944
1547615778
9119195192
1493915639
59866288
4824752248
154167157169
99240102242
5923062232
125102127104
278480
165109167111
189177192179
115129117131
1471515016
46494951
2913132133
31313333
1224512547
8312786128
153154157155
5723360235
122216125218
96849886
10881589
173186
5310256104
7320476206
1414119142
5817260175
1037610578
1812718330
119125122126
66866888
6721575215
1455214853
1018813189
7513277135
4121344215
1174011942
123222124226
169199171202
97107100108
4621449216
127179130181
1166611868
105187106190
3010233104
1363913941
4921252213
2219426195
1517915879
171110175111
1165811860
80388340
55145716
1915519457
9323395236
1648316884
23352537
81718274
154116155121
85509250
