1736
1496415465
2823932240
2710729110
1486614971
6713468137
3311234117
8671070
62248227
42214523
1736417665
5718359185
7610978112
171247174249
165163168165
182143184146
48865188
3316136163
81908491
1045810859
14051427
187120190122
167138170140
1778218083
912011122
189100192102
174178177180
1562916130
102180105182
21114113
157138160140
3512338125
8711074
338640
146194149195
130240133241
3924540249
143112146114
9122094222
6196411
1876618968
135201136204
31425145
81498451
185155188157
3324036241
73337834
17611783
038240
147112156112
1895619158
1046310864
8514189142
1023615237
137106140108
139125142127
6319465196
147171152172
5419056192
31236125
108224110226
5420759208
989610397
1158111784
1875918962
1749517698
01422145
1879219094
4112244124
165129166134
7917182173
125194127197
8021983220
8315186152
121181123183
391422
32683470
101177104179
712312124
19752476
191117194119
7118575186
1395614158
125205128207
187918912
91559855
5317355175
1651616818
017319
110184111189
126151127154
718410186
1517318174
115123117125
1712320125
7416076162
1174512146
1420016203
15101812
911213113
5123053232
8914392144
1831918424
1777018072
6917274173
8420589206
140129144130
54905692
141148143150
1041110613
59526155
178103180105
6723170233
2117222177
98196102197
9611199113
137240142241
1083011132
8214685148
02312233
2921630219
02342236
97118102119
33573758
1055410756
140164142167
1375014052
180118181121
5722659229
1819218394
100122105123
9861188
151207153210
108153109156
50275329
1432914432
4312845130
10298105100
4217345175
1489115193
6419167193
44534755
18592360
141190143192
12421544
139110142112
1991819927
4922152223
21636164
112199116200
2513528137
1691217413
7920282204
3011732119
1067010971
192493
156185158188
7322675229
1028010483
110139112142
12541755
166223169225
5224655248
3321935221
131208133211
37513953
93679669
20972399
123198124202
1917220177
71777282
2818431186
156101159102
143136147137
89239225
87939095
2012923131
101158103160
7251026
143171146173
116218121219
134146136148
5912662128
3557
117139
173175176177
186208187213
135114138116
3917042172
1144211744
3721742218
112195114198
12301532
142144145145
1955819959
170215172217
2414426147
172114175116
43744675
13171349
1953219834
4422248223
1312616128
42294531
3723839241
162226165228
1623119233
115211122211
48455048
1264812949
690705
27893091
3217934182
5219355194
90809581
21986199
140171142174
1698417385
7021971223
106127109129
6221165213
143131146133
178154181156
3518837190
177223180225
157104162105
4815751159
4920753208
126211128213
1676117063
193225194230
65116812
1609516397
138212140214
124232126234
87289030
6819169195
243644
145162148164
1803119031
9313596136
2021521219
020223
1625916660
1752217725
78958196
17151728
166226168229
814612147
127237131238
171112174113
1672517126
1381413919
178106183107
6422467226
154141156144
1494915250
32353437
22045206
1803218533
66546757
112180115181
94829784
155131156136
4716448168
127171129174
99910112
6111372113
1317413675
185105188107
7824080243
3317438175
1217912481
6914870151
66336935
8121282215
47415043
76788179
152169159169
8518687189
1425314555
1924019343
3015032153
85258827
1368914090
6416767169
1722317425
1188212383
02041209
163144172144
134178139179
67717073
5619358195
9110492107
5710760109
41006103
1548515688
139226141229
29333135
51415344
6317366175
127116131117
126223129225
8322785229
165231168232
173242175245
5220354206
141160145161
7810281103
8710290104
1034410547
156177159179
1053410835
12451547
164236167238
1595316255
1077210975
1125111652
62686471
145175148177
2715129154
57786080
6818373184
1838918691
195233198235
178218180220
76357837
5615458157
9518198182
2514127143
114104116106
148130153131
104187106189
35364037
12121243
7819081192
4210546106
7217875180
1219413198
1020712210
1053810840
124237126240
8524288243
1846418667
68747176
170183173184
9522297225
154145159146
1443314635
188160190162
6513268133
3718540186
8441146
181160184161
190230191235
080381
190210193212
6610268104
156229158232
26962998
171185173188
168240170243
8512888129
7022772230
46214923
1704117243
122158124161
6014163143
1338913592
1497215373
1417314475
2612229124
1514017143
82468747
71979199
7714179143
9419296195
62746775
126226131227
134118138119
6719969202
992810131
143126146128
6020163203
188199191201
1407614378
148199
12201521
922310226
12698128101
78498051
104245106247
1196112263
2320326205
1358013882
2317026171
34463748
69117014
1369113992
197114199117
3517738179
1344313645
30603362
9610197105
104156105160
054159
143238145241
148214151216
66256927
77157917
31785180
7019173193
3022632229
35663868
8710590107
1717517477
450482
6620369204
107244108248
100106103107
1626716568
33743577
8818691188
8714789149
1579415997
1713320135
74497751
189202194203
44784779
111209112212
106137107141
1057910881
25112912
146187
121103124105
112169115170
163204167205
3814241143
58696170
1191812220
1621916521
177149180151
125216129217
1325513458
1545215654
2816530168
493507
84618663
178135180137
12061257
148116150118
129101132103
154215156218
5317056172
119220122222
2113226133
160201163203
1796718169
1636116662
161197164199
4423946241
101170104172
5012852131
1805418257
1018710489
164107166110
3723540237
155193158194
31577158
1871518819
184130187132
1658216884
8517488176
4414048141
9015091153
1091311115
1751217715
154207156210
1114014142
190105193107
12641287
91759377
1733717638
128157132158
7310074103
5514259143
8418087182
85588860
117711910
1657317074
22702771
8015782160
1974619949
1155611758
158247168247
5812260125
2192411
2411627118
7221074213
169197172199
36293831
8015082153
5510157104
142138144140
18521884
2244
120234123236
4015642159
7820980211
144102147104
8022882230
746769
172146174148
15271559
115174118175
180138182141
2318026182
6323166233
1757517778
117104119107
61738176
30633365
159219161222
1522616230
8818391185
1498815290
65706673
112230115232
179168181170
1425614657
77407843
124142126144
178247180249
1221114213
6823570238
105206107208
15111526
419743100
40904193
21656166
6218567186
51635365
1623619238
2021223214
1709217294
1686817070
18141829
1334613648
5524258244
1059510897
10512051
01362139
01232125
1810020102
106150109152
178133183134
1515718159
120132124133
02391242
122238123242
183197186199
121193124194
29243226
062563
1549415696
174186176188
15741588
115187118189
169102172103
157112158115
61796481
194168198169
9591161
143165145168
108176118176
105235108236
13341636
089391
1783617939
102150105151
02484249
32436244
93539754
143223145226
7219775199
38584160
3322237223
164210166212
129185131188
9623098232
8916292164
1753917741
1475414956
144141147142
110167111170
1514315346
166116167121
1447814780
146236148238
1064510848
592795
152122155124
176106177110
176241179242
85508752
8931195
4918150184
105132110133
130106132109
1695017053
01792181
152221155223
4513247135
1922520229
1621316416
1677917081
154166157168
85388840
4013342135
6721670218
2518327186
44934696
1023813239
5510756110
6821576215
162219165221
9213194133
162112165114
173195176197
52815782
8210285104
1910529105
186138189140
98186100189
122812510
98212100215
42354537
108216111218
106122108124
5016252165
54435646
1341213714
1904819349
1562315825
5213354135
1461514718
1010713109
61439145
69167317
170161173163
122114124116
161120165121
1452214824
810411106
52715573
116225119227
34593760
1873219034
4614951150
1724519247
7414479145
15601762
8022583226
2512627129
3820340205
2719629199
119126122128
145183148184
1522115523
25742777
1505215156
112214114216
197148199150
171212174214
1942819929
1276413066
9321796218
17792081
101161104162
1153111734
17632065
106171109173
176214177217
127159130160
9614699148
5811161112
8917491177
122218127219
133104136106
994610248
1246512668
0051
45494751
26612864
136207139209
2623131232
174162177164
02375238
11971698
142119144121
188246191248
188115190117
42564458
56745877
14698149100
3624238244
196137199138
1701417316
155154159155
131162134164
1285113153
30273528
1510318105
11051137
2224025242
1461914921
132123135124
175246177248
1058710889
1512915530
115711612
133195137196
88739075
3012232124
4517948181
8710890110
122169127170
102248106249
108134112135
9951027
1618418186
161138163140
188220190222
107187109190
189123194124
125161128162
1303213334
194111197113
1489615397
4618248185
9101112
157116160118
15951627
119199122200
108192111194
1521018212
98143101145
2010622109
5322155223
1911819619
1446714769
139100142102
126123127127
6924471247
2521628218
1014312145
72128215
16221924
6910172103
1879019191
120209123210
170134173136
1920922211
41267127
1233712639
21522454
140215143217
5810160103
182110185112
188147191149
361383
20442346
7224877249
54205821
479950100
9820699211
10201052
97131100133
40384738
22482549
1312316125
139133142135
8616288165
186239189241
120155121160
2716930171
1488515187
115126118128
589963100
5415857160
175153177156
89339235
3010531110
01405141
8416786170
119175121177
1597516079
135245138247
36803982
1851918622
13571398
174198177200
146209150210
8823192232
68887189
194120197122
56835885
7523478236
4914251145
47325033
152244155246
1966219963
58716173
6613868140
177206180208
1835318555
4619148194
1503815340
2317427175
20252526
145119147121
62336535
3616938171
1132611528
3511437116
1143511936
137215139218
190163192165
167218172219
62389240
232255
5714460146
26852888
4411146113
161126162130
4221547216
149143151145
6110563108
147191150193
4819751199
61288130
116146118149
1816020162
7621877222
1336013761
1781018112
1461014714
1377613979
45124913
7811881120
1261813119
111113113115
9324896249
1423614737
146123149125
18861918
1821118413
1443814939
54175619
2819231194
261293
9217494177
117129120131
172206176207
1963719939
136237138239
1151911821
5213656137
159917102
99240102242
116183119185
1033610837
326528
9714999151
54635765
1386414166
12621365
174128176130
1617916680
176118179120
190194195195
191158194159
141156144158
111154114156
1428614588
126812811
149181151183
58246524
5020052202
101134104136
38244126
1235412755
1023415235
3312035122
6019765198
1781318015
5423356235
1919219693
1406214463
147219149222
164202169203
144106147108
127239129241
1058510886
179172184173
1957419975
41467148
165138166142
62846685
1095611159
9012995130
3316436166
1264212944
186187190188
178146181148
1355713859
3124235243
1563316034
26922994
1347113773
4214545147
71659167
179157180161
101187103189
180191183193
173191176193
917112173
149199151201
180242185243
1912122122
104222107224
190238192240
153227158228
1231712519
13321363
95136
16421944
40434345
7019771202
1337813679
3715639159
961993
114117116120
02123213
146239147244
70337236
1927119573
82768478
417620
19441976
7116974171
1722322224
1601916122
0528
5216856169
108113110116
9419996201
7518178183
1716917471
140171
146217151218
130141135142
196244199246
7423777239
129244131246
9689811
1608316484
1787318075
5511460115
075179
103232105234
18599187101
64926794
8421689217
1022913231
6914572147
112166115167
1902819330
1851319014
129178131180
113811411
1127311475
1465114953
18601901
1112211325
60256327
715737
4421246214
102207104209
7513577138
88479049
16472347
6711070112
524915249
024425
2419726200
99162100165
142173
8821089215
190143191146
62646367
35713773
122178126179
40864189
12581759
170204175205
101217104219
1474215044
169229171231
169104172106
1023215233
1151411815
458859
9517197173
93399641
187234189236
167213170214
1661916630
8310088101
2120624208
17741806
5519659197
1517415476
58615966
105209108211
7923182233
195199197202
12454247
133127136129
96139915
14101442
8901192
7020475205
73447845
42254527
1546015662
1210414106
112185114188
192183193187
1125911760
2817332174
23552557
1672917031
4121943222
32274231
191204194206
7712380125
3814641148
66637064
1093811240
115152118154
97120101121
1816321165
2518730188
68927194
52125514
6513466137
1411116114
167141170143
1364014141
95259827
59146814
1161612117
9419697198
14801503
26462948
1091611119
24432744
2714832149
52468248
1167611780
1719319196
97135100137
132184135186
63286630
6421666218
148106149111
1526615468
01145115
57475949
1795118253
123119125122
130217133219
77527954
171155173157
41624464
118123121125
168120173121
191120193122
1626916570
17841986
1206512367
107145109147
8923792238
111240113243
5211360113
9201122
1818221183
7221975220
161117163119
113161116162
69517153
161243166244
8421886220
15311546
115247117249
61808183
105167109168
98138101140
02282230
1195912460
185158187161
1655616858
613610137
116169118171
1872518927
1106911370
135210140211
7916882170
4212545127
1184212144
4614448147
51475648
01335134
11721276
104104105107
108221110223
79258128
1609316594
1036810669
84418743
1886919171
3815341155
9220995211
117138120140
137242140244
85708773
134192137194
29213223
1482515028
1431214514
122152125154
158174161176
3218334185
157197160199
186166187171
39194122
8614488146
21194122
5316256164
156122157125
20902391
178176180179
186153191154
32803582
1720019203
9311195114
4023841241
1020213203
4224244244
6614568148
182204185206
105119108121
613914
1247212675
1142311725
195236197238
169227173228
164213166216
162146163151
8020583207
992410226
19841999
126119128122
6322866230
1439514697
118228121230
1188712188
140180144181
22622564
180202
1854218745
64906791
70237127
193148196150
195129197131
1624821249
195151198153
148135150138
18572258
1317613281
1378613988
9314196143
1926419466
1133911641
917958
3523037232
6214565147
1324013542
6114472144
1576615968
959998100
181188183190
2623327238
179244184245
997410276
1766018161
151196154197
151115154116
1811418416
151193154194
9214595147
13732373
2912032121
159160162161
181151184153
151185153187
174138179139
103196108197
196211199213
9424197243
125111127114
3818241184
1039210694
18162018
6624268244
69597261
1818718688
125198127200
7222476225
1374214043
170194172196
4916751170
1057610878
899994100
156181166181
141151143153
48785180
1304613249
76187920
167210169212
111104113106
197102199105
177111180113
101212104214
965110152
4921754218
489691
57445946
1682117322
6620868211
154204157206
3218634188
149102151105
957910479
37103913
65317032
81548356
2714429147
1228712987
6023963241
109234112235
44454747
185230186233
7123474236
45804783
4911351115
7618778189
8113683139
26312932
1473314935
8911591118
5716859171
97245101246
582623
151161154163
66166818
1734417546
7813480136
23172519
66516853
2023023232
170182177182
26782980
89409242
7717680178
190227192229
146165149167
2218324185
2520728209
154184155187
139113142115
9110894110
61566359
59766277
1395914460
2916132163
1308713289
30453347
29863188
95499850
42166219
33943597
127242132243
117162124162
1971219915
6710769109
92119513
135153136158
106125111126
1936719570
177191179194
158171161173
1779517997
168159169162
6219966200
1421514517
173215175218
7622978232
24582660
178142181144
32873589
5013853139
100108104109
187118190119
78638165
6821271214
87209022
89911101
6718872189
24222724
1911119413
9421497216
74647765
6318066182
148242153243
69287230
5223353238
131153134155
56265928
171128173131
427468
7616678169
151159155160
8724790249
148230150233
6512268124
8121683218
02181221
128152130154
915411156
4211446115
179200182202
158183163184
18662167
80528353
135130137133
1613316435
102124105126
5422458225
1156111863
9771279
32833585
41404641
1231112514
147113150115
133222136224
128111130114
185125188127
1252913329
94879789
1672717028
1288513186
23792581
189196192198
143212146214
146145148148
3322836229
9021293214
9324696247
92149417
105134107136
4813351134
136219139221
151204153206
988510088
1944719650
1307013371
110136112138
166220169222
121184124186
1413215137
74237626
662963
82258428
1464714850
6491749
139223142225
32245226
6820671207
50615462
1957819780
196194199196
02153217
1895219353
16399165101
100166102168
37834085
7521378214
7413075134
124140129141
1884319144
120141123143
1175211955
110177115178
1884519047
109121111124
8218884191
181217183220
1257613077
5211856119
1905019351
6920874209
185215188217
185143185150
189176192177
1127611578
11321202
1592316225
1557515876
5817863179
167185170187
8879010
194247197249
11164118
62339235
179186180190
40524752
61778179
124209129210
105112107115
5219554197
2624130242
6017262175
3514137144
9423399234
4919351196
7520882208
30673170
5418556187
15511583
1781618018
49355436
127175129177
1223412536
5924864249
9124393245
1015213153
1023910442
162174164177
190213193215
7715279155
187189188194
4319445196
171235173238
5723662237
01303132
1224012741
3716040162
119150121153
3511738119
156182163182
1223113331
2115924161
109202112203
88789179
1458314785
108136109141
151211156212
60646168
56525855
180210185211
13501401
150106153108
5723360235
186205189207
1719717399
14251726
12221523
161141164142
3822040223
449746100
8415986161
2221524218
6123466235
320351
20372339
7722479226
38544156
107181109184
1578315985
121167126168
110118113120
48375139
1884019142
1912319424
337378
59826184
4311648117
149161150164
2319426196
164187166189
31403442
5110354105
8613888140
63436644
102138105140
178180180183
61079108
5023751242
31915194
134149137151
79458148
145116147118
182124184127
98170100173
157134160136
1928119583
1563515740
1187812081
4620648208
3917742179
6822471226
171137173139
1876419165
5384
1113413136
7181019
1945319755
1183112034
1261413314
23822683
6618775187
51218122
677879
2317726179
11251327
146149147152
88509152
1583916340
1492215124
165199168201
1578615889
157141158144
6414166143
135136138138
36383939
122187126188
1115311654
1055110753
180212182215
146168151169
181157184159
157215160216
1118711389
31743279
155239157242
148132153133
7715879161
186102188104
3224433249
154225158226
12951796
47755077
132244134246
82718474
191191193193
1107111174
190207192209
7312474129
4821552216
3813940141
126107129108
1023010432
192152194154
42007202
988010182
1766617869
1952119823
161238163241
260761
8018283184
1852818830
26532856
157217162218
34643965
9216695168
30923593
123211125214
74157617
7224174243
152143153146
138131142132
1277413075
141242143244
118248121249
6318367184
5422855232
4012045121
8716690168
1541815919
184192186195
71618164
7012372126
30943297
12561757
1001310117
5217655178
77238224
1419616198
309832100
2920932211
1481215113
1109411396
259926104
9222895230
1664816850
01762178
1395314155
1716217563
46274929
5024651249
60616363
110207113208
2317233172
1219612497
4114942152
169132172133
63366638
3612039122
17599178101
1473015032
19471979
184119186121
4110943112
8517788179
97289831
1339513697
1099711298
97126100128
183135185137
112123114126
1018410486
1694417245
1064110943
3019733199
145178146182
996710269
48710
149146151148
141177144179
9517496177
89969298
1123011433
93479848
1104311345
1583616138
3814441145
116172120173
179122181124
125134127137
125163128165
173219175221
2015522158
36273928
152109155111
52855587
7919382195
1691717120
7619978202
9719999201
64956896
192127194130
20202322
142116144118
1401814221
151134154135
1118413187
19402241
67847285
1112512128
129205132207
72927693
49685171
8213184133
5924460247
40804282
128218129222
2413827140
1252012822
1098711090
1929019791
6913773138
159225161227
1134711848
92499452
56685773
152181155183
40394739
172117175119
1021410516
87818983
150225153226
36863988
191160194162
196162199164
191222193224
3722539228
3924241244
24202821
549857100
46244926
10031034
68697270
1757917781
197107199110
1666417065
178203181205
6621969220
7111074112
1712619129
2913431137
471574
137105148105
1415116153
81808481
1634616548
