1806
150168154169
1498415286
1911119214
175186178188
142113145115
113228115230
31815184
165154168156
1411014412
3918942191
8498711
132196135198
154126156128
67847185
1708717290
1241112514
033335
41496152
186168190169
1114511348
6920677206
142138145140
14371469
916411167
4910850111
72038206
151236154238
169123171125
1537415775
01483150
2018825189
84148519
152139155141
1516915371
126146127150
6613869140
1462714929
169169172171
40324135
134201137202
106189110190
5320058201
72309233
103231108232
16441748
187201192202
3622839230
1812323124
195214199215
24342637
119916100
2218525186
071572
1196112065
2622627229
162141164144
106171110172
26583059
195216199217
5018652188
67866989
2223026231
31396141
8016283164
18001823
122182126183
2117823180
194209196211
6518966192
1526615568
194111195114
5519258194
174240177242
1488015182
154145157146
1431814620
149164153165
183208186210
160149165150
142215145216
4724650247
138188139191
1947319675
177146180148
1669517196
15411843
1601516317
141157145158
7319376195
5313456136
02433245
11764178
1219814201
134114139115
112183116184
1025010551
2813431136
124223131223
8513987141
8116585166
1016110364
735766
1378014082
166225169227
185100187102
18998191100
110158114159
4916753168
112179114182
168239169243
3522038221
8717790179
192224
187234189237
35643865
1158611887
125198127201
174170175173
1886119362
9124493246
169117174118
197148199151
52387241
724812249
1638816590
123177126179
87619062
2322625229
1472314926
78528054
46654967
1626716668
1276112963
1687117074
165219168221
1123314235
1872119023
42504453
168193170195
1204312245
1185212253
165180167182
122240124242
97229102230
59626065
3513138133
482533
1367713979
9722099223
142116147117
91779380
191178193181
8014282144
124100127102
7323374237
02182221
9717299174
18512851
2411027111
1576915972
183203186205
181127182130
1955919861
131162134164
194238199239
1741117713
1022313225
1206912371
1551115812
569959101
459661
1416914471
96669968
17972298
35833786
8316786168
1006710270
183243187244
713915
7216577166
33933596
188101191102
812863
7119673198
56716172
96919993
6323366235
662963
1678117083
43664568
1923121234
76598160
147132150133
157128159130
8815290155
1368514186
2922231225
957410075
14931525
68257226
15251827
161169164171
122107123111
184133189134
127225129228
119198122199
84428744
31246125
1832718529
1851718918
102158106159
1261212914
51255328
3614341144
8120183203
9419097192
1927319378
9017093172
410433
17151746
110135112138
104207106209
5413157133
627829
61329134
169202170205
1584416046
161175164177
134208139209
4412447126
49315233
5817063171
113122117123
144120147121
192194197195
32613563
1099411395
2915632158
57865989
167228170230
1977119973
27932995
111210114212
10331236
8711990120
7816179164
1667216775
169111171113
4516348165
105165107168
98154101156
62756577
42214424
142118143121
41227123
61428145
1724320245
5283
824856
177144181145
183200186202
119235124236
1286813071
123202126204
107191109193
1318913292
9120193204
1789618198
38444345
6219965200
1856118764
31536154
80628363
1424216244
73257826
435637
553567
57965998
8420089201
3710640108
112247115249
51175518
18621966
119103122105
171232174233
19541995
90159317
018319
1301313514
21554158
8420685209
712410125
7416277164
173103176105
189184192186
165170168172
84498651
1814521146
1178011982
516539
128113129116
114165117167
11491229
1622016423
4996102
187203190205
137169140170
153232156233
16541705
7518180182
1141711719
169153171156
2811531117
73577758
97910010
23582561
9871288
159118161120
039241
1837819178
1214415146
1014510447
7312477125
190116190124
493894
1432714530
166150170151
171229174231
4121244213
6017363175
110156115157
116221119223
1518618188
98205100208
193223195226
32195222
181239182242
9623998242
6718872189
9511997121
1029610597
773976
6022265223
7010471108
146173151174
138200140202
1764917852
164214166216
6717768180
76147915
17199173102
62596461
31293431
9314095143
1394214244
197226199229
65117012
162156164159
6720769209
12181421
173148176150
3120234204
4619449196
8423486236
102123105125
1413214237
18782080
101910410
105179108180
170181175182
45404842
107245110247
4122246223
13821413
53665569
149130154131
69187220
5710859110
3712540127
131230136231
3713839140
123205127206
1184111945
2710530107
196176198178
7817881180
7614877151
61436445
1484715348
118228120231
1092711228
19231945
6812372124
145144147147
100218103220
4721450216
2021923221
1336213763
53345536
1627516577
7214475146
1522718228
6921672218
3519538197
1654816850
10901122
46964898
131157133160
170226174227
5711162112
6623869240
67806983
1944919751
170240173242
4117944181
7321276214
137242140244
13851417
2712030122
6323765240
811810121
135123138125
38524154
3516337165
75377839
1352613728
154104157106
404435
126191127195
1517515279
3417937180
1733617737
103243106245
1908419386
128201130203
6311865120
21377138
5416857170
56686668
180218183219
134177136179
171151176152
6215165153
51608162
152118155120
4812351125
109152111155
1822218623
137194140195
89749276
3021034211
65336735
106131108134
1721617319
7021971224
6914274143
126207129209
50625265
54955698
47104913
1038910591
126188128190
1369513897
5415758158
141242144244
22472549
43934595
5923862240
1563516036
8213685138
168199
173112175115
6013562137
2116423167
146106148108
34883790
126105129107
1426614568
1334913552
01512154
19592161
9420198202
104135109136
1854218844
1519918201
3310735110
7220374205
13451548
128138131140
118244121245
159247161249
1014913151
83328535
73797681
9013992142
109202114203
259828100
7513478135
1487315274
171188174189
1901819320
135150138152
1613616537
107143110145
7921281214
134120136122
1818718688
1017810380
4020443206
1632816729
1245612659
78468148
4920052202
31358136
161163165164
38554356
165129168131
8616187164
35503752
8711689118
8623991240
174141176143
189206191208
4010043102
20872192
1664416946
110191113193
70737177
479951100
1373314035
114106122106
1971219915
75897791
30853189
65296732
91509353
9116493167
5212554128
150162155163
9723599238
44254727
1431314814
124224126226
155134160135
9621799219
6423169232
79188220
18299184102
8716790168
110104113106
4320246203
1411514417
787828
1295313254
1931119414
143148145151
5321056212
1761617818
4719749199
157115162116
15851607
169244171247
1320414209
11751207
1813118334
174214176217
1927019572
3622641227
131154134156
108211110213
2320425207
14371739
150146153147
947969
25763077
1316413466
123103125106
3610937114
6316667167
4324646247
4920451207
172136173139
2819231193
5219754199
27442946
1023218232
7721980221
77278028
1415116153
1668617786
61988200
107236108241
175205178207
15151717
6023362236
73857686
185918811
1887019172
9891094
9213493138
51745476
1386113966
62576758
2514228144
1401814221
5123253234
127153130154
3513736142
32393541
197198199200
9961298
3418638187
7610981110
92639465
6610569106
6012462126
178189180191
45224824
1347113673
159131161133
66756977
149220153221
153157155160
193184196186
124139127141
3824041242
169114172116
4919152193
1717517477
141180144181
975210253
97166100167
3211435116
69447049
67626965
1773018032
131102134104
11301153
50665269
1163011833
84278728
6521768219
9010192104
155202157204
5119454196
1484915051
111234114236
1572915932
7911182113
101126104128
1785718059
6417067172
1587615979
30443346
99185103186
101168104169
4018342186
01442147
3423637238
39810
8616590166
1118313186
1863618938
838908
2214324145
148218153219
5712259125
7813180133
56835885
1423916241
1609416396
1648016683
4119944201
187123189126
1795118253
1925219554
41296131
1615618158
9011391118
4016241166
48155017
1093711140
786889
3724739249
112225115227
1521115413
1038610588
65906793
140230144231
5311156113
1442214625
4519746201
9420398204
9614599147
135232138233
12901313
8610389105
1020214203
63476648
7024673248
167183170184
5310555107
21684170
180103185104
113136114141
88919292
8921992221
164203167205
199921101
6296412
1756717869
6518166184
1418917191
167138169140
143220145222
53135614
709873100
123123125125
154211157213
191158194159
1738017682
9323095232
1189212095
46474849
13199135100
1033610837
1363613838
1884518948
95559857
29423443
7724480246
1955619858
189170193171
115232123232
4324245244
120147121152
155183157185
181194184196
1609716399
1121013212
1375513957
1409314395
1015810360
1520516208
172153175155
1553315934
2018323184
172123175125
3618938192
7812480127
7113474136
40914392
1076210865
1319313594
1947619679
12111225
67686971
1175412255
7122576226
34373938
17712272
174717510
32355237
103247106249
5522257224
51557157
118118121120
4914750151
36943897
022822
176119179121
1042611226
145109148111
1569415996
1493815240
99105102107
153815610
111130114131
82228922
1051210615
31583460
1162611829
9516297165
83298531
5222856229
147161149163
172174175176
14998152100
103150105153
191209193212
1218912292
73597562
137216138221
6221263217
7418379184
1277412976
144167146169
16571708
1156612067
182237185238
51915692
175219178221
86328835
1173612038
1764117943
81528354
64266728
7116075161
1212615128
7316776169
7714179143
61778179
02352238
127108130110
156225160226
15232024
112205115207
59566159
1482115322
142152144154
115174119175
5612859130
59846385
17541785
01792181
54705573
4222445226
16221673
93669568
1705817261
184105187106
4817949184
4917552177
79678070
6715970161
24682571
110221113223
6921472215
116238119240
5414159142
65507051
1922522226
8113984140
1113112135
127173131174
9301232
1427314476
184170185173
162191166192
170177172180
1111511318
2314626147
7122776228
3019733199
3917144172
99243102244
1365013853
17901992
103125
2021122214
9801003
1298213184
1362913732
94719673
149107151109
78888189
9014392145
075376
176166181167
1494315245
46875188
112208116209
1583916141
114198118199
163716411
2624329245
1562615928
2921630219
6219565196
122160124162
1519520196
9510198103
197211199213
716918
1354213745
90219323
4521947221
192242194245
1598816289
165193167196
165186168187
17661788
1466614868
7913481137
540562
1856518669
177216179218
4121444216
7321575218
164145167147
131186134187
22862488
94169618
181188183191
40984599
1328313585
125243129244
174128177130
5688
165916811
147230150231
120179122181
70337236
9514899149
1059210893
719310195
128148130150
153205155207
185228189229
1358813890
11241156
109207111209
1544215943
7022973231
172197175198
1717817283
444475
90279132
43314632
3211742117
167198169200
6819971201
42019202
1324715249
1829618498
70697272
2215525157
5017852181
104184106186
2220125203
1211112314
5415558156
1777018072
98120101121
70797281
8612888131
185184188186
4217445176
189145190148
16741976
1398714289
86968899
135162138164
1621419216
6713569137
2215925161
1925619459
187149189151
32853389
1317221172
46734975
1123911640
17851987
82598561
6914971152
3813541137
141130144132
4812651127
154229157231
185154188156
1127211574
116156119158
36713973
128141131142
107159109161
1914019343
55585860
156118158121
189153193154
121213125214
1575015952
914712148
157174160175
548579
181154184156
1811318315
180161182164
45504753
7317075172
141169143171
473676
1327413575
309933101
51565458
60406342
10451248
73357836
3511938121
1578416285
1317318174
1651216715
25212823
7210475106
1281613117
1516920170
114120117121
4313847139
8221383216
91249426
818210184
10121043
67526954
1586416166
442473
2416427166
1128411487
5817259175
3222535227
1034010741
7614479145
2611829119
3614539147
100245102248
1406114562
2716729170
65426744
131182
105181107183
184149186151
5423356236
108229112230
3720439206
1317121171
84528654
1529215396
1322213523
1149311795
139148142150
192205194208
44544855
99187103188
60466249
49415243
026327
3823440237
91109412
173190175192
4512947131
8511288113
4423947240
1421115214
52195521
3024535246
143133146134
3812841130
5311656118
137223142224
1316713668
131182136183
147194150195
4212543128
21732278
48505053
1362313925
73497452
6814671148
174138176140
1903119233
8219783200
1317113373
4824051242
193232196234
1963919940
145152146155
154164155167
02303232
111177116178
143211146212
4911952121
31213423
5620259204
01643165
115235118237
9111994121
815611158
1705317157
115195118197
6720271203
36424143
11231425
71519154
6214465146
60866388
188178190181
3121235213
10761108
151111153113
20112214
529955101
8517590176
911112113
12371259
16501691
1533715639
4515548156
166143171144
6414167143
1667616978
1141012310
125134127137
9018292185
1676817070
7715579157
1474115242
29803381
91609362
18321864
46684969
116171118173
122145125146
5614961150
1208012282
111242113244
146139149141
119195122197
1298013481
47575059
1215615158
172140173143
27163018
173187
440471
3114434146
107156109158
1875519156
13041327
127161130162
4916254163
191919410
1964119943
84658667
2615628159
22464248
8621689218
23812683
9413496137
1761918020
90859985
51709171
114102117104
154154157156
1656116764
3517538177
146220148222
179185181187
182141184144
57925995
187117189119
1914919351
82818483
9312295125
1017412177
1815618657
1473315035
1321715220
1465914961
4415747158
1771418015
153214156216
100101105102
197107199110
99214103215
1522518226
818510188
1198612287
39664268
148136151138
179220183221
21152318
1405714260
01663167
9201122
68927293
132211136212
100146103148
154142156144
1706217264
76187820
484885
1135311654
4623050231
630832
5020952211
186238189240
1715120153
1784518147
138225140227
1362013922
10931115
1382914032
2220825210
155173166173
4320946210
1610719109
13351357
4917152173
2714530146
186222191223
4815750159
16151646
8022881233
24292930
196201199202
1602916232
5718360185
94499651
180119183121
146150149151
2310326105
9511698118
78718074
1747317974
22522454
190160194161
42334535
125151130152
124108126110
196113197118
137160142161
73557756
135132136135
8222883232
1281813020
7017971184
128134130137
113218116220
194188196191
46624964
82448349
8324186243
130105134106
55375839
133205136207
143236144241
1072111122
8723391234
165138166142
01113112
81688371
3811139114
29613164
61729173
1406414168
149239152241
100212104213
183161185163
155107157109
168145171146
482983
1251912721
186230187233
25383039
1068810891
1145811661
175200178202
1158011685
162112165114
952974
6222865230
5519657199
1715920161
1557615679
1235212654
134241136244
120133123135
3618339184
85938895
1192412127
3012433126
65596761
1132611529
59366238
131201133203
1792618129
120215121220
2813731139
9223395234
155198157200
49765079
139162142163
711410115
123187130187
174236179237
337369
172119175121
106100109102
119154122155
639866100
9621299213
6622670227
99125100129
1919022192
79378338
144187145190
8622396223
100137109137
117131119133
23442646
084385
181246182249
1766117963
1873918941
145236145245
184187185192
1884919051
148228153229
133219136221
191191193193
4318944192
135155137158
913612138
9318094185
1122011422
9510798108
172212173217
62189220
8422685231
166244168247
1854518747
1335513657
8424889249
180232182234
1017112173
14231446
79218124
172243174245
01593161
178224183225
1116814170
118121121123
2723129233
181211183214
188187190190
133180140180
21325134
144104149105
6417367174
9424597246
1045810859
100238103240
76338134
126111131112
2814931151
8617288174
1788218084
2922032221
1959519897
378419
6624473244
133129136131
5317157172
142125144128
9321795220
140208142211
5495
4511650117
109162112164
1111413117
3823140233
174222177224
1198312185
19461968
1817718282
3213934142
822813229
53315533
53425743
128204131206
9416997171
1457414776
975810059
1812923130
1382614028
3917341176
15331564
182157184160
1084110944
97419943
01733175
1278513186
8923792238
4516648168
02391242
100216103217
37484149
140122147122
51146117
30903392
51295430
16101912
167109168114
136198141199
7116273164
5611958121
351382
086288
8720789209
103234110234
194155196157
14531484
155100158102
177142181143
9422696229
187246191247
131236138236
176163179164
11631204
7820380206
1713917244
1892819329
3619838200
143202146203
147235150237
125130127133
8917392174
21202422
9515997161
100113103115
168103172104
02273229
95259926
4319345196
178122181124
160102162104
114117116119
7917481177
112154115155
50835285
178210180212
6417566177
7424476246
899892100
9413899139
44564658
172111180111
120222123224
176178179179
3816943170
165121168123
3520938211
96369937
7023874239
186161189162
132224134227
159816210
169917112
185182188183
1508715389
7321976221
158151159156
9211594118
57135916
145208148210
8716989171
4024843249
138126141128
71477251
191198193200
40694371
7422975232
148196150198
923110031
18351876
152225155227
173107176109
6718168184
90189320
100117103119
60216322
1879219293
184218187220
2021525216
8022383225
130208133210
1562416125
1123614238
190231192234
106150108153
496509
7324176243
8619688199
5524758249
49345236
721612217
58796181
5121353216
86688870
1489515197
1216416165
167190169192
127169130171
116134119136
90579359
1922722228
11182121
1502315524
4911351115
1423115331
3119434195
8710789110
1006510566
1179612098
2021725218
70527254
1837518577
103228105230
1444814750
5624159243
5817862179
117150119153
3610139103
101205103207
87838985
7217974182
6213863143
128132132133
9115395154
18301861
74958495
1003810539
25902892
5723359236
22892491
3919542197
178240180243
78908192
168147171149
100225103227
105210106214
1456915070
197231199234
11421444
1734217545
134159145159
107242110244
1120412207
5220355205
65787678
7219175192
83208821
8418087182
71157417
126210129212
79118213
7014073141
5813861140
1621216414
9523596238
4913452135
14301732
156165164165
87518855
6716270164
54615862
7820080202
40364338
1475615058
85828685
64856688
1476415065
5310356104
1316016162
142191144193
1952119823
18099181102
153174156175
12321255
733936
1321513517
193174198175
8022683227
1812123122
1887419176
118204122205
149208154209
2213127132
106141110142
1021812220
146238148241
164206167207
2011222115
140109144110
160178163179
1539715699
132173134175
16699170100
21262428
2223524237
13081339
174183177184
152138159138
1024210743
6415966161
190175192177
2124525246
188220193221
4216344166
1361613918
1546915672
12601283
1181511919
27273128
2621728220
51595361
51485252
7711980121
61896491
39844286
1966319965
1128811490
88258930
88869088
01223123
1142411825
79818183
9024792249
151196154197
156220158222
38323935
1723819241
121157124159
165116168118
177213180215
3919840202
1624619248
8820490206
1573716038
5516158163
4814451146
1193512735
66247524
1237312675
4123643239
1489215194
109198113199
412811128
921010213
149225151227
44704772
1449314795
1419614498
4410046102
144217147219
6521069211
3921146211
5711359116
2213827139
139133142134
01283130
81578658
108194110197
184216187217
161223163226
719789
6222466225
1369313994
160136162138
1646916671
8223785239
707748
188196192197
197101199104
3513437136
94219623
7622979231
65366937
156163160164
58336035
5924460247
46854986
125167126170
2210125102
2522128223
1545315557
173159176160
151122154124
60926394
15791782
2724132242
155168158169
134203139204
1459614798
177138182139
2024723249
14799148103
1210416105
176153178156
53375441
7523777239
182123184126
195196199197
19761999
71557258
7215075151
1443814542
42634565
177135180137
9117594177
5621459216
6812070122
104144106147
8217785179
87379238
32823484
11098112101
109133116133
56765978
188241191243
189919012
28523054
2414029141
112185116186
8410087102
7210777108
194227195231
7918880191
4616951170
180203182206
42724376
2917831180
3621238215
1333213535
69387439
9518598187
184119186122
140204144205
1862518828
1275212855
38504151
162100165101
6216867169
4521750218
586609
5414356145
484515
87568958
1363913941
5124454246
1702917231
1727017572
1314913252
63386839
7617278175
12641296
1626216465
178194180196
1783318036
150114153116
1455314755
3112934131
195246198248
111189114190
2616028163
1811918421
124191125195
1275613057
153117164117
147127149129
175234179235
1868918991
91399242
7219973202
148152149157
8619189193
1018610291
34463649
5516558167
14931795
127175129177
2313526137
1461115112
149915210
73107811
196162199164
191145199145
72127514
1621919221
68417143
150210153212
4110644108
9941016
1566716168
62786481
1777518077
113238115241
143199145201
134165135168
17941826
5916761169
11799120101
121210124212
1045410557
1324113444
1279713099
180235181238
145142150143
