1822
1618419186
190182192184
9017793179
195146198148
5922262224
173224
142185146186
161169163171
175172177174
9421899219
8271129
1684816951
107215110217
97124100126
923212233
1188312085
97233100235
197203199206
108182111184
69277229
8616388166
1442514826
37404042
142149144151
176184180185
1557515876
2116423167
3610239104
1475114953
192216194219
1715920161
145156148158
151162154164
162246165247
11361168
190188190197
83738477
172917511
170218175219
97919994
110194113196
1225012552
146172149174
56565858
59236225
2722629228
16551957
1626016562
1218914192
142171143176
52315632
611711118
31143416
107171110173
56506151
6816873169
192167194169
2920332205
3811039115
4920251205
166146171147
2915832160
1839418696
118138122139
2912232124
26913391
65886790
6910571108
6114163144
1319213494
829885100
1910722108
1191112016
186151188154
11011133
149158154159
174239176241
191127193129
114198118199
146190148193
1719817699
1504715348
1953719839
130107133109
128101131103
3311436116
1091311215
4912052122
73167618
3616441165
33753578
103123106125
1334313645
1135611459
11441545
312344
5018053181
20852387
36803882
118237121238
3920242203
108124113125
113197124197
48665168
1641916721
47975099
154184157186
1117313175
196211199213
11564158
14621565
62336535
122208125209
4310645108
82388441
104132107134
102151103154
1024210543
1483915340
1715417356
68907192
3023134232
89759177
107212110214
8331036
1121816219
460540
1202512326
184241187243
1819321195
191227192232
7818379186
84288730
85898791
93919692
21212522
112185115187
9111496115
2918231184
31403641
44764778
8724791248
105229108231
172135174138
9623899239
51997201
9517998180
153216155219
4120642210
1728617588
196232197236
1413414336
108133111135
1115414155
147103149105
12271268
18998192100
9621099212
142197144199
135223138224
41134315
1651616718
1278113282
143115146117
1051210814
9614599146
34663768
175134178136
7312575128
85148816
33243626
153111156113
162243165245
180157183159
1555815959
103115104118
189212191215
163124166126
169157173158
167183170184
106234109236
1271812920
33273431
157213160215
1737617579
73237428
1021410416
64446745
5816360165
16151646
1908219383
47504953
1133511538
1716920170
1323415236
119124122126
42584560
3316035163
47715073
120204123206
14341636
1929219495
2219125193
57355838
54635765
192241196242
1392914330
197117199120
821710219
194129197131
5919461197
1122013223
115139117142
177238179240
142152147153
18101861
23582659
1955919861
4113843140
1462214824
81858487
56896190
77538254
9511154
193227196229
121181124183
8611789119
1058810790
1265412956
149101153102
108112118112
2214923152
8412089121
132161134163
61638165
1653816740
1529615598
1194412047
116133118136
196114199116
3022632228
3011631119
5312956131
133199136201
1882010
146131149133
2418227183
1144711848
2516226167
155157158159
180217183219
74387641
1483215034
1779518296
1151811721
134209136211
150227153228
105164107167
88189120
193207196209
1421614321
181178183181
161158163160
5424056243
6814171143
193101196103
93789581
02374238
1445914761
137168139170
1552115922
1419816200
83678669
7516678167
56135816
719410195
8415886161
1738317685
130209133210
44204525
147107149109
2018923190
62316532
4711552116
10497105102
4678
9724599247
416817
138181139184
89539255
714737
150193153195
4010342105
1519117193
1088011181
1466414965
082384
1501015411
9420096202
1445714758
1502315325
7312975132
102235105236
1942919731
1672617028
6812969132
22892591
186198189200
2817230174
138197141198
108143111144
31355137
150203153205
157136159139
5014054141
14371469
67126816
198159199163
152229157230
1224312545
177114180116
44854886
6814471146
6821371215
39544255
198175199179
1032410825
169101170104
1357713780
103200106202
187155189158
2310826109
138100143101
67467147
26612863
60676369
198230199235
1959519996
183196185199
1574616047
192161195163
119131121133
9313495137
145118149119
51275230
01513153
1118411485
22162518
103237104241
722010222
4119244194
19061938
22622563
126106129108
155172157175
8913292134
66256828
1017614177
93249526
585607
197103199105
161112164114
9417496176
158167160169
8910292104
18931925
6218066181
112162114165
1584816050
14997151100
9412595128
95107100108
5786010
1899619397
6816672167
134247141247
33803583
1122811530
134188137190
158172159177
33563658
70577359
197244199246
8301132
1518815390
3117134173
182194187195
52388240
172167174169
65716972
122145124147
1498015282
1173312035
1822718330
61156318
1623221233
85879088
52665568
5917562177
32453349
094296
160223161228
104151107153
4423046233
4722948233
169117172118
1217412476
7122974231
123218128219
4010145102
104139106141
113127
6919374194
2219623199
7217975181
133218134221
1177011973
143242146243
7919080193
8022083222
139222142224
135163138165
104219107221
162140164142
134166136169
1152211724
21952496
36933896
916210165
132142134145
21873191
1252612827
31635166
1515518157
99116102118
68847285
10621364
63296630
6222764230
7321776219
136227138229
59136414
100209102212
9022592228
129218132220
6696911
78558057
161218164220
7123374235
5916163162
4516448166
123124128125
1154211943
76778078
165166168167
1399314195
32455248
18492052
3823240234
20562259
3014634147
1198912290
3415739158
192174195175
179206182208
121214123216
24132715
6118865189
32353437
263564
192154194157
155135156140
74737874
6617768179
4521748219
100129102132
1510217105
134240136242
51605561
1018313185
6286510
6212765129
9412997130
944976
3721340215
28393041
1956219963
1386314264
162178165180
97111100113
5715659158
1904819349
8810891109
117180120182
7823281234
111168112173
152234155236
190198192200
913412135
0234
81122
157224159227
3722139223
109228111230
1797818280
4822651228
47104913
1421114315
1013910441
1718019183
19561979
1779718098
8317188172
112137114140
118142123143
112188115190
13471369
830852
163204166206
1639516598
12001300
110179113181
7519980200
1214612349
949896101
5511658118
74647766
130173133175
65836785
3313935142
6211765119
6513768139
167241170243
5221955221
81708472
156239157244
1667716978
149917101
193117196119
109138111140
9214995150
104183106186
116175121176
1911119413
7415175155
3923840243
162225165227
1104611347
197108199110
194106199107
7116173163
7319974204
143228145230
193146194149
32345236
126114130115
150128153130
1707217573
85468848
1342513628
15532054
191125196126
188227190229
4317851178
113166115169
1409014292
1568715989
14701492
8623090231
0537
1327113672
9122995230
196173199174
622824
7517678178
8512888130
3514336147
149143152145
1668716989
120184124185
1820120203
1441914621
9319595198
10461249
031731
43524555
184108187110
180149182152
39511
8619088193
4813551137
108110112111
3612238125
189122191124
1437914582
7923681238
1055710859
249827100
180190182193
29893390
992010421
55775780
4813351134
97201100202
20442246
95569858
159247161249
1387714080
177241180243
987410076
1745417656
3415038151
1937119673
103157105159
19331965
1871818921
190238191241
800822
147194149196
181240183242
8620491205
109244111247
5723159234
146163148166
73827585
139136142138
110208113209
96109715
2913731139
194111197113
5813061132
66686970
1354713849
4418347184
1122511626
192137194140
129243130246
157236160238
15322033
188242191244
116234118236
146238148240
192114195116
9623099232
15721874
1069510799
16761698
119186122188
15041526
1061710819
310361
1416916171
1724519248
16601701
1274213542
170140173142
1927619777
122148124151
6310268103
98140101141
163235166236
141195144196
71728176
121171123173
100169103171
151148155149
5417957181
1641316715
105111107114
9722698229
38434145
9112193124
6616368165
1093111931
4422646229
167188169191
148177151179
111118113121
112101114104
01352138
3519839199
1096611268
1935519657
5110554107
62459247
109128112130
88329134
97959998
3418637187
165208170209
2182310
1117711578
662964
18299184102
3221236213
312610126
187188189191
1057510778
1449414696
2117123173
455757
167140168145
01335134
143225145227
181184184185
25762977
159195161198
1422017221
144138147140
132103141103
1372513927
1765017853
135136138138
8617789179
1524516248
165112167114
167108168111
5222455226
170115174116
197187199190
161212164214
59956297
183211186213
1016010264
1592616128
8914094141
1876518967
144120147121
379939101
196237199238
4022042223
10151047
69910
1189612098
135185138187
1649016792
138158140160
1321413516
1294713149
1847418776
1176211965
1623116732
155170160171
5415256154
159229161232
2414528146
7615681157
7114772150
120222122224
126179130180
060362
132125135127
127164130166
52205422
177236180237
4513347136
5023053232
1442714629
911212114
125226128228
98156102157
8512290123
5618259184
3115433157
1215014153
553854
183130185132
677708
923714238
46544759
156219158222
119134120137
6518568187
25402743
1812418426
148226149229
6616170162
159140161142
18832384
1323915241
43264429
2013323134
154150156152
4818149186
169203172205
1614718149
5320756209
1618316385
103209105211
7011873120
180140183142
6018461187
01622164
95719873
101111103114
1268513086
3013033132
167137169139
1048510687
174198177200
7222776228
184138186141
4923552237
78498151
77178019
104227108228
1512216125
1738017682
4118243185
2710131102
6914770150
994810250
33943596
1206812270
145235148237
1311316115
1441714918
1488815090
9622199223
6211166112
51557158
5410856111
161161164162
4320248203
92389540
125222127224
122241125243
11341337
1093711042
9019293194
2522928230
374406
154204157206
153246154249
8523589236
44714674
5813461136
83178718
7717080172
1292813130
1620518208
1975219955
4524547247
190222195223
7018972192
1731217515
126152136152
62396640
3210135102
1066210865
8223684238
153239155241
5514157143
3516736171
63956796
4017345174
1837718580
197226199229
1167811980
1095711259
77318033
147134149137
80118313
127119129122
176917911
1786817972
145204147206
7011071115
143107144111
116220121221
107201110203
2222924232
1293313235
116183119185
150182152184
138191141193
981710119
91599361
114179116182
46295030
97127102128
76447846
6520468206
1743417736
187181189184
3224735249
18451948
130159131163
1548615591
55205722
1341013712
124112125117
73107811
190137191142
61839185
106209109211
1882219323
2824531247
132713312
1033310634
397428
3211743117
2621328215
51746178
141139143142
3821640219
4916250166
54445746
170186171191
109220112222
1467014972
139214141216
88589060
1807218573
102147106148
130171135172
6315866160
110239113241
124205127207
117203119206
57736075
163189166190
131176134177
2915430157
109156112158
157108159111
182113185115
13481650
162215165217
57176018
140122143124
2312426126
102215104217
154167
100100103102
124141126144
62806582
1927419775
7613178133
107147111148
1913719439
18621885
9318596186
9224696247
110146119146
182118183121
1394314146
48755276
5817961181
622413224
080481
981410116
1207912282
2910740107
63856488
1618719188
171122175123
114194117196
171100174102
196180199181
119246122248
108118110121
151220153223
2415227153
11175118
46194921
6821670219
9222094223
152114157115
5924361245
1122712127
1908419385
132101135102
165174167177
1214115142
78258226
171132174134
195239199240
2721030212
30113313
223524
82498451
3819340195
77277830
12531455
1359313698
4310346105
75247726
1788418385
157140158145
2422127223
115225118227
103129108130
140243142245
115232120233
1889119193
1219712499
103810510
1722720229
1313813440
72777579
1189312195
149210152212
8918490188
3522537228
64666967
1767617879
1434014543
169178172179
2221425216
12211424
8618189183
186148189150
512410125
2510528107
109122114123
153211156212
179135181138
154153156155
565866
8021682219
173109176111
175183183183
67797080
1447414776
19801993
1229413094
100238102240
4411747119
158239160242
4418547186
8415286155
182133184136
9518997192
132178137179
7420975214
155208158210
9801182
133113136114
8723289234
8715388156
6121164213
140145142148
1511215414
191204194206
5021352216
4322346225
1593216135
5415556157
50425245
6922172223
138219143220
35273631
3610837113
02432245
100230103232
59566158
3117533178
103155108156
6917372174
108166112167
79428244
1087611078
3995101
116165118167
3121533217
166102168104
6413369134
160136161139
1427114573
64746776
185125187127
1379313898
10841116
123244125246
172206175207
02311234
7222475226
1267312975
20362437
138248141249
42474449
8317486176
195217
4921951222
50695570
1238112683
135156136159
1131411815
7112372127
187245189247
184116185119
6213664139
116186117191
126116128118
163187166188
185160188162
1499115293
11761198
7723678240
1064310945
684706
195136196139
110225114226
17051728
41465246
42304532
3822541227
162164164167
189103192105
1887419176
169214173215
1611617119
1971219915
151133154135
3611839120
112229115231
24822784
169172174173
127176130178
2412727129
3917842180
976810070
660682
8614788149
1087311174
2121126212
92739476
1016713169
136106139108
10561557
1933219634
8321585217
1543815640
183244186245
436477
34623764
62506751
2211824120
5712058125
1601016312
1120914211
3224535246
1312615128
79368139
2817928186
1674417045
8724189243
195140198142
9718298187
646948
34463649
9112793130
5323356235
5014452147
9024493245
4614449146
61916393
7813680139
1536315665
3014031143
163185166186
1636716470
6223965241
1383314036
4115842163
150118153119
1243112733
91569458
88409043
1521018212
141228142232
63206522
1218412585
1358813890
16851986
150171152174
6010563107
7917882180
31383439
1562915931
87239124
177154179157
111201114203
4212045122
169229172230
8314585148
59376238
5817361174
9018094181
6216765168
9223394235
139110142112
583885
2915033151
1920722208
81788479
1044810750
10501063
141127145128
11204122
1109611398
195168198169
813845
146209148212
1092211125
1045310854
1202912331
162136163139
191111193113
744767
1523415536
153140154145
121201123203
42944795
122177125179
1858718692
146141148144
75977899
9316395165
155246156249
8420285206
118151121153
1419614398
38144016
1346113763
131238133240
1704817251
7522977231
2311325116
184178187180
134204137206
127188128191
117114120116
106100109102
81558656
1095211155
37834085
3016532167
117128120130
3019731200
1417217174
5412256125
17731805
143145145148
3818140184
1057911579
9019592198
40984599
4824753248
9216696167
7520178203
39944197
1642316924
117207121208
6819570198
118154122155
1122011423
7912782128
81578359
154100156102
116158119160
4214145143
167185169187
4219545197
1246612768
6520768209
139228140233
146146150147
130120133122
98213103214
1422518226
998110283
1157411876
63366837
1602016322
1901919321
180718111
1522915530
142167144170
90699371
54975799
4017545176
972610227
94169718
129200130204
1508415385
2212823132
18292031
131180134181
3420041200
4613849140
21742476
192120194123
68937095
126208128210
7920481207
1603816439
165122170123
8718488187
2611329115
5219354195
1718917590
7020571210
1137011672
1934619647
1568515986
6720271203
124171126174
135142138143
150136154137
8115383155
162149164151
77217923
5911961122
5519758199
1993819946
1322313724
4321744222
179123181126
1412214523
2220425206
164102165107
61616562
23482650
1810421106
7816881169
4121144213
1623920240
1614316346
103247106249
99163100168
125130127133
1601416316
156233158235
21292431
193230197231
5111754119
1035510856
7218275184
6015862160
115143117145
4112343126
1569715899
182143185144
7214074143
1536615668
9117393176
1352913830
158117160120
166128169130
185146189147
1596316464
1564416045
1644916751
715211153
1485515058
143178144182
42434445
93969697
1813518239
1348513687
153196155198
18121835
185163186166
13901891
108151110153
1563515837
113126115128
169200172202
1049310894
5313654139
1614716648
799881100
1734717550
1948219684
105239107241
101165104167
5720860209
9321396215
1871018913
1420217204
4112942132
1387314175
12301433
172249183249
21192520
6718270184
4612048123
96479850
1046610768
107186109188
103203106205
172220183220
51196123
4920652207
9513897141
118140123141
169244170247
128205133206
815611157
179171182172
820010203
35543855
332733
76797882
122101127102
146148150149
277309
8321286214
9224896249
158148161149
3312135124
1353813939
1523719238
721753
1066910971
100197102199
123134128135
50925393
69247226
120158123160
136117139119
11498117100
131182134183
1274113541
180196182199
46224824
1638616589
26112912
7381139
139139140144
139125144126
6023663238
119913101
6618869190
81888490
189921101
47825183
6317565177
1099311195
3624639248
3622939231
1474915250
7317176173
3013433135
174157176159
55285730
146226147230
142233144235
1867818980
170120173121
149239152241
37564058
89849285
1924119344
5012353125
412426
25852887
6211465115
81608462
158115163116
66596961
1892619427
185214188216
2623429236
4311346115
1679417096
1029510596
27273029
1113711240
1088810992
95749776
46604765
140162145163
54955796
1782418026
1261412816
1408314385
69336940
1473015031
2912532127
424915249
51725374
9316896170
127140130142
29863288
1201812221
9801003
3118733190
97193102194
9610498106
01111114
177117179120
770793
194196199197
7219972207
106195107199
124202126204
6224263245
6395
3010835109
38864188
9201123
7116578165
1369914399
1624016442
36733974
1556015862
1605516258
589358104
148153153154
7210474106
7117574177
1666216963
9581160
41904392
942973
2320725210
131149135150
1771818618
1644316646
92419543
2117528175
124211126213
190144192147
52128213
72917792
9520497207
128145131147
195200199201
195203196206
184246186248
90299231
1395814260
90208101208
26552857
8314388144
97289931
3517838180
174246177248
17361939
1114111442
140814210
1635616559
1911322114
161237163240
66216824
2716830169
1361713820
16541695
01744175
184155186157
79918293
8022683228
150150153152
106179109180
6622668228
1103212132
61799181
1359113992
194184197186
6023465235
1810921110
7612980130
1208812988
56875988
1731917820
7514077143
1146211664
121114123116
17571798
163146165148
104142107144
74607762
127232130234
173153176155
129135131138
77408141
691713
3211835120
100186102189
164134165137
161241166242
5822559230
01592161
148230151231
113107116109
5116154163
189106191108
177203180205
18421855
997910480
108164111165
154225156228
65776878
1974719949
98910210
93669568
1403814241
114247117249
85869386
120228123230
4316046162
1215712459
1456614867
5423056232
120147121150
69767178
173126178127
6621069211
187221196221
13101342
146224149225
186128188131
1158311786
178128181130
195215198217
2014223144
1723617339
99241101243
1623616537
144446
106117107122
1698417285
2012322125
995710259
180222183224
189159191161
2917931181
10121044
56545955
1665816761
37594160
7411879119
1111611418
176121178124
27442946
172216176217
80180
172144176145
113156115158
7413477136
6624068243
187201190203
6415567157
2310126103
0041
579881
1811918421
94869788
20112312
2024622249
62706473
61369137
175223178225
131104134106
195149197151
127169129172
50195719
697899
1286913171
62586560
1120213204
145109146112
115122120123
25782681
1466214963
118191120194
15951897
1759217893
151146155147
9713199133
89729174
78648166
121120124122
104244106246
9418296184
119243121245
8512688127
22532555
182124184126
148120151121
136191137195
58706172
92199521
8513988141
14521466
6822970232
5617558178
1731617618
694896
115152117155
169143171145
160133163135
1689017093
127712910
1136712367
59526353
6517070171
6519167193
15301562
61288131
8916491167
6611768120
01262129
1364013942
183231187232
4412547127
110186111190
032234
154106156109
1127311476
29563059
156126158128
6015663157
1104311245
1788118183
1478315583
776807
3714338146
2716529167
9211194113
144213146215
42614563
6820071201
1513115433
4711050112
1365113853
146127149129
78588060
163129165131
10891292
19972398
6320166202
12941326
131241133243
176141179143
111911411
1325013551
160102163104
16171919
81168221
1024512248
196170198172
1668416886
37894091
5010355104
196223199225
4221547216
44134615
108113111115
1619116294
8914291145
109242113243
774805
105225109226
289591
14201461
27243026
68867088
5715261153
171110172114
12511283
2815233153
132134134137
41114412
33323534
135115140116
4614950150
6815671158
9417197173
1211615118
1324713449
135218137220
1471914921
1942119525
8014582148
2619128193
1578016081
62328234
136123138126
1018013182
8021282215
1826218465
1978319986
1761217914
617010171
8913792139
6022565226
9111694118
184172186174
6021462216
116147119149
113129116131
105189109190
30423244
1666417065
1925919462
83528654
9614799148
145167148169
1216012462
2723129233
4016843169
1798618487
14731496
4620448206
137113142114
026130
016318
121123128123
113161124161
117107119110
178149179153
74197622
150217152219
2424727249
161120166121
4310946110
6715370154
6612168123
