1769
149211151213
125121128123
5522357225
115129119130
4311950119
8618990190
77308231
1624916750
170144173146
4812651128
812410126
173172174176
142166146167
165105172105
8821390215
24352538
152245157246
8721692217
6311765120
6417267174
139147141150
44694671
167223172224
3811441116
98151100154
148233150236
1793718239
1219712598
185122187124
6566611
80868487
152199156200
6318466186
154170157172
139100142101
192219195221
1023310535
162153165155
6786813
105125110126
31826184
147101150103
182159185161
1395714259
178106181108
153173158174
90399242
2113324135
74317633
6822070222
157115162116
1827018771
5616958171
19121935
10631085
2921232214
121140123143
189150191153
31583460
108239109242
151207153209
180201185202
1851618818
72647566
146146149148
2213825140
155247158249
160168168168
179149181152
127118130120
2814229147
194104197106
29833285
999410296
6520167203
185120188121
21074109
31516153
2618429186
182125184127
3113233135
670692
9120492208
120228123230
173917511
2211424117
4521750218
158150160152
9014292145
152159154161
147165149167
14321447
18401950
349736100
191131194133
405436
94559657
1059310895
98155100157
144208147210
530732
42398240
1236812669
1351813820
127101130103
7116873171
22642367
1812818330
1101611120
3017632179
8419888199
1891319116
10931115
6014162143
120131123133
96349837
02162218
2416427166
6311468115
124203127205
47904992
15501573
106193111194
1265512857
110168115169
8817589180
254456
142146145148
11891392
116166119168
1626516567
152211155213
616211163
112189115191
1681910
173244176246
141191144193
10932193
75428043
69377238
112175114177
142196143201
176135179137
1344813650
168123173124
139176141178
119246122248
1823121233
147194150196
101105103107
3817641178
327629
160215163217
153132156134
36503852
172219175220
6110363105
124208127209
8015283154
125167128169
54955698
113113115116
9020192203
118226119229
02243226
144118146120
1172412026
171147172151
7823481236
913812140
125198127201
1511716120
105177108178
1535515756
181144184146
173136175139
1531315416
1722420226
975510057
116134119136
177174181175
17742076
1841918721
3718040182
1417919180
1318413486
1892119223
68837384
1515518157
4212146122
18642166
8117784179
12341437
039341
8123183233
1462714829
1715920160
5424157243
194164195167
1261912921
59856188
3718540187
4823552236
1492815429
25202821
149139152141
4917652177
60156218
95979898
079381
117115120117
1387214174
6224264245
69927393
45404643
22172519
191157194159
131239133242
9011993121
1551315716
114230116233
153224156226
66456947
1602516526
102158107159
39874289
177156180158
101230103232
41006103
193134198135
5616357166
2118625187
1014212145
1788618188
9319096192
8916992171
71617463
161164163167
99178102180
1895119153
174182176184
1962219924
189227189236
65376839
7315174155
159228160232
4311548116
1454614748
43854886
9117593178
87709072
5613459136
4117944181
127185130187
54195720
3713640138
011114
1862518927
6912171123
1693317235
186210189211
2717130172
230432
25433643
3816541167
1155211854
127239130241
39414144
120126122129
100211103213
5412856130
7023874239
148226152227
192228193231
1288713189
4210345104
136118139119
519810199
178247181249
6013462136
2222324226
7419576198
9651267
94929993
172189174191
82989298
68657067
1676816970
4516749168
13821404
55805782
7918882190
98115101117
1897819280
1376914071
113107116109
130104133106
134105136108
8711894118
82498551
7121372216
90569259
1636016563
189199192201
191177194179
109712100
1635616757
6218765189
1763417936
2224325245
150131152134
6517668178
2423825242
4113645137
185143187145
1005010154
01363138
8391141
75617863
1204712349
104122106124
1142711629
40214124
141222142225
9699811
9319398194
1817918382
106130109131
169917211
61546259
113186115188
183108185110
113110115112
8781081
716748
1120013203
181140184142
136220139222
7824680249
15541856
50595361
135158138159
1918122183
159219162221
8312890128
192137197138
1261112813
7211275114
158201160203
127157129159
159222164223
192121194124
139246142248
3124635247
106182111183
182211185213
7322575228
1221413218
7020872210
109149112151
1905419256
1773118033
72209222
68306935
811211114
2722529228
34273729
134137138138
80178917
1168911792
56546055
126107129109
121221123223
45334934
1716119163
44824784
9099311
93519553
7223277233
7214575146
6522867231
1165611759
108136113137
3011932121
174231177233
134241137243
50325234
489953100
3615539156
109133112135
1183312135
2718232183
4114944151
1718617388
1729317496
164183167185
7618678189
5518558187
5323556237
84107
167217168220
145217147219
9623698238
1508315384
32463349
3620137205
186186189188
1710219104
1078211183
2810831110
965810059
12861318
18399186101
4517148173
36863889
74277630
166238169240
1111513117
135168138170
912012122
1142411626
9713999142
157224161225
47934996
6820470206
188101190104
74927993
134210139211
1391214115
1276612869
38254027
95619863
55705773
80558257
11101132
120156124157
4013041134
40174418
1488515187
131188136189
5518257184
118211123212
161128163130
5018553187
97129915
1172711929
19631995
1157411876
97208101209
73347536
59796380
6612368125
1724419247
820010202
128138130140
198118199122
4423047232
128129130131
5220054203
1323213534
152162154164
719510197
9413099131
1338913592
311343
49505252
174142176144
1367713979
2824130243
3013635137
9723998242
192168197169
6323765240
102209105210
1579316095
155148159149
1024113243
2120226203
1566415768
153135155137
110120113122
11841288
134120136123
82628564
5814460146
1355713859
2619128193
30923394
25402842
115246118248
1268013680
7912782129
9016592168
4617448176
3217133175
1217912187
39904193
137180140182
3823140233
1003010332
67517053
143144148145
1920724208
135130137133
0217
7013473135
02433245
180242183243
108224110227
075178
96279928
185169187171
144162147164
15321545
185196188198
1704917351
626649
1663316835
8216887169
1109411396
177168180170
1818720189
122158125160
195184197186
58696170
15331735
286317
8421986222
1865418956
59366437
5111654118
1741517717
188142190145
160173162176
363664
112207114209
8712990131
2682910
35313932
25922894
73857687
42005204
162113165114
7320375206
157192160194
9614598147
48535953
5123153234
8214685148
191142194144
164234166236
5719462195
1174311846
109247112249
1391914221
1082411126
105202107205
1087311374
309833100
118192121194
1269712998
155165157167
31436145
50795381
1724417545
640662
41267128
177184180186
184215187217
9324795249
1869219193
79108212
8311132
3523838239
77837986
2615530156
4124542249
7191021
111123114125
104119112119
197230199233
600614
72319233
0031
2021122213
1513418136
101147103149
1781518018
77177919
95649866
36803883
95220100221
5021353215
108228111230
162104164107
94129615
14111713
104132107134
54606360
3321635218
6096114
150116153118
9112293124
1216814170
6724568249
123245127246
1179512097
923912240
1725317456
1617816480
174126177128
2019622198
840881
169170173171
183163190163
3211843118
186118190119
196200199202
91609462
1765818059
112170113174
6819371195
88789179
1716418167
1598316185
7517677178
109153113154
150203155204
40314432
73197621
187132190134
1419614398
7318178182
1834118543
164190167192
1268113182
1088611187
99233101235
34503555
1705717558
118122123123
79478150
138131141133
8423587237
1624119243
5820661207
130175132178
103243106245
99240102241
50575358
157211162212
38284030
7816981170
61158118
6221665218
1616816470
259927101
132199135201
76787980
196238199240
1404214344
1977319975
9415497156
80848385
6621570216
1417317174
2215525156
1815718658
160125163127
44374739
42274430
3020333205
1713119133
1331213514
1624616548
101150105151
164186166189
1966019962
01144115
35363837
37964098
6022564226
85368937
1034510746
117140120142
21914193
7616780168
5413156133
1042310725
1883419335
29553257
01003102
1024710350
134192137194
1069010892
189179190183
146224150225
1136011367
106180110181
141179145180
3321935221
14871538
2024121245
174234178235
17771809
187245190247
99110106110
55775879
1837218674
164132166135
56325934
14421645
1403714339
5317655178
6723271233
185184190185
115225117228
6524167244
170102172104
114141116144
188241191243
6017361178
1127511478
185136186139
1112616127
1721619219
8320786208
1975219954
3612139122
6018163183
2618930190
159247162249
69597062
1359514096
17482050
3123634238
87558958
98439946
4111144112
756797
42334436
1527115375
1812618527
61196421
2816131163
166221171222
14941696
1696117263
111160114162
77228223
148244151246
2314126143
43524455
2522526229
46724875
103217105219
166246169248
5121754218
145106148108
154111157113
7813080132
104206106208
7823080233
1523715340
168201171203
1026910571
177194180196
3722340225
1555216053
152191154193
142135143140
98132103133
84528754
116110117114
138218141219
1031810422
17721804
166151168154
1627116573
059460
2720930211
579962100
21752676
1692317224
86678969
7821983220
136139138141
8420489205
4412747128
44784979
1119711399
1198012282
28443345
7421577217
190128193130
222723
1564515848
132214136215
72169219
2710338103
1778318085
16831715
56355837
106140108142
187199188204
1985519959
1732417626
144195146198
4322545228
1731217514
5811261114
8010982111
153180158181
5916864169
1491915122
8123981249
046348
1772418026
1508015382
103179105182
137112140114
195139197141
151121153124
1891719020
931972
5016353165
1935519558
153205157206
117157119159
01804181
184103185107
44614663
1510818110
1237812580
147111149114
815411156
180115185116
7218375185
2917331175
120136122139
182226185228
1010113103
32863588
1631716520
154207156209
1836718669
174167176169
10861118
916411166
39844286
55305831
1282613128
439740
104120109121
1623919240
1156711769
1163211735
8623288234
171238172242
8724790249
3014035141
152182154184
183130186132
7831085
133176135179
185146190147
15131526
123104126106
1368313985
52625465
77897991
62069208
8919590199
1465114756
2915231154
7817680178
1719419196
86218724
1573016430
972210024
1433314436
196164199165
1892819429
161197164199
43474649
121117124119
5112953131
186232188235
1834918650
1044910750
5317954184
20692371
47245025
3019931202
6010962111
61456447
154108157110
7815981161
775977
104104109105
145138148140
95679869
01162118
1416914371
1014613148
128132132133
93199521
1194212244
133228136230
6922372225
9810398110
133180136182
12471278
163206166208
173149175152
1218612587
153129156131
1124111542
31303432
137231139234
1522717230
73377442
1520917212
192234197235
9417795182
134124137125
69897689
150112153113
889991101
2717729179
147120150122
154118157120
1410116103
88479050
812910131
128141131142
85458748
31946196
176220179222
5520259203
100130105131
1028910591
74168116
1431614518
1461515116
71677867
1047310578
193244195247
32623564
90379538
71848189
1002510327
138228141230
7918181184
2223026231
17299177100
6217063175
1712619129
95118102118
33813583
1186712070
42404443
1548715590
85158816
3413237134
1284013043
2618729188
20232225
4316744170
10721374
5413957141
62836585
117137119139
2210827109
1819022191
110215113217
194248199249
110195121195
170183
1468214984
5314255145
3815741159
3010135102
196245199247
3611939120
110184115185
174187179188
127189130191
824815248
1287013073
155150155160
2816430166
4121843221
1336213564
197180199183
1479515196
189217191220
7219174194
191184194186
13281359
1031210416
128116132117
99810210
11251166
37484049
1862818830
1292913132
157235160236
1084211045
1431914621
5114252147
1013610637
90259326
1117513178
1765517957
568869
163179164182
1061110913
83808583
1483515336
189192193193
127164130166
117126119128
2013124132
128201131203
3621637221
104184107186
1391614118
091393
1043010632
4422145224
02274228
1447014672
1157011773
21872887
20422443
1288313086
3120933211
55616062
6914471146
90679468
1761117714
8424288243
145174147177
1406614368
8623888241
19601992
110211114212
196919911
4915751160
4613649138
3711748117
1706817270
9316496165
149915111
164204168205
23442745
43724574
1327413576
3814240144
3317735180
145237148238
3521137213
2522127224
173109176111
157196160198
92639466
35333835
17999182101
175193176198
43584660
16701702
112102116103
1415816160
1754017743
194151199152
142228145230
2513127134
34474247
69947296
189921101
93319633
1507815479
1402414227
21212422
88849186
1915421156
152237162237
1219312694
1586416166
1416116163
6419367194
128181132182
163226166228
17261758
179147184148
153238155241
4622850229
1611119113
84598960
7024075241
105239107242
1536915870
61726374
125170128171
1178311985
1637416577
79378139
6023762240
36603863
26533154
6010663108
155168159169
3524138243
63756676
131224132227
1575716058
1421815222
196115199117
13971428
9624699247
192232196233
69877288
237738
167108168111
8611989121
8520088201
13397135100
164216166219
1247212675
181229186230
1025110553
5221055212
18761898
4216444166
74587660
31143416
170140172143
98187101189
265467
8711589117
5712859131
90319233
7514277144
1623916442
157132159135
130107133109
86808883
114213123213
1674617048
1056210864
7715379155
1366313865
12281431
117103121104
19852486
7422977231
3624638249
1828618588
1352713631
169112171114
024326
140118142120
1685517156
158117163118
25262828
7424479245
59916193
105235107238
84298631
47574960
91759377
1733017632
135190139191
135244136247
90349236
125110128112
105246108248
159102161105
118144121146
8010282104
100246102249
2011123113
6010163102
70347236
147248151249
172221175222
131190134191
13791581
819986100
15599157102
80918293
177103180105
108174111176
96244101245
3018733188
112155115157
102187104189
2024623247
10751277
1619719198
127155132156
151194156195
141110144112
140194141198
3124234244
131204133207
33713476
196126199128
1661016813
586888
153125157126
8261128
4910451107
1864618947
130157132160
2221525216
1572115825
65336736
1218914191
156155159157
1711620118
195149199150
7515178152
4712349125
1912224123
14521467
1310415106
8017383175
74107712
1424514448
210233
17231925
6114663148
69197221
106170109172
8713689139
124195127197
94169718
1414816150
1099111193
9417497176
91809283
6124664248
140204143206
1212512427
8719290194
127124130126
1323715240
45284730
8417487176
1463115331
9519597197
918011183
119199122200
129111131114
5311056112
3621062
1122411328
108234111236
41375142
84778779
1716417665
152201157202
98499952
6216364166
134185137187
94899791
103174104178
1573715939
165147170148
119147121149
6413866140
131120133123
1488815190
99144101146
191145194147
9421897219
700751
149198151201
1001310116
124140127141
44764777
62039205
5316758168
130246132248
1244012742
555757
1598616387
137214140215
5610458106
1923421236
156228158231
194175199176
176146178149
7117674178
1666116864
998510089
2118825189
183231185233
62886590
996110065
1515219153
3722640228
1963719939
51825287
134239138240
9122094222
1551115812
4020142204
183245186247
4211347114
184242187244
8923292234
7913682138
1454114843
145134148136
8917292174
1668316885
179180182181
116188119189
4217445176
5923361235
1913119333
103910511
143141146143
100142103143
3716139164
8398611
1619216394
3022435225
112226114229
134102137104
44134714
1857518877
1591116212
131243133245
57415943
42214423
9010893110
2814830151
8313284137
1904519248
106195109197
32683470
39334135
170198173199
183179188180
193108196110
1112816129
197498
1449514698
2311824121
65936894
105162108164
1893019930
55836084
2411027111
7715677163
51798181
175223178225
4620949211
1703017232
1848118683
055158
186212189214
132166134169
127143132144
7212576126
85128814
183181184186
1378014082
151149154150
1687617277
4520147204
9617798179
193170194173
1411416116
1374213945
817011172
1784018241
87298932
1264912754
3413545135
18182120
6710269104
6824271244
34173918
193201195203
191180192183
140115143117
78648066
6610070101
1479715198
7010471109
127219130221
161191163194
11598116101
1395314156
1447314774
179176181179
9613699138
3821640219
39534255
1124511646
3014332146
1368913990
190208191213
3521439215
47614964
148161151162
3312134125
75987899
21553160
186218188221
4516048162
56855888
1661616818
1552215625
1115114153
177176178179
62916494
1216612271
32206221
150125152127
60986798
41565161
197187199190
3613939141
154138157140
1072111421
15311832
86348935
1524416247
3022635227
102200106201
1417515178
1376014062
177198179201
124128127130
4823150234
6316066161
1543715639
65196821
75448644
1135711559
189196192198
1252512728
547579
178126181128
66716973
92459547
181157189157
8915891160
1623518238
1779318094
101156104157
5422158222
64526655
60516353
4823950242
3823441236
21325134
92849486
2020925210
1021710224
126145127150
695708
91699471
4820151202
133223138224
132234135236
6613469135
449947101
128197129200
1571016510
1252912830
1757217874
1689517197
13661767
1902519327
1817421176
1024310744
6018462186
84268628
64776680
170243172246
01413142
27163018
32513354
1746017861
106214109216
2623428236
196173199174
48655167
37903893
4321145213
4021242215
2424627248
182103183107
998110282
194187196189
8318885190
1915723158
196155198158
7824080243
11781281
6012962131
5517958181
5016752169
1518917192
143160147161
7310175103
188122191123
14251627
441643
8714890149
143247146249
83918594
78958396
146230150231
12381441
171177173180
83558656
2514527148
129161131163
4210545107
134202137204
183111186113
150114155115
107200110201
51765478
99128103129
102233104235
67757077
9515997161
179223181226
172112175114
98217100219
1538515886
5124253245
7421877220
136177
147239149242
144240146243
12461548
4016044161
2810431106
62106314
74737974
5821761218
3817041171
163247165249
5113953141
26462849
1039610698
8941096
1128211485
1413021130
152243157244
284335
41564260
3116534166
135165138167
1796718269
852874
4820351205
6522568227
127183132184
3924640249
53145815
2021521219
422413224
1141411716
1789518098
139164141167
112204114206
7311676118
8119186192
101169104171
027229
1277413076
8321686218
1594516148
133195136197
181137184139
161195166196
23772679
129913012
8119383196
98174100176
1895719259
2517428176
108107111109
1157911684
2911132113
16261649
1937419676
6310965112
1529515597
1910721110
1305813161
101194105195
150135152138
15941616
27622964
1251412816
72227425
1874818950
9611198114
4917351175
9013592138
1126811471
2512727129
1149511697
633934
5719659198
6924774248
191101193104
104127107129
178189181191
7921682218
9522299223
190222195223
6516666169
190204
53105612
51297131
8613289134
61636366
139159142160
1694317145
35384039
170182173184
122102126103
139223140227
158165160167
177142179145
4818150183
176122181123
143814610
106211109213
9316696168
170235173237
187129189131
114152117153
59246425
4320044204
16571679
7719578200
146123150124
104211105214
62486550
1717417475
37403845
124172129173
195120197122
140151143153
6811973120
7810680108
22055206
2921932220
115206117209
27293031
1908119284
157207160208
1669316797
75687869
162123167124
115165126165
1283713937
140157145158
120111124112
6810569109
1127911481
4616349165
8512290123
95709872
86888891
14681770
93399641
989010191
150239152242
182189185191
30103311
102115105116
103153106155
11798120100
1654116743
42904393
177215180217
197100199103
110218113219
1267712979
1943119634
133209143209
993410038
48825084
4610248105
65867286
132170134173
145192149193
35653867
3420135205
138135141136
178202179205
39504152
1347013672
5710159103
8211284115
115160118162
96214103214
181169184171
191162196163
1433014532
7412384123
18112113
21893289
5118152184
136149138151
6822871230
26362839
1085011152
118207121208
154214155219
4510846112
1372513927
3514237144
7417077172
179244182246
1934619847
126160128163
19262427
1374613948
1015710459
182151185153
02192221
4615648159
1021411218
1316513467
109911410
4010944110
173240174243
1417914282
2320426206
193181196182
185140187142
596798
10796108101
42426244
117147118151
4420547207
188167191169
46874989
111158116159
8617787181
4711052111
01192122
112197114199
9018293183
169206172207
987310075
1634416845
9313695139
142217144219
136176138178
191118196119
191214196215
1868418986
