1784
2418127183
1412614329
150221153223
95929794
180132183134
7512478126
12011214
120186125187
191125194126
1382614029
13301344
35294030
198173199178
80878488
1859318994
1927019671
1424714748
127221129224
5614659148
7214375145
151224155225
1564616047
1353013832
1315915161
197179199182
153186155189
109197112199
178197179200
1246812770
51195421
83958598
60976299
1796418167
55285830
99240102241
1139011593
27462948
44194622
90829483
136112141113
143212146214
1227512577
59846285
4423946241
52457248
121423
124129127131
169243172245
154181157182
158220161222
161137163140
164239166242
2423526237
8823590237
7616477169
101186104187
12501272
1464114843
35973899
1221212415
135175138176
1808318285
436459
1926719469
5319655198
2414626148
5621159213
5116253164
5622859230
118195121197
1698917490
42099210
1141411716
4223344236
5522659227
6921871220
1818618488
119124122126
6714172142
1616321164
6319165194
157203160205
1092311126
1977119973
61256328
1593816141
4324346245
12931325
1632116622
01593161
107234109236
01085109
103910511
6312171121
1810120104
121101124103
9199311
80538355
131134134136
194167199168
144179146182
556758
4317146173
56105912
100125103127
17501801
16682169
16881739
109202113203
152233157234
8817390176
134201137202
120151121154
154226156228
12471288
6019562198
1288313085
126140128142
1435914760
5121255213
110219113221
7916082162
820871
3511837121
114202117204
75747875
5621459216
02403242
176177178179
1024410545
2122623228
1964619947
1949319994
56365838
10141045
178180181182
46384841
1216512270
7013073132
155218157221
8018983191
196146199148
1085211154
2215327154
183114186116
02173219
114223117224
6512668128
24902792
60536256
1513715439
150182152184
124197128198
1251212616
1134411845
3814942150
144159146161
01625163
95809783
1853818840
174153176156
96409942
1622316624
132154135156
140104143105
919994101
43144715
37854086
1343313735
8920392205
21133117
34603762
185181186185
3519837200
16301740
1538115683
115160119161
1745317954
41586161
90219224
3022331226
214417
720310205
1013713139
17472048
5522257224
133101135104
123168126170
151149154151
7216475166
02294230
8715690157
25102712
144222147224
191158196159
9015993161
1178611988
153124155127
9621199212
178120179123
1374413946
82908591
11561358
113198118199
1062310825
14099142101
134119136122
1856618868
1971319916
9514698148
178220181222
187159190161
114117116120
1683617138
36584059
169114174115
187233190235
159124164125
182196186197
17432144
727929
148132152133
130108133110
88959396
4115544156
164215167217
3820541207
2324126243
1484815051
132187135189
166143167148
1654417045
171148174150
100110103112
545596
719872103
9115795158
1466415165
5220254205
1156511867
1602616328
1515518157
8423987240
1491315016
1023610339
1208412188
104162109163
1801118115
168211171213
744767
1812518427
1647216773
3913442136
50495252
22162518
1439414696
80228523
8912692128
146199147203
149152150155
6214567146
107126109129
6224564248
142127144129
1694917849
77557957
1581116014
1494115442
1923319535
1611316415
155209158211
47734975
91129613
7123874240
1915421157
101223104224
132240135242
2424527247
6024163243
170155173156
160246165247
143148145150
1708017184
1036110663
1529416394
175214178215
7719282193
116128118130
81778578
167158169160
5715259154
1513515436
9312695129
766969
155212160213
1564315945
184158186161
1793818141
112170113175
9931098
128180136180
1113113133
1824221244
190154195155
9413397135
5317756179
36873889
02373239
453485
155101160102
79438245
86349035
1299613298
1415114453
1691217413
122206125208
8315186152
67467047
20192520
7522977231
162220164222
8224185243
105202106205
3814641148
1292813131
162149165151
1955219854
294335
1899219992
169120172122
1539516495
1123911640
57256027
41594362
45105011
1165411956
135123138125
1898919291
5919262194
42347236
1161711919
1854518747
168200171202
37174019
1886919171
1085711059
176133179135
5222654229
195217
124232127234
26222924
9222094222
9522099221
19492052
3812042121
999510198
1159411796
175118180119
8621389215
90759377
66666968
131191135192
1793318235
185162186166
180121183123
156112159114
711611117
1709317594
1186212064
84148517
73277530
144137147139
177171180173
50605362
3620340204
131190138190
108226112227
30863289
1022111224
103119106121
1611616418
1626516467
155150158152
116167118169
143132145135
19332136
157196158200
44274729
1718519188
084386
1615916660
6417067172
156134158136
62406541
157170160172
174184176186
983110133
4711049112
1005310156
5710262103
4619349195
43554558
02444245
99910211
20902392
1337413577
9523998240
78498051
102145105147
119139122141
194245199246
2724132242
1061810920
6417367175
84388740
9591659
5121452218
1787718278
151204153206
1711520117
136182138185
146120149121
1804718448
190100193102
177155180157
261762
151194153196
162199167200
33193522
5118153184
147157148161
191179193181
4722749230
1238912690
263664
71357338
113225116227
164188167190
920612208
4174210
182243184245
62229224
4210743112
2918032181
189219191221
180159183160
186155189157
176210180211
1145711560
176248181249
95879790
152160153163
193228196230
01283130
2410125104
1216514167
89799281
119142121145
101200105201
6818872189
1656916771
128116130119
2017023172
1835518656
7519576198
8423387234
1492115123
2816431166
1714617448
1244812749
137179140181
2720932210
13361539
111102120102
40354237
8319386195
7221975220
5217457175
1417317175
6721868221
1302513227
2912532127
6018063182
8721790219
2512128123
1607716378
13511553
1866318965
184145187147
27163018
43164518
3624539247
127242129244
112228115230
70237325
1243712739
106145109147
1869018892
138126141128
1120416205
7813982140
161214163217
9220695208
5312456126
1284613049
3811041112
132164
183204185206
7018373185
128157132158
6918071182
89289229
493515
6322966231
125118127121
142220147221
1288613188
3916542167
2120024202
2918432185
174109177111
101101105102
8221585217
4221844221
196225199226
51368138
9699811
450472
70567258
100190103192
1776118561
2893110
1735917661
118224120227
7418477186
1173911941
1517920180
5024553246
1195712358
6412468125
168218169221
193235195237
2815030152
5718259184
128123131124
62886491
8113584137
2918632187
140161143163
1869819199
02203221
3314834152
1215614158
72397442
39544255
149158152159
6420266204
197210199212
157173160175
118247121249
1759518096
1891819023
1737617579
1671817119
5517060171
82818582
104242105245
17521784
4516548167
110107119107
1567715979
187136188139
162178163182
1596116163
167152170154
7614786147
6020263203
9220994211
8016383165
163131166133
99143103144
1772217925
1593216234
942993
1328613489
1118511486
169198173199
107114110115
1614118144
1477115272
081383
67697071
1187712079
1344813650
159228164229
1407614378
79408242
30953596
136186138189
147238149240
70101
8420787209
6017563177
2917732179
186222190223
93219524
10631564
195164197166
36413844
161128164130
1983619941
65226724
1442314528
6316066161
118122121123
3917842180
124163128164
178103180106
153132156133
61439144
2021525216
23612663
9211694119
161163165164
146107148110
185173188175
132174134176
26382841
3617938181
31425145
9118894190
8819089195
185191188193
6521167214
52428243
056457
1625416555
149125152127
1361513818
2811731118
171130174131
2210824110
194127197129
180202182204
1535415556
171132173134
122245125247
6120964211
9319398194
18781909
34533556
190203195204
9522297224
6220566206
10741376
106140108142
2817331174
101122104124
3211435116
154119157121
21735174
1647816680
1562415827
193144195147
6417966182
187120190122
107219109221
16731704
8422288223
259827100
1307113373
229824100
3514837150
158460
7698
144177148178
1775518256
125111128113
1023110433
2723130232
82798580
149144152145
69347039
167232172233
7120474205
1975919961
109239111241
1417114473
40144216
116156119158
170142173144
1371314014
74667768
822854
190241
119198123199
1222812530
122217127218
078380
11344136
138200140202
679970101
146143148145
65756777
107120109123
149210151213
2013324134
1395914260
320351
1624521246
132198133203
4987100
530562
1479315095
57955998
2312426126
110108113110
120228123230
179164182166
174132175135
155138157140
33723379
163156165159
92399541
104213107214
2414128142
3821741219
4714052141
62119212
140146142148
1457514877
3124334245
128130130132
180140183142
17412541
147165150167
6411265116
48225124
120171123173
198239199244
1120114203
150174154175
192219194221
65817082
140165142168
6319568196
091492
188242191243
76207922
1953619738
15401572
1012810430
22232328
49415143
9518898190
18232125
126206128209
1076210964
4517447176
1489715199
1939019891
182179186180
506538
55165719
41774380
976810070
13501373
141200143202
1731417616
196223199224
17162018
117172119175
163184166186
7521278214
2616028163
8312985132
7413278133
1262812831
8616389165
4611353113
154108155111
119146122147
93299631
116194117197
1464414846
108215110218
146150150151
142140147141
122193125195
94879496
1787518276
8824091241
41444346
111244114246
114141117143
126185129187
1516115463
1183712338
170208173210
106107109109
1077411076
196107199108
8011683118
1127211573
164191165194
816311165
1974819951
16898170101
6817372174
8221185213
141187144189
4817451175
7921181214
4321246214
1158211883
1417617178
79898191
58906192
31966197
4222345225
123124125127
7978110
161174163177
5118555186
559656101
2323826239
5210255104
159195160198
1654916851
117136118140
1758817890
146232151233
2215127152
130243133245
1888219183
11951497
22432446
01523154
5611959121
1926219563
1122111523
1521618218
190183191188
1044910751
1017010671
740781
1578016081
1937619578
13141616
100211103212
171186173188
3617638178
63756479
4712150123
7212175123
161195166196
4721250214
22125214
174104177106
178223180226
183181184184
1189412096
3414136143
180110187110
104106105111
126195129196
1323013432
2818232183
5024753249
144162148163
191103193106
120159122162
192194194197
22362439
164233166236
171151174152
9018890195
190198191202
108158110161
1466614968
171123173125
149117152118
1492415126
2215524158
513815
224328
7416875171
2417127172
164168167170
128101132102
3418737189
112166115167
1749117992
79928294
1228512488
5924461246
21942397
4614348146
10721094
823211234
1810821109
1018910490
144105147106
7422177223
41646166
96169818
186199189201
9022895229
1275013051
84418743
161218166219
3615538157
28903092
190164192166
97171100173
87309032
7912782129
67526954
178206181207
1025910760
178194180196
1311016111
1072111122
161165164167
815010153
8823291234
71607461
157162160164
1055610758
162113167114
2920332205
1132811531
8211083115
1909419396
61738176
01021106
193172197173
36203922
173188
1077211173
1093111232
1787018172
174136176139
16299164101
196138199139
131231133234
63496651
126173129175
7823681238
4818250185
33463648
1914424145
5117659176
2416927170
1218814191
141193144195
153116155118
63966698
1681517117
146148150149
153169156171
6495
27583159
1029610697
1214615148
924012242
1218912292
7511577118
1121314215
61216423
184229187231
319832101
148129151131
912112123
1659516798
124154127155
188227190230
148146156146
142113144116
1448714689
3010431108
2316125163
6313268133
109228111231
1115811360
151140154141
128232130235
8811191113
2023423235
59676170
89369139
8310086102
196130198132
151191154193
152210154213
114153117154
133218134222
187117190119
1883219133
13421644
155193157195
111157114159
1874819050
4712450126
3324138242
55136014
1542815631
3013633137
12599128100
158155161157
8714392144
1314713350
3721440216
53315533
4311946121
01643165
1619819200
24812782
112137115139
3917644177
21882589
19321945
16261829
32403541
30203223
1717017471
134231137233
13121713
92879391
131149132153
8417287174
3713840139
9423698237
01451150
1812521127
99159102160
3713438137
1019513197
14831524
3911341116
9624597248
195247198249
571603
1079310897
160119163121
6311765120
103150105153
146174149176
1702117322
50635266
13811413
1942619727
53705573
188244190247
9520397205
45255026
047250
1374214243
17931825
1117811479
150185152188
3216333168
1498515287
575976
119127122129
2913831140
6410467106
165115167118
1884418947
1077911081
98135101137
4212545127
1624718249
64636665
67156818
89499251
988510088
132172137173
707738
4721750218
58176617
180136183138
159158162160
1224315245
1369313995
1217313178
174230176233
1815819162
12151266
3721040212
61736674
5413358134
93227100227
183198185200
9123693238
2813133132
99131102133
1396914470
163209168210
187196189198
1037210475
22132415
98199923
70517353
1332213624
89259227
7614179143
112111115113
4518648188
1042
1754218043
55575760
9622897231
1813623137
567599
128201131203
8314286144
168145171147
174221177223
6316868169
73547656
148190150193
1026510567
920933
2020322206
148195150198
5812563126
168170171172
195102198104
129198131200
159917102
6121362218
98244100246
1702917331
1223214235
137195140197
144136155136
879890100
39964199
181193184195
6922173222
1168912090
1717417475
161239163241
152242154245
7310074103
1020912212
128181136181
01792182
5117054172
6917572177
111176114178
5712760129
75237825
6023062232
170184173185
112128114130
106170109172
1016810669
93479848
2714832149
31946195
6010863110
129206134207
1658116784
8517586180
1626116762
72487450
6613469135
7812283123
824411246
139133142134
99117103118
1521318215
140215143216
519815198
1917419279
68767178
157141159143
1211616117
15331556
169225174226
4514946154
734937
5314058141
40204322
196188197193
121200123202
192210196211
72207521
96249926
24702871
191222195223
183125186127
138205140208
4024342246
170167173168
4612751128
105133107136
7314075142
8621190212
1884119043
2524829249
24232528
45524854
170218173220
165121168123
4113844140
9012992132
4019443196
143153145155
1648616688
187179190181
1523720238
98232102233
178174183175
1944919651
193119195121
195194198196
130184133186
1518815391
63526361
166163167167
523564
1714217443
107237111238
7617780178
151226153228
6924374244
1719717499
5321855221
78178019
02484249
403426
4016942172
1143211536
178242180244
3421036213
191244193246
177232182233
166226168229
86828983
1728017483
1536715768
5717859181
1612916431
1513417137
166244168247
7122974231
1286513167
127169130171
4920451207
877909
24582660
8420588206
1123614238
125221126225
87859087
157144158147
97101100102
1785718159
31363438
6023663238
102182106183
4914452146
3813141133
184207188208
1304213344
5122152224
93279628
7621879220
173161177162
1518716190
1396114462
72717573
18872587
149101154102
14431474
134228137230
179213181215
8610691107
71949197
1686117163
45924697
1724417745
1162811830
712734
1365713860
32633565
47675069
187184189186
165129170130
28653067
178183182184
5411759118
185100188102
18811984
6623267235
8714089142
108187113188
60436245
8124484246
1094511246
2011122114
196236199238
33423544
134137138138
3317935181
1115116152
143172145174
169227173228
41707172
94739577
1453314835
72123
186202189204
139138143139
137117139119
87698972
763965
3319235195
104195105199
1924619548
181217186218
47125213
1712220124
3712639129
8819691198
170106173108
02274228
56685870
41557157
1124211543
19262129
1426614568
5817261174
60476152
7814481146
74147716
7618778189
172211174214
116165120166
489851100
9612499126
1572916031
62676569
9511998121
1841718818
194179196181
161171166172
7319174194
192149193153
1375014051
37234025
82618463
161203163205
183235185238
130220132222
7523677239
1256512767
146217151218
4917650181
1002510327
152197153200
4714951150
1401514316
1531615618
173243176245
4220645208
47354937
92189520
1510518107
116178119180
113179115182
6316667167
145126147129
10381241
144247146249
3010933111
1717019172
98106103107
1222013224
139122141125
177143182144
144227148228
1787318174
1721717420
738941
181111186112
1456915070
118203121205
9841006
924712249
1412816131
1608516985
9620799209
112126115127
5619557200
175181177183
66346836
81658270
1347113773
3312236124
158233161235
151142154143
8011281115
3320335205
50455446
10351237
2320526207
1192812131
174197177199
1581916022
194232197234
1915219255
6218864190
138106140109
180145183147
156229158232
182246185248
110133112135
1529715599
1942919731
154129156131
30463249
157168162169
6211263116
1916419466
1058810790
36933896
21212522
1483615038
77527954
179176181179
116218121219
5011153112
2110323105
67487149
177115180117
42078208
1369613899
147183149185
33133416
1604216245
51565457
101207103210
1123922239
1122611727
1352513728
2815332154
29263427
167102170104
112236113241
110118113120
15781781
1685717158
9217795179
1027610578
4221547216
41244426
1715017651
49705272
106179111180
3317635178
176112178114
700731
9024998249
14711674
168190171191
53925495
177229182230
1651316716
1852218824
7913282134
127105130107
2012924130
7016173163
189921100
8714689149
87109012
1611916222
151121153123
1001410216
2518428186
116105121106
9523297235
192109197110
812410127
38324134
149224150228
579959101
52775578
4620648209
49565059
7217875180
5112954131
9514398145
8513488136
187112190114
196118199119
164181166183
5610458106
1966219964
8913391135
5011059110
1872518928
21475149
71157318
1318313485
6113862141
1037910680
6314765149
38264028
140169141173
164214171214
108150109155
1366113864
146111149113
22332435
1088211183
169229171231
173101176103
1807918182
107173109175
61079108
103238104241
156247159249
119130122132
35683870
50845585
94149915
32573559
1914919351
185189188190
174107177108
123157124162
4214645148
6410869109
9121293215
9519597197
1326713569
1315813261
126159128161
8017383175
1443614737
164138166140
183149186151
1403414336
1902419525
47644966
1466114963
1422217224
7021273214
3817341175
1827118573
179234182236
1713820139
116230119232
119149124150
1286813170
136100138103
139182140187
5910462106
1743717838
53635466
16531954
38774080
92849586
14881690
8710292103
1705217353
6919574196
100128103130
1937419875
125179127181
109140110144
1344113644
1536515866
8416385168
42334634
106195111196
29683170
12541555
67607061
1813219135
140130142132
1812218424
3610239104
106148107153
177216180218
1623816540
1553215833
192198195200
154196156198
170139173141
197157199159
111233121233
182176186177
32315233
4513647139
24932795
47965097
70277230
5814261143
4416847170
1798718090
167184169186
1752617828
160103163105
151164153167
777881
164145165148
2311426116
1094711249
1399614298
85508852
33333635
136234139236
100196101199
5423457236
3323636237
88409043
3420637208
131106134107
1031910422
123209125211
4515648158
124201126203
467499
77598060
1441714918
180237182239
158239160241
191226195227
181155184157
147229149231
43354636
21674169
5022551230
9511698118
44834984
109247117247
3019740197
1766617869
72747477
2720328208
1344513647
2217327174
3619037193
134208137210
1044110643
4010043102
1914019343
79468247
155148159149
723710239
128154131156
6715869161
86468849
166150170151
1712819131
8020983210
122121124123
1616521166
5110552109
84708673
4414253142
58936394
1574816050
154160156163
99188104189
126125129127
8415986162
8819991200
5520960210
4721948222
5814961151
619211193
8519887200
1019915200
1839518697
774796
104157107158
12961319
5913362135
20542356
2019722199
2212024123
097399
694897
141190144192
7823080233
174216176218
5414257143
32283431
186131190132
65376839
1229612498
1811918421
1477315274
147179148182
32245226
61776280
9311396115
107137110139
3517037173
1413014431
8923092231
146130147135
138142143143
107176110178
1326213564
111209114211
1553815840
9219594197
1733217833
73577659
1707717279
44764679
27783279
175149180150
1122411525
0556
1751817820
93679569
86658967
1725517557
8215593155
115144118146
2620029202
33833784
8421886221
190146192148
1501715220
3014635147
1506615268
138159143160
1320814212
132225133230
49475448
184120186123
149160151163
6513868140
160146161151
137162139164
169111172113
12531284
77937898
130223135224
137247141248
2512927132
124134126137
529854101
02312233
3619439196
151915212
7687811
1753417836
2416427166
7024175242
9024692248
159115162117
1339313596
51825683
11851207
41507152
17752276
79958297
1672216924
16331836
14211436
182219185220
7413476136
4419345198
9612799129
7417276175
1643516737
17642265
156201161202
192174193177
145192147195
5319955201
3822646226
8115783159
