1799
9751277
19531976
1894519148
170153173155
154170157172
4316646168
102810510
126111131112
184103185107
6922972231
1863618938
1563515837
151188152191
1279513097
1748417786
1688016983
7123875239
136183138185
2814931151
2216125163
107192110194
93279728
194211195214
138197141198
131108134110
1678917091
4613248134
4520447206
6496
1561715919
59116114
169104172106
46164721
2121923221
76538154
1562015922
19841998
1819320196
2917031172
1892919231
1803118233
9524698248
79308231
1863218835
149236151239
8514589146
1359614097
146194149196
103125106126
7419478195
1732417625
9117494176
199141199150
118139121141
3010531110
60926393
7219175192
160196161201
174111177113
159136162138
41744376
55795881
186147188150
100235104236
02402242
1595916162
1099711298
151163154164
1215912461
5010953110
1354713849
126171128173
121127123129
1345813760
1455914861
1575016151
1737417676
142149145151
42944595
196134199136
1956019862
179224182226
103146106148
126101129103
18271859
8941395
70487251
1094211045
1689217194
32803781
39944197
660863
185211188213
6711372114
1482115024
188102189105
1428614488
1769517898
1081310
55435944
4722550226
174187177188
4321045213
1521415516
2112824130
168142170145
1667616879
26632866
1301313314
151157154158
90179319
188169191171
83958697
127158129161
2317326175
157178159181
55775878
110160115161
2616029162
88408943
1433014632
3523940240
10561358
763776
61496650
1615019152
125187128189
4916852170
21285130
5618259184
196151199153
2212627127
2216425166
155197159198
258560
1902019322
185142187144
19442246
37734075
25742876
137178140179
1609616397
99159104160
56935995
183242186244
1296913370
1812518626
154216155220
6919370196
1255913060
56875988
155123156126
152118154120
2615329154
187818813
919512197
25102713
141239144241
8816591167
1106911371
1419817200
143113146115
178137181138
135230138232
143121146122
86228825
153228156230
3514137144
7814982150
6224465246
100196102199
132227137228
119154123155
146107148109
188133193134
18472050
3622840229
16811982
9214694148
3314536147
1658316785
15041536
6920970214
2823830240
70887489
78438145
21265127
16612162
126113128116
85598762
160202163204
108187111189
145105148106
01512154
2718730189
32783779
1221413217
121217124219
919692101
138201139204
41654467
121209123212
1575716158
1147311675
121149126150
172232181232
189819011
453754
2911732119
160158165159
76557857
154225156227
184218187220
117180120182
6515166155
5913062131
2621128213
15701772
5219355195
159131160135
88809181
1346113763
124194127195
168166173167
5022252224
2314124145
32383739
29623264
1315513358
188117190119
878919
1106611368
176223178225
162183165185
153231158232
1421514417
02432245
1510817110
185198193198
128150131152
5216354166
11334135
37294030
19471978
99183102185
176162178164
6119564197
197129199132
120198123200
9699911
104246105249
158243160245
144237148238
6614568148
5019652199
1864119142
1410117103
146149148152
177144181145
139231142232
1616916371
175215180216
22232524
3311935122
1268313383
1799418097
8913890141
1057610680
173127174130
193141195144
53295631
25182720
142159145161
181157183159
177192182193
30563258
106175109177
4015441158
105150108152
2018922191
23592661
171203175204
8520288203
8916891171
2024624247
197112199115
9520198202
96719973
61369138
129171137171
3615439156
193186194190
149102152104
166153169155
120229122231
133207136209
1685417156
108156112157
141177143179
128142130144
195137199138
1325013551
109140111142
785817
1277712979
184183186186
186124189126
7416275166
39794281
44164521
120171125172
4521750218
129106134107
142152145154
1029510596
14141716
1361913921
9216694169
8915790160
4511946123
9419097192
15321583
29783181
151161154162
64616862
118150120153
64896692
193177195179
1137711481
77178019
113120115122
1093011132
111102113104
175127177130
56675771
9417998180
1535015651
5011157111
6822670228
085387
2711331114
160238163239
1455414856
8531254
4418746189
162180164182
38644067
51465447
112185115186
41284429
8922991231
130205131210
149217150222
16851707
135145136148
184236186239
110152113154
180201185202
1078311085
492514
173107176109
1869018991
116911811
4320746209
1313913342
113156115158
455757
994510147
7813781139
7616580166
1459614798
1018010382
1737717679
1462614828
40984599
1693417435
147245150247
112194115196
02315232
1308413585
8815389156
190155195156
01731177
1407414376
53825883
2020623207
126178128181
170111170119
1476315065
47415142
1221115213
166227169229
4322446226
160231162234
6415667158
6622068222
6624569247
1782817933
113209118210
3814341144
5114355144
159247162248
51337135
32463449
222523
147112149115
8488611
27593061
6323466235
90749575
22352437
1069310995
150233153235
188112191113
109221111224
8611989121
185133187135
79958297
22972698
13931416
5516357166
132210135212
1199512098
8823292233
1642016622
146153149154
81468349
104242107243
327359
111143
131221134223
47775079
1568015982
9014992151
185100188101
6914776147
72537554
135167139168
194145197147
178186181188
64356638
78638165
18651887
1911519317
154240157241
99244101246
1114511348
7024374244
87698972
1109111393
9413597137
114152117153
1253012832
40504451
7618678189
31133415
1262013121
2616829169
13321833
7922881231
138194140196
1887319075
170125172127
2514327145
161816410
912512127
7119473196
1508215384
1369313994
20112213
172207175209
2311234112
109911111
1676117062
15271549
1918619388
154244157246
174137175140
620011201
33563558
34873789
1481611
151219152222
2913732139
192243194245
1118113183
01173119
127165130167
6412569126
98216102217
1711119114
98289933
02112214
7421044
219521
6711170112
138233140235
1947819779
155247158249
24142815
1182112122
128201130204
94299532
1861618819
5215755159
1168912190
68827184
5319655198
1815518457
2219925201
1321513616
22465247
1256812869
6514268144
8517488175
13341636
7021672218
136813811
163137165140
373675
5311256114
5111654118
136132141133
1069610898
31014104
4112946130
113229116230
8713090132
94429644
690721
183245186247
141229144230
6513869139
81908492
34633568
84418743
4312645128
22055207
8419687198
103183106185
98136102137
56845986
193232196234
9011892120
78408042
165151170152
113124115126
41697170
193183195185
149199151201
52975598
153179156181
120237122240
711210114
5518558187
109184111186
4413546138
1864318846
141206143209
183215186217
68157116
1068610988
1275012953
177194180196
3719639198
58565959
61948197
1831018612
1658616888
118245121246
165221168222
1235112653
3616338165
19801993
8914292144
1586716268
1795818260
9217097171
4211344116
14441845
113243116245
91829384
97165102166
174121177123
61869188
157215160216
2021425215
4217545177
815311155
136173139174
19001932
1118211484
7620178204
33323535
170173173174
10751106
15401591
176156177159
3313836139
1123011531
142144145146
1742617727
711510116
1423418235
9523699237
140171143173
3211435116
139134143135
118102122103
1636516568
4919351195
7422276224
1702117322
184187187189
197198199200
4122744229
189217191220
9614499145
6621168213
153174156176
188187190190
114127117129
116239119241
5224553249
43124614
94509652
18902192
169237172239
1201712220
74207622
1852118823
164147167149
6312966131
188192193193
3812640129
149142152144
112203113208
7611481115
78797983
1412417126
119130121133
119142121144
1463414935
117203119206
1243712739
132217133220
16497166100
9123794239
1512115423
1721719219
9510098102
3012533127
56535955
120190123192
187202188206
9421697218
186160188162
1708217383
3014532148
6510167103
16551678
43104811
13501455
18931925
1120313206
3820441205
130158131163
5610659108
1942219624
153142156144
135244137247
126168129170
160140162143
1827618578
157151159153
109125112127
1172711929
832855
164191167192
112199115201
5618166181
1467014971
79118213
1418014482
181106183108
52195422
1029110592
1203412237
94539854
67647066
9424397245
4220344206
49905292
451483
8271129
129132132134
8622188223
1234412845
1682317025
1337713679
86488851
192161194164
5511658118
1022210524
150204153206
2722329225
163111168112
37183921
114246117248
160156165157
1572615928
198173199178
85879088
10351237
130214133216
101104104106
2611528118
1816021162
86549155
1014811152
119195122197
134200137202
170217173219
1248912691
79268129
076179
122178125180
7614079141
1420516208
177245179248
487789
6624871249
96349936
113123120123
7988110
194104197106
196141198144
173195176197
151244153247
149149152151
7122073223
97599962
6723270234
1822818430
9721999222
103232106234
7622878231
1483615237
154165156167
75498050
9017793179
1725417457
91589659
144171147173
7920181204
134179136182
196223199225
395796
111240114242
111177114179
4713549138
122144125146
140155142158
72837584
1731417616
1664417045
1295513058
9518598187
9523397235
1231112612
183192187193
86378839
112138115140
150117157117
1763617839
1510518107
124104127106
1144211843
7722379226
927959
1311715119
1259212993
172100174103
1975019952
1858318984
1365413857
5722759230
178184182185
293325
1965319955
1758017782
1910321105
38544255
90349335
8217484176
147133150135
177207180209
8614889149
5210255104
1382214124
42324434
30823782
1498515187
5217354175
150152155153
128140132141
3615739159
174155175158
190226191229
7116075161
112165115167
1219217193
6022362225
4217147172
140174143176
133113136115
15461749
23702871
120117121120
157173160175
1471114914
135154138155
3610340104
179123181125
103215105218
1573815940
1074011141
43704771
1856518669
1713719140
1045710659
916414165
30853287
11099112101
109220116220
61666467
037140
146204149205
4712049123
149226153227
1818723188
71767677
4519348195
6613569137
1189112094
1024510447
5023051234
194171197173
5918562187
7012571129
2510427107
44684969
6411166114
137117140119
190145193147
101118103121
92249526
179220180223
14741497
49595261
2616327167
3718541186
1852918830
1208412386
1235712858
52625365
3617139173
1481515116
7011872120
122138126139
6124163243
119220122222
8420687208
193194195196
6516267165
7320475206
138105139108
111216118216
137213140215
1528515487
1817421176
10011033
434447
33103612
103153105156
112911411
2718130183
40574260
100153102155
1766918170
1834018543
1858118982
198160199165
4314545148
1445714858
1408314385
1755417856
162207165209
3117533178
5122653229
183160185162
8214484146
109110112112
145228146231
8523387236
239926100
40904392
1407214373
193235196237
157156159159
1672016922
7016273163
1064810751
1377113974
89229125
12381440
171244173246
162124164127
495526
3814041142
79558157
8924292243
29743176
164103168104
1065210854
160166163168
43564658
191248196249
36323835
122243124246
622825
16192120
5815060153
111168112172
18521884
12271528
1081211113
054355
161131163134
143214145216
1224212643
1627316475
161186164188
178156180159
1605416356
148187155187
166107169108
116135117140
5018452187
188194190197
51457148
157144160146
371872
103179105181
78468048
177105180107
35473849
40204322
46524855
1685217353
912813129
157230167230
9323198232
1623619237
2821039210
8619087193
1867018972
1641616917
32125214
15731775
8123684238
155199158201
76737974
123234124238
174243176245
1013913141
4511047112
100239103241
56965998
13241626
116166120167
7161018
171114173117
166115167119
152197154199
9621164
41897191
178189181190
107162110164
5712360125
8010981113
116171119173
174218177220
186106191107
138139140142
50625167
12871318
1103811339
132160133163
176178180179
7024673247
68117511
39324135
187181189184
7414277144
146183149185
6512168123
150185154186
41614463
180243182246
8222884230
82798481
196177197180
260301
1368913991
10461150
17141729
174146179147
31596160
2011423116
1302313225
1005010551
7713180133
3417939180
8319185194
182138184140
1077711079
9113293135
1364513946
177198179201
1777417977
1944819651
1135511458
81309135
3115535156
3124734249
6914172143
147100151101
4820451205
1194312046
9721473
164466
40164318
163232165235
1624116543
17311744
159205161208
1598816489
1714417545
25912893
527549
9116094162
87979098
5416857170
5220955211
31516153
1214915150
9422096223
23432645
106220108223
821011211
1976619969
9120094201
41677168
5318255184
2717530176
5613358135
155127158128
1422214523
5917562177
163189167190
167120170122
60866388
85908694
129135130139
32107211
103133107134
16682069
1126011561
14711503
129243132245
1673617038
197238199241
5814460146
44754678
1472515425
197242199245
2712030122
41414443
118127120129
191127193130
1372813931
42337235
120201121206
76597762
172214174216
6613369134
1456614967
117242120244
8212585127
189230199230
7816080162
77238025
3022832230
105138107141
6010763109
1338913592
3923041233
105202108204
66466948
12801312
23542557
135192137195
2120226203
189148194149
119186122188
1257312775
1908119283
8020985210
3510538107
5422756230
1923919939
13651667
127117130119
67716973
9241226
36633768
114102117104
114221116224
122140127141
81398540
3323636238
5720859210
13211523
32763777
126215129217
35363937
1304613447
2617028172
144217148218
1309013293
132224134226
185136187138
1796118462
82828484
184157186159
124134126137
1759117992
165129168131
1908919291
58896191
4221945221
3318935191
51008101
1013513137
25523053
1343313735
131200133203
7616077164
8520488205
9418198182
264287
34903692
1611416316
1109411396
4912450127
82158418
121174123177
7212577126
83678669
9019591199
109180112182
3794011
1924819351
88789179
8019082192
152130153133
146192149193
1467715178
6616070161
68777079
197231199234
1708417386
160149163150
7917481176
9714699148
187174191175
056357
1787918280
9117295173
154121158122
715611157
161145166146
61836485
978710089
3713842139
3022533227
1745117753
10599107102
1916219463
40364338
479950101
2013523137
165169169170
12271249
3817541177
116183119185
11161138
135203137206
47894893
9512698128
12561279
2215523158
192227195229
8116484166
1036610668
3711141112
8113286133
6831184
721812219
1856118664
147167149170
111105114107
1056310765
34183621
67496951
5620259204
8801182
196201199203
6114966150
139147141150
58686170
123240126242
1346514165
191215196216
1342213724
183120185123
132190134193
1412717129
103170106172
153102155105
49505153
121181123184
2318925192
4511648118
125107127109
21133116
7111574117
1516115265
140165142167
55395840
81508352
1316313365
4913353134
6411869119
67907291
123226125228
5424757249
99107102109
168188173189
1013810340
1724617548
3611737122
4319044195
165212166215
27432848
190182192185
1195612257
25472651
1305213254
1697517276
1614719149
161216163218
117175120177
155137158138
354386
7013571139
4617448177
116161119163
2216925171
7123376234
159111162112
5013751141
3021433215
56115813
1198212283
67856988
1077211173
14001432
181177182181
113180115183
2819430196
9617298174
1151811820
619821
120161123163
1626116662
146156148158
46835184
2814329148
145137147140
4110444106
7824181243
5810061102
137114142115
9651267
63456548
159126161129
95659867
1348613788
1808418485
692724
1341213713
2883110
6114562148
160181161184
152237155239
9523898240
109229112230
185139187141
59776179
155115165115
70727275
1818118482
84568957
81899089
63636665
186163188166
1458514887
70237225
1317113473
190243191247
1092211125
8623989241
98206101208
202234
156208158210
65176818
3315235154
124163126166
129181133182
1823718539
138224140227
28323233
2514028142
7697812
130100133102
5420656208
2621429215
5220155203
6018863190
163113168114
1478114984
173161175163
145102148104
5114753149
7014575146
170107172110
2012023121
116231119233
6420965212
55895792
3310936111
44894593
1497415276
1506615368
150168151173
100128103130
7118374185
116144118147
12411443
50125314
179240182242
1357113675
88629064
7218675188
126177
92409641
195238196242
125130130131
1388614188
12791581
21553158
20572259
5612958131
41365139
4322247223
48475049
3921741220
4010043102
55235726
2810332104
60446247
2110622109
8014081143
182134184137
1268012981
37124014
2621628218
5621159213
1603816340
9716198164
7416779168
75137716
4513948141
4121444216
19402143
124199134199
12598128100
178129181130
6622968231
13599138101
46654967
9113893140
138205140207
1534015444
111225115226
1261812919
240255
192167194170
529731
121151123153
2012329123
4811049113
141116146117
1191412116
1718020182
1128511786
1927519379
042344
061363
1552316223
1168712188
9891291
184194187196
5619660197
130913311
393794
99195110195
37903993
73257627
28953396
2022923230
156220157223
4614450145
113235118236
144133146136
85818783
162177164179
126218129220
188120190123
1924019443
4224145243
6023863240
195112196117
42864488
1302613229
4622749229
1319613498
195167197170
4824651247
104127107129
100142103144
11461168
1808918292
12291531
184190187191
141242144244
2315025152
192131196132
157164159167
1321713519
2722629229
1231712520
6114364144
135104137107
18999192101
4716549167
32543755
1641816919
1033610837
81938494
1105711259
6215965161
1012111124
140191142193
134186137188
82538555
150115154116
117105120107
98119100122
139208140212
153149156151
95129615
1713617537
630645
80858288
6723575235
8922092222
1924419545
70267229
18301881
1117213175
143141146143
147121150122
6212069120
66977397
171140172145
186152195152
143192145194
9012192124
32425245
8851187
1643416835
620610207
110173113175
4816150164
1624416546
102173105175
1529415399
186102187105
131196134197
149241152243
22902493
66697170
2013222134
5618959191
45864788
11231145
77898090
135135138137
165123167125
65516655
148136150138
3818241184
119156122158
1888519087
68910
122117125119
105104107107
8621188214
1210714110
1122111325
20812284
3911541117
959010091
1793718140
96149101150
2921140211
21292232
179139181141
108113110116
150195155196
29893390
1785118153
40684270
1316613468
1348113783
1657316875
1058110685
119145121148
1692917132
5722159223
16172118
1669216796
1451514717
48245126
5717860180
168175171177
1278813289
86469047
15599159100
1315913362
8516587168
1191112213
138186140188
52955596
4521448216
181218183220
120169125170
54145815
171131175132
1859718899
97204101205
3121733219
112187115189
43794681
36943897
6018263184
3624138244
3615041151
1691217413
4218344186
59806182
1252612827
29463049
1807518178
1412014621
8813390135
1457914684
2618429186
7815583156
1724519247
800822
50685172
75407643
689970101
819813199
116186118189
89289230
9218093183
173141176142
2220824210
8410086102
61606362
189202194203
181119182122
1219312494
151182156183
174217182217
162116165118
15441576
2110129101
1043310635
1515616159
19798199101
41146117
97419943
1819518497
138243140245
94699572
2417727179
79688270
179210181213
78597962
991710022
8218184183
112197116198
1307913281
1332813630
1447014573
1128711589
137112142113
71437445
3714540147
182188183191
1144411845
45324834
181100184102
8220184204
138145141146
1694917251
1364313944
172233179233
9321398214
1062210825
141212146213
17701792
6423865243
187127188131
9510698108
45404644
7623779239
1812819133
192217194220
162236166237
3811839122
99230102232
41925196
17401843
29373139
114205116208
99126102127
10401063
1215614158
3316335166
6718070182
1811818321
1429414497
55205722
44244726
1447414776
21722474
8721590217
4623851239
197919912
412443
5021953221
119247122249
1311216114
6819771198
1026210465
1605216353
34833785
168156173157
973810040
1571316015
31317132
01782180
106158108161
65807480
22622563
51995999
100145102148
1952919831
1025210553
65846688
19212422
7213775139
1426614469
91449249
122201124204
103136104139
170146173148
9121693219
1323113632
9413196134
156139159141
3310135104
1062610828
161120164122
144245145249
9013693137
52235426
100218102221
5522457226
38394042
8522988230
93659468
3520337206
106179108182
8823590238
6317566177
6519468196
2215325154
783824
1433914541
7611979121
1734917850
3124433246
182209183214
7914681148
1722020221
84468551
50275230
5220453207
172159175160
5711958122
8016784168
1076610969
3910540108
1417217174
160162163164
8211185113
182141184144
115141117143
31593461
14399146101
1125011552
1745817563
1031910621
982510127
142102143105
1271012912
30833384
2018323185
1793418236
43524555
9211223
1651316815
9419395196
1705817359
73487452
178148179151
2210224105
114154118155
5021453216
1708717588
1784118242
6610469106
6317368174
7919382195
172247174249
1101611121
47755176
180199184200
707748
1164911852
818310185
52845586
1867619177
36513953
1067010971
101222105223
7715780159
39844187
3524638248
1116613168
1388213985
