1793
98155101157
38364039
1661516917
1807418277
1326913471
6017564176
46355036
1169511996
3822941231
118150129150
2513027133
135199140200
105134110135
16211824
3018531188
46604862
178818011
1511815420
1323613439
88209121
174193178194
9241126
168166169169
4616748170
2711130113
173817610
172239174242
3115734159
8913692138
9518098182
101244104246
6518170182
6023864239
943966
5471048
8224784249
114149117151
6724371244
1469815199
31273528
916811171
1062810830
135246140247
4918652188
1593516436
1110714108
113102115105
80558257
1122111326
9420296204
108136110139
1820025200
8851186
1173412135
63116514
24752677
5119654198
164118169119
1253812840
149195154196
1322713529
1709217295
129193130198
8722092221
167171169174
1221212613
1173612038
117180120182
129231132232
081184
157146159148
70647366
123153125156
185100188101
8713298132
188153192154
1731417715
676708
1769117893
032235
185117187119
6616671167
41296132
124206126209
95649668
134204137206
1621216414
103241106243
7523077232
173133176135
1338413686
1149811799
8761177
3111034112
161120172120
5423357235
190155195156
7213975141
140148143150
1488515187
195151197154
1692217423
2813131133
8812393124
5912663127
101166104168
5824461246
146102151103
51345436
8711889121
19641995
146226148229
167186172187
11154117
51425444
133164136166
1446014961
2623528238
621017210
107223110225
19181949
155136158137
117130120132
157172160174
1947319774
8724790249
149107151110
171197174199
46425043
12901312
8124084242
17751880
1654416846
6424366246
4717150173
1045510756
407439
2716328167
108152110155
7624078243
7212876129
6820576205
19001932
162237165239
144186145191
193165197166
31623464
359660
1392514128
40844287
1177512076
1393614139
75457847
7613581136
51568157
152246156247
1888219184
194194197196
36254126
1956119962
146236149238
42214523
1344813749
1451415015
1889519396
1046510767
1346213565
171123173125
124107129108
1419817200
028330
4921452216
2712730128
132236135238
145217148219
1146411766
192126195128
4719550197
1409014392
1096911271
98217100220
143111146112
9119392198
1266612868
1689717199
9223395234
27743076
822111223
156133163133
84678769
189100191102
1115114153
113229116230
81918394
2923631238
180202
160198163200
1063410936
919512197
115208118209
1939019891
55965898
467498
177112180114
696899
1016810669
999210195
377399
134103136105
8823791239
187124190126
4417146173
60456247
6211765119
10141046
791010
126116128118
119205120209
6621970220
1676217762
53915792
6424066242
9510098102
2513626141
1786918171
175239178241
122116125117
36863988
76617863
9619698198
670692
182143186144
146247149249
8115282155
140235143237
1092411126
172136174139
122160124163
11621463
22292431
6316265164
159239161241
174187178188
79118412
103231106233
62269228
174149176151
901924
8213084133
2121724219
12851488
137212140214
8218083184
3511937121
166230168232
1849718799
7918281184
82958498
1755117853
7816280164
9971199
2612028122
175208177210
9514298143
152109155111
3520438206
99196101198
151123152127
192149197150
8323786239
150158152161
1293313235
637939
57226023
1079610998
156237161238
133222136224
42724376
2411427116
2993112
56715973
1225812461
128139132140
9011892121
1635416656
6314974149
197179199182
10761099
4024342245
167203171204
54575759
2315126153
3317236174
133108137109
54805782
1573116232
161147164149
153153156154
1362813831
49915292
52475548
44704971
7916681169
98241101243
108132111133
4623849240
185140187142
5511557118
61078109
1012210523
4315646157
153211156212
43974699
163181166182
194167196169
81468155
167223169226
5320158202
101190103193
95609663
12751577
14901600
135148139149
122145125147
8810290104
69877288
17931844
1809618398
1953619838
1486514969
4121245213
5414257143
3714340144
17812083
148146153147
4416545168
1464514748
4020143203
174145176148
1128511488
1675516958
1754017941
121198124200
1653316835
5914361146
5313356135
187144189147
13671399
1947719978
143141144144
99148103149
8815890160
551853
49865189
6224765249
32335236
233274
184145186148
185211187214
1352313825
121240126241
25292633
85418743
1763717939
179244184245
73857686
9314595147
189243192245
4615849160
6621571216
128143130146
1620519207
1244812749
1812521127
1214612348
1462914930
1397814280
146135148138
159247161249
2519228193
164110166113
1046310764
1465214855
63936894
6123264234
89589160
1142811730
8681369
16281831
6614668148
46235124
118183121185
6119964201
8314286144
8921592217
1409814399
43244429
5823460237
159169162171
1528515587
23572659
6815771159
23602761
10331236
490513
112171115173
4281528
4518648188
136173137176
8121084212
1222415225
1793518436
129153131156
1757217874
141213149213
7422776229
125163128164
1876618968
8578710
1896919171
111148113151
185131190132
1311213414
139175142177
2218227183
1418016182
185236186239
124179129180
6313466136
41367138
5620559207
145139147141
193209196211
178116181118
622824
1316613468
2611829119
170177173179
2510828110
114158116160
46254927
144167147169
52195520
62436744
167107168110
58416342
75367837
3616938171
51605462
4117643178
126249134249
959010091
1021210713
7024773249
9951396
151221153223
613914
159217161219
82738476
7818780190
17862088
189208196208
152130153134
173119176121
77747976
1661816821
152224155226
3020132203
5022153223
169231172233
3822440226
132183134185
4715650157
22563056
60666171
181138184140
124228127229
168197170200
1017911184
13299135101
107123109126
10831115
61638166
1155811860
71288131
1701117412
15799160100
147111149113
88229323
3112134123
1253312835
6214365145
125222130223
74577562
19572258
84328537
172174175176
1210415106
19501973
149193154194
191230194231
1268113182
52315632
1108011381
6111368113
1664916950
801823
1414814549
1745517756
1679316996
6515066155
165202176202
195212198213
939994102
65336835
1596516167
4922851231
77888189
5211955121
01633165
93249526
104145106148
138139142140
4719049193
41847186
135225140226
139191141193
7312274126
913911142
1566515867
716738
1381514316
62666568
84388740
51507153
10101120
67686970
190144192147
92759478
1892719129
18781909
148126150128
58816084
157233159235
154121157123
7311275114
7919184192
39424244
138202141204
3424337245
1672817428
150215152217
61736475
142130145132
91549357
107145109147
814846
6311465116
96969998
1854518847
66816884
4123549235
1295413256
109184111186
198158199163
3112636127
116210119212
5214057141
119152122154
130186133188
50375239
163228165231
12261248
1916419465
1244312745
118101121103
32473549
562603
758789
108156109161
167111169113
1667516976
3322937230
5822160223
180133183135
142127145129
19801993
1478815090
162246165247
2910632108
155191158193
2022722229
2224324245
121106123109
105103108105
125224130225
824716247
1513417136
1412317125
134118136120
49825184
11211522
8920591207
17962098
2018922191
185136187138
61988200
69327234
153205157206
1533015632
1123314235
36333935
129133132134
1852818829
10371069
8423487236
1098811091
1757917781
29503152
8011583117
117126119129
1495215155
5216855170
7611179113
1329513596
12591461
86348936
8322885230
8816991171
168127171129
6611869120
130206133208
18601891
1538115584
131106132111
721110213
29433245
8518687188
6016763169
8821184
31683470
2121423216
170154173156
126219129221
13501382
1409514297
15251727
494525
1903319335
916411167
1884119143
2615830159
38464049
193224
7011372115
73837684
140240143242
19599198101
172203176204
1712019122
78278129
5710760109
175206178207
22522455
192164199164
178223180225
52165518
1964019942
1064310945
4724550247
5816260165
1169311994
054257
146129150130
134161137163
108108111110
149189151192
41184320
1647516578
70121
21362437
2222224224
1895119154
110158113160
1152211824
143108145110
140215143216
147122149124
12781481
483785
1691817121
769981100
49125214
4219343197
168144171146
198217199222
162137164140
9410497106
1613820139
41934494
155169158171
197108199111
114185117186
899992100
18761917
126211128213
196115199116
104210107212
1521516218
8924191243
135136138138
1532515429
177119178123
1365013853
21262328
177158180160
45284731
1158611788
43404543
184171187173
88399240
1602216324
35363738
112187116188
98187103188
110125113127
180200183202
8521288214
171159176160
5011754118
1377313976
8216585167
187239190241
193223195225
192130195132
3224635248
78557958
4412147123
120157123159
1386014062
41654467
19752276
4617951180
148167151168
1734917650
9522097223
1845318755
163171166173
9223795238
140118142120
141194144196
2110724109
3211434117
7221777218
13721674
31193421
192202194204
143133145135
26832985
618811189
711410115
5922661229
191239193242
430732
164241167243
1023613237
4021743219
169229172230
184177187179
116100117105
188159191161
5011453116
50645366
119133120136
9315596157
1107511377
181180186181
195146198148
1714420146
91509353
210242
1422514428
145182148184
181247183249
5914961152
26202823
1811018312
165101168103
25352738
9216595167
5224755249
162235165236
95183100184
112207114209
171247174249
2522928230
5921662218
1583716338
103239107240
152118154120
1457015071
1743417538
363376
6914274143
103138106140
94509652
1252712829
18651968
135189138191
7118575186
175197178199
4778
1619416396
62696472
99231102232
1568515987
77678069
144148152148
15601762
109193112195
6820971210
19202222
25512655
156230161231
1156111863
24702772
138158141160
1182912330
171182174184
1028010483
184133187135
51736176
1044010642
4710450106
1736917379
117213119215
73877689
1312213423
27773079
1221412417
2716029162
163244167245
43324634
10131216
6218164183
48755376
119163120168
1717820180
8524092240
89629164
40104212
5920469204
1945219754
196130199132
2220525207
35663768
140233144234
146162149164
1661116912
110189113191
44744775
7524778249
79478249
126153128156
71127513
19312133
105179108181
3718140183
87938995
113193116195
21812483
4219845200
1877819279
389740100
156151159152
5524158243
8418987190
14501481
8416087162
1035110653
6218463187
988010082
82718572
133113136114
157149160150
6220864211
5212654128
1688417285
108120111122
165139168141
133137134140
2811631117
1611516417
3517537178
7220774209
1335013553
1720120203
4111943122
5821161213
189141192143
92609462
52855587
1162511927
140209143211
170168175169
1568115884
137194140196
5024052242
1616316464
182210184212
6214665148
5310456106
1075311254
156187159189
173114176116
185128188130
183197186199
94569757
5917961182
5618158184
1027710479
7517677178
33813683
170215172217
196118199120
9311196113
586608
128191133192
136177138179
109179112181
125134126137
5320954214
1723117533
8312685129
1358813890
167248170249
1448814690
21574159
182116190116
1506515268
8718492185
150230152232
108215110217
1836518667
52815384
700731
978710089
127158130160
1535015851
5022553227
110161113162
192191195193
140182141187
122148127149
3014133142
1204312345
7015073152
6118863190
131145134147
7012272124
131181134182
5512858130
8711589117
354656
913512137
1767617978
153172156174
120210131210
150203152206
114126116129
149137154138
87758978
924814249
1276212865
3313835140
7510178103
1437914681
01234124
65316832
1317813480
1619716499
185215193215
42077209
144222146225
65696674
9211595117
1432914532
142172145174
14651767
1094011142
96229101230
79358137
1847618977
168162170165
4324345245
1301913819
1093111232
195175199176
166227168229
473675
1581516018
195246198248
5112354125
1094611149
188168193169
1723417338
1244612847
3513138133
134196136198
164124167126
7810881110
170226174227
515619
106176108178
6010062103
4813450136
3413639137
6723969242
42154417
8114282145
1106511367
118225120227
2416927171
1416914471
5013158131
1498015282
4213644139
6523668238
161125163128
3414136144
40754178
27173218
1947119972
1518815490
42534455
1533715440
128200133201
155138157141
166246170247
78428144
120126122129
1642216724
8816391165
110243112245
108187111188
7815879161
1329113991
173243176245
1167711879
1705517356
5020952211
1532115523
3511337116
141178144180
5896111
1422014422
6913971141
1798618288
1882318926
1795118253
1271312916
1456214864
1058410787
9120293204
1804718448
5318255184
106164109166
95195103195
130217133219
3222333226
1209312196
259726102
102155104158
7512478126
63326435
112132114134
3620039202
1145011653
9412997131
126168128170
2919733198
114189116192
76107812
9614898150
5915563156
152112155114
83468647
1303013332
189170194171
35633865
126247131248
105124106127
1928119484
3111934120
9011192114
165143167146
3121333216
103223104228
1043110633
56766177
178233180235
104187107189
1367913882
1353813839
177215179217
150173
83278629
1407314276
179192181194
133228136230
1871718919
189133192135
66456947
193133197134
11371242
42624564
1317413377
112120115122
3613839140
146242151243
26952996
1017215173
142157145158
94109712
63206522
43844587
1901819419
125191127193
140127141132
2824430247
2821330216
1752217725
9224297243
9216895170
8612688129
149172152174
2311126113
8913392135
912812129
31398140
126126129127
1176712069
18521884
76308131
3215235154
51168118
72537555
1335413656
1573916140
1796318265
82308531
51305930
129116132117
146178
9412296124
28613063
1864818851
169228176228
1889719199
56856186
3922043221
330343
1439514597
126143127147
9421597217
7022172223
5117153174
76328133
1384614048
94719773
522553
1237012573
5722658229
1815418356
80388340
106234108236
126110127113
68377238
145220149221
87739274
4312446126
120122123124
693895
1003210334
170207173208
43445044
110168112170
25643065
191187193190
147185152186
4218243186
1266912971
6523170232
113118116119
756958
2912434125
1474915051
2417227174
40794381
8816192162
132154134156
178167181168
1813521137
47634965
712210124
3421536217
7316176163
137227141228
1455715657
1120213205
1111515116
184189189190
3293312
118146121148
188119189123
72487549
117247119249
813211134
11083110
127122129125
125128128130
178184181186
181159184161
3519840199
150239152241
93389541
1216415166
785807
165155168157
149177151179
161201164203
992610228
8919390198
4916851170
172111175113
97499852
5013854139
86248826
1416917171
9316296164
182188190188
130122133123
4720648209
162177165179
2620829210
110117112119
1563316134
12401281
1511315415
1116111462
625827
1872019022
19772278
4318946190
2214625148
177146179148
9591161
3615037154
9121294214
1371214014
188140199140
12551268
1791818219
45924696
3817640179
1820920212
112154117155
50215821
294326
67957495
1923523236
69487150
178220181222
159190161192
184149186151
1411214414
165209169210
1369513996
9217593180
7011672119
6713670138
8521788219
1214215143
111100112105
2915231154
98244100246
12444246
14741496
1815521157
139229140232
50685370
113180116182
3819541197
7720380205
173195178196
130227132229
73777579
85208723
21472349
1586216064
181113185114
1608416485
9118194183
124165127167
181147183150
103234105236
131141134143
1133111533
4210244104
1224112742
114167118168
137209139211
2816930172
1347313676
166184170185
138163141165
128233132234
7914684147
150197155198
2316126162
174103176105
3614539147
9614099141
1534115444
71147217
43354537
113152118153
7216975171
123138
77918093
17898179101
3116933171
2121024212
7620081201
150209155210
5318556187
180107182109
133126134129
101145103147
1756817771
89159217
92889689
1952719928
1632816630
150218152220
1134711848
6386610
1591916221
8514588147
47955097
184125186127
154815610
2912030123
1739417696
1222915231
9623398235
98105102106
100128103129
103237107238
184246185249
138106141108
144446
1012512127
820711209
124178131178
1710518110
1536515568
6810170104
100247102249
4419346196
101235102240
128237131238
1779417997
1069210795
5913062132
111163114165
1022711232
02073209
195170199171
993510237
17299177100
156155159157
158163161165
01772180
5223053233
31975200
31826183
20702372
1746617967
8120485205
7713979142
6621771218
291692
97167100169
3620739209
192136194138
1478315284
181170183172
2024121246
4217945181
4020443206
73807682
9711099113
1612516427
10911294
1049610698
102197106198
2424627248
51965498
5023453236
157142160144
5075111
810011102
2117823181
92115
32284231
1933619439
57266028
172126175127
39624164
10599106102
71809183
2213524137
1818320186
56175918
1635716658
5422257223
2114424145
4624148244
15351567
01571160
148140150143
76167918
182220184222
15422043
1217512477
1034410547
16901991
88659067
6518867190
196239199241
01903191
1178012081
62408242
1317516177
5721462215
62199220
150169153171
31593361
23202523
56545955
137185139188
1018810489
76538154
110143114144
13891591
187227188230
4515149152
181119184120
01345135
1124411546
91919492
9217195173
1219116192
6514068142
31796181
1324013542
2492711
134159137160
9614498146
1316115163
1392214124
125174127177
76778178
153236155239
62339235
9615198154
113175115178
1463114833
161121163124
113113116115
93969598
17701973
31403641
293594
8817491176
25492850
3212934132
1334513647
7123074232
6612269123
8121584217
140103143105
1134111643
1672917031
5713559138
181129184130
154142156144
1565216153
20732574
1611617119
155119159120
17531785
62049206
5615158154
186216187220
163204166205
7820683207
159917102
8111312
125198127201
5120453206
132168139168
81198819
4114148141
1441614718
6624769249
155176157179
137222142223
1148211684
6220265203
8019383195
3416835171
85849085
106245109247
34593761
9312098121
9624697249
6919871200
11431445
146173148175
4114244143
179197182199
63516653
110246113248
1292413226
107220110222
1064610849
7221275213
8122383225
1173912041
131913411
124181127183
1133411635
179228181230
58565959
8317785179
6616369165
1704917252
9112793130
6212467125
5114253144
1161711919
7322175223
82898590
1915519357
118104122105
161102163104
131211136212
1614616447
1178912190
1923022231
128175131177
6914671148
38803985
1649416696
3823241233
1873518938
160157163159
49555257
6113764139
153214156216
992910131
7822183222
1188612387
32195221
29223224
156196159198
130239133241
84778580
1792518227
9771009
151139154141
173107176109
2316326164
711910121
101117103120
137229138233
466536
103247105249
101218103221
164121167123
1345713759
9115592158
1473515036
118186123187
3423137233
3417937180
1836218564
7310776109
4421849219
1229312398
19232225
142159145161
3410537107
167147170149
107140112141
197121199124
170211171214
1701517217
120201124202
7988110
87869088
180242184243
100107105108
8121884220
15431574
7123474236
146106148108
86498852
1812818430
118140120142
13941416
5118152184
28923094
162164163168
54105712
153185157186
115142117144
1745817760
1949419796
1067410976
02342236
42594561
1828018581
1605616258
8617788179
1257613077
6913372135
56746075
117203122204
1318713489
123196128197
5110953112
27283029
103203106205
56145916
168123170126
87968899
1316313365
128913012
914712148
1265312856
18522154
50675767
8610989111
5617858180
39314232
15391741
1296313068
2312528126
1326013761
026527
52225424
110145113147
5616959171
195233199234
124140125144
94539755
8212084123
6321565218
1561915822
1412914232
1554116441
126202128205
70397242
5717259175
1922519427
2623129233
146198149200
192102193105
79458246
51196124
94309831
150121153122
3124333245
170109171113
19561978
128183131184
119111122113
1756317865
2522327225
7817479178
133233135235
7541055
1877218875
105184108186
1866118764
1616317166
1033510537
127239129242
3419537197
66486850
149239
1987319976
158175161177
9410797109
1926019463
106182111183
8720890210
1294513247
151248156249
861876
2510427107
4816150163
6313066132
165115168117
3810640108
1437314774
118143120145
154227156229
116236121237
2417529176
34763977
1807818182
633934
1927019970
2815032151
135154140155
1197012074
1783118133
125235127238
309832101
237538
1308313286
1710322104
479850100
24252528
129163132165
1310916111
69807084
919810203
1726317465
7324075243
55605762
127114132115
146189148192
1816521166
9619998201
183105187106
1853018832
13321634
1819823199
1018410485
57935995
3721340215
6820771208
1218013184
113169118170
3917143172
7401042
71567358
1814919152
1561115912
02375238
3013633137
169107172108
116243121244
73507652
23172619
91289330
45514754
47904894
99233102234
1954719849
141135142138
121140123143
1163111933
111234113237
1514615251
101208103210
182155184158
177115188115
1676816971
83558558
1868518887
462485
1434214644
26862889
179119180123
11761207
1651316914
92589759
