1777
10281429
135222136226
109142112144
1883618941
1354013842
12611562
5021953221
6416667167
5611861119
140109143111
5315956160
1847718679
420722
100166102168
36313932
921114212
5310455107
164223166225
38854386
144105147106
142152145153
31555157
1877318975
24252529
179149180154
136234137237
2212532125
170204174205
56196020
8511488116
180201183202
53985699
135151138153
103115106117
46934896
189244191247
41414443
1365713760
7012772129
47314934
185142187145
8823390236
3415839159
107122112123
6112162126
6323164234
74737774
1492115223
189203194204
176176179177
533835
1721317416
128162129165
2819431196
4715150153
4513648138
142146144148
53865589
124139127140
129122132124
147211148214
23522555
11198113100
1213614138
123231126233
913112133
5314356145
157235160237
19698198101
55645866
175138178139
103109106110
1134711848
186123188126
36803982
01082110
1148211685
140229143231
1451114614
144240145244
9417999180
8615588157
19431994
105106107108
2422227223
7118274184
137198140200
8617788180
12771328
1727617578
70140
182126185128
109197112199
7124575246
1524718249
1526515368
1818018482
158125161127
11201161
1962319925
2815230155
196241199243
1059010892
197104199107
2423727238
188240189243
36503852
18261848
112124114126
182104184106
7424777249
41846186
1196112163
121170123173
110119113121
80528254
137238140239
1424416246
46854887
1024713249
1768817890
119198122200
1685917260
113201116203
43894592
1021411217
6317166173
173119175122
127201130203
193193195196
33103612
62886590
1632816630
396419
5924061242
2618427188
111102114103
1317220172
7120473206
1861618818
8418687188
4119944201
01591162
165243167246
690713
171139174141
172149175151
183199186200
144204146206
8318187182
102138105140
7011672119
6322568226
1484015142
183119184123
84958698
993010232
196207199208
6515169152
1672817030
196237199238
100112103114
183189185191
26132815
5812160123
181157184159
87309031
119193121196
51915393
1625416456
125240127243
197719910
1704717548
31433445
148127151129
8217685178
1014012143
93499552
77387941
01764177
164164168165
1056210864
140233142236
107171110173
1388014182
1848318785
121225123228
27213023
153179156181
191184194185
33943696
1251313014
128245131247
5310156103
1856118664
3616737170
150227153228
6521267214
92229723
179207181210
190170192172
7417377174
6716170163
8911990124
171194173196
55615863
119122123123
163146166148
2721029213
101123106124
88749176
12631565
1147011772
85728873
5522258224
196239199240
3517638178
18512252
8018182184
7021273214
800813
1304813350
86378839
45684771
49915094
3622540226
1986019965
151195154197
1292913430
1221920219
5910564106
96419844
3524038241
142122144124
1441514617
68357136
1454315044
2513628138
3011834119
157197160198
195108199109
9517496177
138176139179
1349513996
62279229
192215194218
170239172241
99214102216
1745517558
1182912032
1208412585
176102178105
9312995132
7421477216
9211195113
2213124134
134154138155
7611177114
6518367185
7622379225
120216123217
4216744169
913411137
132141135142
154145157147
5016152163
2522828230
7411879119
62476449
1851018812
91839385
6015862160
171221173223
19962298
189198190202
126147130148
723745
6720268205
160214164215
7219375195
01671171
337369
5012953131
18421883
27583259
195203196206
4316245164
1735917860
1403014232
1313913440
8701073
173111176113
107210110212
6821671218
6523370234
187149189151
1513918141
68767079
3391139
91259427
1746917671
50615462
1293113432
166114169115
1495915261
73597661
9214594148
9123895239
140225143227
35403842
124192126195
5516958170
5314756149
95719872
177206178211
147189150191
18601901
1404314147
1520918211
239926101
6020562207
25752778
171197174198
1913121133
58776179
91449249
152102154105
1697817181
153155156157
125151128152
38174119
154125157127
1220313206
103247106249
78488149
72317334
1023813240
175128178130
812211124
173130174133
186221189223
130136132138
105180107182
1515718159
125161133161
127234130236
92129514
133120136122
125110128112
2011123113
1361913921
026130
1312213324
80848386
125175128177
164139167140
1256012862
983510137
1827218574
1920722208
2113524137
586789
4012841133
09410
61656467
143134145137
31658166
4219445195
93609761
189123194124
1798918290
164233166235
1358613888
162172165174
1194812748
126211128213
155185157187
1951319815
1084011241
123202126204
1455314855
93869589
8315485157
1822718429
161203164205
7518177184
4524648248
127216130218
8716990171
8421086213
185245186249
54915792
7219675198
104160106163
197232199234
18302033
168152171154
1611416415
4919250197
9613099132
177225180227
53135615
148199150201
1798618487
16431748
9421496216
1156211863
3922242224
1331313515
2114726148
824311245
1106811369
145164146167
2220925211
117107119109
124153126155
1711519118
9318494188
1654316845
170119172122
124912910
140207143209
6914471147
61078109
134238136241
1161211815
9751007
35633865
01133114
173232180232
1873118934
1585216154
37923995
2324526247
1215015152
115221118222
129168130172
1714917252
1425514457
76958196
3813541136
1811318415
75507753
8621489216
19592261
161194162197
3524738249
6614271143
154119157121
78717974
151199155200
131191134193
3710340105
3514037143
44314634
9816199166
129104132106
1903219333
1868818990
4714749150
11264127
147119149122
65126714
7614079142
88909192
122218125220
53635468
1909419396
256558
40324333
7311676117
4618349185
149216151219
2813131133
110176115177
3811041112
1317316175
1472515026
2221727218
1717421175
942974
40574260
114165117167
6917671178
150111153113
188132191134
1516915371
179123181125
1079611098
8820889213
14031425
1277513077
1815318355
067369
83238625
1616918171
131145134147
5524758249
116160119161
144247147249
1418616189
77188020
161154166155
177193188193
41224423
6510768109
1554015645
176216179218
71839186
1802418326
138173140175
190215191220
1643916840
1044710649
5085310
184239185242
9514298144
5013252135
191102193104
6818270184
175134178135
10141217
153158155160
1954819850
124209128210
1851919619
99127101129
5220854211
1161811920
8410487106
3021133213
1537215477
4678
96489850
183197186198
86808882
168216173217
4918752189
919894100
5519858200
15281559
8531055
134227139228
9222094222
823012231
16561679
8818192182
131174134175
4822649230
197130199133
184235185238
192131194133
1158711889
162120167121
1303313137
82458350
1241112812
2514327146
1977219974
7312776129
124129125132
9420196203
14098142100
1521315515
1119411397
591010
616111162
99226101229
115195118197
128141131142
4822351225
29563257
2214324146
8613491135
151122154124
1892619227
1147311676
37124014
159221162222
4114944151
1916719469
39624962
4212145123
26393140
176156179158
52325434
121141122144
10871290
1402314226
168100173101
123187126189
1116511367
23592661
116187118190
28723075
1387014172
69327134
187137189139
150120153121
168137170140
151209152213
51187121
146230148232
174102175106
7822980231
3222435225
4310646108
1748017782
1535015652
140203143204
4615449156
2811631117
1592216125
87108913
3317438175
165185169186
2018923191
27683070
146150148153
1091311215
8322686228
7514377145
1751318014
115126117128
1417514378
123213125215
98159101160
8617488176
146158148160
155132156136
46374740
177194180196
125196127199
1816318464
146233149234
5018355184
2920332205
7917781180
7513778139
19181969
16581861
14951797
8822991231
117105121106
41105113
128129131131
02283229
42734377
178219182220
9411997121
104212106214
196137199139
189154192155
9623699238
5313455137
146136149138
1312713528
74157717
157154160156
106244109246
154226157228
13201522
144190146193
5222254225
74227624
167109170111
1638016682
168242169246
65476849
134195137197
3213034132
31213423
159173161175
94819684
96111106111
1427914482
1593316235
5018553186
151140154142
189819012
2617731178
142115144117
173107176109
12441546
169199171202
1122111423
5014252145
150143153144
966810169
26283029
1317616177
02042207
1011210314
4119643198
124123126126
4314245144
1222015222
178247180249
1432314625
1866718869
180618111
7624479245
1072110924
5219454196
6815771159
91649465
181194182198
48715074
1323116233
70267129
2412928130
18442047
83449044
213515
149157152159
114106116109
3515438155
44744775
39274627
4619148193
1065811059
8212685128
156193159194
13461369
3610039102
162175165177
138126141128
30353138
8614589147
5922163222
142187144189
5714659149
19902491
173123175126
25912893
142126143129
1453114733
100212103213
714917
1423718238
9420796209
69887489
5913062132
1211112314
66716973
019321
121242124243
62836485
2418927191
193141195143
6710070102
1603916341
64446746
1466514867
17362137
4013743139
1772617830
4220447205
42419242
36474447
4017942182
2620729209
1446514570
1182112122
182139184142
1362714028
18001822
165226168228
1574015845
01363138
174230177231
87839085
1589716398
106221109222
116418
1184011945
95359737
7120275203
107191110193
4016641171
4524046244
55545955
1133711639
31883589
4212843131
131125134127
9318195183
10899110102
186215189217
61568159
6613968141
12251256
1922019423
13661668
127231129233
185136186139
41358136
8110183104
127192130193
101145103148
9221795219
58256625
1036910671
4721552216
176149178152
7116073163
1438714689
430732
2513127133
147114150115
190168193169
5917662178
5422058221
31643465
6214264145
7521778219
61816482
1677417076
161102163105
184152189153
7517778178
101235103237
372413
106184108186
024525
1456014862
99230100235
1938119782
123163125165
3520739208
9421096212
1532215623
25832687
138242143243
1041510618
106118109120
92719474
136129139131
5617558178
4616448166
168116170118
130240133242
1411319114
105148107151
188102190104
145131148133
120114123116
053158
185146187148
6613168133
134178135183
3521438216
4320846210
82158517
4317946181
1576315966
1578016281
7422976231
2721430216
2119823200
169103171106
9413697138
6923071232
1243312735
147245151246
1191212017
6118864190
102187104189
6524368245
49895290
130913310
192188197189
1782018121
5322856230
4717450176
62239225
119220121223
119202122204
4694910
1976919971
2411829119
153138158139
20732276
194167199168
31253426
129107132109
180174181179
1306313365
1326613568
8613989141
6512368125
99239102241
5019953201
121205125206
180188189188
9217394176
7019972201
171116173118
1907919282
5918162182
195247198249
141212146213
779778100
168135171136
138146141147
1863618740
8111283114
149237154238
168128170131
1419019191
112189115191
82648367
51879188
8810291104
43934595
6621567218
16861718
183160185162
111149114151
199140199150
7817581176
129176134177
1922422225
1668916892
1838918591
118191123192
193199196200
3716340164
52006203
1810620109
127189130191
5017959179
8315086151
190188191193
8318988190
18031835
9215694158
38374039
194190197192
494526
196127199129
110163113165
1534015444
48505152
1175311858
70127513
1225212554
185103187106
5018053181
50155217
190141192143
3413736139
1798318285
173233176235
46634965
122145126146
137138142139
6010263104
6122562229
107158108162
1019110493
118126120129
154152159153
149192151194
44484949
720510207
131232133234
103238104243
138221141223
124226127227
175203177205
192207195208
187245188248
3917344174
113127114130
8115182154
5917261175
3518838190
9113693139
81218622
195216199217
35224023
157148158151
116911911
8423387235
11301431
5821360216
104112107114
158176161178
99116102118
3921742219
109209116209
9591162
1528115583
1512415326
4911151114
165112170113
6411266114
3921242214
5420157203
2916731169
6211865120
17261748
01284129
5216954171
1655816761
8022383225
58716372
1319013492
7920280205
32393442
2517029171
47814884
158231160234
100169103171
516619
3616539166
1779518096
188119189122
170218173220
16541956
148182151183
3713739139
1385714159
1614816450
106166109168
7214274145
105189108190
8915791159
1358213685
163219165222
15498156100
48665168
2517226176
4519848200
7022173223
103176108177
96119813
051452
8323685238
163195166196
1132411527
95148100149
10001023
128119131121
986510166
8221083214
1713620138
8123582240
7123374235
18697188100
235437
56566157
103196106198
7824681248
9313396135
194201199202
1265012952
52399240
77238224
15141555
104125108126
1877818981
45434944
9112093123
124221126223
1347413775
54805782
1964119942
636938
882913
1404814349
272286
172201177202
4310345105
31515153
79318332
915510159
172136174138
4410046102
01413143
181184184185
1277013072
93339834
11321164
2320125203
7416477166
1852218824
128132132133
114134117135
3316535167
181144184145
1952819830
6296411
3717939182
1767518076
1728817589
910511107
122104125106
5223556236
3823441236
886989
87869287
1178411986
62216523
87219023
60316532
161164163167
99137101140
6120263204
155122158124
37784578
8401142
1219312594
945968
8013283134
559861
1585516157
6223965241
1027810579
5714160143
7420476206
5519457197
144128147129
6913971141
1679817199
13731675
14571560
3820541206
125178127181
190150192153
182230187231
1483615039
5841085
10741125
81798481
9116895169
157179161180
6561556
178201179205
139140140145
14901541
73757578
8711291113
132128135130
176184180185
1967719978
1843218635
1911219413
9324297243
72217324
133235135237
6618668189
93299532
32046205
150130153132
191125196126
7217574178
1526315664
6514468145
48225024
9621798219
16131645
144215148216
3310736109
127219128223
6611969121
190221193223
1718019183
1495315753
6313666138
70847287
060262
23172619
1921121213
8418387185
5014752150
9616899170
138186141188
5816362164
7817081172
1542616126
156199160200
114198117200
1594516247
44114713
8818690188
1189212095
50115214
4516747170
26523053
155238156242
150151153153
152185154187
136101139102
20212323
714910150
5511163111
155101156105
1647216973
1389214194
8824092241
4024643248
127126130128
1217912481
1578315986
86408743
1423914541
141173149173
44374540
1385014052
190194192197
9118592189
9210394106
8018782190
01113112
150118153119
112235114238
7919382194
92759776
4315545158
40934295
55325734
5517158172
6823570238
98119100121
1595816161
111178115179
4312546127
8181120
2913631138
18441885
23742478
77608061
19692271
6214665147
4923152233
1023510537
134187137189
21604162
104208105211
122148124150
8021983221
1475615058
143141147142
41378138
1926319466
1794718248
01502153
7822680228
615211153
692994
1431814620
987310175
31396140
84658667
1285413156
19182219
102199105200
73397640
121111124113
6213965141
1646316864
3915642157
130157138157
8624790248
4116242165
1582716228
5910762109
5710159103
25942995
1204012145
9117094172
1162611828
167146170148
2712029123
160168161172
1846718571
1873519435
1017112173
132211134214
134138136140
3017033172
1851318815
73847686
253555
58325935
115168118170
195231196234
127237132238
1545415756
1368913991
20142117
3413537136
1616317166
72527455
1168012081
95910010
9951297
7223974242
1769717998
720742
4513948141
8498611
681983
44284730
139191140194
1656916771
138115141117
162159165161
6924470249
150225153226
8422288223
117209120211
48985299
180204182206
1573315837
1111016111
126205127208
78888389
1481615118
161106164107
1467314776
141177144179
193155195158
4211247113
73417642
66697170
629865100
170123172126
4310945111
1406814369
195131196136
163207166209
5610458106
15121553
137162139165
122182125184
01783180
12271268
84468748
3521738219
182243184245
37794579
125143130144
138211140214
39674170
2810031102
14999152101
7417077172
162240165242
1268112983
84338636
128194131196
1265712959
71567358
560611
1796918172
6912272124
47255027
1691817618
111106113108
6920774208
101190104192
983810040
169213171215
78358037
6523168232
194120197122
100247102249
128102132103
181247184249
85889089
1823818540
59266228
2011423116
8612888130
5812761129
133184136186
5416357164
74187621
10511073
17661871
4320647207
12471549
184171186174
1696117362
167178172179
1328713489
1325113552
1408614289
2811129115
1173712039
56465848
134115137116
1246612867
985810060
1134011543
4717949182
1387314076
184149186151
182209184212
6413469135
038240
3523738239
5723259235
1122911730
4820451206
142182143186
4217044172
5412357124
1794018142
5212055122
122102127103
5721060212
157104160105
5613458137
196156199158
127116130118
185175187178
1498315186
62416543
59686270
8916397163
33573559
133135136137
2514028142
083188
12301281
1787718080
152220155222
1694217343
1075311653
1043210734
1021910521
53705672
29923393
181146184147
7113473136
141103143106
187249194249
1253012832
109229112230
4615748159
2819031192
1416715171
171166173168
8419587197
1765517758
133107135110
156188159190
87648868
196115199116
170244172246
1308413189
137229139232
186232187237
1307813281
7916284163
32463548
11781381
110204113206
178199182200
62926693
35763877
1093111036
7110276103
1638316586
33723574
118225120227
61866687
6821973220
1533615637
1214912451
146182147185
10098103100
39614961
467498
183129187130
111241114242
191226193229
4321246214
104234106236
17622064
148220151222
8315286153
101105104106
7913782138
130248134249
79788081
1248612788
1471214815
152192155194
7519978201
02442246
1101611121
197203199206
168190170192
8111113
4284510
162149164152
1259712899
177186184186
154148156151
3723141232
2716430166
1018910490
6322966230
77827985
3224034243
152216155218
131198134200
2810333104
96183100184
81558357
2219225194
1593816838
114184121184
106231108233
1655316755
1884518948
3121734219
169163171165
4816049163
102158106159
9522798229
98242102243
162108164110
180163182165
3011433115
122237126238
8224785249
50635265
9331235
1649516797
167218169220
116110117114
1471914824
1931019611
4514846153
149133151135
13821390
1899719299
190240191243
9510398105
6420266204
1555815860
51735474
125248129249
32186220
46884890
70377239
195146198148
15651606
113229115232
1727917383
7523778239
135175137177
1225912462
152182156183
93449547
552566
4518848190
5715059152
147169151170
1459215592
1107211373
01442147
2011027110
129208131211
1541615619
1269213093
114180115183
01552158
1896719072
114173117174
15401842
1328413486
1497315275
102205103209
1264012843
9613998141
158117160119
5324256244
7781080
096497
5913662138
1723120233
145195150196
4010143102
101217103220
12411443
119162120167
1803018135
1227512577
111137114139
162123164125
137112140114
5323256234
959897101
1102411226
1762317925
7619678198
1561315815
103149104152
1337813679
1208812390
175198177200
8421987221
43584660
35263827
1817618379
6510368105
6624069242
115146118148
8917591178
2514927152
21312333
854905
109208116208
1546515668
197225199228
1429115391
3917544176
9212494126
93689570
8820490207
137170140172
3618339185
4710050102
102244105246
128205131207
171127173129
136107139109
4311444118
2515730158
97208101209
103166105168
4521750218
1668516987
22362439
3121434216
9015091153
54775779
51758177
27163018
39444246
1351013712
1149311795
147179149181
12381440
96192100193
8311790117
4318345186
917412176
6596711
113168114172
52845785
1443414736
1932419527
5324056241
192246199246
144237148238
96149916
164216166218
919213193
115124120125
13399135102
7613377136
1317013373
1152111723
39714372
7741275
1495415355
8821991221
7810680108
110244113246
36683871
1644116842
1178212083
162178166179
197180199182
96869889
170155173157
90159218
1496415166
167102168106
171130172133
136141138143
17731976
138215143216
1686817170
4018342185
179213184214
42964498
121209123212
8417086173
1912122123
1424214445
1403814142
1161210
174219177220
8212385125
1118014182
27863088
984510147
6910672108
29103211
1446314864
32363438
167247170249
123196124201
9721099213
45974799
190121193122
3420937211
222254
159162160166
183219185221
6815470156
1699217194
193115195118
3417137173
1267812980
117206120208
1364313944
1792718129
5723062231
997910181
14842484
162126164129
5724058245
5610758109
44524754
8420685209
196194199196
7416076163
2320625208
1502815230
106139108142
17999182101
110145114146
173241174246
7516778169
15621594
2438
81908691
7120973211
164131167133
22242327
294326
1115811659
1378314085
1529515398
1256812869
6761177
2314924152
162156165158
88249027
2823529240
1018611190
1952019822
89779080
143130144133
195149197152
8411086113
41284331
2814931151
101230104231
190224195225
58836185
9522196226
196244199245
169232172233
31466148
20532256
152133154135
