1760
8420487206
184122187124
1909119393
6119164193
9520597207
163222165224
123187125189
119102123103
7619579197
35873789
1282813130
106209107214
78807983
5114154143
84878788
45215022
1046810572
147224150226
188230191232
64476748
6017562177
7721980221
5622159223
165225168227
76107813
420471
5711358116
188233190235
1771618018
100177103179
9011293114
21355137
146192149194
197112199115
0243
9311796119
146141151142
71289130
1943719938
3722540227
890941
4617349175
5516458166
30103312
074376
1413119132
155167157170
8113883140
1152712028
1386614168
196179199181
01854186
3819142192
764787
184177187178
1153211636
151183
115173118175
25462947
145120148122
3121533217
109192112194
37944095
108131110133
101126104128
135155138157
9223794239
3323635239
111236114237
171247174249
4621948221
193129194132
5017055171
4312146123
1015215153
821710220
177203182204
610011101
1889719199
350382
134173137175
4921452216
156191160192
22632564
191177196178
26432945
1117613178
11471169
2220025202
1885119152
121423
83718673
1966119963
116126119128
71317433
2120924211
2416527167
7361038
103105106107
083186
126175129177
29693271
157459
5216454166
122243124245
126221127225
172196175197
114186116188
80448247
4319047191
1455314855
108125109128
1912322125
161168163170
8511951
62786480
124200127202
8616291163
138147143148
4110944110
31743278
156198160199
188120190123
1644116942
2620029202
457479
147185158185
7423077232
7118274184
52175519
192238194240
9513897140
55635865
107105109108
76267730
103109104112
138182142183
1922320228
8421289213
8918193182
94719674
21405141
129188131190
197127199130
163201165204
7319075192
159160162161
162195166196
172242176243
76637670
2416827170
264467
1152511926
1936819471
135222137224
43794681
19641995
6613271133
175221176226
25902694
8518188182
159187164188
1304613348
1099711299
1454714849
1052210824
17211923
1877419075
1876419165
108230109235
3214935151
1743917940
15351640
153200156202
1612316424
38824184
1284913051
160118161121
172204176205
131104133106
1471215113
75538054
67406942
180115183117
166169168171
3214635148
156224157228
180211181214
3513437137
1424614449
176141178143
2623327237
87819083
988510088
1512418126
119130121133
8899111
1002210125
6124065241
140139142141
1065210854
111220115221
187239189241
4519447196
36693971
110228112231
7711980121
131167134169
1039510597
1937619677
8151018
4921951222
1775017953
87899689
138242141244
5712060121
18642166
1546615668
01745175
8218084183
139215142217
171132173134
8620989211
4710350105
1369213994
91459447
139126141128
91159218
65936795
9420196203
180160185161
107221110222
3318836190
104115107117
3223034233
9019293194
1028310387
902934
182217185219
126137129139
161246163249
77368038
183188186190
6018062182
27323034
83489148
151207154209
79928294
115204118206
54945697
2017123173
8123882242
4414245145
4819349197
126121128124
1023510537
02393241
130177132179
194221195224
70977399
9222995230
65336934
165142168144
132186133191
163104166106
133130135133
1837718579
4814851150
9312696128
2620528207
31445146
15661588
1119111592
16341685
9020193202
131182134183
141191145192
1469314796
177170180172
61716373
150130153132
1735517657
1918819490
173141175143
1314313345
2424829249
105142108144
119149124150
1481515017
7924682247
2717131172
3913840141
91247100247
4922851230
5916761170
17861817
903310133
1317315175
118151120153
1719319196
76497852
3921444215
434935
128102130104
3213934141
1941219517
95349736
34124312
1758817890
62596363
97105102106
132214133218
167197169200
2115324155
30183320
104175105180
1686517366
12541655
105242106245
110136115137
2521628218
439642
197156199159
126186131187
1476214965
194190196192
149240151243
92198101198
6518066184
1441214614
179162180165
1323313535
146214148216
5723159234
139218141220
93579560
1778418285
28903192
177122179125
1913719340
138168140171
42154418
1098111282
7115073153
5616758169
02122215
4111546116
58676567
68607161
7720579207
1466614968
4912152123
454486
1295913062
9215794160
17402241
1051410617
1473515037
68127114
52525753
4413747139
110233113235
35383839
137212140214
1248312785
105112109113
1457214775
84628764
1614016342
104211105214
101215104217
1691417216
80788181
161198163200
97214100216
18192120
1071411215
33374037
118219120222
43564658
1617119173
4615347158
1113711339
187236189238
1911819420
42414444
1763017932
183233185236
54585859
51608162
140208144209
152233155235
9117494176
111204114206
6721970220
141142142146
181221184223
112170115172
193197198198
6123063232
81368338
72267429
1156811969
98217100219
14998151101
73207622
1492515227
111175114177
184180187182
7616779169
1347813780
422473
1661116814
3023031235
1078911091
1621016413
3816541166
167146170147
5321056212
141169144171
1689717199
01473149
8918691188
839886100
3712740129
102209103214
134104137106
586789
1208712290
161175166176
1201812320
1634916651
14961509
42197220
1587616177
36553858
26872989
1933019532
3424037242
1962819930
1491915122
176209180210
3421938220
10621364
9951197
114129118130
1351013812
145136147139
564767
1935919562
916111163
40214125
154152159153
9411297114
178176180179
99123101125
67797080
23812683
151114154116
3615739159
1875518957
117107118110
12371268
1586116163
7317276174
1054110744
79228125
149177154178
108134112135
64496950
14101911
3012935130
153242156244
1915919263
937969
1616819170
8424188242
21962498
1710120103
8419887200
6210865110
28263029
4520848210
149230151233
3921842220
113138116140
30443346
174180177182
1386114362
1178711990
171112172117
5517457177
1712617428
18261848
12561558
108210110212
1011113113
35763778
82788480
1861018912
20542256
2023425235
102123104125
2816531167
1588716189
136162139164
9113494136
87739174
1222815230
135165137168
5610358105
1354513946
120196123198
90569259
6614569146
179187182189
124198127199
123220125222
124228127229
190133193134
690721
8212487125
193246196248
1659516797
143215145217
4718148184
1653317034
2515530156
1508015282
134186142186
105195109196
4013543137
46254827
6422468225
141212144214
125130128132
7417877180
112188113191
1803018133
2118624188
171135173137
1831118513
2221424216
23732576
79138314
4911854119
1689417196
2521026215
1746717769
64576660
190236197236
7123374235
8911591117
132202139202
184230187232
143111145114
2717330175
8717991180
193100195103
92199521
1315813262
73587659
11341337
68467048
136119139121
8714090142
171178173180
58506152
129191131193
1511916123
106185109186
127153132154
1307713379
4921753218
9114694148
70267129
9116993171
818210184
145115147118
105187106190
132238135240
185111188112
1308713290
4113843141
1619819200
5122354225
5614759149
101157106158
1391614118
133108135111
977810080
3123632240
97195101196
72127514
164156166158
117138120140
18442046
4615151152
213714
1271112913
11291431
8310687107
9614797152
2610729109
45524854
56855986
99189102190
2417126174
103187104192
2714331144
1766017863
138172140175
69877189
1677216974
161164163167
113245115248
191190192193
106232107236
196232199234
6120462209
79898191
37913993
22232326
66246926
1552115723
152121154124
12151256
69107411
1342713729
1096311763
01804181
077578
5817862179
8819891200
183141185143
131200135201
4414048141
01235124
1543815640
11171419
3117634178
9416996171
1157011872
54455549
7410477106
718010181
9119594197
1511515616
973010032
11911214
1874518948
3617938182
391414
150112153113
109163113164
1622518227
173110175112
115131118133
7113473137
5110555106
171201174203
1626516766
136215138217
44674669
1151011911
5119354195
33943695
5423356236
379839101
1415617158
112143115145
150194152196
51547157
92299531
3411139112
193115196117
79958297
1884919250
4516947172
492524
106173109175
118223125223
8917294173
31383440
51215821
184152187154
4913852140
1735317654
8481150
15271559
51605461
19161938
171223172227
110195113196
68516955
53875589
4222247223
3522839229
97509953
8624488247
1404214147
2611629118
4316245164
1276813070
181132183134
33553558
1221212414
113104115106
1818018482
156218159220
1643916740
1461814820
8721889221
145234146238
134192137194
16498167100
145130147132
153151160151
160228163229
4312945131
1651616818
25482850
113228115230
5016351166
1275412956
1812318425
137207138211
19101942
1818620188
1616324163
61719173
82228524
126160129162
1597216174
1949119694
21952995
5319956201
7191021
2022923230
3514137143
118154120156
92399541
3111834120
108165111167
186173188175
177155179157
1841419314
7811681118
2412527127
460961
111131114133
722711228
11851388
1092311225
1603716339
31243426
147181150183
1835618657
120201123203
9216194163
112213115214
3019632198
16461678
18299185100
104205106208
4814451146
7618878190
30353237
158167160170
178166183167
6113365134
1338813591
4294411
11591461
152230155232
91759377
56176018
105215115215
180121183123
128119131120
94509653
150176157176
2221724219
1545215953
124171126174
157146159148
1868118983
122311223
30943297
7616479166
1517015472
30213323
8421986221
3912042121
3624339245
2222227223
112207113210
77847986
1415114453
1319513397
5618259184
1914422146
35493950
67577059
86298931
1424214743
1077510978
67876891
1563516136
94809683
2211030110
107149110151
98162106162
83428644
6212467125
52318233
179173181175
8421686218
942973
1122611428
8922991231
189203191205
76147816
7811285112
1169211994
1476914971
1222315225
107187110188
8721489217
153160155163
8861088
156161158163
124203126206
2016823170
4616648168
101117103119
2518727189
2212823131
6811673117
129194131196
1225712460
1579515997
820861
1253112932
4523950240
4624149242
2214725149
117116119118
168184173185
5723560237
2620331204
335386
1928219485
1132911531
102133107134
45104911
5910462105
549856101
157149160150
66317032
3220336204
1742417925
192146194149
184114186117
3615039151
41506153
1210015102
01501155
105123106126
3822141223
83818682
1086911171
8716990171
01153116
1627816480
80158119
1749617798
2816830170
154179156181
5620259204
1418617188
1255412659
48905093
88619063
1066810773
2114124143
1892519227
189103192105
31305132
9516399164
7317584175
77648066
141122144124
97126100128
138197141198
21582659
1518415685
325826
114159119160
1056310865
89199122
2518427186
117208120210
76737974
7519880199
01174118
17242125
9621299213
5522459225
84958797
1521115513
7791280
1487615178
11221154
19882289
1925519458
99186102188
142115144118
1216112363
22192520
99113104114
6824471246
39324233
2215025152
139249150249
119238122240
1489215193
1976919972
126107128109
1462414827
5110953111
1638316685
176102179104
9110593107
157100160102
7916082162
129141132143
157173159175
171230173232
1138111682
1567915881
126146127150
1289213094
1584116044
151224155225
8715391154
132117133122
068270
108156111158
17921815
6623869240
130184133185
1198412186
4018343185
187189188193
169148172150
41294331
8618888190
039340
1686217363
8414986151
119175121177
143153146155
1315113452
1067910980
2814930152
4924650249
1081211113
8710290104
66816983
71477449
157200160201
16321673
1529615499
168218173219
7923181233
73557657
5720960210
196153199155
1222015222
17541785
126143128145
155134157137
17962098
2817630179
6922371225
1254512847
42594560
923514236
177198179201
60266527
1573715940
54905991
123235126237
128205131207
1087211173
1013910441
1418014482
106159109161
2437
91509353
100129102132
1793418136
582614
48725174
3919942200
5412857130
154214157216
93959697
61816483
4918252184
273296
1798818290
42219222
7415782157
1856418669
5316755169
792814
166228169230
1387214173
85148816
153196155199
33303632
159239161241
1162911931
81628364
143103146104
10051037
1414817150
56315734
79428243
1256012862
1214312445
117178120180
184196187198
4223643240
1902819329
3924641249
87779079
1035010751
17371759
187213189215
1415514457
1683617038
170196171200
3319137192
103222106224
4315445157
111211115212
146230148233
613610137
8714489147
3824041242
165127167130
1069510898
173154176156
14651767
6918574186
24102712
1495115154
132913411
32903493
1787118173
167103172104
02161220
1365213954
6520770208
1186012063
51827185
1557115675
1823218435
189151192153
48835384
453655
75237825
100134101139
63856687
184101187102
1023115232
1814921151
191163194164
196105199107
1921421216
172100175102
161132162136
97156100158
1323113732
48455346
19852187
45415241
193118195120
676978
107118109120
1013113133
22372638
2824531246
7817980181
103234105236
8020683208
139229141232
3410937110
184130186133
1720118205
327629
4014942152
1391314115
165236168238
176617710
6517366178
183238186240
1764117943
1810621108
10499108100
107200112201
132210136211
1411417116
130145133147
4815449159
38873990
10041084
1455014852
106176108178
116226119228
161234166235
1623517235
137160142161
1369914399
103247106249
6014761152
1920321205
188219191221
9110893111
7422776229
1017910382
27383039
114208116210
151219154221
196100199102
116143119145
1582116023
78268128
150168153170
1846218763
15902091
6022164222
117195119198
151102152105
142126144129
8423586237
99154102155
126157129159
8310486105
46634865
1751117713
11001141
109207111209
182191185192
4217044172
148150152151
2818429189
157130160132
33823783
133136136138
51638165
135232138234
174187
171107173109
136177141178
153182156184
6124263244
75337835
56545856
161147164149
16001623
190144191147
161140164142
190106195107
9516097162
110245112248
10761278
188246191248
1296313464
27243025
7121773220
5323956241
116211117215
3420537207
114161116163
90239226
11697117101
192226194229
1288413086
7713579138
173148176150
93159518
1611616418
1009810399
1562415826
171175174177
191919311
7820081202
100240103241
126163129165
7521378214
1421114316
5922664227
168127171128
1347013575
17541956
114122118123
29503351
9114094142
1803918341
02352238
190238191241
1441514716
9518598187
5321356215
1816118364
184104185107
01762179
185149188150
140153142156
3523337235
1323915241
67777078
190167191170
34183522
58666566
187187191188
178211179215
93909692
1149511796
3019332195
1164312044
4321845221
1672817030
1402914331
711412115
7831085
8117182174
12901305
8911892119
909893100
176162178165
1267712979
64906692
1211512417
166160167165
60916393
15941626
158133160136
6623167235
37404042
164219167221
7523377235
5915561158
192154194157
6221264215
2319026191
33593562
133241136243
7023073232
3814243143
7110074102
1319113294
124207127208
121178124180
4319247193
7312877129
43854588
26843185
114189116192
815613157
121153122156
1821020213
18541876
178216180219
158140160143
14121614
71868189
1777418076
2016023162
2811130113
14801493
1233712639
157179161180
99170106170
84178619
3018432187
1271912822
492993
688739
2811433115
1621418217
21544157
193124194128
6212667127
52735378
184164185167
44284730
29623264
21254128
102197105198
61208123
1526515369
2714529148
146174149176
4510947112
1848918791
1019010392
123191125193
1017112174
60856288
2018922192
188181193182
1462114823
1789617999
1748017782
178180180182
137188139191
5610660107
3222636227
6815170154
169156172158
118243121245
4720549207
155208158210
192218195220
1904319344
2622428227
8222983233
50565357
141167145168
172206173209
565587
82508353
1364313944
40494351
9617898181
99237102239
145177148179
3217136172
156229158231
2518230183
1731417616
3121833220
1022810530
8622791228
1515715360
9521797219
1114913151
197212199215
3916841170
119199123200
59566158
49645465
130248134249
1811322114
817510178
2813533136
1416914471
58386140
1481015111
1426614568
59196121
166118169119
8012782130
1852618828
5522658227
13931415
132162135164
4512547128
1271312
5719460196
01582161
142151147152
1014210444
9112993131
7811082
148135150138
196240199241
50875289
1383414037
1743717738
171172174173
3421438215
1198012083
1417617178
144187145190
143172145175
188157189162
1323613537
5615059152
1676717268
1255213053
15921894
9222695228
30423543
52348236
123209125211
162120166121
130238131242
167122170124
8013182134
8310885111
9623698239
120141122144
1126911471
3117933181
176214177219
2714131142
1815719162
3210134104
192244199244
140111142114
139131141134
6415067151
1929619598
9622099222
108114110117
479681
5416259163
1871518819
39384738
195141198143
923714238
1458014782
169216173217
124145125148
80848188
8317186173
22692571
46235124
193108198109
21503153
146246149248
7824080243
4818950192
4112942134
175118180119
46755176
192210194213
1922319724
1078711088
9216695167
6518568187
105127107129
8016681170
88449047
7319375195
1822618429
35903693
32473449
58476049
479950101
26723173
16422043
522824
128242129245
57925995
8612291123
09410
103130105132
19761998
1409614298
105182114182
42194422
9622698228
6022363225
7723678239
116168119170
6424267244
2311326115
152164154167
130232133234
84368837
60246525
1298013381
158103161105
1062510828
1102111522
14801782
10201052
6110063103
120157122160
4812651128
1658616788
8722490226
17141817
126155131156
1251212617
197131199133
187132189135
21902294
186139187142
26132915
2018022182
100159102161
16721974
82338535
1775417957
137122138126
177145179147
39624264
1589216094
149119151122
156193159194
1376314065
94119713
136180141181
017319
119204121206
4823651238
2019723199
1724117543
879889101
17801831
1705317255
9124894249
3910544106
1443614639
56685773
146157147162
152205157206
6912972131
7511677118
982610128
89359237
1506515169
1099311196
174166177168
327359
2713931140
15231626
8619189193
6616269164
7424277244
1712917332
995610059
101220106221
9518998191
6815670159
75977899
2921430219
86218824
4321146213
63886689
7281029
1738317684
1757017773
303326
155245156249
183108186110
5019655197
2719529198
95469847
2723029232
160106162109
6416165166
1371613819
49475249
24662768
5210255104
123117125120
56875989
61116413
919110196
5017852181
1013110632
194185195189
2311930119
12611284
1713717340
3718739190
1318213286
5121052213
112178114181
144228145231
171220174222
1533115632
127171129174
53135614
95489949
8315286153
151174156175
1487914982
1212614128
6614268144
3517638178
1027310475
4224545246
93679569
31764179
8020383205
181179192179
143200146202
147234150236
1254112744
44124614
117161125161
182157185159
33523554
63306532
1113413136
1287113372
9614498146
16611963
2716334163
1742917534
978110083
146159
6620969211
1413414635
1206612367
73807583
34633765
5215757158
102205103208
166245167249
6313668137
1494715348
118211122212
86328835
1829218594
107202112203
141149146150
112166114169
169204171207
1201012114
124134127136
91819384
50665169
13101324
184208186211
51905393
1955719958
01302132
31676169
173144176145
179222180227
149160152162
87709071
7521976224
155117157120
146190149191
8512090121
4420446207
142130144132
140119143121
77577960
147201149203
1014115142
80598261
1863918842
3623738239
17572059
8917490177
5123353235
87258927
8913894139
1466015061
3315435157
114195116198
41979198
186202188204
7710180103
1945319754
157235160237
187245198245
1271813418
996810171
4521448216
107237110238
01351139
89679269
184212186214
138142140144
110101113103
175173178175
2413627138
195210199211
152186154188
36723875
124100127102
133235136237
1421714518
3821642217
120193122195
910713108
4616449165
7120573208
168113170116
163185167186
1652216724
122113124116
99235102236
2412827130
10541158
127110129113
168167173168
84898692
137139139141
39574160
1676917270
183128188129
9418297184
196222199224
3010633108
175249182249
183246187247
195148197151
1901219313
33663767
1710921110
339836100
116247119249
157106159109
146165149167
01623164
3224535246
143133146135
135158138159
3718339185
1702217125
5220255204
43324633
122129124132
6115963161
7018073181
40784778
1284113043
121109123112
3624638249
1336013662
862967
091393
5614559146
143239145242
1114613148
973810040
1674916951
50305233
1805218354
73847686
3014531148
1299513098
5914062141
3513838140
6519067192
6418869189
194819611
127166130168
1979219995
167120172121
135149138151
1617421175
1094711150
120117122120
124233129234
