1751
5211757118
51495451
8914291145
102207105209
179200184201
147126149129
74277630
5717260174
186159189161
2224324245
3718540186
105163107166
103177105180
103219106221
9011092113
35363838
17741806
2918831190
178128182129
4513348134
18501864
926967
3917742179
108164110166
21692372
84959295
51155317
101245106246
9281131
192238193242
137158142159
195234197236
54955797
1747317874
55445846
147153150154
1614416446
14801512
1511417116
61776479
57855988
060362
137216142217
192141195143
147194152195
1922621228
104810611
111164114165
01083110
3211936120
161245162249
191202194204
1213414137
174122177124
1412314228
122185125187
114150117152
4110345104
154109156111
5022551228
1009810499
1464015141
187141190143
149130151133
2621029212
21444147
6311366115
124176127178
144141147143
96869988
6724169244
116225118227
56635965
1898819190
79928294
110178113180
4622049222
8221585217
101198104200
104229109230
923811241
74106
5112953131
94489651
110100112103
188132190135
5120553207
1452614828
14361487
5014753149
158220163221
127220132221
116119118122
1693817240
165105167108
7919782199
1737517578
60656566
166225169227
1578016082
197181199183
161138164140
70517155
1607716378
9719498197
1487015072
18872089
2438
172132174135
122163124165
171129174131
3712741128
72078212
148144153145
45494851
8718995189
70877787
95369738
38914193
114178115183
1258712789
1607016272
2222624229
6710870110
1177512076
1806718468
136187138190
9221395215
47835085
1376414065
1187912181
7918282184
2519427196
40374339
3022832231
91449446
2521328215
1722217524
5513458135
91689569
1461915020
21235125
64266927
6115863160
8321134
89379238
8721290214
1951819820
141223144225
1106011461
2815031152
7924381245
427729
2024623248
9419696199
1495215254
1603916242
146191149193
5013853140
1676817070
1123311436
177236180238
1817618378
139185144186
1604716349
174189177191
132158136159
144110147112
9210595107
67108
161202164204
9213794139
1936019662
8514087142
1215015152
2711630118
122118125120
189107191109
79228125
137163139165
190184195185
52565557
1528015582
137202139205
1114311345
1102411326
3623639238
174117175121
1131411517
2812031122
15381840
1042110623
2917932181
1635616657
1255913060
1856618868
123122125125
131239132242
4123243235
562594
7714480145
6221164213
186243191244
44114912
169244170247
5921662218
3610247102
2818430187
1111414116
2110723109
74647865
3524638248
143172146174
01501153
4014743148
6111764119
5913361135
1122013223
8511153
131173134175
110155112158
145229148231
158241160244
24492651
5819263193
7712980130
2010422106
1711817420
9612498127
113156115158
1071211213
50635168
94899791
1619419196
83618663
2417826180
1176312065
15311563
900923
181209183211
8113084132
113209116211
1217412476
157216159219
140102141106
5922162223
9312196123
196226199228
187136188140
187105188109
104123107125
151167154169
1027010572
3223535237
1431214514
1312516127
119147121150
37404042
127161128164
190919510
128193129196
163247165249
103129105131
114126116129
31303631
185245188247
26262928
3821741219
13711475
96101105101
167122170123
1116811371
173242175245
149102152104
34393642
6622070221
96839985
5011954120
3215435156
19222125
134206137208
65987099
1635217052
1522215623
4117544176
1918022182
41085113
160122163124
6817471176
80368139
121214124216
118198123199
3620339205
1492815031
1192112123
816210164
1084011141
2312825130
51735574
3918943190
68827084
1896619267
102247105249
193179196181
1226012462
12871318
196131199133
853885
12341535
79408143
154117157118
107104110106
1797318175
1461215312
116156119157
111113113116
1431714520
8113884139
3120036201
11581460
4518348185
64926794
168113170116
173103177104
172219176220
111201114203
9414296145
1713122132
194196197197
8314385145
1508015183
2313627137
1426814471
1831618519
8561059
88299330
1216917170
1506615368
134120135125
152181155183
6116464166
1578415986
14101442
9219195192
140165142167
166232171233
1767517878
138171142172
151142154143
157188159191
8217885180
1622516427
161177165178
9217296173
3716640168
178187186187
44704771
813411135
100131102133
6812470127
8419387195
7520880209
1216312465
819913200
1121816219
1416114363
02455246
7911382115
45265027
145138148140
1663616839
28243225
108124113125
175111177113
1513417136
5221554217
7422075225
129214132216
33533456
533735
2820530208
5075111
41424543
105226110227
585617
492524
3320235205
174154176157
122168125170
61089109
181146183149
18699188101
31473648
8619088192
1347413775
823845
1432114523
88199121
41444645
5723262233
37564058
131200133203
2323727238
1401814221
3619639198
1805818360
1383914141
6721470216
2012328123
5516458165
150116153118
166176170177
1813918341
4118344185
4014941153
20832286
1679516898
172203174205
56745778
14541756
102166104169
02023203
124198127200
1861718918
2419925204
131149135150
148217151219
18121844
1953919841
3520638208
1284613148
5815361154
1458615386
125115128117
5491649
31608161
130107132110
7511178113
1362813733
72727573
124191128192
819511197
119241122242
1873718940
161237163240
84438745
196152199154
161235165236
2312526127
1387014172
5119853201
7818580187
115161117163
7621779219
196167199168
1505915261
7167211
8318286184
6914074141
821810220
818210185
61476548
1516915371
1707317374
132209135211
2322126223
153211156212
55205821
142220145222
160216163217
1555415855
67126914
128175130178
126141131142
3312335125
95119813
3710340105
1010714108
137107148107
1314217143
49325333
1671316916
196223198225
115238118240
3712540126
103242105244
4816949173
184145187146
102119105121
14998151101
1471515017
114242116245
1602916231
1013410435
187149189151
154229157230
1497715279
5912662128
128134131136
9417995184
1387314075
36683970
9013791141
3611439116
5813763138
3318738188
92759676
1512815231
166151168153
102173105175
9961298
11111313
118230120232
1698417187
1547515876
8114382147
58226124
9813699139
156193159194
9017993181
1866118864
3123832243
1819718698
28223123
112169113174
8718390185
171138173141
9119492198
4216144164
1839218595
166211168213
2417628177
7916781169
3314636148
181110186111
126168128171
3616138164
6611171112
92649466
156246158249
2323428235
134202136205
52215424
1279513097
42904394
1181410
71889191
162160165162
2824329248
19212
7817981181
5412955132
65386740
4713549138
1715717459
27693071
01863188
172100175102
1811422115
1786717970
2492612
116170118173
188202190204
1384214144
10021017
183177192177
157149159152
1233112633
1184312144
112238114241
8716789169
1422518226
1265412956
153156154159
16601962
1417315176
144108148109
138218141220
110133113135
193148196150
177153179156
182170184172
121190123192
7816382164
4821451216
191187193190
1573416036
176180179182
86908992
1312916131
129236131238
42604462
163195166196
1638216585
5522458226
42017202
127217130219
194240196242
171917312
1889619198
10221037
7723380235
1775417957
1111113113
8813291133
2015523157
7213474136
12291531
7022271226
1520517207
1925619459
4420946211
1528316283
187220192221
789881100
1813320135
1949219794
18931925
7624478246
146247149249
153152156153
163223165226
154145158146
99196102197
1688817090
6012567125
192228195230
101116104118
158160161162
8417086172
27293031
72747576
5721359215
141230144232
177202179205
114135116137
84468748
6614068143
68587060
139139144140
171111174113
8216784169
1437314575
1952619728
1697917380
131155134157
1085111153
116178119180
170224173226
149160150164
3916341165
133138134141
51817183
1571915822
123179126181
1362213924
1067211173
133102135104
120140122142
51357137
183129186130
160141165142
6010163102
1108011481
1310016102
169146174147
9622998231
4523148233
1123911640
40174219
94247101247
149134154135
8721590217
99158102159
131162132165
92209423
1125411556
51755576
083286
46524855
160189163191
3418039181
170227173228
160222162225
167217172218
1205712359
42324534
105210107213
9523497236
5017051175
149119151122
9121893221
45964699
181218183220
985510058
7220574208
68486953
130105135106
69297132
6120662210
3817141173
52395740
1129411397
3924142243
8715489156
95579759
9201221
16431846
8911992120
8524788248
1715017353
7910982111
107176109179
6314868149
61706472
102216105218
194162195167
1346213665
1197112074
16631704
93709771
5214255144
51527154
1339813799
168157170159
2213924141
158176160178
6319765200
51775578
53255626
12321254
24442745
9420197203
2917632178
1425614657
784816
2912532127
824511247
171106173109
143164144167
108210110212
184139186142
168191171193
339836100
141191144193
191131194132
133214136215
131190134192
9513697138
1223815240
3521338215
145184146187
162129165131
5617861179
82868489
121114124116
103146108147
3612138124
65356837
127151129154
2817129175
158127159130
139146141148
147212148215
5217253175
51845486
183137186138
1405914360
138182141184
196201199202
103156105159
115202117204
1513215434
42347236
01053107
70357337
1320414207
01543156
101110104112
80318333
1428614489
1256612671
1101611120
39204122
1529315595
192231194233
5112654128
96149816
42165220
78798181
6817771179
2916531167
62226523
1173112032
1358013882
131176133179
1221812321
146120148123
1715417356
9311095113
7322878229
133118138119
7822280225
31014104
511614
191170194172
145147149148
7514376146
161105164107
8110684108
2513928140
6422569226
14691770
18682071
6317766179
40304531
195216198217
879889101
61396441
66166818
169128170131
9012192124
2311326115
4919850203
1799218097
102148107149
149107151110
117243122244
1862318925
126120128122
12441546
88439046
73397641
65637064
29403142
107113110115
36943897
5819660198
102113105115
7521278214
3615439156
616813168
1923322235
1258012783
50405143
121177122181
1773618038
144188146190
6912072122
14098142101
7811781119
4011445115
1322716229
145241147244
101104103107
5410856111
155122158124
58756078
1913219335
152224153227
9623898241
1435414655
9120293204
1734517548
156181158184
3216536166
3723340235
164185168186
3515137153
150207153209
74227624
4424446246
164215166217
1751417815
813611138
61138115
3316935172
1333513736
4520647208
182118184120
134913711
9017795178
112711410
1118213185
174231176234
5922662228
1034610648
125188127190
1235412556
79738275
8910291105
180166184167
1025110553
67856988
191146194147
135230138232
1149511796
139136142138
5420058201
1104611347
145135148137
7324475246
181123184125
4424047241
95259827
3915842160
21494152
5714659149
72447446
6824771249
170211172213
8923793238
126184129186
124152126154
7922087220
118162121163
2017323174
15221823
175209180210
1755817959
177114184114
131217134219
2218824190
9017091173
1328513488
1499715697
93609661
1631516420
1173311836
6620268205
1229412497
147166149169
165220168222
78478149
173186
1202712528
25323033
992810130
111130114131
9215494156
8516288163
182237185239
1165211854
125204127207
196160198163
6219465196
7810181103
36253828
27152918
40864288
72537555
107218109221
16299164102
4515546158
8223485236
191102196103
72887590
1647516777
51445445
105134109135
167140168143
71597361
2219424196
171142173145
573775
122235126236
7421575219
6014665147
1803218334
164172166174
22792580
1747917781
1816920171
35493851
123145125147
2318126183
45245025
101233103235
56565957
7814180143
68907192
112236115237
2524527248
3520937212
15711584
1965319955
5216954171
83349134
169181170186
168167172168
128143131144
894916
186200189201
49135017
6722970231
30853287
104234109235
121133123135
5222454226
169222172223
1014410445
9019992201
42234426
121226123228
1845618659
121182124184
6012962131
114166122166
180140183142
124912611
7217375175
1733717639
9820799212
174108179109
1711019113
152119153122
171194174196
35653767
46914993
2219125193
197157199159
9020593207
1224114243
44634964
108109111111
118214120216
21847185
013414
23812584
163218166219
2520627209
6616069162
11061119
23552557
195211198213
9120892212
1736317864
167237170239
6321666217
1769617899
8623688239
1745317656
532555
150146153147
1520318204
189122192124
3222534227
110220112222
61826384
43854687
6518268184
142128143131
116234118237
257459
4384510
129207131209
94319633
13101333
1258412786
3110336104
184131187133
160115163116
1633716540
1882719129
01283130
1576416065
69167118
6310466105
1888319185
156239157244
142160145162
81618172
3611139113
41114314
1515418156
6221466215
47394941
61728174
51195420
737769
177218180219
114206117208
1515515457
65796980
50885291
1193412137
7620579207
25222724
615817
180233183235
8122185222
9511798118
46424943
3213933142
161175165176
9016591169
6715871159
116181119183
7319974202
4110543108
105169110170
7019972201
4311246113
171197176198
126125128128
5918062182
7617181172
1259412697
1314313345
1592016122
2623029232
683724
84578958
19422443
56585960
55795881
1496215264
104203107205
58376040
1539015692
38544155
193221195224
1084811150
1216116162
192243194245
138132141134
1498415485
4513948141
16851717
7415679157
154185158186
4516448166
1423914342
187227190229
1018510486
914612147
1848818691
65776878
140204142206
27523053
5822960231
51415149
5024761247
115112118113
8422791227
193176196178
154226156228
77827985
8423089231
1783018331
1288013082
49605262
9217597176
41568157
1722517428
158117161119
187189188194
1292413127
123240124244
176241179242
5620860209
1439414696
159165160170
1852618729
105168113168
82448349
191248196249
4011644117
7024074241
166128168131
90879289
123105126107
1533615637
171185174186
150157152159
79648068
186162189163
196169199171
6613569137
188233191235
41274429
52103
1458715387
56705873
4715648160
195237198239
188230191232
38604162
2413327135
62156516
133108141108
82778380
6023764238
7514077142
128130130132
194186197188
167132171133
74357737
6117264174
7411477116
817910181
63676569
114188116191
6514468145
932983
197240199243
7011372115
82288430
133126135128
76737875
1322514025
6211165112
8617589177
9422096223
6516370164
9689910
124219126222
2715530157
98244100246
8420786209
1446214863
1541415517
1127712377
124134127136
1752018320
33573658
169206173207
1313213434
6122963231
279930101
111138112141
7414776149
6422866231
141110143112
77387843
8919091192
41977198
129123131125
479849101
146232149233
1766017962
23182520
2013622138
23772678
107194109196
1276413066
1511917122
5721060212
1323316235
141235143237
4022043222
9722099223
174138175141
186102188104
1109111393
5615658159
2192312
73807682
45654966
195118198120
146234148236
1241212515
169187172189
194113197115
101230103232
8023785238
116108118111
589961100
190222192224
140116143118
2793110
1827218574
139207142209
6914274143
13781448
19742475
617511176
99194102195
171114173117
120185121188
6620669208
60346435
101241102244
1443814739
1041210614
126247128249
18999190104
174142177144
137176139178
1654216745
72788178
115247118249
20262228
171181175182
7518278184
7820081202
720752
80268130
123142125144
66467147
1527215376
113103116105
913112133
115138117141
1797918281
6710370105
8420487206
4124443246
9420499205
3317736179
01162118
194127199128
1721317415
1066010962
172247175249
7510077103
9121015
4611053110
184160185163
1261813119
167197170198
909792100
1277513077
4816253163
1811620119
26462848
144116146119
139125142126
85358639
179247182249
139228140233
166245168247
1347813879
1639116494
85878789
62426444
48215123
16381718
66196723
198100199105
33253527
164187167189
5615057155
148239149243
17251748
8711488117
3518938190
125242128244
128210131211
7924682247
1920323204
2315826160
185117186122
77227826
1952219725
1288313185
7020571210
106171109173
1288613188
20592360
3024533247
271473
127159131160
164120166123
34623764
59806481
816911171
65337034
183197188198
1721617517
5322258223
6312667127
1616316464
1622116424
155156158157
215516
160148161153
192168195169
154119156121
98120101122
132129136130
132187135189
58956396
158197159200
119119121122
87768978
1419717199
2618427187
7812283123
1467414877
50925493
1454214843
8215584157
110151111154
7761078
1128711390
1146811573
68197619
6110664108
044346
184134187135
55305831
42554358
172199177200
127239130241
1712920130
9222494227
2114424145
7617578177
68387239
146160148162
7315074155
61196321
13911892
101201103204
187114189117
5819461195
114132116134
2717828183
1714420146
1647816779
91479947
114167117169
50465348
1873319035
59176021
196138197143
146131148134
3212934131
1253412637
01211126
14121713
7423576238
7914882150
1322113523
3413236134
129138132140
97106100108
1062410926
92829385
15811982
113143115145
118217122218
35593761
146202147206
97319933
81598959
65866690
712210124
181179182182
144177148178
4514450145
11414143
33943597
76897991
129116131118
157107160108
71567358
190214193216
1963019932
1919021193
6116764169
90579160
6018363185
8924491247
1759217893
1512319124
1272013121
112205121205
17472049
1661117012
1569415896
1944419746
1883019032
118184119187
95289830
76157917
174206178207
148141156141
52416041
7615977164
189245190249
3410837110
1276113063
6920272204
128156130158
910012102
172201176202
6911673117
5021852220
1255012852
108161110163
1941419422
44554559
5423955244
4916652168
177232179235
01623164
140177143179
63496750
6516567168
126225129227
5817561177
7016073162
88479049
7221024
181158185159
8916090163
1922619428
694897
197107199110
100810310
24612663
2221424216
1161811920
1375413956
1625416555
91109412
188146190148
1492415127
27582863
107215110217
5414656149
1304013342
1247812979
1316613468
191116199116
29573259
13099132102
1553216033
1424314445
1316213365
60926394
01892191
100225101229
9314696147
1277012874
7217674178
62266330
1322613527
176175181176
1651416619
131243133245
138248143249
3714539148
2112522130
4418847190
72917593
1345513657
194209199210
142104144106
1072711827
1078611786
132136137137
192117194120
107190110191
152133163133
84778680
166248171249
116222120223
31703373
1673017032
179818103
1319116193
7723679239
1857818880
1120114203
7916584166
186212194212
107245112246
169208172209
54916591
137129139131
193173196175
14031435
2820231204
15951797
1383414037
1579715999
939995102
152160155162
77277930
1624819249
163112165114
46585059
4521447217
4221444217
5614159143
1768217786
1320814211
1633316536
3722139223
18292131
7220974212
1635117051
8351037
152163155164
24582660
171241172246
8422889229
1588716189
1684317145
1717419177
41697171
184154189155
2714832149
1613216235
1189312195
155104158106
557759
169219171221
3324944249
143214146215
110218115219
144144147145
83908592
8417388174
57826084
159179162181
177147180149
4113344135
167137170139
118143122144
7113774139
1592516128
118100120103
158230166230
166112167117
116142117145
22962499
1668416887
41957196
1572316124
23852489
201233
5117656177
1938219684
2514128142
76538154
98217101219
1078211083
1038910492
3986100
1219413197
31145116
15281559
1718918193
2612827132
165203166208
920912210
24692671
42524554
149114153115
94729774
4614849149
161166163169
1433014532
8421286214
1841218713
1714718150
177105180107
174238176240
3215835160
176223178225
1618116981
761793
1854618748
14631495
5221356214
80848385
42059206
6014861152
4614649147
1752717828
85109011
7716578170
166109169111
178101180104
2417427175
152204155206
777818
129242130246
840862
187185189187
85189618
44904594
3312636128
1317413377
171120173123
83678669
1636816670
6511870119
130196137196
153187156188
22292531
117245122246
2123024232
156203157207
42204522
8716489166
146179149181
4722749230
12401271
142146144148
134176136179
7112371131
1633016632
85208723
135238136242
119107122109
27852988
8022983230
191113193115
9618898191
1393014232
1168311885
1317813381
52635565
114185117187
121200123202
5911161114
1224812749
1018712190
97144101145
41404641
182240185242
96429844
7524778249
8320288203
161154166155
125212128214
32213423
5251026
136218137221
4511650117
8724088243
108205111207
4911152113
1255713058
1922319425
7024272244
98233100236
14241528
70487250
177158180160
174114176116
32398240
23252528
8311486115
93869588
82388440
