1792
1077110974
3712540126
1419614399
1516315664
80238325
8315684159
196126199128
86218923
3619641197
15231545
3814843149
193210197211
91309234
148102150105
56395743
143195148196
89379238
1896619467
1920023201
6324565248
9011492117
3920541208
149126152128
67547255
186132189134
134128136131
10501082
32593760
1127411476
10391242
192241195243
210242
22124215
165191168192
6012664127
1856418767
170147173149
1663716939
121142124144
1733417636
1918121183
141206143208
1876919071
1510819109
14601491
4316945172
4110445105
62049205
70277329
134204136207
1765017952
1566715969
823846
1686817070
2515330154
3715541156
96159101160
7624985249
1617816479
1624821249
104810610
151152153154
4324045243
7520176204
33884188
129125131127
666688
1421214513
129105132107
1018910490
1598616188
1065711158
163156166158
10151317
1182412027
12621564
7516477166
41144316
121193124195
01633165
184246187248
1092211423
2423025233
060262
3516338165
72439246
1806518268
138109143110
9523498236
109243112244
184176186179
131204133207
137135138139
112247114249
1267712979
1495615258
175194176197
102175106176
82288530
45294930
194143197145
1046210764
80478249
69477149
134188137190
63836685
1562815930
109120111122
101128104129
129182131184
5213555137
129231132232
110185113187
5813861140
2512628128
157233160235
101239103241
168817010
20212323
1731417815
3612238124
2210325105
28373338
1254712849
13541755
113107116109
8317888179
1686517167
173150176152
47744877
330362
1006410266
5822961231
1492815230
1255312755
155146160147
157133159135
8317085172
16531676
1766117963
155122156126
091791
1446014762
1594716149
149237151240
105126108128
104132106134
65606961
5724159243
107194110196
114187117188
109202113203
1607316375
1216912471
132135136136
149120152122
184118187120
62277230
150169151173
192174193177
2022623228
5220955211
2911832120
171135175136
1346013961
6624570246
134246137248
195229198231
17651778
186129189131
1142911631
64456548
172130174132
2015823160
94669967
113161118162
159243162245
139231142233
4219746198
184124188125
1952019921
3117533178
1367713979
5713560137
3115734159
165208168210
144199149200
5021654217
329934102
5910762109
1622218225
1891519316
98178101180
174153177155
1362613729
4122743230
193180196182
16871890
1611119113
159174161176
112121115123
9117594177
178188181190
175219177222
5516658168
149230150233
114228116230
137152139155
84788680
62866488
70107213
101156104157
192244195246
6214766148
37133816
129234132235
130238131242
813713138
8523688238
4110843111
127116130118
3719040192
1114511348
6917372174
54565957
1255012852
1773518236
1858318984
119246122248
122116125118
81828484
165243168245
145614610
3817641178
81918296
12699129101
161229165230
5310256104
69147116
1820720210
2120524207
1844618747
9122896229
148146151147
68317033
129219132221
18761898
79118213
11721473
163214165216
3620239204
105171110172
170114173116
5115956160
1535415656
52945795
149162151164
7915082152
121222123225
1775417957
6514572145
11264128
54585959
180178183180
2016923171
1187212174
1967619779
132180134183
1478915091
1514717150
7711779120
119161122163
44464747
26872988
53685669
109225111227
106220109222
21375139
5620259204
189146192148
3521937222
164185166187
9711898123
7624178244
87779078
1591316115
192222193227
121169124170
169106172108
181135184137
81718373
78278129
32446246
193212195214
97134100136
186173189175
108149111151
1968519987
1626516467
2816131163
115132125132
1444814750
97137101138
5423956241
7913582137
148129152130
8915791159
142146145148
1051110713
7013075131
131172134174
68697170
159168161170
8710489107
17162018
1306913371
4913853139
1963319935
5817862179
180246183248
125159126163
3810440106
9713199133
912712129
47414943
130148131151
13651667
114193117195
157149160150
3620538208
1157211775
167117170119
72727574
18272129
1724622247
215516
153204156206
117206119209
113191118192
1354713849
939894102
148209153210
98195102196
45244726
1699517296
1578416285
57176019
91499849
4013943141
173158175160
5510758109
17631794
1258812791
1051610619
165247168249
53885590
160214162216
175138177140
115244118245
1982110
9410395107
1143511737
143162148163
9623798240
2923030234
1645516757
5511257115
1468114983
1818818490
5911162113
194147197149
6318366185
4121844220
39544256
180201182204
166175168177
195232198234
154229157231
161217165218
1781618118
1275613058
1318913491
1317414179
150149152151
2520627209
21474149
8722490226
138197141198
1337213674
11531223
101197104199
5110854110
45504753
186230187233
1659316895
1755417658
7671068
182211187212
140243143244
151102153105
150131154132
103223107224
50265229
1481015112
128198131200
133185136187
37453850
1354513946
16841715
1958019783
5216955171
9124896249
4116243164
56635865
4719650198
67527253
127119129121
127202130204
8218087181
1843318636
1288813091
5715559157
1483415136
1127711579
157171160173
136149138151
1516515467
194156196159
549956101
148100151101
1963619938
177217181218
30673369
1116512168
1665917160
145164148166
1814921150
1624616548
7212575127
21605162
8824690249
181158184159
48235125
1191912221
48465148
51877189
9617199173
166102168105
136179140180
151191153193
2819232193
149152150155
81388440
41404641
9012892131
195106199107
1169211994
41314334
5221255213
4221144214
4614549147
6416467165
70607561
9312196123
7812880131
1551915821
1017512178
1165011852
1304013441
133120136122
152173156174
83478748
1387414176
120107123109
153201156203
145167149168
145116146121
89809183
1747617679
11591461
1466714870
1977219975
3012931134
816710169
178224181225
778980
154247157249
1889619198
2114224144
50585360
14961509
1384014141
62326435
1837718580
58606062
2212923133
379681
1335613757
9212493127
66466849
84728774
1079310995
5318556187
123182125184
1023213234
174191176193
133106136108
8223987240
2418526187
13398135101
165225168227
111130113132
1583816140
100111103112
139100143101
2321425216
130170135171
178219180221
137160142161
166214171215
4020143203
113110116112
99126100129
1464414946
130167134168
2814830151
1518815390
9721999221
998210086
1210514108
25922993
96139816
43564658
4921051213
44624664
100209103211
164916711
14921515
76308131
9118994190
1838118682
4419147192
112811410
1521618218
100212103214
6611768119
2918031183
6721772218
48165217
16601962
1904419445
74257727
174114177116
137113140115
137162139164
3224135242
117178119180
1158611887
1514015343
9318096182
1575515957
124134128135
1118611487
2410627108
7723482235
65706673
01172119
2819931201
116231117234
195215198216
1141911621
3123032234
3724439246
135145136148
115167118169
6624769249
162240165242
126103131104
1421814520
2018922191
1806118264
1515517158
178104181106
1862518927
14498146100
36334034
9891290
3315436156
189161191163
98152101154
5021953221
118146121148
54365738
102103110103
2918430187
135173140174
137122138125
822311225
39934294
196236199238
6311266113
1414714350
41975200
1976819971
169150172151
1933419536
7751077
1368013982
11698119100
181138184140
183112185114
155217157220
56115913
137209144209
9711099113
82338734
9624299244
69797281
189221191224
1188312085
153127155129
1406114363
1092411226
178239181241
4616149163
1746917771
1521115413
1426914471
1772317925
189202190206
115237118239
6623069231
1194812250
1434214743
8612089122
11501182
1523417237
1354013742
99118103119
38524353
160177162179
74777679
8816991170
1563616336
126236128238
7321175214
151188154190
6512367126
18001831
191215194216
1725817460
5913069130
1457114674
4420847210
85879088
1956519867
1032810531
829885100
156162160163
85418843
4923252233
1412117123
115206116209
51785381
111107112112
177152187152
11299115100
123228127229
107185109187
141179144180
121182122187
170169173171
1722517428
3312135124
8321085212
1913021132
1814522146
28583160
34283929
157191159194
151198154200
968710188
7813285132
5310557106
191133194134
1461914822
1908719389
118185120187
6920272204
1523115434
1621119213
173103176105
93230104230
93389540
179208182210
8923792238
1524416247
137129141130
129141130145
1510517107
8713691137
181219184221
76717873
887909
153136156137
1513919140
1302213523
1713321134
8116785168
4110245103
154221157223
555956
1616321164
154243158244
114201116203
167121170123
155138157141
9315296154
0528
1276812970
6416666168
6911773118
1527215574
137210140212
4215345155
6515567157
17242225
195219197221
38874987
6113564137
1243312735
417449
181116185117
113157118158
5812161122
163142168143
61216423
1241812819
22172420
1812121123
10531255
19632165
145192148194
128136131138
1037310478
106179111180
172203175204
86968899
7116276163
1043410637
1685517156
1256612671
42326235
8121482217
105140108142
24492750
1818418486
130175132178
74287729
6222865230
1946019961
130248133249
5318155184
2810031102
9416396165
9011192113
1198012282
7022871233
4520348205
1791918221
820613207
31533356
1091811121
1219817199
34533656
165129167132
1002710827
1413416136
107173110175
57455849
3724740248
1712719129
1844418945
55745876
110220112222
109206110209
1615416854
1704217145
170185173187
2215324155
1151011811
127189130191
189125192127
166108168111
15499156101
3118736188
1522215523
172218174220
149123152125
181145183148
1831718619
2914132143
19071938
5512358124
107164109166
1306213166
28273129
2122024222
1752417629
12502150
913013131
1868818990
146220148223
7416875172
116183120184
3620039201
1313713439
2314525147
2324425247
139123142124
1755918060
115246118248
6621067215
1526915571
169205172207
972810030
139917100
8220483207
616211163
11741377
1905719558
142224145226
6613169133
2811129114
127114130115
630932
1202812330
1156211864
88749176
1268512987
2624728249
5085111
1555015852
66896891
192232194234
8018681189
172213175215
4413848139
1721920221
8119183194
109199111201
912512126
3821540218
3473610
535640
1020413205
830852
1779117895
6518869189
4615950160
183126185128
133235135237
109912102
121204126205
1096411465
1310116102
166238169240
192235195237
1823818540
738940
15371640
13841425
178249189249
194163196166
134211136214
33943696
3810740109
103183106185
102153105154
1162211726
186180189182
6711168114
1809618397
171172174173
143171146173
4610349105
1668116982
3121534217
1591916121
1683417136
5220155203
6619469196
1115313155
178121181123
6414068141
122218127219
5222955230
4919951202
58376139
7810180104
1324713449
1375014051
152170154172
158116160118
1698317186
132200141200
597898
176200178202
9420397204
191238194240
10251327
99910111
4713150133
1592516625
2614028142
27393040
1235112454
164100169101
1227212574
172201175202
34243626
129132132134
102107106108
156159159161
88479248
7022372225
856879
7110374105
5020453206
8724389245
128164129167
119103122105
173205182205
3521040211
1412916131
1511418116
1285313055
1712317424
1947119674
6220965211
1661216815
4616948172
8815392154
8819790199
02181221
146238148240
126220128222
756778
1886319065
4512454124
189921100
4621649218
117122122123
72329235
9024292245
74687670
1235712659
97249927
172208173211
123105128106
2814431145
93699571
169103172105
5021455215
4322346225
3522640227
1242812730
11906191
115125118127
58366836
178137180139
1822218425
9119195192
86568958
18371868
82898790
121201124203
2515530156
22902492
124226129227
2820531207
1418715190
18962098
8917390176
85818883
170180171184
182190184193
53305632
44314535
128150129153
8471149
124232126234
9210393107
6812271124
1519117194
959998100
2511627118
8721489216
5716164161
1508015382
8121883220
176181180182
47365037
1609716598
167220170221
1106611268
1857418876
101225103228
143111145114
7317375175
024325
1691617217
3410537107
6821272213
7024875249
130813210
197155199158
1403014332
1025910561
10061038
2815730160
8619288194
2419827200
2817530178
156186158188
02402243
145142150143
11096111101
105155106159
1149211597
76507952
187106190107
185207190208
1241412517
1718917491
1801318315
33113612
1509215393
2816430167
127156131157
175171180172
6821470216
1817718282
41694470
181518210
1045410756
2621430215
108129110131
921511217
9213696137
162120164122
56885890
1038210783
93559558
124211127213
1215614159
1479614999
185217194217
65196722
01153116
1934619549
3523838239
20302233
2417127173
122191126192
6721969222
191154193157
188152192153
1217512676
1442914731
53175619
7417878179
188117190120
1868519186
176110185110
171117174119
198197199200
108152109155
173166178167
167159169161
3713939142
1504415247
1053910742
1294713052
5411855121
7811182
13301353
165153169154
1707817379
47664968
106114108117
188183191185
1491915122
19742176
3815941161
7723081231
162169165170
1378613988
20702372
1812421126
83128417
3022435225
14621485
13781581
9321395215
187176190178
52415543
1132411526
169228172230
152160155162
89319034
1358313686
182121184123
1244112742
90549257
13441375
173141176142
7212175123
131191134192
1315313257
7020574206
22353239
180242184243
163181164184
167146175146
82868488
165211168213
9861288
31143615
1027010572
77447947
1549615698
3281428
1916419465
151234154236
2316325166
4219546196
8441146
158180161182
1618419186
8414087142
10561358
1308413386
188241191243
1707317275
182215184218
102113103117
19799199102
1905619956
101192106193
1205712259
7323374236
18511955
14341636
99139102141
185187190188
6523668238
106188108191
5519758199
133230136232
1173912041
17562058
7914781149
88519551
137111142112
76597862
47965098
923814239
180165183166
6710070102
1743917940
5714160143
5219754200
73917593
140204143205
23602563
162123166124
815711159
104211107212
1885818961
4418149182
01422144
1291713219
102177105179
2310927110
93529554
5422457226
763965
163171166173
6310966111
131208133211
6114364145
9624599247
131223134225
026527
186238189240
143118144121
2518827190
1692917132
114144117146
196135199137
20392440
155112156115
4917351176
15831615
53915693
28553057
2021222214
9621099212
1458414886
149158152159
6923972241
73367539
4911553116
155130158132
11681470
6221465215
909892101
147157148161
8711892119
141190144192
1937619579
134143139144
1852818829
1544115743
132124134127
8812389128
185203188204
183209187210
115155118156
46934995
032234
1077510977
1002310226
6514267144
119243121245
7722180223
72407542
78408043
161116162119
5319556196
1551115713
1324313446
153120154125
42964598
26272732
1095211154
1867818980
1751917820
76748175
7314476146
1385614059
111143113145
7621980220
100186103188
1889119193
314310143
1706217264
3212933132
8831185
50915293
1421414317
1884019142
1514117144
2416027162
1617016372
26562760
114114117116
127162131163
1517420175
185192189193
111113113115
2318824192
151244153247
429945101
7222775229
179167183168
1643416736
52145615
22732476
1908219284
168124170127
57146016
158164160166
197245199248
1592216224
140151145152
47815083
1322715230
85598860
165231170232
157189162190
377409
145128147130
6523968241
115136116141
77948096
142102145103
169226174227
107132110133
119234120238
1107111176
1402614328
169188173189
6517368174
78378039
163116164119
1195612656
8315086151
7018873190
2010922112
1810520107
1655216853
25462848
2419327195
1303213334
4324445247
162104165106
757959
165115166119
34333538
9714198146
160136163138
14131616
30103212
1629416496
187218188223
191158193160
47894992
2411225115
17899181101
7410677108
4118943192
26962998
32274027
101189103191
1719217394
3715040151
8223084233
112152114155
52745477
93599760
153157158158
1567116072
146110149112
39444146
1198612188
139224141226
23282531
7721074
9119593198
127168129171
1917419279
5016252165
178147180150
25942995
1556515866
5122253224
188245191247
919110191
171133175134
469948102
31336135
1616019162
28753276
24252926
273305
4411146114
4214645147
152116154119
6713469137
193139196141
783814
1071710821
174187177188
106148107153
02023203
186161188163
1623916540
188186195186
7618779189
9413296135
6213863142
153149156150
161206164208
37923897
3221834220
186149189151
179244184245
3422936232
2710338103
35413843
8918092182
124209127210
1941219517
722925
7320074204
44754678
7819080192
8919090194
1346913970
137145140147
1661616818
152138154141
148114153115
1462415524
4011749117
117106119109
1922321225
85158817
52225425
4418348184
72129214
100200105201
91589262
33743576
169244172246
45844886
4624048243
149244150247
1481315015
1768317886
1035110553
4622049222
14251627
1648616887
105160109161
1298013281
62936594
129185132187
104104107106
2222324225
1415614458
1632116622
14951797
61166418
31943298
192218194220
2522427226
314210142
67847185
18999194100
2110623108
4614849149
89159217
14301445
641943
104239107240
28723174
154142159143
1621316515
96559857
8321686217
1953019931
3314635148
35663868
152109157110
8419085195
189218191220
3216034163
7411676119
5422057222
32476249
122164125166
119241122242
119155122156
76897991
96739975
1457514877
1631616518
125150127152
01702172
40904392
2716830170
163189167190
1862018823
196120199122
71347535
2812131123
6918573186
172100174102
1065110853
1656117261
8218284184
161165163167
1508315385
9114196142
9118494186
145227148228
37104012
171221174223
93849587
114103115106
1851218813
71657467
100244103246
53705473
124172129173
74437646
1614116443
117213118216
196117199119
01773178
155119160120
164138166141
160113163115
1066810870
1915019452
1685717158
33823883
191120194122
4512946133
139165141168
21553159
176134179136
9961198
2016522168
1728617588
186167189168
3521537218
167155168158
158237159242
189142191144
1731617420
134201137203
9020491207
154209159210
1562415827
181149184151
4617548178
90699272
4422647227
6212364125
1964719949
191207192210
50665269
48515153
36373840
2013922141
157177159179
9616899170
105162106166
9217095172
52445447
5016652168
5618258184
178115189115
26612864
6196410
3519839199
1605616358
6310566107
164159166162
8611589117
8513890139
44794681
1584116044
7116179161
7322475226
4916951172
1282613029
1713717340
13871590
2515727159
12201521
109116113117
6221265213
8410486106
1194512147
503554
1626116464
36893990
1543815740
1587616078
1191212015
31176119
66927093
9213895140
8410187103
1548715590
111173122173
1391610
1122711728
143184
76928093
134208136210
8317385175
30303332
9419799198
818611187
50555357
135225138226
1209112294
175917613
164203167205
17631867
1275913061
72497551
1717819180
166199169201
77648265
112225114227
3924040243
42107211
1415114353
1254513046
196222199224
2215027151
523116231
1407714280
15301633
15691771
6023763239
1028410785
102135105137
1442614728
128207130210
1325013552
171141172144
73547656
142164144167
6223165232
4422845233
55455649
52126216
1306713568
176208178210
174240175245
8214384146
10961147
48725273
2817939179
1692617128
6123364235
5817361175
84258727
6620667209
22352537
13699138101
135192138194
3524336246
138171142172
2314827149
1743717938
332534
61196420
1513715339
9419395196
9621398215
1183512137
5011753118
1057610679
191204194206
985810160
1819823199
1032210823
4616549167
13361359
148144153145
4311548116
5319055193
194167198168
1618118183
1632316624
1622719229
163146166148
63426644
119196121198
6020362205
102145103148
104213107214
175246178248
104167109168
198209199214
78358336
194194198195
168167171168
10291232
180213185214
1036510667
1751617718
4515648158
8116284163
179186184187
57776079
176156179158
27143016
150111161111
175223177225
5316354168
1965819959
2912632128
1921522216
102180105182
161203163205
179229184230
197108199110
125195127198
17601792
1284213144
48145115
1939519697
39504451
2513530136
90899490
33483650
4022145222
132103139103
1716817370
364396
149225152227
40244325
821011211
6623269234
1279213094
364467
7917882179
25742776
9114394145
910923
1188912290
1239112496
5613259134
1939019692
3319236194
4024442246
154211157212
1111414116
137165138169
181155184157
135227138229
135165136168
1913319236
1104211742
3411037112
82568557
184145191145
109138111140
1024612249
6218664189
109112110115
7319378194
109141114142
125214128216
1737317675
4521148212
02042207
9619999201
2922031223
138247141249
80878190
65326735
3314236143
6385
5123953242
190919311
1033210633
9511598117
2121724219
891810018
99235102236
16791882
139105140108
9310894111
174206175211
1427214475
1196712268
2922833229
179108184109
1133311834
1534615549
122197124200
17851807
8814090143
1351713819
183201184206
155181157183
8323484238
179199184200
1366213963
6311465116
99233102234
5917268172
71278131
8514488146
1073411036
160134163135
3421237214
18741925
188233191235
1966219964
1702117322
