1741
4518349184
560611
6914372144
114197117198
155715710
187209
65926795
1418515285
1486215064
8719089193
172203175205
109181111183
382414
1692717229
1974119944
1658616987
162177166178
2043
161137164139
1731717519
1927319774
1912222124
4112544127
6520968211
1833318635
89159217
7921782218
141137143140
156234159236
6819671198
3417039171
26922894
1581016112
106213109215
3915442156
163159166160
2018121185
1832118425
1269212894
21244127
170203171206
52228224
3115533157
2011422117
1345913761
134163138164
1677917081
4316846170
172196174199
1520318204
02341237
190143192145
8318186183
5019553197
141234144236
154153165153
2216024163
4022045221
17711973
158193160195
163113167114
54635765
3483611
815413155
142172144174
759979100
97168100170
5423157233
190222192225
6922071222
4024342246
4115944161
6916271164
1159511798
66436945
7914682148
23902593
148144151146
178197180200
160224163226
1807918381
1214215144
1464814950
1614417149
18682070
95819783
153233155236
26292931
1046210764
6410667108
188167190170
165181168183
159173162175
15721604
1019210593
1851218913
1687417176
8513887140
173219177220
126193130194
159124161127
3516237165
17471779
140133142136
105114108116
1689217393
129200131203
1596016262
1269712998
94619763
1925219356
1818618488
183143186145
1409214493
126111128114
161147163150
6810571107
092393
166147170148
1252612728
1407314375
129152132154
150164153166
183183188184
173110175112
1302613427
1408614388
146237148240
9112094122
1475315254
1205712259
6020462207
7210474106
7017471177
48915292
4620549207
181202184203
157230158233
8511688118
161230162234
167154168158
142193145195
1813620139
187146192147
44364638
166210168213
5513358134
116226118228
1842618529
86688870
167121170123
189239192241
5924062242
6220964211
1875518957
164223167225
7717980181
4913452136
01533155
175206178207
102205103208
99232101235
1110414106
173131175133
1217513075
56685870
1023410536
18771909
0015
1406714369
134165137167
104103107105
1953819840
10391109
122245124247
016517
143108146110
111911410
153121154124
9324297243
31193322
7212276123
184169187171
196171199172
1698917490
1733017632
1212715128
142224144226
147213150214
126912910
1808318385
1829618499
1419614498
18001831
117239119242
81678270
113166118167
170221174222
150183153184
88269028
1154011941
163156166158
21922295
8323885241
1366213865
1265512758
6213466135
51787181
5910062102
1633516736
141110142115
79228224
111221114222
24442746
1137611678
452484
3213836139
130179132181
1428014582
1722322224
143141145144
130913310
9621599217
6418669187
12244226
112153115155
19031935
1488915191
122106124109
100247103249
700751
10761108
8916291164
3114534146
3814540147
01471152
9115395154
4719150193
23682471
10051037
94389543
3521437216
1487615178
1132311724
118199123200
118201123202
128102130104
56716072
1165211855
7221975220
155166157168
846887
170917311
133236135239
4113743139
01363138
163172165174
253654
49295430
1872418927
187200189203
37404042
119916100
70737375
171113173116
2513628138
170215173216
6121563218
58526154
8421689217
255756
167231170233
123117125120
1192412126
76147816
1261313114
2924430249
6913771139
2610729109
44444746
1004610547
144137146140
77177919
125167128169
25172620
126136129138
111216113219
190227193229
1612318126
1611117116
6424266244
182135185137
69177119
135105138107
11911493
112200114203
112165123165
175243176248
139107142109
6521468216
184101186104
1554216043
4914452145
6418468185
121118122122
3321736219
1256412866
134102136104
397448
123193125196
5822660228
3715138154
49235027
151111153113
15301562
138116141118
150204152207
133179135182
89609361
4819851200
172240175242
67897489
185138186142
61428145
65596762
2218124183
155130158132
668970
6110763109
184227187229
62516454
1413414436
1816618368
115174118175
7013074131
21142317
32673768
160102163104
1384614148
1126911471
1737217574
182121186122
99236102238
135123138125
1504615249
504535
719412195
41676169
11351935
9521198213
1624719249
456488
18241847
1334313645
7022872231
100115103117
1071911020
150137153139
121172124173
72537555
1693017232
100177105178
1347013672
914011142
1741017712
1672517226
4718052181
119168122170
101167105168
1161311915
1962419926
146220149222
39964199
1410117103
137111140113
5317857179
7119973202
4319244196
582983
4315545157
4117543178
899891101
5423856241
1168811990
138217139222
8520787209
196130199132
139192146192
22232326
3222535227
5819561196
8323487235
126152128155
1353914040
65636865
197212199214
118219121221
11511173
3216134163
3724339246
3420337205
192216194219
172172175174
1945219853
4813750139
6415867160
848889
11621563
101158103160
17611792
1786917972
1013710439
143158146159
1831618518
21102411
97163101164
193106198107
17841815
1767317875
1892819230
135136138138
6510070101
6017663178
6417067172
86638866
192198195200
2619629198
812412125
626928
1317413377
8010283104
617111172
1549015692
1108111482
6216865169
1312315126
8114488144
196180199182
167200169202
1762417926
120240125241
65686673
188153192154
121102122105
141151143153
43284630
1401214115
1773017932
2823331235
17141737
190131191134
154164159165
4022741232
1324613448
96569957
41337135
1829418695
3601160
160158162161
29143117
7687811
1666016962
1854518847
116125118128
1059011091
69467149
5924360247
99187102189
175144180145
5424256244
1343013732
106241107244
104156107158
36713776
1363513838
22045206
3810746107
187218188221
162126164129
107140111141
1734817451
136236138238
49885290
7621678218
81113
1874219044
1697117273
143185145188
5010555106
76208021
18492151
5213954142
1846218764
819910201
9312696128
184160185163
6616768169
138166141167
134113136115
1825718658
16421674
6213865140
3311036112
50195420
1562315925
1255312954
1445814760
25883288
1278813089
31373439
5317555177
1349413697
1113112135
182166183171
165236167238
154111156113
129182132184
1695417157
1143411636
5988100
19212124
2518228184
113111114116
1747717779
156200160201
3221237213
177115182116
3421037211
66107
1103711240
1846618669
2514028142
190201193203
1104711250
148196150199
60126314
195223198225
119180122181
7023973241
177141180143
1183712138
1708617388
3822340226
81538455
108188111189
018519
136225138227
49315233
1827218574
1053710839
1391614118
190162193164
266317
137242140244
111244116245
118157121159
1083111332
105179110180
1611719119
152216154219
77898290
7114573147
6918372185
2518527187
112103115105
02143216
14311463
120242122244
293325
182157184159
130161133163
132198134200
35333835
7518576188
02275228
42254527
2916131163
59466248
1313813341
1848218883
9216893173
5718360185
115212119213
9961298
2212627127
4217944181
145105147107
1219217193
1366713969
7924282244
125222128223
185199186204
48765078
23282531
1396114164
56365839
15398156100
172128174130
183245185247
7315975161
119147121149
106219108221
21064108
110166112168
112236115238
150163
1773317836
181237183240
01622165
9312396125
3319236194
1451314814
719211193
1627316475
134201137202
127158129161
140102143104
173156176158
7014073142
89529453
120207121212
2916832170
22349234
167198171199
1466514966
116135119136
1219712498
8920392205
1720519208
142246145248
198240199245
1816321165
856959
7917482176
1369113993
179135181137
139163142165
186239188241
5919262194
109110112112
79928294
1517417177
136148139149
197108199110
193141195144
39664367
1547315775
1844818650
181200184201
1335614256
5022551229
1265912862
62846785
180125187125
51018103
6810273103
9519098191
103120106122
01662168
8516288164
1915722159
142154143157
165128168130
29483250
3019733199
4722749229
1821023211
131168134170
3021033211
1421614418
79128214
81868488
987310175
65866788
179121181124
155160157163
196139197144
1316818169
61616463
109240112241
130204132206
143239144244
58246225
1615416356
8124582248
1303313236
150149152151
73347438
133187135189
90839484
134195136197
694707
6191120
99111102113
5918062182
1512115423
167217169219
1201212513
1905319157
165226168228
3312335125
6211664118
1257613077
157118161119
102142107143
01415142
1374113943
149142154143
104210105215
5018652188
8217885180
30913293
156207157210
40154317
2918031183
21504152
177153178158
5914961151
1048610689
1929219992
9416396165
723810240
2417626179
72217523
8810291104
62459247
29113113
106201108204
178227180229
7812380126
158169161170
1233112533
21285130
36803982
4112843131
185232187234
7819979204
177148180150
47365037
51345336
126428
184107186110
6712569127
1929319794
457759
74617762
3612238124
6510267105
3215234154
42934397
12314233
5112654128
147189149192
188125191126
168186170189
3613139133
1447414776
3622739229
1016010362
4712249125
134613510
147149149152
1516215464
183189186190
9016593167
1024512248
4614749149
30583162
88559157
3010331108
134209136211
1574716049
141149146150
126105129107
116105120106
8022981233
2423825242
151161154163
1448615186
81568458
1652316824
5721361214
2020623207
3617638179
122204124207
73247626
131122134123
106210109212
1689717298
1021810323
152114155116
8116584166
41594560
9214594148
150172152174
108107111109
8714789149
198204199209
69857287
78438045
3210135103
2821529218
134184137186
176237179239
3623039232
039340
1657216873
173161174164
166220169222
119153121155
97249927
112179114181
10521084
43234824
9213597136
152201155203
813210135
105169110170
18762178
1227912780
116172120173
5415555159
90899391
1899119194
8314588146
1492415425
25152816
4417347175
16621963
124133126135
8618789189
1715522156
21475149
129241132243
1862818831
6314166143
1435114653
172139175141
1578715891
85158817
1272013121
143115145118
14191622
821012211
1002410326
3011333115
1619816499
42704671
1779517898
1172912031
896918
7219675198
1446714968
5824861249
9117494176
1910722109
143133148134
9219494196
6719970200
8112083123
1054110843
14541486
62776480
85828983
172189174191
191101195102
110193112196
192130195132
37433945
6921471217
192114195116
101239102243
7713980141
83688570
1451514817
66286831
1027010671
9023291237
1801918320
1483515038
6114563147
35924093
1873219034
8522888229
1921719618
52845685
189208192209
49435245
100144102147
1489515197
123237126238
147137149140
1816021162
34533656
95139815
6823669239
1748017782
5510058102
13871590
187222189225
162207165209
81828484
99122102124
1755417757
5817063171
1633716540
1667717078
1323616238
18598187100
195248199249
153205155208
13951427
68787180
125244128246
7523677239
117146118151
9112994131
154117156120
130141133142
1783818040
1348713988
1794718348
1896819171
136239139241
160196162199
147172149174
5615658158
1686817170
157103158106
95910010
1218312386
2717729179
1702117422
5110960109
177167179170
55505753
110212112215
2017823180
21014103
187189190190
7416976171
1317013372
7121174213
7312575127
157141160143
8220184204
131102133104
171120173123
11001131
111226115227
5716260163
52955796
152103156104
54425644
2520726211
125172130173
108151112152
3820441206
18521884
1261712819
59376238
175197177199
1222512328
1022415225
103151105154
736938
175128177130
8321086211
1939519896
72787580
1605016253
96218101219
171143171154
171230172235
192118195120
32953696
9512098122
113150116152
111120112123
1814821150
139125142126
168238171240
40854189
149100151103
1916622168
7161018
130219133221
158166161168
1256713567
8222684228
1805118254
19701993
1894519147
421212212
9117793179
180107183109
01593161
101227104229
137114140115
83958697
3712538128
1218015182
5718658191
171186174188
1036610668
100245105246
16301932
130238132240
1922019423
8812591127
6815970161
7511377116
3814240144
1754617847
21847185
2716528170
61288131
168190169193
147170152171
85888989
313515
96134107134
121150123152
106166109168
1749117793
94244102244
1110113103
1325713758
5024552248
99211102213
195211196214
16761708
06111
193127196129
4621849220
3713940141
86608862
67267027
140158142161
3615538158
94969798
813713138
95889890
156180161181
1102211225
2912532127
1671716820
34623664
5522557227
1692317424
104247107249
161201164203
01142116
1485615158
3223935240
79668069
83928694
01193121
6319265194
173175176177
1874819050
3814840150
55295632
136158139159
141231144233
1566415867
9024691249
26212824
3273312
083484
128147129151
9115796158
59926493
68837384
9416996172
102148104150
1324715249
189121194122
2818730189
1115214153
1208812193
112143115145
8911694117
42136216
2221425216
182126185128
172142176143
1520516208
161120163122
8318685189
5816861169
122182126183
7322676228
136179139180
1427914979
89629363
3917240175
1579215896
1623119233
143111147112
7218076181
198114199119
3118533187
13498137100
190191193193
3915742158
113212114215
143135148136
8520188203
17102011
163199166200
1521215613
126188129190
98135101137
14711674
9513898139
5813861140
9801281
2819232193
3415535160
78808083
28383041
9610398105
3410737109
3818341184
39324433
51635365
222523
191233192236
41217123
169156172158
7012572127
2117023173
1221412516
1333413537
6515567157
54335635
15001522
111100114102
9111194113
43474848
116103120104
192123195125
173153176155
6424069241
114229117231
105226107229
1318813391
109142111144
37613866
1274113042
933210432
6122064222
2715630157
1206612367
01174118
1582116322
6120164203
88299330
1873519435
112207115209
12231425
1788017985
33883493
8116284163
3912540130
3610339105
1785518157
8510587107
1892119123
8219685198
166242170243
183129185132
31243426
187106188110
45854886
6322466225
1042210624
72917592
5324755249
2810031102
3623641237
1602916132
1513515437
122163127164
1135911661
17181920
7210776108
3713439136
1736717669
1424814550
193220194225
100151102154
10131215
1125111553
97165100167
87328935
127238129240
1244112644
104159105163
54815683
14711493
72137221
3422237224
1737017771
7813379136
8913894139
157107159110
1861618818
118115127115
139189142191
3524738249
8712290123
5211654119
8814090142
110117112119
126179129181
164214166216
132177135178
1648116683
12541457
90409341
123234125236
9320795210
7418277184
109246114247
02041209
1012012123
179211180215
5375
176138179140
9614898150
5219854200
4010344104
9518297184
8410287104
5016453165
92719473
123179125181
174118175121
31553357
104106107108
987610178
194189196191
5712259124
7619679198
62816583
122221124224
2322325225
103201105204
1799618198
141344
132127135129
5320255205
98240100243
2122126222
105112108113
881010
49465248
7612577128
1122013223
5419557197
094395
5511057113
99108102110
12521653
122145126146
13581759
5620959211
83908891
1106611268
2222923232
1962819929
197155199158
1021611219
166244167249
2418827190
81378438
3821642217
125197128198
37943898
3916747167
177117182118
99119102121
8824491245
718211183
176125179127
81398441
192213194215
112126115128
178208180210
8917390178
4217147172
46254827
105222107225
6211465115
1787618078
057260
1709417296
136174138177
1392214124
1276913071
162213163216
1228712489
1305413256
9714599147
1248312785
118222121223
8918092182
115185118187
122147125149
175186180187
5514057143
8616789169
1507915381
116143121144
149241151243
9021691219
155122158124
71617364
6911773118
144167147169
1317813380
1263112735
194226195230
14681770
107235111236
6512870129
8821889222
122228126229
4920952211
174115176117
1711617220
42107211
379449
9210894110
77778079
2711229115
1426414566
1498215284
1068110983
177121178124
202233
1632516626
1635916562
7722781228
184153187155
1626316465
158207161209
9517396177
1315616158
4515050151
193180195182
424446
33483650
8651067
4711052111
1876518967
2311026112
1714020141
2912831130
105126107128
1811119116
135160138162
104123107125
8319085193
45924795
1806918172
2518028181
1602316424
89929692
132149135150
156149158151
9311498115
14301534
13661389
148167151169
916710170
1913219434
52135415
9510698108
733813
1091511416
90709173
153146155149
135223140224
1177512077
187148189151
163230170230
41904492
176162178164
6224867249
2012923130
186244188247
2611829120
9620698209
1651216814
62068208
1144211644
101195104197
7822979233
57326034
1381014311
1614516447
1308513287
105195107198
1347413975
4816050163
196198199200
136129139130
163204166206
11241175
159176161179
154133157135
1529415397
61969198
116162124162
912811130
2623628238
40794381
1706217364
58286528
122123124126
1055110852
5318056182
1412814430
1489215194
147181149183
179232182234
9416696168
336637
1302413425
186118191119
579881
920612207
99103101105
71767677
1752017723
106176108178
823213233
41564458
129155132157
9624599247
108242110244
32593561
4817051171
8113682139
9871289
14011424
93649566
88499151
50595262
41424443
196152199153
3711239114
97141106141
78638065
9018992192
108225110227
1574416046
51976297
1617018172
1797318175
178102181104
01773178
126118128121
1054810750
5419056192
101224104226
1829018493
6724270243
1923424235
130105134106
113121116123
1174212143
2421228213
143119146121
170200173202
4522746230
2724628249
128232131234
97126100128
3516942169
88219023
075178
149133150136
160204162206
1189712099
1705817559
198159199164
1032710529
1659616798
6615169152
73467549
189219191221
5511556119
7621979220
618611187
80189118
118229121231
41125115
104233109234
120248123249
140147143148
151140156141
101179104181
479569
98184100186
2923632238
114216116218
51985699
46655066
4519246196
1379514097
67406942
1452014723
1583916141
161140164142
3823347233
25482850
157227159229
143189146191
501533
64896691
148106150108
957110072
92489649
988110183
1623216243
7410179102
81788480
195215198217
5823260235
3021832221
15231626
170217172220
9715599157
192204194206
1948919791
68937394
126117133117
179191182193
6414466147
1802718329
95228100229
1306213166
8420588206
1811018810
85568759
25642669
15031554
4719449197
8622390224
116107119109
7811481115
58586160
02123213
7220374205
2823931240
15271829
1116211464
17871818
161143170143
35363837
3324138242
1503915341
138201140203
8713690137
100155102157
179162181165
1038310585
1810023101
1111711320
82158417
168134171136
72317433
01563158
120189125190
151152153154
113189116191
122128123132
1835418656
176194179196
71957298
57836184
17899181101
115911811
5316256163
130246132249
162916511
82278529
6221264214
13971898
136187138189
7015173152
151211154213
19272229
163233165235
2721929221
167159170160
86468948
41757177
57856186
1526715370
1817421176
053156
1312913332
13999142101
167177170179
82308731
189102190105
6219565197
2316626167
1612018122
1352313825
5723958244
88779079
4019542198
1377013973
1448714689
1433914641
83138814
18522054
162182164185
65766779
1434214544
91229324
2014625147
195246199247
124150127151
1583516137
1652916831
117122120124
02193221
6020861212
5423457236
3017533177
4314044143
178177181179
085387
91749277
184191187193
122218125220
51169117
1625716758
147234149236
181129182132
2120224203
9224795249
85778779
1011412116
4510248104
31656166
115129120130
57875892
5318456186
1069210894
57785881
184146186148
159131161134
1351913920
2915231154
181196186197
36893991
263564
1143211933
7510978111
1072210924
5421955223
1802318226
34273629
1331113513
62156516
200231
99138101140
2011022113
8117284173
330362
182146183150
137230138233
194201199202
171243174245
69657168
1723625236
170168171172
118196121198
6219864200
91289828
8817091172
103241105244
166151169153
8517287175
153156158157
1706517366
1553615739
3422039221
99206101208
1491415017
25132814
118207119211
129133131135
188226189230
7521153
108222110224
19699199101
169106172107
1597116472
1558316084
91209621
1925719558
15851617
438640
79368040
7451146
196148199149
160227163229
61646466
1528615489
1214515146
162179164181
1452614828
9215995161
99106103107
53915692
121186124188
1361513818
149209154210
1517115374
986310364
979110093
1688217383
489750100
119110122112
164144165149
137212141213
2717429176
1558515886
992810230
5412959130
70437245
4615347157
