1730
102118104121
1518015482
9314698147
92123
164130167132
8941097
2612228124
9621298214
179172182173
5420157203
168219171221
178146181148
1753617838
5723962240
31583361
1891319215
7622178224
6424767249
168115176115
3112534127
53305831
155197159198
126233131234
143205146207
164117167119
1366413966
8520490205
454656
87208923
4222545227
1498415385
7211274114
1183712040
11231425
1955719859
7011873120
02102212
6810271104
39484151
101230103232
1127011572
1878419086
2021423216
53535854
131144135145
1215014152
8924691248
1413014432
9616998172
33323833
154171157173
90299231
128133131135
4610349105
186180189182
128136131138
42026204
120203123205
73117513
71567458
17362038
147241152242
2710230104
1568015982
1261412916
1829818599
121118124120
119212122214
246547
8324685249
182219186220
911513116
816612167
1661116913
4310345106
2617928182
97379940
41774379
2920431206
133223136225
143141148142
1915919362
52665568
123140126142
4413547137
73767578
30103311
3611239114
190222192224
1789418096
99812100
99216101218
1313713538
1881819021
129151131154
1110113104
140158142161
2111423117
8223585236
144104146107
175231178233
1928619389
1679417096
115146118148
98244100247
177127180129
114207116210
111239113241
1633316536
3423737239
127239130241
7222475225
214516
108911111
1623519237
5014452147
1017310475
43324534
176152178155
22275229
1910221104
143171146173
143196146198
150185152187
13941426
19472149
62326435
1132611628
8022684227
1507815579
1198512187
18692370
136178139180
1848118684
106177107181
1121614218
5615157154
02132215
1287913380
13881889
6914472146
162182165184
73877590
132180134183
1977119874
1621916421
20392241
188244192245
1483415036
1598416485
195201197204
169100173101
1509415396
152191155193
197180199182
1084011141
150177155178
2615528157
152140155142
1291713022
92159320
4823849242
3814541147
125247128249
133241136242
160203163205
53715872
2616529167
2418426187
1324713748
9614399145
174126176128
1676716970
164217165221
168146171148
86558957
155180160181
33933596
1294613148
57965998
32783580
129207132209
3311536117
1127311476
186232188235
76407843
52125613
1437014672
1179812099
7310777108
162172165174
68567059
63216523
165206166209
144218147220
1842018722
187158190160
169200171203
171157176158
1695517158
57486050
1514115344
6921270217
149138151141
150118155119
3211835120
163214165216
155169160170
163242165245
7124574247
2521627218
1647216773
174134175139
7717480176
4124544247
18292131
1405614358
1333113534
141218143221
1612318126
668969
172141175143
146208148210
6010063102
160132163134
79158217
8715691157
119194122196
49225124
1298313484
65886791
6723270234
1094611051
4813750139
1607916381
6312066121
1133411635
130220133222
1368914090
2118124183
52735475
41657167
3224536246
4522950230
120111122113
89939793
8618989190
1394314245
3557
1023713239
2517427176
1884519147
8321886220
107202112203
158176160178
8113283135
9116199161
173172174177
3916942171
1372713929
123211125214
8012682129
9191221
1947119674
1274912951
27163018
1422718228
191188192193
1663216835
34553560
104239107241
8889110
9823599240
1246712670
2120324205
119246120249
966710168
5919461196
59296829
134245137247
1255212854
8113084131
754956
66157016
135197140198
4514050141
70407541
2912031123
1547315676
150127153129
78308331
1037010672
1019913201
114106116108
153184155187
120155122157
5313756139
3111233114
1725517756
1802418326
11771280
20552159
53885689
1204112145
23442646
2914932150
1107011174
90219323
145129147132
8219685198
189231191233
187133190135
156189159191
49965198
5512958131
45685069
1328513587
139215141217
70367239
107169110171
35403842
961410015
1375513957
2419226194
172242175244
1697817379
1943619937
44224625
1455214854
870974
41707172
3816545165
41777178
80568557
18697188100
8417385177
13711393
976210064
193167195169
13261349
16431845
4622750228
1717420176
1546915572
16241656
76608061
179244184245
01892192
102153104155
1564115844
28322935
146148150149
5824761249
134163136165
1278813189
32125215
173187175189
193245196247
5724158246
5913462135
45474849
1755717759
27503052
151106154108
1023610439
121184123187
2420028201
44635563
153156156158
793834
1815418456
147102149105
1145011752
65356737
1185012152
1254313243
8422886231
187203191204
83208622
161115163118
5416558166
1625916561
1421314514
175239177241
1623816441
158120163121
149208152210
92739476
1812719131
5710759110
139172142174
84888889
174216176218
59816482
139169142171
6616169163
1611316415
39324233
1145911661
12281431
1996419975
2618828190
79228224
3615439156
178248183249
174195185195
8317885180
1028410586
6221767218
3022433226
75447747
6222365225
158163161165
8612289124
4824451246
1785718159
1821120213
1327013473
7116274164
2514127144
1866118863
160102163104
194198197200
144191146193
32623464
89369139
1332213624
7510177103
1885619158
190238191243
7516777170
174196177198
3610539107
99195101197
8716789169
54175619
177116181117
1626416765
1192312125
124205128206
6419366196
145177149178
7720680208
185207188209
920952
5416959170
14931696
188154191155
21352437
388690
143241146243
1756917771
9523697238
176181178183
1379313995
114149117151
108198118198
124133127135
13611563
173213175215
193222195225
572594
1509715399
01773178
2718332184
3520237205
1313918140
126151128154
116233118235
100147105148
1394614248
136158139160
1665916862
1411515118
47645564
6611769118
1295313254
146135148138
2411426117
2915331155
3215735159
87469247
845877
156243159245
114189117191
45444846
1472515027
195110197112
25832786
112174115176
87418943
79868487
1872619028
1963919940
167185170187
87668777
166218167221
130178131183
158166161168
136133141134
16151818
1114511447
195194198196
1912321126
1803218333
141212144214
33813583
158179167179
165101168103
57165918
1586416166
8713190132
124219129220
0972100
43184520
165223167225
192219194221
1767617779
19652466
15971629
61496650
3416036162
7921682218
164248169249
61836485
117119120121
3617438177
3021033211
186109187114
134135137137
124240126242
75807981
61916493
17712272
149234151236
1235612658
134208136210
978010081
1408714488
981110
540562
1671517116
152216154219
5023153233
116127121128
67406943
120181123183
104230107232
1626616568
100236102239
107112109115
343375
48775278
117224119227
1915119453
27263127
159237162239
3118532189
58446145
86908892
31895191
170168173170
1571416016
16551957
1625316555
110199117199
6717568179
7718580187
9111092113
119219121221
105156110157
6224670246
2616829170
99186101188
121115124117
163239166241
7120975210
1377814080
5715861159
4114244144
1083411037
26212923
125195128197
47425043
1161311915
92589559
6718868191
11299116100
5912861130
182108185110
5221753220
169102173103
9511598117
1503115333
9223399233
7121975220
42934496
1515318155
1251212913
34673868
1619116492
179199182201
159158164159
112185113188
9224795248
31164119
5820266202
1255912960
140122142124
9016492167
8120883211
13771409
6710968114
18501891
1610021101
5018252185
438939
084485
11761208
115137117140
17771799
55415942
137249146249
106233108235
991810021
14011433
5711460116
184178189179
1725017552
142177144180
49745176
5523956243
4320646208
94169618
1622119223
138226141228
15921615
1387414175
161169163171
1512015422
189211191214
19852187
3217835180
1379614097
4012842130
3723439236
31446146
68907291
100159103161
3617838181
1321915222
1112311823
12401271
7016074161
4917452175
28533254
4616149163
8119183194
121175124177
159153161156
4215945161
179137181140
734785
76697871
136161139162
1907519377
129156132158
111177115178
5219654198
79918293
99128101130
28393140
9419997201
1904819250
19102212
104167109168
4521048212
51358136
107103109106
2120924211
4316645168
70857287
25652768
7511578117
110207113209
7121775218
114102117103
156187159188
8312786129
141104143107
1743917740
1111511318
193207196209
35193821
2213224134
185103187105
196135198137
45725272
1533615637
1254512846
2910931111
128124131126
621710218
879889101
36493852
178228180230
168127171129
22165217
17361767
21672468
1498015083
3619938201
38974199
1419917201
5822759230
9213194133
147106150108
118137122138
5814263143
117165120167
1120212205
167163170165
179219181222
6414767149
86518952
126221128224
318521
3616837173
557760
02192221
145212146217
74247726
104150107152
1898119283
618821
16301681
30323235
077378
17897179101
1138811590
1516915371
814413145
75987899
1717720179
11231155
77898290
1003310235
3215335155
37764476
8416586167
196102199104
188140191141
1506215264
187167192168
149215151217
1173412135
160222164223
110118114119
151195154196
1174311945
6814771149
1019818198
1710522106
6119163193
162156165157
59696270
84668669
1142011722
85118616
23262628
171133172137
7114074142
8318685189
6021062212
5224453249
28683170
5116553167
2711330114
5317155173
113112116113
6224365244
1262012822
3314836150
10461078
52218223
189198193199
171229174231
1116611467
1307613477
817210175
169181171184
51465448
67777078
7813080132
1535015651
3615138153
183125185128
1516918171
1224212445
65816685
1213112632
192103195105
9611263
2922734228
106220109222
8514789148
1474815050
2122326224
45824784
1854618748
137163139165
1421514417
120159122162
153205158206
99178102179
196237199239
42415041
1502315524
3610139103
4220446205
054355
9622899229
3824041241
1524718249
164192167194
2224627247
1668816989
992210224
39544455
63466548
13498136101
105136107138
30443246
192127194129
5311754121
141112142116
7810180103
32213423
99166100171
179178182180
104203106205
8421186213
6823072231
2320625208
7511278114
1565216053
1066210964
97959997
117185120187
7824680248
1138511687
178239179243
188102191103
110158113160
01755176
115220118221
173127173137
5122452229
7312576126
191161194163
1515618158
9117093172
1896619367
106147111148
124183127185
48125114
10541356
1616317166
9211694118
2416525170
6218464187
6913970142
1828518587
130245133247
88849186
4112546126
153100156102
79118213
14398146100
1710719109
163124166126
1357214073
197242199245
1459314994
57846086
104140106142
113165116167
181129185130
106199109201
46855186
1357413777
1916021163
1946619867
3622639228
118191121193
1003610140
189218191221
53975699
1210913114
177216180218
9813699139
4521648218
183171187172
1156611867
128225131227
177172178177
46344836
1267912784
1599116094
99107102109
174219175224
922112223
20262228
1281410
170176172179
76917894
8013682138
4911752118
55395840
44124714
156199159201
21602462
134106137108
143143145145
1725317754
1383214035
82638465
1157411777
8110684108
911211114
12251266
52145516
192153195154
1618818191
1115514157
186241189243
9114196142
172216173221
1899719199
153109156111
1805118253
6422967231
87298931
106194107198
2123024232
118132121134
116157119159
70227323
9510598107
150151153152
7319974202
1877819179
189127191129
1687317274
111168115169
7916282164
1334113543
1509015293
2610030101
29413243
11361168
2417127173
7121372216
4821457214
165138168140
186125188128
182196185198
3112934131
5418857190
93779579
174144175148
12731305
45504852
147195150196
2612928132
76117814
1843118733
15331835
364467
103149110149
132188134190
2722329226
3019733198
168205171207
166231170232
196152199154
600623
5012751130
2918132182
1320816210
493695
813812139
111189113192
661863
61266328
89223100223
4421347215
9413797138
45934795
107107108111
1662416925
52565558
93549557
195233198235
596798
2217825180
118104121106
6821970222
175199178201
1038710689
1534815649
45744876
1368713988
1279713098
5119956200
43894592
179158184159
5912561127
1027910680
1034510547
125136127138
108120111122
183101187102
9218596186
138209141211
10111313
25532755
17581960
1875319055
192216194218
165113167116
38924194
62399240
5718060181
164210166212
1311915122
168190171191
1085311354
6410367105
46665167
117124120125
82538455
1510516110
85848787
1612019122
0007
7421278213
124208128209
114245115249
95739775
2913332135
110185111188
1844018543
1069010795
102208104210
9220994211
45625462
186163188166
186183189185
8571060
1695017153
1531215713
192233194235
46964898
56145915
135233137236
6086210
152239155240
107227110229
157100159102
1275612958
31833286
14811512
140135143137
1237712580
9718999191
8810693107
145238148240
168817010
31944197
25122813
84288631
23162618
1852919030
6918872189
107126110128
521910220
1062610927
8019983201
171109172114
60566358
6110363105
178224181226
4720548209
1748017781
4121844220
626829
1818421186
152233155235
36553858
086289
131161133163
4218346184
2821729222
120222122224
65336834
124198128199
1912719330
8815891160
150228153230
6518568187
12961318
196216197221
102242107243
156118160119
11311162
8117383176
197119199122
7018073182
9215494156
94969698
19972299
103105106107
40894291
49375139
32184221
29553059
174197
5491249
1023515236
132125135127
171116173119
1610218104
6822871229
13971699
125161130162
123157124162
1419614299
38774079
150103153105
1112411425
51495451
3822941231
43584660
140242142245
8911591118
14691770
4617348176
1078011181
7417877179
1837618678
15031583
8721191212
108223110226
5717860179
155815810
5114054142
1946019961
72009202
1371013912
1071911021
8810291103
583984
266298
104160106163
107204110206
164716512
3917441177
188215191217
8820691208
6712372124
129242132244
181120182123
1215612259
171817311
1410015104
1593716140
3015630163
101169104171
1061210914
51218123
127141131142
1052310725
1101211214
1611016312
1458114684
63796680
191158194160
6518166184
5822361224
107158109161
168143171145
1813827138
111182113184
81958497
4216245163
98241101243
1288113382
3516340164
143165145168
1911819419
163226165228
193121196123
164142167144
90559257
1064810850
184216186218
34843786
15291732
2214124144
90499351
116230119232
1182611931
1797218274
112911511
26303630
1219112493
129106131109
51355536
3421037211
1411116114
7116574167
94239528
8419387195
2617731178
5916567165
164146167148
1082211025
62128214
7111574117
36384039
7624278245
1105911361
182132183137
5917170171
11152118
7410477106
161111166112
65926894
2718530186
3210735109
104133107135
27283029
136123138126
115129118131
21952496
172190175192
1412717129
107182110184
171154173156
148218151220
63626763
140138142141
68636966
1033410735
22192720
90124101124
5821661217
14798149101
179205182207
1014610249
43704473
1402314128
43154617
1332813630
1926319465
9016893169
6013963141
914614147
6114963151
130121133123
1678316985
98131101133
56555857
140205142208
68607162
699972101
614817
192204194206
8419987201
120229122232
179183182184
22532455
193174195176
5317956181
76788079
9217395175
94489651
181229185230
1496015361
5419159192
89879288
173151175153
1523816241
120178123180
1922019325
1956219963
111154112157
174101177103
105121107123
118100120103
108194110197
157113160115
120171123173
1355114052
7713978142
5318456186
1615918162
111193113196
89919492
24492651
152143153147
1612216423
3624037243
185131190132
101156104157
191137193139
1549815899
1579616197
1886419165
15791782
7516580166
1127911581
1724527245
913613137
118140121142
6812173122
5918261185
6323366235
1668616987
13551369
1893319633
93299631
189207192208
129223132224
197206199209
7816981170
912212124
2213927140
150163
167208168212
178185181187
1631616618
9122094222
150188153190
96249728
4718349186
68887289
7418277184
164120166123
1415314455
8618588187
127117128122
51595461
1751418015
61989199
1913719340
5011153113
1014213143
01011106
1312315125
2715828163
176219178221
2310726109
2792911
1231612519
48255326
1646916671
7810680109
4318945192
7222880228
1483715138
5317458175
136117139119
1311513317
3221435216
129117130120
1002510227
183199185202
6512566128
71797481
1452914731
31553357
3818641188
7024875249
239725100
1567715979
51275429
92639565
2620628208
21474149
65956797
119153122154
183213188214
146167151168
15231726
191132193134
6689
138166141168
77278029
6410667108
1112613129
31316132
143158147159
190185192187
3611838120
12474249
86488950
842864
107116112117
3718239185
2218423188
1217512676
4618747190
2817330176
118200121202
1154311648
5318256183
198200199205
48805083
186228189230
1862318925
1238112583
9271130
112226115228
161177164178
196146199148
6622471225
79948099
849886101
2412527127
6215965161
966510166
7122175222
5720660208
1224812451
9113793140
1446614967
102112104115
8513687138
1724617349
1339313497
1298513187
1098711289
113123116125
83718474
1032010425
130191133193
111134112139
123189126191
67537055
166226168228
179174181177
186210188212
65186820
35693970
113211116213
2212225124
822711229
94204101204
110200115201
017219
146150149151
9151217
113104117105
1551815820
117203119205
3514537147
165151167153
1816419167
190246192249
159460
99105102106
1629616598
579959101
8423785240
138191140193
8120685207
72597561
155165157168
1106811469
211413
16741976
129188131190
41214323
21254127
1292813230
196212199213
1617416475
5410956112
3621739219
175236178238
193172197173
114184116187
7516078162
1198012083
6020363205
195140198142
1464415045
18811984
197225198229
7820980211
16221673
158232161234
3321735219
7911382115
1689017192
176146177151
7217175173
3910944110
1254712848
395418
3024732249
6117364175
1336713669
172202175203
114214115218
32458246
1414914451
116135121136
1417416177
8723391234
158172161174
120129125130
146232148235
110144113146
11097111101
47295030
1201212413
27363436
16641679
179131181134
103178105181
183182185185
136154137157
40874588
9217694178
9511896123
1696217264
7519979200
124171127173
171106174108
1889519396
713010132
20902292
196167199168
93879688
4616748169
7318882188
179202182204
128200133201
8118186182
71517354
1968419985
175104177106
113229115231
5519658198
1108211284
180242185243
154229157231
132211136212
5410257103
131199142199
162127165128
105208108210
29893390
69197220
41377138
1053610739
1135511558
99185109185
117107121108
7513779138
110220114221
8112184123
1201412217
31527153
81608462
915510159
2122522229
170149172152
41614462
10041036
2315328154
6022963230
435637
1233612538
92129514
28713272
102196105197
1653816840
8712990130
1820020202
44774779
26622964
148174150176
4018241185
4011942121
7118373186
818211183
137212140214
5023952242
163229165232
7712380125
124812611
156120157124
80828583
6712568128
35343736
6616869170
8420988210
575607
2121724219
1328813589
1822420226
122169127170
10861289
113135114140
132177135179
1634316645
134200137202
4115644158
123228127229
8821391215
114160119161
130202132204
77527954
9215895160
4217545177
1813419137
8315488155
106186109188
1763117933
110161113163
5016853170
109107111109
155218158220
1464014843
176132178135
1477115073
8719690198
6386413
1261712819
16821705
116246118249
1252312824
115116117118
65866987
9222995230
124102127104
1682917131
1793418136
15641587
12741576
149199151201
10661268
8114492144
7387510
6119764199
131239136240
117163122164
139103140108
1575016051
1106411465
176202178205
1047610678
1259212993
62866488
1303913241
1757217873
39434245
26243025
127612811
1717017471
5384
1222914231
196174199175
01302132
3621239214
181166185167
1368514086
116911811
193155196157
3815941161
3621541216
8617788179
100143102146
01083110
149171152173
2210125103
105223107225
87449145
140229144230
1669817199
180212182214
3914942151
3322040220
48795579
181160184162
126180129182
3110034102
1965119754
36933798
3820441206
4410047102
1877518977
69927493
145174147176
149191151194
1846718572
5212754130
1031610717
152197154199
55245726
152236155238
132185136186
02422245
164133166135
55595662
131248136249
01224123
186173188175
197113199115
5913662138
141223144225
141146144148
170183
1117413177
154127157129
8722891229
