1775
1504615248
9599810
1956119764
1725817659
1027110971
1615316455
2114124143
7616478166
5514057143
1533715539
1472315124
6516468165
164225167227
140205142208
175174177176
1916326163
135213137216
9422199222
37144016
48875189
32913494
43784779
1005510356
9998102100
26152917
162113167114
1776018062
1383314036
149210151213
61806581
13871590
5620759209
9713099133
1771817921
1923422235
1026810570
1108411287
31086110
77558057
197227199229
1458614789
146234149236
5712460126
1317013373
107234110235
168172171173
70227323
3616637169
90559158
130131135132
156126161127
189217192218
6412668127
1057810781
8722691227
116211123211
1823218434
168113171114
1314613647
7215074152
6110463107
168242178242
3417938180
83878590
130122132124
1821218514
3419537197
1422518226
77207824
2721030211
194143199144
1506315365
30123117
120112122115
1623119233
121220123222
45264729
128101130103
183237185239
9319995202
84658767
1298613287
4718850190
157219162220
180192183194
184100186102
1107111373
8021383214
1209612597
3610740108
82348339
3212734129
88259127
7021372216
9222795229
5095311
8511388115
1406714369
136191137196
104201106204
6823071232
191233192237
1442114624
110119115120
2320425206
132241136242
1113411635
143205146206
1931019611
9116894169
99144101146
174138176141
8217384175
184115194115
1015114152
01053107
191181196182
124192125196
77147916
4524046243
9017093172
8518486188
4022741230
194120197122
8616288164
3424236245
162238167239
115233118234
1924219942
2410326105
147116148119
6722170223
195118199119
9310396104
4110744108
7211175113
1387014172
1662416925
153169154174
107145110147
126239129241
9524498246
10051037
1425314455
51645465
121129124131
9891291
48825184
9510199102
1598416385
80138216
17661866
102147106148
1721517517
177121180123
1768817890
133209136211
2456
3423337235
01663167
3214635148
63506652
52225425
9610798110
5412056123
120170123171
7322175223
40604262
168137169140
157112159115
116169119170
8515287154
120178122181
3421137213
1211115112
4819851199
111144113146
1986019963
1374514645
151119153122
27542956
5717960181
181178184180
48465247
8523386236
6724169243
70717572
2920431207
43124614
172112175114
196210199212
1697717378
1275112954
85208822
4516748169
152186155188
116174118177
149130152131
197232199234
293325
1114411347
1198212483
1271013211
1327513776
5014253144
8522888230
138100142101
142172145174
3123633239
166111169112
13011333
229825100
1441914820
174191178192
1546515866
59166118
119182121185
88289229
1621316415
55715872
80688370
186199189201
2818332184
198171199176
8619089192
6116063162
17442046
1399814499
11411163
133123135126
8614689148
72247327
131243133245
493696
149153151156
10661268
83528853
125105128107
8714091141
131225135226
7320475206
150203153205
137134139137
8819791199
4414646148
5323956241
144159147160
1016312165
6311865120
8311086112
1118013183
4316248163
1244212943
166183167186
139109141112
71489150
118205121206
34643766
1415914461
187173190175
101196105197
1132611528
1810821109
4423146233
2216425165
3817641177
59706173
100131103133
161246165247
35493850
14311454
194187196189
8810589110
1806718369
1006410366
174236179237
6221465215
1818223183
12284230
1216512666
59646167
185196188198
1769117893
176194179196
711210114
152182155183
4923151233
17601792
2514327145
1441614718
959998100
167122170124
42924594
197107199110
23202522
26922895
1944519648
13731575
3818640188
5012852130
62386342
11704172
126171129173
14031425
166916911
98156101158
9314195143
7719680198
1144811552
166146171147
149139152141
82638367
29833384
17472049
1714217444
1620119203
1841918622
10951396
196172197175
2513327135
1723417735
88239324
4522248224
118130120133
98198100200
116172119173
1853818840
1932419526
7518278183
3919942201
12153218
1918419386
3219035192
154100157101
1013512138
22572360
1607916480
26662770
54585759
3812639129
1334313645
5715361154
181234184236
1846718769
74117713
2521527217
1884319244
49665268
150219152221
194194199195
19631995
13811422
112114114116
71107313
83408543
6320466206
2124024242
184242186245
23132814
712810129
1347113574
1205512356
78528154
177116179119
1613216237
8913691139
45804783
1119311395
1486615068
102156106157
7619079192
1106711369
59746276
3710239104
2319231192
8924692248
143101146103
159233161235
1888219283
169194171196
1304113542
191194193196
1194312245
278480
60216223
1522815431
1551215617
6323765240
3614539146
1023510340
106168109169
9871288
6213764139
8911691118
78438045
222524
7916884169
92579459
72477351
6621769219
185105186110
2024523247
61359136
3124036241
102158105160
1575615959
5824863249
4811850120
137179144179
108137110139
5521358215
158106161108
187131190132
177113180115
2722628231
162197165199
169186172188
1063711038
190151192154
1724120243
4219645197
172204174207
3118533187
61519153
5714959152
140139143141
34833785
193183195185
133157135159
136230139232
12221254
189127191130
152209154211
5222454226
95979898
4716054160
10451086
1049610798
9219695198
1610417108
16321835
9612498127
7514978151
7722978232
5712758130
1207012372
142114146115
7224374246
1091811121
147203149206
174247177249
18842087
065367
34453648
6614175141
8621691217
116160120161
36723775
1044310645
5020653208
31565158
125151127154
126124129125
58566158
02314232
3917944180
3724539247
89749475
5896111
50565557
132175134178
9023693238
01811184
2424427246
359760
186214189216
185153188155
65196820
1794618247
19662268
1819327193
121159125160
1455214657
1415614458
1924519350
112175115177
1068810990
134172139173
1376114063
171181174183
1096411266
7021975220
56835985
1634416646
41694372
3210034103
140239143241
186145188147
1276513067
146166149168
9523597238
193137195139
74147617
1598616189
150190153192
174238176241
1925719459
4720549208
2518127184
131163
128179131180
1715819161
141180144181
85498851
1456514768
22892591
164121166124
97175100177
111219113221
2718730189
813011131
190160193162
9117394175
6520968211
133127136129
19321955
13341357
155136157139
6266215
147245150247
1222915231
9015894159
3111233114
6422967231
49345236
1112714129
66886891
109202114203
4418946191
1452514926
185210188212
162127165128
12771299
129203133204
1321513517
14311536
120142123144
01082110
196129198132
3121033212
53295830
161213163215
4613148133
149116151118
103242105244
127112130114
5120953211
6724772248
2524230243
8410087102
60336335
8712189124
93809582
6320768208
62896591
343375
1291414014
7610079102
149214152216
1529815799
9814799150
128218131220
11464148
134164136166
113208116209
1191612218
1013210434
74517753
3617037173
189230194231
104161106163
8924292243
66686970
1648516786
6613368136
1355613758
5121254213
9121893221
89809281
137121141122
1657816780
1774217944
6211371113
109215111217
1945219953
114106117108
4221945221
125248128249
5219455195
1858018783
191174193176
99240102242
722763
81608462
2220125203
168231170233
7824381245
1245112654
1922420228
68637165
36174118
8314986151
1488115182
1756517670
144106148107
3017132174
98207101209
56535955
145140146143
3311835121
8622188223
688890
193214198215
3010632109
3818443185
713211133
1974519948
6321665219
178232180235
141166144168
160160165161
6712071121
1415516158
1149411796
1412014323
150172152174
081383
6518368185
105140110141
97769979
8915391155
16501701
1934319844
1456214864
1773718039
186151189152
139224142226
1065410955
63536655
138202139206
6817071171
1867018972
8620889210
619821
1931219813
6118461194
9511898120
103112107113
2312426126
1374113943
1487615178
6822771229
181168183170
1516615368
13661568
14061428
5122153223
48375139
1515119152
638940
1787018171
147144150145
1678916892
149106151109
124211127213
5723460236
1113611241
7812880130
3611939121
1032710629
48245126
3115534156
61568158
122182126183
124218127220
6211466115
575607
1371614018
1578315886
3614941150
01222125
1233112832
3413937141
52265528
156161159163
1210515106
1241312615
1821421216
47905191
30563357
1679617197
3817341175
12371539
01352138
2617528177
82458448
1015313155
147199150201
120223123225
1932719530
1487115372
1712820130
99244102246
160185163187
1697417276
39954198
84116
1293113332
1194812449
1927519577
6322166223
6414267144
1091511217
1712119123
19461959
1213014132
01683169
38274030
1787218174
134115137116
5411657118
172123173128
170234173236
1288813189
53405641
93289729
8912692127
8498611
6013365134
155239157242
1754217646
134103137105
1255812760
67296931
5415256154
4723850240
981910121
187232190233
98168100171
1469614998
113160115162
164141164150
39114213
1455914861
1305313454
1289412998
1169711999
51125414
8621164
174115176118
21472449
188121193122
196137199138
179242183243
186239188241
163201165204
120156123158
185818611
1342713629
169167172169
128195131197
1183512137
120134123136
12371268
147142150143
2718530186
1962819930
1079311095
922711229
1217512477
1017210673
1419217194
1535515657
134202137204
117243119246
1579416095
561763
12401271
996810171
512410125
8515588156
4813750139
155107157109
183136184139
9622897232
106223109225
119127124128
1592316225
178166183167
1891419215
4411546117
116178119180
4614947152
30643267
120216124217
2519530196
99233102235
998610387
59910
130223135224
168162169165
1411514318
117247119249
1799318098
151146155147
942974
85958798
1611319114
155169158170
1110715108
96329834
8421186213
3623738239
52006203
1219517196
33333635
1371914021
182210184213
767970
138513910
15591761
53175619
110102114103
2120924211
6218864190
49695271
7011472116
155104157106
140203145204
2110125102
189179190184
194209
1737217674
70567358
1925619956
91969498
99194104195
112185115186
168141171143
186124189126
235437
74227625
7161117
20642365
3816840171
12631565
59616163
26862888
88949096
6211065112
1884119142
6919271195
2018922192
8520088202
179107182109
132169135171
1146411766
1049110693
161115163118
168228171230
159142162144
722310225
3915744158
113207120207
17751880
5016453166
126126130127
136248141249
10251327
1655216953
71547655
65976899
1962219924
178203181205
162107169107
163167166169
18999194100
1713617637
6219464197
145209148211
1372613929
1441114614
1092911034
1326413566
172215175216
118223119226
7614179143
126208129210
2813931140
56685870
75937895
985810060
3220334205
180200183202
51925493
7018673188
32503453
125163128164
121104124106
7611079112
74567659
160226163228
107171109174
26102912
2617129172
175100178101
96879890
189212192213
160147163148
61889189
1565215954
3413235135
125161128162
1713620138
121228123230
1693517039
108113111114
116212123212
6113565136
3024733249
1272413524
397428
2313128132
155195158197
02403242
1669817199
157212160213
8723289234
65716773
7922980232
4320346205
161916510
195196198198
74367837
189239191241
124228126230
64766778
16431713
2021922221
55935895
179226180229
2419826200
84178719
83148616
1148211784
86889089
2914932151
190224193225
1328913590
1755517857
25283029
11271159
181195184197
073275
198102199106
8312685129
109199112201
1105311256
1147211774
6623568238
1016612169
1916219463
7219377194
1818620188
5712060121
6710470106
18232025
183171185174
4718757187
5312656128
195230199231
174189
144111147113
109229112230
158139161141
4113443137
1413414635
4517648178
79348136
32113712
1514818150
107163111164
5920562206
1052210824
140135142138
106194108196
57165819
65946796
4012045121
7110073103
7817881180
98135101137
1827918482
3920542207
111197116198
5813560137
40784280
168238170241
1298013282
44534954
174124177126
1320917210
170193
3618139183
4923552237
44214623
1572015922
1138511687
1681417116
1034910651
77588858
162170165172
133199135201
173148176150
1721217414
174164177166
1872119022
4013143133
1914720150
180184184185
6120964211
1211212315
119239120242
535837
8471049
1574316244
5420755211
163195168196
1755217754
8818690188
195233196237
7122172226
19896199101
1747517777
14801503
1114211543
5413557137
110185111189
190192193193
104212107214
1819318494
137243140245
3020031203
121101124103
182157185159
10931115
175135180136
1427314575
8920092202
101230104232
1754917751
01013103
103180105182
1619716499
106175111176
8724388246
1251310
8516686169
2319026191
4010549105
191209194211
449949100
100201103203
813835
5114054141
2711330115
107159109161
31385141
139194141196
151164154166
6518868190
5417156174
1368714188
44724674
51945496
62696570
1382214025
162137164140
37474148
1081111013
3811541117
1197512079
1573216034
195238197241
9223095232
57345936
144227149228
69877288
50445345
2119823200
163208165210
3822440226
284388
3616339164
177221179224
74607762
5911161113
91899391
120147122149
9331235
31355137
2317125173
164205167207
136132140133
820852
3314935151
56495852
128128131130
106187109188
153126155129
67826984
103188105190
119231121233
1706217364
14521655
3311536117
113154116156
197919911
117143119145
148132151133
24522655
1007810479
1121012010
162221164223
44474749
3412236125
1275713457
2122924230
191123194125
3423635239
142147144150
168202169206
1638116583
1117911481
7914982151
92123
140105143107
95719873
6020265203
181240185241
1813918441
11241175
38324233
055258
148241151243
9414897150
18502152
1571516017
187157190159
77318033
3124233245
5718858191
1931419418
191202196203
1422318224
7222776228
01122115
120196123198
2020121204
4121144213
9516198163
8524788249
870921
3821741219
1594716448
8215284155
5515558157
113246116248
1434014542
2824430246
45334834
36763978
1612418127
120202123204
160224163225
22465248
40554356
12051227
6611769119
10961166
178206181207
140164145165
124221126223
184189185192
188188191190
7615481155
1117411377
8511153
5323056232
793995
181145183147
179219182220
1905119352
1191212015
31146115
9413899139
142119144121
158116160118
185103189104
57415943
123200126201
1605616258
1596516266
1635616460
5422157223
154243159244
18712372
192241194243
1475314858
60856287
170107173109
1663516837
1077210975
6710270103
42347235
178172182173
132196135198
178174182175
35893791
2417826180
138158140160
9223394235
159102162104
174208177210
34873988
5495711
194112199113
179176180180
4316446166
147146150147
6211665117
20922394
6719970200
4917052172
1020215203
179181182183
159168162169
57615864
4418646188
915613157
1498515287
146123147127
1038310585
017219
177137179139
115140118142
564766
5614558148
1893819439
6513768139
96809882
1906419366
8717690178
195114198116
182203190203
5018453186
40874191
108149113150
42454349
9310595108
47725173
1893119233
1947819779
1188412185
1775818259
1421114314
5416857170
5813861140
1074811050
102142105144
7024174242
1803118136
7916182163
142129144132
1663816742
142143144146
177154180156
1795518257
7822080223
1916719469
1571015912
67537055
181122183125
5519657199
173110178111
6386610
190216199216
127242130243
435467
2114424145
160162164163
6914772149
1135311555
7216277163
3519838200
185207190208
5620259204
102216105218
18212222
147170152171
107132110133
1552015623
144239147241
183106184110
7818883189
8419587197
1329513596
136123139125
5921361215
48745275
115102118104
4217444177
17531955
195149198151
99184100187
34313732
79218123
158164160167
1138811690
1131811819
1041110713
1131411815
193199198200
01735174
99115102117
158236161238
78858187
89939693
8517490175
1901919520
10996110100
1535015651
171129172132
49765277
131182133184
32363438
102236104239
12641296
121150123152
171100174102
9118294184
145128148130
62656567
10101120
1214414147
131133132138
319521
1173212034
4924854249
143135145137
138144141145
213316
88789179
36263730
2410827109
8322686227
8019183193
117181118185
8121983221
168184173185
1524518247
8312084125
3515540156
4822851230
170177172180
62616464
114219117220
6117966180
5416557167
133205136207
193135198136
998010183
1014112143
10691272
164187167189
9412896130
7911382115
1614016442
34543756
875978
137210139212
2413627138
812013121
1417317174
22172519
1264812950
2215024152
174220176222
1929519398
137129139131
113228116230
96569957
3410735112
144138148139
36673771
129205132207
176215179217
179157181159
127202128205
78178019
102205104208
1087611079
1832618529
125216128217
4912150125
1651316716
9801003
52885789
1017313175
1515315257
3611139112
147163150165
1001210116
158152160154
180222183224
3013033132
1497315275
6216763171
7424777249
115134119135
1798918490
7017674177
5112253125
137240139242
1479214995
6115764159
9523398234
8813091132
110204113206
5124554247
1043910642
158187159191
41574459
156200161201
51786181
163177166179
5917763178
8920392205
102145106146
106109111110
104710610
1602616229
3721440215
89599161
186148188150
21622663
142216145218
505528
8023982242
4484611
103103105106
1573816040
187176190178
175171177173
99118104119
69187021
6116364165
1432514428
114144116146
1785017954
175103177106
9010492107
9010993111
6514868149
56906191
149193152195
4617951180
5111853121
1471114914
8220184204
2623429236
152115154117
8011082112
155210158211
18601911
184112187114
9411497116
184122187123
52975598
62566360
7415976161
038340
8113183134
14281630
124122125126
9619598197
37353938
30593361
83449044
184119187121
42154716
129168131170
74397641
5421962219
145237148238
1776617774
1633316536
99214103215
1563016131
195226196229
187101192102
153221155223
165220170221
89929692
1959219697
153212156214
3515738158
1473415036
173130174133
134184136187
1836218565
1012611226
6712270124
2715830159
1674717248
1066710968
22252527
0301030
8914993150
141133145134
1158012081
100161103163
806847
4316744170
145179147181
773805
1949019498
142193145195
42427244
1122011621
42414542
155165157168
113126118127
143175148176
1116011263
79948296
120246122249
10761577
9011992121
1853018733
53775878
14251627
156206163206
7517578177
1711820120
1454315044
191177196178
108226111228
2418726189
97659967
7918181184
1611519117
93649666
1811021111
18241875
4010943111
9516797170
124197127199
1905319354
107205109207
103154106155
168197171199
151224153226
1257613077
5721060212
79648167
1267813179
151137154138
9413597137
172245177246
655857
14781681
1754018041
6215565156
61679168
8922891230
409943101
85598860
194224197225
7223773240
183140186142
1162811830
6424366246
175203177205
3822041221
14599149100
1712717329
5716260164
175200178202
26212823
1674917051
4222746228
27322934
142161145163
4712148126
4916152163
122161124163
155171158173
101167103170
172136173141
124202126205
573974
1018712189
5222754229
2823730240
1586216164
1503215533
1682917031
103245105248
1167711879
5724059243
6083
72597363
1254512847
137207139209
18321883
9324298243
167170172171
185179188181
5121454216
6021662218
7218274185
1818919192
112112116113
119108122110
114225117227
5718360185
6813070132
9521398214
181119183121
180237182239
165139167141
192129195131
157174159177
538618
125100127103
179211181214
1216712469
149102153103
8788813
71397341
186127188130
197201199204
1820920212
134161137163
3418537187
142191146192
1162411826
1783117936
130208132211
5020153203
170120175121
12501355
1189112094
108129111131
52875987
138161141163
5219654199
1521919220
103219106221
3317135173
179148182150
01425143
330362
1502515326
44694671
3512637129
54815782
81408244
170202171206
201233
42244426
106142108144
1268012783
328829
100212103213
157214160215
8023784238
1747817583
1749417696
134245136247
7110474106
111207112212
1099111492
175151176156
1402614228
113128118129
146218149220
1439514597
2922632228
31244128
131101136102
1135611558
8721890220
1574516246
1385614058
30543355
137164139167
8313588136
1164112142
1610018103
9418596188
3116633168
1020413205
151227156228
2815231153
4520948211
1398914290
159170161173
6024165242
137247146247
579959102
136197141198
1302713328
8421886220
102134104136
185182188184
1292913230
4820057200
192219194221
9320696208
185136186139
130200132202
919994101
780812
1023011234
824211244
126145129147
147189149192
02433245
90121
4821950221
1913619637
12621293
1319917200
181104184105
71167318
1734617451
113123116125
6217266173
1219312395
6023762240
20102312
1798018182
69397043
4113843140
146131147135
181189183191
5922062222
124133127135
107201108204
72308330
105134108136
1674316946
56965998
181113183116
16732074
174197177198
4121444215
119139122141
6518669187
55205822
2011522117
1186312066
109194112196
