1792
6513267134
193131196132
1945319755
12201621
2921431216
62486550
3821840221
150245153247
77717876
157164161165
171109174111
2711929122
74197622
1412216124
2218423187
5323356235
51898190
4614651147
5314456146
1936219664
9119994200
4821051212
175161177163
38364039
1657917479
4995410
1203012332
1789318096
48825184
183161185163
74587660
80788479
179233184234
56935995
29463248
51568157
1834318645
1157511876
124191127193
130152133154
9711273
5412257124
1739817699
2792911
136189138192
102200105201
8521987221
15341565
38824184
131246134248
1691911
2316426166
436459
197208199211
01162119
1059210893
3613838140
9517798179
4113544137
114185115188
1288812993
1718717688
7114473147
1804118243
1153311636
64606663
151150154152
194248199249
170248175249
160149161152
1179311996
143161144164
5617559177
90299231
4721650218
2717532176
70237324
157145159148
1443614737
31225125
146134149136
99188102190
171187173189
150204153206
7723080231
77818082
6522968231
1115014152
3917642178
1123111632
6516468165
179148181151
212613
1917719379
1817618478
053158
60956298
135223137225
97939995
109199112201
11741278
1724619249
1449414795
5022953231
1578315986
8410986111
1099111293
595798
78528154
192218194220
132234135236
1197412176
1973319936
146192150193
162149164151
111228114230
41364438
8817391174
89329234
105150107153
1591116113
1411214613
1117811480
101205103207
5023252234
141241144242
84408545
6422568226
1238412785
162220165222
32243526
6587
81228423
5886110
173196178197
239725100
4222745229
115120116125
7422576227
7720580206
1623619238
1173911942
31156117
26532856
11561657
2916232163
1312716129
1899319195
175216178218
104141109142
1502715230
635648
1119013193
147149150150
169204174205
146218149219
5813562136
137113142114
4418346186
9118794189
62806582
160223162226
2621130212
166158168161
67506953
1022010323
154160158161
39944296
197239199241
1498015282
1042310725
29223125
977610177
2524226245
110153112156
175107177110
1706017362
116203119204
1405414159
121160124162
2814631147
159169162170
101167104168
194225197227
103188104193
6296510
1538715590
78928393
167101169103
650753
137195140197
81828583
5215255154
100215101220
1722322224
94729774
170238171243
100210105211
184197187198
193196198197
6824872249
113113114116
156180158182
101114103116
69747077
97172100174
181238186239
1108111283
119137123138
1023610438
162100164103
46104812
9311996121
103176106178
7719082191
2116226163
126122129124
160133162135
57396140
93479649
1156011763
3422935233
2910334104
1287112974
1568715988
5219454196
135115140116
1001510416
1421514716
119155122157
173128177129
2610030101
1806518268
1657216874
26313132
162202165204
1419416197
184146187148
3316335166
359760
4816151163
44804782
1851918821
68907192
32287229
3615539156
21742475
85128814
193198198199
104115107116
3310035102
17562058
1920722208
9010595106
1256013360
184173187175
72707473
138122141124
1691517118
145161146166
31436145
4419445197
1733717639
86438945
1533815540
2312226123
1156411767
1866118864
1924119444
4018443186
1745617758
1722317624
8720789209
185201188203
167216170218
129156132157
1811418416
709973101
196212199214
1082311026
5423056232
1653716641
122217124220
67127014
7122673229
16752076
110211111214
6318266184
8417385176
147177148182
1044010543
21662269
71747279
7911081113
146220149221
153103155106
76188418
10551086
1523918240
194100199101
34583661
122239123242
94429744
1111414116
3318938190
145241148243
1172711930
8123082234
1715420156
1832818829
143235146237
2623728239
01902192
135163138164
1597716478
68157116
2716228166
1124415245
165122167125
1724717648
151188153190
22792481
37103912
64366837
8911892120
2813431136
1904819350
42207222
1109711598
152137154140
1513115432
5615058153
1771818020
2311028111
038240
119173121176
107146110148
1503815240
87879188
117108122109
1289613197
195179198181
1315113452
73557557
1624420245
98104100106
9222995231
104126105131
69697171
105237108239
7741076
74347637
7013672139
1422214524
23182719
12661289
113210121210
816612167
116180121181
1120013203
32143416
5814160144
59356038
7618281183
1514915351
59766278
1735317555
50265328
60116313
1529615598
100128103129
12324233
181218182222
165181166186
124171126173
150136159136
719410196
1545015553
75137815
9322196223
4315546156
1457214774
123106125109
74327933
49365238
68477149
129223131225
8210786108
5585710
119150122152
164131167133
1176812069
9812699131
1326913373
847869
186130188132
1861018912
3917942180
13311353
1371714817
129195132197
178207181209
3221537216
4223045232
956410364
1785718159
14241527
3319137192
156105159107
1875519057
1035611156
1674217044
12051227
1538015583
8621291213
1003110333
2622729229
31683469
154191157192
11681469
10411343
2921831220
1036910671
64526655
14411644
7111112
1304713349
181178183181
121247124249
66806982
140128143130
167237169240
31636164
8910191104
085189
99242100246
162177164180
91122101122
190159195160
4219246193
187127196127
96125107125
6012963131
1281813021
107179112180
52115513
1021812220
159160164161
75698269
102148104150
17182020
183106186108
113168116170
3521737219
21377138
180166183167
1182412126
147162150163
5522358225
190182191187
22442447
22212523
144184147186
159215162217
30943197
819711199
106126109128
101179106180
191163194165
6620469206
140136142138
128242129245
1133611439
102217105219
40794381
20142216
1351813820
7111472118
61128114
2320824211
6420166203
28673070
147170152171
7017971184
7922483225
111202114203
97206100208
723012231
45755575
62446347
5010953111
1737717778
177184179186
8713090132
134206137208
4220547206
130122132125
1563915941
7218275184
1148911594
1697317374
10241046
1328413685
988010182
1419116193
4813453135
918810192
127202129205
82558656
173153176155
1312713330
488889
3420237204
123205126207
18212123
1096411266
132171135172
130149133151
8014482147
125211127214
186118191119
1652216824
521535
2911032112
77668068
9011492117
1844019140
01723174
8811191113
169226173227
149228157228
7112272127
143914511
7121874220
83688670
1396714170
1572616028
162139164142
8821993220
45724874
32203522
1016510466
1913021133
188197190200
6019763198
36773979
97166100168
194107196109
106240111241
1034810650
1029710499
166224169225
111248120248
32176219
181214185215
193177198178
1521116216
153134158135
95129615
157197160199
97169100171
174167177168
108195111196
62566558
51308132
1525415556
1532815630
1621216415
121191123193
157200160202
1802518129
173195182195
440642
5210455106
4511550116
193194198195
7215681156
11311153
70547754
61736475
103104104109
78427945
107113110114
1031210613
1957219775
175182180183
85278828
105187110188
170224173225
1012810430
1933319437
4715650158
1766217864
118143121145
1699117193
7511178113
6024865249
39914193
170207173209
7521677219
2122623229
1915619457
114191117193
115115118116
3916044161
191120194122
3213534137
76178417
19392241
195120198122
91689470
117168120170
105171110172
119196122197
1181712318
1317316175
144103146105
8623689237
1392914231
148100151102
137243142244
89159217
3617738180
55795682
179152186152
630662
197244199246
196112199114
6820871210
107246110248
183109185111
1531715618
22332435
157101160103
178104183105
152147154149
184178186181
1822518527
1374013942
162104169104
4310046102
117129120131
1410017102
8215384156
36193722
111242112247
1864119142
154193159194
171139173142
1863218934
57355838
5417255177
820010202
16271649
150153153155
1415817160
1717420176
7115274153
85778879
8016784168
52715573
1117012175
86298931
156212159214
982810030
3518740188
774805
142190145192
53395640
73277629
3620938211
25792781
89809183
364666
85528754
25612665
479952100
6311165113
88219023
1954419647
1612216424
48655167
569959101
67546957
177213180215
1838918691
97479852
133136138137
1696317166
1635716659
5610359105
3023131235
162162163167
1908419386
167208169211
1517215474
130181133183
5124452247
369939101
6811971121
1179012092
8015782160
9721999222
123194126196
117228120230
83348537
9361138
136132139134
3513440135
16321835
134209137211
127135129138
170102173104
116105119107
7511478116
109191113192
171230174232
1204312345
1081310
491514
129913210
195230198232
1933019532
9516198163
1714217444
5714559147
161241165242
1609516297
100144103146
13541377
1344513946
176136179138
182146183151
12901492
4223346234
1842218823
5918262184
080184
195919613
1586216164
130243133245
3622739229
43685168
1144711848
5519557197
113198114201
150172153174
19632067
67727173
282296
1647516976
1476915071
183115185118
8322986231
7616779169
196170199172
1622516527
8959100
26572860
145202147205
1858218884
108121111123
8822891230
116165118167
7913083131
3015333154
83489248
69387240
4919651198
176119179121
1139511696
19531985
8019983201
58416142
31944198
80288231
1808618388
10071077
9310796109
8711888121
132110134113
5019952201
1942119822
471673
60536355
107176109178
186111189113
47244927
58585961
7913581137
75767679
166241169242
30903193
177122179125
1464114943
1596016461
140181141184
117101120103
146168151169
1308613288
110181112183
21882689
336387
128100130103
4516147164
56115912
148233149238
169112172114
36233924
101810410
179171182172
122213124216
3119333195
136813811
157236160238
123148126150
139175142176
995410256
21085110
140212142215
4518748189
151175154177
1191212114
1244112743
17799179101
1656216864
29563158
754956
165141167144
122223125225
34503752
1814921150
19852287
137171142172
2219725199
183193185195
702716
1720418208
1005710260
160128163130
6022264223
143227148228
7013073131
1264712949
6318066181
609963101
8512290123
175239178241
15711584
183112185114
195161198163
160136163138
23482550
1707517278
4212947130
157175159177
156239158242
28493350
1375313955
3811141113
6018562187
1685717159
113152118153
179199182201
178164179168
1099411295
9216094163
6214364145
7117574177
154188156190
108249119249
5221655218
99212102214
920810211
168128169131
117240119242
170124173126
9610099102
21902691
86759176
3022434225
167147169149
1947819779
1466415065
4622649228
11621194
40104212
54315932
16472148
151191153194
1188212183
180120182123
1623219233
19161938
37594060
77897991
1002410326
163223165225
171217174219
147209152210
132188135189
83718673
2221525216
175104177106
10501155
6823671238
1962819831
1391014211
170221173223
172175175177
103102106103
5822762228
4916752169
161229164230
326528
145146148148
42398240
02373239
01571161
1920424205
56555957
1949219694
78468147
176149178152
1425814460
1522115423
46364740
7410076103
74247626
9521398215
178128181130
195151198153
99194101196
1336213763
1678017281
1068810890
2724128246
2024623247
4614947153
2110523107
118191120193
184124186127
41434345
2719430196
183171186172
1362613829
1811521117
15698158100
7918882189
108119113120
64446647
611911120
7223675238
987310175
3623238235
160147165148
1706717170
1222612528
1432914433
138165141167
1535715559
3923841240
3814541146
1904519347
1416114463
130205132208
124233126235
48765377
119223121226
65836785
67867088
4612148123
5816861169
189206192208
8618989190
9019592198
1329513696
7620079202
116225118227
1489515197
55965898
9511598117
1115811459
144201155201
13871689
1276513067
1571416016
1583116232
20112213
1892019023
9116893171
9520696210
144179146182
134212137214
11241155
1403914144
4022342226
3217735179
186195189196
136173139174
218321
179110182112
134125136127
127116130117
104138107140
82748477
6812570127
184133187135
1773218034
114132119133
6122964231
1258112783
191216195217
6323366235
5710760109
1594616447
1285013550
115176118178
34903891
131200133202
4723149234
4120846209
164206167207
1104111243
148117153118
89979299
02152218
02484249
128209130211
128218130220
7517677179
1726817968
180124183126
17522054
1323913640
1316713668
6017662178
28333035
8723190233
2324224245
193209196211
9010792110
466489
139228140231
186216188219
1947619777
1208412286
18161848
1693717239
147213149215
178219180222
1014510249
184149186151
192221194224
194239196241
3917240175
76977899
112135
1315313355
16241925
1446914671
157220159222
9217396174
86328835
2019023191
1583616038
1488915191
6924271244
3923141234
335439
96609961
7916584166
1481315115
920952
43564658
1659717397
100136103138
131228138228
1345813661
164128167130
3511938121
6922670231
882913
1916019661
80338236
144187146189
433455
121168124170
7822882229
121227123230
41115114
51855486
3415738158
6220565207
191173194175
187179189182
16661688
722610227
100107102110
3317538176
105169110170
1431914621
3421237214
125216130217
1621819220
5924163242
71107313
135121146121
4310945111
154204157206
53685670
9313896140
1721517517
1513415436
1216312366
6615869160
76557857
163236166237
160157163159
5121454215
01683169
33323535
39184022
740942
1504115542
77377939
116137118140
170106172108
111158113160
1228912790
173150175152
198154199159
4917950184
7015972162
24922694
179229182231
195233198234
86578958
111108114110
912111123
1901019411
158125161126
7523076235
63256627
1746017861
1029210494
1391814618
224725
4524546249
1576516266
6617770178
5612759129
80418342
89849485
5624558248
5422857229
115173118175
187123189126
91919493
2115824160
819883101
31495152
125243127245
1474815050
1367313875
1903219235
9414297144
166154167157
01663167
1738117682
91549356
1717018173
8820592206
103181107182
11151516
137125142126
143133145136
159247161249
7319776199
65926795
2021722219
183121185123
1821421216
1679417096
7151017
381403
28363138
1896419266
7131114
810113102
186213189215
7419277194
7817679179
173237178238
141153149153
5011755118
3816240165
1874319144
02433245
166247169249
1077311274
107221110223
125161128162
138208143209
6014561149
1209312395
194184195189
1719619199
1877918981
186140189142
129120134121
8116284163
87719073
5717859181
85658867
833855
170100173101
2813031132
125152127154
1521315415
01415142
2311724121
1810021102
1797918480
138201143202
97147106147
7313475137
1529415595
47585059
4815251153
4513748139
1346913870
192100193105
13451547
154118155121
197102199105
186240191241
38133916
17571779
5618758190
108151111152
1228112483
1408615086
7114074142
7316277163
800822
111130113132
1663416936
1023613237
1702117322
1186112063
80948396
112123114126
1287712981
1014010342
6214864150
7422279223
181203184205
163234166235
99231100236
712612127
059262
122142124145
73797483
3921042212
176176179178
8791181
1331013513
132239135240
1386114063
3915842159
3211333116
18861908
3911641118
158149159152
1564515848
139190141193
146190150191
149144151147
1633816441
2212927130
147137150139
134130139131
915311155
332534
44645164
9217794180
1320715210
1765317855
156118161119
96269927
86818883
6310865110
181223184224
120204122207
3821340216
6217172171
1776918071
111145114147
1104611347
830861
1516515666
154197156200
27902992
3024733249
1083911240
191154194156
16341656
194104196106
43294631
106200108202
142165144167
1808118185
121102124104
1008710191
89409242
146173149175
36323835
5813761138
10111043
4312546126
4912852130
137117139120
42324534
11581659
99239102241
195173198175
154127156130
1805218353
1719320195
34273928
1888819389
1721317714
9610397106
12121514
95579759
108161113162
4013143133
167231170232
18898191100
170132173134
156120159121
1359713799
167108168111
10661567
96147
121198124200
113240114245
1668416886
3610739109
148141150143
93779679
37633866
27122914
2024825249
21632465
1633016632
148194150197
119198120201
1378313986
21755177
388429
6517570176
186162188165
189131192132
2916430167
145143147145
4913852140
147164149167
59196022
1427914581
14531655
28393141
145245148247
180212
113154116156
1216012462
151160153163
21574159
126110128113
32793482
7019173193
183136186138
193228194231
68837185
12291431
361762
9723998242
5319754201
1291413714
117125118128
3624739249
174208177210
6120966210
1674517046
8916592167
56176118
10899113100
163245168246
172242176243
193146196148
113182116184
4120046201
52635270
1783618138
93169618
159153161156
3719940201
171150172153
3121133213
2818131183
1626916472
194110197111
48325333
169213172215
141115146116
15281631
41697171
1571715919
25852887
1378713989
18941945
60246227
2621628218
174164177166
13321534
129188131191
1164311944
135138139139
9319695198
18111843
189161194162
21205121
8419987201
169135172137
187184189187
1274513246
1481015012
16641867
54285730
1303313335
181188182191
13341347
1772417927
1343313735
9891192
1381414714
26273128
8420587206
10095101100
195200197202
189176192178
168143173144
1014513147
1796118164
190137193139
137198140200
1412514427
2314125144
1979219995
158203160206
95889791
138218142219
163216166218
1922520229
1489215194
7718082181
2410125105
63886493
1599416694
195143198145
1565415955
138210139215
1302213225
2813731139
77637965
1027210673
8217785179
161198163201
9416996171
160175165176
2013922142
14701492
162126166127
5210155103
122221125222
02053206
7911682118
1524117243
7422877229
107101112102
2923831240
177141180143
102100106101
6214667147
1956719869
101226104228
126158131159
6023262235
5412562125
1227712480
7917483175
02244225
7518778189
179116182117
3616337168
111187113190
144158146160
130136132139
8516688168
15901793
9518099181
67607062
1053611037
159178161181
16361938
1518017182
72507353
1266112963
9521198212
143212146214
1455314954
1816521167
1712322124
33463648
154207157209
7714179143
41677168
54465649
1251012615
6922371225
150219153221
65866689
2611329115
1876919071
139163142164
535737
9113394135
1843718639
711510116
1511319114
56735975
124226127227
120184124185
9022192224
1258612788
1803918340
13781482
49965198
8321685218
107193112194
6710270103
84968798
47905092
184244186246
6712270124
5513657139
21804183
2119526196
20702372
175203178205
1657016871
127199130201
91509651
183199187200
129186134187
155149157152
119146122148
16512651
150229155230
149239151242
1802318324
1456614868
23662668
152131157132
4022741230
109712100
127118130119
182240185242
18591949
8788911
187204194204
152144154146
155231160232
169115172117
178210181212
128240131241
131100136101
137168140170
68197120
4421347214
18599187101
174184176186
12021224
79558157
2818429187
39314134
42224723
75807683
4219443199
190140193142
137143140144
1572216024
126104128107
141187143189
170182174183
1062211522
5117953182
97159918
1076210865
169157172158
54595761
193225
1831118513
44774779
6521169212
140119143120
61916294
77277930
1456214963
3620639208
18099182101
189101191103
13931425
69257326
6510467107
1074710950
24112613
180158183160
2310827109
4814951151
9311096112
98175109175
8571059
1710322104
181132183135
5514057143
25462847
712812129
92879490
43964698
163169165172
1902819231
1186412067
177154180156
1491915619
171166173169
1056610868
1265212755
8710789110
191201194203
1916819470
72857686
119231122233
150215152218
1605416256
140132142135
1424314346
72917692
116110118113
72167518
1167911981
154246156248
29833186
97329934
128144131145
10961166
612411125
54335934
27153017
105120107123
8013882141
124187126190
44254628
5313654140
143175
51465251
1483415036
1342713532
1605016253
125218127220
147131150133
1225012453
12481550
167183168187
189218191221
1911219413
9217597176
143238146240
4911251114
170147172149
191233192236
1255612759
105226107229
8620288204
1378014082
9518298184
94199621
9631265
71417542
77587960
134241136244
5222055222
5021950228
7324878249
6017962181
8618088183
1763018131
137140139142
101229104230
991410814
57486050
25822784
196215199217
1939519697
1601916321
9412997131
91209323
134231136233
1556715869
125184128186
1817318475
143215146216
189188191190
8716990170
9416596168
1879019091
45854788
8824192242
6922173222
5117053172
2115523157
9324296243
2011223113
1221212415
105234108236
142193144195
1098711190
51946197
19461968
4314146143
7714479146
111136112139
1423914342
177180180181
6514868150
5622059222
63966698
162120165121
1511115412
88949096
3412237124
154224157226
91529653
3814943150
2322226224
173135175138
7613578138
118158123159
73647666
4121742220
100139103141
8323485237
8211284115
1898219283
139245142247
1873518938
1408714588
9523798238
159244162246
56525954
2316726169
70277230
01232126
176219177224
1216115163
7324576247
114127116129
6516168163
7710379105
88379139
80588161
32563361
44544855
169233171236
1905219354
1608316285
3623641237
60796184
48855088
4211245114
138224140227
