1778
87339035
180121183123
5515258153
3521838220
115149118151
186199188202
184140189141
1636916571
169140171143
120204123205
060262
083384
128106129111
59987098
141102143104
18712372
1078811090
48215123
433456
12381440
20602263
680731
4415947161
5120753209
1220313206
8418188182
1317213573
66746777
493515
148116151117
55415743
156247159249
1668416986
5921762219
34313832
12541286
19897199101
1133911641
183137186138
2922136221
1045610659
4717249175
90819184
6320566206
131102136103
5910762109
106146111147
40894391
62189220
01775178
1002810230
1038310685
152169153172
80968299
3513736141
52135515
1254812750
413426
1021910422
153120154124
177120179123
1423815242
9011493115
10761098
38134016
1528615588
8813290134
9411396115
181248186249
150815211
149240152241
1077211273
189191191193
16051637
177197180199
126210127213
1074111242
159111162113
104234108235
1818721188
153145158146
119135122136
253455
44564559
1576816070
713915
1086610969
3822543226
18871938
5122754229
1336313665
130205133207
4615548157
84588859
116195119197
4320946210
192177195179
4375
83708573
8015483156
1656016862
32783580
92103100103
1051110813
3921242214
7811481115
1573316035
140105144106
7817480176
846877
36503852
103144105147
6816170164
1269712899
114165116168
115191117194
1619519197
154199159200
121228123231
140132143134
191155194157
7513478136
75347836
63746576
134194136197
130233
162189165191
7916182162
1838118882
623311234
1774417947
6620971210
74907792
56856086
126200129202
1759017892
54545955
2824131243
66906892
118160121162
789979104
6820771208
6017562177
2813531136
18031835
144100146103
1078211084
7421044
8818390185
2320025203
5423957241
8410687107
147230150232
66636964
196200199202
7412276125
1512125121
170181172184
153125154128
99173102175
1632116722
1447214774
1273312935
3514237144
40574359
92829584
135137138139
1304213244
17671799
83168817
134211136214
122241124243
11881489
2215025152
94729774
191113193115
1612720128
3224034243
1702817231
22792481
173132175135
4323146233
1439514597
913412135
1213913143
96205100206
3921641219
97499852
1309113194
150118155119
190194193196
157133162134
1245512658
1248712988
7387510
187176191177
918811190
197117199120
138207141209
53565857
5021655217
5413357135
4812953130
1368813891
2016522168
3524237245
8912092122
1616027160
157223160225
99185104186
7611979121
4010743109
115247117249
13301344
109179112181
151186154188
8320786209
3320336204
7513279133
5516358165
164224166227
144132147134
1653016832
1714920151
138123141124
6810170104
1810720110
111149114151
1927419775
100177103179
182190185192
2422026223
168132172133
1881519216
977610476
98196102197
148149151151
50835285
2215630156
153223156225
123158126160
02342236
158238161240
4210545106
143166145168
33243527
1408314385
1731517617
44144815
4223644239
132180137181
104180107182
155177158178
163179164182
58710
19841998
1231012513
1912419227
1306713171
178140180143
7311576117
164916612
114129119130
30323234
103148105150
4821851220
1057810781
28693171
162108165110
6711870120
130162134163
1933719638
1932919531
1818423185
167238171239
179234181237
1314914153
194139197141
01624163
6223466235
2012922131
163232166234
91349337
154170156172
96819983
151137154139
1879719099
092393
5821463215
40214223
679981
17641796
1639516598
124222125225
02123214
15271829
619965100
95879889
141143146144
5620959211
123120125123
45744876
169202171205
7212473129
180217183219
59126115
1749717799
1256812770
1420417205
104175106178
6517067172
4315545157
117198120199
1928019383
103217105219
41134316
125147127150
36253927
2516728169
44664967
1611316415
966510066
10341934
1787318175
984410047
139111142113
1224512447
142190145192
68937095
10351138
166139168141
98105102106
10921114
84116
10631085
4514448146
148106151107
1768017883
9419395198
185207187209
79368138
195212197214
1035310754
1394214145
1013610438
4520748208
104135107137
1502915132
64936795
1868818990
33943895
3920441207
1552715631
1608616289
8118088180
99233103234
7210674109
82848586
3415841158
2224424246
4818750190
32315233
1362313925
3316036162
2021422216
110204113206
187145189147
1586316165
187114190115
111129113131
4217545177
50615166
585887
1198312186
188246193247
1087611079
62906592
16891991
17601792
6720072201
1218714190
14161438
3719439196
126170130171
129214131216
3313934144
1881719019
3623339235
7115972164
1612316424
70247326
1241612519
167916912
98107105107
74187523
1041510717
93449745
1106811469
02372239
8616989171
947979
9622099222
1275112953
5915360156
8214789147
1965819960
197173199175
7615579157
3112433127
2515328155
188127191129
3917344174
101187104189
11794181
12671299
1083011033
1843818740
5723662237
16541705
1326813471
01644165
43254429
134241137243
1668916792
5119552199
5723359235
8717290174
6513368135
197919912
52456249
114160117162
6312364126
1109211394
37834085
140211142214
1245112654
119712102
4319045192
559756102
138196140198
11581199
5215054152
4916852170
1522315524
147235150236
187242191243
142193145195
187154190156
105119108121
1325913760
7220775208
79208222
92389540
734937
51657168
129142132144
6218664189
1948519986
35333735
168128171130
170226173227
9813599138
12181420
1084310947
107114110116
68377338
181183183185
189197190202
4523850239
167231171232
1023713239
4219346194
62696472
1428914590
1453114833
168209
1237412675
9013893139
171157178157
102119104121
74447845
2123026231
2019822201
1246012762
133238135240
1553615838
7220975210
1441514816
6613871139
3720438209
70577259
85969097
187918912
142914710
17832084
2218824191
1666616771
5218454186
1922422225
11724174
7541056
12251428
188130190132
131138134140
1307413874
154219165219
38724174
3111233114
1432314625
17812082
1138011682
1192312225
8320185204
92669568
168162171164
1710118104
13999143100
915312155
131182134183
11221154
1539515697
6317064175
86548856
1121411416
1323416235
194225197227
7712487124
1525415456
8214689146
66527053
5524459245
39604163
98168101170
197102199105
15231726
1515715360
196171199172
111124113127
1669316896
136121140122
01593161
194109199110
175107177110
1804518347
2321326215
2323825240
3521438215
7519979200
147237150239
61576957
1585316055
5522858230
124138127140
168126176126
71727673
26253126
1437614578
61776379
136226138229
512810129
144204147206
138114141116
140130144131
1364113844
816312164
45264828
175206178207
150219153221
71837385
196176199178
31913393
5321356214
31753477
75137715
31205123
174150177152
159168161170
7820681208
2320824212
59826284
21385139
120170123172
27163716
6821371215
3223634239
38874388
8671070
144184146187
92649565
1317713479
1018610687
144137147139
682983
70647266
186195188198
2718130183
29433245
21582659
44694770
9219995201
65506951
9851089
2518826193
1463914842
118245122246
25422844
142225145227
89129912
1765017952
7913481137
1498915290
21662368
122194125196
33833685
123203
7021972222
1624316446
154216157218
1743918339
1818223183
1936019562
112211115212
106245108247
174214177216
1285813160
2717029173
183244188245
8922891230
1611418116
154168158169
7917284173
5120456205
16001622
186151189153
166198167203
2418126183
138241143242
64526556
124248129249
715610158
1812518427
167137172138
31545156
147161150163
14701772
149142156142
5112354125
59166021
6314666147
3010832111
15311563
131135134137
88199121
1682117521
4220344206
525826
120129125130
1012213124
1727217574
46914894
4710050101
82438744
7012173123
44634665
1211615117
51885490
27223024
1186212164
7916382165
2615029152
50325234
127130130132
88278932
130913310
48505152
58616163
1471214914
21515153
7824181243
184160187161
71747376
125161126166
195156198158
541564
1623819240
1808818390
156191158194
123244125246
1969419996
6916672168
67607161
1158511887
9418497186
1634916850
1467514977
1802918232
1122816229
9424498245
82928594
11576158
10951175
26462948
93239526
1885719059
1183912141
178146180148
1156711868
61229123
109122112123
90279230
181169184171
1472515425
31975199
44884593
1910120104
114117119118
149215152217
8391141
1733317635
1082211124
76217823
30203820
124219126221
1317915182
8621088212
169139176139
43104811
677699
21822385
143111145114
190212
2413527136
169189174190
110169112172
1931219613
1643816740
29493152
619821
189102190105
126123128125
4814951151
4412447126
2915334154
01483150
2819733198
89699172
7220577206
103190104193
465487
79828185
4317946181
3512238124
93579560
109119116119
2414527147
1727517478
32403641
6512169122
972110023
25502851
1064810950
159206162208
163132166134
52665568
1411814320
171165181165
18271859
37683971
16761698
61526355
564965
5410357105
1902019223
99228104229
2924732249
1138811690
5619459195
139125142127
1877319075
166165168168
186148189150
162177166178
3513337135
8519788199
194163196166
49555257
153149156151
1613419135
163235166237
6712769129
194245197247
1741217714
142243143247
122181125183
8910191104
9211422
073176
163141165144
1615316355
1367114072
1357513877
101128104130
9311196112
192118195120
7722480225
793824
113169115172
128221129225
113230116232
99116100121
196135199137
162238166239
97207100209
1569316194
8481050
5924060243
965610057
1887619178
02282230
154213156215
1288013381
4722949232
1204212344
164150166153
25642866
26283029
193174196175
131121135122
31175119
49585260
1228312388
35363739
1933219733
1585816060
146179149181
5411359114
220252
040243
180209182212
1494015142
52255527
155152160153
1286313264
1376713969
1205512356
5324655249
1446914771
8520590206
21684171
120101123103
140215142217
7822880230
8918092182
6524068242
1117411377
1151611719
50675172
4616748170
107242110244
9519099191
166107169109
72607463
1852218824
2723731238
5013852141
40654367
61998201
194195197197
177210179213
1364613948
8424786249
4324147242
1008910391
187137190139
15398155100
1348313785
7423176233
1284713050
5011153113
7519176196
13395134100
384399
1452114822
133227135229
109245111247
9024393245
2914132143
139137141140
5319655198
13151356
120239124240
7318974193
1811921120
6717372174
113179116181
137151140152
117102119105
100164101167
68347136
8813591137
79268129
168100170103
175103177106
1369214492
186233194233
1032810531
44774779
7714681147
1322113523
1318313386
1237112573
1136111762
1324716249
16682069
995010152
1303413336
160140162143
1755417756
62108213
119122122123
107204109206
76187820
84788581
8114282145
31883390
104231107233
35653867
197231199234
146208148210
9119593198
41784381
146233151234
160160165161
173183178184
126222127225
1418317185
195210199211
4924852249
4211544118
5581059
1791118213
1118611487
100210101214
29153715
15651767
134204136206
8513889139
126144128146
3922041223
6321666218
7323676238
1261812821
139146142148
157229160231
72317336
156179158181
193180196182
9617298175
98230107230
1827118473
3819741199
151197154198
144241146244
1151311715
1518617188
158188161190
61368139
111241113243
572676
17897179101
79178219
143159146161
102202105204
42744377
137194141195
124100125105
5216354166
92419543
5317854182
1638716590
66697170
66306833
6424368244
1022013222
7415379154
177117180119
1687017271
1801419114
156119159121
6714468147
1312515127
86938895
1181310
1048910691
182155184158
105126107128
1772917932
153181155184
142135143140
8518788188
192142194144
188212192213
52398241
813011131
25723073
1411514317
150131153133
8721790219
20252526
997310474
1716922170
163240165242
178214180216
9614399145
7617477179
165112168114
190222192224
82888789
921010214
2417126173
9761178
112197114200
189167192169
117139120140
4110346104
100136103138
190206193207
7124674248
174218176221
6219764200
8311033
9217295174
5911062112
1299513098
1382914032
179191181193
34103911
22155217
1656316765
1831018612
9121794219
172146174148
1654316746
99242102244
4316645169
41345137
86808882
1223012433
169144171146
7017972182
189188192190
102210103214
407439
1627816580
128152130154
13971699
109202113203
143215146216
1844518647
1817321175
192161193166
133128142128
156108159110
12761578
38374139
178128181130
9623298235
1915219257
3012234123
1162612027
146171148174
196222199224
1413014432
107194112195
188237191239
65126714
1120712210
4314746149
1313713438
89659168
84498554
127218129220
82828583
5610858111
1079310996
100180103181
6113564137
5722062221
8918692188
1081911121
141119143121
1507415276
77737975
66717072
4422447226
171100173103
104138107140
119184124185
58906191
6721969222
37433945
49735176
5612058123
143145144148
2020822210
125153127156
40444247
02312233
1221412515
1053510836
1757717879
145148156148
62287232
1719717399
125241127243
182227185228
150121152124
104197106199
2513127134
196239199241
172217173221
189182192184
54215524
026327
152160155162
167117169120
9115394154
213245
172112175114
137106139108
184162189163
1210415106
143107144110
9320595208
2022623228
1924019443
8011683118
94109911
41878188
154163155167
11631204
2310526107
24192721
917611178
1786918171
1434214544
196131199132
143171145174
91549356
7122576226
7011472117
2017822181
1610517110
100141101144
1611016312
1406814369
107175112176
1320816210
9222997230
102248106249
1329013592
102170105172
1002610527
5813460137
6614069142
108224110226
115416
8523587237
159177161179
8161117
18102211
1287713079
1478114983
10051056
128155130157
132184135186
30583360
1884518948
1413614936
192124193129
2414027141
8271128
80748575
128137130140
720411205
1708117184
19273027
3711142112
1685517156
1719819200
2312326125
146188148191
71117413
22254227
7721273
99245102246
126100128102
103108105110
6222565227
119156122158
1062510828
99231103232
18101861
91739376
179922100
4321346215
744766
130202134203
140218142220
189227191230
1493715139
160247162249
31125114
5716860170
02484249
7018373185
143127145129
3601060
9999102100
8823590238
2152
6418169182
68127014
1773517838
714737
94279928
181140183143
7319776198
41184320
6517366176
184201185204
155188157190
87759077
3418735190
1609516297
4618448186
178222179225
17351757
7817780180
1931819620
427728
103242106243
5010353105
6416766169
188142191144
102166104169
111160113162
105162108164
63866588
6720268205
5314158142
1455414856
1684317046
116239119240
2321626217
149100152102
4311946121
114174117176
79910101
81238425
118243121244
153228160228
177218179221
5420657208
8510088102
5011453116
71437345
14441746
135113137116
166156170157
2920034201
1377814080
186119189121
8316185164
7510777109
5316756169
186122191123
1101411118
1755717859
170817211
67467047
195819611
9313094134
127197130199
1966119963
181199183201
1412422124
133187135190
99156101159
46594862
156195158197
12411543
2814431146
136189138191
170123172125
1286513266
105222107225
163207166209
3618538187
15111714
123136127137
178106182107
4917654177
1728117582
1904919251
6810571107
8620289204
16412142
1827618578
178177181178
7416977171
3611737120
3117634178
140166142168
184178188179
143217148218
8219285194
76277830
7719680198
1821720219
108165110168
14731775
49155118
5314064140
106200108203
13781409
02013203
7314876150
61948196
101208106209
156161159163
1147011772
1215812361
11921494
1417014372
1178812090
186203190204
44805380
26612963
9616897171
10799109101
96249926
3623641237
2721334213
5518057182
3412537127
2316724170
024425
1491515118
109199111201
178229181231
169217171220
128208130211
2513727139
5517860179
584606
863885
184122185127
2418427186
6120266203
107196110198
8915090154
124226127228
114201116204
125116128118
8315186152
929210392
58946097
186191188194
22205221
511615
924712249
7912780130
102113106114
187240191241
545576
6719669198
178104181105
47865088
8424087242
5624657249
085387
6222264224
912512127
9224695248
1711717220
1689017192
1261012911
13661407
20862289
131199134201
9117594177
194228197230
5512858130
116213119215
23892592
1691417216
136142139144
9416396165
5217354175
138243141245
193221195224
162197163200
1911321115
53835585
1664717347
1623316436
8323087231
3314535148
1317513476
7618077184
89459247
1611719118
1766917774
5524258243
100153103155
119175121177
119154124155
4313645138
88409142
32285230
8020082203
33124312
9624798249
170198173200
1033210534
1579515997
911311116
1338713589
6310366105
7816883169
8715188155
811711119
8619088193
55595762
7210274105
151174154175
1332014020
144175146178
161229166230
135104136108
3513642136
1179111994
157147160149
81908591
1105911261
1382614028
134123137125
117231119233
125216128217
176132178135
1538915591
182149185151
286327
1723118236
1728917492
919511197
102115106116
137176140178
131168134170
13541557
107237110238
1919619399
1849518698
145149147152
1321115213
167177170178
7714180142
2823931240
148134150137
117181120183
146167149168
86288731
192121195123
11541257
4520447206
16851986
9416695169
98147100149
12151246
1123311534
109184112185
1617919181
107207108212
198141199145
167228170230
132117134120
4812651128
899891100
69157117
1645316754
8522290223
1015510357
93299531
871010
11581460
3110333105
917311175
154246155249
133156135158
1521717219
139189141192
1217515177
2410126104
4112443126
173136175138
61167121
1404614347
161105164107
1588415989
1648116783
313345
1275413056
330434
8012183123
9111696117
188205189210
15799160101
108107111109
622824
7211074113
5517157174
111137114139
134222137224
170106172109
1492215124
8616288165
18499186101
101710310
2116326164
1197812081
111158114159
1772518027
7915082151
38344235
170212171216
8013183133
30613263
2424727249
1567815980
7213875139
6118369183
82288530
178149181151
149174150178
3818241184
2219224195
720610207
172162174164
9417897180
163187166188
150152154153
1935119553
8922094221
109163116163
1699417296
105184108185
7317975181
157171160173
8810690108
134177136179
159191160195
1181612019
1075710861
152109155111
21406141
172230177231
73647765
951310014
116155118158
1711225112
118124121126
1226612469
165220168222
4916351166
4115943161
9020993211
105165107168
1341113712
145105147108
4812250125
114126116128
3517638178
183241186243
74977799
191248196249
27533054
3814240144
101205103207
1316716169
4015143153
124208127209
1484915151
1758817989
131104134106
127161129164
1244012741
1334313546
11001151
572603
1011310316
1705017252
8019085191
1388313987
4412747129
57896589
891710017
111102114103
34283730
8720789209
1486915270
6311466116
166217168219
197179199182
5912661128
147120149123
5023553237
89579259
1829418398
1616119163
4819750200
1173412235
339836100
1667
159102162104
120131123133
5413657137
8711690117
056357
3317438175
7014074141
6310667107
1531115613
2223626237
5912362125
2816533166
1915819262
173817511
2520428206
142115145116
6319566196
8617789179
32963797
14799148104
74247726
86518953
2016125162
2524428246
1313113433
1566616566
78908092
1291613218
3411336116
183193185195
179187180190
97959898
6515867161
159232162234
6120562209
135201137203
184102186105
1591916221
118247121249
3020232205
126179128181
1812218424
3814541147
160114163116
8113884139
42394442
1476315065
1484315344
143149144153
8317486176
8423287234
9112794129
1014410545
160121167121
119186122187
86908892
4813849141
146194153194
79558256
58586060
91499451
23932695
2023822241
2524127243
01265127
4721449217
8812390125
125141136141
3813143132
1641616718
66287129
7422977230
143183151183
69307133
140162145163
7421878219
172238181238
162164165165
12371259
153234156236
1381014111
148147156147
117114119116
11299115101
148152149155
1476615068
1686317165
20342336
1013210235
170194173196
42604561
6010165102
1565616057
1725517458
158220161222
116169119171
1798118283
4720948213
1591016015
1345513756
191202194203
169152172154
947510375
184246187247
8124484246
158117161118
1781617921
2223426235
1744117743
158174161176
37404042
1797918280
136186139188
147158149160
3917144172
2316527166
8422491224
1181412115
9322696228
117203119205
67156818
7315178152
1441714818
8724489247
57696170
67197020
3615039152
1122212322
1256412767
56155818
8614087143
1261412817
822510228
986710667
253276
6915072152
5618858191
137216139219
5314357144
9410797108
104155107157
4914352145
5319155193
18421874
168158169161
182152185154
180172183174
185216188217
161127162130
119220121223
1503515436
17351938
92699571
1862818830
