1748
176195180196
99187102189
1642216525
126100128102
70517254
6722469226
1782618029
5710860109
88399141
1857318875
146107148109
479780
155231158233
124195129196
184113186115
5712358126
1375914061
7914981151
119102122103
1756217864
14799150101
1512815231
1924722249
4815851160
5712760129
063266
1563316034
124181126184
129216133217
120247123248
5012055121
140138143139
816111162
141126144128
133165
57766078
143180148181
1649416697
69567158
1211112314
15021553
5824461246
3215735159
7516976172
1626816570
100190101193
2119924201
1813320136
153228156230
1088011181
724812249
28763078
7921582217
8671070
7915882160
11321154
102228104230
3511638118
6518068181
2218525186
5019151194
160190162192
189167192168
124148128149
19001932
1197612278
467499
2210724110
1271712821
2913732139
136245138247
176208179210
1310915112
1656216764
1617619178
32443348
18482150
93859588
136198140199
142109145111
4516748169
116210127210
23172619
158196161197
13561658
1785818159
123124125126
1161711919
1304313245
1905219553
4217444176
8420987211
4318746189
175147179148
1771018211
1151311616
516310164
38294131
68707172
4314648147
30863387
4010443106
1177811882
5313156133
127122129124
1095211155
1633716540
7517577177
79308431
17361767
3612338125
157149160150
459950100
1734717451
192102193107
6424166243
4717849180
1941219714
182191184194
3111233114
41687169
126125128128
1788118183
111205114207
86688970
76697871
1711017312
1009310395
61226225
1032410725
192117194119
8114283145
8013884139
3221235214
61926395
7613179133
4013542138
124133126135
29213124
146182148184
1928219484
11999121101
144187146189
94749776
9711003
4817351175
2823432235
5719360195
9013893140
117137118141
189239191242
193176196178
100107105108
14497146100
1691517217
177106181107
1319113493
7517379174
5217355175
144236147238
1619116294
4723148234
109139111141
1422114523
890922
17412242
3323936241
103103106105
1045110653
112247115248
185239188241
99105102106
5122553228
119191122193
1471014815
1875918961
1221712519
6216464166
1626616567
73737477
20692371
80828483
038141
92179420
122141125143
1361013912
3917441176
195231197233
2316526167
190155193157
157200159202
1308813390
2423227234
173214176216
1756917871
98153101155
3814342144
126166129168
160182163184
62706572
2818830190
154182156184
177229179232
87888990
7610579107
156171159173
11931215
138175141177
112119113124
155176157179
1166411965
1912619527
6112162125
14061429
41114512
8718688190
166102169104
134166136168
6421968220
39434145
138172141174
1662216824
1331413516
8617788179
1284913151
46104912
114129118130
6623271233
1719517398
183204187205
1023910441
146137148139
320342
4619749199
1416116163
1091411215
135202136205
1732317526
148198152199
32203521
116207119209
157203160205
6024063241
161164163167
72557557
192212195214
103196106198
187109188112
94289829
133184136186
3110334105
1783918041
114189116192
160198161202
175205178207
7712378128
1374914051
1568615888
47614963
126108128110
187194189197
135163138165
187237192238
140147141150
164171166174
08211
1361513818
21405141
157106160108
176117179119
7720579207
1710920111
109199112201
123228125230
179197182199
1125411556
176175181176
4022241226
133176136178
091492
1222817229
10631085
68857386
163133166135
132248135249
6516567168
7117572180
112235115236
65336835
7413677138
1129711499
1592616128
157185158190
162202165204
132129137130
9420397204
1415814361
1357513680
122144123149
151163155164
34593761
128111131113
4815551157
2218125183
1210015102
115220118222
991410116
34673868
180140183142
132179134182
117163120165
8217185173
25922894
196212199214
68526955
43264628
133206136208
111186113188
1319218193
1513215533
142239146240
113200116202
1787318076
102232107233
161106164108
1010515106
193148196150
3913141133
1354913556
4411747119
783824
914714148
80848385
134813513
3117634178
27462949
185210187212
68267128
140207143209
18161829
1728917492
20622563
1327013671
102235105236
106112107116
1524320244
76137915
100129103131
1443414637
142172144174
51659166
185183188185
112229115231
179200182202
155167156170
3510437107
4115444156
720410206
1387314174
3521937221
5923161234
70167218
33623564
1053410836
1861519715
88289130
9712799129
134120136122
1289113093
200232
171129173131
142169144171
161120164121
124232126235
49745375
021124
1889319095
1662517026
17199176100
107104110106
119139121141
7817783178
125161129162
1196912470
32923396
1963919940
160103163105
78357938
176104181105
61509152
104183106186
8218184183
181195184196
3215034153
124144125147
139219144220
167172169174
185138189139
1514417147
12531285
102119104121
1365413856
127218129221
01264127
2620029202
54675669
18621966
100142103144
113166115168
1812718330
119175121177
1521718219
1602216324
1948819591
2114326144
179237182239
131199133202
153103156105
1619720198
91979499
133187135189
985510057
139165142167
61929193
114144116147
6313465137
56175919
935958
12476248
154185156187
55605762
183187186189
49855486
103242108243
76587960
154106156109
1922819629
1421214414
2113224134
103239106240
1149511796
1816522166
3823343234
3517738179
1917419278
4524047242
2711228115
4814851150
1741017612
18312133
4316345166
1666816870
133244135247
174226177228
1919619498
335367
110189113191
150204153206
13299135100
42534455
135102139103
7317274177
187187190189
7951196
8316085163
1817023171
145150148152
8616289164
253285
121185124187
126163129165
167178171179
150224153226
1508015481
125215128217
161178164180
190222193224
107189109191
36493852
2815231154
7621981220
1754317647
9414295145
194219197221
87819082
156244159246
3321535218
146161150162
6014963151
83898592
114148115151
1409014292
2714329146
97196100198
3723040232
4222644229
84688572
160193164194
8913292134
124100125103
105140108142
5215355155
1022010423
62129214
197155199158
81608363
15701971
881010
1444914751
116171120172
87319033
967999
2618528187
62408242
976510067
147245150247
6818270184
77727974
3794011
153199156200
13311633
1215015152
169208172210
108130113131
1614516447
194104197106
177215179218
64736775
7912486124
3113535136
5413757139
161244163246
1551215715
1882918932
17601811
3714040142
1924819351
105192108194
61746377
146195150196
168153171155
98136103137
184207187209
184145187147
3224235244
25102812
1266013061
119240122242
9911293
55975899
154130157132
180213185214
3222733232
4121142216
5614959151
4624649248
55145716
171185175186
192239193243
175219177222
3619838201
25383039
10941116
1289513197
94369738
6715869160
1603616239
110102115103
1921122213
95719873
6122662229
923912241
71538158
191216194218
7316176163
61229123
9199411
187152189155
3422936232
1078211183
5710359105
1388614089
90899391
129108131110
125236126241
171140173142
2619428197
13651667
01843186
83738675
8531155
160240160248
165199173199
85368838
54335734
2417426177
183197184202
181247184249
3011934120
140115143117
73837684
1392214124
161147162152
88759078
2624329244
8911992120
153234156236
5814062141
111181113183
2710029102
1129211594
14461748
53925694
115203118205
193184196186
1619516397
081186
64767276
43934595
1957119873
169206174207
2510727110
160168163169
45534755
551564
180148183150
119144121147
7824181243
19501973
142184143189
163153166155
51757177
83328535
1876418967
1918321185
16851708
18599188101
6121265213
4318144186
170202178202
1424614548
197236199239
1054110842
192191193195
1104311345
9420897209
78888190
4922252224
829986100
83408444
36263928
1767217777
1818718390
54765678
1923219336
1233012533
198203199206
22292431
1841419114
92219423
195210199211
115198120199
59866487
1065410857
66926895
5312456126
3517138172
27142917
102166107167
124197127199
1576816169
176149179151
146227156227
193201195204
6015463156
8911191114
87209022
912711129
816813169
140224144225
1038610588
1515518157
1246212863
91599361
100122103123
114179116182
1411714618
7211873123
197184199186
2717530176
139168141171
7518078182
1037510677
194237196239
8817491176
100241102244
1006010362
8210687107
6010162103
1318313287
179190181193
130239133240
067568
188133193134
100219103221
82578559
46365037
9010792110
5414057141
1473215034
147102150104
1013113133
7622978231
1573116232
147189150191
1215514158
4713850140
130142133144
7824581247
168148171150
3313735139
7323375235
40834186
1014215143
915411157
72277529
177191178194
155125157128
7912284123
41357137
2823131233
5016552167
9217295174
114123119124
1849718998
64776878
7651066
1479314996
6910070104
113193116195
137142139144
172111179111
197498
3710939112
182135185137
1334313645
171196173198
4518548186
992410226
8723089233
87979098
51355337
7715279155
1165311856
36633965
120226122229
96183100184
140180142183
52255626
9518898190
97199100201
1922019920
02383240
1184112044
1464714948
6610168104
3823541237
92629365
4720949212
2117824180
7319575197
174232176234
2122324225
1579616098
79468248
172126175128
7224374245
1755517758
3014031143
1702017222
3810742108
1071110913
1317713479
189219192221
1621616518
67677069
184236186238
1411014611
404445
139163142164
158131161133
11471350
5114253144
21752476
46424844
1502315324
82868488
19471998
11651270
01683170
65476849
27542956
76927994
52395640
174142178143
1528715589
119128121131
1476915070
137229140231
7614480145
135131136135
2522528227
3621138214
158177160179
25872889
1067210974
326528
40224423
1378014082
1022810431
58406042
8911591118
153122155124
1751317715
132127137128
64446646
1409314395
45715371
170224173226
133227137228
164142167143
113154115156
9610598107
3617338176
1488815190
1374013942
109245112246
266298
185102187104
149230152232
157214160215
632673
1144211744
6214767148
8816590168
152116157117
74958595
137222139225
184140187141
99235101237
8810293103
144221147223
5475610
37773979
4612649128
17898179101
102173105175
1041110613
9223795238
83208621
6820271204
106163109165
13061338
4621449216
6216764170
38694170
809681100
51575359
6315966160
171221174222
152170154172
77237926
174163177165
3816340165
94809782
160173162176
1064711048
98167101169
49645365
6911071112
9881290
1783018032
4616148163
124169126171
1455414856
1924119344
97145100147
2321226214
168115172116
7021473216
168146171147
305328
100124103125
1094011242
94919793
1048910791
146163148165
5120553208
0217
8231324
9517897180
6823073231
3816640168
3024733249
6920571207
130181
1919024191
8317485176
4420246205
1117311475
1414914351
1204812350
126103134103
182113183116
1504215344
4212447125
1563515936
62179219
1473515036
160231163233
1023613238
19071938
1622220223
1843018732
3413237134
213236
01341139
7816379168
2222825230
122223124225
2812130124
104219106221
8423885243
01213123
6512367125
9015693158
1472314926
4911351115
139133142135
188191191193
5720659209
1053810840
3814540147
146119149121
176122181123
3019931202
2010325104
1621916521
8016182164
6813078130
2916931171
165193172193
4018742190
1323013532
3519138192
1766517768
56475949
7916981172
143175146177
4913453135
21387139
122139127140
1362913732
12436244
4310745109
1166611869
1521315415
34553856
1754017742
7619579197
112209115211
13541655
107217108221
119137122138
128247131249
115212117215
3416037162
143166146168
1848218784
4518146184
3383610
3024533246
5519256196
6424466246
5610059102
122130125132
5019952201
162197164200
6110863110
5423557237
1813418239
9218395185
353754
17181769
454476
101148106149
8822693227
8014682148
103176106177
123188124193
1915526155
2814931151
180218185219
182124184127
53315632
4212145123
1211512616
182158184161
163138166140
39494151
107186110188
3122433226
73817882
1848018981
61188121
1378313985
1877619078
8119883201
1667417075
823110233
179178181180
136148139150
9016193163
6310265105
26402941
190208191213
124150128151
156162160163
6613469136
4215044153
66896891
3610139103
01743176
832855
80148119
36213922
315517
87959296
4422049221
1526315764
17141727
1956519867
36743876
2012322126
56506151
8421287214
8912992131
15491751
178127181129
113135117136
1641316615
4823848245
150815310
2015224153
199170199181
1445814561
52109211
6417366175
109156112158
129187132189
42414346
101145104147
2613129133
8821893219
161126162130
22332534
2716532166
116196119197
111149113152
118227119230
170137173139
4918352185
1436214564
165107168109
178181180183
1377714079
1391914121
105132110133
1516917171
116247119248
2724030242
01793181
163191168192
125159130160
42207222
1506515268
3014432147
140211142214
163234167235
1317513476
87139015
1663516740
1235212654
8224283247
8424686249
130153132156
1313713339
472503
7214173144
195222197225
104187106190
6624771248
1419614399
188102191103
37843986
1557515976
136189139191
196201199202
1348613788
5324656248
5796011
119221122222
9613697139
175191176194
5318054185
136172137175
188490
170203173205
137166138170
182166185168
8122184223
185180187182
4515047152
1275213053
167136168141
178108182109
1218616187
129149132151
195143198145
17922293
1012213123
146209151210
8522687229
121158124160
1018013182
3919142192
5119654198
1818418386
102209106210
1014310644
111144113147
137108139111
145204148206
1711618120
9319896199
185126188128
44614663
1413317134
1141012110
1833318635
02122214
1021013212
1918619389
1613316435
197226199229
128138131140
189246190249
1537215476
100111102114
167221170222
5823560237
141230143232
8371039
168158171160
33254325
39524155
01633165
80918294
1709317494
2120225203
1166211963
194246199247
12591560
154110156112
1703117333
120194123196
1202712528
1239512796
137210139213
1846118664
5971098
190152192154
127169129171
61336435
109192112194
5813762138
7720882209
7614180142
8323086231
3422536228
174138181138
130218132220
97185102186
4010941114
351383
1176012061
6613169133
1033310436
152141156142
7211174113
7315075152
29113312
959898100
1213514137
41465149
9313396135
175145179146
124211127213
125111127113
9116594167
9217994182
61979199
4513547137
52215622
1819218494
1074310946
79658168
8518686191
8799011
1245712759
46724874
1921119314
01401145
62846585
137193140195
1524718248
1217912481
4614450145
52135416
1067010971
1387514376
116117119119
5017957179
7631164
1926119563
5618958191
106107109109
157153159155
196167199169
879990101
13651397
101225104227
1012412126
125223127226
8914391145
194187195190
137138139141
157180159182
154188156190
1086011361
77787980
3112133123
189123190127
173208175210
1581516117
179143184144
3715340155
192111195113
32223424
170218173220
171242176243
5018654187
1562115823
59826185
1483715139
119181121184
121216124218
5021853220
79558157
6218964191
976810070
7314575147
1610120102
5021553217
114185115188
815828
165159167161
1137011672
57825887
7224074242
148169151171
11251327
122198123203
2922330227
119133123134
1276513067
109202111204
5181019
14281730
31536154
107196115196
96779979
1723717539
1702917430
1109511396
1936419467
14611493
123214134214
19801993
5524260243
170213172216
1135111852
1698717190
63586462
1026310366
1491115113
5615459156
17211924
3314036142
1292813329
3323536237
4358
91819384
1634816650
169194170198
159916112
189131192132
9024893249
01664167
2716030162
107159110161
109166112168
133123136125
180153185154
176134179136
119243121245
3919741200
191187193190
176113179115
1746017861
191128193130
4522750228
1906419266
4319246193
23812583
83768578
1312515127
196172198175
6917372174
6421768218
181215184217
9410199102
118107119110
1323115234
42046206
154133157134
4022043221
71597461
1369113993
97195108195
180145183147
18999192101
1498315285
2337
192208196209
044545
6823670238
156136158139
7422275226
106201108204
7319175194
153165156166
38404142
9116994171
1966119963
2218724189
82648765
78618064
13731424
122205125207
1809718398
7918181184
122121124123
15141716
2324325246
056159
8619689198
140101141106
586888
8921192213
144140148141
4215945161
2221727218
184116186118
1076511266
25752778
82558656
69937195
115126119127
9211194114
1219312494
43724574
1911322115
111177115178
119187120190
183232184235
12751478
181210184212
153240156242
117105120106
194248199249
180113181118
1210715108
145200148202
1304613248
7813581137
1304013342
1778418085
1197912083
9515197153
149139151142
84258529
2720932210
100116103118
1319018191
8601162
4923152233
185198196198
3215435156
69917292
6813771139
6812171122
138123141125
1424314545
1758917792
73227624
63486453
9321036
123221126222
01461150
30403143
3822741229
84178719
114120117122
5822760230
172176175178
175108177110
6022463225
109134112136
6317666178
2416827170
133195136197
048251
21463149
62297234
1496115164
80248326
7622179223
99238102240
15401591
35324033
1622519227
1625716658
1320518206
22202522
1627116473
2312526127
8711388118
186213189215
4515547158
91319433
1415514457
119237122239
1329413596
7413975142
167238170240
2823630239
86348935
44904792
25293030
1549615698
2114826149
15761608
144101146104
54535755
168117170119
9711199114
1529415399
6914870151
3424536248
8610889110
137240139242
6120266203
16291709
634836
179184184185
142151144154
113157115159
4520946212
0031
63317331
5612058122
152139155140
1342613728
9813899142
711410116
1296213164
6422466226
173117175119
99228101230
060262
8621589217
2822831230
2715531156
1404014342
52008201
5817861180
8617087175
6920871210
171161173164
41839184
140130142132
116166117170
163188165190
116142121143
191181194182
1732118221
5312856130
134238136241
137121141122
1276812871
119153124154
128132132133
7224877249
5420556208
35393742
35803881
5012452127
1093010939
1418514586
913912141
1718417685
046547
1851918624
116156119157
7423675239
4920550208
1692317224
75437845
57355839
83458647
9141117
72257626
39344236
1683417136
1007810380
87239124
1334613648
34113613
147132150133
615817
1484915052
44134616
72207621
7224677247
191244193247
5018052182
59266227
3613539137
51895490
107147110149
5124252247
124208129209
4314146143
154159155162
147130152131
61426247
176157179159
6911871120
5311156113
195151197154
138227141228
11101312
194155196157
198230199235
169187171190
1718318187
6223165232
99245102247
8320584208
2223925241
8118884190
11351536
4319046191
1074911051
8312885130
1468314886
108169111170
2518827191
5912060125
153247156249
3410936111
15499159100
147166150168
46875188
01581162
176197178200
107150110152
4817657176
159136162138
1288513087
10501082
141197144199
98170100172
6223365235
14231626
1758117783
4519447196
9211595117
115131118132
111104114106
157146160148
144227145232
63266727
118231121233
1657116773
13311363
16198164100
626828
51535356
164165166168
3914841151
1781218213
196162199164
155118157121
103112105115
1661916921
027230
2320926211
6911571117
178226181228
112169115171
1221614218
124203127204
4021743219
9118994190
4017743179
1373414035
1275412956
12631764
161236163239
1411317115
76557857
50825284
37133916
70797281
64115
1925419556
91749377
1177211975
6211865120
1507415277
21947195
9416097162
1615119153
4219444197
8822898228
102191104193
61806481
144136145139
3123632241
96399941
185142188144
196194199196
174139181139
137112140114
4720548208
64366837
1413414336
157164160165
1027010572
22352537
1082211024
1888219183
101217106218
108225110228
2021422216
173181177182
1669117192
6921772218
2624529247
1595816161
1133311834
90699371
134136136138
2721131212
8791081
61309131
21445145
4116342166
17821804
31505152
8923591237
1917119473
142147143150
1254212745
80408243
1047810780
174195175199
113112116113
86588761
163125165128
61439144
1138711589
170227173229
134229136232
16371939
90519353
109120111122
173211180211
2516026164
1467614977
932964
32325234
1893819141
903926
1338413685
76107912
4024342245
01243125
1964919951
134192136194
7421483214
7515679157
146160153160
1466014862
96959997
130241133242
3820241204
1713020132
1394314146
2417128172
115175118176
51605461
126206131207
1106911272
74467549
14641478
103244105247
69147215
96499951
1366214163
7211475116
1369613799
186227188230
130167133168
1734317446
8712390125
