1765
583885
16881890
1915822160
51195420
78298032
58695974
27442946
1794318145
1533615440
31516153
3613738139
172171174174
1415116153
160157163159
1209712498
43774679
148179152180
1228712490
1153311735
103233106235
196245199247
157161159163
4515947161
1099311295
198174199179
1337713679
103187104191
78257928
145151153151
99215102217
174196176199
1183512037
125118127121
116195118197
137241140243
1456314964
90729177
816011162
180244183246
121164125165
9423998240
4414449145
1714217443
7812581127
6812279122
172145174148
132191134193
1696717269
170168173169
1747717978
4118343186
5014452147
2413727139
1415817160
1910922111
1628816589
132223135225
168134171136
192178196179
67567058
153157156159
2312727128
1222015222
120110123112
3512140122
1556115763
194235197237
9513798139
1672617028
9714099142
145199147202
2317528176
52905493
1404214145
141217143219
8718490186
151105153108
109233110236
6917272174
105237107239
3012433126
8814090143
2113324135
193180195182
9016893169
02052207
8724590247
1664217043
7387510
107187111188
113120116122
1177212074
1093711042
136185139187
97231102232
34653667
1824721249
28503053
1567915882
125160128162
1715317454
99135101138
1174111944
140136144137
102182104184
1911222114
129223131225
157224159226
1265512957
1016613168
1522315524
145179147181
1025910561
1410217104
13301353
1841419114
175138177140
102205104208
3318434189
4714649148
111149114151
118231121233
1428114583
197131199133
45804782
164240166242
150114153115
84338636
83148419
143242146244
1154911752
73487452
96719973
8519287195
7421481214
1736117762
1763017932
120209123211
1012113123
2222625228
17712272
1801418316
58666168
92269727
4922353224
1411514317
8523089231
194211196213
116224117229
1178712188
1437214674
4010143103
1092911034
180121183123
1148211783
158179166179
1302313325
1512720128
1422717229
182113185115
1114813150
163104166106
98168101169
5916761170
7513678138
45634765
148164150167
8011683118
1144611748
178147180150
1498815190
1182711931
97192100194
7417879179
2221324216
79158217
18301862
177236179238
823211234
85128617
141220146221
190106192109
74457747
162197164200
108215110217
1064710849
670721
6824571246
1737117573
30753476
1463514738
107244109247
3523337235
2618228184
1257013071
40524255
178135181137
1511815420
113111116113
395696
76527954
55445846
1857418975
156247159249
1110914111
37633966
171244174246
1448714689
1409614497
152214153219
1674717049
018319
168147171148
5318254185
7614179143
17671970
113106116108
13201522
152143155145
68607161
020720
154118155121
63476550
3920743208
5510758109
1018113183
1412318124
6223165232
1742417925
6713468137
172162174164
7722480225
150193151196
129231131233
4714950150
147110149113
27902992
1431914620
9119293194
60876289
1149511796
1823718539
1358113883
6211267113
4417446177
8022989229
1318713292
167238170240
2115026151
18422144
1134211644
1579316095
1066010961
15911893
588790
186160188162
108241111243
1571616018
9416897169
125150128152
171142173144
9421697218
58506152
82738575
1731417616
8410186103
2621829220
3321535218
7720280204
87728974
139125142126
9522496229
79478149
197230199233
8220685208
1184512147
172202177203
10996110101
1075410956
98208101209
6486710
1788018182
1256412866
194143197145
137129139132
184202187204
1696217264
128167139167
5323054235
8621489216
8720388208
99224100228
764796
139142140147
106229108232
91489649
1509115492
146103149105
152125153128
113175115177
1879219094
1384113944
01633165
8810590107
148118153119
4784911
1369113992
3817741179
1314013442
2223725239
125104126107
5711658121
31263428
4110444106
52945496
8120984210
1433914542
3315035153
440471
18001822
20952795
47755077
6910172102
3519438196
43494651
42406242
1510518107
1178412086
733936
160204162206
1656416866
140185142187
4014942151
45524854
1517015372
4617148173
1013611036
157171160173
1986019965
1915019352
31228123
3914642148
7422476226
45664868
1407214274
1353813840
3316436166
169182171184
27552958
6720671207
2215225154
3024733249
148142151144
1778818090
99212101214
20962597
1773818040
1839418696
794899
1471415015
52775579
1202912331
20622862
1884619049
196216199218
1896419166
119178122180
1632116523
41564458
129186132188
127147129149
105225109226
824211244
14271459
5518158183
7517178173
66266729
14331474
54105712
137217140219
3913941141
154107157109
886909
131155134157
1123516236
51215423
26932994
1151211715
1548615590
176164179166
160247163249
1255912860
32783580
1326913571
18302033
8123785238
1216912471
11444146
3224034242
5324554249
9519598197
1959419896
1087711079
129180130185
2616728169
3521038212
77587961
1747917781
1354513946
60366537
269928102
181129184130
124216134216
160140163142
118225119230
123245126246
20752377
94129614
5020154202
173185176187
1148411687
110209112211
88659068
3615039151
432473
2418526187
117143120145
1412118122
73377441
18541876
1019010492
168137171139
111131112136
160190161194
5620861209
1031910521
1713417337
132171135173
9211694118
164139167140
1191612218
6217063175
43524455
02343236
1001110116
6416666169
074276
1132611628
122145125147
18199186100
1377813980
1404614347
178232180235
11899120101
4921352215
1791118213
1133611441
14581760
74188218
7422979230
1365413856
3110334105
31245127
38504251
1483415335
113217115219
171125173127
68266929
78948097
7518080181
162223164225
188102189105
150112153113
917312175
1187712079
151164152167
2112230122
15381939
19852386
151197155198
1014013142
183220184223
83918593
106108109110
2615330154
185211188212
8913391135
192183196184
58836384
5516858170
116212117215
101122104124
98184101185
19212223
119102121105
180240183242
4522248223
1707317276
8716889171
1516515467
1956119764
8751176
1810221104
11241156
21344136
137119139121
362564
1619316495
1317316175
167178170179
38814083
5013753139
47255027
1411214414
8021884219
9524498246
8417086173
8017283174
7420076203
1818719190
91579558
123182126183
173103176104
19071938
70180
4016842170
188202190205
103247105249
41114612
1844618747
138200141202
9515198153
181157183160
1891819021
126195128197
9323096232
102145110145
1071911120
01752177
1594216145
65916794
105124108126
180196182199
1105911361
162104162112
9215996160
170105172107
1786018062
1713017531
43334634
197111199114
158234160236
149122152124
1648016682
2322926231
74337934
124129126131
117243122244
188246191248
1803018331
70377239
99245103246
181105183108
37214023
479648101
123219126221
182137184139
5618858191
1062410926
15732074
70437245
167217169219
170165173167
790813
1045710958
1234912651
750782
1910622108
789980102
9119894200
1651516817
13001323
1672917031
7517680177
32823386
840872
187196190198
98233102234
41377139
1202712528
135154138155
8616588167
3619039192
112204114206
59756178
122142125144
7121373216
186117189119
4320146203
5210257103
13441646
5216256163
77238224
5561057
6911372115
1420318204
43714574
55835786
165158168160
2223424236
40874192
263295
9214795149
71122
1815618359
3819741199
9113792141
1769718098
61259127
1701717220
183233186235
196106199108
23342636
1605416356
02161219
2521328215
133118141118
183197186198
148197149201
153167155169
4522750228
16621963
911412116
01122115
58256226
182116185118
1759117793
171149173152
19902291
26973198
106174108177
1311216114
1718122182
9421396215
105151109152
6323365236
054355
1651316914
1182512326
71357436
1148811690
131102133104
1953719839
6315866159
153147156149
4316745170
149130152132
5924060243
24102612
1217812282
53845487
152192155193
1372513927
78378139
1299013093
9410698107
1162211725
1242912830
107195110196
35923993
7017973181
196164199165
100159103161
9471150
7121773220
130136132138
184157186159
190141192144
1504815251
117125118128
102170105172
41194322
1022011223
134179135184
14811512
110228115229
4821656216
66717072
97120100122
1067210874
3923542237
24492751
10531085
180236181239
157204159206
40274230
54425843
6815270154
2824430246
1409314395
4811151113
6919971201
193111196112
6119563197
195194198196
2813531137
1484714951
239825101
024226
1151811721
11881390
12999132101
100128103130
1324913551
7412477126
1817118373
3717439176
5817761179
5623359235
621923
88199320
187232190234
175206179207
89839484
1796718269
1793418236
80418343
51495451
199194199204
2120524207
172117175119
2210325105
3221034213
7919382195
16031635
51115314
7998211
19872488
104139106142
83208622
9324795249
0972100
104127107129
609963101
14831514
1771417917
180179184180
144187145191
114245115249
131163
115220119221
1224715249
165163168165
2921131214
140109143111
187180189182
53635466
102134105136
1391014610
166184168187
161134164136
3316136163
20532355
157174160176
6512267125
119135121137
3916542167
192160195162
71797381
162125165127
4722050221
64446745
125176129177
128155130157
156133158135
113210115212
7621879220
17098172101
140169142171
981710019
919411196
157148160150
112114115116
33363638
1216012462
6111865119
28173218
165122168123
43594463
132163137164
134209136212
147136150137
4815252153
36713973
22036204
143177144182
8724188244
92389540
4916452166
6023362236
4624148243
1013810838
155177157180
8120283204
8310484108
161101164103
51638165
186187189188
1063210835
192146195148
165175172175
192165194167
20142216
1412914233
141206144208
84958797
8423987240
174226177228
022910229
982010022
1358713889
5520259203
5996211
818410187
77648066
3520038202
97129914
8915290157
129150130154
107138109141
118217123218
7014272144
89179418
28473149
36773880
102137106138
186227189229
157157158160
1645517455
1667416976
4917652177
1729417596
53555657
1121211415
111213114215
8401142
113225115227
44284929
184171187173
8324888249
7213474136
2912934130
7618879190
71577658
48565257
919711199
166101169103
94669967
42347236
2623829240
165209168210
192115195117
331633
105178108180
989610297
1775518056
5519557197
1828018383
1623016532
2917031172
9311195113
183183188184
161172162177
1256712869
54295731
138100142101
4311946121
1882719129
7716780168
1985219957
3122434226
169157172158
103103105105
11001132
129112132114
24172718
179247182249
1361713820
42694770
106146109148
154112155115
1916719369
1166411966
131241133243
180162183164
1701017312
9611199112
973510037
1718017284
196199198202
113136116138
1311918120
1243712739
145107146112
35854086
5616558167
1921021213
81538654
82498551
12383240
080283
1735817560
1211012611
185121188123
140235143237
21373142
9419296194
112189115191
5321156213
1639616697
8816192162
7814481146
122231126232
3620439206
9021691221
94869688
1321213514
166173171174
721711218
191124192129
555606
4515547157
153122155124
1671816921
092393
2813831139
1125611558
1311013411
101193103196
1466514967
3622739229
1596716269
36263928
131244134245
435638
2812733128
1683517037
6720271203
149100152102
153206156208
1328213485
38244125
94199720
1920120206
188168191169
170225173226
5819660198
1942919631
7720980210
196180199181
120229125230
175180177183
148168151170
3215835160
1173912240
26272929
181151184153
65956897
1902319225
1506215264
109193113194
192168195169
139188142190
16172018
5581059
1932319625
1315618157
41414642
1006210463
9312795130
30243525
1068510987
820833
5723760239
7318577186
3011934120
1268012982
187235188240
5520462204
141245143247
7222673229
1316313365
161185163187
1821619220
977410075
133233135235
1607716279
187106189109
1278813089
6821770219
31145116
2617028172
863895
12499125103
123132125134
2711229115
104130107132
1614619148
077279
128212131214
62406541
193118196120
47495051
155715610
1611316415
5310455106
153245155248
3322735229
66346836
3013232134
144127147129
7820581207
179110182112
75357738
13441376
5124154243
115151124151
177208181209
1358413886
162122164124
4217145172
40604263
6813869142
1105111254
02302233
134125136128
710610108
51817184
6496
9215797158
1223015232
165816810
820911211
590660
119172121175
6522470225
256458
8211983123
80558258
01103111
9410897110
1409014292
5524158243
19001932
8713192132
74907891
7518277184
173175176177
174128177130
1205512357
13851417
7413975143
97131100133
1576416464
12471450
2916732169
99105102107
121215130215
9223394235
1463914842
180120189120
39144019
52078208
1013410535
6823971241
3021732220
2114224144
1738217684
6010763109
9612699128
9614899150
10331236
190102195103
1178012081
8820989213
2524427247
6515167154
9510397105
118222121224
158217162218
51275330
60326235
10371069
18462148
1126211366
26142916
51669167
172113175115
22252527
108132110135
138191141193
91689569
149185152187
145120148122
2013623137
86908893
7023279232
33573858
30793182
1816419167
6824271244
156120160121
176208
1917219474
168145171146
190118192120
188230192231
135913811
75947797
187128190130
7117574176
1221115213
11911493
140104143106
165222168223
197209199211
133196141196
64316832
1342613529
100197105198
1927019571
63116812
916910172
21737174
177184180186
6314665149
189111192113
6320566207
8316085163
15841886
179158180161
184245187247
1973319936
4021742220
149161151163
5915862160
158125161126
1622516428
51898190
7310176103
7421575220
152242154244
1609616298
134135136137
168113171115
1473014932
1346213764
86509051
4914050143
6417368174
28643066
180203182206
3520738208
5518457187
169108173109
3718440186
154186156189
18261848
3319034195
156115163115
72257726
116102118105
190170192172
196225199226
2622628228
102212105214
1596516466
30433345
61299131
1637716679
105183108184
8823590237
1621317216
185216188217
7122174222
180140183142
8317786179
17272029
193185197186
149202151205
54335735
100173102176
6214365145
9699911
167106168111
82009203
112159115161
6417566177
123117124121
1243112932
484535
1324313446
112162113166
7314475146
168132171133
932973
1511415316
1903519337
166189169191
7116672169
6623167235
7420475208
147106150108
1277713079
1911522117
1281212819
1948119982
91509451
8915891160
4313546137
62276331
2112622131
103147105150
104240107241
1433114632
6417171171
6620968211
156196159198
3610139103
1303013134
1562115824
1666716870
1517515477
01212124
157237162238
58906191
12751577
97154108154
3223735239
146161148163
61576658
139157142158
1559715998
767969
196138199139
131182133185
97188102189
2616429166
47125014
77487851
16171649
135160137162
125136127138
123122125125
106160109162
116230117234
139816100
148232150234
727929
193131196132
1113311435
165211168212
4112142125
1824218543
30673270
155182157184
193157196159
170102172104
36873989
120168123170
33943695
3710440106
2218827189
4923552236
176218178220
170217172219
126226128228
105187106191
1958919891
1455814761
8518486188
1511618118
93439546
4810351105
179172183173
1219413197
13821404
22166217
1761817820
1892111
52975698
91649565
8415288153
36543955
982610227
1502215126
16001622
144192146195
4420547207
6913270137
7224074243
1777418076
3821440216
95919793
99108102110
17812082
7916282163
1264212944
6418567187
1818418387
813210134
21555157
184918711
529954101
1803218333
100113101118
4512448126
7371039
86818883
164113167115
181145183148
123234125236
9311496115
140129143130
3621739219
66467047
169155173156
51425344
1504315344
1224212544
8613987142
2312528126
1145911661
155242157244
9217295173
159131162133
69147117
144247146249
1573316035
1861618819
95289830
130109133111
47785179
1843018535
166141168144
195190197193
1426514567
8619688199
3822241224
122212125214
31193520
62906493
21592361
1064410946
5716260164
1641116912
1417617178
8520987211
5311654120
3310936111
62666469
01262129
145164147166
172182174184
2414029141
9618099181
30903292
163143165145
5713162132
1425314455
83268628
175172178174
113157117158
1295213254
184149195149
193244195247
4912551127
111145114147
29323233
197147199150
817611178
27242926
49955198
15771608
1598016083
1012913131
521210213
107208109211
101131103133
1935819859
42017202
108202112203
164128167130
8920694207
72277429
9221994222
14941796
84438548
37943997
175101180102
2710528108
72307334
1926419466
4010743109
19342236
5713660138
8301132
144134149135
193104195107
12199123101
163151166153
77208022
1546815572
92709572
119204123205
1459614898
37593962
9117693179
139164142166
8924892249
170188175189
13398136100
63136814
18998192100
59546256
8221485216
6218563188
63516456
6212364125
1921619418
93219523
124171127173
139122141124
144173149174
15721594
1864318945
138197141199
1372113824
4418947190
1253312636
160152162155
158167163168
156122157126
2922732228
1104611347
1522418226
125185128187
172120174123
1457514777
113123116125
19782280
918811190
153139156141
27363237
93249825
266317
9522198223
1218713190
8613688138
30553258
1216315165
6712668129
6811173112
1449915399
12401271
10931116
32873589
4216245164
1515315257
194248199249
3124433246
87109
4921052212
194187196189
100142101146
3621337216
24572660
919996100
1386414066
2312928130
2715530156
108239113240
1656216863
30143216
60706371
136179139181
1287513775
5085310
145142147145
164146167148
889990101
6020562207
83238625
107199110201
2224324245
31403442
131165136166
01175118
1987019974
180200182202
108118110121
140222143224
81948397
3816040163
164131167133
1777018071
090491
6510468106
163220172220
97166101167
104193106196
1702117323
43954697
172241175243
8018783189
129234132235
143159145161
1479114994
165155168157
10271329
184131187132
90149316
99812100
49455247
4418647188
1495215652
3011232115
164243167245
91529355
33903493
2920230206
1588415988
9324294246
9018793189
5918362184
1078211084
196115199117
61008103
87219023
161182164184
80258228
10851287
174107177108
1098011381
61968198
9418597187
28752979
127103130104
21562358
143169146171
916311165
31213323
6220965211
1292613327
197118199121
177198179201
26302833
144167147168
998110283
8521888220
22632564
70257129
1059510698
79918293
1611616418
1564215844
2823531237
1191912221
4116044161
8717790179
23282531
156169161170
172134173139
3213639136
1583815941
623714237
158164160166
175162179163
163206166208
66487149
68937294
8916391165
1922619528
28203023
126158129159
4020443206
38323935
1742617728
669968102
1296213067
7611178114
189121190126
8524186245
139114141117
1866418867
3112134123
2918031183
8101111
150173154174
161164164166
196100199102
150104161104
197212199214
1571316015
9420997210
10141046
1712717329
044345
2910932111
094296
4411748118
52097211
104227109228
9321198212
103209106211
11711473
1134911454
155228157230
617918
1863218735
147158152159
1101211117
115134118135
162161164163
4622448226
4723952240
112911511
159202164203
165215169216
3219735199
16981729
6317866180
1701317216
1118211384
172204177205
108212110214
1966619968
14321734
63866688
5819259195
6320266204
89809182
1599116492
127208129211
152170154172
1568315788
7019273193
2120326204
42374340
1501015113
1831218813
1426114464
1527315774
156142159144
1741117713
1456814771
14231725
110225112227
1623616537
4011543117
1522115522
01793181
16498167100
1044110743
50635265
1068810990
4111044112
223255
4222144223
1241712719
2715928162
40314233
01787178
191209193212
27383040
71717572
54135715
4414048141
1474314946
7412777129
1012210424
745850
1031110613
197227199229
6918372185
162214164216
1224512547
179114181117
100147102149
118156120159
2622329225
160195161200
1487015073
72597461
7812486124
2016425165
55175819
114178115181
6614569146
1387514177
1696517366
103174105177
168166169169
01512154
4717949182
2220824211
2313127132
42234426
8110282106
9523397236
159207162208
1928019383
152224154226
120152121155
1656117261
134200137202
123178126180
69857287
14651487
5911161114
1132911730
31757176
913512137
9218095182
64736576
178105180108
299931101
9614399145
142196144198
1371213816
1262612828
013314
130176133178
1032910531
1126711768
182133184136
150175153177
1819018491
112187115188
163192164195
171247174249
100139103141
1146211963
124166127168
173111178112
1132211525
1822719230
119176124177
9722498228
7213076131
1426814471
01473149
116174118177
147193149196
120138121142
141142144144
1499515198
5918062182
1974719950
16751977
200232
167176172177
1823921240
146160153160
6712071121
