1806
1132411526
1408614388
98198101200
291342
2218724189
106244108246
1218212484
186125188128
51876190
142215147216
25583358
9901491
4417447176
1915623157
120215123217
152129154132
37873989
1644116842
31533455
3015232154
46795180
2122923231
170181171184
1271012912
77507953
169124171126
1137611578
194247197249
106169109171
34563658
116168119170
180172181175
54605762
50335235
104109107111
62776479
823211234
1391914221
94729674
4916951171
1854818849
1903819340
168242170245
80828285
1214912451
123227126229
187154190156
3911239121
156120159122
5410957111
121169124171
117217118221
100124104125
189169191172
11571198
118107121108
39614263
185102187104
019124
47585059
1751417717
1718917491
513544
1767017972
1617218175
60656566
2920031203
133156136158
3716939172
1234712848
1917922181
68656968
02312233
137185139188
92899394
53765678
1313813439
176191178193
6119163193
3515038151
8623788240
1545215655
9310596106
43164518
697719
53795681
86898891
170197173198
196162199164
191153193155
35364037
133241136243
2713329135
972210223
01491154
5010953110
7818281184
1201812220
104130107132
17381940
163199168200
43304831
8216685168
158207162208
120229122231
117232122233
3818840190
175199177201
4010342106
156110157113
2122325224
817011172
106138108140
1519018192
195232197234
9122294224
3620638208
181215184217
1284213143
36903991
174111177113
4019642199
15671599
1123011531
26592861
1914219444
88829184
221523
7811481115
57295932
1227512477
1711017313
112234114237
154186
6216464166
21942695
1119214193
1217012472
44964699
815111153
1267912981
1125311555
15001522
1851918821
192218195220
5918062182
139214141216
554856
9313496136
1052810830
1711220114
4720649209
6213764140
1383314035
7713480136
8811990122
2813931140
9117593178
923611239
3819141193
1865318756
1265712959
138142140144
98187101189
126126131127
92669568
15501573
4316945172
112144115145
1409514397
51747177
1507915282
1214113041
1962719929
144171146174
189132191134
062463
1415414655
8813990141
97219100221
1499615199
2621031211
37943898
671703
132175134178
16021672
9611199113
74247626
51507152
131106132110
1591216214
44504653
74327733
1657216775
1418914491
1727117573
1912819330
99132102134
147179150181
40664169
178127181129
21254128
61576459
158167163168
1763717939
1218612488
60176319
1033210535
1336913572
1162811930
65706673
1407414376
133245136247
4794911
5019752199
2917036170
1985219957
101222104224
2214726148
031234
129156132158
8916292164
7110275103
162246164248
83968698
5121653218
1893419236
107191110193
1529615697
2820431206
119156122158
755777
85638766
124220125223
1335913760
6624070241
8715590156
3123233235
173202175204
16801703
69597261
137160142161
110122112125
5020053202
191112193115
16882089
7213274135
1324924249
32753477
117180121181
9522298224
6113561142
165155166159
1898219284
72767578
074177
182131187132
141122144124
1557615680
44644965
02112213
32603761
1693517237
5418557187
163223166225
181237184239
2522627229
654705
5212956130
9101212
1326113762
3721438219
74577562
8324685249
112112115114
3820340205
5313755140
1036110663
53905791
15441747
34103811
162180164182
5419956202
7322874232
1443814739
1785618059
70867288
1175911962
88739075
49165217
8720688211
1658616987
164108167110
8215486155
184142187144
7912781129
3516540166
5217354175
1655316855
161106165107
1671017012
1495715259
1411216114
9222895229
01652168
195141197143
1133211534
102170105172
174163176165
9120493207
169111172113
984810150
70107312
1815518556
139181140184
1313615138
62916493
1192112123
186186188188
54135616
183179186180
144102147104
92839584
162175167176
1885519356
183196185199
128112130114
105189106192
23562757
1322015223
20122413
89229224
4114645147
7220273205
90799281
5122654228
11651467
3210134104
1726117762
772794
101118104120
157211158216
1249312795
171240173242
87518855
84428744
127202136202
150174153176
2917131173
174136177138
98194102195
8113583137
1088211084
9111993122
6312067121
198158199161
4995103
159247161249
4017242174
1881219313
4412347125
8924392244
1019310594
1313213434
595618
6515166154
1548115783
592624
9219095192
110213113215
179119181121
039341
2120824210
191232194234
1479415195
7517576178
4418649187
1943819740
1681917121
105123109124
137121140123
114180116182
107240108243
1763017931
1289512998
103217106218
12371539
143115146117
7621979220
1766317866
144134147136
41324533
078380
1506015263
46224824
3618737192
121153124155
145131147133
194118197120
1258612788
5913062132
1099311195
4112243125
19171948
111115116116
127153132154
96172101173
17682070
20262228
3220334205
97119
4621348215
168107170110
491542
419943102
1719817699
4410046103
3923840243
957989
7013075131
123166126168
595698
8719690198
1964619947
2022622228
1724620248
109235111237
6721969222
5316454169
7422375227
4516048162
110185113186
190181192183
102155106156
5418857190
126149
8511087113
134165136168
7616178163
42274529
138247141249
6619569197
4811950121
5118054182
5620864208
76157917
115190117193
66827382
5819160194
42794482
21872489
190245193247
1589216095
1521516219
1316613468
62536456
1165212153
171185174187
155128157130
012115
4915752158
50605362
9321395216
65286830
62606363
1194412246
1358513986
121198123200
123224126226
12041218
2120324205
3062
79578259
171173176174
11751279
141241143243
7419377195
85148816
3422436227
123103125106
7714182142
150135153137
105185109186
21724174
993510237
1163912140
157162161163
56376038
98120100122
6214666147
02393241
117134120136
154242156245
10251039
1476915071
9111594117
176194180195
2016523167
157159159161
1069210795
1706617268
9321036
179107182109
5314554149
46274929
1618816689
1626716470
4310444108
71327334
152114155116
8219285194
1365414055
1462114823
71567358
3014532147
196174199176
7518177183
1135611658
2917431176
124175127177
90559357
162152165154
1493015232
200232
94779679
83308731
1682517127
6617668178
8715392154
9017092173
185232190233
1301613219
5423357235
76278028
96869988
183231184235
1529315595
6819869201
41194421
118140121142
1796618169
140109143111
4719749199
2192311
1956619768
6222064223
1513418135
171230174231
1735317655
4111344115
5610658108
17852087
3520936213
8323585238
01451148
1094311245
70837384
1307913381
71267231
32286229
19531994
4817450176
189121196121
143184146186
125184128186
11101132
153148157149
5016452167
1682217124
31654168
190190192193
163188167189
65496751
174148176151
139224142225
92589659
58256127
975110252
3818343184
137198140200
91509452
7414875151
13311533
1191212015
1508815389
1324716248
128193129197
1868118884
160193162195
14698148100
109180111182
2719530197
8616789169
12581460
178230186230
8281229
157227160229
6516768169
4617850179
3917542177
57336035
98138101139
7619679198
5511958121
235537
1839618897
137169140171
1917319574
566588
17101742
179218184219
21225124
81688371
12251248
1045110753
84678769
1633516537
58446146
4919151194
1131911521
62179219
122139127140
9015893160
138195140197
175107178109
1332713629
4312945132
183245185247
184200185204
198115199120
1552315924
1126511468
117911911
20292331
43224524
2815630158
1472515226
19098193100
126119130120
1451514717
65256827
129231132233
149122151125
97589862
1149411796
4319546197
135215138216
77837986
112238114241
4222445226
11321236
1217315175
1163111933
179245182247
4621048212
1069610899
182126185127
132211136212
1443614737
247337
135115140116
6517070171
1847618777
127178129180
111218114220
1134311645
159232161234
68527253
47504953
39704471
128169131170
191141194143
117209120211
1674817050
69757178
1466014962
387428
3710739109
9324395246
1576416165
4923951242
2322524228
97207100208
102162107163
560582
172205173208
2516727169
5522658228
32873688
150204153206
17221924
1974119943
2417028171
125232128234
7319675199
3311735119
49235324
97919894
17652067
130245132248
6512268124
137217138220
8321888219
3611838121
1024910750
2112924130
83558557
1973419937
8310486106
2818429187
1658216983
107147110149
154106158107
715610158
90879588
2712230124
304336
2911932121
6520868210
129186131189
11711274
106141108143
179160182162
33183520
95979898
5014552148
188150191152
114201117203
3921742219
95489750
113195114200
72197620
112126115127
12411273
1018710688
35763878
01412144
108107110110
150182
116222119224
8123183234
143238146239
148162150165
2218327184
1419214494
1712119123
5922361226
1024712249
165165168166
102209105211
9471249
1431414419
984410146
150160153161
120220123222
35333835
136107139109
113133116134
79128214
2724231243
20232225
98235101237
99223100228
153170158171
7011673118
96249727
27523054
42127214
1899619397
103133107134
4316646168
7916981172
179158184159
80928394
332534
2824430247
116225117229
1268213183
9320096202
151162153165
137163140165
7924682248
2923030234
137201140203
32783480
1412814430
5613758140
5413456136
8813490136
110187112189
36273928
4416449165
096497
9317095172
134196136199
1424814549
4217945181
188819011
13541655
30133216
8118983191
155123157125
50295132
109199112201
196212199213
2419127193
4322246223
1494115143
1484915151
31623464
181200183202
4515748159
2822731229
4120843210
265467
107104110106
104203107204
40514353
88619162
195226198228
4422849229
26283029
1565715959
3323636237
3310736109
93179818
62686470
53255726
101166102169
5121054211
5715860159
39224223
137239140240
3516443164
1188412087
1616718170
4512648128
93319632
9323398234
120246121249
2510030101
094395
40784182
100216102218
0217
89159217
161165164166
8313885141
1014612148
153168157169
139244142246
106181108184
7022772229
1042610927
1326313564
97166100167
86568957
168230170232
1967219973
1924819351
2611928121
5624758249
1324713648
127210130211
2914133142
1712920130
138133141135
16311834
4921251215
103242106243
88199121
16422143
163201165204
52208222
130813210
4620049202
1656716671
132100135101
17431775
1614619148
977210074
1192412127
1244212744
1036410666
61598162
1358713889
27902993
105125109126
1129311397
182145185147
1711820120
081383
1045810660
1822619229
1917519378
619822
1767317875
52195322
81218622
8520388205
14601492
1124011542
1227312574
6317565177
1882519127
169214171216
156230161231
713912140
174197177198
8524188243
1608316286
8814491145
815856
62249226
27833284
57566058
9961018
62386341
4521648218
4221444216
7618778190
118225119229
31213423
1721417417
9124794249
3814540147
1892011
5619557198
124194127195
188106189111
18512152
8120583208
1222717228
2717828182
183208184212
3510339104
1253012832
147167149170
2810930112
3414037142
5517157174
4215944162
6216764170
10531084
2413927140
193194196196
1641916721
1331913521
2310426106
96192101193
120204123206
6418567187
25223023
52925693
25132815
80458247
169217172218
152230155232
11341166
2111223115
24302632
152122154124
1617716478
6613269134
186246189247
1466314964
46255026
35693871
110202113203
1507215275
1743117534
1566715969
1541615618
1769117894
121160124162
97241100243
1788218085
32045206
1099611198
1315314157
78428044
184151186154
5410258103
97205100206
1710320105
1116011461
5116254163
10931125
1618419186
1327313574
2823530238
110207113209
114174115177
104175106178
5421957221
156217158220
174146179147
5011553116
153247155249
135231137233
1928919790
8316186163
1271612918
43724674
23252528
132196133201
4817251173
159216161219
3923342235
7916182163
1833718540
1619116394
81908491
9216594167
7020071203
186200189201
6420269203
4714749149
64616564
7913982140
143141146143
8823290235
2520932209
630662
26482950
8824790249
995610159
414115141
168191171193
118129120131
103100106102
197148199151
58686170
1245512956
77227925
1751918020
8615789159
1382514127
5712858133
168137170140
105115108117
6810270105
2913032132
7711880120
1009810399
1458514887
160221164222
178155180157
1031910620
3323835240
29303033
6221565217
115140117142
6020964210
1531315615
154176158177
184189189190
1803818240
54465748
2714832149
171147173150
048251
192109195111
188159193160
348379
156156158158
1866619067
722710229
109141110144
186209187212
1919022191
81418344
118235120237
1904519347
112152117153
21642173
6514068142
1379313898
40934395
1219413197
1237812581
19551978
102148104150
1169711899
1436214564
8799011
1485215154
1351513916
1147011573
141200143202
1111113114
191129195130
4511049111
8419987201
01693171
800822
197121199124
9420396205
101205103208
55495851
8761079
3222433227
96809785
583885
20182220
1722517527
194112195117
1107111174
92609462
192137195138
6023962241
5819559199
181148183151
4221145213
3518040181
1093911142
153216155219
124200129201
107177108180
1632316625
639941
1420616208
186191189193
109211114212
1956119763
165146167148
1681417116
713745
99232102234
144111147112
160113163115
24442945
1002410227
84278729
1263312835
1327513576
1121611518
1025610359
151243153246
66226924
1818518487
3814843149
6319865201
1024010542
8121483217
16741976
132126135128
168151171153
31305132
1803518237
6222463228
130180131183
7022071225
163144167145
194165197167
2219825200
5411656118
9112994131
9614198143
1447414776
9016591169
176114181115
1642816630
1663416739
54676367
133107135110
187133188136
1722317624
83788481
89259426
5385
1537215674
3018432187
14201442
129104133105
1815718459
3915642158
194154196157
144189146191
33833585
1720118204
178130181131
864887
8420886210
8722789229
14431475
21555157
01372140
2013624137
6124764248
73537555
7617278174
3012532128
52469247
11998122100
31933495
2513627138
6118663189
8019983201
59116016
127162128166
51455348
72487450
1515618158
148152149155
9519597198
40894292
1449514697
8711894118
147246149249
9615699158
122148124150
1175512057
1197412177
1659516797
1922519527
150128151132
4913453135
1223415236
193191195193
66636964
147142150143
6115762162
1694117243
9523597237
525557
2818831190
7411676119
152138154140
1717417476
166122171123
198231199235
1461814820
5423957241
2518527187
162209165211
111178115179
1319815200
2711330115
87859086
1481315115
1816318465
164114172114
8815092151
195222198224
158239163240
6114364145
830853
98210101212
182116186117
105219108221
1317616178
185158187161
49765278
1410316106
3217837179
93439645
107222109224
77467949
77678069
2917731179
93129614
5814160144
107194112195
2124624248
1532815630
163142167143
164229165232
90399341
8713090131
1537715480
172175175177
23202821
140231143232
93809582
91699670
1383913943
3183311
7522876233
120178125179
8117784179
57125817
82348735
1926019463
118244123245
2010622109
1739417597
9516198163
123233
3423037231
25902693
169154172156
5222254224
195229197231
6320566207
154226156229
192225194227
2622328225
1597216274
8616488166
1166811970
1524915551
119186122187
1347713779
94539755
3421436217
1220313208
191174194176
181194182199
5720060202
98197107197
3123632240
1016010263
2211727118
153184156185
131221132225
17071739
67716973
122141125143
3814140144
172247175249
996710269
105166107168
31375140
1066810870
14201427
6720468207
21537154
114117116120
21464149
811210114
6219465196
158109161111
113122117123
159204162206
5912662128
1929319794
169211171213
65327033
108163110166
2012223124
9418097182
139117142119
1374713949
13351357
12422246
1241112614
114100116102
1315213453
4424445247
141189143191
9621398216
127161136161
164139167141
1351213814
12001290
178135180137
138189140192
1679117093
1634816650
40754377
1708117582
160183164184
29173219
145146147148
186112189114
3822641228
97129914
1223319233
6122966230
4319246194
9112396124
1243812740
3415935163
1167811980
134205137207
88489050
162156164159
1614516447
108118110121
1526815570
178187179190
6323865241
1649016693
192122196123
1889019192
107175111176
103198106200
1612519126
192149194152
138230139235
2514128142
4314048141
8310185103
68487149
52125315
5923662238
1921819719
137176140178
1772718029
77728074
127226129228
101238102243
124118131118
1664316845
174104177106
919511197
190230194231
36183821
4211843121
1832818729
1111513117
1154911851
179919102
188102190104
170134173136
95339638
1813619139
6020363204
1085311155
184183187185
121135125136
8422886231
94569857
092393
7717578180
7923782239
192146194148
88319034
98181105181
1858818791
5817361174
1925219454
75457650
131205133207
145175147178
31323433
6916771169
72142
50635265
46324934
51788180
148150153151
81528454
5516860169
151195154196
137124139127
1415914461
6610267105
20612263
1372914031
7416777169
107213109216
1219012393
1853218834
150240152242
26623063
3121233215
988210184
2412226125
143118153118
4421947221
8721690217
196100199102
58906191
109137110140
37543957
53885689
1358013882
97135100137
169115172117
8321186213
141192144194
55295633
196137199138
148217151219
5319555198
136227139229
7123374235
99147106147
9521254
187115190117
1605616557
1048910691
9313795139
163205165208
50505352
119143121145
6716170162
106233111234
5310456105
118132121133
102235105237
13281630
7317976180
37404042
117214119216
6410667107
1506415266
182113185115
1369013992
31693471
1689617297
1744017742
4016842171
8920891211
1293113036
65526754
111159115160
1985819963
16362037
122183124185
4515548156
1637116476
2318126182
8020982211
97319836
32174220
9019992202
4719248196
2221625218
170224173226
113224115227
6510967111
4313848139
41344436
23182819
168120173121
1577816080
01561161
21504152
70101
35483850
5024553247
2421326215
12811303
73857686
4319846199
36513953
162226165228
6914370148
4418346185
1962219924
161616211
69897689
169165170168
8212884130
4823650238
1636116663
3218935190
67467147
1854618947
1921721219
1665616958
1405614358
116159119161
1021711220
147238149240
177177180179
177116181117
71298132
130166133168
1099111492
76607763
75347736
1602316225
42407241
89939196
16131645
1714917351
1704417346
120101122103
197182199185
133215134220
6314865150
103193106195
4720349205
155138157140
2717428177
1573316035
1683817140
184155186157
34663768
6218367184
134119138120
60526155
192124194126
1017311176
146232151233
119174122176
103239106241
5221255213
1548815691
5741075
138137142138
1483515038
155159156163
1631516418
100158105159
7815880160
76297931
178180182181
196199199201
123187126189
1772318025
47724975
118151122152
154108157109
2346
9421046
170200171205
02162219
4110944111
128205130207
1036810571
73277529
156246158249
1308813489
159103160108
126123128125
101201103204
1719419197
7815281154
1013810439
171243173246
18351867
1411519116
187178189181
3124432248
6917672177
105119107122
1677616879
6323366235
7920284203
5522258223
36223825
22332435
143130144133
123123125125
88659565
163243165245
1678817090
164240167242
1548615987
161102163105
9420997210
7416477166
1686017162
1592616228
89289230
54525753
49885290
8812390125
134104137106
4212644128
913412135
6913971142
129101131103
149182152184
1126211564
1629516498
180232182234
21962498
1691713
3312035122
634836
103151104154
1732817530
710751
18521884
174134184134
1314513646
492794
120225122228
1159011793
136223138226
2524427247
184108187110
137241140243
16651697
1687317075
1695317255
77188020
68187618
157193159195
78648066
016317
35384039
2712529128
189184194185
8918590188
9211322
106235108237
9121794219
194177196180
177163178166
2811630118
98184101186
141162144163
69397042
133113138114
1258412985
185216188217
11421543
4020045201
5414157142
1746317566
1498415485
8423287234
179163183164
1551015812
7020672208
982810130
117138121139
187176190177
4614449146
5221455215
1745817760
96191104191
1024410745
12799128104
122180125182
1032110623
1892219224
7513278133
6323168232
178208182209
30903392
183818610
109246112248
175181177183
8923792238
1863818940
152223155225
479849101
163916611
181189183191
1189112094
107159110161
114247117249
1174112043
8522290223
78328134
187228189231
1385914061
1371714218
1949619798
23592562
105150107153
483505
6516266166
59776179
118120121122
11099112101
137158140159
190198199198
5821860221
1084910952
42254526
5111954120
9216897169
18792081
186138189140
359940100
111119113121
1933619637
7722582226
1308413485
163190164195
76547857
170100172102
71249126
1936619469
186218189220
6621168214
1288613187
993110232
479781
7915082151
8214584148
186194189196
1446914672
8613887141
168161169164
3119134193
73677669
166206168209
12474248
10551257
66436845
149234151236
1619818200
1374414046
1319113394
2411426116
9511598117
6110563108
5021953221
132185136186
6811973120
5711358118
1696917270
388591
134136137137
1929119792
186145188148
