1771
139125142126
133180137181
1473315035
1722322224
2424527247
173161176163
7413477136
12561557
7114073142
54315732
7612479126
1674417245
734937
766797
1507915480
29503251
181219185220
145165147168
131120133122
27832985
169222172223
4024443246
1189612098
135107137109
106159109161
1311015112
35653768
6223365235
190133193134
86489149
1404214245
1912322125
4914452146
18482050
75327834
114167117169
3311936121
76448145
14699151100
4816150163
5220055202
4411847120
157115164115
109203111205
1023110434
9510296106
1212912138
1510417107
812411125
118139120141
1020812210
88339135
1376414065
1807018175
12321264
10021034
104125107127
1429514696
1564515848
99213101216
1843218734
87449045
13501373
15599156103
86648767
1456914771
8514292142
6813771138
124135127137
7418476187
81908295
8520487206
2722929232
157139159142
170185
296406
185245186249
110221112223
9319098191
975210153
1718721188
181121184123
157199159202
4021743219
158165163166
61536355
58166118
137171139173
121133123136
15821614
6022263223
1796018162
8321087211
1546615569
3521338215
181223182226
103176110176
7611580116
676878
713912140
40864288
135215138216
187246190248
7920080203
1568115883
3420336205
40324136
1808318385
141230144232
113211115213
1747317676
2422627228
9412997131
129156131158
1897019670
1218014183
1482515126
1419416197
8323386235
02191223
1617318175
3011932122
10461069
127125131126
102191105193
96155101156
183103184108
1609116393
163118165121
177227181228
6812171123
129223132224
1796718269
469848101
192121195123
16801882
1192012122
3918446184
4320647207
026229
59796281
147156150158
1674617048
45714774
3120933211
138247141249
3823040233
168113170116
121100122103
150198155199
9641266
1884518949
3421837220
11321155
91159417
8622789228
119153122154
871975
177917911
9998101100
127179129181
661864
4113143133
142246146247
155134157136
48735175
1173912040
78638065
1157211774
144179146182
164185166188
175111176114
1362013922
146120149121
5524258244
9623799239
69467149
169177171179
1156211863
754957
5124154243
46414943
5114753149
160102163104
4222147222
146143148145
4315948160
124184127186
2218323188
48865188
42424445
183172185174
185180188182
69287131
1251712719
121226123228
137212140214
37473950
11001151
76777979
076378
28713173
140205143207
6821972220
4312147122
5823361235
1895219155
45224625
72099211
35403842
143192146194
92569458
1317313475
105177108179
5922763228
1169011794
1652416727
156230158233
2410827110
8624188244
143133146135
38644067
75237825
139222142224
18761908
1574216044
1578415986
31533355
6616768169
169238174239
135115138117
8117886179
178180180182
6823670239
95109713
1611016312
50345236
159249166249
88589060
54825684
29213223
193138195140
196236199238
182126185128
95239726
1762917931
1523715539
111176114178
42644368
2815031152
1623618239
10521156
5814261143
1721819220
1421614518
1832118524
1738217684
92509651
1257412777
13811413
781813
124222128223
2418127183
16441748
7224575246
1458514886
11761279
7123374235
143161145163
183109188110
133104135106
5520759208
3911740122
28683170
131191134192
149117153118
1904819349
8512587128
134225139226
914994
1862318924
1576715969
74397741
10351337
7221175212
20772378
13031344
01892192
2822631228
190196193198
2318928190
52725573
2110224104
1248812789
8811191113
1813419137
59606262
12901312
515556
57506151
4123243234
6115564156
8681070
85728873
1148011683
145195147198
22902493
6010764108
101161104162
163204166206
108184111186
1432014621
56875989
152145155147
7222675228
619864100
1925219455
51418143
170166173168
1713717339
174197177199
6920974210
135913712
14491751
6020462206
1443614738
19161939
120121123123
103242105244
177166181167
58196121
3414036143
1216213165
80298231
1353613838
128111130114
68627163
162108164110
19212223
2616028162
7421777218
7012474125
12374239
178145181147
9424398244
18512252
1614416446
83928694
120241122244
100165103167
128150130153
2721530217
134118136121
11804182
8922092221
9118094182
02122215
1274112943
3111234114
1151311616
89249425
45534855
158167163168
4021243214
7119374195
106226110227
3922641229
1678816990
36783880
160207163208
566589
197173199176
17896179101
4412649127
4820651208
147189150191
88229123
1927719579
1275412857
186230187235
145126148128
947969
1805718259
67156819
6721670218
2821231214
2813131133
89719173
4316346164
1944619748
31253427
21154117
62058208
15431574
1502115522
1608616387
1788018182
32683471
1119013192
1018713189
128136130138
1551116012
18742176
1977319975
166174168177
144203146206
3117134173
98168103169
7222977230
8419888199
26592961
73557557
173200176202
97207101208
815611158
1008810290
170243173245
1053210636
6221766218
151133154135
2817730180
3823841240
01414142
165225167227
1507615278
8919591198
292594
6713069133
142132153132
147159158159
22943194
117199121200
92829485
32853488
1457214774
42904592
196179199181
132126135128
1017310475
1027610578
143136146138
23562658
165217167219
1915723158
2658
82408344
1298413286
2918633187
1193612238
1885618959
187148189150
02163218
44844786
1816523166
131172136173
1917321176
123162126164
66826884
86299030
4211344116
1188412186
43264827
5619759199
59346335
5224454246
1119111592
176209179210
1836218565
105166108168
4424345247
1114916150
9620098203
1274913051
8015082152
162129165131
1714017442
59766278
3814541146
9322094224
122143124146
150111152113
4015842161
269929101
184145188146
2313926141
135230137233
1211412416
51986203
1454214843
1749417796
5716162162
1964119943
143239145242
109198114199
754795
204227
1809418297
169155172157
1712122122
222524
9381140
6723170233
150160151164
5022352225
64546756
1657916781
1745517657
151128154130
1586116163
989510197
123202126204
82728474
18501901
126238129240
20422443
1827018374
4610248104
6514474144
121209126210
120156123158
166158169160
52745576
177111179114
849987101
42427244
171130176131
136203139205
1313813439
2013622138
6514575145
64106513
109141110144
118134120136
19751998
127208130210
154174157176
1672817030
9522598227
6715968164
164916514
191201194203
121179124181
169169172171
884987
108156115156
1187312076
2819731199
049350
89659168
58906192
8913391136
9511998121
40154118
1162611927
02052208
121182126183
1498515187
1487115073
679881
143158146160
115124116127
1932519527
4624749249
1635816660
8119883201
191248196249
119142121144
1594916151
148163149166
1398014481
1868518987
6720669208
162243164245
713110133
1513415436
1475315055
6017263174
1764217944
39684071
1183312035
1408514486
97233100235
186153189155
45634964
107221109223
6019562198
167247170249
75807782
93869688
1524419245
112179116180
112131114133
162220164222
127105129107
66926994
1844518746
149145151147
168217170219
6320464207
151219153222
9619598197
126187129189
120231123232
35283830
188161191163
471773
39194121
1181412016
151142156143
7513780138
277309
1303413236
183210185212
9414996151
133135138136
160137162140
169181172183
6514767150
183111188112
5321656218
1117616177
3918542187
9118494186
102133107134
74677669
99194102196
174219176221
149184154185
128218131220
15041526
10761098
4219645197
56765878
3022933231
1317215175
074375
25702772
8816892169
5921362215
124205127207
5810161103
70767378
190130193131
107208109211
184101187102
6715370154
1212214124
131246133249
1317113472
7710980111
138158140161
824310246
121120130120
30413343
116156119158
138196140198
167165169168
1101311414
1611618119
4816955169
175145177147
183213186214
1006610766
1216812271
181180184181
7822980232
165113167115
19698198101
168151170154
1055111052
123150127151
196188199190
178137179141
78888389
1425214454
70607361
188168191169
7724180243
157128160130
118228120230
181104182109
125105126109
128206132207
1318713389
2314826150
2224224244
172147173150
5814062141
1595416156
1128811490
61256327
1831218614
20592560
1743717639
25273028
1368813990
1302813231
16541856
1544115644
1051210714
01234124
1423914541
145184148186
67437045
880980
161225164226
8723890240
182136184139
8111113
1217812480
1222712528
162246164248
116239119240
8818390185
140163
190170192172
123243125246
5921761220
3212335125
4614849150
109104118104
7311475117
3117934181
65966799
2019722199
6610168103
915114152
9761081
193179195182
8318985192
7810181103
166242169243
171139173141
42524455
63756577
1258012683
39224124
6016362166
5021752220
136145141146
51879188
174247177249
148124153125
81858586
133137134140
57475949
8021783219
1614716648
127234130236
3710340105
119223122225
7523378235
148193150196
102121105123
6019161194
7718480185
1920722209
449845103
197145199148
43304532
1813518437
60846287
1921019413
22182520
4221547216
472513
8610691107
40494351
92489649
4012843130
118219119222
1629716599
124233126235
17731796
22802581
1534815551
2620029202
58416142
1908619986
135192138194
1406014461
174164176167
1648416686
1306813370
4111742122
1820021202
8817591177
4122446225
1369114092
147107150109
12521753
33783581
99189102190
4785010
139133142135
19461969
2916232163
11956196
1661916821
138138141140
1959519897
1887419176
179149181151
137101144101
8110486105
192141195143
1266012863
1811322114
9141117
288590
79228224
22244226
7114773150
4215645157
128184133185
5024858248
717510177
1847018871
72457547
193208194211
14701492
91289629
1187712079
2311325116
195196198198
5017952181
159240160244
7222475225
116121119123
1908719389
2811531117
147246151247
12461269
51818183
1619416396
957410075
158217161218
68727772
64336834
1617819180
187195189198
1913224133
6017563176
1419917200
156121157125
77677970
01452147
183129185132
1563815840
1253312835
77467849
132199136200
6316565168
1707217373
75277730
3420936212
73307434
2524227244
177219180221
105196106201
111192113195
1623119233
37143916
66256927
1389314195
178121180123
72167418
122199125201
5116253164
95459847
42764578
01434144
180160183162
178128181130
80148119
1378413987
1355813959
1086211164
183187186189
85148816
920511207
76117913
60226324
3215434157
1914922150
25922893
157169160171
8915490157
12921494
20972598
127231130233
1144911751
4711050112
64226624
60476249
4815150154
5510558107
24342637
2721832219
5414057142
98192101193
2710230104
14891691
171112174114
51908192
6810569110
91599461
145230148232
1625616657
79588260
148150150153
1293213433
2813531137
19562258
12501281
4617648178
99104102105
30583161
72267429
177168179170
1157511778
116244119245
8281130
9616897172
10297104100
7920982211
37913993
155148157150
7418279183
1543015632
95309831
1236012563
126211129212
8718090182
42394541
7816182162
265567
413715
31316133
63456548
1315113452
190154195155
66387738
116233118235
147220150222
1414914451
6618869189
9513598137
2810931111
1721417516
96419844
1716321164
1355113852
28863188
9201222
432464
4721749219
718410186
22722474
8520787209
101146106147
52278229
719911200
985510057
195202198204
9416297164
191234194236
18922194
187192194192
158148161149
126127131128
141212143214
1759117793
82768578
2021621221
1111012115
1966419767
1253012832
7422177223
10251327
17499177101
130186133188
16771979
83298531
14651478
145101148103
152160155161
435467
19842684
84388543
133207136209
1337713679
171172174174
3714040142
145129150130
16941717
98217100219
7516077162
917112173
129160130164
95819784
159195160198
1911522117
1622516427
9123694238
1761417916
32383440
47214825
5523457236
1038910591
138217140220
1708817389
1944919950
37363939
1116611667
2824229246
3518038182
91369338
110242113243
9211695118
55185721
26222824
257362
6122963231
3519438196
4722748230
3420636208
36173918
2822032221
16101912
1110014102
124133133133
4815751158
1524618247
13631565
1326213365
16671969
90399341
74587760
78267931
1565716058
141187144189
127123130124
70847385
9417396176
8515288154
1052710729
9120095201
1233612538
91749376
71797481
1132611528
157143164143
5923662238
41284429
196164199166
939996101
58256028
151195154197
47344937
100137102140
1219612896
5813261133
57136015
8012385124
37333935
3821639221
4011144112
1173112032
1056010961
7118273185
2618428186
148208151210
7517180172
115228117230
3213434137
105219106223
5117253175
192161195163
1933419537
5619359195
111144113147
14311463
7923382235
6520968211
7822180223
118180120183
111201114202
52195422
122148127149
1509615398
166916812
7719082191
5514558147
6115966160
56335835
4516947171
1469315094
163239165242
1269312895
6824270244
7124176242
48315133
61566259
1123914241
3711139114
117163120165
139194142195
1115314155
180163183165
430471
178197179202
1372914031
5616859170
36543856
101184102188
1012613128
93789680
5021253213
6395
161238162242
75897792
9614099141
063564
1304613447
156177159179
193144196146
117196120198
2714832149
02452247
140190141193
185123187125
1311417115
6417266175
161169164171
113160115162
1922819530
1427514577
4823950241
2222924232
3213833142
95709872
163192166194
128241130244
6517767180
75938094
01743175
66286831
115171118173
108152109155
143195144198
192147195149
79568357
7011572118
1078011281
6618169183
194109199110
7712978133
389740100
480511
7824680249
146111149113
6910172103
177115179118
71357337
6118468184
106244108247
114144116147
1463914841
4017642179
194212196214
1304013342
1933819540
1688017281
11631214
4619149192
927310073
4213847139
191204194206
1045710759
977999
1393814141
112170114173
180116182118
326628
916311165
6510767110
137162139165
195167197169
86468947
6519068192
6231124
152242155244
1364213944
140147141150
1624916750
1419218193
29343236
61638166
125215126218
160122165123
34893692
3715439156
142147144150
512010121
3110234104
25392742
6824571246
50635364
131242133245
01295130
1904619347
2319925202
1509115492
98183100186
33623564
107187109189
137240139242
3612339125
1222014222
122159124161
7221374216
1920324204
86838985
1394614148
46474948
176216179218
1123514237
1218812390
50375240
6220164203
8319385195
8413588136
52875589
119233120237
1912922131
88869188
9023293234
350382
2415127152
3721042211
167141170143
4614448146
128176131178
4722449226
3624439246
1593816240
1087211174
145118148119
149167152169
62436544
139233144234
139215148215
1397214175
23862589
8820890211
50455247
046348
1311915121
1188812091
1218112483
2116125162
89269427
127165130167
1165211755
160109161112
7717480176
7815381155
1682217025
3224134243
1178012082
154118157120
149237152239
112244115246
110101113103
991510416
811610119
1468714790
1606616368
50485250
81828484
144212147214
152245157246
5215754159
117106119109
112118113123
114106116109
1867719178
1678417285
11671568
145107146110
3619739198
1265213053
3223835240
143164144168
1751218013
59366337
1836718669
1656716869
193183196185
172240174242
2313426136
130154135155
1735317654
94389640
3524138243
112228114230
194215198216
175171176175
37833986
166122170123
84898791
143222144227
716111162
8018682189
2723931240
2110526106
7718679189
3523542235
7712288122
7615681157
1137211477
114148116151
1428714589
1342313725
038240
2918833189
166146171147
1616817172
158188160191
50115116
19892191
0311131
137243140245
196119199121
1348113783
1676117063
196242199244
3817241174
193239195241
8124382247
1968319985
7020575206
10461249
147148150149
1443114832
135158137160
57566058
10741125
1522016223
9217797178
41944495
1817818579
7010573107
1626116662
173108176110
101248106249
67696971
1320816210
918011183
123239125242
9316995172
188174190176
3513537138
3112635127
88899290
196233199235
179173181176
143112145114
9112793129
2319326194
120221123222
132219137220
165107169108
113183116184
174119179120
1261012813
155238160239
74427943
138229140232
30563357
62106314
3219735198
140165142168
1535615559
3219934201
192177196178
1287613178
154226156228
6010463106
7923684237
6981199
1716117861
2221425216
1631616618
133107134111
107200110201
1362613928
177106180108
109244111247
8822991231
76557857
5112953131
196224197227
33363637
195131197133
02093210
151158162158
1684917949
1181712119
1405614159
9524797249
132913412
183243187244
1118413186
1822618429
66807081
80378737
66486850
1288713090
561584
6515567158
189181190184
124123126126
1454914653
103151104154
108132111133
31596161
28393140
142914510
9512498126
1012310325
20352337
1291613317
129139132141
8119282195
199921101
103217108218
88618869
7212174123
2024523246
1871719018
174104176107
829683101
62916593
6321266213
140203143204
103115105118
31894192
7124375244
72917493
2513127133
13881419
48915292
9113793139
161190162194
3513140132
171215173217
140111142113
15071529
1122111522
931963
149170152172
155211157213
169102172104
131232134234
4512347125
474505
193242195244
1310314106
5021452216
160201163203
6218865189
11901222
5914564146
9517998180
98171103172
177155180157
138188139191
64686671
192212193217
135138136143
41694371
1411214215
115135117137
1402514228
15851598
105128107130
196141199143
1764517947
189145191147
1114512148
196139199140
1295613158
1528715489
1519315495
1531715718
1908419385
1591316314
100129102132
67517053
1162111823
1756917871
1695617158
89619064
7813480136
180209182211
4511548117
1773818139
1192312125
590613
6422266225
8820489207
379581
4913452136
4713250133
190241
3615739159
1878219882
141235144237
196239199241
160245161248
159124162126
110187112190
1494115144
9115793160
180153185154
162159165161
8821591217
196193199195
25253026
01790186
1512318124
54135616
1093411236
16471688
8117383175
5220355205
49235027
12406241
1338413685
2312927130
1034610548
91979498
3612639128
81268428
5111158111
7117974181
173182175184
6024163242
1934319545
4015441157
152240157241
1796518266
6424165244
9314296144
103188106189
084287
1517215473
5516558167
106118109120
700751
536640
1924722249
1626316565
11601182
137227140228
4214043143
51567158
1149511796
9112194123
1051510717
151234154236
6811271114
5317754182
81708571
1576415966
9522298224
2412229123
180212182215
390422
177162179165
105143108145
804836
4018943191
110218113220
173102176103
82348436
51357138
1521415516
6613469135
7018772189
182166184168
121196123198
99225102227
34463648
5411657118
169918102
117149
1827518577
10821123
8417487176
1521118213
1312213324
173158176160
53525753
167110172111
15851886
181157183159
187156190158
1412914332
8311386115
145199147202
1381014111
62156418
4619748200
1048310785
5013953141
92709472
7316974172
8817092171
1897119671
1696717268
109240112241
9519297194
3423037231
977610177
3813339138
1483615038
149214152216
10061038
10741575
1916119463
51775578
108249119249
54645569
143141145143
1184412047
131240136241
16171639
1963619938
8719288195
78908092
39414144
196161199163
3323638237
174121177123
47765078
74147915
50825185
1831018611
1223115233
1163311737
8418086182
636649
482784
2221726218
143172148173
522554
5422557227
18521875
153216157217
3711738121
197205199208
6422666228
170107172109
125139128141
149103152105
39794281
126110127115
1424614448
889790100
09211
6517069171
1133511537
196137199138
2421127213
1524015345
982010122
187140189142
9213494136
7624480245
9416595168
51415344
080283
6422966232
1901919320
6314864151
2210723111
1764018141
1474615048
901923
7521477216
98170106170
197126199128
1482315124
1458014882
1087511077
1228512487
1024712249
23212524
103208106210
6021062212
9620499206
1876619067
1956119863
32283431
291323
1025110453
192115195117
33753677
6799
95589661
185175187178
99124103125
19341965
61447147
184157186160
3618338186
178229
145233148235
177193179196
180244182247
187918912
118175121177
4510946114
1122911730
115129117131
154177155180
68756979
1555315855
1455814760
1951819820
1324313545
76527854
19852685
110109112112
1419714698
163156168157
6415266154
3013831142
35833688
122174123178
133223138224
124219126221
1121114212
100209102212
1522720228
068768
165220168221
192118195120
63386540
45114813
3619039192
1214115142
145175148177
7614079142
35193821
168148171150
181124184125
118208120210
143445
134244136247
172233174236
719511196
14131616
103211106213
114231119232
723311234
559956104
191158193160
