1790
152224155226
2913733138
52097211
1446114862
140164145165
153157156159
1909019392
1019310494
5419257194
177194179197
180130182132
6114963152
1098711189
10921115
148230153231
151216154218
1056311064
02353237
1737417676
1387414275
1581916121
42426244
2519128193
10041027
1833218634
174119179120
35314032
109111111114
4319548196
157179162180
122178126179
4511548117
8617088173
2221125213
127202128205
146165149167
31666168
4914252144
194135199136
1114714149
51508152
2011523117
1888119183
164109167111
158150160152
58336036
3615739158
1751217715
8641067
188213191215
7520878209
138200141202
149915111
880980
4413849139
84138616
124129125133
79938196
1128911591
15881890
151197154198
1994919959
16651697
12531285
5319754202
153180156182
9121293215
8917092172
81508352
182170184172
150132153134
8220885210
3814641148
1611321114
1368913991
39584260
6322966231
149189152191
187203192204
818511187
5411956122
3412336126
5321755220
73547557
184231188232
15801881
7723481235
101232104234
8620889209
58246325
27723074
2821231214
16621684
1721819221
71837584
8420088201
4521047212
4217044172
923011232
6115364155
7414476147
13001313
173161175164
8313886140
180119183121
115143118144
166248170249
9123294234
157198158201
1310916111
74247726
187918813
88869088
6813371135
189126191128
96869888
1716817470
14371639
1249512796
4320444207
64115
1974619948
2816431166
16699169101
151138154140
104155106158
72157417
1920624207
142814411
126103130104
27892892
196131199133
186120188123
31313432
15411564
5217655178
2610629108
1447514678
97419943
1641016811
167150168155
17392240
1904719349
161155162160
4515948161
301333
6401041
104120107121
111104113107
155191156194
1977019972
165213167215
1212712429
1144411746
89259127
101238102243
189142191144
172146174148
174214179215
134120136123
79128214
84778680
173171175173
02382241
6920572206
45924697
117162122163
1933919840
2221624219
4113645137
154126157128
145214146218
821012211
31856187
24932894
1417215175
1797518276
5217355175
1613216236
16601701
5818760189
1912119423
9711099113
1506415366
190155193156
63946696
88219123
64476649
8698911
13298135100
192224194227
1568715988
7971099
3213034132
1123811540
9510297104
1112211423
161152163154
9714599147
491513
1794718050
1196812270
171232176233
180116182118
364567
923812240
51765379
2114625147
103175105177
119154122155
123231125233
1688017181
164182167183
132913510
130209133211
185191188193
1465615157
146138149140
2322928230
1951319815
111171114173
992510128
111199114201
73797581
7311676118
171130174132
81538356
194175197177
4416247164
1633316536
634936
12041227
132187134189
4322646228
93869589
1953619838
8713190133
136129137134
141115144117
19211935
9020594206
69237225
1452514628
190169192171
9523598237
859887100
4721348216
156109159111
3819941200
2424828249
1346913672
177185182186
58576158
181158186159
189205191208
110185113186
14651767
89319034
1708217383
622824
190175191178
171114173116
191221194223
159247162248
77158016
2911033111
130159132162
1976019962
155144156147
1152211725
141218143220
25662768
6223465236
166210168212
145141147144
4215944161
15751626
73197423
108217110220
144210149211
1611316414
1323113532
3719340195
1793318235
140147142150
8812589128
1017810579
72387441
108140110142
1734317446
19762278
179200182202
174153177155
117137122138
9481250
102148107149
1418817190
8023182233
183210185212
5819261193
1424714549
7616479166
5617559177
8621691217
3619639197
1797718378
161194162198
4214144143
091392
1294113242
1245712659
8716690168
173198178199
1324613448
7317475177
164137165142
1752717828
138191140194
145199147201
8219883203
195214199215
6721470216
6413565140
111153112156
163121166123
2922230225
160120162123
121118124120
38204022
11601192
171121174123
978210084
23393439
2518127183
136166138168
15151817
53195522
1041010712
1246412567
106229109231
1554615848
4719750199
1597916281
53295631
103101105104
7010371108
161201164203
184236187237
1506715270
111132113134
5017053171
5515558157
2416326165
166112169114
01561161
34463648
148204151205
60696271
71959198
192128194130
2622629228
1251412815
103183108184
7422776230
7415976161
118107121108
182124185126
180244183246
9520397206
5314256144
182234183237
154134157136
1219412397
125187126190
978010480
171216173219
712910131
182101185102
1748617589
4921352215
561763
1478814991
48725273
139238142240
4211945121
189147192149
7617579177
5318256183
114190117192
151145154146
184179188180
4222345225
1634316645
3221435216
6019461197
4920152203
149106151109
97171100173
107137110139
9213294135
27243025
1379213995
194237198238
2423727238
7681070
149157152159
195196196201
4010947109
52325733
197156199159
108130113131
188140191141
185145188147
187186190188
24692671
2520727210
107111108116
5616859170
1275813060
91909293
1306313265
1763317836
121235126236
2120824210
1585616158
187228190230
1403914242
5711858122
58826184
1157111774
158171161173
144174147176
117130120132
9023693238
126167
167186172187
163216165219
375676
3012032122
166115168118
105232106235
60166417
8421044
140160142163
157156160158
188216192217
2811631117
1597116173
90799282
185112188114
6122563228
8721490215
107145109147
1922522226
139222140227
44684869
12571758
176178179180
5210554107
109192112194
144190146193
1596016163
8811591117
3523638238
188115190118
104162106164
4813550137
197119199122
42414543
144179147181
4424046242
135184138186
121139122143
163247165249
3024233244
4118243185
01533155
30413244
183194185197
135230138232
6724669248
184160187161
54125615
127187128191
4911552116
1733617538
4210244104
122159125161
1717717678
1342613728
136236138238
93909493
181213184214
26142916
169918102
4016743169
46654966
1302513327
166246169247
1756917871
1942919930
4821051212
163168167169
168159169162
182183185184
2220426205
5201021
2717128174
5724059243
59906292
1683117133
9012693127
169117174118
40614363
188106192107
161130164132
1041510716
101172110172
190183193185
1048510787
9022693228
1810321105
1205112353
3611939121
1533615637
4924554246
1736217565
5915060155
24492652
187129189132
91489351
30783281
130219132221
1195612357
99128102129
2615429156
158174162175
1347713779
118181121183
101247104249
5723260234
5116855169
7320475206
41928193
9219494197
4611453114
108222111224
1264612948
5817861180
7621778219
8821089213
5814063141
712610128
87369137
1858018782
5711159114
79458247
712410125
027229
3220135203
17682069
1288913092
47285030
1441514916
26602863
169229171231
119134122136
78828183
31376139
1808418386
91529453
62366737
123146128147
118228120231
5520759208
9614198144
107169110171
5321056212
163222165224
525826
80578259
697719
21745176
1948619589
1434014542
4012244123
54755678
146109148111
125134126138
1437314674
47904992
9720799210
190100193102
4815150154
629931
148234151236
151143154144
816111162
1058110784
131174134175
46414844
84728674
8413286134
2016323165
1373314035
4911752118
79908292
1047010871
169136172138
105194108196
149125152127
6514168143
137178140180
137212140214
1703617239
281296
8622789229
11201151
1265012952
4615648158
191248196249
1065210855
1233712639
49415044
6918171184
4421947221
166172169173
7122173223
1936119662
34493950
3818040183
157162160163
8514788149
17398175101
28453048
1888419186
4614947152
1509215493
1801018212
1417614378
1904019242
157153160155
1949619798
1557615680
1508115881
57486050
5317955181
165192168194
6124663248
1775418056
2314028141
1388614188
1016612169
170183173185
11641367
175246178248
196178198180
1701517120
29903391
19642266
195108199109
109245111248
1783718139
2412928130
1409014491
1781918121
812011121
144240155240
1606616268
1723117532
180225183226
1462315124
146133148136
1384314046
42154517
8121583217
259928100
117207120209
80408243
354386
56175919
2924732249
6711969122
1574316244
11681371
1968019982
13541655
118118120120
170139173141
1443614737
1458214785
11841199
492893
4921852220
180232183233
123151124154
127244129246
6521970220
181219185220
1873019032
21147115
3712640127
51555457
142197144200
1918121183
31814184
1876019460
1253012832
21622563
52398241
129205131208
198173199176
150103152105
139187142189
184244186247
9821799222
1466314965
112213115214
17611793
10301830
1042710629
139123142125
8821892219
28753077
99154101156
10521255
074276
1663316738
46504853
2412327125
3223634238
6023863240
138138142139
107157110158
1952219923
154227158228
6219464196
14721494
1018410387
163195166196
8221185213
1843918741
179167181169
136187138190
1114311345
3817440176
190103193105
2819730200
2316626167
178148180150
1489515196
1148211883
18199186100
127155132156
49505152
117109120111
134211136214
4512347125
9210794109
710742
8912092122
5311656118
62576558
181103185104
9110494106
187238190239
1745117852
1086611168
1096911171
1412614428
65256827
24533353
1816021162
7221375215
111219114221
41007102
139158143159
123237126239
637939
1845218953
175204177206
062463
148196150199
185207188208
189123191125
133136134141
169128170131
169223172224
340363
70897391
5112954131
1735317654
6218263187
4920652208
170188173190
160183163184
163118165120
98174100176
9416396166
2021721222
1088111083
1954919851
35643866
69267128
95539855
1167711979
977410076
72587559
62546555
142112145114
1169412095
159238162240
105123109124
4916052162
87779178
57725974
8223484237
2716131162
137111140113
1642116624
1039610698
87728974
94809682
12298123102
1483515038
1122013222
9621797222
127152130154
10941396
11181221
70587163
24352737
1957519877
812211123
1464514847
25112813
76367839
1797218274
180133183135
5111054112
141215144217
153214156215
6281428
166138168141
147130152131
4610051101
8115784158
1401314315
11771281
128237131239
2821530218
8324186243
17121744
7218275184
1742417626
21192322
8815190154
178189183190
16341657
1261912822
151152154153
9519298194
118151121153
106107109109
9231126
183201188202
119241121244
133233135236
170183
6715969161
40555055
186183189185
6822170223
991910122
98107101108
1188511988
64636765
1015210355
105125108127
2010921112
175141178143
1075610959
1802818330
1034810550
45745075
1818719191
47204923
170124172127
168144171146
98119100121
4319346194
125225130226
10311136
4117545176
124191126194
94389541
116126119128
120175122177
179141181144
106204110205
4418247184
9222995231
1014410249
112225115227
1409414297
92609562
1382414027
096398
7924082242
1597516178
713510137
67337035
6723069232
65126814
95479848
1895719159
1220013203
174238176241
170206172208
8623489236
3012533127
96230100231
117184120186
140195141199
61748176
5313554140
44284631
9518698188
113230115232
24402941
1861418816
193170194173
1531816018
128176131177
21232325
82368637
1452115022
167121170123
41344436
1058810691
121171123174
124171127173
01882190
3622039221
106177107180
4514248144
2216126162
143237148238
92459447
107211115211
82488549
1927619479
20712274
1316613468
27173218
7918181184
1310515107
1723317535
57766077
102219105221
1877319075
1931019612
1524518247
41324633
134222137224
1473215034
55235726
1566615968
8022882230
33773579
62816484
2311824122
141221142225
9416797169
86388841
1847618679
98183101185
183186186188
1848318785
811511117
1194511953
1644816750
20542555
7817081172
143128148129
133124136125
5622159223
15101911
174149177151
6110263105
1822721229
135192137194
1711519117
32266228
132183134186
125174127177
10521084
165175167177
2622328225
155189159190
144119147121
63696671
183136186138
171234176235
138203143204
34513554
1316614169
1699217293
106244108247
1199112293
1831218613
2019623197
169194172196
9624498247
43254626
049251
2922931231
123134124138
3312035122
141212144214
11221145
193119196121
144146147148
65836688
8710590107
1172812030
92249525
129140132142
454756
7123774239
67556957
63427142
1568215984
94839685
107189109191
147162150164
1513315435
160207165208
71659168
3517837181
1666016862
1127411477
166156169158
116164117169
1912819330
24442746
5595811
7116173163
1292813229
192178195180
972910031
107132110134
189231190234
192123195125
7023073232
151163154165
9713199133
3514536148
6016863170
1919220195
1625617256
22262528
196239198241
2512628128
119198122200
1335113653
5613161132
5417157172
1885419156
19431975
194189197191
157231160233
4014942152
155150157152
1719619198
4022741230
4617549177
6216365165
1851918624
271772
32113712
1323815240
4714550147
103244105246
102185107186
183199188200
119220122222
99159102160
171213173215
1255512956
416718
115139120140
15171597
6616468166
70547257
7619878201
32953497
1342413725
41966199
1573315836
138218140221
1810621108
19342236
22862588
177240180242
161140163142
84428744
114156119157
74657667
8620287205
133240136242
2424427246
195231197234
144133145138
174109177111
1552315725
9017793179
165189168191
85278828
7920781209
190131195132
109102114103
1928219583
159225161228
154177156179
8311285114
13521375
484506
161148163151
152169154172
60101
5023153233
69947296
32613563
133162136164
48475049
1155011852
19292231
19499195104
1258412787
92269527
163157165160
179137182139
120126122128
57935898
3917742179
156221158223
4418747189
5416455167
6616270163
7122673228
1723120233
24172522
1533815640
107212115212
1073111032
143102146103
8523990240
2222025221
168163172164
61296431
1837318675
123162125165
6010961114
3221135213
45454747
5014852150
37374039
3624339245
198203199207
1856218864
4914052141
1610517108
2218124183
1571416016
4012444125
2913031132
177175179177
1603716239
65286731
141171146172
153154156156
195245198247
115197118198
140247143249
9514897150
9117394175
39664367
72467449
19699199101
8913893139
3511538117
1531515617
118201128201
1536915572
79218422
1602516526
160219162221
38414143
89912
7012772129
1514816151
4110545106
1925519557
112176113179
1614418147
73507453
189120192122
1812518327
699972101
115148126148
190162194163
7214077141
58666068
1422016223
118178121180
9220995211
1021910720
184105187106
111202114204
1956719769
7724581246
1842718630
6914372145
110187113189
123219125221
132199133203
150186153188
1218412485
7617879180
1320516206
130167133168
135135140136
126209129211
3621444214
6722770229
155174157176
5812861130
119146122147
1522717229
148143150146
155217157220
129202131204
174129182129
134201137202
2720430206
1652916732
1046710769
182152185154
1358313885
147103149105
161161164162
4918052182
1006410266
9519896202
1412914431
183485
7618178184
818211184
148178150181
977710079
56855888
113153115155
73687869
12101223
91289330
137215140217
76608161
169203171205
188159193160
61568159
5416259163
36813982
117214120215
131191134192
078280
01682171
77337935
1234112544
184215187217
8011583117
123222124226
181229186230
194184197186
191228194230
1715319156
59116412
1549415696
4011042113
1213012432
1817219177
1522418226
5011953120
137162139165
143130146132
164152166154
45384840
9012893130
74427545
1122714229
124166129167
1472515425
3910141103
163145166147
14021434
83348735
1521315614
2210724109
4221943222
1401714518
1656616868
3218633191
8317486176
67167117
1824823249
6219966200
9311897119
025426
148172149177
124202126205
722210223
157214160215
2813533136
68606964
436458
01082110
1612216324
2018923191
2119823200
4416548166
183238186239
29103013
126217128219
119101121104
9421396216
8012183123
3523543235
023524
17099172102
143149146150
6676810
124184127186
2513427137
9810299106
15721604
7516977172
189819111
1905019352
116232118234
1018110483
83458647
105140107142
3017632179
1864318945
6315966161
110228112230
62506751
1168911990
1626916373
5915663157
719916199
1156011862
9218994192
192208194211
12891492
186148188151
1711217414
43564460
152234155236
846878
84868787
69107211
21792680
86488752
126206128208
71857686
172242175244
105236108238
38284030
153183156185
55595662
01724173
4113343135
69477149
1738417885
23772778
187244198244
29223223
1387814080
41924493
124198127200
1035810660
109225111227
4514048141
127118130119
1504815250
1201112213
01514152
1647216773
123123125126
69847088
114158121158
1627417274
1318713489
815838
1777217877
1266813069
59956297
157192160194
8920092202
2521627218
911962
1079711597
88479050
124240125243
1314116143
5020458204
68656969
1974119943
119232120235
119196123197
133157136159
143100146101
169917111
1354413747
180247183249
127192130193
6613669138
5821159214
1866518967
103179105182
6713070132
2716728170
132227134230
82828783
62337238
102193104196
126122128125
103187106189
119121122123
162228164231
129216132218
6321266213
139241144242
82648566
59856188
51265428
10871887
1625717157
199177199185
77538054
8217185173
3810440106
168238173239
67816983
48145115
145182148184
1538615589
26202823
172229174231
86659066
192205195206
7722080222
73927694
11499116101
8818090183
146224149226
8398512
44764778
79628164
103133106135
5510858110
1754317646
3210135103
172133174135
135138137140
126129128131
64436744
56515953
5115754159
1064810851
915312155
39684071
42335238
1795118153
197216199218
1555715759
1059210795
32873788
5012755128
1712817430
193202196204
1336213565
2510933109
640653
179235181237
6919672198
319411194
1689417097
54815783
1781318115
21672468
122182126183
02421246
12741476
182240185242
1354813850
52049205
137123138126
4018641189
1022810333
119210122212
6914870151
6524268244
1593016033
1175311857
19262128
194137199138
189133194134
87899091
18541885
6271427
130181133182
2919332195
1317616178
339836100
1315813559
51887191
174218176221
1168011981
5524056245
189199190202
1796418266
2282510
99190102192
915610159
1662717028
147101152102
119149124150
76447847
1748217783
1356013961
154229156232
119223122225
47935095
198141199145
18151829
4215644158
60526353
173136175138
1323414237
1006110263
4194411
1237712580
9321795220
12341536
181179183181
9899101101
3014131144
6010065101
1321914019
163220166221
62596561
80738374
1211415116
1802218324
3714241143
183155186157
50235424
59266427
31453348
112206115208
8713488139
85918694
19361987
130120133121
998510088
1917119473
125168128170
113123118124
17641796
1623925239
7210273105
2823529238
1488215084
2113223134
1034410645
1362913931
167243169245
6321466216
183227186228
1921121213
011311113
3223935241
1612916431
2712029122
1366313865
1924421247
9413695140
7816882169
6817469177
42704473
4923551238
2916732169
1766118062
194156196159
159195160198
1319613497
30153715
1112412128
41284331
1151412015
64756776
694996
111235115236
2517528177
1591016013
1311716118
1118311385
4684910
3621639218
823311234
155168156173
167147169149
7011472117
137247139249
1014112143
1089311096
8317786179
115116117118
161113163116
7821281214
160216162218
145204147207
2820130203
126240127243
1458615286
02244225
106100108103
1095311155
38924094
186108189109
79108211
9118094181
120249130249
31087109
2013821142
164236167238
1331113812
220252
1339013494
4111544117
177199
152160154162
17441848
133126136128
124195127197
1965219855
131101132104
1788118083
173102176104
1916719469
01452147
37164117
128180136180
7013672138
8711892119
16852186
120217122219
6015862161
96259827
058261
1719417298
5222355224
1288013082
8791081
67526954
59606063
47255027
1626016562
106175111176
150163
6012362125
047348
4723949241
18121844
1813419137
120203123205
184189188190
1119311396
7922382225
30573359
1237112574
45794781
1898718997
094395
157164161165
24572659
1289513097
6017563177
5710059103
1262612829
21575159
2623929241
01163118
2421427215
28953197
1605216354
42124514
138243143244
1237512776
104122115122
1211412416
41374439
1720418208
2322425226
75897891
101168106169
177218180220
152219154221
1612419126
90159316
1354013742
48805182
1582216024
1036110466
160133162135
919214193
141190143193
7120774209
1264012843
337540
5218455186
1415014253
107161110162
156208157212
186102189104
110117112120
8210684109
1133111534
139915102
137233140235
134207136210
1157511976
1023512237
131240132244
82618563
8410186104
115201117204
4813149134
2557
7723679239
62856488
1163111933
3122434226
190213
7012172124
4319746198
3413537137
4418549186
1288513088
99188102189
1897719180
112167115169
139166142167
8215484156
22423246
101235104237
187245190247
183109185111
1414314444
63896691
39534454
146219149221
115218119219
186240189242
195113198114
9518998191
3123334234
3111835119
1949019991
190137193139
180172181177
1943119732
47835085
75217723
6211067111
107234110235
6211966120
6913971142
