1782
2723829240
158233161235
1118011283
15031535
125140130141
2723131232
2718930190
6786910
619822
38803985
6821671218
3022432227
1571116013
4621750218
153118156120
5411857119
1833218436
48255326
1306413169
5215355154
186129187132
1573916140
02062208
9016791171
2011023112
166151168153
7518782187
691713
175174177176
6720369206
1381313916
178127181129
2320125203
6616768169
154125157127
9316195164
150213152216
1821022211
5719461195
1514817150
7916883169
1713220134
1879119093
40224324
6419067192
1787618078
109180111183
01132115
2012823130
161222164224
176165178168
22532555
62458248
2512930130
195246198248
147213149215
7517279173
8017783179
1826718768
96279830
1637416576
172119175121
1724517447
1491515118
23242527
3019632198
2418125186
78958296
99202102204
2811531117
22812384
192175194178
194118199119
175177180178
74357936
4020342205
111177114179
146150149151
1539916099
153228156230
4314145144
3322236224
1013610438
9623598238
1564815850
1714917351
167217170219
106147113147
1691217413
82118413
1836918671
59466248
100186104187
81738674
3011132114
172203174205
144105146108
1049010692
1272012923
193134196136
103197106198
3619839200
1216512467
154108157110
147168151169
9591161
7321075213
27432945
48295330
880912
6324570245
5313355136
99210102212
1043210734
8212885130
5610159103
1017810579
30643565
94719773
6417465178
1082211323
166245169247
195184198186
127215129217
1033511235
191120194122
1922124222
96111101112
998010381
9391142
8321684219
168145171147
1802518526
126100129102
1192412127
5711260114
144161147163
151135154137
8017283174
1264912951
8621189213
612634
20142118
2521629217
29463148
4918950193
126233129235
186137194137
14211453
36893892
4720448207
6822470227
18621885
118132121134
8014382146
6522968231
163122165124
104142107144
14541486
726929
124147127149
119147123148
4212044123
7317475176
01295130
6418266184
10531355
815111153
58406141
1231312516
2511627118
1922322225
9510199102
9016392166
5617261173
78318133
1622816431
1867218776
182214184216
4124545246
90319134
190133192135
139109144110
133126136128
51895491
99116102118
123135126137
97240102241
65856688
1262812831
2410125104
4119046191
143140145143
162147167148
2320826210
139218142220
1447314774
5823261234
924712249
6724270244
115123118125
567599
6210763111
1611716319
5012952132
133206136208
130204132206
6385
720312204
1368913991
1959319994
1367713979
1594916251
9217295174
114135116137
195167197169
105219106224
61248127
32793482
67866989
96149915
99245102247
157164160166
4010342106
105231108233
146102148104
1216812470
1012210623
1308813290
1952019921
1489715398
1939619598
152234154236
135193137196
754767
1711617517
104152109153
1248612788
5423956241
149119151122
013311133
01471150
17972298
02092211
8823591237
595798
135189138191
1926219563
176146177150
9112494126
4512047123
998810290
143241146243
40904392
4811950121
5912262124
180248184249
159225162227
151196154197
38133917
110159115160
176156179158
104237107238
840872
184112187114
8916192162
45514853
162190165192
134200136202
107174110176
71427842
1451114813
154146157148
5618158183
120125122128
7824379248
1538615688
133176136178
1746817770
691993
161163163166
2213930139
2613129133
998510287
1521615518
6688
5119754199
26623163
3913942141
1416318164
150173151176
183227186228
9622499226
1178812090
78537956
151146153148
125130128131
29223323
195125196130
5111853121
1515617159
1055410658
117105121106
12971319
1144611748
94339735
1615216355
22183223
70867288
18498186101
59956297
122157124160
1146011861
3413536137
21504153
1927219574
32463548
116164117169
1917519278
1237212674
2512628128
2922831230
1334813650
1676117262
60366537
111220114221
38274129
25883288
452474
120140122143
162119165121
6923073231
378409
1937519478
6823570238
144237147238
8713590136
21722474
167158170160
96969998
8210485106
1192812131
1123814239
5618757190
124193126195
9224394245
1420016203
10331138
2615329155
113227115230
147135150137
62406541
147148150149
1366213864
347369
136129138131
186195188198
3512138122
6513268133
5612358126
810011102
120161122163
1926119961
154186
1317316175
63966797
41817183
61989200
14491751
122106124109
02301234
3515438155
45625063
14151716
1392014221
1054010742
185122187124
8311984124
1084611347
130176132179
1147011772
97145100147
1751217714
3116333166
3324741247
1497415276
22152320
151138154140
107169110171
124219125222
64646666
3314536147
7413075135
02452247
148161152162
181240184241
1764017842
65546955
157180160181
1021012212
2524130242
5110556106
2314726149
977610177
3021332216
3722440226
7124374245
4320945211
815610158
7097113
109107111110
174135176137
2724328246
3620137205
68147116
87729073
8224684248
1648416786
129142130147
83498651
196819910
1773617938
41614462
142191145193
149219152221
59836185
1686317364
3321936221
162240165242
92529455
3915442155
3518938191
8923891240
137222140224
188220189223
8211383118
92829584
1682617127
1591416216
39554456
1720018203
6521267214
1383814140
023325
3818141183
107235111236
57605864
40694370
1198212483
19161948
17362037
7221777218
36103812
79878190
1099111293
14711773
1231812819
1932419526
137244142245
51507153
2217427175
176153179155
186201188204
1728617587
194104196107
6613470135
3613838140
17598178100
1084010945
3917943180
7921782219
182146185148
933610036
33833685
40134215
1801318315
3321542215
56375742
7610281103
178105181106
5813861140
4418149182
112188115190
7017973181
2720930211
5823560238
058261
775798
12121243
8624288244
4314944153
559858100
117126119128
1454114843
192919510
104242106244
189242192244
5314655149
95205100206
2913631138
98148102149
13261348
122236123241
93869887
168173170176
71757477
47235224
100122110122
357659
1254412845
182116185118
49705271
4422648227
5418457186
7751077
133108135110
5210255104
2312326125
1209312395
1534815551
175246177249
7812280125
2114223145
1173912240
4584612
64506951
50805283
1852018624
9521798219
158146160149
1921621219
14531954
183137185139
7416977171
192165194167
68577059
127244129246
44694671
4013342135
117911911
110102112104
8021283214
916714168
197100199103
1924023241
61158118
4211445116
116227118230
121212126213
2421227214
139190141193
2817331174
2413527137
94659668
9318496186
1488615188
78498051
158114163115
3121134212
1261412817
134165136167
1556715770
36643966
130215132217
1746417667
4922451227
61266329
1723217435
102178105180
9711999122
162248170248
7224674248
1157411777
1284613048
1061110912
8417487176
80348236
751953
41594560
1851618719
13321634
1019112193
1176211965
61566458
2423826240
113197115200
189201191204
41947196
1273912842
6415667158
41667168
150151154152
142131145133
105135108137
5521757220
1438714689
144239148240
57256027
117118119121
146128148131
131190134191
5613259133
1384313948
147146150147
1616019162
188124191125
73847686
142186143190
4019945200
2810932110
107225110227
109192112194
8115782160
038240
146198148200
8123183234
3996101
123198125201
115202117204
5818659190
1669517196
1178511987
51608162
143101145104
141128143130
8717989182
4421347214
1529115394
63456449
143178144182
1587615981
01511155
2810431106
9610798110
75447846
8458510
160152163154
196152199154
181119184120
6514870149
6110464106
1732217524
132221135223
179173182174
1053610837
57516053
132211136212
8616388165
186210188212
1338513886
53945596
166113168116
174239177241
5312455126
1892019123
3611839120
6715270153
53115613
16421665
6215364155
145223147225
1805518356
7722780229
1617116871
170227172230
1158011684
192215
143246146247
4816151163
103201105203
1563716138
1615616458
8113284134
182188186189
25292633
158112163113
3915642157
187207190209
6118563187
15161548
1962219924
105161110162
139125142126
134187139188
634936
22592561
3516338165
13801393
79428244
3424137243
149208151210
44224624
42297231
67226924
1678716892
4614555145
6114366144
1205512456
812911131
48375139
3811341115
195238198240
21774179
57716073
25162818
57435848
172146175147
106126108129
185102186107
3312636128
107243111244
8981199
4812550127
172218174221
1038410586
61899191
8722790229
150183153184
186154189155
5912561127
61706571
13841416
107223111224
40794282
103239107240
1747517777
138213141215
123120131120
108195117195
101145103147
114150117152
101161104163
1634116643
127112128117
165185169186
159167161170
141164143166
8622388225
7111573118
22912593
13399136101
101213102218
63856488
1552415826
169197173198
2016323165
1898719388
3312336125
1112611428
120170123172
114161116163
1924419546
1520817211
171247174249
2416226165
8123586236
68327034
93125
28403241
110188111191
1786718169
18997191100
37683971
126148
12891492
6517967181
033235
3618037184
1658716690
1104411445
178239180242
9514897151
103245105247
9310895110
82468548
52545359
85538656
161201164203
509852101
88449146
16231925
1557115675
9414094151
5011553117
02273229
1163312134
186163187167
9320296204
3120133203
112180114182
8423089231
1429814799
95207100208
1624619248
25192821
116110121111
1338713590
1211114114
168120170123
1472115122
183244186245
089590
70697172
9510399104
68447046
730933
105130107132
1326613568
8941195
98248103249
100138103140
1014510447
142122145123
187103192104
7714080142
3923841240
179198183199
192207194209
12351340
1886619267
175181177183
146140148143
168143172144
1872018824
155136158138
1586616168
23852687
1129411496
1674316946
183109186111
6216765168
3722739229
189245191247
535566
197127199130
8416886170
1005110452
1222712528
1315514159
1018813190
429632
197241199244
146120148122
4921952221
4419446196
1679717298
169106172108
26262928
6916971171
93789581
8520887210
173144176145
1327113573
41255128
2515727160
3822141223
170225174226
131218134220
183182186184
4614648149
179135182137
47465048
112105114108
143152145154
2717629178
8524788249
170177173179
1234912551
166229169231
1881519018
13211524
6120963211
3113935140
182219184221
9317696178
187174190176
1406714867
109216112217
1612221123
4621948221
6421767218
6913772139
30973897
182190187191
1247912780
164234166236
1764317845
530562
1935519657
1524219243
71177419
2119023193
17741805
084287
1810720109
2124523248
37203922
1622616627
1895219154
92569558
1124014242
1126011365
85388740
01905191
1983219936
3514138143
8422786229
125178127181
1366513967
176117179119
1864418946
16761978
105125114125
179203181205
1135611459
141222144224
2712232123
94909792
2223524237
992810130
159138164139
7723080231
98158101160
8521688218
2217726178
138175141177
2522226225
151245153247
16671969
7610878110
159103163104
49645166
7110274104
2110724108
8911698116
95939895
152141155143
6222465226
1109611199
1403014232
959999100
79738076
1038710589
1313713439
1019815199
159242161244
18502152
1009410296
64266727
1434914552
1318016181
124236127238
1702017222
18902192
899891100
187244188248
1898919290
109137111139
1320814212
1856018664
139208140212
9313796139
6410865111
137200139202
169115172117
6720769209
1206112263
83328535
98124100127
51605462
5915361155
15291831
1667416876
1155511659
3615041151
1622721228
1787918181
412443
1720418207
3618537188
194141197143
20652268
127212129214
145178147181
76157917
01415142
1799518198
185119187121
1302613527
7617677181
144134146137
94131104131
97220100222
1162911832
3356
159249170249
7713780139
99235101237
843884
81648466
191148194149
2011323115
124240125243
8318785189
88659167
137168140170
4513748139
2018123182
29913094
8618688188
190151192154
9120893211
992610227
170192173194
63106413
21362239
135161137164
198174199178
355656
168203171205
108246111248
1414219143
108140111142
104102106105
7811681118
121214126215
6221963223
353654
1051710819
1818718588
69847285
6223264235
193221195224
14101911
9322695228
8615690157
73927893
1523918241
105189106192
5514158143
8612588128
181383
1697417276
662684
6821471215
1406814569
3716040162
126205129207
131153
41114412
9115693158
1759517897
9217995181
1417616178
65757076
7422277224
7223277233
149244150247
1208412585
1249512996
1291013211
3210235104
1086211164
135213137216
143914810
166156170157
189145191147
2922032222
169111172113
973110232
6510568107
132235135236
45374740
1474915051
4311748118
3617738179
48905092
1619017193
146192149193
6811973120
146173149174
8831284
6523267235
101124104126
176123181124
8423388234
1365213854
148230152231
53335635
4715650158
333535
154128157130
10761108
1867718781
4985210
1178011884
149170151172
6220266203
7910882110
122208127209
9518797190
144185145190
19741997
27853087
83688670
112110115112
161183
99238102239
5715860159
5519456197
976810070
7514276146
101207106208
7811181113
4914054141
4913751139
178191181193
8615389155
13861588
1874919051
1269712999
1782817931
178183182184
1433114632
7822385223
1439414497
103212105214
130149132151
4251525
171182174184
158239161241
7815485154
128173131174
5821859222
8113583137
6912372124
8711488119
79628363
157515810
5616958171
7220176202
17099172102
139117142119
158143161145
993310235
192123194125
2411125115
132173135175
8315585158
9818499189
141167143169
187168189170
9623098232
7020672209
1014810450
706738
1656316766
1462614828
114138116141
1361013812
81788480
4916750170
40324533
1569415896
7119175192
7017274173
1518417187
180230182233
3216035162
9019993201
160141165142
171122174124
8512087122
138161141163
173111176113
52635565
163217166219
3910842110
1863618938
146132151133
4514945158
13871428
7319376195
145175149176
178185181187
1549715998
142170142180
159160166160
136173139174
113113116115
1023013232
100128105129
143174144177
4512447126
01854186
177232179235
157230160232
138204143205
192210195212
36503952
57566057
1046610569
1458114684
83388441
1012115122
1596216662
4812250124
136113138116
36594060
37384239
3115434156
5217155172
927959
9411996122
111122120122
2823530237
1797118273
1215212454
6318866189
1931619618
4417447176
171130174131
8999111
1324013542
41944496
61409142
192146196147
23752577
6615967162
86418746
147195150197
667969
6617769178
43134614
130202133203
131103135104
102106105108
48555157
1628316387
111169115170
175199178201
113216115219
137178139180
6512468126
8613788139
154112157114
44844885
91159220
1483215035
19302133
193180195182
5812861129
01562158
1616316465
479849101
2414227144
1321913521
1368714088
30563159
11799120101
2818132182
12951597
4820050203
11301162
5822963230
61729174
8612990130
198114199117
48755176
5119362193
103100106101
423924
2811129114
117137119140
165170168172
8817491176
7714379146
1315113552
028330
4320446205
026327
14611493
140232142235
01232125
144216147218
112207123207
36863888
5813661137
175128177130
3510538107
5322155223
80378240
4310945112
93969598
1023614237
822711229
1555415756
416413164
6914071142
149123151125
789980101
7520680207
6919971202
143158146160
1379213994
1054310746
49325233
1047010772
1183512038
5620960210
1872718929
51847187
1116811371
171213174215
100119103121
171138174140
166199169201
3420135206
174197178198
3714442145
15901793
6115663158
1401514316
164154168155
570621
1156612067
6421069211
7124175242
720742
125188126191
3310836110
112136113141
112239113242
174192177194
189105191107
4920451207
8419887200
89219124
185237187239
9021793219
1884119143
1017012173
575606
331401
91122
95209103209
160183164184
1110714109
8919394194
8910491107
1413314435
11297113100
8918591188
7113473136
53715672
12151246
17397174102
7511177114
1424114346
160212163214
135132136135
116170118173
194195199196
111143114145
184229186232
51489149
23352440
169141180141
1928219484
170185174186
80828384
1517215473
1774617948
2118724189
1287513077
1091811021
1647717377
3020433205
11761281
169921100
1062610928
72179220
6020361206
391594
145182147184
364386
8417186173
13291399
192236197237
1898219185
21474149
1821918421
171156172160
12271249
154246156249
99105101107
5018553187
1218812390
152121153125
1453314735
108238109242
161116164118
132118135120
183175186177
7320674209
127189134189
193228195230
82898690
4122445225
132158136159
9424698247
138123141124
1752517628
149198151201
1404214147
5415555158
44254727
23682471
94229723
1159311795
75817883
1467514878
53765678
106201108203
1186812071
12531284
1291613118
118216119219
01643166
1546515766
20212323
120135122138
9622798229
122182125183
104234106236
194139197140
6121264214
129200133201
158125161127
8220184204
3217134173
5914861151
1017310674
166190169192
189142192144
8812090123
8316086162
170125172127
83968797
01593161
1127711479
9120594207
27293031
50345236
52735575
25132715
21942496
502524
4021243214
9313598136
6215965161
1704317146
7416778168
1532715629
164204166207
9613299134
113133117134
39874189
1088011083
1184112043
49775279
2220425206
2510526108
105124114124
16699169101
168132173133
6224664249
97197102198
100134104135
1522115522
116210119212
162125165127
823836
144166146169
163225165227
13121614
1265913160
1277112974
54205722
67607062
6419367195
9521098212
63426644
190221192224
3311136113
1808318286
7411677118
36723973
1757217873
9323295234
1015810360
1255612858
196170197174
180107182110
38304231
2924532246
1256812870
1464414847
1953219734
1922019423
84588959
1697917281
1818520187
156222158224
1472914931
156191161192
3014532148
1565115853
131168134170
76187920
1215114154
1829518597
1248912791
1608116582
28113013
15301562
1868418887
19141965
6912572126
198225199228
116129119131
93199521
1017412176
5220453207
161149163151
1366014161
1139011692
118194121196
17852286
63596462
159236162238
1320416205
97155100157
523310234
2722329225
1966219964
4318348184
10841194
155151159152
9211222
1913219434
117243119245
1447714580
123142125145
1508415585
96829984
4913452136
3311535118
4415949160
1746017861
51445446
1598316185
7521978221
1497715279
105163108164
62119212
139228142230
80548455
142113144116
59226224
1082411325
86608862
1398514985
3914642148
58746076
71059108
1553616236
15562057
126142128145
174231176234
154122157124
1083111232
6718769189
108120111121
3520739208
94379738
19262228
1901219314
8120684208
79458147
1822218424
116188119190
42426244
149129152131
18199183101
187186190188
98191103192
1488015182
39534454
92909393
126196128199
18812183
176115181116
2412624134
1622218224
1621818221
164166168167
105172110173
112711410
151193153195
1686517067
82298630
1645216555
4219443198
137120140122
151163154165
139181142182
2811832119
1032410725
1087211174
99231102232
2424326245
5112252125
104120107121
4418549186
33903593
186142188144
3110036101
01929192
120243123245
22355237
1161411915
1324615249
6524974249
5822361224
5620257207
28753177
1316015162
36563858
162129165131
184172186174
105183108184
1321613518
107221110222
1322015222
10131215
30953596
149141151143
13791681
15431594
1841218713
4012444125
44865186
1976919971
46744777
4819750199
7524377246
4123344234
1314313346
112171115173
116197119199
1611119113
9322995231
10261328
6420766209
182818411
8410086103
115116120117
96195101196
1827918382
4710350105
189225197225
5923961241
1014813150
129111131114
4613248135
9018292184
9219595197
98242100244
7123680236
1321213415
1753217833
12441546
127159130160
5813063131
1105711259
2515027152
118236121238
955310054
1461814820
90509351
713612137
126184127187
2721832219
1018012183
114185117187
18192120
10521752
1418614289
1853218833
196199199201
170151171155
181169182172
1902419227
149106150109
190168194169
399339104
192234195235
75377938
9218794190
96233101234
54585759
8520587207
1395414157
1299113194
94749875
31975200
4924751249
54545955
7214174144
193152195154
190217193219
13099132102
185249193249
01021107
132111135113
150237155238
1623916540
94499651
2316627167
42414543
124244126246
1015510457
1086911071
134123137125
175206180207
048250
7018572188
15261828
160220165221
1288613287
4512747129
1302313225
754956
1181612118
0032
65776878
120139130139
1718019182
127157131158
9420894219
177112180114
104204106206
8310786109
7610681107
4222145223
186126188128
093296
140105143106
97193102194
3314835150
155132157135
967810079
53515653
1009710498
1255213053
43284630
19299194102
19472249
97509952
7817679181
1966619968
197205199207
1127311476
184156188157
8891190
196232199234
159122162124
10601111
61746476
18861908
131180136181
