1778
127164131165
3712639129
1112011422
151135153137
98242102243
120150122153
155162157165
116112119114
156109157114
4810949112
02002203
8315686158
161105165106
961310014
162181164184
1349513698
7118874190
179135181138
1785718060
20212323
174158179159
1266212865
14751507
1718017383
419843100
27123412
1827118573
1121311415
5013352135
34273629
1528015384
3811039114
3614939151
162122164125
42854488
87319033
175212178214
113185116187
143216147217
92699770
5217254175
9998101100
4912852130
2317526177
2922932231
102181107182
1236412566
1967719782
2522428226
1247212675
49405045
3010135102
6223964241
102204103209
2618929191
13971428
743765
47594961
101235103237
32913494
129195132197
76387940
172206177207
14099142101
104207106209
47835184
9510397106
163120166121
92849586
8815890160
51445445
61406243
7517577178
3321937220
5723662237
18401853
32503551
4013141136
178123183124
44714773
97134100136
152106154108
183244185247
6321667217
157148164148
132235135237
51925394
3217733180
111204114206
3319036192
70777279
30143316
67236826
74647766
90209223
759776100
11172120
109179111182
1721617617
1926019462
767969
104132106135
6022363224
151165154166
1421214513
50615362
137201140203
125126129127
1062210924
151195155196
2117824180
3716441165
1378914090
1136211664
915611158
1277613078
174239179240
96230101231
21255127
71669169
1815618358
106169109171
153223155225
61466547
110217112219
8418187182
3523538237
6123363235
8214385145
1581916121
122235125236
1412816130
129100132102
191230194232
120204123206
2315025152
02171220
23432545
6912473125
189182191184
6114965150
11201422
1304213344
42204423
32045207
175120177123
50875787
101118105119
149233151236
182138184141
1851218813
993010232
3710740109
51345436
12351257
158180159183
1545215953
192155195157
1102411326
9119393195
18251857
34603761
1114411446
13721575
110157113159
1575615860
143100147101
1891419215
3911648116
3615639158
7523677239
6318067181
3615439155
132172134175
24692671
1757717879
139223140227
1719720198
4816851170
71597461
191188193191
6720169204
194189196192
1453515036
59696271
55205822
192227195229
9523498235
494796
183110185113
196212198214
182241185243
1912519427
1409514397
132165135167
1305413356
6113864140
7422976231
118162121164
1737017671
3013532138
193199198200
163243168244
1561015715
55515853
5522659227
122229125231
85658867
1219112294
180108182111
1614019142
146166149167
69277130
145195147198
1323515237
1463914842
163241168242
149184151187
92569458
1696817270
1095211154
1013510636
1928019383
66336836
183194186196
115156119157
51725474
3322535227
1633016831
192201194204
61187121
33553558
8121283214
2410527107
124130129131
39834186
1829318595
152103157104
80248325
994410147
129140132142
180157183159
6615169152
17711794
93199521
114158117160
70627463
60726374
187137189139
1862518927
2110723110
170132172134
2915832160
7020575206
128129138129
4114043143
69477149
62776480
115191117194
34323535
113199116201
5620859210
178153180156
13261358
3315935162
1285013152
193113195116
119246121249
159122161125
28743176
171217174219
2816430166
185103188105
1977019973
183197185199
02243226
923512237
63836487
132219135221
103178105180
32208221
9316696168
2619530196
1517215473
160156165157
15711594
2512527127
168234175234
7518477187
35943995
103138105140
162136163139
156203157206
172174175175
186111189112
85608862
5210455106
169206170209
68177119
1016410367
664966
8124084242
191120193122
1087711079
2522728229
7712580126
123218125220
1224415246
1578516087
430462
6391140
6019663198
1524118243
96309832
168135171137
113122116124
141178144179
1103111233
8710990111
165225167227
930953
3010333105
2921932220
156222159224
102151103154
1316116163
1347813780
2524334243
37914093
173116178117
177228178232
188222193223
7110274104
8217485176
1612318126
8017783179
1623516245
31823385
148177152178
61606363
553855
1885719059
186132189134
3015233154
19142216
8919992201
8123586236
82218523
1385414156
121170123173
8417086173
1251412816
114223116226
69117014
7010574106
1224113341
9514897150
112207114209
33623564
4823849243
197215198218
822853
178162181164
3316336165
6812671127
1231312416
7422577226
1472114824
166109168111
1542215723
1686317165
023325
149142154143
160231161234
137217139219
3710342104
140249148249
127162131163
148101151103
148179150182
1869018893
122147124149
75607763
6420266204
1421414516
1672317124
98208101210
125197127199
1152111724
1215514158
46855186
1647016871
177165179167
5522257224
31783480
66607061
8218083184
2918132182
135207139208
721710219
1391414
9511197114
1687317075
76527954
117188128188
48465347
97649967
1827918383
1557615778
15681770
1632616429
1736817869
17562058
159244162246
4112049120
2324828249
1037610578
136187139188
812011121
61176319
1874418947
57435847
20872289
1461214716
178182181184
24222625
4510947112
6919974200
12444246
11261328
11799120101
4717148174
117168120170
119219121221
128152130154
116230119232
1011910421
112125115127
169102170105
797819
124166129167
690713
6124263244
2320326205
8722789229
987310175
31144119
159153162155
9419095195
84528754
51125122
51505452
8617489176
102210106211
118158120160
1844318645
35723973
56545956
50645565
2011323115
1947419776
1821118413
124172129173
18772080
80121
2015522158
1352914030
19321955
1711122112
124203126205
1512115324
165112167114
83128417
80548256
13871688
3212834131
1816118462
7920381206
8715590157
1724617747
100158103159
1955519758
106118108121
8761377
171220174222
198100199105
33183620
2515327155
89259028
105233109234
1107011175
1259512797
6514368144
8619290193
889790100
2418527186
6115663158
167202169205
936958
177103180105
6121265213
135199140200
1157411876
5411057111
1691717020
12631286
73917692
1705717558
5812260124
145176147178
152238155240
106191109193
183234185237
1639316596
106241109243
196231199233
15151547
02042207
4117443177
1125711559
128180133181
1745517856
117138119140
103128105131
125176126181
920312204
1156511866
01985199
140235143237
2815229157
22512356
424725
4519448196
309833100
14899151100
6110863110
3524638247
112131114133
97218100220
83558557
8723091231
181145183147
5317955182
126111128113
1529515597
174181177183
124169129170
2224324245
1296513466
2821431216
14421644
9416296165
3522839229
7812283123
190148194149
1787318175
6291729
9941045
195193198195
106194109196
2116126162
24502652
141171144173
1029610499
4110944110
8912694127
189198199198
180203182205
1966819969
40374339
82638466
22912593
49975299
7822580228
50805382
6911671119
18599188101
5224453247
109117111119
1915819459
1533115632
122164126165
1634916651
74467549
130913212
9223095232
1617416476
1132811531
4418247184
1616816371
12001270
4613547139
5315356155
155151159152
156198159200
9111992122
139151140154
16561688
170113172116
9317696178
8718589188
7217474177
02475248
74817585
140205143207
1158212083
8520287204
5414158142
7221775219
17411846
8512290123
9115594157
7820081202
160196162199
1771417916
8311384116
8417887180
1059210893
1313313435
19412243
110195115196
119201124202
156188157193
152147154149
27142917
4216143165
166172169174
1217515177
6121464215
5113953141
171161174162
8219189191
111197116198
2411225116
58836284
170150173151
1387814279
47565058
9312896130
61259127
27293031
187165190166
1728917491
1078210885
7920781209
326727
4524648248
153115164115
9531354
1108511287
1154211744
3820341204
101248105249
121226123228
186237187241
136123141124
5524158243
1924722249
27223024
4010145102
53955697
1898919192
254286
142193146194
6023871238
8410986112
7714079142
925410154
183218185221
30403342
147123151124
125159128161
2323028231
135223138224
37284030
18192220
6919570198
15101911
189102191104
16511854
189162192164
7191021
6817471176
51565557
185216188217
6619568197
1915219653
7321278213
176199178202
9110794109
152127163127
5123354235
186186189188
602624
109188112190
177106182107
108185111187
4719851199
1015113153
1923219932
139127141129
8914992151
36543856
1019712200
1012913131
59796182
1816520167
3822141223
141147143150
1617618178
9213695137
89899490
1511319114
121168132168
91739375
7914681149
172120174123
1415114453
40574359
104118
126101128103
5222254224
80528353
185192190193
194104197106
1684317145
1534115643
196227197230
4110545106
1748417686
4320645208
41666169
175118180119
80448346
433464
32005203
27723173
8920593206
127226130228
1563315934
80678369
66626964
94969698
1926319565
1488015182
620511206
5814960152
12971798
3419536197
14341636
2218725189
1563916140
1665716959
62376539
3224835249
110139112142
187194189197
160219161224
165115166118
1737217673
121193125194
64926794
146168
113219118220
179229180232
111154114156
122173
1577115973
169192171194
151226153229
145187148189
5020951213
61116314
01302133
3315535158
81918493
699871100
67276832
1110013103
40424344
1956019862
1197412375
8515187154
116203119205
145136148138
137184140186
125200128202
17221925
183213186214
26932896
1133311635
6618467188
3312334127
718012181
196156199158
152119154121
4319746198
2118223184
112235117236
2821732218
29863189
167147171148
77557957
140213143215
159158162160
125153126158
121157124159
5023851243
163159165162
87128817
65756582
59756178
1312213424
117179121180
6810270104
4110744108
1801118114
135140138141
186179189181
12951318
1631616519
1182312026
167116169118
148209151211
1892819230
1068610987
26402941
196120197125
162100164103
6220564207
101143102146
1479315095
195201199202
40944495
61666567
9221795219
68867088
184146186148
1715017253
173102176103
1797618179
7019273194
01142116
194239197241
5815360156
102109104111
195148199149
8310084105
152122154124
197180199182
153202155204
176215179217
2710830110
8514686150
1641016811
60526156
1723017532
132122135124
3823841240
155138159139
0041
191142196143
1085711159
2811131113
1725917760
084485
26592961
57606062
1016010263
3716942170
5723260234
1713620138
104212105215
177112180114
172154177155
5217162171
4715550157
985110153
192181196182
17392040
19442246
158192160194
1410016103
9524097242
41284331
180149183151
1311716118
19071948
2922130225
1883219134
52835585
5220855210
4322647227
1711817222
190226191229
6217565177
94729773
105111106114
620110202
7518077183
4418646189
141195144196
138130141132
3923341236
9022093222
123150124154
615817
165186169187
157118159121
26872889
164151169152
1071811020
1908619388
52145516
133230136232
45514853
142191146192
8215184154
8716488168
7921582217
4416646168
7712488124
8251028
136164141165
09017
122145125146
52108211
64506653
62338236
9318394188
891923
1599216294
187142190143
137121141122
114911711
5413757138
1224912451
179244182246
62926396
36363938
42134714
1212515127
195224198226
1816120164
118234121236
53755578
166160168163
1352213824
192220196221
7420976211
160136161139
10851287
2316827169
83498651
115221118222
0528
179921100
146129150130
169214171216
1218412685
1211116112
42335238
101107106108
6812069123
119135121137
4412147123
1510518106
46624964
7224475246
95569759
98710010
174141176143
29503153
164170165175
48165117
9017992182
178149179152
3417839179
1966319965
109161111164
9111092113
2912831130
1008910391
5719459196
6613271133
151162154163
6611768119
8419987201
173247176249
16001622
809882101
1322915232
112179114181
104204107206
694716
1221413217
195208
1177112073
9017392176
6918770191
163236165238
61958198
34213922
45424844
140133143135
1575416155
1788018182
136147138149
7818680188
124224126226
24722674
0891189
1623418237
181215184217
145171148172
5219854200
1922124222
12451547
1239212594
1877819080
6111363115
56775879
87299030
1809118392
1479715198
106122108124
76107812
44294631
1149511697
22395241
2514527148
130184133185
161169163172
106183111184
5822163222
1603216334
720752
1578215984
77427945
1173312035
158109160111
1109311197
8420787209
1319513398
144213147215
9551157
176917911
1569516196
134155137157
19601983
77168217
5219154193
157167160169
1422517227
10711273
15599159100
7213874140
158228161230
175220177222
533546
2614028142
134239137241
065366
124138
1507415376
41694371
1379413997
1742717728
21915193
136221141222
12084210
163203166205
118123123124
31318132
1586116163
1409214394
574776
16501663
45934795
1289513097
1677917081
5924260246
067269
143168146170
1523817240
86878890
10661367
166158170159
44564659
8921092212
86388743
1457014772
8322886229
170198173200
183231185233
94279729
86578959
1739617698
139180142182
97107100108
115207118209
85128617
7619679198
12801312
2421126214
6710868111
8722189224
1638316685
83298631
71519153
6820569208
1015610358
1506115165
54805782
1710320104
122162126163
119127123128
1816318465
108202110205
11394141
44454747
36573959
1344113644
335386
26322934
2212723131
141142142146
139240142242
41324533
1456614867
89879288
5620259204
1783018331
3422137222
1178412086
1812518427
5010953111
41804482
4421549216
126206129208
155175158177
54665668
98171101172
8910491106
1909419396
1899719199
17482050
120155124156
4022741230
135213137216
229825100
5918463185
3520937211
2324627247
99128102129
7317874183
144118149119
19752476
1315913361
3323836240
1223412735
174185176187
1621316515
1168811891
3613539137
117115119117
1421714718
115133117135
154135156137
2515627159
293325
4213144133
193117196119
37853890
5511258114
156195159197
1179511998
815856
79788081
123240125242
96779978
15121814
1401214117
9422197223
1027210475
258659
1019410695
80128215
71447645
12051227
77928094
112161113166
47894991
7811480117
1025110454
5518558187
61138115
137243142244
1156911673
125174129175
1106611268
85838786
4518050181
130208132210
1944719650
984810050
66776978
1974719949
4015542158
1975019953
979510097
46484950
148216151218
114210115213
7496
8912892130
195210198211
1416214463
188234191235
188160193161
1501415216
153197155199
8321685219
1307913381
1712719130
60326235
5221155213
8723290234
186129189131
02112213
188118192119
247298
179197182199
78208022
196183199185
1748017683
7813582136
120102125103
132162135164
1744417845
49235125
599861101
1298613287
6314168142
172109175111
5011753118
105143106146
117223119225
4412447125
130108132111
4024442246
4924451247
01235124
123117124122
196115199116
1572916031
17221763
183106186108
1114711448
9113394135
1763417936
1046510668
1048810889
41914393
8811691118
1466414965
479681
1574816050
128133131135
180178182181
192224
9516997172
131227134229
191919610
1305713558
6210263105
12891591
4916052162
140160149160
191146196147
8921791219
174138177140
129136131138
7118574187
122198124200
111247114248
126209129211
172129175131
74357737
1034110543
104810610
1499115492
1692917132
1258012981
8420588206
1276612870
3995101
01663167
23852588
7319575198
18661897
125107129108
40664073
142201147202
3924741249
1843318734
35463848
9617998182
132136136137
4213645138
9322595228
135227138229
160134163135
162140164142
77137915
1162811930
5711558118
1546915770
155235160236
48135115
1323113732
194108196111
168217170219
9014293144
1055110852
4111749117
86218923
4417246174
51358137
5424761247
133913710
7824780249
3918242184
101219103221
1514115246
3124634247
1318516187
8815391154
8123785238
162129165131
64586563
2816731169
196137199138
924411247
170235172237
1415017152
1708617388
80298232
158140161142
6613871139
3322337224
174197178198
184149186151
3521338215
2820730209
1018110482
170106173108
3524138243
1721520217
1326713569
4917151174
5116654167
133196136198
8220284204
3113933141
1308313385
160226164227
148146155146
697899
112111115113
155173160174
11841197
8421187213
4623847243
69427045
102147105148
7223774240
191167192170
7819181193
3613839140
188152192153
4919051192
89769079
55365640
4012143123
1296313264
6019362195
1345513756
148230151232
1213414137
127183129186
840881
121107124109
154226157227
182182185184
42534455
9210494106
7120973211
102115105117
130181
88509152
147126149128
32383539
89629164
1827418378
2922632228
292793
156247159249
79108411
6423366236
7817581176
29543256
7214375144
109199112201
1366813871
5415857160
127155132156
10798108102
1437314675
52175419
62389240
6315966160
4716448167
1255912861
98115101117
1876718969
1212215124
1519716200
190176192179
1595716458
998610188
778981
24262628
187146190147
02303232
1531215515
126239127243
163153165155
189100194101
9623798239
113188116190
99184102186
513814138
1419019191
7720678211
31303332
181229184230
46334935
120211121214
44964797
172126175128
4615948162
1614616448
131125135126
191123195124
116152119154
32673469
86938995
6020263204
96339738
7912782128
1715419157
134105137107
133119136121
61007103
151157156158
8510790108
817311175
7023574236
7722080221
15591662
4015142154
1607716379
125195128196
4918552187
5519857200
167142170144
1348513986
187154190156
194237199238
8312685129
2914030143
5821260215
10771109
133108135111
7823987239
112101115103
110243115244
69807182
69247226
5914162143
8513887140
106188108190
6316666168
50885291
1167911981
2121223214
2012721132
153243155246
37803884
1746117763
1412914431
112229115230
134211139212
8813890141
9314697147
3922442226
61929193
14731504
11298115100
166230171231
120138122141
7121272216
12231425
1803918241
1814320146
1915519457
1669416996
57335935
5217655178
913511137
44894692
1547415975
2618731188
146158150159
1124014242
159175163176
2213224134
154228157229
1498315185
327359
2814930151
4324345245
93379540
4223444237
1884119143
96869888
36254126
8219285194
1292813130
56745876
27692971
129119132121
158163160166
1283313035
17632064
6471048
41154219
290322
1022210524
132149135150
96119912
1301913819
130182135183
175218180219
107150112151
3414137143
24552658
182134184137
156201161202
184208187209
15221627
43744775
1613319135
81338435
100212103214
1681417116
6520567208
172215175216
118105120108
87479049
2092311
1472515126
143241146243
108174111176
1652016624
5011953120
9622697229
22242328
156207158209
138109143110
153214156215
9320996211
3610039102
98197109197
1913819440
1397414275
123243125245
1605116253
91919592
5320355206
5614558148
56145816
63336536
100173103175
7513477137
1066210964
1612119122
10998111101
1173612038
1294713149
47375437
9951198
99187104188
45874988
42307232
106136107140
5411656119
982010023
167238170240
98144100147
9714099143
1985419959
69337037
1372714228
4921751219
191208195209
8510087102
73257626
165222168223
1710121102
8413588136
5221955221
63316632
127244130246
102231104234
1913619637
102189105191
49295231
1417217174
1781918120
170186173187
30703371
41104412
109122112124
1154511747
412517
80598261
1587615979
1832818829
12941596
1495215155
157149162150
78478049
81868488
1588116681
153205155208
100112103114
3814140144
1952519628
1679217093
115172117175
7211674119
1513815440
7813780139
13399136101
144108147109
9515496157
178140181142
37184020
48945096
1711217413
9901193
180129183131
152230157231
163245164249
160241162243
23172619
12922192
187167190168
159177162179
13221392
49755277
9510796110
11604161
1024410545
1320416205
7722280224
162222164225
4914050143
143238146240
18001832
39964099
193175198176
919995100
166128169130
1138411685
724812249
22592561
154181157182
19571988
8491051
184122187124
120208123210
88809082
1625416456
108139109144
6824571246
1624420245
7116273164
9610098102
1251112813
57576058
96179919
8711990121
26902892
156237160238
1612216423
2717028173
9123394235
9301431
1504715348
110241113242
118131120134
1487015073
160119162121
195203199204
181103184105
145173150174
9515897161
151152154154
27252928
2319025192
67157116
1777017972
1153911741
1829618598
137111140113
134179137181
37124014
1816922170
1782818229
4322446225
1646016961
6723569237
90599361
1907519377
30603361
56835786
4914453145
1183911944
4421947221
9115993162
1456114863
171167172170
183126186128
1117811479
51585360
13151517
44374639
121132124134
1311314116
91769477
48725074
1261712919
1621819220
919411196
143183145186
160247162249
88379139
2320627207
113105115107
918812189
9511796122
2116624167
130103133105
912211124
81818483
97132102133
1455114853
166107169108
110191112194
6716672167
1138611687
52448246
163144166146
1808418386
191240193242
