1822
1112111422
1568115883
162243163246
153210156212
4719249194
5310556106
81598361
7816880170
146158149159
176233178235
13881689
1689417196
41424444
5616959171
138168140171
195147198149
156179159181
108219110221
1416514467
12501354
430471
889689100
1245212654
1935119653
50535256
2817830181
154205156208
107193109196
170164172167
923214233
75117813
22434245
6319165193
153220155223
8815392154
3013433135
118175120178
145152147154
193138195140
175199178200
15641767
57336034
1754317845
1771917921
131214133217
9321195213
8824589248
38784180
134165136168
6621667221
57265928
5620059202
1816521166
173244176246
1686417265
101113104115
1941219714
1535015552
7751077
113232116234
7217075172
72049206
92649566
1682817130
9612799129
88409142
108187110189
1084111342
137179145179
2918730190
7912882129
2616728169
151163155164
7810281103
1618123181
165209169210
192208194210
185189190190
18321864
1701717121
157104161105
1901219313
14561659
160190162193
1084511346
4411648117
4215444156
139224140227
6515970160
95201100202
12661469
174184176187
2221725218
924010040
9119094192
9214795149
111241114243
1117615177
1924219544
13851886
188224193225
1536615867
1143211734
139149141151
1678216984
1922322225
517819
12341536
93589859
5918067180
100225103227
1766617868
170207172210
149117152118
1197712478
1465214855
29433245
056358
89909291
5814160144
853958
127169137169
129134132135
6120264204
5316458165
195232199233
17451947
1854118744
166246169247
190151192153
5320055202
161214164216
18662167
133113136115
670692
01742177
8213583139
135152137155
4615848161
1901919420
23292531
192241194243
116222120223
6410567107
6486
119104121107
1955719859
160206161210
7620278205
1863218934
23892591
161144166145
7222774230
3413437136
103189105191
086587
4316445167
20202322
52685769
5117256173
190230194231
49655267
1029610597
12101223
7124774249
130202133204
34373739
1836118663
1593516236
1683917140
1033110633
20622563
96519953
191100194102
264466
6018562187
169226173227
1948219784
61156218
5821160213
836868
116143118146
4317946181
1183712039
1879319194
1049110793
68837185
146146149147
112203114206
86328737
8810691107
2813829143
1964719948
9118494186
152102153107
175134178136
172137175138
154224157226
1561116012
1644916751
1908719389
1354013742
737759
1932219624
1625716658
22465248
44684670
118161121163
76337935
1638716888
52765478
1745517856
5017952181
2216624168
4121042215
2413025133
55755778
441842
117242120244
116159119160
7923582237
94126
4619849200
38204122
1545515756
2711032111
1817022171
49710
1602816231
125184128186
161203164205
163175166177
2316925172
1573716039
147195150197
1818621188
47965097
6722870230
4411047112
1929119792
6416366166
167125170127
54105712
11942094
1831218613
23482551
108244111246
84178719
1575716158
51176122
133165
921012211
111128113131
90809481
102158105160
50235127
7922684227
50575259
69587160
6918070183
120154122157
1196512466
1522715529
8317588176
2712630128
168166169169
196188199190
148143151145
108147111149
91609661
5814960152
59836185
1209312196
101228104230
162156165158
075179
109102114103
172175174178
18951927
6012362126
1181612118
116227119229
447469
9961298
1445614758
1602516526
126134128137
1667416975
1920424205
8917692177
1818018482
110167113168
0326
5419159192
26582960
11283131
162159165161
67477049
194187195190
3210035102
196175199176
1822218425
8619689198
1671816921
112125115127
180158182161
1384114142
2516428166
47744976
169176171178
195237199238
101154104155
1456514867
183158186159
21074109
3913442136
140104143106
9591161
173115176117
9123992242
1461314915
1816220164
157203160205
1729317495
5521157213
5918362184
9315496156
8914991152
63466648
12431445
62106413
7811683117
9212894131
58586359
133161135164
150236153238
22442546
5421961219
110208112210
1022810530
28563257
1468314885
155151157153
58416143
62606462
5723260233
1371714018
9518896193
1143511540
1045510956
161195164197
5819660199
1107911580
1367713979
720742
3818239186
1487315374
930953
185180188182
1044410745
82488451
6183
105181108183
3013931143
177116180118
17411943
140136143138
1407414376
4517648178
1214712350
74757777
140159142161
80158317
29373042
52845586
164184166187
86138915
46844986
116180118183
2214325145
3613841139
193191195193
155230158232
490513
195207199208
1425914760
192170195171
3816641168
127215129217
147166149168
6512168122
94119713
79398042
147107151108
150160152162
92229424
125176128177
190191192193
14831524
169220171222
137111140113
185196187198
1810520107
41144316
8723392234
4110444105
13671399
1361914020
1306513267
135132138134
4523846241
25702872
1616716369
179227181229
109136113137
8314386144
1663617137
193194198195
60926394
169184173185
1320324203
8820489208
8421887220
1119711499
146179151180
171182176183
152129155131
16331935
823118231
52935595
45124913
1083911340
1394314245
1734817451
9312296124
111219113221
160223163225
112120117121
3724439246
5316655169
112159115160
9017093172
5414157142
1422517227
1526115463
149181151184
88659167
8224784249
1743917741
14391642
155121157124
80448247
1110614108
3311436116
2824433245
137212140214
8323087231
7610978112
193245196247
187128190129
6210263105
02122215
44194721
6714769149
105138112138
6812372124
57176018
194248199249
1594517045
38514153
51495451
38134016
118247123248
6201121
93529555
1337513578
1539015592
7616279164
07112
102213103217
188196190199
530832
120142123144
8915792159
21214123
51205322
75807782
157195158198
1036110663
4011041113
4216245163
7422578226
195108199109
24562757
179234182235
125198127201
32813782
1624618249
4917452176
70237325
123102125104
8822092221
3923241235
024325
91309432
2916532167
597899
1962819929
154189157191
60466249
133158136159
6923972241
3424137243
78748175
153160156162
12599129100
7911882120
15251557
4717051171
103238104241
1761217815
173149176150
18651888
3313735140
150202152205
9871092
144223146225
128164131166
28343136
1510517108
69617163
9320795210
2482710
192232194234
1846518668
150210152212
720716207
188207191209
1003810439
179148182150
1118013182
120158122160
1014312145
1813118433
8818590188
177177179179
1729817799
15721604
1511515516
61516652
7718279184
192172194174
118203120205
1323813739
166228167232
191227194229
8618988192
50745178
7014272144
130119132121
9511199112
722310225
4811051112
95289730
153113155116
5313254137
7412876130
1818421185
8215585157
22342536
1308813290
180185185186
1122311426
1435014552
44104911
1376514067
196120199122
100173103175
6116764169
1685317155
1422214524
198152199157
133188135190
184243187245
146136149138
83338536
131223134224
182221185223
4717949181
3824741249
193119195122
174917611
112181115182
091392
7920082202
1586216263
160165163167
553755
152239155240
74197721
4314546147
24222724
1713317435
103222106224
1264012842
8716989171
1158711790
1401214214
1934719550
128143131145
1376014161
1646716669
56605962
143814510
2312326125
128111131113
9518297184
871903
438740
152180153185
196222198224
64666967
1623816739
12781481
117249128249
444476
44844589
1735917760
1285013351
1267812783
165215168217
304336
125122128124
1069610998
1383914140
120168123170
9524498246
1288013281
185155188157
165163168165
41527154
9416295166
14111434
30673172
142115144117
21732376
1101711219
111187112192
1725717758
162218165220
1519117194
83388640
2123124233
1431814620
6513868140
114218119219
1720621207
6122464226
128194130196
1983219937
1538115583
144100147102
9522698228
81929195
3110334105
2019823199
1796118263
148100149105
159132166132
1345813859
5222055221
2410826110
120229123231
189216192218
1663117132
2219025192
1723117532
3318935191
102182104185
116212121213
1936019563
8713592136
1898019282
121215124216
57235925
5010255103
187227189230
1706917371
9711272
745786
6223865240
187130189133
1814521147
8320088201
39314134
154245155248
7014872151
4422447226
104710610
195226198228
132150137151
1191012013
6417067172
1809718399
24402742
157211160213
2510026104
191125196126
56415745
102147105149
9211694119
1216712469
151139154141
28863187
6121665217
131103135104
1256712769
17351758
20412343
107224110226
23582561
142112145114
129109133110
8210584108
6321265214
1929319496
3414934158
60966398
86538856
1685917260
18172019
97168101169
01153117
22782580
6116363166
56965998
1201412415
124223127224
1144111643
02371242
1689817199
038141
116152120153
2217327174
6821872219
1712120123
1098611189
525556
36403942
128167133168
94679669
061363
594896
12881329
1778118082
1723617340
4110043102
5018554186
23812583
181124184126
84658767
1746917771
90199320
120226123228
167184168187
9214195142
4111443116
42464449
7914282144
36943897
1339513696
169113174114
01243125
3920542207
119145121147
140190141193
78218123
140164142166
2019623197
1596616866
1847718679
4818251184
125194127197
5411257114
141156144158
2322928230
6524667249
01442147
141208143211
106104109106
7320974212
97155100157
2616028163
141140144142
1977119974
36753877
51435445
129138132139
169102174103
107233109236
178106181107
2218624188
14421474
48985299
1131711519
165169167171
1678917091
30913293
176140177143
138182141184
124205129206
107132110134
6411266115
80858387
1152711829
182144184147
97849986
3522340224
155192157194
1895819260
163192165194
75447945
2715329155
82728375
125105126108
44625562
1158211884
1212712429
4024442246
1358413786
1114916150
01113112
146237149238
17851816
144127149128
2615628159
810310106
13711574
150110153112
1094711249
29793181
181110184112
66756976
153121154124
1912519327
60706571
172105174108
121221123223
630662
5411556118
128141133142
1287713179
1358713988
3411037112
4311946121
84278728
1959519897
160146162148
11265127
165211168212
7110572108
98242101243
48145315
104195106198
9315895161
1028610588
1462514827
159219161221
5317456176
842865
185246190247
123188126190
41124413
169118176118
115235120236
101186104187
97234100236
1322017221
188242191243
30893390
299831101
1088111183
105184107186
1244312745
9620898210
142215144218
88289329
106199109201
3112533128
8712988132
1598016680
120186122188
183211188212
1884119143
989010291
121171121180
1161411915
1947219675
6817071172
3511938120
165225168227
1047010971
7321775220
6324165243
33834183
433537
45435044
7116076161
1592116124
84628764
36904091
1876618969
769979101
2110224104
178211179214
633934
7111274114
53655667
49405242
1567815880
1485615059
168228170230
8716391164
141143145144
42784481
8023182234
130198132201
6324664249
88339135
2324324246
109202111204
176203178205
94469748
2414027141
55795782
1497115272
196138199139
127189132190
1918224183
1456114862
172230172237
46504952
7522777229
9613997144
15201552
173207175210
115198118199
125240127243
1933319635
4194311
1767718078
5317955182
5075210
169115172117
161816310
2518528186
125172128173
8212284124
1496815270
117113119116
1882219124
103103105106
195239199240
1966219964
1496115163
79138314
132210136211
1895519157
83468647
141167143170
01423143
1064910851
6423367235
1494015242
5610059102
154107157109
7614078142
89479052
83778778
10551356
179217181219
196172199174
7621979221
1562415826
1518716190
80898391
81828483
67786981
5512057122
9222995230
3621238215
1810820111
156163159165
88789179
54535755
6910070104
1795618257
1338913592
6313964142
1772617829
2813133132
157155160157
98229100231
103244106246
113207117208
137140140142
105179108180
1275312955
920212203
157214160216
179203181206
125140132140
195167197169
1138511886
1663317034
01543156
183121186123
2110623109
31766177
109100114101
4321547216
75387643
1417317175
10141036
197215199217
17571960
122113124116
122812410
126130128132
1144411646
1388313986
3915441156
25252926
126146127150
1145811660
104119107121
1892519029
118172120174
1747517578
116125118128
144242146244
1113112136
186237189238
184137186139
98185100187
115122117124
4020045201
8318285184
140114141118
136123138125
162206166207
5520960210
7314975151
159100166100
8614788149
69977199
124143127145
2817331174
1002410227
118102122103
115101117104
55275631
189232191234
122197124200
9491152
581784
5423457235
1549515996
1409014292
163117165120
8917392175
58705975
151216154218
9719099193
19492251
190212
5110854109
180211182214
1434315243
1811321115
14521754
38984299
12501273
1453414935
180177183179
3510339104
122120124123
179201184202
13821405
63856687
1633316536
5123453236
8919991202
150121152123
7117873181
1915722158
8316986171
1516917171
3115832163
1858018882
113193116195
26472850
411613116
73267429
8420387204
1315213453
1614018143
26612863
9219994202
4413947141
173196177197
1123613238
1879019092
156219158221
1437714385
113190116192
182215185217
80948296
136162138164
180241185242
7920680211
108120111121
91499451
7917482176
4612448126
123165125167
95949698
153227156229
118206121208
102205104208
8224485246
33573559
1611617120
1708217284
176157179158
77397842
125170130171
1645316755
02163218
178163180165
138196141198
1458814790
160173162176
8323686238
1803918341
8417287174
186150189152
1067210974
166129169131
5817661178
145129148131
1087511077
50825186
98194103195
33933596
93729873
176239179241
105143108145
4813849141
1794218144
40554357
1622218224
33323833
31787179
1712622127
1537015672
193221195223
1913622138
98150100153
18251856
189154192156
15281579
1268612988
118118121120
169192170197
4912951131
6120566206
12272230
059460
2116225163
590621
1423114732
8912094121
105230108231
136103138105
90379339
622824
4821548222
1373614037
4118943191
150219152222
7621679218
142173144176
1912819529
1615316355
146230148233
119181122183
2821633217
982110023
107157110158
125207127210
149149152151
7817980181
1708717588
344546
3310736109
84868788
102110105112
1691417216
140714210
1252612827
5513158133
1041110713
1626416565
93169518
66626865
1325513358
9020391207
193143198144
1194312344
3912042121
1534015543
6116064162
3021333215
74147716
10321137
1251212615
5211159111
1152411726
113196122196
159128161130
139128142130
110177115178
178108189108
153117160117
1115811361
8520887210
112213115214
2619131192
105115108117
117187119190
161211164213
120209123211
1483615337
1317222172
139123143124
63496650
4522747229
8013385134
3423538236
8414086142
1275912962
68526955
177208180210
131245133248
97188102189
98170101172
90559258
7914782149
105150107153
9313595137
104175109176
182229184231
123159126160
1137411676
138247140249
156110157113
162112165114
01135114
7010972111
9111294114
32286230
51905492
3821741219
166218168221
9518098181
6120763209
18552356
1304313245
8019185192
912612127
98199105199
1674217044
9419597197
1038210585
173191176192
13211353
1323013532
153202156204
119108122110
6410966111
110198112201
9423797239
1114614148
1738117683
1651316814
1219014192
88869089
978710188
32086210
4319246193
45774879
5122253224
8912991131
9524097243
12951327
5519557197
66567057
177180179182
2614631147
1921524216
183149185152
5616658168
137209139211
2911631118
976710069
29312
110233112236
4714549148
3813040133
4521947222
1355014051
22642467
4018242185
127233129236
3324636248
55365838
1801518024
32863488
18611965
122213126214
16121635
165139169140
143159145161
197209199211
81628364
146247148249
726928
56705774
120201123202
296498
6624068243
125174128175
97105100107
121151123153
145213147215
1447814780
1183012331
1622116622
3421035215
4723850240
8821391215
2710530107
9410496106
65126814
1431414517
3117933181
1565115952
7118376184
178103180105
4519650197
74237725
8611388116
152142155144
131195136196
20302135
3011932121
20592261
195106199107
1297013172
3413137133
142190149190
177166180168
70747276
521544
128197129201
14801512
3315133160
3024133243
42224723
4516846173
4420749208
190238191241
117166119168
196170199171
50795281
1409614299
191213193215
2893210
3714040142
2220024202
138143140145
155199158201
30603461
7518878190
192919511
151197156198
43964698
44554658
182153187154
1721618219
117129120131
1411514220
6711769120
550582
108153109156
146111149113
432473
147219149222
3412637128
1957719780
125215126218
90159218
169217171219
62756576
997910181
162199167200
1446814572
64536755
77518053
1503415535
150137154138
172144177145
3020332206
7011873120
1095111154
1406814171
8723696236
106139108142
122117124119
993110232
984610148
1519715399
17481851
2821832219
635937
1908319385
8121382218
172121173125
53395840
1166611769
191187193190
91829683
3722042221
2524427247
118245122246
876908
108214111215
1408614289
1464414945
124227126229
69277229
145216148218
167176168179
131191134192
60266527
178130181132
8818191183
1341513716
2423627238
1081211213
150182
5524057243
6819270195
157177160178
59376140
1964219944
109116112117
74957797
54205622
120111125112
41377139
96249926
1883019231
8311285115
70377438
31725174
1839418696
124230128231
4324246244
1313513935
1484615347
3514938151
8018282184
3321836220
1288912993
188147191149
4612848130
105177109178
38174119
4513548137
7411677118
195230199231
192146194149
2219325195
105113108114
150245153247
93709871
3383511
094198
7119374194
944966
1265612958
19461978
99211103212
173167176169
6515567158
9411144
2717530177
153118155120
12301631
5412359124
108205111207
149131151134
2915632157
41007102
131105134106
4010349103
153455
47554860
2221124214
1109511596
142191145193
1005010551
1651516817
1276312966
2523128233
9019693198
78628065
1498315185
8321688217
117184119186
105241107243
39884389
9621198214
99117104118
1496415266
1942519727
197114199117
124202126204
5020052202
165146167149
3120933212
123245126246
9313895140
129136133137
4216844171
8120383205
7911182112
1318513487
22682471
113197114202
4624651247
15331564
99238102240
1785818160
186185189187
69117016
49705371
153145156147
7616977173
151165155166
104211105214
132218134220
5516260163
164238167239
155100158102
134204137206
139194144195
44934795
70787579
01373139
150207153209
7819382194
45654867
624510246
32983799
139133142134
813718137
9218094183
136173139175
7911382115
119138122139
139125142127
158109160111
110150111153
79488150
160169161172
1915422156
42337235
7461048
1811718221
158112161113
7220575206
73537655
6720669208
2922931232
1943619738
165150167153
637668
186102189104
160238163240
7123575236
112149114151
6516767169
144209149210
1326913571
1572915931
7516577168
19531985
129231132232
136158
1046610569
3223735239
1904419147
49295430
3718740189
12811313
8021280219
3412135125
10021043
223254
44144716
456758
96419943
92439545
3824140243
149228152229
1018811192
127213130214
8810891110
6815771158
187158198158
1736417665
159195160198
144119147121
195212198214
1671217512
7623079232
40654367
16461678
133200136201
5314755149
150199153201
79548455
127192130193
612810129
171249182249
823610238
1015210454
87849285
813812139
105227108228
175104177106
186215188218
155134156139
6010867108
70517254
1724217347
047348
197244199247
12551278
90122
152186153191
2916130164
17742076
164107166110
179134181137
1447314775
9322196223
117140121141
25642865
1369113992
1534815649
4321346214
152134154136
120184124185
57465949
62776479
140219143221
685888
4615049152
7220777208
157182160184
5718758190
1237012573
1557315775
1756117863
1366813970
137230138233
145227148228
12481649
1431114513
167107168112
3117533178
6717368178
18499187101
966510166
5913062131
410425
36434044
1831618519
02082211
110193112196
158172159176
8820990212
114173117174
67447046
112244116245
1255912664
1493815439
116169119171
9614699148
42056207
1362514126
669968102
41359136
1169411996
171135174136
190175192178
189181194182
1313318134
9120892212
126103130104
177246180248
105135108137
4610051101
118215120217
28273129
1392214124
124151126154
3319838199
3693812
1974919952
77368038
1636116662
92419542
183102184106
180191183193
2614429145
127220129222
621711218
4912453125
71477350
1907019571
42174618
1763117932
28743076
8314588146
494516
109179114180
8712690128
106190109192
140108143110
1877518879
1368913990
186174189176
4913452135
8715592156
149185151188
1188712288
73807485
4915851160
1562015823
12441354
2912232124
122147125149
1889819399
129128138128
262276
182133184136
1005510357
9621463
301333
184128186131
1819018492
1695617158
176236179238
109139112140
222523
1237413074
7824381244
183213187214
34533656
54175619
2918534186
180194185195
3620039202
1884718951
5212954131
9511698118
1197512476
64906692
20902292
8012188121
6614168143
1345513757
171917311
1652316924
31676169
102107105109
9416796170
16361938
018419
106100108103
8022083222
3823041231
1443614737
3520638208
3515538157
2114823151
169106171108
137180142181
101232103235
134212136215
1844918751
4220245204
7918881190
144104147106
147198149200
153157156159
149230151233
