1767
1076611267
016317
125218127221
173208175210
190208192210
179185181187
147166149169
153187156188
81308333
1222015222
1002410227
12481649
5914161144
6321365215
10921114
180171182173
88899290
738940
6020962211
135231138233
113212115214
6816070162
730781
3013433136
61706372
45924695
61839185
179206182208
17421944
4519348194
11231425
739874103
151176153178
89229124
7318578186
4118644188
195237198238
170102172104
62306335
122121125123
36633965
13721674
5910362105
3523037232
118129120131
102146104149
1331313516
108153109156
1416017162
01281133
13261349
196118197123
112169114172
19972299
110208112210
173172176174
1284013341
59116113
1610319104
175116180117
106169109171
160121163123
195100199101
130240133241
1461114913
107172109174
979999101
11141515
1334913650
159147161150
106179109181
1468414887
3011631121
73347536
188121190124
42199220
5119652199
1672317224
141155143157
89919292
8741176
192127195129
1275312955
173206178207
10771279
1009410296
1983919944
2322124224
1037610578
117106119108
56975899
1109211394
8419087192
1052210923
2917732179
3910642108
91749377
33413544
166224169226
176229178231
01682171
155197156202
22055206
141172143174
144237148238
111204114206
50615263
159246162248
29833285
88659068
169232173233
35663868
144208147210
55405743
110109112111
120132124133
4915951161
167148170150
6317466176
97204100206
8513089131
6515567157
054257
42264727
2220025202
69347037
85718774
5519857200
196233198236
108133111135
122205125206
1423914342
7816483165
53825584
34543657
51325633
122207125209
8020285203
97910110
9413396135
124169126171
20532256
1781918320
112911710
1622519227
124197127199
2412527127
5718060182
1886919171
75707872
4816250164
8911392115
6617069172
89699172
02312233
153243156245
150131153132
73847685
102140106141
1886019162
134184137186
59206122
1682917032
8712590127
8511988121
52425444
5420157203
1123911640
161226164228
146123149124
1623819239
37553957
1467414877
13881591
8319386195
113106116108
63506652
5512758129
15911623
8422987231
1927019671
156174161175
144167146170
157237160239
5212654128
1267113172
74207622
119162121165
7720580207
5222257223
1121513218
1472914832
189125194126
7014471147
155207157209
1197712082
9419897200
1016310465
52175618
4024543247
9515397156
4521947221
3316544165
15251728
149214151216
156220159222
131244134246
96679969
1712817429
7815179155
163246164249
1466614769
01113113
130199133201
7615679157
4613848140
17611792
1966719969
86258927
98135103136
1504515247
1322815230
7110674108
67417142
1613718140
36273929
1581116013
7613279134
2416827170
143102146103
5923664237
109136111139
1879319095
97969998
104201106204
1647516876
113224116225
56865790
170168172171
9621298214
135140138142
138179141181
1863818841
149151150155
146246150247
6312664129
43614663
19031935
5917562177
3996101
2617928181
79378238
1125311555
7012275123
4720349205
175236178238
136226140227
8916291164
24302731
1467014972
78648166
5415756159
710410106
2123023232
147202149205
62396740
1074911250
191180193182
67926995
158203162204
413113131
193186196188
8015283154
1412417126
1518518187
67477049
154132156134
3921440217
1964919950
3415735160
2616029162
7524278244
7720980211
1342413528
1195712259
2411127113
125223128225
9514698148
6811971121
12661289
16171820
24752777
5014753149
1439514597
168117171119
187188190190
1771218013
1015213153
1494015142
1044410646
6911773118
5124753249
58746076
137246139249
1144311745
78518153
119174121176
3817041171
34303633
157141160143
1188312185
185159187161
9222895230
1747017871
586888
115234120235
28753078
14961519
1094011143
185139187141
4719750199
1799218294
1541715619
194104197106
1584516147
188218191220
173151176153
1472215023
79348236
170129172131
6110664108
144182149183
156176158179
190168193170
1764018141
273288
1626316466
122179125181
7114075141
103142106144
01763177
1919319396
4821350215
155121157124
159192161194
1801418316
5619359195
46474850
3711940121
1619716399
56536154
767969
1337313774
1261712919
8211284114
196175199176
92699570
119153124154
3423636238
3011233114
9623798239
7019972201
104108105111
117224120225
88739075
1064710948
166120171121
01532155
1751817721
3414136144
8819091192
188197191199
1788618188
5124659246
1659616798
167186172187
173917710
20752277
46654867
044345
1473314936
1445814760
107140110142
5421757219
18151846
8015782160
58805890
191103193105
89809183
1966019962
113228115231
77898090
1349513697
1446514568
1193512237
1214413149
9511897121
19472249
2417427176
162112164114
98190100193
1149312293
94319633
5319554200
137913911
1321713519
5616559167
15401562
4821951221
98106101107
31795182
2811032111
9024893249
42214522
154228157229
104112107114
222245
109913101
119147121149
1039610599
1735717659
184240186242
3322535227
1915219454
934110041
173229175231
152223155225
1305513357
71279130
4112944131
1937719579
130180133182
7120273204
1148711988
18572159
91319333
1924121244
2924432246
177220180222
1114013143
4121444216
152147153150
1592716428
1523418235
181159184160
51467149
1158211785
8520787210
422454
170126177126
859888100
2016025161
8017785178
1433414636
1814920151
47724974
98155100157
163169168170
50415146
129111131114
108204110207
752955
1478814990
1799518098
140914212
6210965111
6923073231
58616063
109115111117
180144183146
1021911222
466489
31923494
167207170209
3619738200
18298185100
6820871210
1828618588
2918232183
1412916131
127134132135
3823041231
18831898
6019663198
1374614048
6196510
194157196159
21922296
7022672229
147189148192
111120113122
1279613097
436459
094296
174135177137
1483715139
132211134213
127143131144
1698417187
3324436246
8011081115
115221118223
1317215175
1383514236
1236712669
139228142229
26462948
31735175
17831805
142148145150
137241140243
1912419327
574776
38584160
1358113883
1222415225
185137188138
1621919221
394696
95279928
12001223
273973
167157169160
1581416116
1367013872
127209130211
112181115183
1046610669
1937419676
1511418116
50755476
70927593
171112174114
146134148136
2117823180
61656467
107143110145
18699189101
1497615179
4120144203
9518897191
1841318914
1319616198
61808182
7416277164
158126162127
181214186215
5620959211
57236025
70237324
7416777169
1311918120
4622848231
120216121220
2819729202
3221135213
5418756189
188159191160
51159116
850882
8223684239
8110688106
1551115713
149189153190
37854186
1804618249
4817151173
1187112074
1414814450
1162511927
175140177143
74467549
126205129207
1757617878
71477350
175199177201
019210192
1506515366
25872988
1796218165
41134315
1707917281
148170151172
1401914221
8813890140
9113694138
137194142195
102710410
110241112243
3019733198
1184212144
1249512697
076181
198117199122
7211173114
2018922192
1648916791
128218129222
191216196217
85508852
8817290174
1523815342
158188161190
1388914390
192228195230
1506915271
1876518968
1912022122
01141119
2121324214
178166182167
1486614969
35943896
105244108246
7615879160
547579
17481852
107191112192
190221191225
40634265
69787181
1689117093
6321766218
1059310895
1293313235
137203139205
7814981150
13971428
6310468105
179228181230
1703717339
7112973131
90879588
713812139
106187109188
1284613048
186128188130
817212173
13131345
2815230155
4820650209
94589760
6215865159
130162
5018353185
31505153
150115153117
9510397106
160115163116
87589059
196241199243
7517779178
143143145145
81908491
9316894171
115196118198
74817683
2224124243
065268
7319675199
56145816
115149118151
4916552167
197155199158
19101942
1582916131
12961319
6813472135
6822371225
1795018053
3524738249
139113149113
4515948160
178181180183
11598117101
2113524137
1579316095
1501515317
133223137224
3621138214
4985210
7712479127
21212622
1748617788
184177187179
65776879
40554556
3724040242
1894019143
9019393195
157139160140
4214143144
9110793110
83258527
2618228184
139143142145
1527415775
177215180217
1683417136
7024875249
6512167123
21262328
9214192152
1557615877
6216865170
090591
1731717420
33113613
179224183225
159106162108
15231555
297798
1723317535
66716973
1142811729
94439745
179194184195
1445215552
2713229135
112136116137
6424367244
5819659199
02342237
4614549147
1773818239
166202169204
1617016372
170202171206
1428614588
8712290124
50875190
5219355194
2013223134
3317735179
143245145248
96249926
1884418948
87379039
4022242224
6524568247
186228188231
141151143154
80118313
4312048121
180163183165
1334613648
67557057
3818740189
61436644
98207100210
9711199114
1797918182
108217110219
1858118882
175180177182
7816881170
694726
1021810421
135613611
63456449
67867586
188154191156
165916811
1706717170
38984898
1606516169
72597561
1013910341
162148163152
986110064
146213148216
01722175
44684670
1949419995
1303613537
2092311
118247121249
7810979112
111193114194
45784880
49655167
1835618459
1546715669
15591761
80938295
764966
17531956
1621616518
107120110121
1123613238
02282230
1771417916
91599361
1305313354
1973919746
10901141
3224035242
8411143
42434446
4114944151
5414158142
262563
57446046
1955119853
127159129161
141167143169
1674917051
176203178205
3214834151
983710040
1658316884
82498451
188201190204
177102180104
681713
108112110114
59846286
97499852
182141184143
192222193225
127169129171
1291610
5316455166
10011033
10041036
2318925192
1410017102
1012210423
105115108117
10897110100
183172186174
110187112189
114219119220
194109197111
973110032
99143102145
134238136241
1401414316
6018863190
77247927
53105612
1647216774
132247135249
839584100
1797118273
44134715
8511588117
175177178179
190244193246
118206121207
4923252234
1431914720
6323468235
41766178
146159147162
14551487
5014353145
5224053244
93899493
092593
5310656108
6118463187
164122169123
100166102168
196133198136
1555315854
67527054
155158158160
42794481
181101185102
82738476
1088711388
1374313945
109247112249
42764478
79158217
3014133142
1573716038
137128140130
111218113221
5718360184
35723973
712410126
153100156102
7416183161
42924495
1398014481
149101151103
10451096
16321933
81878489
6814569148
1248912791
75137815
1786718169
748950
1524718249
175234180235
58365941
1515718159
126145129147
7813582136
150111153113
163160166161
137171140172
154108155112
147163150165
62058208
9513697139
7220776208
12341735
25112813
178126180128
5311955122
25392742
37464048
83408642
81979202
789879101
6116666167
116182118185
80678369
142177143180
182127185129
1119711499
77427845
116122119124
1549415696
8321886219
659867100
6720270204
19642166
459947101
1949619798
144224149225
173214176216
4323948240
1643416736
111177114179
1128111384
194113197115
29693271
170132172135
4910351105
6918070183
1902119323
2410826110
4112142124
185142188143
7823681238
165129168131
1027210574
21154118
103187105190
4010943111
1011210217
183237186239
1345713759
187238190239
1516418166
1415016152
127183132184
187240190242
1873019032
9622899230
108227111229
8621691217
185106193106
25493050
1385513959
55935895
1336913572
10711273
170142173144
136149139151
9117293175
185147187150
34853688
81418244
15811882
4911051112
157166160168
6020263204
104105106107
7722479226
162195167196
1953219734
175223178225
1757217873
2922632227
130145133147
130176131179
5710760109
5422756230
406429
1766217864
35513753
17799180101
32286230
1344213645
125172127174
192112199112
46874989
135165138167
1223314235
91529355
122104125106
1156812268
7421675221
2313825141
4221844221
6622968232
196127199129
1923819342
170136173138
6715370154
152239155240
6022663228
52895590
30793580
110130113131
3314040140
16911796
4512248124
1312213226
170212172215
85489049
113123115126
28933096
1611021111
113118117119
161184164185
140116144117
1406814369
113238114241
95559857
1083011033
13101420
154175155180
59811
8019083191
179178181180
126201129203
122244125245
3616339164
164141165145
1644216645
195190197192
1310315106
104205106208
121102126103
1920921212
137213140214
32593561
1751217617
105132107135
132217135219
163103168104
9519297195
126178129180
1720020202
194225197227
166142169144
8013783139
81578459
163242166243
4812551127
169175172177
2810331105
14971799
103222105224
3322336224
1763017932
8120582210
752784
7816683167
1378613988
359661
2022723229
1025010452
8822991231
4611355113
168193170196
1887719080
171241174243
1016010362
118139123140
122217124220
149217152219
3312736129
9716799170
25152717
192214
29113213
5021052212
171110176111
1921519418
2320725210
28433145
118239120241
1651216715
145116149117
110123112125
2324426246
144151148152
128213131214
5122653228
1308913390
144241147243
8716591166
126238131239
17631868
82608364
123188126190
140137142140
133108136110
52485450
30863387
149158154159
171150172155
599961102
502553
5716861169
49125214
104160109161
190148194149
2522127224
1156511867
1813118334
1144712347
5317456176
9110394105
122147124150
1349113992
1038610687
1011212114
128197129200
727831
186121187124
87408942
8698911
145192146195
91569358
6420266204
64746776
128240129244
39764178
72537555
1361213914
65836984
172119175121
125148127150
2619531196
101155103158
1965719959
133158138159
61746376
194165195168
181105184107
191183192188
4517850179
159160162161
133125140125
137237139240
1854218745
6920571207
119134122136
2712230123
2511928121
6819669201
1320016202
148160150162
1461415714
127131129133
5723962240
108233110235
1115414155
75427645
92809681
13541656
7220575206
140203143205
180236182239
8622790228
1967719979
20422443
178141181143
1233412636
138174140176
41884391
164156166159
43324634
87329034
179130182132
2311426116
141213144215
9123792240
8722089223
2417126173
2918032181
1169411996
129103132105
104156106159
6821371215
51555457
995210056
3823541236
32346236
16661688
210251
1501015113
45434944
184216186219
119150121152
186102187105
166227167232
01345135
16499166102
1244012742
38184020
7220976210
4011443116
5011952122
192142196143
16251657
6518068182
90289330
5613758140
7613978142
106136108139
152103154105
8414986151
8510188103
3316135164
9223494236
135164146164
7510177104
1247912880
112236115237
4222945231
157200160202
129107132109
8616288164
154216157218
128150131152
463495
131165134167
100111103113
23582660
8523586238
1362714028
9871289
01471150
991910121
7820487204
85878789
9120194203
180161184162
9523197234
100216103217
689970102
4919351195
106175111176
1209412794
33834183
166162169164
1607316375
2011223113
61896391
71879189
1612721128
1746717769
161210163212
197207199209
115186118188
139191142193
5323356234
1697517476
68656968
1595116154
100137101142
194193197195
171217174219
57175919
920312205
4013543136
1837318674
4911553116
157197160199
47385040
9520196206
94749875
3012434125
127128130130
966510066
20442545
1619416496
1217312376
22192720
2824131243
3313735139
90259526
157244166244
01373139
118242121244
1442114624
28153117
1543815640
122165124167
7411576118
1824522246
193207196209
125176129177
11899121101
64896791
1442514528
7112673128
54295731
8910590110
152185157186
2218525186
2524127243
163124166126
99146101149
106220109222
5913762139
7924182243
625647
81288529
7919682198
47325034
185487
105146110147
119181121184
191117194119
2511351
1276913170
8911692118
51916091
8012183123
3822543226
1218915191
117125122126
5420755211
9118394185
195198198200
997310175
6813272133
1391814718
02171220
1419419195
120177121180
19292131
41116114
60176318
8422086222
35743876
12441295
111197114199
1252012822
117103120105
8915391155
1737917582
1181412315
161139163142
41366139
2316628167
86288731
1119216193
8515288154
4721049212
4618149183
155170157173
19471998
106167111168
132176133179
151162153165
9713098134
1333213535
179137182139
101159102163
5916261164
105209107212
28393140
2913932140
1717420176
60976398
124240127241
39944197
101209104210
1554416344
2417728178
9514398145
119221121223
62806483
115191117194
1235912760
8615588157
114161116163
120185123187
1816019163
1920622208
2593010
134187137189
9515796160
1104611347
1586216164
3420536208
34223527
1808918291
1014511149
8013285133
1116414165
4922550230
131208133210
31966198
18131844
4611453114
74237626
1932819630
1905519357
25782780
10097102100
1916421166
1019110393
40104312
6219364195
6616368165
1764417946
7722280223
149187152188
51418143
9219094192
2920330206
3714338146
112138114141
20122413
196107199108
59796182
126226128228
98188102189
14199142103
6422567226
5222055221
2122122224
834857
4421046212
4517447177
1535516155
133122138123
31447145
8821390215
106232107235
1977219975
719872103
42594760
9410797108
8824591247
074475
15211723
707739
1312713330
49495152
30583161
4110044102
134206137208
185232187235
155246158248
1791912
8113084131
158171161173
154162155167
824611248
164138167140
195147196152
9111014
5317756179
151194153196
1509415396
135116137118
6617770178
2314425147
138223140225
193213195215
153142154145
1025810958
747779
65306832
1443814739
1555616057
111200114202
6519467196
197186198189
100241103243
3910342105
153184
1818221184
143914511
16961709
1492915231
6019161195
65616862
8018783189
1925819363
42854587
715917
9724299244
9013092132
175192177194
3113033133
192219195221
32315233
2218123184
1648516787
63586560
1911422116
260301
1185112152
40284429
37333935
119137122138
120168123170
172220176221
1031310515
65127612
562593
3922741229
151197154198
1891919420
174232178233
1765017852
1276512868
37304032
163203165205
8224585247
36894090
2413026133
76517754
118245121246
12801303
141128143130
2010823109
1608316286
7224074243
1346013761
1102411226
62318233
14401491
6224867249
145156148158
191193193196
1182812031
1702117422
1757418274
2010223104
6713872139
9021892221
4419846200
182113185114
161168168168
9324296243
6615169152
62116413
80548356
54695672
164186166189
77797981
194239198240
1012012122
187192194192
1418314385
1529715599
9813799142
1113515136
156137160138
140209143211
6812470127
10541256
71548159
130206133207
56825785
1819518497
132214134216
115173118175
34973799
155127157129
1783518137
130230140230
353655
3523337235
6213669136
70737177
141223143226
5410258103
7317176173
143111148112
106150109152
6823769242
1613319135
6422165224
119210122212
68157117
3118734188
5321255214
1498415385
92849486
1714419147
156110158112
25352738
37773880
977810079
130202134203
187167189170
141241142245
2315031150
813826
1851918821
382414
1348813690
02103212
108185113186
2924732249
1810023101
2913732138
1177512076
721710218
151160154161
1319513397
191240193243
138105140107
108211112212
6323065233
656957
1313215134
138116139119
4512948131
120158124159
8915091152
9417496177
122116125117
113247115249
934210242
1713017531
759877100
193202194206
1634616648
01782181
140206143208
162153165155
150122154123
7313375136
177105180107
3023633238
194241195244
1912819233
3416937170
7619079192
3723740239
83348635
47904893
1417616178
1025911059
923111234
141104144106
1441214515
790822
6510167103
02453247
4217844181
179149184150
7412877130
107105109108
170164172167
5511657118
816711169
119195121197
4713250134
70667766
166179167182
4218345185
1329113394
21612662
1625316455
1481815021
058260
8413689137
19801994
1138911691
164229165232
01412144
108162110164
197130199132
190145193147
62776479
173102176104
1245612758
126118130119
662963
135210136213
1228312486
164107166109
169124169132
13431645
995710159
1728617389
191163194164
166152168155
42474549
1074410946
81218422
148146149150
109244112246
9716098165
7812882129
193130196132
28892992
108226119226
2219825199
5523856242
186125188127
1245312655
6510667108
1746317566
125110128112
7921782218
1924319545
4418945192
1288912993
26702872
154113156115
1656216765
107200110202
180246182249
8419686199
1156011862
61939195
99126100129
1311013411
117168119171
166190168192
191100194102
1936719569
2815730159
106236109238
1815420156
1067311074
167107168111
1719619199
6216263165
3211936120
140110142112
8916992171
1842818631
180133184134
173185175188
4618749189
109166117166
158207160209
69597162
91499451
122162126163
66586860
97245102246
127215130217
8520590206
1405814359
8414589146
