1768
1127711579
44694870
530543
1409214394
1322717228
6814672147
1024110543
1134111643
3514237144
622824
31273528
30803382
1264112844
1466014962
02203222
1228612488
98210100213
12305231
9517898180
59606262
9514398145
137196140198
1411514516
178189181191
109240111242
1695617158
61316831
152201154203
1456614868
122240125242
22772480
1592116123
50875290
12401262
61756378
6314865151
45614863
59866288
153115155117
7621477219
6511870119
9610298104
1956319865
82748477
9321036
87549056
1697417176
189145192147
156193159195
32326234
111207116208
1913219433
136216138218
15291830
61936395
4110743109
167217169220
170204173205
10897110100
24822784
1296513267
5915361155
80788380
75987999
5414757149
142248153248
112247114249
2717529178
1015012153
1685017152
5018553186
8123085231
4217545176
7314476146
125148
168174169179
1652916732
139225142227
55545757
107233108236
113235117236
189160192162
80568358
95149816
112209114212
71877489
161128164130
49635265
36403942
7522977232
157178164178
67766978
1497315275
100108102110
33463549
1322513527
126165129166
141110143113
1235712659
152119154122
1822618429
189128192129
61429144
17632065
57376039
163117165120
145234146238
21355137
46874988
26442946
172243174246
31383439
6012962132
7313175133
268309
1169211994
1627816481
1354313648
2810932110
9115892161
2111524117
1811320116
4217945181
142158147159
124191126193
109189112191
5615060151
191238193241
1155011752
82118513
107122109125
30653170
1725017651
151244153247
177118182119
193230195233
1431114612
6010363105
196240199241
12701302
102134
4321146213
162131169131
77547957
184148185152
188177189182
8491051
1535516055
4323444239
5814461146
129133133134
1203112532
110245114246
111221114223
2623628238
1205612259
77178019
123202126203
3014532148
162219166220
164186167188
97919993
191122194124
121215124217
1710720108
176229179231
124181126184
36104011
5310454108
664695
8323486235
49825185
102132104134
2923031232
126211129212
150103152105
127156130158
52136216
715917
187238190239
01985199
1724620248
127129131130
187124189126
2913731140
117199120201
1596316464
4124646247
1937719579
998010282
68887091
5122554227
3324740247
107223109225
2020623208
9320895211
173208175211
1169812498
25782880
198225199228
1313813440
98171101172
187214190216
156137157141
63196522
181165184167
7317676178
1554815850
117214120216
79298231
154149157151
1856418767
133227135229
3416036162
194201197203
124188127190
9415697158
174128177130
140203143204
64736775
1021210513
1337713679
76907991
10511083
6121364215
1411914620
14311733
5312057121
41297131
35853788
126219127222
4014042143
112127114130
8520289203
104183106186
464766
1535215654
164236166238
108215116215
1275913060
153169154172
137110140112
106164111165
51445645
4021843220
8517288174
4920052202
1118511487
108216112217
151146154148
1004710349
5122253224
147218149221
121185124187
1812318325
95709773
164211169212
134165137167
1278513186
94599661
92569558
1679316995
1576516166
176222178225
32683470
2820433205
84298731
79958197
6724772248
1687917181
115232118234
26862988
177177182178
1767517977
123233128234
5021852221
8013084131
12651567
11111214
155152157154
5821460216
3623738239
2022922231
7217975181
914612147
191215194217
1624516447
65846885
7410376106
192242194244
31403442
189219192221
7416379164
8315985161
1428614588
1073411036
105175108177
51735475
132103135105
8614489146
70487251
13111343
1491415216
58936096
1835718659
1067310974
286337
2616328166
139121141123
1166411965
179107182109
182238186239
155145158146
9524497247
126244129246
145176148178
6917471176
110157112160
5418556187
2120923211
6523668238
183227186229
1056310865
56605862
3322838229
121191123193
154227157228
64356736
195135197137
9181121
30353336
188195190198
1314413446
1172711929
110161112163
23562658
168172171173
59686270
61849186
314811148
9310798108
186217188220
145118148119
7410777108
97216100218
186160188162
3517039171
15301562
6010962111
1869318995
1424214346
65116813
1561015912
2918631189
43924595
9124896249
192207194209
184133187135
13112011
155121160122
1216313166
178232180235
25912794
82538555
32533555
1795718259
196153199155
1428914590
1977119974
1809618298
1047810681
29613164
170127172129
5024552248
113136114141
147181149183
19182419
12221424
018519
125115128117
27532857
8524087243
187240190241
1728817589
093395
7624179243
114191117193
191194193196
8322085222
146173149175
5310156103
168112171113
1610019102
21385139
49665070
16001622
169107173108
1224412546
1003410336
194227197229
1035010552
159160161162
183138186140
1804618248
1398514188
11199116100
161172162177
2115522158
56586059
1517015671
118220122221
1083811140
56935796
1765817860
3514537147
1187912979
1218412485
149167151169
2923632238
8621688219
157199160201
8478610
3117233175
180159182161
4310350103
9413497136
1633316536
130145135146
1219217193
5688
6111864119
20202223
52468247
146179151180
150100153102
6710170103
93659567
209925100
066368
88769079
3214935151
6121064212
8717790178
9017992182
13491419
544576
1816019165
5822963230
15851886
14051428
126173129175
120158123160
16261649
5619461195
183231186233
92759577
1852818929
171917312
50155217
111196114198
36633866
74507752
586888
1221614219
145225146229
413444
103189105192
107221110222
1252712729
88699072
4320045203
165113167115
145241146246
090392
187246190248
52215622
722710228
6616770168
1466915070
22592561
14001441
63596860
90519353
1387214075
6819670199
1559615898
987510177
9513797139
7717478177
5917561177
4987100
117240119242
25763077
135183138185
99142102144
191198194199
112167117168
126209131210
150204153206
972110023
16531704
129122131124
126240129241
9411896121
14501491
3321536216
102177104179
137168139171
3721439216
8118984191
41594560
190208191212
5616257167
4895110
95249826
197244199247
165178167181
1618024180
162157164159
81299132
157133161134
1417214375
148200151202
1432914432
6215565157
1238012583
14941795
1221112712
40454247
36133915
2221225214
1623619237
85578859
19161948
4194411
129203132205
1874919150
12151246
132198134200
1373414036
559861
8312785129
1883919042
177203180205
4617849180
181101185102
1297013272
1821618717
12021234
149134154135
5510459105
33313633
165174167177
3212435126
1064110943
9318596187
1915219553
3465
3510937111
160224163225
42007201
132127134130
154167
196161199163
01742176
1657516876
72617961
7816779171
7512577127
6610468106
170213171216
145141148143
163189166190
1112512128
2515728158
22454247
161238163241
119203121206
1206512566
154220155225
6913072131
64436646
192118193121
110138112140
8214584148
1078610988
7920581207
113199114204
57356136
1374313945
4314044143
149111152113
88828985
103204106206
6613771138
71167418
1791318215
8519188193
7116873171
7814681147
18211926
1162612326
173101175104
113217116219
1311415116
67807181
30323234
127191132192
1026910571
7122974231
6822070222
184208187210
1702617129
150241153243
106241108243
67187020
192210195212
99145102147
8715591156
23202523
1202912430
1043410636
122205127206
102148105149
167207169210
197205199208
12191421
1046610768
1952319924
53875888
1314713449
303335
1422517226
166247169249
01792182
1058411085
9120892212
191177196178
167242169245
41254526
2518028181
1862518927
1358413886
1317317174
417458
184211187213
126213129214
1181612217
8522888229
195179198181
213514
01633165
49315233
4520548207
1502815330
178166180168
63256627
170121172123
15211723
62476450
101157104159
67546956
79468347
6010763108
2717938179
95219100220
85768779
134186136188
58916392
178248183249
144152147154
131813212
923712239
6413565140
181234183236
134123137125
130172133174
12371278
180197184198
1119411496
4422749228
2614028142
02063208
32433545
9523097232
138124140127
01112113
149162151164
184117187119
123140126142
415446
46795180
18512152
6321767218
6521167214
120144125145
8221585216
4813750139
1802918132
1583316135
2417626179
55775879
32358236
67467247
41897191
34823684
153160155163
2124524247
147144152145
181114184116
198216199221
109199112201
210233
8015782160
1607216374
4815549158
74767678
1693817239
102180105182
77227925
1967719879
1661716820
26292732
151152154153
179223181225
5913562137
1734617648
87379039
1266113062
1947119673
1656717068
1498715289
127105130107
1543115733
810011102
1519519196
1684517047
1594816051
5324756249
133204135207
1546515667
188142191144
128813010
42426244
187155190156
2823931241
6218565187
9371139
2811833119
15671599
8915790162
19272032
192153195154
181168188168
189233192234
131183134185
46894990
70747277
1608416485
63866688
7319375195
112240114242
01913192
120168122170
01773178
153183155185
6420268203
6020363205
1667716978
1799018491
124199127201
4710748112
142914610
81718473
5119554197
1859019290
1743217833
5183
964510046
0225
3010331108
11761379
190203
9715099152
156219159221
1415314455
1478315284
193166195169
154188156190
1014410446
147245150247
116243121244
117131119133
88889091
15001522
83639063
6520868210
8821391215
943966
3811139115
52845585
1854319044
3623039232
8719690198
27963098
7710279104
150221153223
5121453217
174178176181
1557515778
170164172166
46255126
2019622198
518710188
165158167161
166150169152
19852486
1774018740
15151717
160204163206
159123164124
1374613849
3323635239
599962101
1078211083
1153312034
163172167173
6515867161
61416442
1275412956
3916441167
1965219954
116169119170
4918951192
6315265154
154127157129
1914419446
1236012562
172206175207
2615927162
134162137164
8117382176
1955819761
32286229
131158133160
149142154143
104202107203
77728074
1902819330
9111014
1032210623
62836485
10931144
35384039
1416917171
42079208
185172187175
9213493137
9622599227
4311946121
130240133242
173131175133
7510079101
6612469126
1841818720
7224474246
24692671
111113113115
7920281204
8115283154
92369438
53405641
48765178
18501901
4424047242
27113012
132176135178
68147017
1288013381
1432514826
6420468205
166128169130
56895792
176103177106
73197521
8461048
4020843210
41124413
160210163212
1831519015
1505915262
134240139241
122102125104
1805518556
125207130208
9119694198
1472814931
86408942
02391242
107226110227
529831
2610029102
93979798
1622916432
7520278204
1294113243
2512036120
1517815480
1602616328
41929193
1644916751
1017412176
184124186127
80528155
7322575228
8314986151
107171110173
43314534
185244186248
9312296124
21596160
1256712770
9961298
3710039103
124228125232
177226182227
3320636208
83648666
153125158126
53155420
28293031
41668167
6613468136
1913819439
713310134
1572916130
190179193181
80848287
5814261143
8620889209
1095911261
2420526207
2721929222
189235199235
2421627218
98195103196
133222136224
48915093
28833185
98839988
3419336195
116120118122
4112944131
128127131128
196115199117
9320397204
8823891240
1956619868
1072110924
119218124219
183159185162
1478515286
80608263
154243157245
137222138227
15711594
153155156157
1714217444
130195133197
125238128239
31913493
6022561228
1218713191
33233426
7111676117
156117159119
107237108240
1475115053
5613558137
140206142208
187226189229
9931025
720410206
86118913
161243163246
6318066182
137128139130
2517028171
3115833160
1887219075
181124183127
1572615928
146210151211
2018824189
187137189139
02362238
3420236204
132247134249
187232188237
16561679
129215132217
1539115692
37294031
31816183
19561978
107196110198
164168167169
1917319278
44714872
1889819299
1898019282
137107140109
133137136139
154246157248
1652516728
177179180180
4021142214
5420057202
1613816242
1772317926
2219024192
1538615688
168157170159
80908391
169134171137
150123153124
131226132229
2420826211
9310495106
183109185111
193144195147
5023851242
140114143116
176219178221
8121885219
1778418085
146190149192
53465647
1542715630
3623340234
73467549
96549758
120181123183
149149152151
5616958171
13399135102
48475050
2518428186
109192112194
1416214463
46484751
3824140244
09311
135191137194
103232106233
167238172239
117138120140
187151189154
172112174114
4516247164
181195184196
1920324204
132154134157
8011281117
154109156111
36494050
189222192224
1464514947
3812640129
7324075243
126145129147
1138811590
2420027202
4111344115
1146611668
1381014111
1122911531
107182111183
38174019
148186150189
7110074102
1688417186
72357636
9416396165
373576
79378338
175182177184
8317384176
141241144242
1219414197
69847285
87649066
67337034
1203812340
5420359204
22096210
46735074
166228167232
18281908
1017112173
136179139180
9517197173
4210445106
59476149
690770
64926893
1753017931
1102211225
1818418486
21642366
61116413
7116073163
42036206
2413628137
655858
1859618799
77327934
115175120176
4621949221
22972698
809882100
5416255167
185145188147
2218227183
3022732229
125195127198
186108187111
1822619231
168229170231
55515853
319834100
5420657208
174173177175
119109122110
2319526197
115152118153
175135180136
13761398
158175160177
185187188189
139144140147
65896791
21812384
4012451124
3811641118
141190144192
7613377138
3224037241
8711288117
1044710749
17701792
1912821131
1174212044
1964819950
3813139136
6312865131
159112163113
195222198224
10499107100
1127511776
8916990173
1283113332
356558
15599159100
1123811639
6913472135
197119199122
3822140224
21622563
154104157106
91789380
104195106197
23413041
159114162116
1323515238
21406141
9123395234
2911332115
142104147105
53815683
60216223
155209156214
1858318885
3914942151
179121181123
1048610688
9741475
1258712789
41784283
168167173168
180192183194
1918121183
1562415925
1474815050
1132211723
33713474
170154172156
84908594
775807
816311165
8716790168
169105174106
116134120135
90259426
1954519847
164242166245
13621664
194118196121
117103121104
90209223
135110136115
31096111
19701993
31723277
2723432235
157215162216
8516686171
6820671207
91499650
13122012
2821031212
2224123244
5511462114
1735217455
8922992231
1751417815
164239166241
69927493
83608562
143205145208
1636916671
167202169204
129161131164
135154137157
184176187178
76207921
1647216873
178103180106
103187108188
115158117160
109243114244
1622217222
155142157144
4216547166
1341113516
1011212114
70247326
189191192193
144219146222
5624158244
1335713659
193186196188
192189196190
5816260164
1414416146
170174170182
6311466116
19641995
176212178214
1912319425
17131728
1715720159
122163124165
9399611
133218135221
1413314435
45524854
41556158
5723968239
46834885
101207104208
137158141159
4315946161
1621216414
01591162
70527254
107204112205
168224173225
1273313035
143108148109
991410116
1824019243
1447814780
1342313924
158202163203
2821331215
119196122198
186101189103
36543856
1153511837
4614649148
190227193229
115245117248
42664568
1251712819
71209123
123112126114
196126199128
1974019943
21752476
1336013661
1447414677
1821921221
105119106124
9623398235
71577658
5321855221
48235124
98137101139
32623564
121171123173
1066911070
2924732249
9117092173
9321294215
8614189143
2817230174
22262528
35973899
1881619019
182120184123
81398342
41776180
2612628128
118191120193
125163128164
1416317164
8217784179
172136173141
11663169
107120111121
491694
98156100158
67426845
4314944153
01452148
121132124134
72797581
17812082
170188172191
1377814080
122212125214
193157196159
3021832220
8622088223
3524237244
113152114157
75137815
41526154
74227625
135199137202
1815021152
116184120185
7523477236
1483515137
153181156182
4014642148
7723884238
1241312615
136119141120
1422015224
1456315064
41685173
164203166206
175245177247
1415516158
3721739220
164111167112
9099212
1247312874
8211883123
1755517857
181203185204
02122215
114144119145
193174196176
17361767
149130152132
49910
63286630
4216244164
128126137126
1104311246
1695317255
179149183150
1222013223
7618080181
7801082
1039610698
4320444207
1683017132
7524476248
174109177111
9291131
37324233
1187512177
139150140155
72327633
9761079
683985
1615516457
117207118212
1422114523
127110129113
1509115294
8818490187
28913093
108142111144
197187199190
147170152171
97120100122
115136116141
38684071
8114385144
19231955
7822280224
174235177237
6815770160
19699199101
01425143
8922092221
4911952121
61966398
1814020142
1663316835
120238121242
70647366
2924534246
7120578205
138247141249
5613361134
1121711519
121199123201
109132112134
1385814359
29583160
4112246123
1503115333
1693517137
82958597
52119212
188118191119
22372440
7323776239
7119673198
524512245
5710859111
37344235
1411715120
8723589237
44754578
111149113151
8418787188
35903991
1581416116
57816681
1651016713
1658516788
1134411645
195149199150
27682971
9116593167
1118211384
136219138221
45114912
9961009
1810923110
01855186
64947294
15562057
128188131190
5311857119
194219197221
9514899149
7910981111
919411197
108202112203
94439546
127170130171
185195187198
1887619079
1079411096
49185220
4122142224
1924919551
16961997
19342137
120171
7118876189
11451646
39614164
1243712739
1126511368
4016842170
5012955130
9261228
8016182164
1593816042
153164155166
117222118225
7321775220
191164199164
7715979162
56336134
1775018052
8419686199
26273028
147235149238
160219161223
166100168103
4823949243
106166111167
141151143153
159170160173
723210234
158103159106
157107159110
108148110151
98244100247
162100165101
136100138103
137186139188
46644867
8523686239
156112158115
102235104238
146120148122
57445946
8722489227
1362714028
16031635
3519737200
1491715219
5423457236
3518037182
1519422194
166153167157
6821669219
1420317205
4719750199
26602863
1942819929
1722817431
144149147151
197919911
1578415986
1797118174
7717880179
196168199169
1320616208
13251528
60246227
3017632178
596897
1468714890
70557556
143200146202
189188191190
103106105108
1969419996
166126175126
21912493
811610118
1361213814
1601016411
3818141183
6513268133
1462114824
185163187165
1416117162
1005010252
8919092192
137228142229
167189169191
129120134121
8211285114
107209108212
4721150213
1012010223
137113139115
130432
7618279184
43234724
13531375
127184130186
3315235154
32853488
179206181209
93205102205
1564115844
841864
174817610
4319746199
47384941
68357136
91899491
169146171149
1886419166
01660173
188163195163
51915493
118235120237
1101411117
120111122113
4013542137
2414931149
7714480145
1655616858
2024121244
194106198107
1426914571
80818582
6610768109
90819284
191184196185
8415286155
9120492207
1867118776
9519597198
7014174142
149119151122
1796018361
1791618119
150227152229
14761778
409843100
112111119111
42634465
13602160
8823290234
15431557
174107178108
977810279
18152117
150173151176
150212152215
91719473
36593762
1774317946
162104172104
152209154211
7619076198
177116180117
146203149205
24492751
77777980
132208133213
1396414365
7516579166
4115842161
7912682128
1576916071
179217180220
145230150231
101209103212
5011553117
550582
1682317125
150183152185
11471350
2314225144
1818423185
1916019461
121138126139
462963
1793318135
6216765169
3612337126
99185102187
155167156172
1902619427
6821371215
197236199239
1317220172
32134218
1022810333
105132108134
2518828190
6722970231
156229157232
1369313994
158247161249
91179419
5022854229
6317766179
178154181156
105234106238
1116911471
1315813262
9415196154
102137104139
10601263
1614717152
2916831171
2414626148
16851708
3223034233
172147174150
97519953
25522655
7411043
9421696218
8016882170
32593561
1135711364
3210132108
6017962182
6812069123
6917274173
2614329145
6615171152
3112834130
4920559205
57126014
1536015662
63656666
056258
1284913052
4415547157
124226127227
992510128
28383040
32563458
1362514126
2517227174
6023363235
6624468246
1271312916
66696971
125215128216
1253312636
172201175203
153131156133
3911942121
186148189150
157168158172
57326432
1696117262
2720629209
119155121157
2312925132
1386114063
50115214
1914119343
59836185
119230121232
170242171247
9323594238
109233110237
9315995161
1697217273
148152150155
1827118374
4915951161
7921084211
5410956111
6311165113
3814441145
115209116214
131106132111
181212183214
146194148196
718212183
147146150148
192170195171
123118125120
128195129200
145239148240
