1792
8212784130
4816950171
46574860
192137195138
6014861152
111192113195
95589662
10098102101
89759178
9122093222
11221154
122164130164
5420061200
105161110162
192145194148
168213171215
1827918581
146116149118
179244184245
170218173219
13041326
27463048
5112454126
154244157246
6812473125
2917332175
7713480136
972210023
43654468
11851885
1649616797
1501115213
2716332164
103175106177
84528754
2014524146
1041110713
2619928202
135232137234
1372613928
7017972181
110246114247
92164101164
919213193
146200149202
2413327135
66776978
9761079
96145100146
1713517337
122216125218
137214148214
1132511826
5124754249
130179132182
3615339155
7524378245
49745176
1905019352
1524618247
1856718869
1822818430
9111093112
6013563136
4522048221
126151128154
1402314128
52445446
6914071142
106156110157
109197112199
1418317185
178224180226
3811541117
111149113151
5423559236
192227195229
117102119104
65866788
1807118373
1785518256
19442246
1816318564
22192520
1293613736
118173121174
22152716
5117353175
1395514257
46614864
168125171127
5317656177
171206174208
5814759152
4711949122
13251527
97719974
4616649168
162157165159
1162211824
3221237213
6616368165
9222695228
54565957
91529653
1113114133
96169101170
7731075
161215163217
133125135128
104146106148
108129111131
113111116113
115203118205
151164152167
4019541199
1109711398
134240136243
29103212
151198152202
1037710679
036537
46494950
1562715730
106107109109
171151173153
166121167126
117130120132
144119147121
1191712119
1416214463
1652816830
6517470175
181209182212
8623588237
27263028
1338913591
180132183134
40714372
62806482
61666467
3515639157
109110112112
23542556
1515815360
1917321175
116249124249
1246312765
85468848
1126011761
244276
1501515516
8523087233
110218115219
1702917331
173140176142
187238190239
127161129163
817510177
132156135158
4920552207
194139197141
9117593178
3612139122
76958196
183238186239
1286913170
6911571118
163243166244
1441614718
1466814970
179191182192
151149154150
26652867
163103168104
129245132247
1937519479
1154511847
37904091
1244
6918574186
1615416357
1151711819
8381139
6216865170
1912923130
820711209
1612318125
116178119180
7818480187
153230156232
19181969
137158140160
7423077232
169237173238
25222724
1731617618
162205165207
5319256194
1158711789
8020982211
8018085181
1787117975
8315093150
17781809
01392142
5320854211
55345639
1962219923
1522518227
1101811122
21533158
6620168204
156117158120
88819083
75327834
1616316465
129206133207
160124162127
01833185
121245123247
114191117193
17351767
52625465
5710259104
1867918881
191152193155
1052710829
21172618
138171141173
1852818730
137143139145
33823684
1125311554
195232198234
1516317166
136178141179
4519046193
1857819278
1406414366
1572215924
1163211934
136100138103
96109911
1963619839
1913519437
160114163116
1834518746
163168167169
10399106101
111160113162
1652416727
171103176104
1303013134
75497751
21764178
722753
81828483
1861918821
107151110153
124243126246
23812782
116231121232
540563
1924520249
1816322164
1617816479
4210245104
1488515286
482784
61728174
3423737239
1461914821
1719020192
134208137210
4222044222
2316326165
7716380164
18412143
169114172116
154179157181
103102106103
1517318175
92779479
156141159143
191220194222
142129144132
3820343204
108224109227
257288
69327234
103108105111
5124154243
121220123222
6124764249
1745617758
1122011721
1405814161
33313632
96227100228
2219426195
144138149139
126207128209
3624239244
78648066
59366238
186232188235
104131107133
1467115172
5016653167
299831101
19221945
155161158163
6021062212
21144116
5221254214
1366713969
997910281
49815283
9010192104
8923591237
081383
180160183162
184182187183
1757717779
161201163204
5618559187
12601463
129208130211
3115634158
174234177236
22332534
1776817970
1074811050
180200182202
2617629177
83868588
187188189190
117235119238
168231173232
51868188
5121753220
5614058143
1811821120
1449714799
4419645199
1593516138
1587816080
1203712240
43515151
1522315624
3119233195
134106137108
4321145213
1423817240
1673217034
8020382206
110220114221
12871318
1957819979
118164121166
6419972199
107203109206
6623668239
716910171
162160167161
48255127
84498751
150151153152
95205103205
142125144128
106213109215
53123
157192160194
159174162176
85238725
102157105158
180150183151
54775778
164186169187
1658616788
8320286204
60256327
14641496
114184123184
1010014101
91699372
1132211524
167239172240
187173188176
1624116543
24302732
114185116187
01653167
184105187107
8122884230
96839886
1539715898
102910610
549959100
43744577
176134179136
1715617359
144208147210
6120263204
1708217186
168152170155
78448146
3613338135
187127190129
1221112612
1085111153
124204127206
9801381
110244114245
1034910651
55805684
1691117312
1036710669
34283730
1617619178
1351914020
189131191134
122114124117
188121190124
138227141228
150237153238
15031526
75687770
7812281124
171121174123
7851087
1656116568
194104196106
104212105215
114123117125
9024895249
48235124
40654268
149174151176
1969519997
79128214
7121014
52945596
5014053142
1612716428
1806718270
161177163180
6811969123
2518026184
6924472246
7722780228
1825818559
1977319976
61736674
1368613988
2320532205
4021142214
1346213665
102166104169
80228225
2712028125
18192120
181249188249
428730
2912632128
86138816
2922636226
1423516237
1922422225
163218166219
5421656219
824812249
15111714
174153176155
1445014653
82718474
8720790209
178122181124
8317387174
181229186230
1011112113
1817618478
4612749128
3986100
77898190
6413765140
1261812920
217249
0041
1204812349
180115182118
2723929241
1689817399
191121193124
1294513246
133197135200
150136151141
183115184119
9115793160
2124323246
261283
2515328155
190170193171
36423944
4818151183
183135184139
163166167167
1723519237
101186104188
102137105139
129169140169
58666068
65556758
10031026
2410927110
155182158184
2023023231
42154517
2622628229
51757177
78678069
141196144198
177215179217
2010923110
8721492215
1510516110
5212755128
78588060
1269712899
1106911370
1372914031
85109011
83238426
166198169200
53885689
1317913680
179176181179
3922041222
123188125190
3620939211
1063910941
4621649218
192167195169
103227104230
4419448195
159161161163
122214126215
190198191203
112127114130
8601162
72009203
1809718498
41134614
103180106182
1623316535
134187137189
1204212344
261464
1965919961
9016892171
01623164
41676169
172197175198
183192186194
8715190153
6311166113
183209186211
18410
195222199223
167138169140
1549115596
1620417209
1371314214
33743576
120226122228
6314166143
49565159
152196155197
192244195246
17611793
2717030172
122231125233
1698917490
7817181172
1654516847
8821084
89849187
992410226
165237168238
12041226
313515
4613849140
37384040
67596961
2921832220
57326233
63366837
101118105119
387689
146224150225
156209161210
1942919631
23432446
75427943
1719519197
9119893201
1608316484
1768117884
1649816799
185116188118
139201141204
14131445
1651616817
110136113138
133190135192
154167
805837
126210128212
189821100
867972
4211245114
154167157169
177115179117
50485350
173125176127
6286411
187240191241
162237164239
193181195183
44964699
6318066182
70607361
97184100186
88579060
178129181131
295327
191103193105
144217147219
34543756
1342713629
103219106221
135913712
52245526
99189102191
91829882
168203171205
9523798239
69257227
7817579180
6115966160
633935
1752317628
74357836
165150167153
1885619158
30903392
6621868220
35943796
86268828
3422236225
8941196
502533
4212244124
3314436146
124151125156
6511466119
1218213187
136123138126
95909891
7820081202
187148189151
1586516067
2417226175
7518477186
196136199138
01284129
8421585218
1159011792
107187110189
157155160157
15622063
15321573
150183153185
1313713339
1793418236
149243151246
2918832190
181213186214
2820930212
22622564
4216545167
2123926240
3023133233
2416625171
159228163229
902915
19812283
1437914484
1853618838
1603016134
5712259125
32183520
1503115432
7022671229
138140143141
148122153123
1772518027
2824431246
139215141218
92199720
1824218743
17741825
80618363
43534854
98244100246
065466
167207170209
1686317165
02123213
47725173
1565615859
66626963
56716172
147190149193
117209118213
127175129177
194115196117
160232163234
1594616149
1038910492
1916219663
98229100231
152139155141
122194127195
1857719277
2920131203
153116155118
534566
11733175
135223138224
139224142226
136148139149
54165619
4324147242
9712099122
6510267104
5722859231
2424527247
180203183205
4613147134
18102211
713110133
1074611147
186200189201
38264029
148199
48894994
78498051
2918231185
1118814190
5214355145
7124174243
68666969
192143196144
118125119128
155107158109
1055510857
156147160148
3010333105
1875318955
2418527187
1538615688
16141665
1847119371
195177197180
1811319117
172137175139
133218134221
1597216274
99136101138
78298031
99241102243
143191146193
37824084
998210087
190144191148
1159311795
02244225
124220127222
9422197223
146220151221
2912934130
2213825139
159220168220
6010162103
148218151219
156197159198
106172109174
8517890179
8521186214
1409614398
125120128122
7913780141
9412997131
6524870249
197145199148
174164175167
1373913942
7319878199
3921742219
17321754
1392214822
126113130114
68517153
1301313514
1432914433
3811041112
157203160205
29153217
1511917122
4222446225
7823182232
53815484
1258412886
187184189187
48555955
1306313365
44234724
6315165154
2021322215
187202189204
113811510
169817210
52288230
8720490206
1766117864
1926419466
133147135149
20712274
65936994
26622864
1569515996
171132174134
1016410466
74597661
38544255
2915231155
85648866
722610227
120185123187
1773218233
115126117129
140142141145
14971529
1928019383
1852619027
7611079112
3120933211
992710130
1912121124
123142126144
150168153169
65467047
151111156112
1018710292
044346
13271349
17962197
15331636
47354938
150115152118
1503315434
712310125
5924461246
2013523137
11174118
1656916772
1098011083
53335438
1056210864
1935319555
1237312674
7412578126
146106149108
101227102231
61019103
154130157132
15821605
109179112181
1624616448
187142190143
52755378
1331513716
19662268
1019310494
1833218535
113211116212
7019275193
664695
2810930112
24832785
02142216
1281513017
1494115442
1645616758
497529
109140112142
59206222
142220145222
188245191247
8212084123
189162192164
139180142182
175119180120
76108
8014382146
8631164
128202130205
14401491
23732675
8814492145
1974619949
1038310585
2511330114
143134145137
1818618488
1188712388
12471278
16101623
63497049
3117033172
916714168
85728774
9418197183
1154111942
1891519416
11199115100
12151517
1221312415
4414649147
3915839167
5721959221
18161829
5685910
1602216324
14201622
176112179114
6921974220
776881
196216199218
143211146213
74737774
1014510248
145177150178
163226168227
6815270154
70367338
196120197125
6420767209
5915662158
2117924180
196152199154
6122662229
5524860249
25122813
5021553216
1216314166
1965319955
94499651
51665369
2321325215
7615581156
78537956
99232102234
3220134203
4312645128
927959
113102116104
139115142117
1905319255
133137138138
72757577
61396441
125124128125
1812518427
3218433187
1275613058
105183106188
8322088221
183164186166
1920322205
9316895170
11251157
195194199195
7116273164
171100173102
9117396174
110172112175
124199125203
11921493
1617516676
63226624
1408714488
1883919141
1519616199
41944695
176157181158
165146168148
37734274
3714439146
4619751198
160140162143
8817390176
36643965
74667767
125169128171
34373640
150133159133
2824335243
1093011232
119122122124
1763018131
189232191235
1926719469
2113126132
1754217745
65286830
92839584
167228170230
5512666126
5222454226
4619949200
12701293
131121134122
5510756112
43334634
3210041100
4014943151
60286429
1411417116
163133165136
43254627
2621328215
5522458226
2322625229
1455914761
1038610588
51207122
195110197112
6219567196
1851418815
7523677239
143223145226
105166110167
46875188
1615920160
1196312265
142122144124
7418976191
178227180229
103241106243
1615319155
176176178178
98192101194
1157611779
169135171137
1025810759
132100135102
156218158220
1665916862
8219284195
1889019093
187217188221
138105143106
158206161208
157247159249
1927019970
1458414786
169128178128
196244199245
151103153105
30563357
1444715147
103210106211
176166180167
7620679208
1911719418
1974019942
1444814749
9151117
163138166140
17381769
37594060
1395414654
5020053202
153194156195
39224125
160246165247
1521017212
127217130219
6410667108
01881192
144100146102
18301881
1623616538
1823820240
1025510457
2692811
1714217444
9417597177
7017775178
84208622
52585461
119203122205
4718850190
166158170159
6510070101
140220141223
2410527107
40864388
127110130112
21355137
140229142231
139133142135
735766
6518668187
67706972
5013752139
1506615170
7213075131
15001551
181106183109
161105166106
92109512
107239109242
1477614979
6023063232
161147164148
1452814830
160249171249
2718128184
7411677117
1117311475
123226125229
6718069183
717910181
1634916651
2414227143
138128141130
138161141163
63536456
131110133113
2719330195
11871887
205236
23602861
5219654199
1947119972
7621681217
7124774249
175205177207
139164142166
7411376115
149144154145
1728417586
2557
65816685
52715573
42467248
6916672168
168149170151
11999121101
1813419137
167193169195
24702772
137146141147
23782680
1932619628
137174138177
147186149189
27393041
14231724
1344013643
158113159116
1663716939
1919019691
5222255223
62439245
50925593
4014045141
96129814
5511360114
1817021171
1944519648
29863288
141157145158
112131116132
2215623159
8314685149
126100129102
88509351
8011183112
1691617217
3724539247
183146186148
196227199228
1418914491
122223125225
7722080222
7118274184
050252
5310356104
1052210923
1110714108
7317975181
195203198205
6419367194
184149185154
8519388195
139124141127
1835118456
1785718557
154152157154
6323765240
140109145110
1488215184
114160116162
1458114783
1379313995
3722640228
1307513277
9113092134
53135615
189211191214
1114414146
9216595167
7618179183
113173117174
1313414137
82179217
57895991
72537555
968999
160165168165
9216195163
5016454165
113200116202
183231185233
167210169212
86418844
41304332
8201321
110210112212
117185119187
879890100
87699071
152161154163
80538156
101146103148
1851018812
959999100
1145511658
1911019412
61928195
229926100
168166170168
169226174227
4320948210
3923441237
6617769179
1916019561
119152120155
126165130166
1221812519
9410796110
118175121177
02312233
1332313724
18122213
199719918
1324713748
1322816230
163119166120
1492415127
197171199174
1642016623
174239179240
153164156166
126172129174
1316015162
6819471196
9412296125
2011523117
75377839
1284113043
39964199
111189115190
1315113452
8918192183
1275312955
182124184127
344376
1908719389
111120113123
1457314875
7120174203
41894391
592623
3112033122
144152147154
194107197109
176218181219
10261229
51146119
163170166172
193212196214
1387514177
18199184101
170187173188
195224197226
159149164150
198175199180
7814982150
100212103214
4694812
8719690198
117136118139
1265912961
1877319075
4111944121
111156113159
129152131155
167110170112
109207112209
160248171248
1126511368
966610067
100208105209
1492815230
1418617187
41284529
1186712070
1702217224
2120624208
1831918521
167156172157
145127147130
97107100109
1326713569
86889189
9610199102
135161137164
712910130
56855986
146110149112
2912030123
1471314915
124183127185
130103135104
6018462187
6318366185
16361659
8610189102
2110326104
144103146105
1218412486
1791918220
115133117135
5616959171
4812350126
1177111973
5721762218
690721
138107145107
117119118122
1406714369
7613178133
1153611838
196131199133
1398014282
7122173224
31396141
137246142247
1733918239
77557763
1299613298
130175132178
45814882
775798
14791681
114136116139
9412697128
429643101
155227158229
75197821
120149124150
1142711729
1685617058
2820630208
1104311245
5123156232
113206117207
1068410985
1011413116
1748017583
1883219035
188107190109
162121165123
170234173236
1791018112
120157122160
125180128182
8011681121
70567258
61968198
1113711240
182176185178
1252912830
18597187100
29723076
134201138202
1484915150
1537615481
21232326
32435245
3410537107
12311434
2015323155
184108186111
920943
2219623200
140119143121
184196186199
1289113093
5524658247
176137179139
2418826191
3810741109
5612759129
3422937230
6422569226
1555215755
103232106233
8617089172
4094510
1245612658
1129411496
4520548207
7420875211
3417036172
1012210423
8614789149
7723380235
42614563
122234125236
173112175114
5311354118
71397440
70227324
175181177183
192131195132
1387014570
8016684167
1409214394
1089011092
68177119
142146144148
172109175111
187179189181
19898199101
41647166
6214864150
53305632
150170152173
165208166212
5622259223
18232025
413412134
148119151121
8516586169
1919419397
5519557198
6224263246
16751707
183200185202
7910182103
140614110
170105172108
3617538177
46284930
196167199168
1011210315
80408243
1343013633
3916844169
8823190234
82898591
62926494
19482349
150130153132
4514348145
1444014742
93879689
1315515158
10821114
8018987189
3017633177
149203151206
107221109223
172135175136
102170105172
119145122147
51996203
1906419168
576617
3419537197
107180108183
1851618718
79178119
1104111442
718910191
5024453246
171228174230
5418257183
107233108238
104134107136
179141181144
8522686229
178174183175
130172133174
6014665147
189223191226
01501154
148113153114
111124113126
8113582140
7510778109
185136187139
133177135180
1427514478
1736317566
138112141114
63336635
160133162135
1121014211
11651367
4213644138
157164159166
2621628219
28293031
8522388225
122165125166
187165188169
74927794
124196127198
184112187114
4623049232
1410216104
1483915340
5516458165
8310085103
180196183198
4710050102
1576216462
157195160196
16901991
140149142152
1154811751
01115112
134165135168
6121464216
1299914099
82458448
4210545107
5914062141
2124723249
147142152143
3320437205
33863688
6813968146
174115176117
118206121207
7814279145
1323115234
1508815290
42525152
24352737
152134154137
2410128102
112107119107
1446614967
105190107192
100128103130
11111413
99219102221
17499177100
133185136186
1794718248
16491851
6361137
6716170162
1102311226
177241179243
919894100
139209142211
189176191178
1347413776
1485615059
9623298235
127199130201
16701780
150106152108
6613767140
4516048161
105142108144
41705174
1763417837
57956296
55595762
6918771189
1015012152
179148182149
2219226193
110239111243
149222154223
121167126168
096299
1334413646
1059210794
1779518196
1951119813
20352336
10411073
192149194151
1672016923
7010272104
3224433247
77788179
33103611
9721199213
172201174204
19801995
1696017262
190165195166
1449314696
1123513238
1235912562
148179150182
125248130249
184226187228
194157197159
74227923
754957
185119187122
163188166189
1255212655
1472414827
171119174120
6515568157
1243912741
1073411534
7514077142
115220118222
8324288243
8115186152
152233155235
5916262164
8712990130
458760
20892391
7422577226
63316832
8921693217
976810070
6621067213
2919732199
2813330135
1408514486
4414849149
9418897190
82958498
113209116210
896919
7219474197
1755117853
127231130233
1176311866
2823529238
56405942
197206199209
2715630157
146158149159
177145180147
1743317538
714010142
823110233
1298313484
13651397
347369
134183139184
54205622
11306131
152239155241
9624098242
10301730
152119155121
193196198197
816411166
1207512377
6913976139
185123187125
5313655139
196229199231
1772818129
2020922211
194198197200
45834885
139138143139
1318913294
257360
94219623
168120170123
1207912381
97959998
189125194126
159224162226
31796180
71487450
185126186131
3024135242
104128106130
3618339185
129149132151
1519115394
4216044162
145124147126
114228117230
146183149185
198239199243
41374340
8724689249
1883019131
70627363
1405114353
720512206
28243325
975110052
7210674108
1785818160
6820770210
103149108150
595797
1247812583
5417859179
29423343
191206193209
3793911
1622916432
1432314625
8610989111
175121177124
19495195100
1310914113
6123562240
23593259
4415047152
1787618079
3323538236
128195129198
98177101179
32213423
58116113
64256727
102216105218
155149158151
136215138217
1497315274
1111716118
5116855169
153201156203
986310065
2921331215
6423266235
1884519147
136165138168
95559757
1321013412
1923819341
5022251227
1117714179
1024013242
