1754
2821630218
4015242154
41904492
21525154
182137186138
4514748149
108105111107
1415014353
1821520217
197155199158
026130
159219161222
180112185113
4811953120
179141181144
6422967231
9623798239
6914471147
1214714150
8016583167
52216224
1199312295
8510487107
125225130226
188200191202
46365037
62506751
191162193164
160108165109
02193221
6019763199
135222136225
7716882169
37844086
152221154224
1876619068
3521438215
19631995
1712217523
6313566137
65597060
6211363116
1176311866
5021052212
72397441
153204155207
182120185122
1969319995
82369239
104145106147
1086711169
72167418
1114516146
1088711188
8916993170
2511929120
147100150101
177226179229
1617517178
81228325
121107122112
120135121138
59766278
95979898
8510090101
5011452117
1617218174
6815970161
11663169
41274429
818710189
33494049
4914452146
11581460
103112106114
78108510
7771278
161916411
181178183180
165224169225
1196112066
1062610928
183104184109
115161117163
21935195
183116188117
5120153203
191230194231
1573215836
111233113235
689973100
7620778209
2513728139
6615369154
121221123223
74507653
62266330
22962598
107162110164
2111426115
148241151243
360662
1015610358
14461546
137215139217
196138199139
95249826
713411135
83688670
65816686
16731705
1717217276
1274813050
1311316115
186210191211
7313476136
99116100121
150199153201
7124376244
141149144151
1415617157
1526515567
141104144106
2823932240
4612149123
1254512847
172126175128
136186139188
4721449217
420443
188169191171
113128116130
144204146207
73237426
1251012713
157215161216
1431714618
3821641218
136147138149
153211156212
90789380
153246156248
27872892
1609716398
171100173103
9815599158
8322684229
107228110230
29493251
49795181
7920581208
189246191249
9511597118
1512116124
8711790119
1195212254
121158123161
1277612979
1223015232
1725917760
1654316745
40314234
41854487
1432114524
9511198113
1924819450
4112245123
1922419525
25362838
9112693129
8220987210
1918819390
8215385155
6416767169
39704272
36104011
130243133245
1396214264
9241824
02312233
73827585
9511997121
70487350
3221237213
6724569248
83858687
12201522
7824988249
175226
145138150139
1794118243
63486849
01223124
3514236147
116103121104
7419176193
53665568
5716160163
6012962132
3814043141
24762678
71737375
2314924152
2824431246
138127140129
01391142
1708817389
1113211434
1517815381
1862218924
1099111194
4720650208
116149118151
150113153115
11604161
187219
2210724110
8214285144
1534115643
9223095232
1676017161
162152164155
9414996152
102121103124
21353140
126125128127
612811129
154201156203
1288013182
3217735179
1182512028
17461856
2418526187
147197149200
1182912131
85939293
1369914399
1488815389
179137181140
133112135114
135208138210
101192103195
128205131207
95509951
1055110853
3022833230
2312226123
151152158152
7510978111
160102163104
12711302
166107168109
579962100
4622948231
141102145103
114111117113
3010335104
187226189229
178208180211
1116414165
52605365
85808882
4210444106
1514717150
1927419775
1463314836
7224074242
56525954
135189138191
330352
192219194222
1012910630
1233912840
7023575236
1346913870
1305513257
02282230
183239185242
16801883
6112364125
156195159197
151103154105
137243142244
143445
169150171152
6813073131
141115144117
1966819969
187223192224
1464714949
10771118
24502652
196108199109
8915692158
1813518536
166183169185
18311
10611264
119181122183
71458145
144140147141
98142103143
125114128116
152192155193
16561679
121239124240
8623390234
17699177102
178128181130
155160157163
2417426177
153216156217
99226102227
8816291164
1617116472
1418214484
6923072232
186241188244
5714262143
106160111161
6814171143
164104166106
6220464207
98126100128
585626
195221198223
103176105178
1152211724
124159126161
61186320
6113863141
147239152240
134233135238
1722717430
1601916221
4516448166
122129125130
80728275
8717789180
168153171155
174141177143
131157133160
1936019563
185182187185
6115963162
1316816170
1213417135
3723542236
50895291
1355813760
1875119053
1293413236
102154105156
1077010972
80348336
157108159110
3913344134
151237156238
159243162245
6817069173
66246826
43564658
174135176138
108120111121
082285
493794
3110734109
1393114432
9417999180
195152198154
163170166172
172162175164
174186176189
129234133235
122147125148
7217075172
9419096193
6121164213
1415914461
173200176202
19152118
35403842
996810171
179119181121
178145180148
762794
710742
187245188249
2119823200
185103188105
105205106208
25152620
12761299
8619689198
9321796219
1394214144
1748817690
3824243243
132214133217
1221712519
77547957
9318196183
2622927233
157185158189
31636165
9111994121
135174138176
1158611788
1027110672
1768117883
4194411
33463648
746759
18912193
1063511036
186238191239
1072311025
6711872119
5814759150
151140156141
178166181168
4614448146
178133183134
123132126134
1878919091
80698271
182243185245
96196100197
165147167150
117108120110
4917652177
1325013552
3516143161
55365837
107171109173
137162139164
143219146221
1645616758
178114182115
3418735190
29243127
159190161192
7013472136
39534255
195247198249
1235112653
70857287
98243101245
450473
1582416126
1039610698
1024410545
119151122153
57176018
1576416066
36354036
120178123180
7191120
7624581246
719510197
103135106137
78858286
1867518778
37274029
156105158107
143172146174
173165177166
2916832170
82298531
154108156111
4723249235
230433
1915119452
1094211443
1332313724
12411542
29423244
9210593110
176122178124
172145174147
17621794
1715017253
196140199142
15941616
97819884
171106173109
141201143203
108110111112
161175166176
8722890230
02363238
9911023
128201131203
5512257124
1964619947
179206186206
1183512137
126164129166
1025010453
1091811120
99248104249
109143114144
1153211735
5317956181
76897891
8721190213
162219164222
24402742
132174134176
122217125218
51196124
104194107196
4594614
127130130132
8123582239
3215435156
1563715840
31254128
1851818621
57476049
1551315715
84658767
106177109179
5314554150
159193162194
174195179196
157235160237
115126118127
1723517437
1252812730
3323436236
3813546135
2812633127
4710450106
128195132196
1476815070
3717939182
1597616179
1311016112
158159161161
125105128107
471773
9410797109
488690
159239161241
8211123
114203119204
62886590
13601382
171138173141
159917102
126236128238
1422017221
126122128124
9522698228
186179189181
812844
17422043
2024622249
1863218735
8022283224
6315066151
1781118113
54605762
36333934
1891019411
1683117332
9219595197
64466947
9412495129
51195420
176175180176
58246225
189921100
019321
1574215944
182187185189
107191109193
167157172158
1274212944
141167145168
1657217073
103132106134
69767278
1556015862
46254927
1127911384
1161711919
8581060
1045410657
2719629199
174817710
132123135124
165205167207
2322425226
1194412147
1754217844
165191170192
16599170100
18562158
104166107168
6216363166
1091211214
77327934
1966319965
61719172
16412341
194200196202
1623816540
9269310
182166184169
641843
123198124203
1728217584
3511737120
51775678
100216103217
20282231
193226194229
1227412378
9013092133
1320616208
35254026
61368139
127108129110
5311656118
1087310978
2013522138
140109143111
12799129102
37143916
1427714579
109150111152
105241107244
127187135187
1409614398
7113774138
103127110127
41685173
116164119166
102205104208
1575015952
16622063
176214179216
1798118283
51565557
1921124212
107188109190
8420487206
4320845210
166198169200
1134011641
1689717298
1465214953
14061438
1271813020
69927194
7416776169
1110612111
80588261
111239112243
108129110132
1812719130
924612248
9616399165
18642066
4713452135
7221175212
120189122191
118175121177
183210185212
9223795238
4915851161
103148106150
41734276
5210455106
1146711769
5722859231
163166166168
108108113109
125198127200
93569658
109102112104
4022142224
8281130
229926100
186155189157
1957219973
915311155
27153016
99234101236
171184173187
121244123247
1659616798
1091511217
1687417077
119154122156
131110132114
77427944
111210114212
145128146131
68317033
166121169123
58266127
119194121196
64916693
1663316835
125203127206
170142173144
41166118
137238139240
35763679
1521717219
1358713889
155122157125
141192144194
1745317656
109115111117
31563359
130100135101
134162136165
96709873
6322466225
154198156200
10961298
15491851
175145177148
9620098203
361393
184218186221
1892519127
1616516467
1513415436
133228136230
54965798
73767677
1424314346
1368013982
128232133233
8918591188
198230199235
149122151124
185230187233
2319326194
6921474215
1397014272
1211312415
118172121174
142100146101
157246160248
5619559197
4316744170
154126155129
2320126203
132134134137
3324636248
62009202
1408014581
173204175207
186161188164
131210134211
6818270185
3211834120
7616278164
1917220176
236268
6314665149
148175150178
1186712070
1478115083
2783010
90569259
191232194234
172215175216
85278828
110172112174
73647566
151149153151
170205172207
16861709
66666967
140145143146
1834118543
170196173198
1676617167
2721430215
133200136202
84158916
124220125223
149119152121
71617662
104239108240
146102150103
161177164178
91359338
157149161150
421723
113133116134
1616816569
19121944
165101168103
1737217674
1518515686
7217674179
71337336
1064611147
2710528108
193203198204
126169129171
750781
1214812350
6517866181
188176192177
142216144218
193111196112
3918942190
1215513158
151210158210
1524118243
805846
173157178158
8712392124
159175160180
178149181151
129133131136
157459
6810571107
33753478
5418758188
7518477187
1095211254
106175111176
1021811222
146148154148
7318274186
1924127241
4823951241
8015281157
56295734
3319336195
168221171223
176161179163
1492015123
1885819160
183114187115
3710239104
1702717130
148140150143
8023082233
41124413
8924491247
122162127163
1461914821
1974819950
4124443247
2122923232
103230106232
6514468145
1238912690
8623191232
115136117139
1615920160
54295534
1634916750
1889819199
3011435115
920610211
179122181124
168148173149
763966
1469614899
17571867
177217179219
67896894
144111147113
129236131238
37374039
6217467175
110133112135
96145100146
7024572248
2716330165
149214150217
144236147238
9013491139
7713479137
2014423146
7724381244
1684317046
1627616578
1838818690
1525515457
88329134
1362513927
144175147177
103227106229
139227141229
8412087122
3714238146
162159165161
146194149196
158217162218
186212195212
11041126
162120165122
1367613879
5520060201
4816851170
104128107130
107186112187
145228147231
104115108116
94379640
113207116209
197244199246
58966198
4011244113
116143117146
62576558
1278512988
10251327
1579216094
106180108183
155222157224
9114196142
56506151
1948919594
6916272164
6123466235
1041210813
3112134123
21802482
1608316385
4121243215
41305230
120186123188
108118113119
43324634
6751076
8413589136
166161173161
1456015061
1363813742
5421857220
1268112784
1895519257
1921919323
186234189236
136124138126
2016323165
595797
19181959
465488
79188120
1294613447
17321755
7019571200
3917542177
105245108247
158230160232
4115644158
130153133155
5910762109
98136100138
12901492
24432844
87859086
16231646
1324813749
125176130177
8820491206
1132511528
163116166118
3116534167
50275528
1349413697
2319526196
5516958171
6712071121
159209161211
147204150205
8814889153
1185011858
405428
136167138169
150153155154
88648969
1039410895
1011212114
5120554206
2815831160
7919382195
1953919741
167116169118
9417797178
22892491
163156166158
161230163233
128148130151
39774279
1774618048
1663616838
823011232
119149124150
1701717220
134139137141
1746317765
1323515237
094395
1410519106
72717672
1808418385
024525
12791581
6019463196
29863288
1417315176
37514052
24722773
1927119473
110124113125
7321678217
128156130158
4515048152
116188119189
1518617188
7657710
28322935
176237179239
6022963231
41354536
2920431206
1492415425
145132147135
5023253233
113172116174
1696917271
51585659
1447114773
1467514977
143130144133
3719742198
1698217185
1798618288
1120612210
1406714369
1691417216
1807218175
6022362226
4919954200
89219223
9422096223
8918192183
86388940
1736117762
4822651228
5624558248
6510167104
143136148137
83558756
1614516248
171188173190
50425344
21114113
1711919122
167173170175
192205195207
182203184205
41365141
165151168152
183143186145
137114140116
55195722
8618588188
194156196159
118224120227
121117124119
1766917971
49975299
1086511366
1817818380
65966798
34563758
2416426167
150125153127
7018872190
182156185158
2419826200
103108104111
8013583137
50455446
156167158169
185139186142
1513115433
16801731
29703272
127210130211
4318945191
1657016871
154118157120
7316578166
9315695158
47894991
816510167
79938494
159153161155
10197102100
71548158
1717022171
47595061
86298931
8221484217
41374340
141122146123
150116153118
6419467196
1916619368
276577
786988
713110133
1333613539
113103115106
118162121163
5321053220
189244192245
34973799
1331713520
194179196181
27123013
4120343206
1119611399
46524855
3014137141
1269713198
99151100154
1927619777
073375
4521848220
162223164225
3510039101
42934595
1318016182
1533715540
187120190122
8311132
144245145249
92489649
1771917921
02012203
6614668148
1473015032
6524067242
9624097243
52068207
6487
4713749139
197177199180
178104182105
118121120124
6121465215
80548257
95139100140
56735876
1815318455
1912819330
8522686229
10451096
1224014242
148169151171
2124224244
10399106101
2712130123
138241142242
1361813920
62816483
114119117121
8424687248
1622516428
2615431155
1771418115
166163171164
184214186217
58906191
1318314188
785799
1717918182
1756617768
106185113185
434457
184192187193
170113171116
195208198210
067270
71199122
998110084
179177180182
34273630
20442345
1456414866
57406042
182182184185
27613063
125143127145
986310065
187203189206
5723260234
7424777249
61479149
4823651238
1724719249
126180129182
102223105225
169216171218
86238826
3516438166
141179144181
194197196199
819811199
294326
1265813059
135104137107
48865188
1922619527
30684168
1935419557
13951597
187188188191
4615651157
1619818200
5610359105
135197139198
45964898
146144148147
125153128155
5412557127
7919680201
28973099
26283029
5516459165
196147199149
4818251184
9120993212
1518317185
33863688
149144152145
6713770138
1128911394
038339
137193140195
7521377215
1011512117
1585516256
166137173137
185165188167
789879101
1884819150
1145411558
124227127229
9215395155
141222143224
686718
106236108238
1320418205
11401162
111244116245
109202112204
152122154124
169201172202
144145145148
141195145196
6211866119
01018101
1378314084
21632366
9019591198
71587559
150194152196
922711229
194189196192
02234224
4719650198
530732
1469314995
1035910561
4518050181
18321854
18581909
5120754209
7120473207
7715479156
3921042211
5812661128
1293013232
142140143143
36933896
2022622228
19599198101
146246148249
162123165125
191120194122
174109176111
84578759
161128163130
6010463106
26462948
2913831140
32284233
97219100221
7122073222
139222140226
1671916921
99111102113
52458246
1423914342
1921619518
10301052
159169162170
1655916664
53715872
83738675
112114116115
1327213574
136101140102
93199720
1086011162
32005202
10381069
1320916210
171231180231
1777217975
1838118882
4017845179
130182133184
125149127152
9320195203
1864619147
165220167223
185100187102
1189612098
2114726148
193174198175
8516588167
662694
1221012412
1619116294
198181199186
187207189209
1326513567
188182191183
1818721188
1816123162
79898192
1648316685
1361213814
90819383
78638164
716210164
76807982
82268428
94789780
3393512
1579515998
24702871
4419446197
29833285
2324627247
5424155244
1624116742
820861
1555315854
61518153
95117
047250
1810921110
931963
5817461176
1319313396
1195612258
101218103221
35223724
80278132
4119351193
170122173123
1033210535
40174518
120144121148
28393041
53885689
1518215384
202233
6816672167
9313294136
114122115125
113186115188
87438945
134157137159
1253412835
02093210
1913819440
177179178182
111138114140
159137162139
1125011751
1633316536
1148211783
1628016582
6313368134
153208158209
364396
11101412
97231102232
108241110244
1835618657
2912831130
1578615889
1178911992
1221913223
1829518498
167165172166
76927894
1302513327
9513597137
149218152220
5613958141
113197116199
1812421126
144188145191
3910747107
3121634217
64326734
41667167
38224024
5422956232
1288313284
1514118143
38974099
176103177106
7517677179
9111594117
1699517296
129103131105
15171549
1642916731
6415567157
1678016885
72127514
57855988
172129175131
2922532227
1621216414
1366514465
82908492
3915540158
148111153112
6518669187
1331313516
139234144235
48745176
188184193185
2615631157
8924894249
6421969220
6520668208
3215734159
98184101186
154239156242
113102124102
19661998
101116103119
60716373
7614181142
143242146244
164137165141
7161018
9891092
89259227
7921481217
3623939241
47835085
993110232
13861588
112101120101
177135178140
5317556177
123122125125
184123185127
7414376146
33833685
152160154163
71567657
2513327135
191101194102
1116612170
8614491145
1634616548
4211444117
80168317
1382314224
2123425235
9022093222
6415867160
15799160101
078181
110188111193
4794912
1019012192
1802518526
1318513487
3715042151
1821018313
112157115159
67526855
133195136196
1841018811
1493315038
5413757138
170117173118
43754776
9223596236
2120924210
134203137205
4220045202
9015992161
21475149
749877100
1327513577
993310037
1552115822
154112157114
164142165146
4741274
14731495
162210163215
1863618938
987810080
1149511797
166217168219
5520864208
134152139153
8923591237
92114
194235196238
74357836
1366213864
1919519497
178203181205
34653767
3322036222
180163183165
62339235
4617851179
1581416017
1753117833
1149811799
154186156188
22172419
192146195148
47565058
2619130192
22362439
1611516218
1069110893
9213794139
478680
3011631120
2612928132
1813419137
159198161200
82818484
1146111663
175172177174
114116117118
6712271123
3323735240
5018551190
43814882
197110199113
1009410296
1308813489
4314944154
165153167155
161140163143
1379513997
1801918420
419743100
127159130161
1248112584
190179193181
16495164103
7817581176
1462214825
017418
1128611488
182170184172
96147100148
5717859181
186186190187
197199199202
1576715872
3722139224
2913132133
1404714548
166141169143
5124253244
6424466246
138105140108
1697917281
998510088
6016763169
1672517026
4422647228
3510536109
1539015692
130248135249
186175187178
260283
83538654
1896919172
137177142178
3224134243
6124064242
110177115178
13701672
136118139119
67957595
1118012185
183234185237
8118492184
153189156191
319733100
1242312924
2921932220
1188512088
1243112733
6018062183
8814190143
1879319095
02011
7619778200
6520968211
97167100169
1753917841
1074810950
72219224
3619941200
64356637
1898019282
192208194211
140230144231
18299184102
9416696168
6322165223
136183140184
1822218524
103187106189
1131411616
96299832
2720328208
3711139113
42199220
191149192152
3216034162
151176154178
14431645
54805782
2016623167
25792881
1517215277
131161133163
181175184177
181200184202
13651468
164126167128
3123132236
428729
88969099
7815779160
103105105107
84138914
169213171215
1985819962
153194155197
144107147109
7722780229
123181125184
179212182213
139208140212
4118343186
43244526
1595916261
712310125
5117154173
870980
191132194133
143239146241
173167174170
117169120171
1821820221
99188102190
185168187171
1923219932
91609362
3121434215
8321886220
108195111197
68567058
2622528228
151244156245
51375438
83958499
181229184231
101165103168
51355436
107113111114
150182153184
4824855248
01183119
50101
14501481
52297232
713745
110180
190205191209
61448146
79468148
63676570
1216912471
1079611098
189241191243
32454249
191187193190
85208822
4921852220
196212199214
147156149159
1822619230
3721942220
184225186228
95279536
113225117226
7422876230
103202105204
155137158139
180161185162
151142156143
162148164151
34533755
189103194104
185200186205
6914974150
1961119813
182153185155
55435746
69247126
