1757
170112173114
8324785249
4419247194
88619063
1111012114
1666016962
26472850
147203150205
4520648208
1064010843
1259312895
179146181149
54645766
8911893119
175194176197
6812071122
9212494126
32433545
4323346235
57746076
156190159192
183192188193
25652867
1581116112
43464548
1952619828
103197106198
1075110954
1911521118
184215187217
43684869
1872218925
1111611418
150167151171
2218326184
187186190188
118102123103
2810931111
459661
7317375175
166156167160
118196120198
35593861
1765517858
1667416975
167208170209
1672316926
99167102169
151203156204
02142216
135132136135
102199105200
130153132155
1577815980
3523537237
143177148178
119243121245
3317538176
90709372
167146170148
1159311796
1616316464
1877318878
171100173102
2822730230
7224674248
186196189198
16721974
5617559177
1607316276
1658216884
185134186138
6418267184
39604262
152167155169
173211174216
4215445156
130181133183
9013693137
1336213565
9422097222
106101111102
41304631
489592
163235165238
1919921201
7422476226
143100146101
5823063231
1707417475
3823541237
82858686
36314032
189191191193
8911491117
126192127196
9998101100
1075711059
2123123233
183106186108
9024893249
49895094
146200149202
37133916
6422967231
8831185
119131121133
92739575
1145911761
160121163123
180223184224
27573059
96112101113
40244325
155150157152
122123124126
1589216094
76157917
132127136128
1612516626
176211179213
130232134233
1318813490
176125181126
127612811
8713090132
153125155127
195175198177
7619579197
3217035172
8517787180
175243177246
3621239214
528730
1215812659
105233107236
157141159144
6019462196
1122014222
1427214474
1537015473
138247140249
3012935130
2995101
136913811
1477715178
7322380223
11101142
1511015412
109179112180
194152195156
1468814890
192174194177
3717042171
1123011731
6921272214
7524478246
7016173163
81878488
181219185220
1132811629
720751
143130145132
24432547
8923692238
2820731209
159211161213
2723129233
4621949221
179130181133
1844518647
110171113172
188120190122
107150109152
585617
2821035210
5016859168
1314116143
176147178149
982010023
1774917852
1309613397
5623557238
125124128125
158134159137
3610438107
150165154166
8712489127
5010252105
177158179160
1787618079
40644366
18351848
31883390
6920070203
54895692
146182148185
1658816791
1747917781
187110188115
31573459
136207139209
134120136122
1502715229
02363238
1716617269
4715951160
6611768119
1259612997
32103413
140179144180
170122173124
1315113453
6418567187
100215103217
180201182204
1837318576
22232525
1564415946
6514666149
3415636159
196184199186
1431814620
7810981111
52475648
1081411315
1064810850
7916781169
175233178235
84178918
4619847202
163183165186
184119187121
4311445116
48135015
1123611637
5317954182
144104147106
35364037
150232152235
167226169229
1949619798
59776279
132141134143
15901622
1609716398
5219554198
1261812919
140146142148
1945919761
1145611758
1298213185
3523836242
142108145110
1535415556
153211156213
1788018182
12698128100
145150147152
96809783
4413347135
02123213
63776878
863895
1488515386
104246107248
2211424117
152221155223
28943096
7820679211
60336235
1761918120
1372914031
17731805
29723174
193239196241
22802582
467499
23862589
128119131120
3023632238
9410697108
74497751
169186178186
135141137143
1218414187
76557857
5619258194
58936096
1697817379
167193169195
1032810531
1306813370
148236150239
6616369165
112103115105
124140127142
111199114201
1058810790
188218190221
1532215624
2618828190
18311863
33823783
121196124198
196246199248
96259927
80818582
122135124138
9219393198
61926394
153121155124
823510238
8310484107
7931095
4518748189
80598261
107124110126
142137143140
81378439
1918321186
8314285144
1489215194
7524778248
98210100212
9123394235
125244128246
144174146176
6615769159
01501153
3818641188
1143411835
97201100202
160164163166
31737174
143160145163
3811241114
67426945
879890100
9017392176
39674269
61517156
1446714571
161242162246
1515415257
1752317825
7321177212
137239139241
232264
1783418136
75377839
1913319435
165191168192
166177167181
122148124150
370393
187154189157
1337313675
178247182248
108189110191
170232173234
141172143174
1618019182
1861718720
02073209
3321935222
6613469135
016511165
919411196
191233194235
1320815210
4818452185
8723992240
1097111273
83288630
177222179224
1557515876
473496
6920772208
190167193169
076279
36413843
188216192217
191141193143
177198179201
8924490247
172220176221
5824361245
1293313235
6914470148
1023911244
135138137140
072275
1925119752
132123136124
6919772199
3416737169
186218187221
02324233
1212712429
168159169162
1211412416
70797381
1136611867
99140102142
178167181168
7922981231
36563958
6688
137106140108
139143142145
45874889
59196122
98155101157
18899191101
150152154153
167134172135
177227181228
1888919092
1679216995
2515027153
22592561
111112114113
56345936
3323135233
7723581236
199519916
85788879
4021642219
2824430246
1861418816
8813391135
1519017192
6311465116
8411386115
1716317465
1789318095
6224364245
6420266204
8810691108
190238191243
1011510417
80528254
183234186236
136112141113
8214584148
134239136242
59986898
1034810550
815311155
1559515896
8722190223
62166518
122241125243
18482150
4312645128
6822971231
57376039
1194912250
1619316395
1601616517
191165195166
102208104210
179181182183
158153162154
1056210864
118134121136
194167199168
699871101
134103136105
43584659
5711258116
1432114524
140207143209
8223385235
4522849229
5621358215
7510478106
120200121203
959998100
103135106137
4616749169
96289930
191230194232
55775879
71897391
8016483166
1493015231
2423726240
3613139132
1410319104
29303033
52009201
183113186115
101132104134
154159155163
13641666
176208179210
14031444
1635316754
148150149155
5819559199
1312616127
42224623
1463014833
81348435
1551015713
8522987232
174206175210
135222138224
3414037142
144241147243
1366213864
126168129170
89219223
43374639
1178912091
948999
1710719109
9616698168
188167189170
98242100245
090392
135232139233
167201171202
123226125228
154141156144
94349736
175202177205
1837718679
93669569
3312336125
1527415476
1517517177
149193152195
1516718169
131162134164
1635016652
169196174197
101226102231
2816330166
140230142233
7615177154
9131215
195134198136
126219128221
210261
1935519657
174128177130
54125714
163210170210
8717289174
694708
1032411124
6222064223
4813250134
158138161140
5424557247
3918241185
1306413167
20902391
36283830
155164159165
1832718430
113158115161
6514068141
1115811361
4218744190
156160161161
105144108145
1553815643
1262012922
9215495156
150118153120
100159103161
186161191162
5823261234
1914924150
8017784178
1016814169
4918850193
3814041142
100170104171
182160185161
115166118168
57706171
1657116873
8291032
1417318174
4820151202
9418997191
21952496
35723973
1416914371
12711303
72039206
153170156172
1405514258
1301613219
7812279126
47285229
01363138
132125136126
1818618488
176123181124
2410927110
5312256124
1439314596
129237132239
1792518227
1743117633
123193125195
106171109173
51575359
7811781119
922612228
2511526119
1826218465
114122119123
1576615968
153227156228
1661216914
6219864201
9217895180
2912132123
114189117191
1931219614
582614
8416586168
1443414736
159179162181
91619363
66816983
122201124203
1320516207
138140141142
1110014102
6017662179
1956719769
36794180
124159126162
24702871
22372439
62258227
3514537147
779980101
1612716428
37944095
9222995231
6724871249
16362436
386418
180237182239
175179177181
182126187127
1369013991
185122187125
126165129167
9713599137
6417467175
40154119
138175141177
187204187212
1424819249
127202129205
45855086
106108109110
1371614117
285317
24142815
174153176155
38824184
1795018055
11291431
1282813329
2716830170
1611316315
51908192
2516027163
1355014051
6216764169
1803118233
2210723110
148102152103
23192522
148110150113
7011272114
170128173130
14701493
2013823140
67467048
62736575
7819281194
1632216624
176216179218
171150175151
98143101145
181242184243
1035510656
1197612079
138218141220
3114534147
198100199105
5912060125
1162511926
42136215
8619689198
1483515137
4615648158
1392014222
61656566
186239189241
175214178215
140128142130
175247177249
131165134167
111128114130
6319366194
134106136108
107195108199
98152101154
1931819619
222524
62469247
1119012193
8816190163
116230119232
5021852220
717010172
1852818730
70717572
118155121157
6317866180
98101105101
195235196238
7978110
1919519398
1815318454
168187173188
100106102108
36683771
105189107192
9471050
130196135197
1713617637
182213187214
1618716292
8219785198
43744675
4116244164
4315045153
62216523
78348036
111165114167
9013893139
146158148161
29343136
1094311145
1856118664
8219285194
7411177113
3618038182
101232104234
188124191125
110121113123
127222128225
2692911
8761377
4422248223
31303531
1859318895
99104102105
1883919042
153102155105
3412637128
165245170246
113211116213
84728674
108234111236
157182162183
2524127244
4814553146
8720790209
1714718150
136151138153
2017822181
9215795158
811610119
5814562146
189184194185
1717017471
1984719952
185139187142
2412926132
8312686128
46624964
4622649227
96409941
1851219013
174230177232
6410267104
117129120130
153156155158
3116633169
1103311335
6914172143
6124664248
151173156174
57836284
137126142127
66337034
41334833
137210140212
146162148164
1208012481
18512252
1396114163
17701802
139216143217
812011122
75957798
1375413956
01597159
1304613348
192127194129
125118127121
62856587
190170199170
58116212
157107160108
87279228
126240129242
9514997152
1207412375
17652066
149122152124
1366513967
6220965211
104108105113
6616069162
19051928
1346913870
1045710659
8817791179
144203146206
129175131178
971710019
70517254
3023132233
1686417067
1519918200
818811189
531733
2821433215
1507915480
179184182186
181116184117
5121554217
40124314
70567358
126114128116
1515815360
186128188130
1096711269
2617128173
10071058
62686570
1004610447
1176211965
173138178139
10661268
1722317425
65197020
1621816619
52119212
190213192215
91599660
5813561137
925957
44114912
89409242
113218116220
80748276
1466814771
1119711598
35663867
1111516116
25622864
196178199180
9317598176
88319133
1693317038
1311316114
11471350
191180193182
144172149173
118142121144
140117143118
2220126202
1685817359
187158190160
191111196112
1238912890
112235114238
111136113138
6620768209
2718231183
41284629
22482549
29643167
193171195173
5814260144
996010262
469948101
161222164224
6110663108
94129813
35933696
30913293
6622068223
1714417346
1922722228
319933101
1921922221
1713819141
121151123154
455956
2412627128
1345713958
553954
1223612538
1055110654
2115124152
10221523
4614647149
117227119229
162126165128
186199189201
1094011242
95969898
7110474106
122132124134
16751977
77407843
118139121141
5519557198
163118165120
1859618798
5310256104
1413414336
1258013081
68516955
4516347166
2312226124
9414397145
8891290
104138106140
1608416386
132199133203
14197142102
197202199205
5815358164
1028210783
83558558
9810699111
72217326
1487015073
122216125218
1171412016
146165149167
186231189233
175140177143
1129311496
1018410685
6715370154
163179164182
1876419265
139103147103
823311234
1254512946
1922222224
111153113155
168238170240
169222172224
1516115264
1747617778
1345913860
1914319445
996410266
178202179207
1858818791
1118114183
2322328224
195161198163
77227826
2012322126
5821161212
118238125238
1521116214
172199174202
5323256234
4121143214
109202114203
129244131247
3520437206
2521135211
109208114209
5316354167
139228142229
85888989
114119117121
1043710739
8514788148
5310556107
15271730
2819731199
170161173162
2711527125
64906791
144208147210
31323433
1202512526
168247171249
12121263
1794118144
19431994
177219180221
42894393
125150129151
114174117176
1373414036
8989210
256278
4419545198
1517018172
193157196159
105160106165
19432344
134229136231
7118074181
5518359184
88939096
109119113120
79810100
16842784
3420237203
1078511087
161105164107
7914781149
117104120106
812312124
157200162201
1748217783
1012210423
99123101125
37224123
185148188150
153193156195
8910292104
25522657
154187157189
6324167242
4813550137
1020312205
132191135192
3311738118
6018163183
499952101
69287230
1464315044
1552915634
93219524
19021934
170235173237
1412816130
1457214774
139714110
134213137215
164916711
94619763
1223415235
100235104236
15112012
2110432104
8611191112
187102189104
117181120182
160196161199
41344436
11761199
3115533157
156121159123
1658516887
2813431136
103135
3356
6918070183
3321636218
52327235
46904795
4022342225
74667767
197112199115
8021582218
182227187228
9521398214
1471915021
168157173158
1522018222
1387114073
8812091122
9720599207
1876619067
6412566128
1715517457
161111162114
79458246
1895519257
5310056101
6614268145
183231185233
1344313646
162161164163
1148611788
178134179137
118162121164
158100166100
26762878
1037810779
1304313345
5910262104
2914030145
3311538116
168152170154
126237128239
1881718920
1034210545
103239106240
103102104107
5813261134
198240199243
2416427166
1905119154
107162114162
7224374245
1162111922
171106174108
3513639137
66627163
103226106227
153147155149
32407241
8321886220
126248129249
108115111117
4920952211
1924421247
1046710769
51348136
87398844
143190144193
123222124225
2424526248
196173199174
74687770
134246137247
1534115445
2721632217
130161139161
120206125207
8223084232
144124147126
1378713989
192100195102
1619619198
162247167248
1622418227
1536315566
115124120125
150188153190
166241169243
12551365
54595760
129913012
21262527
153229154234
195196199197
143133145136
111239113241
1637916681
1947119674
104146109147
6722670228
87299230
81499152
1931519617
3715740159
1310518106
176236179238
120230122233
1824318644
12241526
1874318946
164171167173
159231162233
1012512127
126163130164
057558
68887091
78678169
15491752
6322468225
163218166219
9416295167
8711688119
7621981220
131208134210
157223159226
8514589146
8822991231
8020883210
1704217443
02244225
41944595
86248826
2413731137
1977019972
6020263204
1254712948
193106198107
1113414135
13101333
2120523207
29703371
163201165204
2615530156
5219955201
9310498105
140163
116134117138
98240102241
2214124143
8111283115
193118194122
1224215243
1819318494
120226122229
3911542117
106200110201
102129105131
15031525
4322445227
66226924
9619498197
94509652
32175220
86579058
163111167112
29853287
104155107157
32265229
1434314545
21205121
135225140226
157193159196
22532356
5921361215
1275812862
1488114984
44904593
4217643181
1138911691
3010632108
119145121148
01452147
152239155241
3810941111
2016024161
3811941121
80718373
35503752
1973519937
88909192
186145189147
161239163241
18782080
1573615939
8120383205
156220159222
9219995201
132176134179
2810130103
151236154238
6422666228
1439814899
7620280203
116145118148
2217125173
01845185
53325733
49565059
115149116152
104114107116
84928794
8112083123
17671799
7517676180
34863788
434637
101211103213
1743918539
1222914231
1626716668
3820341205
8118984191
102148105150
5417155174
1096411266
17251757
195118198120
4418247184
1566416065
4220245203
29233125
184173187175
154176157178
7523777240
12371340
1013910242
8516187164
47255027
191132192135
3715541156
73527555
163242165244
162129165131
536549
123176128177
10531355
66666967
167138168143
132172135174
9621799219
1985319958
152130153133
1524416247
141241143243
105151106154
19882289
686790
8914091142
7518177183
823011232
919894100
5222855230
21085109
182166184168
6719968204
1501315315
146146149147
69767178
130240133241
1654016841
57566057
155246157249
1314013342
21782579
120223122225
83408641
27533055
126101128104
9122093222
3218634188
1504815250
1432914531
148209151210
107174110176
2513327136
100109103111
40514254
41669167
1015710359
167203171204
72367439
29473150
80838384
1515817160
5585711
1933019532
52835585
47424944
1835718858
6313964142
74207921
7416176163
1891419216
804826
5915361155
5621859220
11581460
76927894
195108197110
53685869
147127148131
1114012143
190154193155
132134134137
6810270104
168126169131
7320675208
122213125215
5413861138
143166145168
35533755
4823651238
128195129200
2015323155
21642466
15321573
1374613948
1506515268
1573316234
119246122248
100114103116
5022551229
1362113824
599962101
4615048153
8321586217
9621599216
9014393145
1715519157
413444
142111147112
161220166221
125197127199
77737976
181178183180
4115742161
149177153178
19551986
95489949
155234160235
112230115232
1637416576
165223168225
192186195188
163174166176
179107182109
143145145148
85468848
1105111254
24722873
3721639219
105120108121
185182188184
8014282144
27902993
1002610527
9418197183
90149217
43514456
148196150199
3812440127
1377414175
63796880
49325234
183246185248
191164199164
96729974
185102186105
8223687237
171152173155
140159142161
5222354226
639966101
99196102197
2824133242
182135184138
5411757118
8618889190
88349335
8518193181
1462614927
819883101
568869
1925319754
66177517
4812051121
8713689139
178229181230
91579658
164168167170
155109159110
163138166140
31145117
975710059
44134715
36183625
5214755149
139162140167
113139117140
139221142223
99193101195
9017093172
1268312886
15341575
75347736
171159176160
9212194123
1536715669
1243012533
1603616437
89459147
137124141125
1607816280
1415214454
811310115
73597561
1916619467
502525
2013223134
5923962241
1367613779
7917081172
34463549
56525855
48725075
93389541
170125173127
51745377
10351536
4112444125
159126161128
10861288
8410086103
2015623157
9523297235
94225105225
79558256
179192182193
1581316015
1728017385
1572316224
4613849140
1709217294
118117127117
1821918521
64536755
2917131173
3719340195
195149199150
113106116108
2021223214
14271459
122145124147
115141117144
059360
176117179119
181139184141
817310175
21112413
94429545
7815279157
73417643
1702117125
30603362
1708817389
70737375
8623389235
7210776108
197226198229
195129198131
5321855220
7120374205
168149170151
160177165178
62189220
189183196183
96879890
117220121221
171147173149
1492215224
98132100134
2819331195
188206190209
62316532
143169146171
2615728159
168173173174
3794011
94919694
8315186153
147211148216
13321634
122163125165
4915250156
7212074123
8420786210
174163177165
45824884
124188126190
3011232115
1569715998
119186124187
33193521
1219512497
180198182200
166122169124
7716179164
1518316187
183237188238
8161217
179173182175
20572358
137171140172
78318133
105104106107
1258712988
4914951151
122219125221
2122926230
1821522216
167213170215
74227625
8510487107
10298104100
21187119
192124195126
8022185222
1262812733
142194144196
129234132236
910712108
169100170105
1228412585
1024712249
193212197213
1215312455
5019551200
13398135100
8212486125
6314365145
02402243
01142117
2419127193
4220549205
66507350
63476648
180196185197
83678669
8721490216
34143617
5323956241
820930
1877019072
110244113245
171141174143
9213094133
41686170
122118124120
178176180178
1083011132
4013543136
176239179241
1615616458
109132112134
1253412835
3620938211
1254912851
45504655
154128158129
58166118
1558115883
133234135236
181110184112
1011910421
6911874119
141224144226
1649616698
7817981181
143127146129
40854189
2016423166
1165111953
1969319995
0326
107226111227
5710760109
2513827141
1815518259
4418152181
139234141236
4514347145
157170160172
922110225
4110045101
8020683207
4124446245
61256427
135218137221
3816541167
1624119243
15401581
3021832221
821511217
1088811091
7224175242
5420259203
1137011572
5413657137
3724944249
6621069211
168216171218
163187166189
1897819279
36384139
1773117933
7516579166
5713062131
1266912971
124208127210
5119355194
182157185159
9323695238
19571988
172817311
9411897120
54215623
1672717028
159124162125
1231712519
9413496136
66716874
11099115100
1417614378
100117103119
1875919061
51255825
1201112213
1458514787
1742617628
144137146140
91539356
1614416446
11741575
26852888
125222126225
01415142
1745317854
52216224
64516752
117213120215
1593016232
1123613238
1811518318
1786718168
