1763
5611257115
31263428
3916941171
5222454226
6215764160
1904419148
5213757138
41944695
96259827
165138168140
162224164227
1805218354
3414136144
921611218
5624460245
1275012952
169151171154
24182720
126203128206
36313933
1216917170
2612230123
586608
62796979
7610179102
117172120174
113182116184
132214133217
7521978221
185160189161
193193196195
29423443
6611869119
4413847139
178123181125
9999100102
1724519247
1111414116
5612759129
182116186117
4911554116
1712817430
164192166194
5023952242
1742317625
193117195120
13941409
5224455246
119223122225
91609462
170241172243
184216188217
1134211544
120118123120
119241123242
1447914682
139182141185
145219147222
80698271
19701992
1476015062
8198214
1189712099
62336435
153174156176
156199161200
8810491106
63776878
175206180207
7215075151
3412637127
169117174118
143159146161
2414927151
173139176141
1066310965
81808482
163916511
13201622
376486
22482550
85238825
46274929
1777018072
117197120198
73367439
1226312565
189152192153
40434245
1764417946
978710288
192216195217
7411676119
140187143189
1739517896
3011331116
3317535178
110163113165
1201212513
178213181215
175233178235
1611021111
162238165240
17901893
5910263103
1192412127
7212575127
113129115132
16102011
1583016131
1795518257
1339013592
13397135100
2323725239
195161198163
157141159144
1937319675
1149311795
5917860181
823610238
23352537
169214172215
141109144110
160160163162
115138118140
179137182139
2314224145
146236148238
22702771
17771809
9712598128
77387843
65606861
6124262246
4119944201
1065811059
19431966
129216131219
102228103232
181157184159
13621564
7221175212
2213025132
183203187204
186228189230
170244172247
85928794
171121174123
61799181
1247212675
1701117313
21952397
1317313475
854957
161149163151
167116175116
3215140151
194175197177
1553115733
2215525157
15511583
1566415866
2711730118
4512947131
7713579137
3311835120
51748176
8511153
10941395
11103113
29883190
67426945
21985200
107119110121
25293030
2817431176
1935319655
117211119214
159136163137
7317375175
19902192
184180187182
5319757198
977510077
122139133139
132222134225
167190169193
105194108196
1953219735
160169165170
3722540227
27422847
71218125
7621779218
55555857
131140133142
125158126162
8723290234
52885590
1027910482
4018943191
150163153165
5520860209
93219623
12411443
5323956241
3615739158
123216125219
9021292214
153233155235
6722170223
100107102109
6422469225
5815761159
1707417376
1219313197
155151159152
142143144145
192157193160
103107105109
02133214
135178140179
1991119918
4114243144
101190104192
109209114210
149123151125
8410587107
1414614348
12598128100
142140144142
14961699
1478014885
1326313564
108143113144
136232140233
6588
8724790249
4416246165
192161194163
26922994
6423367235
97241100243
2520528207
5117253175
16301662
191184193186
197128198133
6218563188
119199123200
1331413516
16531685
1246812770
4923552237
1941319516
39284230
077182
1728617588
79158118
1221014212
8161118
165112167114
169166171169
18171848
8713989141
165227169228
02304231
194210197212
1361813920
32863588
85858887
69377239
179145181147
160214163216
64566757
8622789229
6923972241
1175512056
51665567
140234142236
1244812949
3314535148
2719328197
105221109222
99177101179
85118813
21475148
6211065111
122145126146
119122122124
1705017351
4216645168
75447649
8124084242
4623049232
1207112372
1251412815
149187152188
109181112183
8817091171
574876
81878488
59876189
5120554207
116224118227
720511206
7413975143
7013877138
180119181122
188191191193
1807518476
812711129
1406314167
9313498135
116159119160
810011102
132126135128
3324036241
51418143
119125124126
6021062212
6020263204
188103191105
139124141126
151207153209
138137141139
455757
152130157131
3014033142
176243181244
156217161218
9315396155
45175018
1228512487
2316326165
16299165101
8722189223
31623464
2122924230
27563257
179187180190
5115654158
48515153
1173012032
18272129
1923523236
129203132205
168148171150
182127187128
102166107167
101236103239
89859188
105206108208
65386840
73807582
9418198182
121179124181
196819910
145140146143
136156137159
5851086
023226
194178196180
127153130154
12541555
168134171135
1721522216
5121253214
8713490136
1711820120
119205120208
1615319154
1305213354
1694417246
5517858179
9317496176
51678169
1041510717
184212188213
66896891
7418277184
179919102
113224115227
1915719459
1523318235
105135108137
133193135195
169105174106
6724569247
61806481
1876518869
0537
1064810851
02485249
1437314774
145144148145
158124162125
1494115442
90179319
195186197189
21102312
44764877
131111133113
5323556237
815611158
13431375
179219180223
2115826159
6621970220
174142178143
195202198204
62856488
136203139205
137110139113
1123716238
1464114843
190160191163
3620039202
1288813090
11085109
4218243186
1426514567
60676170
1372914030
1663916841
2118023183
1798118183
7022775228
1504615348
1401814121
1904919550
8718098180
90299430
31383639
1818718588
17021734
1899219294
141193144195
172147175149
55285830
1348313685
5913362135
3222533228
173211174215
142165144168
46724875
3812440127
1214819148
133236136238
1392214124
1267712979
87659066
4119746198
1837018572
7924786247
81648268
84178620
127143129145
1602716229
95289731
21132315
11621265
115121118123
156186159188
134212136215
1603916540
159120164121
2716328166
1712719129
8117888178
8014282144
175198178200
198118199123
6715969161
7220574207
147142151143
3917240175
132108135110
54465748
109911410
172150175152
1186312165
1691717120
35653867
3323436236
22542556
69637464
1009610298
899891101
9751276
6913271135
178248183249
134120136123
6620967213
5620259204
4924351246
13271359
1313713438
145137147139
109213112215
145194152194
9022995230
9451147
3011033112
67276930
619411195
111192113195
35513753
122182125184
8924492246
511510116
47564959
2418227184
9316195163
977810179
16512152
153197155199
7121973222
126128128131
1976919972
130159131164
111109114111
6717472175
191146194148
5816860171
9022693227
4617648179
43584659
1781218113
1832118524
1768117883
42144417
187142190143
31693371
57446145
126116129118
8312888129
6114064142
6122363226
8415492154
1765517857
3911142113
90809382
5812060123
39544355
149145154146
3112334125
2513328135
1341113713
1543616236
1112112126
150113153115
89239225
36683771
4222247223
25782780
114190117192
44894593
140102145103
8141115
1357613779
125112128114
13401372
114205116208
1487415874
8224485246
63896591
162213172213
3417136173
96909991
132218134221
66116913
168170172171
179197182199
44214723
157192159195
02442247
73537555
3617438177
13811403
1521118212
1222812430
181195184196
142121146122
174166175169
115196116200
1134511646
163189166191
1713117532
17381769
7822981231
7116173163
1496315265
1881019012
01373139
193242194245
189218190222
1409514397
142172147173
8624388246
48214926
168173171175
10541157
1648416687
1491015112
1987319976
4914452145
61256327
1131711519
101159104161
2712032121
146134148136
1087311175
31805182
6023863240
7018473186
41894391
144229146231
179192183193
177155180157
1388014182
107226110227
7422577226
57586159
157155160157
137215139218
2113524137
78528054
21445145
1475715258
1371714817
1779117894
01245125
1689617297
30913393
1722120223
3215040150
1535315457
51297131
5821661218
4322546227
184102187104
850881
1571416414
114152116155
1126111762
6816270164
8917392174
1023310535
101127103129
136129139131
9331135
5821361215
26262928
33193620
162154167155
137234139236
137180140181
1053610738
3611839120
187218188222
818510188
998010183
1717720179
109192110197
106181108183
31898190
70787280
172145175146
01892192
76277732
1511716120
2424727249
622711228
72477449
1975419957
155153159154
1655616858
131200133202
4420547206
746759
15021515
1286913171
160209161213
51557158
93249527
1666116963
183237186238
027230
121245123247
154212159213
534836
1859318895
104232106234
6386610
4584810
6019463195
1794718348
5515857160
2217027171
117181120183
157239161240
4324045243
1342613628
144182149183
4419148192
104119106122
937969
157148160150
7018772190
67697071
1915119255
78568158
1461814820
77628064
41929193
85808684
9423597237
11641215
188202191204
1539115692
9019592198
1414415147
1418514586
1164111744
108161113162
1487015073
3117935180
68527054
89769079
179224180227
119194124195
77597961
169163171165
16301932
160219163220
1912319425
2813831139
112185115186
145232147234
5319556196
1818421185
1541815720
7812781129
5910462106
99135101138
110240114241
1513915640
3010231105
1314713349
3013333135
1912121124
1896619267
1714519147
8021481217
84598860
3043015
628830
4212747128
6515567157
190228193230
186137189139
156197161198
12541295
155117157120
183232186234
5815060152
472495
319832101
145163148165
143210146212
93769479
1706217264
134149137150
9623098232
8222483228
8320290202
3218433187
1868418887
151222155223
107152109155
185131187133
84288630
1835518657
1713820140
105123106126
1057810681
138249145249
772804
5314755150
17701802
137186139189
54435645
196223199224
5715362154
7011773118
1208812390
1369013991
2011522117
105172110173
7513376136
1036010563
19799198104
13001332
96419844
170185173187
3324236244
1515315256
196156199158
6412667127
4911052112
164218167220
2319326194
103203106205
1094711249
8611388116
110220112222
4419446196
9218597186
5314158142
4420246204
1366513967
1624516448
5322055222
81228424
36874188
5120853211
1519615398
5719159193
107122109125
2011225113
67957495
2216626167
169238171240
2921932220
3418637187
1148211783
95127
1138411586
178194180196
192202194204
28863187
114174115179
57126113
1018012183
1235712858
185246190247
1098911092
17962098
1511515416
7817080173
28743175
4414147142
9124896249
622924
1219712498
107138110140
4624149242
1006610368
38844186
103151106153
1824823249
1713021131
29583260
02373238
6514167144
1106311763
1817021171
5618961190
164214166217
172230175232
134200137202
140104143106
2421126214
1678416887
143174144177
163156166157
2216025162
176132178135
116188121189
180202
162210165212
6613568137
49835185
187120190122
79438743
3724139243
6017563177
4315647157
1073111032
913912141
11771281
1258012783
120209123211
38133916
1415915059
6313465137
53315832
15261539
8912591127
1295513058
115143118145
195190197192
1822619229
17581960
169107172109
1034410447
98103102104
40204322
696728
4015542157
505537
1425514458
7219775199
98206101208
1258412985
1423914541
3611038113
1974719950
172233174235
95130100131
196214199216
133245136247
109133112135
2410126104
974810049
01424143
182129185130
151224155225
15382039
1955819959
49435146
108201111203
156126158128
6420368204
102174105176
2924132242
9324396244
1275913060
173204174207
1516615468
1624116543
99114101117
88489150
154113156115
157204160206
160158165159
1666716771
1046610669
1244
193164196166
6523668238
3912841130
146199149201
192233196234
2417427175
167145169147
179208181210
166208169210
160224161227
111159115160
609963101
120151121154
3724439246
5822963230
7817780179
1564115943
1952119922
45114616
184177187179
7213374136
234437
1017313175
184192187194
158229160232
1372613928
3813240134
109115120115
4918052182
93479649
150219153221
2618529187
6815272153
157171159174
61606461
680712
1318813292
1938119583
86338935
075476
8921592217
9217795178
24102613
890941
501524
40324334
114193117195
1618916293
6810969113
100218102221
1628316387
6114364145
8710989112
1412914233
1854918851
151119154121
170155173156
3923341236
1636016563
7420879209
2521627218
1612316624
01513153
9013991142
50625265
105138106141
125225126228
1015210354
1661116913
140146141150
145195150196
72907492
9215695158
18998192100
145217148218
1029210593
131191136192
25383039
1658816989
1868818990
1876019062
963610436
147208150210
3415535160
168162175162
971710019
4719849200
18871938
30403441
9113194133
1319313495
156229157232
1816318664
50315234
813013131
76238024
1199412296
125221127224
1884418948
3917642177
7319075192
1209112293
81758477
125147128149
130179132182
196114198117
8524189242
7417177172
1487615178
102177104179
122105123110
109136113137
129176132178
84368937
1258612987
14901580
3321836220
8221383216
38174119
337369
143227146228
174112177114
76167819
4522849229
163145166146
3422838229
7315275155
1342313725
99148104149
76258126
3211335115
160193163194
10051036
98105102106
1158711692
187207189209
1307713280
10201222
141230143233
1652516727
4119443196
1596516266
79838285
149170154171
84219221
1113211533
105177108178
6821671218
137197140199
1579616098
171119175120
8519988201
1632816629
146102148104
1903119234
14941895
317619
164221169222
98167101169
7217674179
191919510
1396814469
2510527108
120185122187
2018823190
3021332216
160190162192
113126118127
33773579
170221175222
7813083131
733765
160173162176
6410467106
5610258105
171205172210
65176819
169132172133
6410167103
36943896
1235912661
129206132208
174236177238
7614079141
5311155114
101233103235
1312214127
2615329155
4621949221
64546755
1021310614
93709672
41114412
121205124207
117243122244
52435348
138144141145
9322196223
47675069
160221163222
125170129171
87149016
3714240143
4916250166
140186148186
163126166128
21732475
1041110712
125192128194
83648666
57145916
71587659
2818331184
27683069
1292113422
2814931151
01543156
61546357
7715880160
126179129181
142125144128
149152150155
4710349106
156233158236
1720620208
4021943221
6812671127
1118413186
85778879
16741976
28783080
6314766149
3423839239
2420826210
4614849150
2920332205
108129110132
2515236152
46925193
124198127200
1186912370
1621718219
1373314035
125195127197
4418245187
176136178138
84958599
98233100235
115248120249
730781
1745917960
142147144150
161132164133
1344713749
1572116023
73337635
1107911381
1624916750
182208183213
1520318205
1384314144
1810421106
157158159161
1844218744
42624464
1796118661
1783818140
10741125
8113286133
157177161178
1433114533
72167518
50595261
1424314545
067270
124127125132
48875188
167128169131
118151119154
3023032232
1068710889
1861718819
73617662
9411398114
1359413896
10761098
976110262
21382440
23442646
139116142118
6819871199
27503251
4818048190
9291230
135240138242
59286329
5010251107
172136175138
50275428
190208193210
107184109187
20832385
107204110205
5813662137
157179159181
4223245234
60147114
4020743209
2424426246
167141168144
1069010893
1119711498
34103712
988410186
46604962
110150113152
2215325154
1499015292
766779
27132916
102133107134
1119014192
9317296173
196239199241
109146116146
86579158
49755277
1581516216
83728873
182119183123
6417466177
28333035
1884119043
1741217714
98679972
1324413446
1611716419
152133154135
176222178225
1564415846
111198114200
1921719519
92409542
3321436216
9524597247
1503615338
812826
112105115107
7716779169
2715730159
161165163168
111119114121
15061519
109211114212
9481150
622673
62466448
1537515876
1138711492
3721640218
15241555
162177165178
1921021213
1356813870
7810781109
154108157110
1936219565
155121158123
4023741242
102209105211
326529
52297231
9321294215
105188107191
74137715
180107185108
124242127244
176116181117
4414546147
6613268134
133154135156
129167134168
5310155103
1492115223
1013910242
1686717368
133226136227
8016383165
3620340204
123220124225
181162183164
195248199249
68867088
1959319895
7411477115
1512418126
79378139
1862318925
112187113191
1837318874
1936619470
141178144179
01782181
1872619127
1891919122
154167157169
372773
6110763109
4120343206
17482050
9721999222
74107712
1516915372
59326135
5896111
109228111230
1354214542
191205194207
49405242
1266713567
4114943152
155201158203
7521377215
34923596
8423687238
4312346125
147167150169
5222754230
8721089213
124104126107
111178113180
1857518877
121111124113
15931608
128195131197
101197104199
1276113062
3210234105
3918743188
26763077
179168181170
12511553
3520937212
142198145200
127101130103
1742017722
87818984
10921133
111138114140
6318066182
108156110159
159126162128
129156132158
143213145215
8516288164
1457014772
4919152192
27102912
12661468
31293332
3922841231
50295430
1023011030
122101125103
9421697218
1913519437
1422214524
82898590
12461747
68327134
7720580207
16151646
170128172131
104157107158
1011112113
9212193126
9713698139
156207158209
185195189196
1168411986
2720829210
1095211154
3610040101
2914532147
1355913762
1916019561
1737117673
181200184202
156241163241
192225194227
916611169
164160167162
113244116245
6417372173
54795682
181149183152
140203142206
1689317095
9011193113
164186166188
552574
1666416965
01441149
166183168185
160122165123
2122123223
140129143130
146247148249
8523089231
137246140248
8713090131
88929095
151111156112
145175148177
135103137105
4010843110
80448346
82568558
183153186155
9615897163
1927619777
35403842
181222184224
1573716238
82368339
9018193183
167165168168
7213177132
5412057121
139134142136
7811781119
1415017152
102154106155
8316786169
93739675
6111364115
187149188154
18422144
89679269
9715298157
1777617978
1343313635
1862018822
7211175113
162247165249
45634865
134186136188
193114195116
1518115383
1312313325
136713810
4812651128
137243140245
4112044122
62116513
147121150122
72237525
149132151135
13031335
1919124192
91729276
146152148154
170188174189
91459646
179203182205
321911219
1562415925
142246145248
5123356234
5212955131
1412816131
6319764201
4116046161
1079511296
1077611078
181179183182
2116824169
67466948
6211664119
70121
20182320
111204113206
173124176126
165223167226
187232190233
94339735
3516338165
1277413076
171196174197
8014582147
982810130
1642016622
1378313985
107147116147
108188111189
139221141223
164116166118
26582860
66626865
183231193231
120102121106
8410886111
145147147149
6419466196
103200106202
198151199155
2513627139
1777317975
8810291103
5511659117
1953619937
689868106
282982
20782280
833847
44544855
7914881151
1065210854
104226106228
422463
39624165
53755577
8716892169
992510227
80598361
102145105147
9123593238
157189159191
1706517366
38354038
149160152162
109207113208
89279228
179160184161
4719650197
186107189109
111170114172
152122154125
89899191
151203153205
187187189190
12871392
116100119102
187117189119
9016291167
150191152193
1986019963
9319196192
145150150151
5915564156
1983219935
7517777179
42864488
108105109108
125123128125
4418847190
545558
105179108180
1245212654
6124764249
1418617188
177208178211
1816019164
144105147107
65336735
3420235205
12231425
1462414827
193127196129
126110130111
6313068131
31763976
13999142101
108166117166
4924752249
994610247
257289
17212222
1323113732
98244100246
358660
179127181130
53585660
18101842
4623849240
143239144244
6814071141
195151197154
62946695
105129107132
81338435
50565258
1196612268
23232824
108244112245
2921134212
11154117
1804118343
41516154
168119170122
113112116114
4011642119
160140163142
1366313964
61328135
8222984232
1725717558
35343737
62306432
1214812350
4013943141
197178199180
187244192245
38514053
65296632
94539755
133208143208
7581060
4712248125
2218525187
68357236
76207922
1902819330
199199199206
1802318226
149116152118
102206104208
124119127121
106169109171
2024623247
148106151108
91139316
1807718478
1485315056
1443414538
145166146169
189154192155
161203164205
179245182247
1682517028
25402643
173208176210
101242102246
14141429
133180136181
166246169248
101170104172
103104106106
119226124227
175212177215
187234188239
154227159228
3610739109
210242
136106138109
3874010
6012663128
143134145136
822311225
7419377195
8919991201
49365039
538840
74267531
161228164230
1771018211
121163124165
152236155238
65446648
1546915671
1531215614
1910722109
1116511368
5014752150
2212225123
6621567218
1114215143
77447947
1447514777
5022052223
17841986
2314728148
1920322205
173242175245
037140
9420199202
173109176111
1094411246
136158
4918552187
1747417676
176144178147
134132139133
7119473196
1115811360
6717669178
4116243165
1027010572
77337837
1408914194
1025510756
1489315195
4618247187
8510087103
133234136235
189176192178
1683216936
90539355
61719173
126209129211
62756776
93198100198
154162157164
