1728
1341013612
97106100108
3413036133
125223127225
56555857
17962098
7915283153
2622529226
3920643207
8824793248
51818183
13881590
44754678
513815
110103114104
117224119227
144245146248
137200139202
196180199182
1834918650
156244158246
4211245114
3015133153
144135148136
1133611638
47314934
90339335
113209115212
143237148238
38924194
193226194229
1713822139
57486249
103133106135
27473049
1395014351
8919992201
11671469
57726074
998510287
8612689128
2313426136
5422257223
102217105219
1157511877
163226165229
719922
859887100
118107121109
7323575237
1813418436
1642016722
76617963
01662168
5231024
4020245203
3724239245
55275631
156186159188
10521084
163120170120
96919894
1135811462
8618188183
66496951
2017123173
137118140120
1583316135
165244167246
1785018053
85589059
187195190197
148208151210
81508451
2510627108
10521354
25612863
18031825
169103172105
032235
1616416466
195109196114
162156165158
9418997191
3311937120
1516315465
1513415635
19471978
184145186147
3510038102
110233112235
77488050
185241187243
38194120
8120984210
1723419236
12421265
161148164150
85608762
183246185249
2617031171
1169412095
1837519075
98184101186
122106125108
922111224
166210169212
1249512797
7319377194
56895892
2916532167
94559757
50795282
1189612098
189198193199
34183522
31403541
1475615257
187145189147
72747576
131112136113
56706171
6223467235
174191176194
65606861
5718259184
28903192
43964598
3423737239
46594961
1623516438
6318471184
69237224
919214193
2424126243
196140199142
2415126153
4116243164
41444445
6918071183
151106154108
126168129170
977610177
4212244124
1545615957
158239160242
187182189184
1644316745
1492215124
56506151
1736118061
101226106227
1927319774
1523718238
1407314375
196244199246
5293
47475248
350372
14521475
1845318754
114223116226
130240134241
920912211
19262227
110130114131
723610238
68467048
84738774
83788580
1974719950
71667467
10921124
1606916470
18871938
7623879240
8323987240
159124163125
1841218813
25872988
9414995152
9112993131
5123953242
1411314316
1491315017
146167151168
39674170
1106711171
85488850
5717760179
132154134156
78667969
9421199212
151230154232
91449248
148112153113
163207166209
76347836
1191412116
1122511527
91689669
134183145183
7515978161
36683871
61156417
80788280
139140141143
1434014542
192214197215
45704772
1723417535
1728417487
8219284195
139108141110
169222172224
24432744
106102114102
6917772179
195211197213
7110676107
9823399237
1068410985
8823590237
8817591177
6115864159
182157184160
188206191208
187114190116
1371014012
1123614237
1457514877
110124113126
1645316755
8013083132
191184193187
1913219236
184161189162
28293032
3113233135
125114128116
14851507
480511
113242115244
1425814362
6414269143
1274912952
1234412646
168237170240
101108103110
133200136202
51215622
89499251
1784718049
3019332195
4319646198
8510187103
7220574207
1883019231
3321435216
160140163142
150129153131
1366713969
125145128147
1314413446
177237180239
2011322116
57325934
129202132204
191174192177
169147172149
440472
27973099
8516086164
96159101160
97145100147
127123130125
6320464207
104242106244
186179189181
31534157
1338813591
173240176242
181233184234
28563059
185103190104
11921224
1412014422
105229107232
1557015675
1634916750
1773117933
1031910620
1578316284
7521076213
139234142236
1017810381
149211152213
1634016642
6513868140
976810070
3716340165
1173511938
192100195102
145199147201
71299131
65726874
14951697
52108211
3812042121
126214128216
5217855180
5122153223
98198101199
3812741128
122157125159
1112613129
17682070
4010043102
19812183
137105138108
8912990132
1903719142
923214233
176142179143
121150124152
186175187178
1394614149
157214160215
176153179155
110154113156
105122107124
34763778
1621616518
811810121
54955797
169206172207
61526355
6022963231
90269527
179183182185
191113194115
185195186198
1617316475
568869
4614448146
77208022
145146149147
146192147196
1811318316
7122774229
12699128102
142140144142
105172110173
1621517218
69107113
1904819250
9123294234
196498
5222654229
65756877
123204126205
1027010771
86688870
95126
1051510717
6315266154
1911119214
166114169115
127240129243
164103168104
14898151100
12051236
7111373116
143172146174
8721691217
1789418096
51938195
5822959233
186202188204
191210194212
11551457
89319432
1724917551
149164153165
3017934180
159134164135
8561059
137165138170
6012563126
21373141
61726474
1298313186
5313856139
9719298197
49755078
198224199228
5424056243
1214714149
109193111196
8914292144
74777581
72127415
190151192153
135131137133
51187121
580631
14311634
1787218173
144204146206
973110032
136217139218
218520
178101180104
7218174184
9513698138
194196197198
177149180151
7122374225
157197161198
9315995161
181210184212
1321117212
2020422206
21382440
1782018121
1126511370
6924472246
113109115112
135239138241
70797381
183127188128
52835585
720742
145220148221
91369438
134172139173
147202149205
102210105212
2210126102
128199131201
17392040
7310278103
75448045
66166818
148101151103
1688016983
42534455
132214135215
1084811150
12591359
118247121249
6117364175
149226152228
1596116163
1412825128
1464514847
1284013042
7423277234
541843
186222189224
129184132186
8323386235
92769478
172186173190
163247166249
194239196241
1553115733
194190197192
142102147103
179918104
77377939
1794018143
538589
9615498156
178240181242
1205512357
143211146213
188192190194
1758418085
5317556177
8101112
557759
1068910991
184237186239
99215101218
8711089112
186218187221
14161448
7117474176
1436614568
7112973131
5820662207
1146511866
181101184103
180177182180
152118154121
142106147107
61566358
569859100
17299174102
45274730
140177143179
139121141123
5021853220
7324476246
13261358
152139156140
105125107128
1932419526
104213107215
107208109210
5712760129
132244134246
1203112532
45865087
1564416145
890922
120178125179
1515815361
38724074
151237156238
982210323
1342313924
69567158
161176164178
56765978
2022924230
163194165196
3616639168
6211267113
804826
115118117121
171247174249
3714241143
36923797
37854186
1752517827
42924495
172166174169
189203191205
1511015412
28423243
186246189248
1578515987
142222149222
1498415385
37213924
9222495226
134203136206
51788180
778981
122194125196
127202128205
109202111205
162143165145
1357813780
144111146113
180195184196
162169167170
910012102
1521919220
2437
135243137246
59216223
125151130152
1099511297
169171170174
5321256214
30863288
121115124117
4584810
9520297204
2817331175
1015710359
182163185165
1708417187
52318233
2424627248
5111854119
63896591
1324713449
777808
7613581136
118139120141
1219412397
1245112654
189215191217
1065610759
243445
97509952
2518626190
188233191235
120142123144
19852286
197231199233
73357538
332534
50325235
174179177181
6520667208
9131115
122235124237
171138174139
116114118116
151125155126
113165115168
157156160158
1609216294
99131102133
132135134138
159136162137
163214165217
25292732
73547656
39314134
1706017960
1466514966
120118121122
137151140152
40574260
147229150231
194237199238
190222193223
661863
7014379143
719910201
192121195123
5420557206
113235115238
161162164164
46414943
1779718099
4513747139
4021942222
1851418816
1347013772
196119199121
6720269204
1168511987
36393842
1522718229
67527153
174163181163
1107211374
1417614478
1377313976
1411516118
1928019383
8419887200
1121314215
12711303
1712717230
159202164203
41614463
4718350185
11311153
164130167132
15151546
32243525
134119136122
8915291155
42254626
2021322216
149217152219
6713468137
5512257124
1651316815
43124614
198160199165
99228104229
8820490206
1712922130
192208199208
149220153221
1715217355
1522915530
1624719249
21892491
1685317056
1207112572
159118162120
67806983
1506615169
155108157111
1886619267
19742276
1287613078
013414
13999142100
193174194177
1420816210
110243112246
1268013480
113227116228
104108105111
192216194218
62686669
122245125246
135146139147
2023121235
8823890240
106129109131
1442814730
1402714329
9310696108
1212812430
1904319147
76957897
118230123231
1737017671
88659067
194129197131
3624639248
1712622127
143143145145
155174158176
1936719570
3022232225
146166153166
1419416197
1888819190
185207187210
31263428
50575358
155167157170
1627916482
6820571207
1526716367
5513057132
981910121
198129199133
6818670189
52715573
1915819459
76157818
6510968111
6823971241
6022463225
7161018
172159175160
1133912439
32173320
5814160144
12441546
24232725
180132183134
4321548216
8220184204
1154011842
54175719
42694471
125148128150
186165190166
22792680
66236826
1076210964
197151199154
119123121126
1823019233
453476
28393041
4514048141
9519396198
88249325
1311314013
1365213854
1809118393
971610018
1973819940
71718176
5223456235
1824219246
41377139
105195108197
950973
94879690
172156175158
165147168149
3011332116
189168192169
7916182163
159189162190
1104611447
134210136213
5320157202
1546015662
196106199108
93499651
84288730
129126131128
8816391165
19872488
1529415496
125172128174
193167195169
102245105246
113159115161
1613119132
154155156158
6224664248
1628816589
148148150151
1083011033
47234826
1593916739
3823641237
111176114178
3917742179
1032511125
165150170151
1765417856
01872190
5921464215
15799159102
112135115137
1905119352
47685169
44314634
4011545116
1311216114
125234128236
45515251
1033710838
1484215144
108199111201
8316586167
125183128185
293595
51158117
1719517398
4421247214
02053207
82348735
54325635
8224687247
18371878
5715760159
1576815970
1962819831
9411243
6613271133
1889219193
6422165226
3418244182
17892091
2319427195
1773418036
1420322203
129140131143
8523687238
1076710969
1825518556
5414057141
18342136
4712049123
4621949221
3014531148
5516357165
9217795178
93409543
118245121246
6014563146
103239106241
813511137
148116149119
9471249
2224426245
976510266
016911169
153244155246
122168125170
1616819170
11351437
8517686180
1810520108
11084110
151243152247
924511248
4716150163
193152195154
3317635178
172153175155
60806481
132163135165
111120112123
171151176152
4412746129
118220121222
138244141246
126219130220
194234197236
9219594198
1922422225
3617638179
112201114204
137207142208
1852918732
9113494136
171243174245
1683417136
5419455197
51255626
7819281194
162105165106
188154191156
165221168222
1861718819
7411577117
166226169228
81578459
7824479248
106100109101
1082611128
137219144219
629864100
6911071112
103181106183
4312046121
1519323193
1736817869
9521897221
180158181162
143133146134
140131142134
3024533247
121135124136
426449
5316954173
1476315064
52275430
8810290105
721210213
4818051182
1411014412
9514198143
103129105132
3812943130
35904091
36643966
94289730
36793882
3518837190
3910344104
69707173
2615728160
146175151176
72717573
155171158173
123102125105
61656467
84258727
5310455106
834857
158195162196
3418639187
1494515247
3412837129
1038510588
14141616
1879719099
91599461
1018910491
8312084124
6715270153
167247170249
132228135230
162159165161
1882919529
125112128113
95609862
2811033111
1266112863
157149160151
1458314885
161165163168
1262712929
169113176113
2714929152
21115113
1022813230
1910323104
6724368248
2511427116
21922296
1554015643
1351813820
0910101
154145159146
191191193193
8817290174
72507453
98242101243
1232013020
79938394
178205180207
747769
169196172198
81408343
1513115432
5610558108
1342713729
65136815
02123213
67287428
2117924180
142104147105
3322335226
5519857200
139165142166
1021310714
191111194112
192103195105
56865888
992410226
4212543128
977810079
162100163104
1504915351
6410667108
143214144218
459950100
118175121177
77277830
5021252215
1883219035
28233125
1486714971
223411234
6612269124
145241146244
148153151155
7319575197
1517415476
2410927111
90809381
81558656
86828983
01451150
6413466137
123163128164
1611316415
4214044143
184153187154
5618060181
1328213485
2414627148
7916682168
1518816192
7516478166
039241
111215113217
2118724189
6251126
90559357
152198154200
1552415925
1459614798
51425444
1505215255
146163148165
31653269
198183199187
1327313674
9420897210
4513249133
14399147100
3820441205
132125135126
6913971141
175100177103
162153165155
1817618378
3421037212
425528
827931
108215110217
4524047242
4712452125
3524036245
155118157121
102176105178
185148188150
1222415225
79158019
6914471146
5117460174
52199220
161126163128
1369114192
58166018
1101911919
8121686217
7511177114
149127152128
152147157148
4014744148
1882019122
5720960211
1626116662
286318
7414077141
3119934201
3317135173
4117444176
18782180
3323335236
1819021192
7917087170
107179109181
6414466147
7522977231
168201173202
8519388195
9323597236
7831085
183113186115
24582760
1668616987
1118011382
3518039181
158204160207
8620789209
5822661228
173148176150
48455346
1036210664
64546557
6619568197
1342513926
116211118213
5615259154
8022185222
173197176199
88749275
380403
6013563136
98208101210
4820550207
6520266205
185117192117
4013441137
1537715480
7811681118
118181121182
1298813290
51365437
2511932119
171239172242
175205177207
1069610899
19431966
156163159165
134148137150
4815851160
49645465
138158140160
50101
174144181144
189121191123
914011142
139241141243
615638
1073911140
142116144118
19572358
13401372
1445614659
146143153143
79108212
964610147
9511598117
131224132227
9316295165
139209142211
190118192120
34453549
41507152
184136187138
7522780228
156191160192
190226192229
1720419207
47804983
9113794139
2016822170
31906192
1415717159
1194212244
6610268105
111238112242
180192182194
9616198164
10281131
182124185126
165242170243
161238163241
83868687
1218414187
98168101170
1463615137
182166185168
88268930
01111115
15171549
6424067242
132139135141
153212157213
73867589
1579515898
9019293194
1541315715
2120724209
4914452146
8310486106
155177160178
11341166
19699199101
186118189120
110208112210
1583116232
516529
9318595188
6018362185
2312627127
1303713438
27933095
137114140115
01423144
6618068183
1266412966
120223122225
01811184
117130120132
91709472
2216425165
4917652177
53925594
116208118210
128195131197
1218712489
1251512817
89689072
155209158211
122221127222
815511157
1941919721
108123109128
4322145224
164121165124
157135158138
2820230205
1939619499
169233173234
1672816736
109247114248
1579215994
159248162249
181118182121
1965119754
1172312025
7317175173
1966719969
172121173125
162197164200
6524366246
7116374165
69747176
45444746
1374113944
199212199222
42068207
84418743
4016842171
143202146203
107226110228
26262928
15499156101
1741517618
150204153206
719610198
138247141249
172182176183
1545815959
1111611418
917911182
5723459237
104221109222
547849
42354537
136138139139
2616328166
3522838229
116196119197
90829383
4519949200
181246182249
13661389
99136102138
1441514618
7118774189
5324755249
8722890230
1358113784
1024010443
107133110134
1657917379
35343836
1511515317
5112753130
158166160168
83158816
118236121237
1048110584
3093311
127232132233
1487215373
116122118125
79958197
62706671
102155105157
7317877179
6023261237
157113160115
922511227
6817470176
12861318
174232176234
121132123134
142170146171
133128134131
1955819959
96187101188
37593961
53765578
5412556128
157234160236
1764817753
66547155
5819361195
5118353186
65436845
156193160194
5721364213
8723390234
2823930241
1614417147
5816960172
8819691198
102198105200
1676117262
196199198202
145128148130
1147211774
1353613838
310342
1023310535
1916623167
170115173117
191230194232
5988100
773796
62399240
51547157
1662816636
9215495155
6224364245
1764017843
116178119180
166152167157
01161119
21164119
1803218433
32446246
164166166168
8315086151
72577360
153172154177
169106174107
193170196171
170145174146
1376213965
9520597207
1224012741
1011112114
7817883179
5210155103
5522857230
1798118183
1507015471
11611183
26963596
185101190102
154159155162
9222295223
65326833
02442246
1489015192
1684316946
1154711848
988010082
16351667
1878419086
7211074112
181204184206
152207154210
95719873
1114311445
454756
1224217243
61129114
1218014183
1120613208
5016752170
84228923
850882
78578059
1336613569
8721191212
197216198220
1228112483
3012032122
7287311
1234212743
77408041
4421048211
02272230
3622340224
195143198145
103710510
177199179202
140154144155
69437245
660683
197239199242
9523197234
192219194221
119133120137
6823570238
125153128155
2019621200
1609816599
2211727118
8520187204
177247180249
1213613139
1745217556
8724390245
1932219723
1742017722
84178719
13951409
1401714319
1313913441
147815010
5023053232
185231190232
171203174205
1162711929
1112012124
1085111153
81478449
129154131157
7118575186
194188199189
1122011422
02163217
36434543
109191112192
1258512887
5619257197
7116873170
1120213205
107140109142
147169151170
163107168108
3921442216
129236138236
32265228
4215644158
69167119
56135915
140137142139
193919512
131123135124
4419046193
1703117333
1113211434
191143194144
105174110175
1387714080
1036610668
1217317174
6622569227
197125199128
1424814549
43584560
9424497246
102235106236
1163211934
44474650
1406314266
1019310893
1842118723
8588810
3915641158
1587916180
57266028
103140106142
56835885
165172168174
165186166189
177176179178
11751198
1207312574
1178812090
177116186116
81218323
140215142218
9014695147
46365037
107182111183
154204157206
1017612178
108149113150
3017632178
1777018171
93449547
1819618497
5019852201
74687770
99238102240
21702373
3810540107
917949
192126193129
8523190232
1581316016
1807918380
1476015062
27653067
1112518125
131180134182
592614
1551815820
2042
9218193184
29623264
6910272103
82958597
66926994
1042610728
103223107224
65976899
123240125243
131166134168
1066010961
177192179195
2713632137
140127141130
5513360134
1936219863
1669316798
5511759118
133176136178
4618749189
197111198114
110108112110
112198114200
154179156181
169121171123
171118174120
1151411816
149171152173
2718230184
357460
5517157173
177117184117
31933395
8213584137
145152147155
5011152113
119147122149
116134118137
1218814191
1514415151
93169618
1032910532
174164181164
47754879
31014104
137212142213
819884100
3324944249
15401581
1661616918
7620179203
5220459204
113189116190
163116166118
7215974162
1743117633
1612119123
1317813479
1325013551
116217117222
1733918239
8316084164
102206103209
142187145188
1867018972
1934919650
22342436
1420416207
18298185100
161191162194
2414127143
102220113220
1684917151
1479315095
1302713329
1321613418
1418514486
1796718269
24672572
7641066
127158130160
142180145182
136163139164
1719419197
91539654
1205812260
61329134
144160146162
108223111224
85638766
1164911851
4219944201
61276330
140147144148
90289330
10141046
62396442
60776379
9310296104
1733617538
5120553208
1106011262
116166119168
622653
974810049
5420756210
8522586230
160219167219
6517768179
9014993151
770792
162243164246
190188193190
923117231
9424297243
4514748149
13131345
664695
118156121158
9614899150
31583261
11851387
1605516357
106176109178
1314213643
1802918231
127136131137
3910840113
2121024212
2112124123
8911892119
21592361
8817091171
6716171162
1711720119
239926100
40214125
157139159142
148104150107
1122811530
7518279183
1912319228
8420587206
6023963241
150132151135
1404014243
184172185175
193117195120
1405814162
1645616758
3816040162
161209162214
103101105103
4318346185
1198412884
6521167213
1501815320
25392742
3415535158
131205133208
183176185178
136227138229
2710032101
65626864
196102199104
1725717559
195115199116
1921719518
1452114823
2810430106
7524178243
3110334105
6114063143
413445
3415037152
1297013272
60946595
5521958221
1047210577
13811404
159159161161
4115943161
2013122134
