1728
629864101
149199151201
7861088
66186722
171127174129
1655516757
177117179120
140182141187
1512318125
6512070121
51495451
12124214
3810540107
7611262
1163211934
8113483137
52815782
270302
173218175221
7516778169
2313426136
75807783
1387414375
19201935
7517477177
148141151143
4212144124
97124102125
1434314645
5122754229
1054610651
19761999
7016873170
1406714568
1018010482
1844518647
1710320104
1576216064
2419927201
1861918921
1652816731
111203113206
176169179171
259827100
132138135140
2222823232
189206191208
188178189182
55415842
1713117532
1622719229
96899891
6918472186
4910452106
6216063165
384406
41434445
164113168114
1065310955
179204184205
165229166232
6424266244
184100187102
103155106156
133103135106
20432051
136166138168
122216124218
982810030
6220564207
2321426215
69307232
9524398245
1282613128
13421374
148120152121
181134184136
5816861169
85248826
1492915132
137118139120
114129
1735217554
54605762
1315613358
1848018782
1653916741
97167100169
8410785111
71577359
4621548218
18521884
7321878219
186246189248
7914782149
713110133
124221125224
104241106243
106219108222
818310185
195241198243
8913291135
106149107154
995410059
1922322225
125195128197
125119128121
1142211823
3824041242
99108102110
7211674119
164109168110
102222105224
145130147133
1432914532
903935
2812130124
1324713549
4616648169
9521198212
6917672178
1957319875
153215156217
131128136129
178142180145
29533255
1637316476
145140147142
33463648
1115311355
15941797
177121179123
1583416135
187228189230
1455914861
179214184215
14651487
7819081192
125205127208
1934619549
997310773
2410326105
2813531137
1684617148
3818641188
188225191227
1249412597
1607116472
6813271133
49195819
3416036163
1526615568
7387610
7720678209
195114196117
182179187180
59846186
1712317425
130199132202
1818718688
181229184230
4623248234
76538154
7712980130
7911281115
431472
183144187145
175153178155
1424914451
8512888130
1862518927
55245726
1776817970
1116714169
92739575
103196106198
2720530207
195102198104
21735174
123186126188
46485049
114172115177
3520936212
2019123193
4913551138
6724169244
8020182203
162141165143
170217172220
127239129241
4985111
111224112229
114210115213
15321563
913412135
1652516827
1748317785
68817083
161203165204
19631995
1119711399
161156165157
1123211533
2819031192
1514417147
102130106131
186199187204
1015810360
6219965200
152198154200
183103185106
1763017931
173222176224
816111162
163232164235
73807483
1485615058
171240173242
5924063241
127101129104
165129168131
13431645
175190177192
163100170100
160240162242
172190174192
1169512096
173208175211
9217593179
1325013751
39664268
148101151103
1118413186
78818084
2921331216
1631616618
18892091
77377939
73757677
619610197
184196187198
195167199168
4110445105
989510197
121145124147
1456214963
28223323
1455214853
4918652188
11008100
320352
39344236
51465448
154191159192
8916491167
2818730189
3210735109
5121254214
107181109184
11001132
183247185249
4917352175
85378839
178239180241
999110891
4922351225
8716388168
185187190188
178177181179
79948196
3314735150
102213105215
1343713838
8219085192
170222172225
74577660
22332535
1882818932
160198161201
7711272
188236190239
114231116233
176236179238
149237151240
135243136246
1621316515
179199182201
8916894169
1502415227
110140112143
112138116139
111911411
161133163136
21372439
135167
13699139100
8821091212
106139109140
3312135123
7520279203
1408614388
1142011821
72099211
305328
5812460127
1317113971
174213176215
43364638
43905390
134211136213
1112715128
107240109242
1622216524
51427145
6317866180
1181612118
699771100
178148183149
9513898139
1068110983
152239157240
2424629247
133125135127
1139011692
44534755
1916019462
64636665
1165612356
5310256104
32803781
17431946
11574159
160191161194
1619616498
117140120142
824511247
2415728158
31915193
97219923
1481115113
1902819231
40634265
86558858
45104812
175205177207
59646167
1822818729
113154114159
1968419985
1207312474
8815391154
1903219234
32833585
649754
818610188
6517568177
1955919861
1368913991
1563916140
133238135240
92829584
1717319175
1911221115
8661069
3912050120
8622389225
493894
65126814
17792081
150232152235
106210108213
189821100
5722760228
1224415245
1902019223
4421147213
1731217613
18222323
126105129107
50145316
149208152210
3716140163
108151112152
619810199
1001810221
151182154184
50215224
1674916951
01452147
1054210745
102244105246
99242101245
3618137186
145137148139
1932019424
163236165239
37233925
1696517267
4512350124
67907291
176197178199
1816021162
127116131117
1948919691
2021923221
811711119
1928619391
102228104230
1112311325
1698217383
6522368225
026328
93649567
168176169179
5222155223
180160185161
188155190158
1843918543
152143155144
7516478166
3912943130
1941119713
83158616
1865619057
7521280213
78558057
66436945
1731417815
143247146249
170204172207
4022143222
53955796
169146171149
106169109171
2311727118
107215110217
169173172174
8515688158
53975898
7915083151
6919270196
124209127210
9614799149
1957619878
1696217264
129152131154
178183181185
117203119205
30653267
4613648139
130238132240
100247103249
38524054
105103108105
187117190119
2993111
1395914460
4224243246
6920671208
124132126135
3421937220
1685617059
1464714948
14098143100
124164127166
131214134216
29413143
1739817699
113207116209
119195122197
1621819220
47675069
3415636159
111128114130
242264
1179712099
1126611568
5120054202
7224775249
5518060181
149615010
49125712
117154120156
9717698179
161147164149
164188166190
5417455177
43334535
103157105160
174138177140
141164144166
7812280125
146167149169
7115275153
108202110204
125199127202
136234141235
158172163173
14941545
168238173239
2619629198
1918223183
109199112201
5413657138
1655216854
100118102121
8321585217
077379
31965199
115219117222
1078711088
101181103184
110182114183
4715550156
7117174173
1728617587
02442247
142187145188
196173199175
6723869240
2820932210
5211954121
71607362
4924659246
166139168142
168162175162
3517036175
1276913071
131241133243
148196150198
132154135156
129135131137
899992101
3223033233
3917641179
67236926
3713140133
6224263245
54635666
133201137202
967999
127172129175
95259827
1014212145
1733717638
1382314224
989810399
1375313956
50595361
132130137131
113228116230
2324224245
8621788219
420111201
192100194102
116169119171
62696571
163181165184
6722870230
6819973200
126147129149
1336213664
094395
140167143169
3715440156
180208181212
15498157100
177211179213
17151747
114186117188
1048610688
181141184143
3424337245
1915619359
1452314824
1033910641
84878689
127232129234
032334
11083111
3115733160
5018353185
130104132106
195131198133
21742476
8491151
3118734189
2218824190
107161112162
113179116181
02013203
1671916922
1671417016
18131844
122122131122
1265012951
1932819829
170152171155
116102119104
196246199248
2715531156
1313913441
7514377146
1222223222
111215114217
2223724239
29503152
89349236
33243625
27923094
816710170
74106
056358
103177108178
6710374103
1288413186
130149133151
4510050101
1387214173
189130194131
1911819619
1213812440
2813131133
185165188167
6117564177
143239148240
7322476226
150168152171
1421414317
125244128246
2817229176
1498015481
650673
155175156179
62229223
162174164177
1818421185
824847
11631194
148179153180
121168124170
31763976
147104149106
171121174123
711510116
9319097191
3323736239
3520238203
65976898
93779679
1099111292
70757278
2810031101
106164108166
01702172
102112107113
6218164184
1468814990
1218713187
4918950192
193126196128
1869718899
2322324227
6216763171
155135160136
1869319094
1946619967
169190171193
1369313798
9215694159
53215426
98115101117
043345
193244195247
1956219963
8222185223
1141711719
174141177143
44274630
02393241
1948019683
175233178235
66697569
2124122246
54335734
4520348205
96109912
140191142193
184181185186
2116623169
1875118953
716310165
136813811
1134411645
822813229
25763077
4314944153
1423815242
170150174151
1191912221
150113151116
133219136220
1771718019
160106163108
193177196178
1613621137
12621313
1634916651
41315135
4114244143
136123138126
1539415696
4241224
93529654
5723760239
5921761219
110107118107
8623589237
91689470
167222169225
105192108194
51535258
29583260
3511838120
1123411536
118180121182
106141109142
127184130186
8291230
94569857
96929994
134120136122
1755617661
167158171159
137209139212
9515497157
7420776210
77628064
73347536
119151121153
02282230
166151169152
147162151163
4617649178
9418099181
5719259194
130107135108
120220123222
1339413596
850881
122213133213
1623316535
1710120102
2017323174
125248130249
154229156232
19402242
139229142231
2511427116
8623089232
01801184
1005110353
1701717220
6917472175
3514437146
4719148196
71157417
1565115853
6512267124
163153168154
1684417145
1111511318
7122974231
413454
9117094172
7317474177
117150118153
1589616098
35513753
5819561196
102152105154
106167109168
17242025
21262328
3524037242
8714489146
2110723109
1404614348
147234149236
102206104208
103118105121
1798318285
129196137196
7014572148
5824461245
136236139238
7323775240
72227424
138163140165
1345713958
32215223
1432614628
6611871119
1469614998
120223123224
136200143200
16371840
156137161138
170230172232
1719018194
1594416445
48835185
149194153195
50775578
6924671249
1574816050
1417914283
1551215715
4916151164
144171147173
125167128169
177134180136
130172133174
41507152
98136102137
111154112159
12331255
142103146104
16001622
4519146196
823311234
62896591
8418786189
14531484
144110146113
1418417185
16841706
1693617237
156151159153
02485249
9620099202
8817392174
110245113246
1214914152
6118563187
1737217574
1613421135
3420437205
55366037
4010843110
123228126229
6423367235
7817583176
180157183159
1386414166
5622059222
5775910
8889110
18652266
91589262
1964619848
163194164197
1369214492
8924394244
8416486167
190132191136
68187120
1606616269
1433914641
1169312194
5913662138
1608416485
4618349185
5517059171
82778479
1712617428
194179197181
1877719079
1953319736
102201105203
66706873
170177177177
3122534226
133204136206
112194115196
22562757
191155193158
4412847130
126129130130
7391240
9510398105
117112118115
7271228
0133
72537554
20932395
151196155197
77737877
01663167
110120113122
1111516116
5120354205
119128121130
1506815171
5315556157
9216595167
3814541147
25952897
97205101206
24922694
1103011531
26852887
182209186210
1676017161
1868519385
5518258184
139109143110
157146160148
10751106
60206322
3818241184
126150128153
1965219954
184149185153
66887189
8120786208
1412121121
134163137164
9215394155
121142124144
137217139219
1302313325
1219512397
432634
84908693
21442446
84178719
8021883220
186151188153
1498515287
125140128142
6616768169
266297
2218525186
140209143210
140170143172
115150116155
15401591
7511578117
8619689198
103188108189
166211168214
84958698
47265227
32456247
37464048
12461278
181192184194
1863618938
1935019553
31226124
87949096
119198123199
44404642
62389240
1110514106
579881
1096111263
161168163171
2216124163
139124141126
2710429107
1964919951
101100105101
1112622126
194196198197
1422317225
89309232
1474314946
147112149114
122181125183
7814180144
135194140195
1216117162
171243174245
126159129160
7319576197
85498652
2557
5811260115
8519988201
6413867140
1023813240
138198142199
21482251
2313927140
1094111242
01050113
1517715479
879788101
45924795
1333313635
101194104195
14121444
1693817239
7118774189
54585759
156108159110
13751407
88139115
85768779
1118511290
150150155151
41697170
145237148238
124234126236
5715260154
8323485237
1912327123
61939195
19798199101
192222195223
136182139184
1508815390
19712273
115110119111
8417187173
16531856
1213615138
1458214884
44754777
2417127173
27263028
157133160134
138132141134
99138101140
168107171108
3423337235
186110187115
4020744208
703734
12641305
181240184241
180247182249
157235160237
133207136208
3424636248
7612577128
29893291
73327833
1056310865
1382514226
4422148222
5219757198
128145135145
15632064
132233135235
4819751199
8922092221
160102161105
108132113133
102204107205
193218195221
1083211133
1347513776
5512058121
1614616448
1319213593
1045610659
1311713418
24252628
106172109174
4818151182
6323066232
181125184127
1164212143
7420476206
9618799189
1374513948
168242170245
613815
41187120
986510266
134185137187
1087111173
109220111223
83688869
170188174189
419843101
1331513616
527549
8311132
114191117193
8015285153
3312634131
02074208
1516920170
4121642220
9110594107
122204124206
33603761
159165162167
7822981231
136114140115
185818710
161816311
152203156204
190160193162
8914192143
48915093
9323096232
61116413
1518018182
8414987151
1447314775
5219454196
5423457236
173103178104
01683169
8722890229
175100178102
6413466137
190218192220
12111413
150139155140
26883588
8018181184
188196191198
178166180168
178125180128
48611
187148189150
1135611559
4111344115
69337235
69567059
99156102158
10699110100
119119121122
82508452
89569061
112218114220
106229108231
98171101172
6813871139
1358713988
107186112187
3510040101
133177136178
1172512126
175207
171130174131
26512854
13501553
6914272144
185189187192
186138189140
76788079
1108211384
21604163
1639316695
91259427
8314584148
2116426165
115911712
1008410386
67656968
6514769148
1817718479
38964099
67157017
6510467106
1532415625
135189138191
87739075
1676216867
144176147178
1515716257
051352
159160161162
1779318194
129217136217
1323013432
88849186
2418328184
116120118122
7424476246
93459647
141114146115
1522815430
3311335116
1513917141
45874889
3612138123
91559357
1020917209
3124032243
1515617158
157230160232
65936796
136138141139
170208172210
1976819971
1027710579
197112199115
2312426126
174239177240
423712237
76347936
8915791159
2513027133
29323234
8610289104
48505053
3920242204
4121445215
1521017213
35573859
7618881189
5715760159
130177132179
9411243
178190180193
59146019
4219544197
121171124173
151129153132
7212073123
457489
1514817150
129242130247
131221132224
9514498146
8019383195
3519840199
4094311
61416442
86408743
1084311244
3293312
1106912169
9123394235
69707173
195214198216
173173174176
110242112244
13241626
6312264126
189233192234
3693910
188101190103
181112185113
4921651219
1071910921
1566615968
183116186117
168132172133
131244134246
7522977231
3218434186
8223085231
142105146106
8016182164
4217445176
2814030143
3712640128
1288313583
2911034111
1251412815
30683868
280483
41124217
191118195119
150182
127127130128
1846418667
1074710950
1024310446
046547
1137011672
1135012150
7817783178
102216105218
160152162154
42934495
1205712359
93969698
113197114200
8211182119
1253312736
9519398194
43784580
150185153186
9212595127
160248163249
6812271123
179162181165
15161547
1953019732
170215173216
712210124
105710710
55236623
31693371
11651367
5710160103
1222812430
1458514887
46164819
104183106185
144232149233
16151818
175150177152
1082711129
119183121185
1373514236
1963919941
5412257124
184146186148
29723274
85638865
91509651
1718917490
1597316275
3019632198
156188159190
61146219
135223137225
144146146149
1805418257
142179144182
47594962
849986101
98100100102
954810049
129167130171
1254712849
135151138153
7417877180
37713973
139914112
114189118190
7413477136
26292733
70667268
927959
9124896249
91719572
5918261184
8724192242
9523697238
8812293123
10171049
4311154111
38604660
13201371
1904819250
102166105168
3014432146
1024113243
123225126227
21772379
1051610917
6017263174
1783818040
1513815440
1084511246
132913510
167229169232
72557656
1731617617
1208412386
77677969
1824020242
80348139
124237126239
9531255
19342136
47315033
122129125131
32287229
101239103241
195134197137
416486
139247142249
28293031
23892691
9891290
97182100184
7815482155
7020473205
1736917671
142183143186
1325913561
9612099122
1036610668
147222149225
3320637207
1515815360
51665369
107195110197
6211771117
1307913282
190216194217
52175518
61276330
427629
1521215415
1816420167
8511987122
122148125150
185133189134
1579315995
4214746148
7319276194
183244187245
3010231107
1317013970
1011410416
169170172172
181186182191
1127911481
3123632239
179138182140
35323834
1962219924
23412543
3923744238
104133107135
6516170162
1803018730
1752517727
5313254135
1810720109
7761476
229724100
190241194242
107147112148
122201124203
9023692238
360662
2512727129
8024382245
1292913131
7923582237
6386510
8718490185
1408914590
142154145156
164222166225
74467648
78178119
1236113161
30353237
177194179196
1225012551
8911592117
109191110194
28383139
4419847200
3322336224
5311656118
9623399235
5014752150
1867318975
185207188208
1114614148
114105119106
90809581
3313835141
158174161175
2923131233
5223353238
108711010
4612549127
120216121219
8921592217
1149511599
180108183109
41898190
108226110228
51799180
1822318923
1394214144
98153101155
169127170131
92109512
152236155238
90122
5510558107
4422849229
113142116143
1811720120
371403
1138511587
18151828
161235162239
8971199
127176129179
23722873
131247134249
5517862178
102148104151
910013101
1631916621
1734617648
55695672
137229138233
6518166184
1835418557
1779718099
9441147
1352613728
024325
174110177111
88769178
127155130157
92389540
9220294204
7024174242
127125130126
1354113842
152205155207
9316195164
151815410
125170128171
16481950
3210334106
172146173149
122158125159
102234105236
1917619379
182131187132
4418948190
5314755149
137226140228
998910290
117123120125
12341535
155180157182
2113124133
152161155163
65316833
174117176120
125143127146
1101611023
7024373245
3722341224
1483615039
89469247
1469314995
6821772218
1719519197
36693970
108113110115
136140141141
1046910771
01883190
118216119219
3823541236
1276413066
1221412416
8218284184
523536
13541556
1299513297
1245612659
166226168228
8210485106
1049310695
129120133121
4617951180
58386040
179202184203
152246156247
1192812131
139185139193
148152155152
1623616438
120209123210
5524158243
8718688190
1166011962
8620489206
121175123177
519954101
85468848
8615287155
091393
128164131166
174164178165
154131157132
177137188137
1818918889
134179135184
180237183238
791011
177156179159
58336135
2416826170
113167115169
7719579198
190169192171
154146156149
1408414485
31923395
47394843
100178102180
1104711250
2417427175
1636516470
2420426207
10331137
173230175232
1544815650
8631364
163240165242
41667168
160121162123
01512154
31546156
50285230
1509115196
60526155
01162118
142134145136
2819330195
89639265
4222345225
2720331204
1641016712
1724917451
1885419554
130180131183
25443045
110188113190
154226156228
120186122188
128205131207
1504315344
103176113176
3518736191
32623563
81578359
172140173143
1756217864
120110122112
122178125180
143162146163
133188134193
1342313725
185168189169
143196146198
977610078
157247159249
123102126104
1211015112
180129183130
774797
154243157245
96809982
1166611868
1137311477
1542115723
6022162224
190175192178
3024433246
15191722
2918331186
9314195143
196107198109
149202151205
4623050231
1246212763
8488710
87879288
105145106148
82938398
108125109130
1225312455
6615769159
6321266213
32436244
89679072
6417368174
2522627228
96839985
188244192245
537640
1176312065
110102113104
1491815023
134230136232
180115182118
4821250214
19582658
1381713922
725766
1682817031
3613440135
5221553220
155105158107
6418568186
198153199158
179186180189
82538754
96709873
32393541
186160189162
1494115242
120248124249
5813361135
516719
7910180104
1292213722
24202722
86209121
188189191191
190146192148
73497452
815310156
89979298
109212112214
890941
124219127220
8919394194
6020361208
9418296185
