1777
4512450125
3817242173
1631916621
154142155146
5819763198
1132511528
1314816150
34313633
128224131226
36583960
148175151177
1078611088
65756877
119110126110
151244153246
1808418485
145104148106
1908919292
1627516477
181179182182
6322666228
1913519437
183234185236
81808581
1166411966
42654468
65866888
88828987
180232182234
153155158156
8711692117
176175178178
1664316945
3615740158
5422257223
32344238
196237199239
1705017551
14361487
134154138155
3312136123
9410797108
994610248
9121794219
2317127172
193163195166
8112983131
919994101
1510817111
1932619528
8581159
71577658
1441714619
8619989200
61866487
6623869240
182102184104
160182163184
43244527
135194137196
48605162
108129110131
150230152232
80308332
110169111172
1013410336
194196199197
2220325205
720610208
9112593128
8619289193
3117634178
155127157129
6514868149
1831618618
1067010972
9316695169
123107126109
6920970212
1102311226
42394541
7822080223
5624459245
31505153
42398240
74107712
5714858153
1571116013
167140168143
1643416736
88219023
1731417815
1716817370
61929194
151120154121
154216157218
722924
41324434
25752778
1133211833
179176181178
738789
3610938112
7510778108
1678817090
1915126151
723736
62259227
128155131157
51997201
171197173199
14651568
160146163148
4920351205
1482415325
179156180161
121171123174
140221142224
2417527177
189242191244
1888719388
1726117762
181203184205
179134182136
1920221205
1707317374
3618639187
01173118
8722592226
11761207
1311716119
182190185191
1723417337
5422757229
4821451216
169191171193
100159103161
3820442205
4212344126
4524548247
177112182113
77727975
1255312855
139113141115
91979498
9624497248
1409414396
94379739
167219169221
180239182242
613815
69767477
1782718029
1032910630
115116120117
28913392
157165160167
62596461
82738475
713010132
4511047112
95969898
1671916922
45904793
38204022
194130197132
169112171114
117150118154
131244134246
157124165124
1617019171
4019544196
8317387174
118160121162
7621779219
179188181191
32103413
162225165227
159111162113
7824780249
74317932
48745176
1048610688
164211167213
58346136
159102161105
191167193170
1858418886
67147016
1254412845
1533415636
6824471246
2916130164
146232149233
61018103
103151106153
7510380104
2324627247
1276512868
28963198
127239129242
1227512478
1198012282
85778878
151106154108
10531355
104210106212
5022452227
184164192164
166225169227
105184108186
129213133214
2115029150
5019952202
96639767
141167143169
66637064
1417914282
075376
124143128144
77587960
54435646
3314136143
12591560
188152191153
170173175174
116238118240
102233105235
1291613118
10321235
124208127210
3514836152
3917742179
66216824
1353813840
48775079
59376139
5712859130
101190104192
914011142
9622698229
192224
148208151210
1095311254
166150171151
22502258
712410126
1867819079
9022093222
1016713169
2995101
77388040
1137712177
3423037232
145201147204
1120213205
4117444176
189125194126
16632164
112187113190
105221110222
102100107101
147170152171
218249
3923441236
32953596
100135108135
171110176111
13611564
101193103196
101186104188
12221523
164121167123
1002910232
182157185159
3521138213
185176188178
1884318947
122157125159
2120624208
51315632
1233012433
1679216995
8523590236
186124188127
6114164143
61969198
1608616388
6419067192
7812880130
6419366195
1533915840
40614363
50445346
138179140181
142195144198
9522198223
130247132249
132167134170
5516259163
1432014621
3124133243
41157117
8817290174
66847185
144213146215
1523418235
15831606
5516857170
19112412
81528355
1306813270
1816020162
16761978
4421547217
118190120193
126123128126
7110174103
63216523
1034410447
148198150201
9124293244
1812818529
2111124113
2013022133
78668168
95279829
5514457147
1362013922
164175167177
188105191107
5320056202
809882101
817210175
99123102125
124196127198
16151646
111119113122
9118094182
7614179143
178104181105
54775779
7824181243
1536315665
28223024
1206612367
1566615968
52338235
4519548196
77208022
140143142145
137188145188
1321713419
142151145153
9214997150
6214471144
149114151116
129109130112
77157917
167247170249
189176192178
122160124162
3312436126
194240197242
9217795179
1378413986
105102116102
181183184185
86488851
4824049244
16611962
1613119133
72477549
124199135199
1036710669
1434214544
1216312465
191203194205
28723174
1084211343
184246185249
152167154169
186149187152
8813390136
4618449186
147192150193
180116182118
1871719019
78488050
134157137159
166152168155
1208312385
1348413589
5161017
01795180
158174161176
39434145
148131151133
197210199212
123167126168
192112197113
193105196107
1067310876
172190175192
1926419466
73197620
5122053223
8318986190
32383441
177207180209
923111234
132164135165
106234111235
125114128116
119107122109
168197170199
108244111246
11998121101
1038310685
633934
20662467
120147125148
1241012712
1812418426
176156178159
187180189183
192150194153
19562159
135166139167
193120196122
166118169120
105140108142
162153165155
1554416045
184144187146
4511847120
122182125184
23682472
124224127226
11891392
180192182194
1395714159
2113823141
4519149192
122227125228
1974119944
433536
52875589
1608416485
171132174134
43184520
1237912780
1336813571
1715517456
118196123197
37833986
7718479186
41954497
160122163123
101224112224
7418279183
750791
154186
161238164240
106159109161
7611078113
157171160173
9116194163
464965
1461114913
1314413446
1826318565
6214565147
171216173218
8824893249
95309931
10051056
168121171123
172156175158
1472315523
2814431146
1631516518
14201443
2823031232
165214168216
1023813239
140240145241
130152133154
8514788149
15521755
169152171155
2018123183
1623016531
917614177
134179135182
1715717558
392443
1783018331
105190109191
160231162234
66816983
152186155187
154227156230
18522154
1016010362
253555
95459648
57506151
5718658191
70717373
7371039
182175184178
174102175105
4821950221
1098011182
6321168212
150214152216
81508551
168124171126
02162219
1379214293
174138182138
01643166
7181019
1246612669
99211102213
5312956131
137162142163
4014743148
52097211
184200187202
7022173223
346648
8311386115
8324586247
6711969122
02244225
46204921
168127173128
7011473115
146119147122
3620639208
141122142125
194138197140
4223243237
6217465176
71787579
146156148158
125117127120
1475114954
1582116123
5921162212
469949101
983810040
57736075
800832
6715169153
5817261174
146143149145
1432214624
45815082
171139173142
1588215987
129184132186
192240193245
2124124243
151165156166
7010972111
3911942121
13699138101
107155109158
139216142218
1133911641
1327413575
622815228
01212124
1153411835
2715129154
7722680228
7412576127
89289230
7418476187
47415043
2821931220
148107150109
8820489207
194171197173
47835085
71537554
103123108124
171135173138
1578016081
3822041221
36643866
17962097
582604
8911894119
191190192193
107237110239
110165112168
057260
46224726
159125164126
1463914842
117185119188
85208723
8817093171
509752100
8418187183
02453246
1356314064
111207113210
1192912231
21553159
1777318075
174135176137
138219139223
151192153194
8522987231
1136111564
190208192210
5013853139
8914299142
15381839
101126103128
1219515197
178126181128
91319234
8121482217
116235119237
5224155243
42694471
103145106147
81208422
1702817429
5410156104
189103192104
77558057
71617463
5017952181
71657566
1718317287
6920774208
8915391155
59946296
136229138232
31603462
195152197155
78888190
7816280164
154180156182
1817418575
1809118392
3812743128
1019110393
1922019423
67527054
02052208
1867619077
140219143220
99184104185
7422776229
5411656119
157247160249
1423314436
195203199204
8321884221
1705217453
92103101103
183136184139
189161194162
110191113193
56395841
110178113180
91509352
15491751
67987299
166183168185
151211154213
1719017491
7923782239
57255927
1529015493
139229140234
143102144106
71397441
155168157170
5615459156
6616768169
2821430216
118198123199
100233101236
12951346
183111185113
71507452
4415148152
169181170185
112235115237
103202106204
98143101145
1212415126
8212285124
93289433
112228115229
1663716840
1895119252
51905691
8323885241
1498315384
6824771249
180170181175
162222164224
23292532
145146148148
119134120139
172153175155
695997
15791782
2016623168
136146141147
474525
59176120
15321735
1761817821
3424136244
10111043
134218137220
259827100
8120786208
186131189132
29163218
8122284224
136242144242
7623581236
5723560237
1794318146
9319098191
1923422236
158179161180
114196117197
2510128103
8617591176
3521837220
150153153154
3110034101
4713651137
6913072131
4211545117
436459
16981729
115180118182
54715872
172121173126
111181113183
95809782
1083911041
114188116190
115233120234
1957619878
1724320245
22202422
182160185162
169222171224
52207222
1521919220
4515848160
179164183165
6010663108
104131107132
01833185
350373
120203123205
163158166160
3110933112
9518098182
119151121153
182121185123
57146016
107200110202
180186183187
12541286
218321
121129124131
8011382116
138191140194
2916731170
77438045
168136170139
1322613627
135201138203
174216176218
45865087
7123775238
1761017812
1348113783
3223835240
2817131173
160191161195
134121135124
1045010851
1489415196
9413796140
3921342215
53135615
223624
13951427
135148138150
1117222172
113166116168
74807584
1656316765
163132166134
44424645
112244114246
71557656
151198153201
117134118139
98115101117
1228612489
120185122188
3121438214
5312056121
1314013442
1446614768
47175018
90409341
73357538
083584
150143153145
184218187220
9119594197
1466314965
1817818281
10371069
186198194198
190182193184
98106101108
86468947
14699150100
7423077232
2924732249
18861927
131153
196201199202
100239103241
1769617899
5413258133
15771628
1919319396
1719920201
1274113042
177192179195
153231156233
1044210743
9117293174
126220128223
193208194211
61406441
3516938170
122217124220
86969097
1227012572
1952219923
8113583137
6512367125
132200134203
1416814370
2417327174
135136138138
1421314514
8812590127
1805518556
10441545
130101133103
102115105117
6412066122
99218102220
7022773228
4615548157
1442614728
8116282165
190133195134
7851186
5015755158
177184180185
5923861241
157235160237
39804182
129144131147
104154106157
32265228
1964519947
36803882
3613838140
8718688189
1382914330
15301562
119113124114
95549756
1718017482
5914861151
4714649148
7321175214
5814461146
2010527105
1754317845
915711159
42416243
3821945219
1887219075
162195165196
40594560
137143139145
193101196103
10721374
7719281193
141190143193
1367114172
1316513467
6516068162
150241153243
109184111187
90249425
7623778240
187234189236
1393114432
110123113125
1943119732
1142011622
11291431
1224512447
320342
48725373
173181176182
1675916962
682984
11131144
4320646207
813410137
120144123146
7122973232
3124433246
1566116361
18601892
1619319195
720410205
1813620139
1168611988
1520917212
213515
21962498
148217151219
2017823180
63326535
188207189210
159220161223
116203119205
1128011582
1731617518
123137126139
59836284
409943101
132108135110
1083111232
7415681156
171144182144
162178165180
10651096
124200126203
2110324104
188185195185
47364938
559858100
11432147
1622618229
1319815201
1637916681
721210213
4024342246
1717819180
51878189
107203110205
21292233
1685517058
18282031
4617149173
102180104182
107143109146
1894819150
160162163163
1019810499
1362313925
76337836
109116112117
1064610948
1753417836
192154194157
612634
9420898209
34903991
5114154143
02092211
6215264155
174141176143
149163153164
135151138153
53645666
45524854
1768717889
3818342184
1015710459
156157159159
134126136128
1254612847
162149165151
6781179
189100192102
9417096172
1422316225
3011333115
78818083
102172109172
1776718069
153202156204
28473149
890922
9020491208
3215134154
77847986
285308
46395140
2914132143
5520862208
45304733
1132311824
3710640108
88408943
3015031154
151151154152
137212140214
121190123193
21404142
85349035
52745476
11499116101
45654867
1293313235
142115144117
119224121227
21792381
99223110223
1166011863
96739974
168238170241
183179186180
35393742
3619639197
1276912972
33363637
106162109164
13298135100
3514436147
1016412166
8612288124
1377814080
137249145249
8014283144
138176140178
9311195113
2518528186
57566058
7219675198
57425945
7910882110
1118511487
6214864151
32283530
8821490217
4923253233
9113693139
1912322125
5619359195
8124482247
7823281234
153157155160
6720069202
65506654
7915484155
7117275173
35533755
190180193181
1734617648
97204100205
34493950
66476949
1725917560
9614699148
79358237
10271528
128181130183
7224175243
155137159138
104244107246
4412747129
82598462
185212188213
3916941171
1192412127
91229623
1299513297
112169115170
5711659119
7422077222
18631895
1901019511
174245177247
2314226144
41524255
1527715480
7911182112
3511838120
8317585177
54805682
37124013
7915388153
5922960234
44774779
6010262104
9321398214
112159116160
41847186
1852018822
11251166
179121181123
8013283134
157213160215
186246191247
5023751242
53515653
2418126183
789579100
7321675219
1816618369
6218064183
188218191220
820910211
3914942151
102106105108
5018353185
90159217
128195132196
163207165209
1954819949
196161199163
158177161178
13692069
197100199103
2811630118
41744376
189122192124
129140134141
61566358
12401291
117166120168
186160188162
114219118220
4115642160
187215189217
4511353113
179213184214
01613163
1603516337
1604616249
145197147200
5219654198
187203190204
1709417296
2016922171
1409714399
1638916494
406429
1709717598
4620049201
985610059
987810081
113165120165
123133126134
38524055
1824721249
1113314135
61476548
1757617878
71597660
78268029
3022634227
1529515796
150146153148
5219355194
104120108121
180130182133
176196178199
21266127
192114195116
3715540156
1372613928
911512117
2510436104
104125109126
143216146217
83468549
151149156150
141161152161
106230107233
42424345
194127196129
1818420187
19402142
106240108243
13421364
7510179102
1448814790
116142118145
46574959
174147184147
1807618577
12721303
141914610
2914732149
1739417596
160149161154
122243124245
523613236
4015243153
160183
7801281
4310545107
1472115022
183192185194
165237167240
139202142204
2319825201
7724480246
174196175199
65896891
5221653219
9324595247
151220153223
92839486
171183173185
4320446205
48925393
59886290
34833685
151195154197
119813100
172112174114
8515488156
106195108198
8117382177
3714539147
8523288234
6417069171
1746617669
120154123156
20482549
74167618
1318915192
3520240203
2121124213
1427114474
8716789169
159225161227
154207157209
7319176193
1521515418
1059410699
149157152159
1701017312
8521886223
85408743
196114199116
21262328
3214434146
8513790138
116221121222
9412696128
117157120159
1233412536
109140111142
3510039101
1846618768
72857686
1702717727
154183156185
1158911792
39294034
113175118176
22172519
119238120242
121240123242
80718572
9011092113
118244121245
91539455
6401141
79918293
196117199119
113128115131
134102137104
112225114227
1757917781
1833618539
8117885179
61916493
133117134120
1803218334
1794718348
1027010572
3122836229
32175219
1520720208
37313834
100136103138
1018010482
63786581
55935895
1486615168
160120163121
54675670
107206110207
67307131
047250
127176129178
109240111243
4321347214
5012152123
1175011953
2923831240
12371259
122221125223
22423342
178114181115
14881591
8220985211
117246120248
1481415016
1488115382
176149183149
1917519378
123186125189
145131147133
1863618938
4916653167
173179178180
51815384
64366638
819910201
7118373186
1862818930
31316132
5123454236
157241158246
96230100231
164170166173
75957797
4674810
7416077162
1308513386
186168190169
1942919830
30563259
6921672218
15131815
5217054172
114161116164
8321687217
7417875181
1071210
1612816629
174115177117
1031210417
5210153105
23752478
25332637
182215184217
1818618388
1282413126
183124185126
168176175176
194189195192
1033110533
6514068142
190206194207
130241135242
2712230124
155135160136
31246125
8623988242
164146167148
187240188244
2522627229
1837818580
1691812
69867189
6316765169
11097111101
6810869111
1913019333
174239177241
98186100189
5412656128
184195186197
3724740249
1765718657
1691517217
167156170158
2513028132
988210085
93579758
1583016132
20732276
9713599138
1516117164
1354113842
4517448176
3821640218
1176812269
2413726140
4110844110
158117161119
1519715498
145110148112
51357137
21932495
430481
2416526167
170242173244
144192146194
850882
114207115211
1844618747
5510558107
853885
6818270185
812711129
147152149154
11411172
3120934211
31764076
61736475
2220925210
617011171
01335134
2124426245
168175175175
66716972
107152109154
136164139165
33563559
1332813630
1329013592
1661116912
818411186
2612629128
27613063
5786010
4716852169
109107112109
1918821191
6113864140
193246195249
95249726
1886619168
3724339245
187154191155
8710588109
90819184
105180107182
120149124150
1322313525
1257312678
83958598
185241186244
108218111220
2592711
1129311496
1271313015
120126123128
2119326194
6018462187
7224574248
3221834220
1896919171
5523358234
147220150221
119175121178
134210136213
169115173116
168212171213
1489215193
43834488
52126112
2514527147
81388440
9410496106
6988100
02204221
9751277
62106512
164167166169
101189111189
151136154137
1844818849
9612099122
9311496116
132223136224
19852187
133186136188
6515166155
1488915191
16799169101
1902619229
186232186240
76927894
181244184245
85368838
1063710938
1181612118
7815981161
77237925
4623749239
16221825
61658167
6617468177
4617749178
2416826170
154132157134
31633266
1121014212
158196161198
187165189167
7613179133
720742
5624058243
143121145123
82888590
193212196214
160129163131
98216101217
6518868189
1627216574
110161113162
162161173161
7510580106
1333313635
99242102244
774806
1669616998
2817430176
41116114
1595116154
1904319345
5124555246
117230119232
452503
6123070230
114134116137
1662316925
3317336175
38404142
7711880120
130219133221
1544615551
194235195239
1311213414
1727517478
1564615947
100111102114
8611089112
4821751218
18792082
130239133240
158168162169
6223865240
1477015072
4516448166
154199156201
1245912662
67406942
83288829
1658216785
02393241
80948297
98132100134
8112683128
115140120141
137224138228
89749375
19801993
7712579127
150233152236
1457314875
7312875131
4814451145
1791818220
180200183202
1812718927
197125199128
195149197151
99224100229
74907791
4320845210
1711920121
924013241
7214173144
76617963
23442547
1774617851
8122583228
116169118171
1425514557
1916322165
23902692
130205132207
85578759
189148194149
1911522117
44734775
6424367245
1276113062
653954
1293813439
12297123101
1645616758
125243127245
117146119149
126158129159
172221176222
16651966
255278
1948219784
1411914223
116118119120
160156165157
129105134106
1904619347
23512554
161213163215
100122108122
1531115514
16301662
01551160
1173911941
7411476117
1378714088
141238146239
196247199249
46635164
1425814361
1367314174
80588163
1412816130
153172156174
151205156206
1012310326
119123122125
100118103120
1214215144
1747117674
155112156117
162105165106
141148144150
121163124165
2719430195
25202921
177236179238
134208137209
626928
193193196195
8713989141
26852887
3724040242
1532715629
139137142138
58776179
88939195
1953319736
68607062
1449614798
01522154
01302132
138139142140
1269512898
196156199158
6821371215
3911142113
109194112196
9015995160
4811750120
6318465186
1511418116
1168011883
7720380205
910114102
111103114105
2123023233
9019092193
173118175120
1162511828
5822661228
111204114206
157193159195
1416414267
1292813230
147149150151
89709173
42924494
21822384
1134411646
1748617589
143143145145
120111124112
196174199175
63296631
147194150196
9815599158
157199160201
84928794
10501063
3918942191
1199412296
130215131218
813836
105127107129
7019272195
1755317855
146134148136
1258812889
19031925
2893111
109225111227
158205162206
63626565
1526615568
1634616648
2820029203
41186120
1415319154
1096711269
4020642209
99206101208
143134145136
163204166206
16432643
20882489
2711030112
01410149
0041
1224316244
630932
115105120106
1947419775
1894119442
45685069
98245101247
163144167145
127107131108
5913767137
1416214563
141231143233
174122178123
137914011
1402414128
83658667
153214156215
41214423
27122817
