1753
1788118183
77588259
167200169203
4420146204
9318594189
58896191
2716030162
171136178136
128197129200
1224312545
4619651197
1228812490
63466548
3917441176
2715530156
129201133202
4715549157
57366038
60286429
055258
1949119693
142153145155
1295613158
24742676
80848287
140127143129
156204158207
2424026243
5410956111
4021343215
5385
1708417386
1374414245
143133145136
122158124160
120157121160
89269427
1706817370
1473515036
6715770159
641843
141179146180
187179189181
111204114206
24922694
2613828140
5718159184
163237165240
78408042
132196135198
492694
180211182214
164187166189
109202112203
50825483
106166109168
4010643108
3521837221
02304231
2424627248
1536815670
7719680198
86688970
3017632178
42336235
35643866
168173170175
2718929192
511910120
1784018141
5919060194
106224110225
3618239184
113200116202
164131166133
111221114222
82298333
178206179209
6512367126
966610167
1498415485
9412997131
1442514528
1821318515
98214101216
188170193171
100146102149
185137187139
143102146103
129162132163
994910250
62926594
35384638
1402314128
471674
92709571
101100106101
61306432
1173511938
61439144
4021942222
1748617589
149124151126
58316033
8716789170
145186
1376313866
151152155153
154216156219
1486614971
32543556
127209129212
29503153
1093811042
183211185214
1384614148
171116173118
149214151216
5318455186
190154195155
152197157198
815411156
01411144
118124121125
156146159148
75337736
1361013912
1747617778
114247117249
162125164128
185818710
57125914
1938119584
1092711129
195176198178
91839385
1605016253
2623629238
114132117134
1264512848
3019432197
124181127183
4421348214
107181109183
1448514886
87629064
164198166201
90519353
7312576126
910013101
66837184
173108178109
9118592189
186167190168
4514348145
3119134193
1285913161
175189177192
177117179119
9413695140
1294713348
84278728
163181164184
2224426245
22212326
4217545176
9315495156
6018263184
133190136192
120222123224
124220126222
107189109192
31576159
186186191187
8013283134
194179197181
34493850
1639117191
6419368194
101179103181
1912619229
99208104209
156150159152
17931815
1084911051
1059010792
394426
1847618679
1889219095
6420565208
1932419825
67306932
6021563217
4624749249
2122124222
103148105150
110191113193
38534155
61508152
548579
1949419796
2913731140
179176182178
158198160201
8617188173
1311517116
54755976
5112653128
6613768139
1041110614
128164131165
138244141246
8823390235
1337813680
1913122133
01803182
19122214
192183193188
42108211
1632216525
3122832233
1902219225
65766878
5514056144
14691770
02062209
72219223
165123167126
131246134247
4218344186
978610088
1785418057
109245112246
1345313656
3621339215
5216054163
95111100112
031234
168143173144
912311126
1119111692
5411857119
1494515446
191191193193
1188912191
719211193
1911619417
1983219936
4312244125
1639216595
1812818429
72337436
8219085192
452503
19442345
82818583
3619939201
139125142126
766969
19232125
1747017871
1708717389
60436345
7916284163
1251512817
179173182174
122148124150
7119373195
5414558146
102157105159
6316465166
3415235155
3922741229
4615848160
01114112
6231024
119204122205
194127196129
133180135182
156244158246
1331413616
196202199204
1714417446
1418314385
63336535
8813890140
8820889213
1674517046
105202108204
2116624168
1711820120
1245612658
3622540226
23172818
7010974110
21602462
120229123230
189163194164
1833718639
8320586207
899891101
1926019364
160225163227
918811191
31293431
43174618
64446945
5412057121
1166911872
178221180223
8514790148
176240178243
192131195132
97234100236
1974019943
1281013311
137241140243
9621798220
141201144202
9018292184
7713187131
160248163249
31926194
1106011561
3120833211
79958098
2721929221
17401791
1461414816
1128811490
161130163133
7018672189
110166112168
51575459
1910221104
55295732
1533615637
1627116474
65266728
12511454
17421845
120241122243
100247103249
79128214
135242136247
8211284115
46155116
7224175243
195171196175
73427545
144248148249
115126116131
76788079
136105138108
81948397
18492151
1005410356
155132157134
121184124186
8113984140
1214612547
1551715720
1876519067
108229111230
1286213064
84958698
191232194234
1288813090
79108211
1153111833
1914919550
41504452
145199147201
3894111
9261228
12751577
6613268134
1409214294
7117674178
157104161105
152109155111
6722072221
4711752118
1523220233
1216312365
713210134
5417059171
1219014193
1313813340
134218137220
123214128215
154815611
175144177147
146133149135
235437
1833118534
146109149111
2782911
182134185136
159119161122
3414237144
5021252215
1092211323
156119158121
1084611048
5822961231
122141124143
80348336
3714839151
72757577
144194147196
7410476106
7117172175
14398146100
149142154143
167243169245
195229196234
1258612788
121169123172
153119155121
1319816200
1548015683
02323234
456488
1620720208
4219046191
1823023231
168240171242
15621593
85449045
183227187228
2120724209
15401643
1578016081
1304913252
1655916762
8015787157
118122121123
7812381125
175200178202
150229152232
6522866231
152144155146
387689
87469048
1432014622
52325434
175134178135
177229179231
02133215
3110734109
1791918320
1916021162
161115162118
1352213824
116148118151
4210445105
6720169204
3723039232
253285
1672816833
149170152172
185241187244
203244
69987299
73557756
6616268164
5817261174
9315997160
40584260
7510078101
1092411126
175122178124
197156199158
199191199200
1563315934
9318295184
073176
1881519018
3824140244
2222326224
1484815050
159153161156
992410226
151133154135
5222654228
41624464
102214103217
22512652
146122148124
111157114159
14798149100
7616579166
128133130136
98549958
171150174152
096299
1410016103
1587716179
1208212187
5719058194
137158140159
166150170151
8812591127
187214189217
1387214173
124134127136
182144184146
110215115216
1509515397
4018241186
38324134
20412243
4922651228
773975
120177121180
99118104119
625827
1071010913
128206131208
1733317635
130217133219
138172139175
105104106107
195237199238
8120284204
104212106214
2714131142
113209115211
151106154108
30423244
137247140249
8720491205
1964919950
1186112063
8611789119
972210223
165147167149
161202163205
1716318167
95939894
9311996121
123137126138
99217101219
62736575
27153016
1462514828
34513753
1247212675
1765817762
138186140188
7818980192
148220150222
186209189211
15111813
17361759
7120676207
1716919171
107113110115
200232
114100117102
95205104205
30343734
7010371108
107126109128
4122446225
111153113156
3517538177
85518654
49465447
1342613728
67657067
1963719939
150191152193
196205199207
70517254
1821720219
7114772150
41694371
142115143119
176203178205
95499850
161147164149
1537515876
1895219154
7210074102
1545515756
160222163224
8420987211
184176187178
123139127140
3116436165
655857
124194127195
8917191173
12331265
41827184
1657116873
1734917651
108155110158
1456614769
5616861169
6720869210
5417656179
197168198172
7616078163
173240175243
1375814060
6314068141
157193159196
51845486
196134199136
149127152128
2422928230
02234224
134207136210
45524754
9523798238
150112153113
36543757
62396342
72387441
14311733
9011992121
132206133211
145228147230
820843
125216128217
9323095232
174104176107
158125161126
191111194113
5411658117
47245026
091393
166143167146
5413257134
1581016112
134237136240
3323836240
150131154132
166247169249
160141163143
123237126239
8024583247
97104102105
6324766249
184234187236
137237139240
1255312755
3411437116
143204146206
1628416487
164170167172
5717659179
117141118146
1522717229
61776479
97101100103
986210164
1383214035
56545955
1282913529
118155122156
51925493
1510817110
1483115034
01581161
7914282144
944966
9531155
450501
13421355
101188104190
69737176
10561358
164202166205
22192720
179108183109
124227126230
2910032101
5013451139
102177107178
1447314774
7824579249
1452914732
153232156233
1809018293
1903719142
7019072192
822610228
177164179167
186237189238
1294113342
126225129226
6815470156
137169141170
3421039211
3317838179
8899011
237347
1767217875
152224155226
6023765238
3724639249
172140174142
1117511477
20152218
65296632
1457514777
183173186175
100244102246
54775878
1653816840
1113416135
45784880
19852286
135167139168
1768717889
1277712979
36413844
181247183249
1151311715
145246150247
19632166
99165102167
94839785
140714210
8624088243
1344113643
8814191143
43584660
31235125
4512447126
1425914760
26832985
126104127109
1803118233
1593516237
114165117167
719510197
1689617198
93229525
44664867
7313476136
6913074131
179218182220
158130160132
7020873210
168238173239
84379137
165215168216
119181121183
70587261
1542415925
1325313358
184121187123
8016483166
175193176196
137110140112
7821080212
7621879220
9113394135
1014312146
5621158213
1495615258
1344413647
84158916
1943219733
186133189134
99126104127
01175118
918011183
2816330166
161198163201
9624097243
50485350
80738276
820210205
72807581
171133174135
31376139
8022883230
52975798
116161118163
1729017492
1387414175
183101186102
105205106209
29713173
190244193246
5016855169
9519398194
1796318265
4811950121
6312764131
184229187231
95539756
108239109242
9112993131
01295130
146146149147
6312364126
1014610448
153239155241
64956896
156224157227
189160192162
3811039114
164103165107
1323013532
1894319048
108162110165
156122158124
5321155213
1773417936
163193166195
6218764189
1758017783
87728975
11899121101
1105311354
10351337
75217823
9610698108
3124636247
51355636
1364913852
8416586167
2018823190
29913193
69717472
29253426
4819951201
94669569
01891192
166155168158
157129168129
7419377195
5613759139
142162143166
68877288
23572659
1336113762
160239162242
1266512868
351383
7216776168
117222
1212816129
49775378
2024823249
188227189232
177215180217
1106711369
18312033
155209157212
5413559136
1707517377
1157611878
163244166245
178191181193
7713780139
8813590137
170212173214
18541895
9216793170
1947619778
6121972219
148161156161
1479215293
7822180224
9524798249
2618729188
72339235
1818718488
169218172219
1158111883
92549456
20392340
1345713660
1401914222
1120212205
4010043102
168101170104
180148183150
108137110139
02352237
183137184140
9021092213
4113043132
112135
1285313155
140147143149
9021691219
179242181244
512553
738940
49611
195194198195
6219863201
85468650
41214423
920942
6913671139
6518867190
115180118182
16281830
113168115170
1487715278
137201139203
129243132245
3512238123
1453914841
162155165157
76747975
1077810980
1084311045
63866589
484525
1043810740
5219755199
41464349
1851618718
8912394124
1409514397
88319034
155157158159
10798108103
1707817281
144148146151
9614599146
9113693138
153204155207
1549515797
139118141120
1129511497
183115185118
1841918721
47605460
1515520156
7314076142
1418417186
18462048
1431714619
29743276
182191184193
34583661
3510738109
1181312015
79188121
68486952
700751
1379013993
1818418486
123198125201
1152711829
9317496176
107194110196
4518048181
114135118136
108146113147
3319435196
139123142124
125150128152
1693317235
1877818981
1457014772
4622648228
5520557208
145138147141
149101152103
1164811752
1449514797
52128214
7712980130
66876792
01452147
19872288
124170128171
119153124154
1298213284
8424888249
1724319245
119144121147
186129187132
161234164236
2516427166
31393441
6010362106
82888491
1662617127
103146107147
1062510828
1766317865
118132121133
166237176237
59806282
1822620229
80478349
81558357
1712720129
157220159222
69637464
998110183
178142181144
26393040
7318276184
8015583156
171182174184
1246312764
6013662138
3912043121
24442548
1426914471
1787618078
1038410586
1319113692
1282613128
152246155248
2024021245
49795281
8522088222
1582116123
3014735148
4124043243
94619763
1236612569
2610028103
113141116143
113175115177
36243926
01743175
12891399
3112935130
107213109216
1922321225
83618663
1899019391
45714773
145214148216
913210132
17772278
2913132133
1764217943
7210373106
17552555
8810891109
4415148152
95309831
11861388
4914352145
14861537
131224134225
1445314954
191125196126
3321734222
1114511447
4017145172
62068208
6814271144
1166411966
33423544
9524497246
9422696228
8312886130
110173112176
14311446
141241144242
1214715149
148199150201
90759178
6420266204
12211523
1273313035
146107150108
107209108212
46924994
4324446245
155214160215
32255227
460762
40244325
139106141109
116159119160
101122105123
111225115226
190230194231
1873818941
47214923
43354636
74828182
22193222
1987119976
1581416116
046846
1696317464
3122435225
7923181233
1108511387
528730
181179184181
114187115192
26432945
193117196119
23842587
19031925
50175219
76808081
174221177222
15131535
155228158230
156239159241
2423327235
1962219923
01623163
157170158173
920612207
1121211414
1925219653
3011233114
1014217142
59266427
4812449129
13721574
757779
154189156191
1564815950
143211146213
7321975222
70437246
9414896150
134137137138
8619291193
16741976
8398512
1584516147
36203922
151218153220
1811421116
1331813520
7213775139
1027010572
193145195147
1817418377
14791781
72787579
1625416555
130183139183
1796618169
1941319715
1686117362
157174159176
160106161109
1749517796
1041
967410075
7715579157
162210163213
30653168
155135158136
6310468105
8688711
167223169225
6219564197
1848018683
4319346195
1619116294
1506715270
176218178220
125161128162
6021871218
118228119232
123240127241
122106124109
4420847210
1371313915
4010943110
153115156117
171235175236
3622340224
30323433
42784481
171166172170
1061911120
161112163114
1243
124122125126
1113811242
137121141122
83868687
1593916241
9522297225
137209140211
9420898209
56395941
7323174236
53175519
149136154137
135163138164
2016922171
83688570
01763177
72737574
6715271153
8924391246
177102180104
7715880159
1719619199
135160137162
6216764170
128101130103
1217912481
18501863
17681809
185160188161
1785918161
196246199248
182125184127
79888191
1519118193
181196186197
105189106194
2818131183
171101173104
159112160115
125244128246
175197178199
83648665
4713849141
1133911840
387438
175158178160
171171173173
1258012981
3124233245
56566157
23702771
8523587237
116222119224
10911132
1957319775
88659167
4516647169
1859018891
1801018212
47395040
159123164124
1401214116
139218142220
55856086
1318513290
9416495168
197173199175
132193135195
10621563
1362913831
32425245
2821732218
1049310795
1933419536
1598316185
1916321165
122178125180
135132138134
179245182246
7716779169
2220024202
7317975181
125130127133
8720691207
42324534
369938101
34354235
3821639221
155154158156
9115795158
89219223
174116176119
6115564156
107171109174
3122635227
13999142101
197230199233
166116168118
1276913071
35293732
1021712220
26212923
123524
9015992161
1406714468
146166149168
1614317148
98184100187
38294031
4678
6017762180
7917881180
1023512237
763965
61018103
1773117933
522412224
4319745200
1797118273
122812510
7711481115
9321095213
1655016852
917968
2318227183
1639616599
137223142224
0537
68266929
1057810681
8920192203
6514868149
6519568196
131153134155
1515718159
1737217574
478581
5022953231
104247107249
2717529177
167198172199
8922094221
83228823
1216814170
85888889
1228412487
7018272185
3018433186
1895519157
174100178101
44434745
6512168122
118164120167
7920180205
9511598117
127137130138
79528254
186115189117
64646666
131167134168
7724280244
15861618
55445747
6491449
70137116
1289113093
10681369
1265012952
95359738
8016782170
9212695128
241345
177114179116
52515553
106200109201
144217147219
3221235214
321822
2610728110
985110153
816911170
1017310674
7017972181
75107811
170187172190
143167145169
7024473246
2413527137
8422987230
1828018383
113113115115
106134109136
189101191104
158116160118
167183170184
1912121124
146237150238
933910339
179160184161
84588760
1561215716
193219196221
1188411988
157216159219
7220374205
6518669187
27573059
4024542247
73577658
42196222
110231117231
139215142217
2920131204
569959101
1176712268
2811630119
13651397
1646916970
60216422
1932619627
180157183159
73467548
1741917820
170112172114
15471750
1492515030
1521515516
178129181131
163117165119
1847418975
1627516776
1307513277
90599361
90709173
115122117125
1877019072
107226110228
46324934
1339313496
31495152
1189212094
1543115732
154199157200
108142110145
1627716479
915213153
150239152241
104184107186
196226199228
1358514086
3720340205
1755217755
192174194177
106243111244
176149179151
180166183167
18299185100
1337513577
104181106183
94589760
8822789230
162120165122
1621316515
183170187171
31265128
116225118227
13261358
5620360204
2821430216
101184103187
2615729159
154194156196
11951227
95142100143
30623563
180115182118
32573361
80378339
2523130232
174126175129
9224394245
154178162178
132227135229
60736176
2317326175
5512959130
170232175233
1158511788
177194180196
99191102193
1413114433
2316925172
4123743239
96719973
131135133138
111187113190
1491415017
01154116
190180193182
142170145172
51235425
2018122184
75247826
27932898
6210763110
3018733188
88289130
187106188109
160173161176
128176131177
123188125190
142120145122
9217895180
154201157203
185145187148
434475
124101127103
113160115162
169154172156
177105180107
617918
151236154238
23412543
151199153201
2721130212
63836585
6322668227
1334913552
140163
1307813281
1421316216
4420546207
1554115646
190133195134
115103117106
36673870
134187137189
187245189247
6013962141
179203183204
172203175204
133212136214
47295031
1859719098
158163160165
1661216814
192148199148
3615739159
129178132180
114148115152
862913
41705173
1623819239
119104124105
6217264175
84388740
1908119284
1669216895
6819870200
98151100154
133156136158
1633617336
126122128124
4518548186
66466947
72837684
26462848
7414376146
159169163170
32123315
135204137206
139132142133
1288513087
53125613
2312426126
51608161
192194194196
1513015333
4014742150
8917691178
4614649148
1733017632
4311344118
46824984
1179611998
6120463207
51158116
56515953
1621616518
4421548216
2120326204
1254012842
2123223235
111135113138
169157173158
1323516236
7411376115
5712460126
105230107232
84928694
3020641206
35873790
1558615788
3416035163
115193117196
1215212454
1312113423
159183162185
96769779
94869689
128106135106
148233152234
196306
78558057
196137199139
87849085
535837
3213834141
122144123147
151209154211
4019742200
183103184107
1036110663
5211255113
1746817869
166103167106
1779117894
145189146192
129203131205
145241146245
2619529196
5824461245
124223127224
195196198198
154182162182
115218122218
111163113165
11601175
6315066152
148202151204
141204142209
86128914
6721374213
1697217274
5914260147
128222130224
79228125
1424714450
5310656108
167188169191
59836284
1085210955
128129130132
1210514108
3811542116
23882491
45634865
16321673
2115024151
66546956
98159101161
89569158
114144116147
137178140179
1803418237
26602863
1338713888
1161812119
7517680177
7411677117
93959597
107222110223
1391413
1197612081
4017743179
4912252123
26272929
1646316864
57946095
73597661
77837986
1510417107
135176136179
7523778239
4521149212
136123138126
6516868170
4794911
1076110964
103228104232
1425714758
1502215324
110241113242
6524268244
156247159249
1066610771
134115137116
4024843249
1616018162
1038710688
150176153178
1015710459
154179156181
172229174231
1612318126
198239199244
762794
110130114131
7713479136
8610691107
4115143153
1099511198
106120111121
55595762
113811411
125206127208
192222197223
320343
1782818030
6916171164
30273528
93909692
996810170
190227193229
27793080
1454514847
16001623
1417517177
55825884
8924793248
4215945161
2824130243
2613128133
125192128193
164168167169
61858187
96469948
3424136243
4020143202
5320157202
70237325
112229117230
183216186218
8121584217
157141159143
1512515327
53375540
18161829
680693
1031810520
7517078172
147179150181
2520028202
7315975161
1592616228
6221167212
1919419397
5010953111
12141715
71399142
8217784179
1421414516
1644416646
83738675
57486050
82248725
