1718
1916021162
34463748
983510038
326377
136215139217
4010043102
191174195175
70787281
1605116353
165100169101
91699471
1713417435
183125186127
1492115223
5623459236
3921440217
1912922131
46665067
83458647
73277530
10661269
114125117127
81158417
1947119673
1464915150
116218119219
108194113195
160145162148
3018532187
161119164121
106200110201
165102168104
1392314125
1112321123
142121143126
143158146159
923912240
143198144201
24762877
108115111117
3617137176
4621648218
87279029
820110203
55295831
92759676
241273
170917212
153210155213
1394114242
1507015273
35513853
822011222
157145159148
175184180185
4519148193
1704717349
142114144117
1178812189
121129125130
109118114119
5712562126
175104177107
1886419067
1973819940
119186123187
79948296
148228152229
32203521
1496415465
173201175204
6821969222
178232182233
92509452
85948699
31306132
5216257163
107171109173
7119373195
1376314264
6222464227
2011522118
98182101184
73397640
9714498148
147248151249
146107149108
147203151204
2092311
148231150234
1017510477
5913462136
2918132182
116196121197
823111233
7910281104
985210054
89799082
1041210614
1748317785
5011053111
5013855139
1464015141
1366513967
7522978231
1437814483
6810769111
1057810880
28493151
124185127187
7197610
153161156163
1312713528
107104110106
5610459106
142144145145
125153130154
157173162174
183112186114
94669967
1908619190
44524460
184189187190
134188137190
8023182233
100113103115
3215835160
159190162192
1425614558
186138189140
9617997184
723746
196238199240
1223912939
17541776
1449514797
170223173225
43724674
111125113127
93569558
115236120237
2519528197
143166146168
65707071
2212125123
156220158222
3617939181
1834118742
108234112235
1223115233
132164
107113112114
6014563147
194229196232
6613669138
132199134202
111236114237
1213612438
120139122142
27542957
116117119119
8223684238
107158108162
1502515227
9317195173
8912091122
1312716129
160111162113
116154118156
2013522138
6010962111
1931119613
8410287104
143191146193
1779117895
150194155195
73847685
12221424
8713690137
74197621
178127181129
178234183235
6520268204
157149160151
137200139203
86578959
1218616187
8813090132
435737
8317486176
1276612869
912512127
6917671178
32684068
157119160120
1754017742
4223045231
1252612729
51325334
1017312176
40784181
100106103107
01782181
1013610338
94389641
1458014783
1869618899
2312728128
9118095181
24112713
7619679198
86608862
1312913530
5621459216
1746117565
01292132
51855486
21435145
7415077152
85148816
1821918421
7716282163
58956097
2724130242
38763981
9611199113
41754377
45124913
717919
1799518297
152207155209
1851518718
432733
151136154137
5217455175
100179103181
119155122157
1179012091
185195188196
1752517727
5017751181
112208117209
4010347103
94164102164
21255126
149160152162
919512197
37374039
13641567
3314534150
8520087202
1718218187
153198155200
6418267184
2815131153
175181177183
170127173129
9313596136
49305034
196162199164
14898151100
6117364175
1691911
3117133173
8724288246
119151123152
8814090142
1196012065
1213512935
191180196181
1667
103235107236
136118139120
105233113233
319621
156197159199
179139182140
1682517127
1609716498
165231168233
46294831
2114423146
121235124237
43704871
9220094202
163206167207
5222853233
7613678138
1231212614
5610159103
1244212645
189196191199
99132102134
6713970141
82818583
138186141188
154107156109
58336135
82208323
2816131163
111200116201
1467014972
1964919951
140191142193
149191154192
01431148
1434214843
1844318745
3815241154
1237112574
4919050195
5310455107
02043206
23582660
1723120233
51555457
61916493
1586316066
161205162208
815847
188230193231
1125811461
166113167118
76107
10599107102
55565957
1457514877
95619863
53935596
3323735240
174128177130
1683217035
5815760159
4219447195
6918474185
4412645129
1847418776
32363637
047348
159247161249
6215567156
70657267
1291613217
166245169247
8420588206
175111178113
036338
31816182
1228212485
2622529226
9716999171
712910131
192188197189
42794482
125125128126
94109712
4822351225
1818018980
7714079142
112165114167
196215198217
90229324
68757177
143202146203
32823584
8218083185
3715541156
87218924
194152197154
153131156133
189190191193
9111496115
79468248
178120180123
94539754
123190125193
103227106229
128101132102
2020624207
1652216724
164211169212
1503715339
1977219975
1028110583
144232147234
68527153
187239189242
62496650
122194125196
9512098122
160243162245
110148113150
183197186198
1628416486
4812550127
1536815670
2319225194
1697417176
116225119227
139108141110
8324186242
1524420245
8717590176
79248226
8810291104
96228100229
1846518767
123107125109
126107127112
190153193154
43614663
140216143218
39604262
57836184
152119156120
192198197199
5711359116
18551878
71618164
16251827
1406514367
143239147240
6410467106
1093411136
3124133243
1976819971
4610049102
1805418356
4519846201
6122163223
5821083
5722160223
108223111225
107129110131
041941
1884119044
175190176194
51455348
10151516
619910200
1579515998
8322885231
1136611668
18151846
146210150211
6116864169
133136137137
143102147103
1524715549
31958196
1894819250
1631616519
3622840229
113160115163
105184110185
181159183161
1272013021
90569258
170148173150
1431714619
116174118177
5310155103
6718769190
3410339104
67496951
8513887140
8514688148
8410587107
145241147243
47585060
127132131133
3221336214
2615627161
1947819979
136160139162
1019510696
1945419756
160201163203
126119131120
183245186246
11911493
51425444
163243165245
4820651208
11751477
8717790179
4017843179
1571015913
199821101
178106183107
3720440206
3823646236
172102174105
5513058132
419414194
100108105109
130177133179
8798911
108239113240
75417743
73557856
142187144189
100159105160
83868687
75117713
8578610
2120224204
119172123173
12411263
135106137108
179130181132
143100147101
175197178199
191131194132
1102311226
13111514
88759177
196246199248
2922034221
105209108211
140231143232
188131190134
98211101213
131223134225
31943297
7515776162
98165100167
159125162127
7016672169
7323675239
7920781209
171118174120
47635065
91279330
135224138226
154201157202
8122290222
86818884
83338635
4824051242
9021993221
2912532127
1409614397
109141114142
1767317974
8017981184
1521515517
2422126223
6011262114
31786180
191177196178
5822461226
142148146149
2218325185
121168124170
4714452145
103151104154
83408642
4323446235
1132811629
4784911
173245177246
02072209
2322924233
1154511748
1529015492
6517968181
899891101
1532015523
1317013870
162156165158
66656967
43964499
1823818540
8111583118
21932395
82288629
5085111
1217812381
142223144226
48725075
71357337
8481150
111211114212
01235124
3223135233
51568158
15841607
4412447125
1228612489
194208196211
9099113
1791618119
61258128
2221725218
178186180188
9113396134
19412242
51585360
1093911142
164213166216
27142917
9610099102
1043810739
5121754218
48155117
182174185176
15031525
94919892
6521167213
9212094123
1282713029
142173143176
1964119943
6720872209
7022475225
16131645
484507
89459247
193221195223
174149178150
1519617199
1362713928
1511818120
169229172230
8516487167
150143153144
1943619639
15762077
135211139212
7224983249
190184193186
168111169116
152141156142
34223724
46414943
38844385
977310075
57736075
7717879181
2711030112
1913222134
3110933112
039540
100238102240
9218495186
67317033
23412543
6196510
21382440
6223465236
6319865200
2718128184
1922519527
84728973
2110823110
131226132230
967710078
142184144186
44854787
611311114
24932794
1411714222
6219464197
1018813190
145199147201
979510097
146220150221
100110103112
1424914451
30113313
9624098242
131220133222
86668771
6719972200
1433814839
2520727209
1783018032
1887419076
188119190122
169238173239
1016010462
143132146134
42534358
425456
5517263172
1274212846
96299931
227529
118208121210
8123486235
669968102
73807582
1624416546
031333
195203196207
1899519396
58606063
28603162
9011692118
26283029
2410926112
1818118384
1935719659
94139914
163816511
6624669248
1756717868
7022673228
118123121125
1594516147
26382742
5712760129
21345136
1464714948
63866687
9321197212
122206125208
1717620178
12291431
128206133207
7419077192
149244151247
2482610
175917910
890922
33953598
2224224245
160196163198
1844818750
1226712469
1047010971
129183133184
6220164204
54175619
1863818940
692894
192192197193
2122623228
134191136194
2120824210
8220583208
140158142161
13111342
4122543228
6311565118
72747575
1369313995
1562016021
163169168170
188179190182
11421443
19902391
7120474206
132104134106
1114411446
1568715988
879888101
117102122103
53815484
562584
1626616568
6714271143
6715970160
1523818240
183122186124
7024573247
2819131193
115166116169
175212178214
145150148152
5524757249
1412119122
67867088
1583016131
3710540107
102215104218
1952819830
182102184105
159230162232
158207160209
190208193210
3120934211
8814391145
1147411676
34103612
1088110984
57445947
1962219924
128223130226
179175181178
32883590
8718090182
17962097
3124536246
3724542246
4815751159
8021483216
8111082114
89359138
3622540226
6010563106
1015510357
11584160
01185119
62846785
6513368135
637668
2611829119
163181167182
168121170124
172159175160
154214156216
1314313345
118127120129
7419375198
115193118195
71717373
44754578
112225115227
31135116
8712995129
1664316945
153155156157
60476548
75237825
166226168228
5816060162
171234173237
6815771158
619211193
55145816
194149197151
17499178100
178245182246
156239158242
9610497109
8916892169
165186168188
8822891230
1001810221
1725817560
1008410585
63576758
1819520197
8711689118
11221154
976810070
171156174158
1096011163
20692271
167141170143
170113173115
58526154
185226186229
1096411266
1497415276
4410847110
7720484204
6821170214
1677017171
2023423236
118181121183
106169111170
18572258
4217545177
2723630238
60566259
2013923141
104136105141
4414647148
353754
8817291174
459760
131246134248
5721160213
5412057121
1157711879
1593516436
152183154185
11544156
195101196106
1123311535
1462014823
169104171107
183109186111
189232192234
87409042
2716728170
15381589
785808
1525015751
86508753
650682
7121374214
1387814081
818411186
8021782219
1601016213
9701272
120201123203
167189170191
103125105128
9424597247
21405142
8112184123
155191158193
152147153152
1294013142
312335
6023765238
1616418167
48255126
56385840
1362913832
60646366
154149156152
104194107196
12721303
2615027155
924112242
107132110134
3414037142
171124173126
1531215613
686888
1535415855
144174147176
9417696178
174232177234
01152117
1509515496
110178112180
99241101244
1417514476
123211126213
189227192229
112204115206
101195103198
146162148165
2710230104
60446246
135243136246
6823071232
1777517978
172195174198
297598
1623519237
1903519337
1653617636
55245826
5916362164
197205199207
32493650
94249726
1515322153
185104187106
151110153112
134117134124
187183189185
193247195249
11514153
127142130144
7316876169
3315436155
178220181222
1643717537
3614341144
974010042
6611769119
118246120249
1838518489
1267013071
185142188144
5411857119
71809182
54455648
6716170163
1813018234
2910632108
3714539147
1524619247
1391214214
018221
5414059141
1710320104
1846118763
1922119424
127167134167
1316313465
149226152227
8317786179
1738017682
99214101217
139113141116
1564115844
1708717388
172240174242
50355337
6817072171
1166211865
3722240224
95234100235
1637816680
7224074243
5016752169
2024623248
5813761139
1279113093
7017973181
6415767158
13521374
111138113140
127140132141
4717849181
118214119217
2423926241
1451510
3215135153
135232138234
14441548
185236187238
106186110187
45514853
1110116102
98172101174
1558415886
4810855108
1695217254
32143416
279482
171121173123
167213170215
1333313436
107221112222
1973519937
3514536149
10411073
166159169161
177190178194
9941395
4620349205
9518898190
1132211525
1626016562
1775718059
185145186148
7116273165
141127142131
1875719258
4118542188
42384540
1462614927
77937898
1894519147
1949519797
138178139181
179198182200
8419595195
67687269
102148105150
148103151105
36913796
4318346184
89899291
8122383226
6989100
6218764189
52905592
196223199225
120158123160
6418568186
6712669129
145184146187
3615037153
6112071120
15699159101
721710219
8823891239
1396814170
1747517678
119175121177
123135126137
8810591106
42057206
152134155135
1126911471
90599560
113711510
97207100208
130173133175
135199136204
7313475137
63886690
189141191144
179215180219
182163185165
124150127152
1119211394
9117793179
693716
1113111532
1615419156
191179198179
6510766111
162122164124
1778018082
182179185180
4515847161
2517530176
2313126133
4014743148
4110646107
137194140195
108245111247
61519153
1177512276
9279311
753776
28893092
1766017863
1622218224
6519467196
3512138123
163149166151
195200198202
1310617107
1796418166
8019983201
153158156160
0461146
1455214854
8331135
5220255204
3217433178
90199321
7524678248
5422457226
15101541
160101164102
186128188130
623615236
40864387
3911341116
93729674
7822280225
175195180196
173183174188
130913310
1275012952
1915919262
156137159138
63316633
4324245245
3485
113186115188
164183167185
2015023152
10241039
2815430156
1633816640
102173104176
1468415185
168137169140
171214173217
84688571
8721089213
1278613087
7510278104
1355713760
5021153213
169226174227
97204102205
16841716
15291831
173214
9223693239
112143115145
9810499107
6522467227
133235136237
8720789209
3618237185
1918022182
2313426136
1852218824
1848118683
49285229
8114483147
147134148137
091592
129242132243
19142117
69977299
2424627247
1386114362
133157135160
161159164161
164208167210
112230115232
3623738239
170111174112
02304231
3421536218
093594
70947396
5219954201
7613279133
1317514179
4523847241
39504252
138247141248
160177164178
6317666178
124223127224
173153176155
1916319465
1173312035
1495215254
124227129228
1810620109
7311276114
109211110216
2117124173
192142194145
2413726140
6010263104
1593716238
173143175146
46374840
4814649150
30223323
66816982
51745476
178103181105
12541295
1013910341
712110123
148240149243
181120182125
32456247
4715449156
1677717278
13881429
277309
138135140137
72507354
144217147218
3721338217
35563858
161209163211
168220171222
4017343174
21632664
1945219953
1154311944
1109511397
695897
141213143215
2818830190
1115311355
1156911673
3523437236
1719019193
2122922233
21206121
43274828
9112494126
3818540187
69167217
109915100
11661198
1744917651
7912782128
132180134182
197229199232
1049310994
1616916670
3410937111
157162160164
7616681167
1734317645
20212223
549856100
3322635228
1514816151
196120199122
4112044122
256458
1845418657
1503315335
1717421175
168179173180
138100142101
1323113532
137198142199
56415843
31975199
1826318366
143195146197
152177155178
1613916242
1685817160
4014943151
1320314207
2122123223
7918279193
67786980
181169190169
1319213494
107228110230
191155194157
186210189211
8112984131
180247183248
4013441137
186159188161
7416376165
182227184230
151217153220
2320028201
1859318795
9315296154
7012672129
2216025162
1707917281
139221141224
189102194103
1224212345
9623899239
1313713438
1018610488
104197106199
128215130217
148217150219
30553159
5122651233
38214123
1725517557
8520786212
27643066
3411336116
1952019921
1331513816
129244134245
172139173142
2418627188
14051437
1534015543
129136130139
200231
4217145172
1082711228
126202129204
15911893
4424747249
1665516957
194183196186
184159185162
38174020
920612207
9715198154
01765177
7414377145
1892119123
40944495
176145179146
116160118163
8311132
87858988
9871288
1011510417
1173612037
4422546227
3121733219
1689617197
1081310
28933096
1275613057
4917451176
4021943221
24182720
104177106180
185217
9113195132
32593561
8216784169
99144102145
191235194237
1056710869
116246117249
1255812860
5110152106
134219137221
166162169164
81918493
7717080172
55765778
149163152165
119153124154
8418086183
1812418426
1502815230
85788879
197182198186
3823340235
1659516798
3513840139
1644816750
1132611727
28373139
160133162135
5910764108
759576100
58496151
369839100
3312636127
113114116116
166107168110
1046310765
1947619977
178168180170
14801502
1891219214
6919773198
101207103210
114132117133
71887489
4511346117
181156184158
2314726149
6124764249
69257227
31847185
196140199142
31913393
6316465166
39534156
174178177180
165145167148
1303313236
9631265
81308432
168182171184
1755217854
1417714282
15299155101
12251328
9414999150
104202107204
42344437
69387240
915719157
139206142208
184242186244
117145120147
187151189153
148174150176
163171166173
779980101
6417067172
40444346
4824751249
1537415775
5222055222
65366640
5215755159
1120112205
3814040142
1807518278
13651397
124199127201
6314166143
159225161227
62716474
02452248
82778480
1666117361
16121815
146172149173
01371142
47685169
1017810480
4623050231
98117101119
1621719219
8712390125
41414443
8918591188
119161122163
54605762
965810159
194133199134
28693969
55325734
1058610888
94879690
177165179167
122105126106
197226199228
2610628108
1805118353
790822
1956119863
34913594
3513537137
164220167222
4719850200
174237178238
156139160140
9618599187
116417
1709217394
1256612669
64756776
196113197117
16301662
118230123231
4720948212
1121312218
121131123134
6717468178
1298213284
192146194148
196218199220
59706172
2924732249
4215545157
5518758188
1905219354
157141158144
40704272
165223168225
106136108139
083385
54585959
8321786219
148129151130
121226123229
53775480
137213140214
1692817131
179918102
2717130173
128112131114
8915290155
192187199187
159103164104
32383540
153164155166
157154159157
11531455
134174136177
90879388
1463314736
1314613448
1949019692
1708417286
194194199195
4921451216
9224897249
42214424
135178137181
163111167112
195118199119
37654066
99127101130
104205106208
1279713298
154145156147
1889319194
1528115386
638940
1819819202
15321545
711510117
5283
9222895229
170100173101
99154102155
133102137103
86898892
1264712949
7824380245
6014062143
144228145231
66146915
1399814499
21722474
1611616221
1963319934
9320998210
100190101193
83438744
122146124149
1863218933
175156180157
8018782190
8518588187
1425214454
8918990193
173817411
32553458
129156132158
1852918731
137210145210
91649565
17632064
19182319
176158178160
722924
1371714018
84208622
120135122137
137191139193
148141151142
168146172147
5717861179
7213973143
5718959191
126196128198
3417135175
159220163221
113198118199
7524177244
555758
1414714548
8117284173
1689817399
4211344116
102242105244
1752017722
1045510658
123161126163
65936795
1766417866
158180160182
915411156
113128114131
5822760230
947969
8581758
3912943130
8511053
1476414869
2318126182
119198122200
31463348
169193171196
850863
5819461195
21612662
186232188235
105166107168
21762379
117167120169
145246148247
68910
117106121107
143914611
1773518236
117104121105
92123
1216412366
1426814570
1017210474
7201121
193244195246
175239177242
1586716168
1301913819
116170118173
1279613696
4112343126
2713129134
1883019131
170243172246
120164125165
8519288194
195143197146
4220245204
7521279213
1722517428
153227156228
7520580206
36723777
197101199104
133100137101
188187191189
1487814982
3724240244
163217166219
5223953244
9323095232
104112106115
103155105157
7922882230
9014893150
2043
87329034
65246826
1023415235
113176115179
3424136243
2824430246
154205157206
1543615639
174166176169
6424067242
186166188168
150171152173
36603863
1634116543
5221455216
50125314
7511577118
182220184223
161214163216
