1775
9316695168
107131112132
6016362166
2519926204
150160152162
61009102
16798170100
1432114523
9520397205
165165168167
62116414
10398105101
344376
21432644
16902091
6320566206
116207121208
1419917200
165202167205
1623219233
1912019920
6518366187
75137815
1583216035
66686970
105237107239
21612562
123137126138
7910781110
5413757139
65116812
3117734178
1610719109
5612359124
3820341205
5923864239
25282830
479950101
2711130113
845949
13281630
1279112993
196134199136
99115101117
21632365
1944819750
147152149155
7814581147
124184128185
1724119243
9517496178
8510188103
1569515798
111171114173
174121177123
1462515126
173110177111
2316427165
3221434216
189127192129
108179109183
193193196195
115144117147
1647216973
14921597
1969319995
193222195225
6122371223
153174156175
3312535128
2021723219
5024053242
182133183137
125151129152
457489
5917061173
128161131163
8816491166
107133110135
69297231
170242173244
53175519
02164217
7918882190
58336036
30783281
67856889
83568658
1133611539
10201052
191179193182
24922793
1651016712
1932419626
190120193122
1188312185
49925294
2416827170
4985110
122148125150
144186149187
72129214
116188119190
1399014292
3810740109
110102113104
62686569
102248107249
1911819619
793825
5413157133
6012262124
2115324155
118146121148
174107177109
8919394194
1488415385
144153146155
160158163160
2922331225
170150175151
46364938
01804181
1365413856
52255726
157197161198
1596016361
120101122104
195210199211
15381740
7311175114
172203176204
9313998140
1306813370
113244116246
4719857198
1565516056
69577159
2322326225
101239103241
02443246
01163118
88369237
190170193172
108161113162
138125142126
1561616017
7419476196
1963619938
6010163103
21662369
1589616098
8615288155
180167182170
1327213574
117235120237
1708617388
1003610141
1391914122
134118136121
1877819080
1865218954
8322585227
262276
2721329216
1138911592
63596661
4114143143
1666816970
150168151171
1594516148
1431014415
134103134110
6724669249
1023614237
1427214475
985810060
81218422
135113140114
3421238213
044246
5520260203
028230
79458247
8222885229
01623164
7414076143
3914942151
1847618777
17731796
7317975181
1077711079
1055110853
1822718429
153146156147
174189175192
492893
1532715529
108153113154
1358813890
7518577187
132149135151
156227159229
1923419339
5422756229
5021655217
1054110744
6316365165
3718839191
8851088
184154189155
6912272124
126105128107
173131175134
31263428
1236712669
1525415556
7697911
1215112652
8919992200
6122064222
22292431
9689910
35533855
146182149183
123216125219
81538355
117133119135
126139131140
4015545156
2324025243
16211824
41944595
1018910490
31353437
8714192142
139228142229
7818581187
103148105150
61079109
5119556196
1593916241
7520176206
1905019253
26592961
5418557187
01082110
95739776
113107116109
5411157113
16511854
1210015102
3517637178
8324085243
190160193162
30593261
69767278
177220178223
132127133131
1473914844
100146104147
1163411837
3622541226
1513115433
82118413
184216187217
1711217414
67827084
6913971141
1010715108
2417126174
8519888200
1317713479
169103172105
7116074161
99166102168
4319646198
6722070222
9222897229
3015833160
1192912231
85139014
1912322125
3622739229
16321934
6116063162
6424066242
60166318
54525753
7311578116
87619262
61999201
6022462226
1344213645
39874289
1157411777
131108133111
8223785239
4820051202
27513053
188156190159
1892719129
155134156137
146161149163
1886218967
105185108187
64756777
54285730
70707272
9711272
196245199247
5321056212
10098102101
186205188207
2924532247
99118104119
194173196175
1492815229
77297932
4516247164
21555157
146178
169191172193
159222164223
1376114063
116221119223
130172134173
4217845180
1154811750
12041236
9314195143
4815152152
165129168131
4110046101
1814229142
13999142100
6119562198
92739475
6917372174
186108187112
192130197131
1118211484
114228116231
1255512857
173161176163
13699138101
1224313143
106220108222
165147170148
157203160205
135102138103
975210054
1863618938
7918181184
136232141233
2722628229
1439514796
156186159188
103210107211
6812570127
140110143112
8218084183
144222147224
89849186
168247170249
3021033211
79258127
1819318694
6411466116
1313213335
153161158162
89659267
125235127237
45694771
138134141136
2020823210
1845618659
1422017222
31586160
01582161
3416037162
164120165125
1411516118
1855018951
1768117983
102137105139
3823841240
148230150232
83458548
1415116153
6416668167
3123134232
112208115210
1092911132
5310455107
20552456
1601916222
1283913042
112174115176
181111185112
105234108236
44794681
118107121109
1722322224
150163153165
137162139164
1787718080
1485615158
7613179133
5112755128
137243140245
1276712970
1019913200
5822160223
188106192107
4521247214
1632316625
167242169244
168200171202
6612068123
3517138173
1125311654
197919911
153210158211
78198022
170226173228
169921100
54415644
13931444
107214110216
1309113294
5924061242
103160105163
8418885193
1637416576
1736117762
78648067
1656316865
51275330
7324176243
2916131163
106188109190
18211843
1793218134
9941395
5719259194
75507852
183188186190
156217157222
9619498197
384415
4318245185
1554415845
6623371234
5120852213
8312585128
1123814240
6711672117
4416048161
6717668180
1713520137
42097210
111166114168
015317
1336113663
1294613247
121129124131
944976
104202106204
140814210
1879119093
137197140199
183122188123
31383440
176147178150
130195132197
5512560126
195167198169
41224423
2711729119
59586062
18572158
51465349
65667666
92219423
76538054
1323015233
179205181208
195238198240
6688
9614997153
2021423216
170177174178
131248135249
156157159158
168203171204
821011211
5921060213
51338135
14001432
141144145145
134176136179
154153155158
1708917390
85498851
20322041
191158194159
42344437
106228107231
1715720159
2211223117
57405942
4110643108
30763577
71797481
128101131102
24192721
5111553117
624827
3615539157
11391243
1665617057
169117174118
121172123175
98159101161
4712250124
2917431176
1117411476
5416359164
109136112138
1614217147
1626316465
64105
1109311395
5413463134
9215195153
36493951
1928219584
96619963
147129150131
944210442
4316244165
130154133156
181120182123
153183156185
113249124249
9724399245
1422518226
5114654148
1162011823
50595361
1778418285
1677617078
176189179190
154238161238
505537
120137122139
1487814983
2210723110
193127196129
53915693
181102184104
190225192227
39294033
9624697249
138122140124
191118194119
184195186198
7720780209
139224140227
1652016822
17441848
20722374
4520548207
140129143130
835857
978010480
121200124201
92389540
1977019972
37204022
1877019072
1869718999
185202188204
9011993121
111163113165
1614127141
8820391205
186200190201
141221143224
1716317465
196112199114
183228188229
81909193
152119155121
9612498127
157240159242
77388039
16641867
709873100
8012582128
1508015183
02093210
110197113199
1211512616
2314626148
185102188104
103205104209
6216763171
61426643
9024493245
1216512466
145199147201
195157198159
41697170
4824551247
829986100
51425344
1734617648
82818483
1244812749
3710139103
107199108204
6114964151
197121199124
181147183150
14399146100
135214138216
64256627
6814271144
1051110713
2624130242
2016522168
128118130121
1234412845
61806482
5023051235
01451149
3824541247
1126111366
4912053121
122243125245
168221170223
162197164200
179134181137
1943919940
111228113231
2823933240
157149162150
56695773
119183121185
51489149
104225106227
180201182204
1536315467
12501273
148119151121
134232135236
59811
109142111145
192183193187
142116147117
71799182
816913170
3212034122
1387314175
6586810
3318638187
7020873209
135115137117
4010242105
192114193117
1023810441
25832686
176153179155
191202194204
1808118283
198115199120
6018363185
8501053
2424426247
26622963
149210152212
912112123
149143150146
49555257
1424814550
1561815920
93879888
133137136139
1054911050
5021852220
168173170175
14051427
4310244105
144217148218
2117823181
3918643187
174135175140
8915391155
1334613648
5022455225
31656166
1078010983
43584560
01144115
2316627167
1712719130
188139191141
112134
6313964142
96369937
4012345124
17211791
55585860
39544355
185146187148
1592916231
10231046
9614199143
1111114113
7724279245
2821931220
1695017252
108146110149
158189162190
3520237205
171140173142
1219712498
7523677239
102115105117
126209127214
036537
163232165235
143172145175
99194102195
21892491
121110123112
172201177202
187188190190
51508152
148117153118
1073410936
6916672168
132160134163
138234141235
61228125
5219954202
122118124121
2510126105
1246112663
10531094
84608663
183219186220
32113612
196212199213
1756317865
1174512047
4151315
115204118206
1037710678
1738417685
9324695249
166115168118
160147164148
71327235
01403142
97107100109
4161316
1911519417
114196115201
61926394
103165105168
136200141201
8813491136
5412058121
22572360
552603
138160142161
7214073144
74237625
9424396245
191188193191
1178012082
58236026
56375939
2418227184
162135164138
4818450186
146184149185
195161198163
106171110172
1416114463
1814521146
30563258
2319824203
17221763
1295513158
6917571178
1361213814
163188165190
73757677
112217117218
1099111292
1321413516
4517148173
218520
1796418166
7213075131
722737
1916119463
1313813440
116197124197
179130181133
95709772
6722470226
1524216246
9712099122
5614859150
4613648138
179174182176
63626664
2820729210
59476150
60956297
9414499145
1368013982
1169711899
1458114783
1082110926
101187104188
1015910361
1955919762
8015283154
1935119554
59116114
2912532127
6517368175
169114172116
8312985132
6115763159
9891093
711210113
148116157116
1406914371
3816841170
167230171231
4018242185
1115911560
6217264175
66446946
1888919290
5118453186
176229179231
17199173102
1184212144
4019945200
3611839120
6319464197
4422247224
1466414867
36723973
17499177101
139193140196
75817882
163145167146
830853
3517439175
9714699148
4916351166
3217234175
53315633
67797081
185152189153
1041810819
18272328
7720580206
6410767109
6416867170
4123444236
182108185110
145166148167
169213171216
1679417096
823012231
129116132117
2320526207
192145193149
1713817340
40584261
184181186184
73687769
2412827130
112188115190
867889
82958498
71278132
63566558
45234725
120223122225
8915091152
9411996121
193207194211
179114182116
123223125225
189230194231
6521170212
91689470
15901622
3521436217
75207722
92449546
172197174200
93499850
160183
5416556168
46395040
37104012
118129120132
108140113141
2813731139
5823361235
1198612288
9022295223
107124109127
1339413696
72617463
173166175169
84658667
45454748
6916271165
1793918142
13251627
6817072171
71669168
997810279
164226169227
98185100188
8517590176
52116214
61226226
1529515597
181218182221
38824184
6110464106
134204137206
1281613117
45214822
119140121143
7222375225
078280
3921342215
1962819731
1516317166
1374514046
6621163
96469948
79818183
160224163226
162238165240
4712750128
3111233114
169187171190
1126711768
7410476106
106118109120
99189102191
4911252114
1785018053
58706171
4821649220
1817618379
146172149174
32183719
1764117844
49175219
84178719
7717679178
64906891
123107125109
113169118170
1562315925
170206172209
86248826
33563558
116103119105
167155175155
172229175231
8922991232
6218865189
1746917671
6810270104
110123112125
2214324145
1921122213
1816019165
1824823249
1224112742
146132149134
8723590237
4411049111
81648367
4423146233
97183100184
81378339
378482
1066810870
181209182213
1724317545
146143148145
6711472115
1710118104
8913792139
159124162126
1735717560
5813763138
33713573
156110157113
1177112073
7323076232
56175918
6722770229
02392242
1819621197
147177152178
1132711629
3613337136
160206163208
1823118433
1745017752
136146138149
2623327236
1276112963
124227127229
1926419566
114100116102
9215594158
9510498105
101228102232
12371269
190153193154
68517053
116198119199
1654816850
1538715590
1124011442
6914572147
169125172127
7477512
117228121229
33863688
5911160114
01284129
6322666227
1244612847
105145107147
15711586
19411
122115125117
22045206
104212106215
8510988111
123104125106
1245812660
180195183197
33833685
44534755
127164132165
89909192
171119175120
8323486235
8314285144
1005510356
2355
33893890
01302132
117156121157
6021663217
156118159119
160193163194
1438414785
67236827
1002410226
195176198178
6721770219
179138182140
153181156182
106167110168
172187173190
161203164205
109187118187
1544115743
107176110178
140167144168
1922522226
52205522
122158125160
191100194102
102220103224
083385
7413477136
1588316086
192123194126
966610167
1091811120
1410518106
103178106180
154246157248
119149121152
1418614488
112219117220
131118133121
51755477
117100119102
02304231
2316125163
176165179167
5014253144
21372638
51115214
1114711350
1146111762
1332513528
1822721228
6616268165
109169112170
165158168160
89479052
84388740
137239139242
11504152
1161711819
105121107123
27683269
191207192211
194110195114
4821451215
100112103114
144237147238
160211163213
1944119942
21464149
42244327
1467514977
3815245152
1702217127
122145125147
103125106126
92919592
136217138220
61968198
1465314855
115114116119
52197221
156153161154
117246122247
105109108111
11334135
61346436
1654516847
1242812730
350372
616111162
1984719952
1555015851
11311433
1617117171
127168128171
47904893
9313495137
153123160123
1283213035
7620084200
12621564
9241226
82708472
93299531
4913553136
6019262194
1409414297
146164149165
1374914051
186162189163
153108155110
6715769159
117149118154
899991102
615611157
112226117227
1318113286
79338135
8216286163
1415914660
4723849241
66167117
69857685
6811075110
85279028
4111246113
1615418156
086289
6111363116
623810239
134192136194
2513727140
3311735119
2715030152
1018413185
9420696209
135140137142
1774517948
8024082242
85908891
1456914772
100244101249
112236116237
92249526
1715317356
157180160181
11431156
1438014483
168817010
3510437107
1906419167
7323674240
15761584
177141182142
1706717270
106115108117
66497050
147107149109
157243159245
7819181193
73177619
3719340195
47774980
89229125
4815550158
110182114183
1699117193
169239172241
16682069
1527015472
161143164144
1018510686
1356414065
5819560197
139146141148
10551086
6514668148
51197121
1918519885
1179512096
120219122222
1395414156
9111196112
745786
133195136197
176191179193
8117183174
7616579166
180231182234
184241185245
33783779
5816060162
3823340236
190213192215
21746175
76437846
1678116983
1217912580
107174111175
101209102213
102233104235
1059510897
4714449147
4618051181
4719550197
6716070161
3110734109
121239124240
7118273185
60766378
2913032132
135228138229
144188146190
1373614038
150238151242
3415839159
118161121163
5495611
1002710130
519954101
158164160167
57826084
9861017
18152117
148199150201
796828
139213141216
166170168172
7120573207
97139915
183168185171
82248525
110179113181
105113110114
158219161220
998510088
191173193176
1421717219
192103195105
137143140145
13511553
6514267145
1108011381
1711620118
77918093
16841715
130202133204
6519468195
86938995
8517786180
132176133179
2612228125
1613216335
915213153
173222176223
13181349
41704471
196248199249
8623088233
37944095
1186712268
1077111073
13397135100
133245136247
1573616038
1972419926
186210190211
7921084211
9410696108
160169162172
929710397
1672616928
82308532
3211536116
1423614737
1705817261
9011395114
125130129131
9101112
615513155
417449
8916292163
6718168185
3011732119
138140140142
12211523
1288313085
171106173109
123161124165
175199178200
1804418247
2913332135
2515330154
191163194164
6821471216
178232179235
9323096232
151226159226
1464614849
48255126
1852818829
19632067
154243156245
130148131153
184157187159
108210110213
919411197
6918871190
4110943111
7087310
91519353
130205133207
144191146193
163161168162
7412676129
5821083
154194155197
89103100103
94119912
63866489
35273730
1235312854
5615158153
11098112101
142131145133
179220180223
79578259
4521547218
1215512456
6223365235
8311034
170179173181
133241136243
19001932
1102111522
1091511117
19202123
956810069
1985919964
113138118139
4714849150
7421977221
194152197154
28343036
90179518
64936994
1275913060
3612639127
130208133210
33333834
138246140249
4414048141
25872889
1228312485
183202184205
1836718669
163172165174
6919872200
139208140212
1217915181
1619816699
5413558136
4916753168
4617448177
1678417285
183160188161
2410927110
1765517957
113136117137
153176156178
453754
89299231
10541555
3322635229
100225103227
1214712350
157133159135
1849619596
1694317146
156107159109
3516536170
168143170145
112111115113
1312316124
8013391133
9012993130
1498815290
6014162143
160114168114
1312213424
4319346195
6318066182
120117121122
1927319774
3114036141
10281230
122122133122
194181196184
129200134201
197182199185
3523137233
2115624158
1921319514
181192184194
6724169243
49905291
115233120234
7410778108
150153153155
166212168215
9613597138
999310196
31777178
126103130104
4618247185
126224128226
9518996193
1213914142
151230154232
175114178116
33613563
065466
893916
5113253134
108195113196
119127124128
195138199139
142102143106
126243129245
72168216
67607062
150181152184
82788580
90199420
12661568
159136161139
132157135159
1713820140
1358313885
1374214044
1458715287
125112128114
11831196
1729317594
6022962232
109244112246
8024382245
120191123193
6510570106
1309513298
1621519216
2124423247
1317721177
6096410
159141164142
164224169225
7420776210
190132193134
7121973222
7418278183
187218188221
8012982132
72237326
15951646
1843618539
3523537238
8317584179
171121173124
929895100
5516958171
150172152174
5817661178
1172412026
8310184106
4112044122
9315997160
1910120104
137129139131
104710610
1817321175
1376913972
176105181106
86298831
9312296123
179177182179
2417526177
912412126
1029210594
165141167144
57785981
196108199109
72577360
177144180145
1476015062
1658616888
90549356
195118197120
1626616568
1302513227
6711872119
110217111222
7110175102
119194124195
3919642198
1289412998
179120180123
9118692189
8618988192
18292131
115126118128
1923421237
6415866161
142181145183
162214165215
1874519047
165221167223
8220285204
77737976
111184113186
2410627108
191205196206
194115197117
1026810570
1672316925
3611039112
137165141166
9316396165
1513318134
1642916731
51796182
4115943161
7024371248
927959
126157127162
142114147115
2616028163
106136108139
1661517116
105140107142
8711989122
163243166244
9610099102
18241846
126115128117
4617850179
15111912
3014532148
127125130127
160106161109
139104141106
1318615189
749877100
090392
127137132138
197173199175
146175149176
1667417175
8711488118
193199198200
1718319186
192919312
129141130144
175158178160
994910251
1048210684
8420587206
7771079
1694717249
109115114116
124172128173
1639516697
36563958
184162185167
2323725239
71477449
31306132
54805682
1332913631
192165197166
135106138108
163163164167
1863918941
2513328135
175245177247
10461249
117172120174
135221136225
4314646148
87899489
1953219834
1811321115
7611179113
122226123229
1271310
4011643118
41314433
98137101138
2715729159
1943519538
6322865231
173112174116
192238192245
115181118183
1084211044
65836688
141245143247
177127180128
166188168191
1425114553
1895519158
491522
82758577
4012545126
1222013224
110202113204
5610458106
141230144231
163168165171
183172185175
1806718270
99217102219
330343
918612188
168218171220
024525
177102180104
1586516166
7913783138
1602316226
879688100
150204153206
175197178198
1268113082
1805518357
8751376
65516754
171222172225
196201199203
816310165
7217575176
4220344206
66556956
1116911471
112142116143
48735076
1845218555
4415747159
104242109243
128212130215
1026410566
4917253173
01535154
84528754
1081211113
122142125144
1611616318
191218194220
5216253166
1357713879
1045410656
1532115524
1731517617
80738474
8620789209
9831015
38404142
1745317754
1727417775
488790
3383610
8610689108
690721
87819083
5618159183
141208143210
135208138210
14151716
147188148192
132214134216
326529
28903192
125176128177
1509215394
1523418236
1311213513
8641166
159102161105
1966719969
186118190119
42384540
155230160231
1058710790
141179146180
79628363
2561056
8016781170
1069110894
23522654
53565857
176133178136
4917453175
132217135218
