1757
185227188229
9519997202
1241012911
6610768110
176175180176
193212198213
49365238
3011333115
146227148229
2321428215
1789318195
119242121244
63906692
1216812271
5412856130
83728475
92249426
19272328
69597063
1829418795
128185130187
120226123228
121161124163
1497415276
71617364
916411166
6820670208
145140149141
123201126203
33563559
129227132228
6913970143
819011192
137247140249
1169011793
5011052112
1742317725
58585961
1123613239
119109121111
1087711079
158207160210
136189138192
177125182126
20182123
1872318925
8422087222
115244118245
145246150247
9215394156
73797581
140155143157
9110793110
1189612098
70547256
1587716378
1888519088
130232132234
3024333245
180159183161
7024773249
3311934122
1973319936
109216112218
91659467
132191135193
80528155
177149180151
98155101156
1133811640
1307813380
144152148153
186160188162
128237132238
80948296
1720517212
01533155
1293313036
7022372225
127201129203
9112093122
2614028142
96192100193
169240173241
147189149191
7320075203
197130199132
1667517076
107150108153
142113144116
1105711359
1106411366
14481750
5216654168
16741705
148233151234
101191104193
181188183190
154228156231
8816889171
85378839
1212512327
1276812871
173161177162
18541895
53935695
178242181244
155135157137
1920024201
107227111228
4210345104
01632166
1005710259
85528854
1574415946
139100142101
7517378174
105190107192
186149189151
191209193211
180201182204
2511932119
4613548138
130240133242
1787918181
117229122230
4519246197
815828
19412243
153202155204
2615428156
8620889210
2811631118
42184420
5222654229
4120844210
69837185
157178159181
182213185215
6518268184
117231120233
5996102
6716371164
1648116782
1743617638
119915100
73537655
126210129212
6523967242
1029510597
56345836
97206100208
173163177164
4719450196
32803781
1015513157
21985200
1315613261
90699272
37324233
104231107232
6118864190
45914893
104233106236
917112173
1664016942
3123134233
1511618118
190212192215
1856618868
1616919171
3022833230
112109115111
7720480206
4622549227
9211194113
1445814760
148175150177
163234168235
01162118
100131102134
1847818780
150127154128
3318936191
519953102
8223687237
1315313455
1258512788
674877
3414037141
1028610587
1872919529
5412056122
164151167153
7710979111
912719127
13871590
1410916111
1878118984
3316035163
3124734249
6715672157
1062310925
1218713192
137162139164
162121164124
7120676207
122208127209
1088211183
169172172173
1818918392
8215685158
181235183237
2019723199
194173197175
013411134
1277412976
1756317865
1652516727
109202111204
111135113138
44294731
1197812082
157189159191
74207622
1656616868
106156109157
156207157211
9616598168
1617116473
114135116138
4421147213
194141196143
192121195123
1895819160
61126414
3922040225
1023410535
137178139181
178209181210
1004410247
68167118
3221639216
413445
135236136239
14795148100
3018732189
6013063131
169137171139
8321586217
1687217074
163239164244
7018872191
91879688
169132170136
7424877249
148167151169
111170114172
1656316765
1931219613
1901719518
128180131182
1359113992
12211622
1499415196
6914472145
4418953189
8120082204
142185147186
1347813780
5819461195
1123211733
185185189186
107201108206
100159105160
186163188166
6921274213
76397941
167223170225
5014755148
1022210523
6513968140
142814510
85158619
9271428
9110394104
6512566128
99232102234
16141636
184218186220
163167166169
1420516208
170114172116
19071939
1661716820
118199122200
1848918791
64336735
158216162217
2818331184
8110183104
1899719199
6315064154
436458
1496815170
150106153108
164137165141
139221142223
31568157
70237226
7318874193
150162153164
39514253
108121111122
1217415176
49575259
409943101
5118756188
1789618297
24722773
130218133220
4913551137
118190120193
31085111
229926100
17611793
17231925
135228138229
193112198113
2316925171
41779178
1118011481
1717517377
7511479115
13131364
192165194168
1102411425
53305632
1578516087
41144316
60916294
1443614738
134135137137
5815563156
169918102
158166161168
85418744
191194192197
9761178
171232173235
4812652127
1185212154
169205171207
26202823
1712021121
144187147188
11899121101
30153516
21745175
128125131127
1764317845
14961528
2313625138
183126185129
34633765
178177181178
84928694
9412397125
189189192191
62328235
6918071183
158232161234
5824361245
3120034201
212514
2223124233
49735175
170164172167
86808982
5812561127
132174134176
1251712819
5319457195
12051218
131243133245
135152137155
1882619128
1851618718
6722672227
1712217324
953110032
4322146223
4823251233
150150152152
11721473
76427944
7513378135
7612579127
116114119116
191103193105
67296931
6821470216
1021012212
156152159154
151103153105
2113224134
961011
2920832210
132171135173
136172139174
1197512177
5714160143
78338334
31656166
61858188
1805518356
4316745170
117105121106
1319816200
9016191164
133234134238
149116152118
5916161163
6611170112
32773778
75117813
092393
41114413
139112141115
178162180164
165121168123
46104911
97135100137
1028310585
923211235
1487715278
118204121206
4710856108
8217484176
569959101
158110161111
2320525207
7620280203
122181125183
183238184242
4021443216
60266328
1474215044
5312354127
175189177191
3224034242
56165818
1331313515
154216157217
153122155124
936958
178114180117
64936696
4520848210
9614398145
3519739198
1355813661
104201106203
1549015593
31223424
1866918971
9951017
4919051193
8211123
9413099131
2016822171
35233825
1069310895
564866
14061457
1978319986
1663616739
5924864249
18361859
1582116123
1016210464
1146111763
1547215576
39924294
194227195231
7110575106
4723951240
1012215123
137243142244
1431814520
4921952221
8314386144
112204114206
4713250134
4010250102
6514168143
99163100168
7622780228
1623916541
47635065
112119116120
98172100174
1414814351
3210234105
31693471
18001831
8889110
6920972211
168152170154
133195136197
196193199195
8324786249
108173111175
21782480
9412097122
1552415727
1575016052
124221126223
5620259204
1918221185
17331755
1611216414
191100194102
109247112249
42214522
1832718629
1631516518
3814040142
129133132134
1827118474
4811950121
108137110139
156239159241
118181121183
138133142134
822844
2921232214
171150172155
155247158249
168111171113
4714949152
183140186142
1623119233
13901441
916710170
779778100
1244612947
24102711
139190142191
1657116774
47234926
15431575
106244108247
5214256143
22652766
175233178235
1582516127
112131115132
60796282
1931019811
6711370114
5124454246
1682517127
1085011052
753785
065267
5712259124
5717259175
53145815
6323366235
4019642199
2423725242
9012993131
178220180223
169186171189
79568158
0982100
7913387133
2013822141
5117354175
6217063175
19812283
140215143217
39844286
1124111543
1010913111
1924722249
1181712119
160137163139
1714522146
1014013142
192223197224
1643116732
1923719937
98119101121
168176172177
132112135114
95659768
176203179205
92449348
8021482216
173173177174
4194510
132126134129
86498951
1682817130
75507752
61846486
6216263166
1716917371
122128125130
137238140239
109113111115
1036610668
5021253214
102224106225
1466614868
4110944110
43734576
63516652
48165317
9211695118
44634665
1723519238
61206422
7213474136
139109144110
94839586
1335813463
15581761
8517788179
27882991
86969097
176119179121
9222095222
91809482
3721744217
2518427187
1411916121
132200134202
9718299185
64876789
9622599227
1839618697
1418418185
3811341115
15281830
14498146100
1969319995
59356138
2914832150
1513115333
6318068181
194236199237
2812733128
129213131216
141239143242
737759
154212157213
173167174170
1155611858
8111583117
1515315256
82498550
101169104171
1764917753
123206128207
4721948224
68777080
39614462
137212140214
1674316945
55505753
9112593128
5319655199
125179133179
23523152
103122106123
750781
918014181
6716070162
1107511376
01692172
5311056112
6022963230
1696717268
1847719277
6310467105
1171311721
1236812669
157104160105
9313596137
5923762239
196248199249
53865489
047448
1374313945
126170128173
187203190204
195246199247
109147110151
189143191145
166137168140
1423918240
1444314645
1922019423
61749176
125161126166
2216423167
12721304
162816510
165241166244
184157187159
109181111183
143130145133
10399106101
4217844181
3819141193
122102124105
130138132140
90319432
9119393195
1328213485
152193154196
1636116862
1404014144
12761578
31517152
73147815
41564458
9131215
61598162
49795281
5914861151
147106149109
176206177210
150221153223
6023362236
149131151133
661863
50445346
61956397
1634616549
67927293
65197020
151197154199
1781618018
1661216815
140180143182
24342637
1514015342
54465649
124184127186
2218227183
626828
109245112246
145116148118
6522070221
12251248
14631495
8521288214
97249927
102147104149
1222812530
39544455
182143185144
01792181
68117113
165205168207
159160161162
8411286115
43514653
4324446246
26922994
90499351
7421678217
4512047123
144166146169
18141829
9423797239
120132125133
815111153
2723130232
4611354113
77827984
1887819180
153815411
3023731242
1482515028
51605462
138197141198
8424086243
2022823230
2419226195
113184115186
84898791
6721770219
109199112201
156204159206
176195179196
187215189217
01303132
1971219915
1216117162
5119452199
173109176111
177238179241
155244158246
116187119189
4211944122
1956519867
929994102
986510266
10881290
2416627167
174238176241
65126715
102221105223
83868688
22552557
1720018203
1917219474
8791082
90159317
1432714530
1485315055
1191512416
17461759
83678669
1719019193
57966098
5315356155
51675967
7316176163
7113972143
85838885
30863387
96197104197
918711189
3511038112
16661679
193118196119
1408414386
8219785199
1035810859
311334
4219244195
1515715459
67817082
5710760109
9811003
87759475
36903892
17161739
1444914750
4211545117
73387541
146131148134
39664367
148204151206
6220564208
160116163118
61969198
143225145227
146172149173
186246189248
1104611249
1613316435
172200175202
93729873
12321264
746949
2023423235
9524097243
1446114962
9223596236
12551457
2011122113
112187115189
4514946154
135186
1719817699
125102127104
8113084132
1276113063
1877419076
1024810451
68147215
98103100105
2719429196
92389540
5715362154
4817250175
4423147233
1217912382
144196151196
23902593
1255613057
5722160223
72657566
155112156117
1721522216
15711873
3524738249
364468
171133175134
40594560
1365014051
138137141139
172142177143
1831318515
50765378
59656765
1915319455
117142119145
1334013642
130209132211
195102198104
5710260104
1953019832
147182150184
82408443
4614649148
19292231
196156199158
74907693
113165116167
107165110167
4612547128
39294231
15431845
14511492
1264813049
1863618938
179107182109
88419142
192137194139
178144181145
1597916380
7913682138
185145187148
53645666
111126115127
159249169249
104103107105
8117284173
170184174185
161213163215
2218424186
7716481165
15681770
48145215
8117881185
711210114
1522018222
227528
1419614398
138105140108
79898093
58686170
1796918171
111133116134
133210136212
151184152187
7517077172
13301381
1231212514
019222
1541415616
1462914832
153157158158
327359
5623559236
1526815669
26132816
132142134144
1422318224
5921461217
155141157144
4617050171
173149176150
22172519
53905692
80378339
085387
2412427126
175181177184
48611
58756177
1289513098
1686917071
12599128101
1122014222
8818390185
6020363204
192219194222
112236115238
01773178
177209
1679016895
102119104121
47554860
107140110141
2219027191
163236166238
158196161198
1571116013
9622199223
1462414728
161108164109
6213565137
109116112117
5524758249
7611881119
3510437107
56835985
36583960
5511358115
1195612258
11598117101
135223138224
1820720210
232264
8723189233
101200103203
5896111
6122163224
1612221123
27283030
01562158
1214612348
145123148125
32193421
174230177232
5121056211
4913852140
1406014361
161210168210
1834518647
1457514778
1077010972
137230138233
1262812830
6610068102
147179149181
62106711
06111
161146164148
45834885
72827484
184160185164
181149183151
1593016035
1701017411
1029110792
181170183172
1481115212
179213181216
147144148147
8818691188
1938119584
141212144214
1451414816
68887091
181110184112
912412126
196240199241
135168138170
1828118682
923610336
116110118113
85468848
1315816160
1788318185
6314465146
181183184185
1133011731
1918819291
172210173215
195161198163
4719850200
95289830
118201121203
01731176
154108158109
2815130153
185114188116
3010933111
1143411736
12231426
121159124160
632736
182243184245
101208103210
5914462145
9721299214
122140127141
6111263115
36104011
31943496
17771809
112112115114
154167157169
108210110212
169105172107
1576515967
160178163179
1245312655
1313813439
1964919951
1191112213
157192160194
479950101
171182174183
076577
25402842
165107168109
163156166158
1713317435
164223166225
192225197226
94499651
98242101244
8710594105
90299430
1247312676
74427545
16861709
1521722217
9524497246
146128148130
72049206
8815191153
193152195154
117102119104
164128167130
3514436147
4718148185
1024612249
173154176156
117134124134
117210119212
1793218433
13781419
02174218
1816421166
3315436156
18641968
1531215613
1884819249
7314476146
7224474246
1576816468
157146160148
143193145195
1335613657
181162183164
9119994201
13099131102
101229103231
6722871229
3320940209
56795980
104240107242
149134154135
67476949
3915244153
115180117183
3212934131
186100187105
10851287
9023393234
976910071
811513116
102245105247
1807218175
9215794160
1074011042
187168190170
1844818750
1817618378
46874989
2110324104
1736617767
1806518168
57326033
6515166154
153148154152
1767617781
125187126190
1220113206
176211178213
185208187210
155149158151
1187212074
5924062242
139165141167
162220165222
135104137107
1088811289
1853218635
98124103125
5020453206
1996419975
45124813
1228512488
1803418336
172119175120
71357337
187187191188
8518687188
1425214455
1182512028
167166169168
110177112180
190184193186
193157195160
1492915032
1484915051
94609961
1472215123
114234119235
2623529237
195127196130
114210116212
161106164107
145110148112
4018343185
173151176153
113177115179
1455114753
5018453186
1926319466
192161194164
987910082
6824571246
188102190104
8712789129
138225140227
125167128169
1247812979
1119111393
88879089
3813240134
4624149242
31814184
4113843141
2110526106
86708972
5117053172
33533555
61939195
6215964161
1516317165
1922619528
110221113223
1411514417
160199171199
1691917022
57625865
1852118625
023524
2515027153
107101112102
1939019691
1903619141
191148196149
1555715759
19771999
3321238213
474505
127163132164
32673768
1238913289
3920646206
194134196136
8118983191
26623063
82638565
175219177221
182136184138
124226128227
7818380185
172203175205
23292631
3715439156
114224117226
19341966
785988
104206106208
6114064142
8619189193
9551157
1908119283
3721040211
4720549207
371403
1962719929
152142154144
4521648218
1352513926
1895019252
93699671
1916122163
6422366226
45324834
1474514848
17531856
136165138167
619864100
188146190148
29423243
1617419176
79598161
76807981
1405814359
7223374235
185136188138
3012032122
149145151147
3820243203
160140161145
2817629181
1617719179
9412696129
133152134157
144208147210
127222130224
122123124126
158125161127
3117934180
131222134224
1095311254
7919382195
8917792179
1885419057
819782100
128243130245
167155170157
1352913830
01434144
4520146205
120142123143
1518118183
13631467
4414047142
3517938181
101138104140
56755778
1142811729
9318296183
95249627
1742017722
177158179160
1506515367
8822789230
1342313924
3017633178
4421449215
101204103207
999310494
60396540
1964719948
154145156147
1683117332
39404045
3217235174
1392814230
1066210964
186118190119
918413185
164142167144
9741475
160225162227
145176147178
1757117674
146120151121
114221117223
172186174189
6715370154
81708571
21355137
8919490198
49905093
181115184117
1418617187
163125166127
154171157173
1146611768
11921224
20352337
18661897
119135124136
118239121241
117140121141
182209184211
195182196187
120155123156
119123121126
1375813961
62616463
1319513696
1487915082
3915742159
155125157127
156121158124
157113164113
1922222224
197118199121
4824751249
9421196214
99810110
134179136181
66686970
118107122108
189125191128
1952019821
154106157107
1711217413
1758817890
49125213
6718669189
5010553107
9219195192
29403241
113102116104
1373114531
192178195180
55585761
1182912131
1889219393
13411842
1753117833
196153199155
9211497115
171216172219
114148115151
9515597157
10351536
1476314965
3422837230
126240129242
8619990200
140219145220
2613728139
1359313994
61436346
1408714388
197242199244
83578462
629831
57925995
63486650
106113108115
899891101
01678167
76457947
1328713788
152111154113
2921733218
86648966
9613899140
3711638121
35403842
6920476204
1781318015
126147127150
192144199144
170248175249
1923922241
113121116123
5681069
43774679
112207114209
103195108196
9291430
50235324
2212024123
279930101
88278932
1811318216
93125
1874518947
82458448
159169162170
163170166172
6717770178
27852987
102107105109
3211635118
31633366
8918092182
319934101
180198183200
1335013552
2621628218
150123152126
560592
4017542177
167158172159
84278729
5410356106
18321845
7417879179
1378213985
1615216355
11341166
186180191181
153214158215
315812158
1710820110
1715519157
193190195193
612811129
129175131178
139192140195
1952219824
7121973222
2513027133
19752277
175177177180
59886290
101166106167
406428
8319285194
88208923
5620557208
157117159120
1317322173
103194113194
2714328148
120221123223
32305233
3417738178
7312575127
1227412378
131167134169
185182187184
1076711069
95779780
98198103199
190222191225
100235103237
4922252224
3321436215
168101170104
1358113686
1324618247
77737975
135157137159
1634316645
684699
122148125150
103132106134
1751017713
1522115523
114193117195
8498711
65626863
767808
155193156198
36124013
98219103220
94479748
175186184186
167230170232
1512415425
6313368134
46734876
7421876221
180118182120
8121184213
134120136122
1215214154
120186123187
9631265
1356214063
1784618049
1911019214
6487
1888919091
150172153174
1089011092
1604216245
30903392
60676967
29643068
31443446
143174144177
98839987
136140144140
57246225
1856118665
189491
50865289
1688017381
1110113104
146136148139
174206175211
4122042225
6417266175
136182139184
1112211423
134218137220
176133178136
1374013942
1256612867
262563
129141131143
107123109125
61717271
1726317465
113141116143
160239162242
4611648118
273296
148209151210
14221445
13111613
177123182124
021310213
126138129139
161102163105
3810740109
736806
80218323
4522848230
1418014482
8924292243
1772717930
132247134249
1248212784
650740
142158145160
106162109164
21942495
34373639
1718817490
92230100230
1204512745
5712860129
6524768249
42694471
176216178218
1616916670
1639416695
1622719229
2819930202
120207121212
140119151119
17641796
2115124153
142170143173
9324294245
71777281
13721413
1718417387
115207118209
1010010108
4319846200
615817
820711209
195232199233
1965919961
26532758
1854318844
45384840
5913361135
691713
1198312185
107221109224
4017242174
2620327208
75247826
02273229
942973
1802918231
257289
91769477
6919476194
189175191178
85568759
5513557138
148185150187
9610697109
176245178248
95749776
1084511645
146200148202
83968598
549755102
0070
164115166118
2617029171
1219612497
149136154137
2621028213
1813218139
134240136242
146194151195
97194102195
8710290104
1719619199
7814983150
1022810530
168202171204
178181180184
6913171133
1937619678
2224325245
31103312
6411366115
5321956221
2220225204
2313925142
77858286
5813660139
117118120120
160114167114
1734917551
4814251144
88559356
1255812760
160152163154
8722490226
1344813849
179248184249
7615177155
147237150239
9114893150
160149163151
100183103185
36693971
1754617748
36553857
137121140122
180238182241
72327534
12551268
359939100
478780
165208170209
1707817379
516548
1437314874
96919894
1461814821
9012393124
5614958152
5522457226
7320876210
57226023
31004105
6918473185
1906719369
114190117192
4923054231
