1756
60116114
8711272
11351167
91219622
109137111140
4416647168
1959519798
1408515185
11621194
2222425226
95609762
32193720
6311966120
1006410366
5412956132
2513227135
96929994
1942519530
62179219
8741076
164146167148
1898419385
2620629208
3920441207
198196199201
4115242155
74317733
21412443
158219161221
2815030152
3617638179
71257426
53135814
3913542137
117246120248
10411343
9211223
149158152160
85618764
1378714188
6811372114
6010663108
1201912321
103137104142
5221755219
1822718529
1207412376
1641816621
108118111120
153129156131
3318935191
7022775228
44634765
96259927
1627216773
25392644
51775578
172717311
7318175184
194187196189
1388014182
18511874
924511247
143212146214
1120114203
123233126235
4724049242
14051427
1525015552
5812261124
130169135170
177168180170
1285013152
185196186199
1165212153
7011873120
1746917770
9121294214
116176118179
114140117142
031333
7111174112
96179819
4418347185
170217172219
51905491
6920171204
1213812341
42684471
6821773218
130913510
3121634218
1353813939
1429514597
2818331185
151153153155
01775178
168173171175
1524416247
6123764239
126105129107
41214423
61836485
762794
12861318
65776779
98196101198
156112158115
2514328145
13791482
115195116200
25182720
163235167236
101134104136
1569415896
18898191100
1113111334
1125111553
8417888179
1846118763
11271429
74517753
73857686
119151121153
1224212544
192202194204
86118913
4120246203
52965697
159153161155
1722517527
6817373174
1585416156
132223134225
167231170232
613914
5416457166
2622828230
3712540126
100111102113
163183166185
6416766169
1214912451
153110157111
1062610927
56685970
174116175121
108121111122
53945695
31873688
22902791
98137100139
169117172119
11961996
9324296243
13571659
11741675
89559356
8316392163
683885
118146121148
82258328
145179147181
184140187142
117209119211
9424497246
1318713390
159118161120
125123128125
13397135100
186191188194
112240114242
151137153140
157200160202
122131125133
48825184
1478315284
1114612151
185102188104
95120100121
7124374244
1662316728
196237198240
5417157172
1581416016
3722340224
13751398
4216145163
1427714579
126165129167
5211754119
1626916571
166227169228
4722550227
84928794
142114145115
155158157161
2813532136
48235224
1562315826
187217192218
41847185
8620589207
3917442176
107222110223
132183135185
714746
4119543198
2912831130
1152711729
1291613020
6513968140
3313935142
98235101237
96869988
1301313314
85688870
1112311325
173110176112
31313432
93719673
171189174190
129201133202
1093911142
4517147173
113133117134
1369914399
9219694198
94549756
3621239214
3610039102
111247114249
140181
57935898
1049110793
6220564207
3514438146
174164175167
19411
142170143175
142122145124
136179139181
4621048212
173139175141
1720322204
27463048
7518576188
1582716128
1745317755
1641316914
8112985130
48555157
5624258244
5414057142
4818350185
105190107193
8716489166
101158102163
2013923141
5312456126
64366638
14631495
3524738249
69707173
153196156198
7416477165
40154317
180110182112
97106100108
4118343186
168217169221
98213101215
1813218434
8018782189
5283
1162011922
10101017
1344413646
1623318235
6789
89259227
1638016682
4712150123
2121723219
58236025
47175019
31273528
188128192129
1218114183
952975
39905090
9316195164
6713772138
1497415276
114154117155
3810640108
4924751249
1288313185
2922932230
1743117932
46734975
2712032121
2414627148
134203139204
3113132134
1805018153
112137114139
4016843169
1694617148
111157113160
180237183238
3921942221
36253729
3616239164
162184
162227165228
8318686188
3616838171
55615962
6511267114
148143150145
17811983
158172162173
78458147
094396
186918812
180247183249
31666168
35363739
2423727238
77598060
193114195117
162166164169
9112896129
1036010662
186130189132
181218182222
1616416665
5719960201
158166161168
139216141219
1116111462
23962599
1123214233
54685573
2721530217
2922836228
137168140170
8016282165
117160124160
1332513627
1055110852
715917
3310936111
195202198204
4112343126
5512057123
191168194169
125148129149
879788101
67657067
17101733
7217674179
38534155
1626716568
8323387234
712012121
116169119171
2924532247
8317485176
7621578218
112118115119
128116130119
9015992161
126168129170
153116156118
172197174199
119137124138
987310175
2123423236
2621129213
132227133230
195139197142
120127124128
3918942191
2320124204
20532355
16399166101
136234139236
655857
124197127199
71857288
1417015175
35743876
1866718869
50756175
6518468186
170204173205
130104133105
01451148
1514817151
1962819733
7824780249
02053207
104184107185
4013141134
01743176
2618227187
95899891
1867418877
121199123201
759878100
75287730
1510118103
45715072
99114101117
6810170104
3223234234
169197171200
60706372
9714499146
1387314175
1014410347
160128163130
1622516526
974710049
1697217274
4314146143
164206167207
1219015192
1015510457
98118103119
184230187232
178180182181
9371239
3313638137
7422977231
80688469
1735617757
1613619138
1285613058
14611512
146119149121
195129198131
1304713548
167188170190
97175100177
8924493245
189208192209
1722118121
6322566227
8621489216
1115214153
69397241
15831605
5814263143
106225110226
1312113422
7221276213
116117119118
142112146113
5619358196
4715750159
32833684
2817230174
155133160134
99225102227
68937095
1564815950
9520297204
1138011583
151175153178
1475315055
150116152118
6214465146
13321634
120167122170
7312576126
13421365
730781
60596262
6922172222
120109121112
196919911
22812483
152179154181
194172197174
16471679
01403142
1494115143
2512230123
154153156156
150232152234
6022063222
97172100174
191191193193
124203126205
01224123
8712590127
8122683229
02341237
5313656137
2317725180
62736475
1739417696
7913184132
73547655
190180193182
5912562127
150237155238
70787579
4613749139
143914611
95109911
158213161215
57396240
1931019512
3520438206
195143198145
4222745228
195232198234
4117943181
161133163136
45264827
2024723249
143184145187
1542815730
6823971241
87449046
432454
173136175138
1296813171
171182179182
1512915332
7512980130
38304231
12024204
20112312
70527254
32853786
1827418576
1212614129
9410696109
2214224145
34223724
108184111186
1248812790
78318133
3021033211
66347035
63906691
120161122163
76347836
137212142213
5224353247
1712922130
1123415235
6124263244
195247198249
17671969
109141110144
126128128131
154123157125
60176318
5986210
1956119863
150239152241
79218123
3221235214
2615328155
1928219583
15461749
137166141167
111221115222
1176312065
1366513967
118219120222
136227138229
15121814
32245226
49505251
24853185
1488015182
02102212
8815391154
86248827
81658367
146136148139
134166136168
5613358135
128182131184
116173119175
7322175223
5222855230
158177162178
154164155167
118195123196
919793100
1117211673
1326713569
144130147132
155157166157
1302813230
4012943130
3011433115
2918832189
143227148228
116418
2921932220
65836785
1248112586
7212772134
1391214214
191136194138
9711099113
6714472145
3914641149
9418997191
1013610239
115183118185
9422097222
124243125248
92579758
812911130
156187160188
1965719959
150123153125
148101150103
1941319715
5017251176
110208112210
1119411496
1974619949
133136136138
187168190169
1472715228
118132121133
124912910
13721403
154172157174
02175218
109181112183
32933595
63866687
6616169163
5822660229
2216625168
184235185238
1413419135
31383440
153244155246
17598178100
58516053
117180120182
18451877
7124774248
1623316435
6121763219
1429014492
176138179139
9321796219
120223122225
5222557226
158169161170
175176179177
136214138217
2114623148
107234109236
99242102244
194105197107
177143182144
190227193229
21362338
9301132
1676417165
1406414565
8251027
1123613238
16301662
163202165204
1895719159
70121
15311563
5313856139
149130152132
90249101249
4921251214
3521740218
9122093222
115204116209
819782101
75667768
169106172108
163172165175
816211164
123221126223
114158116161
1937619479
1038710888
1691911
2311426116
61766478
187180189182
7724580246
1925919462
19699199101
135189138191
1013410535
64487148
1365413857
12297124100
1783818040
9519998201
104239107241
39614164
159195161198
320352
177135180137
84158717
9314596147
9214195142
67526954
4819652197
180184182186
47925094
37424044
12096121100
1704217145
122143127144
161187164189
102208106209
63596462
19571998
6219563198
49415242
7623879240
10861288
146166149167
1697517376
1158512086
86479148
189919014
1844218645
1714917352
79128214
1797918480
1311513318
112174115176
2221425216
8117783179
22732475
1513815340
8917490177
113110115113
161181165182
8581259
5318856190
17041736
1667416876
2316926171
1173412235
162245165247
195146197149
1943819640
134211136213
5013952142
8214584148
1664916951
183214186216
178145181147
1275313055
156176166176
135224138226
1383414037
1456614768
3410637108
145246148247
1895119154
2616628168
93239526
137239139241
92839485
157193158198
45864888
1911422116
102232104235
138210142211
18772278
180149183151
7411676119
1324013442
19212123
5316755169
192225196226
8315986161
1413314435
169229172230
9323296234
56175918
1602116323
1314814151
9522697228
5610267102
134200137202
7921884219
20442445
36623865
4622849230
39854188
149242152243
139222142224
124211129212
105210107212
4210445105
7310475106
107227110228
182158185160
22562757
195136198138
183162185165
1743617638
145109148111
1474815050
109109112111
2417227174
138196141198
1341113614
2621828220
122148124151
1688817090
1346013961
6621570216
2424527247
1316213364
71657467
113811610
5221356214
1518815490
111143114145
175196177199
7918282184
6920871211
9112696127
147104150106
186152189153
3222535227
8420889209
02304231
63886689
55585860
97187102188
173149176151
2916130166
1554015643
78518054
144105146108
8815689159
1156011762
1255612758
9110593107
1568415986
25502852
157151158156
3924741249
52137216
1926919471
181233186234
132125137126
3523037232
1404114244
1801818320
3418739188
6424166244
1411914520
178229183230
1735817560
53565857
194190196192
54385640
83978699
1471115013
2110428104
140179144180
1117613178
5018055181
4111943122
816610169
121226123228
46585059
9123694238
459947101
1712721128
1366214063
31353437
21475148
128112131114
188230192231
223510235
4613149133
1521820219
8012283124
2113524137
1595116253
6723070232
194196197198
169154171156
9011798117
150110152113
582614
59566158
79748375
175206178207
178140181142
11241426
1264712949
101145106146
3521539216
12651468
1718617388
8514687149
1002410227
01083110
180187183188
5322158222
15271631
109178112180
7813581137
37824084
1658617087
1551115813
89679468
1865519156
7015072152
82628464
8410487106
1168211884
141103143105
142191145192
830940
1291510
128239130241
91449446
6020962211
6211665117
71557260
52307233
161141165142
8810590107
5919461196
5013352136
77217824
145126147129
2818132182
1853718839
41275130
62576558
169225173226
4311344116
126247131248
1912122123
25943095
1676217163
1121311415
1719319196
29253426
1794118342
5918162182
3720940211
1034810452
87718974
039341
113188116190
1464614947
1613016332
169143172145
146135154135
4419645199
1486615168
185126187129
27153116
14541955
105136106141
72717375
122208126209
95829785
13511553
327397
7112174123
192244195246
8810291104
7123374235
9119994201
7417177173
1289513197
5020053202
193111195113
95349836
131121136122
6423366236
8911191113
5217755179
107161110162
2220925211
198216199221
1378914190
101107105108
2016122163
22582560
1724617448
8121284214
1624221243
143238146240
134205135208
123122124126
190195192197
237538
150203153205
121214124216
38674767
1701417216
178123181124
1813518636
8111088110
1811318614
189104190107
18131835
901924
8223085232
1616917172
136128139130
129194131197
1892619129
1913519437
116172127172
1084411047
7022372226
103243106245
17572059
3723539237
21672270
1520917212
6316165164
125216127219
48645365
1127411476
998910290
94959698
8812191123
15631668
1896919171
88919093
1167911981
81538356
6810770110
112168115170
154168157170
1347513578
1268412787
116227118229
107104110106
1132611429
6611769118
11298115100
172174174177
1724417545
159112164113
5811261114
199232199240
1462414926
3558
48985399
5614458147
6412169122
6521166214
1462014823
1666617067
92129912
6620768210
6917173172
22472549
6018362185
2119124192
162120164122
3010231105
92299531
106142108144
41564458
89669666
154175155178
124225127227
154211157213
2524130242
24352638
1337013572
161716310
4412146123
1316715169
73397542
722110223
1191612118
90379339
61466349
1643016732
7817880180
130176134177
8718690188
122145124147
101122104124
153187155189
8622189223
1756417866
63426545
1879119093
84188720
93509553
155220157223
1558716088
43264429
185183188185
7823181233
5122351233
150169153171
1245212654
6531154
1124011443
118140121141
1614519147
17821804
1313713439
103161106163
122111125113
84738676
6413566137
2915331155
128215130218
132248135249
151103156104
173107176109
5419856201
571774
63336535
143140144145
1925519656
173143176145
65696673
1635216853
158103163104
1726317466
3217835179
110154113156
133233135235
2010922112
177115180117
7117582175
1121611518
22202423
107147111148
86408843
1687717378
106175108178
1791118212
58896290
35303732
1509615397
1504415247
1788318185
138122141124
638669
88869088
102101105103
1788118182
148141156141
1158711988
62946497
29573458
1893019133
5014353145
4424046242
171249179249
9519597198
1962219725
1502415326
026130
1116512170
64546656
559761
6517668178
186111189113
8313888139
1821120213
37333935
42524455
128242133243
1975119954
5210255104
110115113116
8319286194
160190161194
193194196195
1428014582
101210104212
1723117336
117711910
1573815940
68827084
425530
1669616898
1748117783
140181143183
4716250164
3516538167
4515046153
9213493137
57826084
1453514837
190176192179
47365037
196178199180
166139168141
5923560238
142167145169
62248227
7122973231
1858018882
6415767159
146182148185
65596860
100142102144
19162019
9616199163
135194137197
43304532
15901622
130149133151
77188020
3911144112
1711119113
407458
8022383225
1296013065
52049205
404426
7610580106
12431275
187145188148
755806
2423327234
42844487
144223145226
170214172216
3323935241
154126157128
1411518116
182113185114
4415546158
11492154
38254825
68756979
3619038193
174126175129
183110185112
26762779
113227114230
1069610998
1611416316
112124114126
151192154194
8722490226
167222168226
1569715999
1816919172
196115199116
5713662137
1114215143
194118196121
135112136116
196244199246
2613931140
127153131154
491514
1411714618
1785618257
128179131181
131239133241
3714140143
19431994
19201952
6024063241
857888
5817361175
177148179151
185206188208
107245110247
186137189139
162212164214
9020292205
14961519
11624164
956710068
98101101103
172152173157
364469
105167109168
2119824200
1315618157
134162136165
71167418
135159137161
175178177181
4821553216
115144120145
179244184245
066269
22262429
1087311075
6016863170
29593460
84258529
2312926131
1425314555
68257028
7712578128
62126514
168127169132
34493950
140202143204
1497015173
13201371
1035810859
134188145188
1699617199
32143516
24532755
37113914
5217053174
39764278
165186170187
149184154185
2512735127
1098811093
177236179238
196126199128
6022362225
87759077
1051111012
178158181160
4412446126
181128184130
157230160232
9551257
01791183
69597062
111202116203
5011453116
144146147148
3620139203
5318255184
8310785109
1202512326
1807718578
42477249
1395314156
1934919650
135149138151
1519115692
5924864249
171122174123
33103611
140814211
1046610668
31935195
9299411
125151129152
68447146
78648067
103247106249
1911019214
7618178183
153150156152
43744576
7523377235
139189141192
27833184
8724690248
114127117128
1565115853
84658667
192239195241
76377839
7715882159
9311897119
71957496
7016172164
156182160183
150172153174
2320525208
44964798
3617241173
39794281
144159145162
1666816871
183182184186
42206223
122189125190
2622631227
629863101
1020415205
4115044151
630662
170129171132
176165179167
7681070
96164107164
5718859190
1747117673
1119111493
1313113433
7910282104
1064110843
180108184109
02203221
110197113199
195168199169
6913972141
157216160218
1653316736
1302513227
1874319244
4021342216
1411719118
1973719940
181103184105
104128105133
184241186243
122183127184
19262128
1157411777
9513797139
1255912861
154228156231
170239172241
21132316
149187152189
195219197221
14421645
146133151134
118214120217
36934693
45514852
132108135110
124240127242
136177139178
1416214563
112171115173
158110161111
132129135130
37873892
194181195186
1871519216
1847319573
1319213494
1902319225
1925119652
7513577138
85778681
145142147145
103227106228
98193101195
7822880230
198162199166
173246181246
56875988
37564058
172183179183
165191172191
1128511487
1288813091
132142135143
1807118373
129135132137
61206422
146233149235
183137185139
193170196171
142216145217
107169110171
26582860
8318985191
51195819
1267812783
151161154162
6281029
191183193185
1471715417
189122196122
187240191241
3911342115
4518748189
1773317837
3424236245
4321348214
108193111195
158174162175
4412051120
430481
1523615637
150228153230
7813882139
6514168143
106132110133
1329513596
167241169243
1044410745
3124233244
141109144111
61516354
17299174102
1603816241
1928619588
94149915
164108167110
165199168201
150126152129
1829418596
1348913691
186226189228
105122107125
1208712192
132139135141
4919853199
153148156149
153214156216
912411127
132127135128
175101177104
120129125130
153200156202
6716669169
192219194221
12461278
137163139165
56855986
5217556176
52255726
127175129177
6613168133
102213107214
90139913
113107116109
149209151211
1077011072
139112141114
107243110244
8823790240
60866288
1215812460
43184620
1862318925
190205199205
181134184136
1786718368
8521290213
1289213094
23873087
72457447
6319966200
4911751119
4094310
1687917181
8124483247
56115912
8211385114
129172132174
429944102
4921951222
6720068205
2118924190
1276812871
149196152198
27363038
915411156
166238169240
02324233
1766017863
128141131143
111161113163
309732100
972210223
177111179114
102178105180
9318194186
623810239
2617528178
113218116220
158161161163
191233194235
092393
9614999150
1835418557
1372614028
97147100148
3613839140
154100157102
180242183243
8324084243
1820821210
630832
40594560
71228126
83458449
143133145135
6121264214
7119574197
65616862
1382914330
185212189213
8618991190
1556615868
0528
172130175132
164128167130
73347536
1619117091
193177195179
168206171207
1146611768
150215152218
130207133209
680721
8422787229
5511057113
21355137
160164165165
13711673
186133188136
1562015922
5018852191
2916832169
9416997171
073276
104119107121
102236106237
1586316065
81718373
32275229
84338735
97240102241
123162126163
1249412796
1641016712
126206129207
108239109242
1925719558
8623590236
6912971131
7223677237
146194150195
1858518887
1288013182
2622329225
143242145245
121247123249
1545415756
569959101
5721059212
9413496136
1143311635
1657716779
14941995
66637164
1794318046
575607
1949119694
1467514878
1237112573
4024342246
151182155183
51175518
2016922171
106157110158
6914274143
146153150154
5318556187
21883191
31608161
8721890220
20392440
1086111064
7320576206
8611288115
1221412417
6421767219
4714049143
140127142130
02134214
2711832119
10198104100
638840
62666568
1954419648
132196134198
157131162132
120209121213
1233412735
177209184209
177152178157
59946197
1127711479
641943
622824
21554157
3911642117
54435745
90149316
5915260157
48765078
550573
7322475226
10699109101
5913260135
8617488176
80158317
1614019142
51568157
8310086102
104181108182
14998151100
1977019972
177817910
1619316396
175122177124
1748617589
1431214614
61369137
1841718818
4219246193
125101128103
109216114217
1724519248
5721360215
185176186179
151108156109
147236149238
134239136242
161217165218
6422266224
22242525
1352213824
1611116313
52068208
25212823
8623089232
1712817430
45534756
282385
48675767
