1776
39934394
3023633238
1288913390
2919430198
76137915
39984499
7114174143
174166179167
3816940172
1912619527
1681417116
93829684
98149919
143196144199
73497651
42654468
1695117056
1974619949
149121152122
1073011032
4421845223
1844918750
5321055213
178218180220
1374314045
3616338166
136189137194
185140186143
72099211
11504152
1426114463
148140151142
168166169170
10891291
1512215423
31976198
1314513447
144227147229
1356813870
94169718
169155172157
1115014152
1810822109
3423638237
1898219383
118129120131
173100176102
253285
160149162152
5112452128
169217171219
112224116225
180164183166
1001310116
4916253163
186179189181
1774117943
98159103160
1948119683
129181132182
42764578
1611416416
13581660
3412335127
174136175141
6613269134
51137116
169178172179
1079611098
38434145
112236114238
1227812580
27163217
192168194170
182160185162
183178185180
8713889140
1265812959
53146014
6724469246
114135119136
101239106240
139160143161
3310136103
9211695118
61199121
34363638
01753177
4513547138
172142177143
186101191102
6120063203
184196187198
28413143
124135127136
99154104155
191117194119
6611971120
1619117194
95369838
166155168157
49315233
3062
109240113241
1935319754
22692374
99225102227
191224193227
71358139
2617828181
1539015593
64426744
126219129221
18751897
139212142214
161145166146
155177157179
4011043112
2215123154
5522257225
144187145192
111133115134
116117119119
29633066
7187311
922414225
9714298146
164182166185
4817351175
151180152185
119180121183
41918192
40304531
5012153123
1412914431
5910362105
100230103232
344546
4621949221
57965998
77557957
174162177163
5514558147
922112223
149123151126
153230155232
1379113994
1817618281
128134131136
236340
1274812951
2914133142
112179115181
172201176202
18899191100
104246106249
5312454127
115213120214
7013372136
6411367115
117188120190
1188412385
1064711148
1355213854
2210433104
1418815191
1326313564
196102199104
19101942
186126188129
113209115211
5020753209
45434845
992110124
137180140181
4120246203
9115794159
32393442
114120117122
107124109127
138104140106
62916493
8416686168
1447514677
67597061
70487250
995210254
8014483146
64506652
2216024162
4015647156
58576159
1754117644
91149316
1202912430
155121158123
125225128227
104241106243
1921921221
190179193181
101124103126
118201121203
8613090131
170717210
6021663217
1313113632
186190187195
1719117393
160224165225
2019722199
65246826
109199111201
138218140221
246278
187151189154
150160154161
2020421207
1947719978
6110664108
1569215994
6112365124
44514753
1685817160
7310175104
8524288244
23432645
1803918242
70767278
7024572247
35463748
62846586
1513218134
136222138224
192236193241
2522828230
291991
5515858160
109117112119
139222142224
183237188238
101134104136
1013810241
11497116100
8414987151
154224156227
1021810520
127162129165
5612658129
159218161220
1382214024
119127124128
3784010
51518153
2217327174
6698
1836718669
7521478216
855887
812916
125159126164
3116535166
119198122200
51558157
116137119139
74807682
2410526107
117222120224
101218103220
1078411086
166226169228
6614168143
2922631229
978210084
8116285163
8522887231
4111346114
5517357176
38134016
1522718229
180145183147
1736817769
1716719170
9499810
3421037212
4512448125
151195154196
6111865119
1183212035
6918372185
101109104111
94879789
124165126168
4423947241
1433414536
502533
148179150181
1859218795
41464348
154135156137
69927294
611711118
184144187145
1304313344
5222454227
1418414486
130121132124
55805782
1288113282
3311636118
19422244
130207132209
8823889241
163237165239
171113173115
17361767
1115314155
5413259133
38114312
1472215023
158166161168
39544455
48665068
056161
7910887108
153121154124
1529916099
72048208
136158139159
116233118236
21642366
9422995234
5323956241
98211103212
54395543
113113115115
9013893140
36303932
89839088
9316996171
18498187100
1331513518
6296411
2518230183
140153145154
6115762161
159158162160
48505052
145239148241
8121284214
1741417617
934110041
81648367
138184140187
87629163
162242166243
1915921161
1214612447
140132143134
23292830
79598261
1458514688
1158011783
1445814760
7811181112
7219774200
48225025
140148142151
152244156245
190201192204
144160147161
8817391175
49905094
155118158120
7123074232
5413456136
1402514228
9518598187
4415847160
81818483
1335513756
9023891241
3221937220
4111944121
121161124163
1689517197
6211065112
01622165
10561078
16561679
162126166127
154168157169
68817083
1957319875
1922521228
196148199150
1616318166
5215754159
100247103249
97217100219
1312616127
479682
62216523
42724474
197217199220
125179126183
182141184143
127178129180
140162144163
985510058
178206179210
9618098182
1215012651
192120197121
42844487
7124374244
1641016712
168110170113
195819810
7610278104
104205106208
19631995
170146173148
178171182172
1415114453
68337036
148135150138
5221955221
115196118197
184163185166
129239132241
8021983221
4322948230
3814843149
15801881
6219564198
93199720
119237120242
1361913921
157195160196
7012772130
172205174208
193203196205
178117181119
100156103158
165158166163
775806
67866889
4518447187
1014113143
153163154167
148182150185
1397914182
1811020112
181218183220
18301861
114109115112
6018062183
4319845200
40324234
717919
197231199233
4916452166
14561478
1818121183
41134316
25492851
5914462145
156151158153
193174195177
7313476136
51787181
164235167236
4621750218
3921442215
126113129115
58446146
5219956200
125102127105
1851219013
24922793
129141131143
7824183242
1547415776
1672917031
982510127
182240184243
5423559236
104124106127
174232177234
107120110121
117140120142
1933319436
7018672189
105141107143
2320025202
20492152
7913580140
143212148213
145136147139
40274329
9318195183
78648066
81898491
9522198223
99196102197
29883190
63746676
1246312864
160181163182
7519678198
7291230
01853186
1839418497
6718869190
138139141141
32873589
5511957121
1820020202
97165100167
153202156204
14731495
182215184217
146187149188
133227135230
71867687
150224153226
119194121197
8018783189
7019473196
1718817390
1431114612
158238159241
15751606
101178104180
141218144220
149118152120
1815521156
111169115170
188182191184
1298313285
130243133245
1488015182
1946019861
6722670228
1247412776
7920682208
131246133249
157203160205
1851918821
126912910
9611698119
108164110167
6420267204
179135181138
65936895
8210691106
183181184185
84328734
98214101216
1781818120
1434014642
198225199228
1638116683
38394042
5718059183
36543856
192215195217
161112164114
105232106235
8319386195
36873989
312515
7617578178
62566361
2711228117
1841718918
38464048
186185191186
560582
116107120108
1734517647
1664917050
5015253154
115237118238
3121634218
1215212454
198238199243
8713690137
815837
99233102235
64316932
1651316716
167173170175
130158131161
95249726
3314437145
3919842200
143224145226
1009610299
3223135232
129236132238
108175111177
1407414276
9617698179
157210160212
115156120157
73557657
47285229
21672468
6351335
1616018162
77777979
1636416566
163149165151
184123186125
169141171144
8822890231
120118124119
1567716178
158178159182
29493151
186161188164
3117132176
111158120158
1095311255
3520738209
1723120233
1715517556
4985111
171110174112
120148123150
9119294194
119184124185
101161106162
40214322
1767017774
2312628127
146122148125
3419337195
179232182234
21232425
1456214863
257460
171187173190
6313365136
8817192172
9279310
113106115108
4219345195
193103195105
800813
187213192214
1743417636
150197154198
2411226114
24702871
317368
1785417958
75767679
135184137187
1069210895
189215191217
116166117171
157173158176
6413867140
1123916240
1212914132
6520768209
135183142183
1635316555
14941697
173157175160
1812221124
165110167112
174239176242
19202222
160103163105
4422647228
125188127190
5619458196
5420556208
01781183
173176177177
182154185156
62469248
8415287154
145203147206
5214554148
629864101
8617789179
8317785179
109137112139
7718979192
327530
135100142100
01192121
96919894
8324785249
8020283203
121164123167
8521287214
3517536180
3423839239
191161193163
187132189135
194244197246
3622838231
133137134140
1114413147
62316336
1522016224
91869389
17731796
3824039244
50835286
130913510
143223150223
1298613288
11601174
1462814930
166138168140
12481550
6118864189
67797280
24942995
1151712018
56515756
11144116
121115124117
179202183203
12271628
159115162117
3118633188
39664169
93125
6022563226
124198127200
1852718730
138188140191
142216147217
196126199128
3217734180
683715
4612848130
1771417917
108211111213
2222525227
1027210574
177104181105
137162139164
1626716469
51205322
1986919972
123244126246
479949101
71357636
2714834148
1573716039
1335013454
1233112832
133203136205
219923101
158125161126
116115120116
79398440
01113113
179150183151
8511189112
91309432
162197165199
02485249
2812831130
25462748
1118511487
121241123243
1627516577
1769717999
128156131157
187122189124
33283531
1572916030
156218158220
1215912461
1106811369
27122915
1406514267
192113193116
1793318135
153180155182
1372513927
1323313535
79378438
4617147174
9511054
1533415438
8421989220
5415457156
3814443145
1295313255
157141160143
134112136115
187125198125
1455314855
1283313135
699972101
8113085131
60316135
1612316424
117229120231
1394014242
54965698
30723972
150157153159
1325713758
9716899170
6212567126
68567158
1397014371
1863918842
2912132123
6920870211
16612062
1774418145
28363138
1158411787
9217495176
27853087
1725817560
9413997141
8381139
105150106154
89269227
155165157167
44154816
1271512917
8841086
17451947
8820289206
1339113692
125184128185
1078710990
153147157148
1922219425
94219623
3420437206
1911619417
1713117432
1246712670
1304113342
121172125173
2821931220
3714242143
1320318204
722744
8914992151
30753476
1765417758
6812572126
185118190119
178221179224
2222824230
6023763239
1436514567
188230195230
1673217034
44114713
1241812919
12601292
3717340175
1787118173
194180198181
104104108105
7317076172
24572659
98147100149
233535
1319613498
596897
8420385206
89509351
3020933211
143184146186
9220295203
1621317216
1613616339
1815722158
915613157
1179812299
7317675179
170224173226
3457
137203139206
1665616761
1854318647
1696517266
59627062
120137127137
1187112074
182113185114
143214146215
175203178205
7122773229
51586161
161203163206
177198179201
136241141242
122213125215
8481150
121107123110
2321426216
1712217424
2719232193
3314937150
174213176216
5117754179
193232194235
1354813849
5715060151
6224765249
453476
8210791107
1757517777
52725475
7210775109
189198192200
1551815721
1697817181
1867918882
1186812070
3811541117
194129197131
5516858170
166150169152
19411
818212183
19051928
8222984231
31633267
1209212195
14701492
1252912830
817911181
1410517107
6323366235
4323345235
16198164100
1625916561
191194193197
155193156196
136168139170
8413586137
1188912191
169202171205
1827218574
7714180143
186208188210
131219134221
2424727249
2211824120
1882918932
150130153132
1643816739
1452514827
6921472216
1352213724
1544815750
1344213644
274377
138165141166
92579758
7819979203
1409314295
82868488
185215188217
1221716218
11661369
5919461196
176235185235
1032810630
101167106168
5411657118
4610249104
21902691
1292813229
542556
1727517478
15682069
21962498
1414714648
5510458105
127107129110
143141146143
21544157
109192111195
7919886198
155112157114
136247139249
5811161112
100244103246
818811189
1678216885
175244177247
137124140126
1046710669
89809282
116123118125
109242113243
1194312046
590613
51366141
1689017093
2817430176
1021211217
6220567206
1094011142
82758478
8511688118
4520947212
83148419
992810131
143171145174
3419737199
5419355196
46604862
1751917722
1206412366
54635666
98134100136
116183118186
190158193160
107131110133
190228195229
8019082192
17098172100
93279529
1119711399
84278629
191189196190
504535
122217125219
1484915151
770793
4813549138
182175185177
163117165120
2118624188
130101132103
89559157
11531654
1477715079
2223826239
8771179
8924792249
9319098191
167147169149
3721640218
8018283184
1131111514
57335935
180185182187
1897519277
178168180170
188192190195
4116942174
1545115653
126236128239
151176154178
15312032
1657216874
1659417694
114183115187
119234122236
4120148201
187140189143
109202114203
63456548
2113524137
23802681
184149186151
1627016472
4210245103
8610189103
13611564
2823131233
2817130173
1473615038
39594162
159174161176
176136178139
777808
6614468146
130162131167
5217354176
2917731180
59836185
140127143129
67527053
31683868
1748317685
176180179182
5121754218
1782618029
89379438
195152198154
719811199
187239190241
7922981231
87858889
140204143206
134106137108
129204132206
133190135193
7220575207
8914192143
185211189212
1076010767
15721594
74927794
625827
165172166175
107240108245
100100103102
179121181124
1656716770
1075710959
172136173141
180244183246
12201422
6315866159
2122223224
441643
1129411596
1368113884
8211184114
1755117753
9016491169
5117054172
1471114913
89979498
421443
198155199159
137207142208
1649516797
150115152117
125116132116
9716198164
162129165131
132198135200
131174134176
6922371225
22602561
2518427187
1489415195
1424314545
81228423
1182112222
6218465185
98241101243
127111130112
128191132192
35573662
167185170187
27393140
103174110174
46634965
57946095
2024723249
185133186137
159242161244
2221724220
5921162213
1279113092
4624549246
424447
1867318876
155163160164
4716749169
112175114178
121151124153
3612540126
71817384
1876718969
1952019921
1310016102
94649667
145218147220
8601162
7318276184
02342237
93799681
1897819379
9611099112
1216015162
46205021
77807982
1642816631
1417617178
2620929211
65976899
134244135249
125121129122
125130127132
1006610268
8414789148
1015810459
125120132120
1437314874
13071377
1889319194
1515515955
155184157186
9524699247
1832218823
6819769202
50415244
104175107177
14431844
7019771200
167223169225
125248128249
8020983211
140169142171
82108413
1481615118
1724019242
8323486235
166197169199
1369513997
180247183249
1412317125
65276730
175134178135
182120185122
1291113113
4121843220
96599960
176125180126
112125115127
7723379235
1711519117
917612178
7523076234
114193117195
1766217865
42694471
168134171136
6414766149
8112083123
6715870160
1821020212
9321994224
1411314316
24722973
94499751
127159129161
133120135122
57906191
71288131
6910871111
180152185153
157133159136
37353938
126171129173
6813771139
168188170190
96183100184
125106133106
123169125171
5620958212
1595616457
137113142114
5413757139
191129193131
1894419147
8415589156
28263128
129194132196
18421874
174221175225
42414444
9519298194
55605862
49345137
1202712528
7317375175
189218192220
51655268
1719719199
6217366174
339938100
1596416266
36233925
3121233215
5720660208
1863618938
36213922
8217383176
132166135168
1135511657
118217121219
105209107212
112204115206
18171849
1219413199
913714138
5823062231
42129213
72667568
170242173243
2723729240
9023293234
193210196212
114152117153
21475149
6724270243
45484949
2612228124
1065011350
96289830
6710270104
1325913362
123233126235
0225
1012512128
7422776229
4117844179
11921493
179239181242
8021683218
1333613539
4614947152
125117133117
8015183153
1522518226
5124753249
716210164
13551557
1721217317
6610968112
5811363114
3621338215
167114170116
1024810550
146224149225
8723489237
98140101141
61229123
138225142226
77967998
1952219923
195171197173
809882100
6623869240
261464
118164120167
735767
133237136239
33193522
1911323114
32603462
24742677
01175118
1801118116
1363613838
170166173167
159153162155
40354237
930953
9323598236
1347113673
177237178242
5921464215
3823340235
101183103185
175148178150
1955819859
1813021131
21622563
1605316255
2317526177
1296213165
094197
154130157131
54105513
8011991119
6116864170
8924293243
4714551146
129149130153
153115156117
5811960121
80558158
1883419235
1832518430
142122145123
1898419385
1814421146
45854788
1573416036
179148183149
99810110
3212835130
115198118199
1931819619
3024532248
1419716199
160197161202
16551857
5118354185
1118211484
5014253144
128137130140
9614797150
121228123231
19572358
6114063143
136913811
02452247
4110743109
1348613788
1652116624
43954597
155197159198
72127513
193919412
6013462136
1895119253
148227149232
160132163134
129202132203
1035110553
1363313935
116126118128
69911
34633765
44464747
167158170159
97649967
457489
21344136
12261258
9623198234
168176172177
199203199214
129154133155
919012192
111156114157
1518620187
161221164223
1524815352
112199114201
6721870220
107178109181
141135144137
1415617157
3510538107
7820483205
1778217985
104119106122
3310838109
3910540109
134211136214
6714770148
8112885129
139215141217
90229323
983997
1485615158
99137102139
1808418585
8616289164
3022433225
194164196167
1305613161
77327837
1765917961
128131131133
109156110159
116911714
1489215293
1091511217
191191193193
1748617590
104226106228
149207151210
133181136182
7621979221
2620629208
3715539158
1939519598
5822559229
1406814569
1461915120
123112125114
159214162216
9216496165
183231186233
3216039160
67196921
24362738
7419377195
4019645197
55305633
82708572
1494515247
1614417147
84578759
90649365
10031017
178142181144
13331834
1715317454
1377214273
10699109101
4619348195
516620
92599560
136215138217
1376513967
2211525117
4211751117
1207512377
5113253135
14131464
1188712188
1409614299
2619928202
48875089
024226
2413027132
1686716970
165113166116
5021553216
61938196
1029210593
19331955
1418714488
139172142174
8319187192
1166212562
7223575237
85908892
174146179147
1837518578
70101
121144124146
184244187246
6322966231
32344238
162219165220
9411396115
185182187184
114245115249
186171187175
13291630
124241127243
994410049
1302313225
1055510856
8815292153
148217150219
10131216
5813761139
170227173229
174103176106
02393241
135139137142
101209104210
1224114244
163142166144
5016753169
769979100
154210156213
152150155152
1185012052
136196139198
120209121212
4718150183
8911591118
5414057142
3922840231
23262528
583785
181213186214
42584560
111911510
1175312055
25192821
8522796227
1023110632
16481950
85828884
289690
130107133108
1721718220
579959101
9112695127
12791482
193244
6610569107
150228157228
1581416016
119232122233
194236199237
8116485165
175178179179
6385
44264927
1546015762
5420157202
62706473
190142194143
1752417727
999210195
1135311654
3622640227
7613178133
6519468196
124228127230
2418926192
64576660
9717199174
180178182180
1216912372
1405914360
69907391
1036310466
1048310685
193219196221
3513638137
77837985
1466614868
1122914230
5415259153
1521017212
6422466226
21784181
147131149134
24392642
187176190178
6515669157
174108179109
2622528227
133201137202
1833718540
1694317145
122221125223
7410579106
85168818
7917481176
189207191209
4918752189
64876690
9017795178
170197171201
2516326167
147150151151
184104185107
7815279156
190232192234
21922395
5118053182
4414749148
1424914750
80438843
171214173216
1012111124
80738374
133149136151
177106181107
12661298
4521549216
3611239114
179173181175
1039610698
4121144213
8810891110
43324633
173153176155
1447014772
978010081
96729973
31306131
1385614158
2792911
1593116233
3222635228
87779079
1793618238
113188116190
61126314
157188160190
7421779218
1938819590
813211133
106189111190
74647765
4423147232
145144148146
1796518267
5717860179
192184195186
19112312
142138144140
129227132228
144131146134
52595461
1169411996
62449245
191146193148
3524738249
8722190223
9315196153
2121022213
6424366246
10871109
132125134127
1806118362
31626164
142239144242
191174192178
126213128215
1520017202
5312855131
181126185127
155207158209
186104187107
18031835
7714981150
171244174246
1612716330
6624769248
151191152194
2412827129
34113712
2021422216
4219147192
49165119
64536656
163226165228
117247120249
2212823133
154157158158
3317236174
170168173169
11084110
929994102
5920964210
1898919290
3820440206
1423718238
1419519196
90529354
196200199202
67547255
8418987190
51827184
01351140
121158129158
155161160162
130177133178
1710120103
1728017582
1579516097
1685717557
15521566
4223644238
93469648
6315066151
32455247
149241151243
106221109222
106187111188
41657167
167141168144
1529415596
