1750
24932795
1053910841
12301281
1773018032
7723081231
7114374145
15171549
9514799148
37843986
120138122140
2716830169
120135122137
1911019412
2121423216
1823921241
5512257125
82728474
5914264143
109207112209
73527555
1741317715
1502715230
47364939
9421897220
169137171140
1119214194
1135711560
198171199176
1668116982
1512015422
1327413576
1005310157
2110524107
1174512047
17682269
1517218174
8722988232
157152159155
131125140125
73747477
173158175161
100239103241
107199110201
46214823
1959519996
187165188168
6613468137
110137111142
106139109140
178174183175
85738874
1434014642
159136161139
117229122230
129202134203
7019775198
1409614397
183124188125
67867088
3011932121
152179154181
092394
1065011350
1935519856
1519117194
6275
1457715078
98194102195
104201106203
7920982211
35434044
6614568147
179201183202
142242145244
178248183249
21165118
190222193223
79418841
9316395165
122204124206
171817311
32103315
6211364116
9118994190
4712550127
184228188229
4013442136
129152132154
1349613798
7218275184
02132215
155180157182
3723340235
174218177220
9215694159
6611769119
6712070121
5919663197
3024532248
76677771
4916552167
6914570150
1319516197
115191119192
49655366
53436143
100146103148
6815170153
113205116207
181114183116
7913582137
96149101150
65126813
94199720
179227181230
194227196230
413715
1754217645
193212195214
6220564207
1293113432
4621048212
1214514147
7112673128
151134153137
10711093
1468714890
84458550
169198173199
133153136155
0234
115202118204
1233312437
1654516847
73487451
43924694
1163211834
1323416236
148217151218
44144715
132165133169
4717449177
1067210974
9110494106
1021712220
1259612898
5719360195
2614328146
177111180113
171208173210
1036610668
9412796130
1474115242
130159131162
181112185113
9821799222
163158166160
184242187244
5710360105
58135918
2717732178
117172120174
6520576205
630662
12901400
6717772178
103232105234
11011123
1152311725
1115014152
3021832220
151198152203
753956
167149169152
8315086152
65306832
1747917781
108130111132
172110176111
113186115188
13261348
178120181121
194155196157
189158194159
173150176152
4821349216
1714417446
3514837150
14901512
2115023152
1039210594
164107167109
54295631
3818140183
434449
139238141240
8315385155
1265412956
1895319255
8613690137
15495155100
1376914071
153115154119
82508353
179199182200
92449546
96259927
143205147206
135121140122
174195179196
22055207
8116483166
152231156232
83928694
3111233114
11598118100
2022122223
1913819341
197214199217
123183126185
02245225
29703471
1094111144
30413244
8818191183
988010181
6621163
1411216115
187188190190
133219137220
107113111114
1636416865
146232149233
4118243185
32466248
47624964
4122445225
145173150174
120226123228
7113974141
196211199213
99123101126
1715217355
132234135236
8817291174
126139128141
190230191233
13211623
1188812091
113122116124
4117546176
182130185132
02012204
16541955
1108111383
15651588
975810060
86468948
1824721249
1613721138
182120184122
64546955
5112755128
090491
145109148111
3317538176
130220132222
3724638249
164135165140
137198140200
7711980121
1502315325
1006610268
8514788149
184182187184
50365437
6217966180
1588316085
5915361156
158172162173
191120194122
18492150
1622219223
127185130187
41527153
105246108248
118104121105
27422945
147193149195
42624464
1454414846
149153153154
1592316126
8320286204
45614665
116186118188
6391140
58966198
117181119184
107191109193
174180176183
91169319
186161189162
49585260
10531256
178137182138
2921431217
2923632238
13241626
168173171175
154227156229
106232107236
113161117162
16541685
4516748169
177199178204
3819340195
9610799109
143134145137
3917944180
1421914720
4511649117
69737176
3315034153
337369
2713931140
7110474106
6816670169
2016124162
7621978221
6017663178
187203194203
137176139179
145105148106
1202912530
1464714849
93409642
71367438
5815760159
8720589208
179156181159
56685870
4623949241
7613578138
6622668228
103137107138
1548015782
2417528176
115157122157
8315686158
8320886210
1885619158
96233100234
1203112532
169190170195
533835
3722340225
579980
104175106178
34103515
4214044143
3713041131
879688100
85658867
1789218194
1771618018
6419465198
52985699
37333936
161223164225
1659316697
697738
196168199170
7811581117
190222
133162136164
170148172151
111199114201
1144111942
195201199202
140192141195
188100191102
84288730
161175164177
134165136167
55355936
3012232124
49165118
712410126
1666017061
17151917
179203182205
35713972
12341436
4822850231
40504154
8817790180
110100112103
1324013542
21932395
124209127211
736938
116189119190
51798181
151207154209
19071939
2023022233
73567657
4322845230
183144188145
168123171125
9119195192
107243110245
5914462146
146157147160
3311535117
178141180143
1574416245
1555316054
18572158
1679717298
1695317056
1020411208
1862218924
7121773220
1954419649
181178183181
1002510327
1410416107
191172192177
53515653
1666216963
98155102156
193225
192152195154
105121107123
178218179222
1268112982
160132162134
1521919220
107196110198
53385541
8913890142
1158511887
32275230
107213110215
77648066
3911644117
35873889
1588016181
1461314915
85878789
855925
116110119111
1653016832
197226199229
172165175167
162247165249
1611316415
77188020
105179109180
125204127206
140177143179
3215435156
169113172114
722754
13561379
151237155238
1658616689
1712717429
118142119146
35403842
191187193190
1606716369
1173612037
17721804
162122167123
1207112174
131149134151
131213133215
82578758
103227108228
4619248194
4212844131
2416527166
1255812860
5316756169
1766817870
76377939
34823685
5185410
6924772249
2418126184
21134115
19299194102
1251412815
1011511118
71347535
1412622126
98159101161
8610187105
113125116127
5010252105
4620548207
97206100208
120109122112
22102511
1075411055
173200176201
111119113121
142239145241
182245185247
162194165195
4618049182
59506054
1462414926
147127150129
186111190112
90919592
52138215
23602761
184200186202
180123182125
1512720128
175177178179
1283313035
65246826
1345713758
5513258134
3015032153
724812249
35763877
139135142137
4823650238
32183421
189127191129
1016412166
31393440
199922100
152246154249
153198155201
4123444236
8712290124
1535015652
2416826170
5511258114
190145193147
1076610871
8914992150
10861118
176136187136
154185156187
7610978112
1643816641
41134316
94559756
26352739
179190182192
8911992121
01131118
1281510
179184181186
53815484
3519838200
51485252
1027210574
1788018182
1520720208
157916210
1729117991
53145715
1947819979
1479515097
126142128144
1256512767
84848686
31913493
18599187102
139128142130
712010121
98168100171
013315
1098911092
4418347184
146131148134
1101411217
73408440
11741476
161107163110
79128214
127163132164
8317387174
5123253234
3523638238
1428014582
5322657227
3122333225
7316276164
4018643187
166170168172
1074610949
103151104154
1214712449
643694
1808818589
1496215264
42294530
6113764139
2221330213
5911261114
150149152152
1423718238
1234112643
1724522246
79528154
156212159213
6815471156
1889119193
130196135197
31853387
6824471246
105132107134
18221873
639866100
142172144174
12671298
1943619738
28643066
194131197133
116218119220
4914454145
137163140165
1113311336
1410916111
126145134145
3617738180
5017553177
59886091
3115734159
1021810323
6712570126
21883193
1809718398
1945219754
9616399164
62226723
5518258184
16472148
1497115372
1714817351
2221725219
186246191247
129137130140
681983
1511015412
1711119113
1426814470
1695717159
21902492
1305213157
8212584127
9319896200
107194111195
67447046
1516718169
4614448146
1012810430
9211493117
172153174156
1421416216
43854588
5717659178
1854618848
09311
30453247
160167163168
1576715969
33453450
16398165101
27563257
1124511646
175138177140
99127101129
115112118113
51437145
61717174
105108116108
8818691188
1025110453
164165169166
2812732128
129143132144
191191193193
4119746198
1366413966
15241556
931963
1665716859
87838985
11111313
1423614637
6116764169
118231123232
50405243
16701702
111242113244
95809782
1712217424
116911811
196104199106
9122294224
1917324174
190130192132
985110152
3910440108
1191212413
1339013495
6721970220
1947519677
115138116143
5018552188
174126177128
47734976
3615439156
171132174133
62856487
129121130125
92229524
103196106197
5224555247
166248171249
1065810959
46855086
5918161184
10351138
50565557
40844287
98183101185
479949102
6610869110
1641816720
1473515037
1917319674
35453748
3811241114
9223693241
4811849122
132171135172
192106195108
059360
1299113293
7520680207
160159162162
055258
1219712498
2310826109
2322926231
81828483
192142195144
178239187239
171232174233
154157157159
7923281234
4418947191
153149156150
7221373216
143128146130
083484
1299513297
12321254
1128411487
1396114263
12021224
1985819963
193178196179
6610168104
9089210
129913410
7916782169
1942419431
155177157179
1599216294
129206132208
76527854
02282230
162105165106
189133192135
48775079
72657567
139126142127
9317496176
172206177207
14131513
1777117973
1409314295
48245126
127118130120
2623628238
32206222
152163155165
151185153187
2421426216
181126185127
5021553216
13041355
79158217
73237625
146140149142
178139182140
3723140232
162126165128
154174156176
3420436206
69487250
9424297244
1615216355
1618121182
1804118243
1041110514
4314746148
9423696238
62576460
158120163121
5923762239
179187182189
95181105181
1259212695
132241135243
13811432
188152191153
1355514655
107221110223
1465214854
4521947221
18972298
7723581236
189103191106
131193139193
13961428
160164163166
1659016892
392423
1191412415
5515058152
110216112219
141169143171
109161112163
6922672228
9622997232
1334413646
189184192186
71457447
82448349
178126180128
1585516058
4823250234
409843100
194164197166
10799109101
103193106195
2522627228
7722480225
8724289244
7220175203
4615650157
2324427245
154153156156
1421214414
184238191238
1368913990
127199130200
2413327135
59826284
01731177
8441146
4319245194
106145108147
30143118
183188186190
129182132184
3417035174
1068411185
56225924
94859590
1519615399
28593360
8511688118
4916151164
6024667246
131200134201
073177
189227192229
15511573
1115411456
6213365135
7615680157
59686170
5216153164
1028210387
1904819350
20662367
174247177249
1622216524
8313585138
1313313435
1096111362
1111113114
936958
148170151172
97197102198
41839184
3713439136
786837
70787579
69237224
1048810591
1174312244
8814391145
994810250
1124014242
3514037143
173135175137
1753817741
164151166154
183216187217
18241875
1777417976
144149146151
5219854200
102122104124
147145150147
82768478
1924219445
2822632227
170107173109
2512928131
1013410834
1936719569
8524788248
1712119123
1849218794
120215121220
8521888220
5811861119
166155169157
458759
22152318
8618987192
98135103136
6118964191
1143211535
44744676
81888490
9711003
1926019462
8124684247
1520318204
9614599146
145107150108
129134131136
28613162
161117164119
113811510
6612268124
1846118664
1752317924
75457847
167158170160
98379940
3814841150
973210034
120209123211
4521347216
7317875181
9421697217
1822818331
128223132224
133138134142
891923
1014410645
133126136128
183161185163
179242181245
39884289
116168119170
6417067172
106224109226
87258927
1532815531
117151119154
92589659
1198612287
77898091
167201170203
120141122143
1103111332
8223385235
190180195181
1582716128
138219141221
1903219235
3123935240
1626016562
5812559128
198241199246
699971101
1293813140
1509015392
9224895249
1542315725
1457014872
62486450
128102130104
1493915440
5613959141
122129125131
78428144
72617961
8131015
1220414207
5723360235
197184199187
194173197175
39684170
188242191243
174107177109
146235150236
39174219
170239172242
95120100121
918012182
3515137153
163233164238
6920171204
163206165209
140242141245
1679317793
1925719559
1287612980
7320974212
220423
149122151125
9510498106
6518968191
2724629249
1843218634
60766378
815110153
719510197
2010822111
20642365
2715830159
80368338
113208118209
8701073
2715329155
8223084232
8522793227
9221395215
86498951
57475949
1796718269
144185146187
7820080202
6518168183
154241156244
1169411996
2320526207
71278131
40574359
7116574166
151144156145
1046910671
169168174169
138231140233
169237172238
7617481175
7322476226
50635364
141443
1811618221
1115314155
1778817990
5585711
51335534
133186136188
1068910891
108122112123
267299
5220155203
1262012822
7888110
5519658197
58606063
85908991
10499106101
139246143247
178105180108
142191146192
122200123203
122165125167
9124293245
131245134247
6218264185
3516438165
3919142192
119912111
36513952
71897491
5913361136
1056210864
197230199233
7222175223
125123128125
1298813290
4310945112
8571159
157193159196
1407514377
165117167120
972810030
116196118198
107176109178
1406614567
638669
50445445
227728
141138146139
1385914260
5224254244
1978319986
1355913761
3622640227
135201138203
13011333
138214140216
1384414146
1216714170
9522197223
151132156133
4110242107
7912982131
12601562
169102178102
88189021
179176180179
1888819190
13481550
9020593207
188239191241
4417246174
2718129184
172172177173
6024764248
11871489
1412114622
1351513816
538547
1679417096
1931419419
1912119423
35903792
122154
1828019280
1892719229
1873218935
173223177224
6813870140
83258527
177180180181
5611757121
1619516497
24222724
2114224144
17698178101
108164109168
137207140209
107209108212
2715029152
48145215
363376
2713632137
171221174222
1581116014
66516953
190212192215
152233156234
76117814
138189141191
1181612018
1435914661
720910211
038340
57255927
9624597249
112128115130
1688417185
300351
1254712750
1364014141
161226164228
124200126203
1215212454
1209412495
1312213225
129180133181
90509351
76788179
7320882208
126176129178
57505854
1974619949
169103170106
102131104134
8616288164
158115163116
114144117146
823011232
44314633
1835618757
1288613287
119185122187
1277413175
102157105159
45524854
41666169
522824
1667616978
7815179155
103190105192
1897019670
7412675131
1274113043
7117274174
134208136210
5916162162
88229124
169229172231
1105711259
1424714549
1769517997
1412314131
5310456106
88869089
1494815250
5022552227
7615880159
6321264215
11711373
9411397115
6323765240
2413726140
191118194119
1304613249
1561815820
6623568238
01683169
91889390
1977019973
1311915121
3815141153
144229146231
086289
146161149163
196134199136
1087711080
42426244
1486514969
5620259203
7114872151
1508315584
38903898
194233196235
4821950221
133223137224
157174160176
1517815381
182210185212
1391014211
1287013371
1714718150
169182171185
6513867140
195196199197
89289230
3118733190
1818618587
41227123
1112111423
1427114474
2312528126
154160157162
6920672208
5817259175
1321015213
1851618718
95109911
5417456177
89409242
35373739
117122120124
2622328225
151146153148
1611619118
14501482
128209130211
1862618829
1319814201
1723617637
35494549
1526515368
3519138192
8616588167
8810293103
4119948199
138225142226
96679968
101169104171
1849618798
1927519379
118128121130
125110126115
160191161195
1112513128
51467149
20442246
110166112168
123187126189
1725717558
3924640249
1547215675
104710510
9112293124
94169718
7411577116
4122246223
122147124149
1565515759
129107130110
16741976
61159117
182156184159
36663868
186131189132
197207199210
1422514330
1831618421
1553815840
10651268
1812618527
96191100192
120168122170
146187
65476849
198150199155
44554559
761784
584985
1316117162
1683417136
165190168192
47125213
1814020142
126225129227
1078110983
23762678
4215545157
7714784147
1424316246
9320296204
119113122115
100910112
67786981
5424859249
112194115196
5313760137
191109192113
51008102
1457314776
1072711228
121171123173
20592261
1397214174
20142117
2721428218
184146187148
155193156196
277480
7510078102
4919249200
1711422115
9020192203
120246122249
1593716338
9417197173
2823930241
1498615189
14711773
1013510536
1618316484
1928219683
66357036
8115182155
170204173205
163816511
10741125
8120182205
191125196126
49695271
574876
142105144107
140234142236
987510177
4615849159
179236181238
70567259
55895792
1336313565
1158211884
7717882179
184133187135
173241174246
2723130232
9518797190
44355435
79458148
5011653118
272382
1569515997
56765781
3718840190
17962896
2813433135
6520368204
152216154219
161201164203
52216121
9921493
156222158224
29103112
1023110533
1755917860
11621194
4021842221
8713089133
922711229
142131145133
189141191144
160212163214
1012213123
7919281195
1867518877
20792381
9016092163
6623969241
144188146190
80948297
158117160119
1166611868
8261128
6314764150
2314525147
6715869161
186128188130
3217935181
155137158139
11784180
166100169101
5017953181
5012953131
9517898180
175174177176
123214127215
2714934149
184180189181
35533755
98117101119
100142103144
6110362108
1933219535
156198158201
5422856230
19671998
1155512056
165221167224
4216346164
1137011572
4612147124
126116131117
155166157169
1279112895
143143146145
138132141134
100106103108
159205162207
42915091
1254412846
192204194207
162218164220
8114484146
170216173218
01854186
84528654
755845
1534815849
197156199159
3611737122
184114185119
999410197
7716279164
182172187173
38374039
1618816490
14098143100
6218665188
6314465146
15698159100
102109107110
109202112204
149130150134
88619262
13641567
194248199249
1367213875
140175145176
76927894
472773
5119554197
3418836190
384406
2615630157
3615739159
5520860209
157215160216
8724091241
1321413416
7621779218
12621293
135136138138
113166115168
1822218523
131100132104
160178165179
8219085191
166198168200
17221763
139149143150
8922991232
2311425116
13421644
1851918721
5220853212
67927094
148102152103
190160195161
2112924130
1681417116
135150138152
177241178244
172123175125
130248134249
159197160201
23582759
1681717019
1796018162
95299634
57946095
4410046102
1286513067
1873619038
16961709
174208177210
4316548166
724410246
112169115171
105163107166
157141160143
124101127103
3422936231
48835284
6120863210
57316431
89659267
1836718668
7011371118
128241131243
168145175145
189198194199
176147179148
196150197154
1783717941
197110199113
151175153178
43434545
9291231
60466149
1707917381
110179113181
85598762
46884890
183137186139
1146111762
101201103204
514537
190209193211
153202155204
164167171167
186154191155
3913842139
264296
1069210894
11321155
116178119180
178129181130
8518687188
149239154240
68666969
56325834
31243525
819884100
108118110121
195118198120
4616048162
6614269144
118214119217
160210165211
397429
1344713749
120102123103
7112973131
7023973241
1576415966
1424314446
156163159165
2012122124
1338713589
3519537197
28743176
017319
185169187171
7914882150
1956019762
4795011
142217147218
1104511149
146152148154
19201952
124223127224
55445846
27283129
156235159237
114172116174
1469315094
195203199204
1041810521
111221114223
1424717249
166247173247
54645766
1456214864
31246126
1517019171
7223374235
17999181102
1746717570
156204158206
3416036162
12371539
104144105149
5010953110
91379439
155170157173
2720531206
5220459204
195147198149
189219189226
1710420105
89319233
1511715419
8916490167
1723217435
1651316716
81648466
127111130113
96469849
13531556
1441514518
6722171222
2022722229
136168138170
12271528
102103109103
109182111184
1943919940
7487710
88589160
670692
134179136181
139169140172
4811158111
188120190122
2710527112
119203121206
7813281134
9223394235
21945196
3312235125
4016743169
1265112953
1717417476
01663167
21735174
231263
15801882
923813239
9218094183
9113993141
50465447
1248912691
138222141224
1838118683
112138114141
1797718279
8522188223
170186173188
5812159124
196237199239
150161151166
4920651209
142154145155
1897619179
129231133232
41906193
23972599
100152102154
1921124212
116221119223
850882
0537
83158816
39104212
185177188179
65846688
131190136191
40554356
4418749188
2417127172
956210462
20742277
29773179
