1744
3816040162
116111117116
1164911851
173181177182
1295913062
5514757150
7817681178
1684216946
110209113211
133184136186
328379
4720249205
11851885
90759178
425826
145177148179
62408242
2723930241
1575416056
88799181
7516777170
3419336195
148100152101
16951727
1943319536
1368613789
156164160165
1911224113
191184194186
1142011722
181158184159
1465214954
150183153185
145237148238
3416837170
30393540
987310175
166101170102
183106186108
6522668228
143214146215
195203197206
1110919109
2913534136
130145135146
153107155110
7818281184
1703717338
105112108114
179191181194
95899792
156139159141
120143123145
1389214293
162154167155
2121522219
131137132142
671703
5411656118
4916751169
9310496106
3020031204
122178125179
185241187243
1225312356
9941016
2321525217
149227153228
2617928181
122191125193
6215065152
2817031172
02412243
1735317556
65876889
62676569
42204423
174138177140
1052610828
89709272
126136129138
190230192232
21695171
122119124122
138196140198
1753417836
1643516836
6317866180
1933719738
4617750178
1893319136
84208622
8722690227
79878190
5314356145
231433
13821414
86868889
16501691
5313156133
53325437
141116144118
6711672117
3310635109
8419887200
85528854
12301262
62836485
108187111188
118179121180
6214064142
66576860
1012013122
1336113563
12371269
1542215624
170244172247
4619948201
31505152
123224126226
1276313064
124100126103
74907792
1789318096
6221164214
1274913449
179174182176
185207190208
173158178159
168141170143
8481150
3621637220
1134711848
192124195126
1658816791
1087911380
112112115114
1908919291
120238121241
1005110156
9271130
178184181185
144203146206
1529515796
7013671139
23402543
9412496127
1748517589
1831618618
291323
9410797109
194140197142
6386413
131135136136
2022523227
172241174243
137118140120
4516248164
142121150121
6615769159
18871938
185130186133
1901919420
44984899
96359838
9220493208
165221170222
84718773
5910563106
168218171220
174195179196
3811141113
35633766
51565557
6817472175
1055410657
994910250
170200172202
189187191190
6211165113
620611207
1910121104
107194109197
1272312733
102216103219
3312238123
190919510
76807982
70857288
1694717249
140126141131
158130160133
109147112149
7814981150
55405742
3224534247
146167149169
4110046101
77767879
46915391
092393
119161122163
2324124246
9510199102
2012225123
3720340205
162219165220
6423168232
3510339104
5410458105
2524230243
148217150220
3710040102
162184
8924691249
125124128126
17682070
9421097212
124242127244
158173161175
3811441116
85349035
1418917191
8614789149
148234151236
22045206
2511327116
13431366
151217153220
1536615568
52975698
109119114120
2210429104
135161138163
147131149134
1518418186
6620771208
101157104159
31725174
31243426
111200114202
79408142
85449045
7115073152
115237119238
7319376195
2813133132
115195118197
7477511
165223167226
40524353
1008710290
9317798178
3722139224
8113784139
581613
84668768
993810439
196212199214
187227189229
128143132144
3319138192
15281631
1807818380
1564115943
160232163234
120165123167
188200191202
1411414515
4323045233
3221835220
140200143202
1077011072
130177132179
28913094
97196100197
4623851239
177153179156
16812082
1764217943
127188129191
1211112313
22362438
1304513347
2316626167
1289113093
1959419995
153915611
32153517
222245
180135183137
1017113173
6417567177
183156190156
6512269123
6917274173
2816833169
3715339156
1059210893
30313333
1829618598
4110250102
1541915721
1627516577
38684170
25512655
1815618458
4418646188
7118274184
142166145168
48235124
1929619499
354656
1768717890
10601101
8314387144
74737874
4018241185
027528
9013792140
53585561
2220125203
163199166200
1515415357
5624259244
58766377
174153176156
19111934
115198118200
3613044130
151133154135
6641165
155235160236
103189105191
2213824141
1624416447
8314087141
4915151153
178138182139
157177159179
143103147104
2918034181
133113137114
152170155172
3123935240
1371713919
993410037
141178144180
7212774129
46884990
7413377135
158126161128
326377
2311130111
150160153161
1246712670
184182187183
1123214234
4116244164
5912662127
7416175166
02444245
153224155226
1822718429
1765317856
14711503
8598811
128184131186
175174178176
47575059
157220159223
3318835190
73517752
20392242
67167217
1689517197
139203141206
101173104175
49655266
62316335
124202126205
173187176189
1163612137
32183520
9715498159
5117353176
125122130123
71247426
1806018262
2715330155
1636016562
100244102246
4324545248
178223180226
130207132209
130153132155
163174166176
10661268
172184175186
178189181190
134241136244
1545015751
4315647157
01472150
41154317
169194171196
4422145224
136150138152
1574416145
2420425207
123180125182
1533615637
1342313725
30433345
32206222
73687670
1697917281
144173146176
4119443196
1313313435
117214120215
9319196192
165246168248
2910031102
110169115170
79118213
78308132
921812219
9317096171
11061138
11299116100
7410776110
5315756159
94539754
1134911552
810861
121114123117
125148
187167189169
4924152243
181215184217
115220118222
5823961241
104115107117
195190198192
138138141140
213415
8999112
52298231
1667616879
3314237143
18221835
178239181241
148135150138
36543956
1775018052
140231143232
3924241244
125238126241
1722317425
38204122
104133106135
3719540196
1405614358
1732617627
152102154105
5124454246
4214044143
134115138116
71637664
1065210953
7124774249
181186184187
1863118834
6217265174
3911942121
82918493
1824721249
162242166243
142122143126
8116284164
180118181121
3821941220
32466248
1105811261
21602661
5220254204
91839584
9591162
1819418695
152142155144
6719470195
93169518
7820280205
7222576226
78958197
100208103210
76107812
197230199232
336837
119195122197
147180149183
2221224214
121198124199
184152189153
5916761169
4317845181
89259127
4015442156
9416897169
8010283104
11799120101
103243105246
1212514128
106244109246
184179187181
1745717758
58406042
7111374115
4720948212
186687
4818951191
1148811690
185154190155
1076811069
2010523107
2010922111
8410487106
196157199159
1151411816
154193156195
67497051
1288313085
55175819
14961798
1205712259
118127128127
6211665118
1957419975
1227512676
1233112633
187108189110
1483515038
1713019133
1276913071
4010350103
982710030
47505052
9018794188
6231124
853884
159153161156
719872103
1715821159
107216110218
137129139132
163104174104
12001222
1616219164
5514058142
93499650
120228123230
1057710780
81558357
1315713558
1468314984
1618721188
1133411735
58906291
5719159193
120170123172
64336735
198175199178
2820229205
4622849230
196171198174
8417089171
1666116963
3012433126
184134186137
82258527
10151316
1561215716
9423399234
109241113242
4194311
124166126169
56785980
1828518587
1483915639
104182106185
1603016233
9722698231
9321037
6814671147
4722450226
3716340164
1907219573
180203182205
63796581
1537315674
163136164140
66716972
19572259
4923451237
1245312655
1689017191
160177165178
35343736
58236025
114171115175
111161113164
102198105200
23852687
9114195142
171107174109
1339113496
16399165102
075377
62039205
1101411118
1366013863
141187144189
6524568247
80788280
1331913521
3619837201
22252527
149122151125
63476649
62926793
115233116236
8812291124
544576
105127107130
9522496228
6711370115
16981729
170157179157
114208115211
52188219
137184140186
811612117
110150112152
184121186123
1759118092
7924581248
957610376
195179198181
17292031
8122892228
16271659
183139186141
46924797
2611928122
02263228
179206190206
386409
1923319336
125112128113
150152153154
9016893169
138210143211
194239197241
8814491145
40634365
1025110454
6821370215
22192520
1818020183
5712259125
191153195154
1853818741
871981
112165115166
1964819950
85928894
111153113155
132126135128
107132110133
1916019363
7815880160
192215195217
120104125105
33883493
2919630199
4415947161
1208612388
73547656
1517518177
177247180249
67546956
148102151103
29503152
1187512176
1928119583
32943596
3115334155
88739174
1489715199
127238129241
44444746
124170126173
8823193232
5821360215
8120484206
813010133
56585861
32483352
1084511147
34313733
1666416966
2923040230
9516399164
1148011683
178128181130
4624749249
90289230
1654816850
159225162227
59836185
107182110184
1272013021
130191133193
186111188113
5713462135
159168162170
1614816450
160190164191
112179115181
973110033
63426644
88829085
1012510427
1363513838
12621564
27392942
16798170100
254305
2918832189
6516468165
15797159100
549956101
183149186151
135123138125
176214179216
195236198238
7117774179
3423137233
129200132202
139104142106
35573859
9771009
161105164107
187194190196
125208129209
135172139173
6513869139
138111141113
4912252123
1315618157
152234154237
10751377
166184171185
7022775228
1162811930
92379539
187237190238
5416258163
7421778218
109235110238
162221164224
151203154204
2514427147
1105211255
1178011885
4418246185
117157120159
433464
816310165
1581116212
4614849150
171123174125
7012272125
155177156181
82818484
01903191
34803881
4616748169
98211103212
1743717838
30343236
1611721118
104210107212
2817329176
1717417377
42734376
4621649218
92739475
5219355195
61368138
1388614089
123186126188
135230137233
1310216104
69897889
178122181124
1932719530
8115784158
2113524137
1636516568
5116353165
01053107
9215894160
50625264
43264628
167242169245
182118183123
42584659
9422996232
68927194
286318
156112157117
3517737179
6623371234
72777579
34413743
3411537117
1323013532
36503951
65126714
133137137138
192218194220
138157142158
98132100135
1574816049
2011423116
136107139109
144191146194
8819691198
95609663
86498951
6922972231
2022823230
18882190
110101112104
139161141163
8814190143
1135611559
187131190132
1902719230
1276513067
72577559
1654216745
71487450
1053710938
1219213195
133175138176
1041110613
93679669
5611958121
6920970212
97499852
6220166202
3411137112
1221412516
2218227183
3413137133
96819785
1814521146
147106152107
1487315274
82748477
551753
183109185111
1015112154
1467614978
6120662209
31266127
161112163114
62366737
3813140133
372423
106150107153
55105712
13201622
011115
136153137158
38334134
111246114248
165156166160
6410367105
1116911471
6416869169
61729174
60676171
2911932121
9017092172
175197179198
11331336
161129163132
1116514167
34273928
8511153
1034410645
112188115189
154182155187
128131131133
1319113295
89229223
150148152151
178480
174207176210
2813333134
64576560
98150100152
1012810430
4617051171
116203118205
191142193145
61709171
118131121133
6219563199
124232126235
1043410636
163226164231
5520358205
6410667107
4718448188
156196161197
657689
120111122113
60786281
023325
58266028
122138125139
89679269
5522557227
187245190247
6916271165
82308532
126179129180
922311225
981810119
58126113
1121414215
72607562
6688
5011553116
9412097122
1186112163
9011193113
1121014211
1967619781
1751417816
7113073132
6611068112
1365513957
1523618238
1802318524
8513889139
129203134204
45794881
76427844
58326034
1157511778
711762
7119873200
8911892119
127219129222
123162126164
1362913931
17821814
2313126133
37933896
25282830
79348137
754957
44395139
139123141125
1721720219
127168128173
151119154121
88619162
17352136
4815651158
1896919171
176118179120
8013483136
165227168229
58356037
1357413776
1657216774
1722519228
1199412197
1275213053
31576159
6810170104
40754178
101146104147
167156169159
111176114178
1524915353
7418777189
1936619867
195120198122
133177136179
488690
154128157130
78168019
8719089193
2417627178
6416667167
187203190205
1198312185
114127117129
038241
61386243
82288629
151210154212
145222147225
140244143246
94579659
24922794
417719
112105114108
121153
9613698138
65186721
48365138
122206124209
62166419
117227119230
157230159233
51725375
1874319144
1723317436
7311677117
178142181144
178236181238
31633465
7524378245
127103130104
063266
39574160
190125191130
684706
4820650208
34603762
147213152214
591010
1367713879
7312578126
187133190134
75217624
167198169201
2513827140
190169193170
100116103118
143105146107
1508315384
54135715
134206137208
142127144130
126192129194
616610167
1802518426
124159126161
43354637
19671999
108165109168
191238193240
1405114353
155237162237
93899493
1283213035
160214163216
1021210316
153231156233
8516588167
2510028102
153147155150
236268
2819029193
6615069152
116120118122
492514
166211168213
775806
1946019861
103148105150
1025510457
1611316216
143241146243
1142611927
15251827
54535755
1417914282
3816941170
153145158146
61839184
21622563
9223694239
9524797249
176217180218
176163179164
031135
30103312
4216645168
181200186201
2023123233
187213190215
17381769
117104119106
9023691241
8523390234
1359013991
39874288
720010202
8720589207
495517
5821061212
1363914040
131243133245
1823921240
9313595137
19852287
156211159213
103107106109
93279728
104186107188
1018414185
1009110294
1463314737
5221355215
1786918171
1772617929
1364114142
121212126213
31816182
153175157176
1618416485
1494715348
188180190183
76837985
132170134173
161210162213
1118411685
64616763
6019461197
111182112186
70827384
1545415656
3317138172
6319266194
19972299
133223135225
20672767
48465347
150140155141
1785718059
1248712789
1222815230
196130199132
5418956192
1016210463
65736676
8917392174
130187132190
130241133242
77678069
51439144
5714561146
8012183123
124134129135
1573715940
119231120234
1087611178
6817677176
1576715969
33823584
38844086
113101115103
71799182
1686716970
3817642177
111218113220
5023052233
145245148247
1186812071
100187102189
184197187199
8523589236
083385
35873889
1737017672
7823481236
1820121203
44734774
9516098162
1811918421
29963199
165139168140
12251428
113167118168
3823141233
144137147138
7813780139
68247027
1124511646
112109115111
30553160
814011142
12481550
194244199245
1516315268
136217139219
7810981111
106221109222
136227138229
1429514597
1607816380
188147191149
197233199235
7318184181
106179109181
1377214173
1701417316
195246198248
1536915572
7413677138
172205173208
77638065
74158215
3720642207
9321398214
63297029
2312928130
92609462
1586416166
10251066
58815889
1712817430
177208180210
151207154209
9523798239
1613719139
155121158123
1161711919
6911072112
20712274
1185412155
2715628159
24702772
48705073
106199109201
8420786209
1734817650
113121115124
48255127
1549115594
1123611537
577879
01352138
115247118248
187121192122
82898590
5214954152
146230149232
1520918211
1463014932
38354038
7722480226
195193196198
1618816489
7514276146
01413143
88369137
175100178101
44304632
11951227
1764418145
1457314775
5220755209
1448714789
1275713058
3121033212
1202712528
139175141177
5817261173
7616277166
110198114199
42664468
1508015481
157217159219
1538615589
116170119172
4375
153214156216
192187193190
119107122109
6015763159
1426814669
4222143225
362565
793995
1496015261
34103711
9216194163
2115324155
118242121243
6624268244
2512427126
4719248195
8223085232
5131014
119139121141
47324935
132196133199
54255528
114152117153
155135158136
7110474106
101247106248
919013191
1915219453
40714472
84609160
177817910
194188199189
163126166128
64646766
1214115142
53635566
7120975210
7214174144
61446249
58106111
29883290
170188172190
1955719859
1462114823
3420436207
8324786249
1703117532
1271013012
1745917563
5424757249
189233192234
1818919192
2813732138
116117119119
154245156247
94117
188391
169211171214
1159311698
113130114133
71657666
168205171207
123183126185
196113199115
38144016
529619
193232196233
919994101
103178105181
128234131236
116208117213
1192312125
192201194203
482983
1603716142
1711217613
163117165120
52955696
5923261235
45684770
32553458
2120824210
1396014163
3917142172
144229145232
1511715618
5318758188
38444146
6381039
1103811340
91459446
5710059103
105146108147
13971438
161183172183
155101156106
6816671167
155151160152
150164153166
177186180188
29533454
1325013651
86258827
1342613728
1127411477
1311715119
106240108243
7214574147
71277329
93869688
101196104197
1606716269
152113155115
163192167193
177233180235
37974099
125206129207
44414743
150221153222
197226198229
5112854130
8219186192
134196137197
1056210864
1354713849
70527255
615517155
724310245
108202110205
1708517386
10751098
1836218564
148209150212
1512215324
167110172111
739874103
183172185175
1312613329
7517980180
8611089112
1476215064
175125180126
83148616
1314914154
7617178174
1872618928
14331636
1474714851
1687317075
131167134168
159123162125
153196155198
6720169203
125195128197
171118174120
79438245
195201199202
173200176202
1299613298
179918104
1058910791
1693317136
1517715479
5322055222
121157123159
3511938121
9121794219
154228156230
7722282223
1324113543
41759176
122245127246
6410973109
152122154125
165186168187
63906891
56745777
1608616387
81628563
14901791
81648367
2018925190
196138199139
1521216216
1783018331
3624138244
13571389
74277530
159203160208
6010062102
1392214224
3524538247
996710269
8315986161
26622766
75317733
1429814799
1995519966
779879100
6617068173
26102912
44844985
3622640227
40284230
38104013
512810129
1088911091
2016024161
97103101104
109111111114
107215114215
1281513117
13181349
4115943161
26222924
139220141223
18399186101
7710379105
1522416227
8520287204
113157116158
27383438
815838
1704417246
1114111442
1771117913
5822660229
124130127132
1649416796
127202128205
123151124154
84178619
9424497246
97105102106
922611229
164172167173
1023514236
6621969220
17361767
149177151179
35903693
7923782238
92769479
809882100
133105135107
3523638238
126107131108
9422196223
1017414175
190226194227
1423414536
127183138183
147204150206
119102123103
143212146213
9120993212
1942119922
1524419245
1202912530
01843186
59176120
155207157210
118128121130
3316538166
1351013812
110194114195
146165149166
174111177113
71397147
116165119166
127175129177
114134119135
175128177131
5221055212
1588316085
016317
1419217193
9212293127
3924540249
81113
913611139
3615039152
26132815
44524655
8916291165
77608062
29683171
4422546227
1563315935
107158108162
130205133206
1615116453
174170175173
156182157185
12591561
151188154190
4010443105
69597162
176170179172
5310658107
148140149145
141197143199
54905791
23582659
3814241143
16411942
103122106123
1922419526
161165164167
1188912390
2012822131
172219177220
180107182110
85838785
133187136188
149259
4713748140
9020491207
2514127143
7419677198
122149126150
164130166133
5122754229
193228194231
1074111042
127231129233
75347836
62238226
19601992
163121166123
5323956241
1602216324
1611218115
29412
5512857130
79488748
1020313205
141186150186
180198183199
14961528
95739775
1806518168
82528454
4614649147
40544256
6811870121
25952897
1210514107
180231
6414767149
197101199104
6618169183
99120102122
7622780228
30213323
1213613140
115227116230
193157195160
160158163160
12801312
1307813280
4018641191
173244176246
119146121149
128243130245
1788118183
4419246195
152238155240
4916050165
145218147221
6122564226
119120121122
129119132121
02292232
1868518987
189175191178
1759717899
1912119323
2718429186
4320246204
99226100229
3613938141
135147138149
166716810
42604462
51855486
12291431
197209199211
115191117194
3319636197
1165811960
180149182152
1751817820
1375013952
6020363204
182242184245
1834318645
178219186219
1354413846
1183312135
1519716201
154153156156
196107199108
115130117133
157248162249
8116584166
61226523
1589216095
5021653218
9013093132
155134166134
1311013412
178228183229
2658
181210184212
3217534178
812311125
1665616859
17201922
1611920120
185210187212
6924472246
4712750128
153168158169
6918771190
4619649198
3124135242
2117723180
135202138204
515916
62157115
3521338215
156224158227
45614764
159102162104
31464149
1038610887
63386839
108107111109
154199157200
1825318555
942974
9019092192
68637066
1619216394
54815783
