1805
20182319
193186195188
5019355194
119234124235
68127114
8023282235
4521050211
144209149210
7412777128
41227124
184236187238
1773218034
69467149
81228423
7120573207
134209136211
33263627
1914722149
1306513267
1085211153
99167104168
7110074102
119240122242
6010163103
80388340
97210100212
83928693
1154411846
62576558
1706117263
1724717648
55615863
81648367
153110156111
179149183150
8716690168
10151047
2710830110
83958697
158137161138
1439414596
187189189192
122116126117
4519248194
83338536
170235173237
170194173196
4916351166
76147915
1895219253
115195118197
122162126163
7820280205
7513077133
81148317
8520788209
8424686249
71827483
20392341
153244158245
1468314885
1664216845
81308332
1465214855
4911051112
62156418
190142193144
130158131161
159222164223
7891290
3818640188
181219183222
139160143161
51445446
1368313885
11131154
1177011973
4111843121
143173144177
9117494176
35293831
179207182208
3013233134
54525753
37874089
105171112171
111234114236
22232326
117209119212
131171134173
3123134232
1521620217
01431148
173129181129
1702817230
8620287206
158171159176
3413536138
62756576
56796080
45784880
2215524157
3410737109
118202120205
143224145226
7523677239
105182107185
1123011731
1342713629
26653066
1312313325
36904191
51507153
76107912
67157016
5516757170
81528454
148145151147
1379213994
17712272
20902392
1005110352
155104158106
127105129107
5615759158
4422046223
178163182164
3011433116
7310776108
24192522
7416576167
66696971
1638016582
187213189216
026328
108169112170
1059210993
32363438
54915792
1666016763
7710379106
8823291233
5318456186
1597616178
21612462
12211523
2418527187
4723750239
1044410845
4524648248
1591916121
7521278213
44684670
6710569107
1258812890
169117172119
536640
8122186222
2716530167
1117811579
1648316784
190191192193
1453114832
86688970
94899791
262464
78578258
179119181121
69627363
5614659148
50575359
3822140224
24912793
1626216465
179227181230
88229124
169132170135
815856
172239174242
138201140203
64426644
8911691118
135162136166
159161161163
1713619138
18541876
2314728148
1922924230
1685517157
1581316214
182125185127
113188116190
65776878
53215622
8215586156
3018631189
6810869111
148114150117
1885619158
44844589
139149141151
108120111121
8610189103
48635164
31113612
923012231
134201137203
62396441
174191176193
9411798118
1482415624
490693
7113673139
1372914031
6319264197
6512567128
4716949172
5820561207
165146167148
1591116212
1083211034
19441976
57446045
127612810
1862818830
4821250214
1796718269
167198169201
7424679247
122135124137
690722
189145191147
18301861
57496051
9022193223
114150117152
196138199139
1413014431
129231131233
163213164216
45634765
57226024
1512319124
153227158228
7224375245
9510398104
5022352225
7011472116
18812382
373675
1052210725
73727575
2016623167
35573859
104211107213
9018093182
193247196249
1942319725
1111411416
822511227
157142160143
179165180168
594797
5418857190
1013912141
3621339215
8688711
6212263126
111204114206
1485615158
4717850180
179130181132
0041
69767079
01833185
7214275144
10621563
1236112662
189247192249
3110933112
1732817530
164139167141
114160119161
90409541
187197190199
74227624
107193108198
2711930121
157147159150
6824671248
1684617148
02133214
6712071121
4112942132
183242185244
143196146198
4117944181
29433245
1609116492
3810640109
113244116246
1773518036
14441646
1722020221
124188126190
177219180220
194110197111
2921230215
96127
15591861
131180135181
5012452127
1207412375
172139173143
133185136187
194107199108
41667167
2110324105
159235161237
8418287184
176138179139
140119143121
123138126139
185122188124
1703717239
152150155152
141168143171
169217172218
196156199158
142116144118
145153150154
118151123152
9419597197
4123741245
1436214664
167209169212
6913171133
196240199242
085188
17201742
34923993
132142135143
174194178195
175111176115
163149166151
6821569220
1415516158
153128154133
6415266154
1658516787
6914371145
51945496
3013034131
1438714589
3023932242
1259412796
2220424207
1616716469
065466
1652916731
5220755209
1039610598
190211192213
107152110154
1412114622
117244121245
2916831170
119236121239
2020221206
1604716250
822011222
158116160119
191100194102
14731504
7017774178
98226102227
6422765232
6824171243
1553616636
19222124
97191100193
3722540227
82278529
259828100
5317656177
13711673
1862518927
37824084
7416276164
2719430196
1869718999
54315733
1586216163
3324536247
187206189209
128141131143
61776479
35503852
8113084131
1707217573
1498415187
7816982170
1045610758
1844618747
8417388174
165225168227
4020843210
24402742
1411417116
9119994200
128169130171
116218119219
188152191154
151165156166
765806
5710859110
5411657118
1238412685
966910170
112110115112
163158166160
183245186246
75787683
3013533136
6717270174
1914619946
21434146
15499157101
1014712149
1441014712
1641616718
4623050231
1813321135
1723117632
1892019222
1121911521
3718140183
6623071231
119231121233
4615449156
137158141159
44474948
36343836
676878
139124141126
142150144153
7811580118
117102120103
9316896170
998910291
1534915651
48925393
1146711769
1835418457
110185112188
171153173156
8717889180
19021934
18141846
55395642
1043810740
1111711518
138133141134
139142140145
5413057132
220522
3716040162
59936394
1679417096
120229123230
1341113515
8311788118
136149138151
19797198102
102197106198
138130140132
163176166178
3214835150
175173178175
4122143224
5813261134
8861088
193165196167
2811130113
5017053172
148163150165
462513
41827184
1275013052
21935195
79918293
137178140179
44424744
2722328227
91449446
4614647150
154215157217
1102411425
147105149107
6219966200
180195184196
12471549
5814062141
2223929239
371394
50165218
144119147121
106187109189
1345913860
1781618118
1518618187
81558556
190244193246
162100164103
36163918
187233190235
6320368204
17901822
1661710
1476315065
6912271124
37854186
139146142148
4819751199
177223179225
8810591106
2712629128
589963100
1164011942
100130102133
194244196246
6310865110
3814441145
92709373
162136163141
4020342205
6914071142
8911993120
4514047143
78548056
99117102119
4612649127
169222172223
1005310355
65606862
3114434146
124238126241
6522467226
1488815190
8716990170
7018273184
167122171123
6818169184
102234105236
1411719118
9410199102
2820932210
6315867159
1124111542
136173139175
8019085191
4715150152
9321196212
1117311475
160104161109
3221935220
1339013692
824011242
288393
5611358115
196223199225
1347413775
1003110233
63286531
166152168155
1767017873
9420397204
10998111101
1561915821
9312895131
107235110237
140175142177
923211234
1038310586
1656816870
55965898
47235025
1416514666
116143118145
1976919972
1255913060
149244152246
162183164185
197113199116
1625916561
190206193208
104156107158
83718772
17311934
3015233154
1812318326
6220564207
128204131206
95509951
76677969
1364113843
6521567217
1018810988
1383513938
190217192219
1931319615
186210188212
152148156149
138114140116
1234712451
131207136208
1115313155
2716331164
4316748168
136240139242
169150170155
130145133147
59616164
3421235215
27773079
172203174205
108182109186
7924381245
1511115413
189121191123
59366138
151116152119
21003103
190194193196
1688016983
982810030
63326535
1543115932
2322326224
121181124183
1223415235
143144147145
1194312146
10399105102
126200128203
156220161221
42244526
129221132223
148172149177
167108168111
4920052202
156199159201
98106100108
3311934123
35533756
1241612519
163152165155
39294132
9216095161
2516026164
95929794
1716817469
109147112149
1773018131
76397940
133188135191
109239112241
197236199239
142214146215
154205157206
148132151134
158164161166
195170196173
3621637220
110242112244
7513886138
1847718680
155156157158
640662
87489050
70667467
7117273175
1767517977
02013203
147232149234
184192186194
77917895
142122145124
21422345
4219444197
139196142198
185136187139
158178161180
195497
11451168
17351757
152170157171
107143110144
155131157134
8613988142
1451314815
600614
056357
176198181199
4214044143
53825584
1404414149
173161176162
123207128208
1444714650
15751606
1922520228
117166120168
6814673147
118123121124
184182186184
7417376175
1810023101
1221212415
157181158184
184218186221
1188511988
134137136139
1118411287
1659016892
8222683231
3520938211
7222575227
7723081231
99242101244
5419957201
1077211074
7410376106
1037710678
3320236204
7517077172
8521096210
1247312775
140110142112
67557057
813844
108223111224
128244130246
159238162239
137162139164
33323535
110208115209
7381139
8810891110
113217115219
134116137118
1006510268
12021224
154193158194
194114196117
184176187178
6286410
31473449
1368613988
8312187122
8911493115
48945096
173817610
812211123
63506851
171151176152
162107164110
147166150168
121120124122
12661568
436477
156224159226
173118176120
5210155103
196226199228
01735174
812410126
8422987231
34853688
192153195154
1701617121
124150127152
113183115186
1132611529
34653766
156229159231
72797481
125195127197
127162130164
123218126219
7622478227
163204166206
2615329155
141191145192
132224134226
6617071171
108205110207
26302832
180161184162
1148211883
127241129243
1319715200
1641916721
59736474
1143612536
12043207
113130116132
42784481
130148138148
170202
31896191
185145188147
3921842220
6822471225
175202177205
123209128210
1162511828
713727
1056210764
5610159103
43904593
9122494226
4713856138
2510130102
9410697107
116107119109
4814649150
140162
137119139121
167120172121
48315133
91789381
1883219133
3418637188
138117141118
1516218163
396428
8314385145
1312713329
1708617388
14051437
421453
1493115035
115234118236
1721517320
140239142242
5810463105
619822
1698917093
191198195199
100111103112
1818618587
1109311197
865887
199176199187
175182177184
139103147103
1295313255
141178145179
97469849
98234101236
62469248
1079410996
151219153222
4410946112
71847685
22465248
5413957141
1723818243
105162107165
59956296
1444014742
96959997
71129115
4911351115
1861418817
3514437146
1294113442
182121184124
129613010
1931119612
187180188184
132126134129
3911740122
1568215984
2221525217
5919060195
8717589177
124177135177
1471915021
12199122103
113195114200
1118013183
3917642178
111136114138
196140199142
81878489
982010023
13921424
1039410695
17351938
124171127173
1923121234
88719173
129191132192
50295530
85519052
7716582166
1519520196
119162121165
5216554168
666688
1395714259
150239152242
1622219223
5410956111
8113285133
83738774
6617868180
193118196120
799980102
94779679
1974119944
1754218342
172111174114
6419067191
1673816940
3714840150
5423559236
30563457
3913844139
4920351206
1069010991
4615848161
1368013982
6217565176
1211115113
67267127
7813080133
9231126
86279128
94739576
178238180240
118104121105
56165918
3512936134
116157119159
1717919182
4924858248
4015643158
1385414156
1643716640
8919090194
118134121136
1904019342
131118133120
1220314206
3814241143
105190108192
87449046
5715361154
100232104233
61479149
148169151171
111160113163
163122166124
159112161115
77807983
12591461
16621767
99239102241
72487550
4320444207
7413477136
49415243
2022222224
3820642207
118131121133
45814882
129201132203
39504451
95289730
61216422
105177106181
109195112197
194196199197
1343013633
35133815
113225116226
142193145195
7223375235
1517815480
148199150201
148219150222
2523130232
39134115
150122153124
737769
142229146230
1566815970
119195124196
6623669238
01491154
1324713548
29253226
9614399145
8316284165
1018710987
117178119180
1551315716
187220189223
196214199216
1595116153
62116314
160195162197
17971848
730781
58256226
1309113293
9418198182
169129172131
1520516209
1872010
7301032
71547555
62666371
9017792179
95469649
1608316384
968999
157207162208
1272713028
1165111854
431634
1677717079
30363139
59816184
127116131117
162120166121
79468247
8223885240
2224524247
20932394
1428114583
140166143167
1751217814
1317616178
166229167232
6623269234
50475448
149143154144
718910191
13901431
1467714979
6620968212
2018023181
1045110752
9411398114
133108141108
6311865120
66466849
151815410
136189138191
2921931221
102145106146
1478015082
1686417265
5021755218
1727917482
89159217
85228724
1946119962
1432514826
8924091242
9420899209
3422137223
917516175
1564416045
6921272214
31583361
126122129124
116110119112
1318414188
1008110582
66286831
105120107123
21795180
41136115
79738275
1437
134119136122
4521247215
42078208
1942819630
1521118212
31386140
1924521247
177126180128
133123135125
193241195243
182199186200
87299031
1355513758
1551115812
1884619048
1136211564
1631316615
4813250134
8210885110
48745176
168112171114
100158103160
5924468244
822312224
2112824130
02181221
14199146100
88638967
136180140181
988610088
13901791
160173162176
1013610339
1396314264
126226129227
119153122154
8715288155
182173185175
16302530
128100130103
39794181
158203161205
147212149215
6119462198
35224023
103247106249
8623587239
8101111
996110164
2512929130
91509451
99188102190
164186166189
1161311815
16141646
3616339165
7817881180
158131160133
8614489146
15331637
1474414848
1864318845
9321796219
1446914574
1624518248
25702772
184203186205
1741517717
9111193113
3619539197
1593916142
939896100
9191122
114102116104
124812610
6810070103
1443814739
2319225194
1497315275
5820061202
95213100214
618010181
23562658
12521266
154159155162
044345
154182156185
1756717869
182153185155
131243134245
98124102125
1841218913
1755317855
117127120129
134113137115
1161012011
173221176223
173171174175
94319634
48145115
8318785189
7818179186
6015862160
177130178135
101142103144
110811310
8618589187
113237115240
141164144165
169115173116
1906019362
7919382195
4520448206
6514869149
127111131112
1784018341
4412148122
1314815151
115146118148
16999172101
103128106130
52635465
9721899221
1655116853
2520226207
117181120182
52207222
130241135242
619511196
8791181
1303013332
168159169163
16741976
9218495186
171206174208
171132174133
1032810530
1308413386
127146129149
144159147161
18199184101
91329335
7116173164
1891419215
9624098243
1885918964
1116816169
193155195157
96183101184
9224897249
66666968
153125156127
9751277
7011172113
4516448166
5316156163
7222075222
89899390
99247102249
29833285
172197175198
125134127137
5921060215
44404841
111133113135
29411
131162134163
147228152229
5614961150
9424597247
7716382164
185161188163
2717930181
10551078
4214545147
2220024203
1935119653
7224075242
1409214295
74607762
2917531178
1807318375
99113101116
4818151183
2312426126
33813584
1264212845
1474914951
116237118240
122164125166
1765617858
1501515317
151136153139
2717129173
7722881229
181157184159
1811922120
1323813440
1737417577
1303413336
56575760
4915851161
612910130
124145126148
1781918220
74517753
192122196123
6215067151
140208143209
1818118483
5723360234
1076811070
65526655
1212117122
187107190109
6316070160
125100127102
1736417566
51416146
99179101182
64636765
7910780111
55146015
146127148130
8913690141
1296213264
1614516546
1125111552
59711
482784
131238133240
3316535167
5221955221
116171118173
1868518987
01223124
74337735
1012010521
112157115159
5716260163
7322876230
180214185215
1026210464
14551487
140814310
2724629249
1710220103
910712108
129215131218
178181180183
1369513898
2615830159
18831898
1589316095
1455914861
1394114143
1112211423
106100108103
175200178201
194194199195
180177182180
1483715138
71567259
5413357134
3615739159
119145121148
172122174125
122132124134
1491816018
1121114212
52125415
1710420105
8120182206
6822671227
12301271
20832285
6410566107
18642066
22592660
129200138200
2418026183
102182104185
27583060
5817063171
114153116155
197119199122
21625163
1812820130
5018552188
172158175160
195168199169
10911104
42724574
479780
38464049
1899319295
34674167
1855518757
107179110181
151163154164
111179113181
192227194230
1919619498
101191104193
1971319916
178156180159
1568515888
1402514228
083384
124242125246
22532555
38684071
46924796
179191181194
8310185103
8917192173
8591161
42404345
165142170143
5417157173
44274530
1255112655
144146147148
6121464215
1387414375
48375139
1152211724
8712392124
15901622
195212199213
1959019793
46114912
175238177240
80248325
5922262224
109133110138
104205107207
6617569177
98201100203
151182153184
1924121244
51605462
191238193240
102179104181
3411537117
7022071223
1652516728
195201199202
3220043200
171232174233
176147184147
175121176126
187203189205
78318033
1259713597
13501382
1012210424
172209175210
69607361
146192148194
192236196237
97120102121
46664967
51775479
165222168224
46204822
129247132248
889891100
58316033
98245103246
4415751157
147230150231
76487950
7018073181
424475
177241179243
157125161126
147239149242
177176179179
21475149
145174147177
174107176110
1589616297
3714041141
7312578126
186142189144
1943619738
6815771158
126178129180
159158162160
160230162233
35753777
161130164132
120209122212
47875089
44715571
1528915491
111153113156
41576160
6317366174
46725173
167156170158
523564
1493915241
8619088193
1441614619
813713138
107159110161
480511
176216179218
1611220113
5422557227
181918411
1522115523
29323233
4821552216
1853318736
3715340155
107124110126
8815093151
14141616
9323594238
154139161139
4118343186
8110791107
7613979141
132214133219
1677517276
1361713819
19572160
170102172105
2211324116
170126173128
4722051221
61978199
18772278
103239106240
1234212544
169224174225
1914719350
43974699
1614718149
159816210
1521820219
13111613
35193821
5217456175
1619718200
106106109108
4612449125
7622078223
144166146169
952710427
9411996121
01902192
01362139
14801512
93164100164
53405443
1011513116
4317446176
156151159153
48495052
1866518967
162163163167
921814219
101134106135
2724029242
112101113104
148178151180
180223183224
138104143105
5719158195
11771199
9116792170
7161017
8822689231
103125106127
1652216724
110177114178
129133132134
39384738
8912591127
526828
3610040101
1314913451
96669968
8924591248
1704917351
152215153218
71867289
7017677176
8419987201
4817351175
42134316
181182183185
9618598188
2513732137
1797018172
1036510667
5410457105
1794718050
105202108204
8321185213
60886290
6411466116
126129129131
157187158192
1528715588
150120154121
20752476
4621749219
185230186233
1243912741
1477615876
1178912290
101161104163
131102134104
65796881
107245109248
171107173110
1466914774
3324136243
68837085
159192161194
1407614378
188164189169
8820289206
529957100
025825
6711269114
102113104115
58696171
6513870139
80118313
120160123161
112114114117
1758017783
520010201
1415014353
162125165127
1583716338
2713129134
6314066142
52665568
92219423
8713390135
1612316425
1927619677
4923253233
116222119224
6216867169
130209133211
138229141231
1516215365
195233198235
032334
9224295244
2213226133
2920332205
3024632249
8624088243
55435646
173230176231
39394739
113169118170
13751386
017319
1301613716
1611616318
8516288163
4618749189
49805282
1583316035
46834984
89749375
120107122110
148135150137
1843919539
122145123150
96719973
3122333225
1739717699
2310826109
816510167
1927319774
1682517127
175232176237
51858187
9417998180
2122523228
1566416165
2013621140
40174319
21102411
136243141244
17831985
1383914140
108164111166
154196156198
024824
13881689
122221127222
1807618378
1924823249
7123674238
1612816430
1562216023
139190140195
9119393196
170197171200
78518053
136159
173216175218
4212543128
1639516697
169173172175
7624078243
160226162229
8621189213
95109911
135101138103
152145154147
1811421116
8316686168
158134163135
21334135
2416526168
1627716479
4110943112
94249726
12245225
915611158
197243199245
166164168167
1944719650
158168163169
4224444246
134218136221
190222193224
94679572
98126100129
35453748
1572416026
134238142238
4810453105
1627416576
52726372
2621835218
150174155175
240330
177235180237
127118130120
6418267184
194182195185
31863389
1423914342
35373839
819883100
4618147186
1372613928
130149132152
63476549
4116444166
2012123123
28463049
47975099
9523798239
8321686217
7614279144
3117936180
1033110533
63266627
3119432199
2218223187
120158124159
28743175
2110622110
185195189196
8721689218
3222635228
1719317893
7651066
7924183242
182188183191
2417126173
4013543137
8478512
1213315134
178186181188
1076511565
26532955
151103153105
69747275
1013410435
195189198191
5219757198
11631194
6410267104
166171168174
4711048115
177122181123
70237324
558760
1211917120
142156144158
5495611
5996111
32407241
183131187132
108117111119
181201184202
62806483
2223123236
02299229
