1760
575607
911213113
121111126112
8318686188
2619428197
5913861141
282387
79928294
1594116442
1018510387
114183115187
116188119189
192228195230
5217153175
4315647157
1564815950
61407145
72167518
1811418316
13451547
3113932143
4515148152
105130107132
7496
1539115593
192170196171
1441514617
37193922
9941295
7211023
1752217725
4713550137
051352
51507152
58246026
20582261
21532356
52425743
1712217423
127234132235
1298013282
8323691236
169182171185
94959697
145203146208
5222754230
133233135235
4812649130
107190110191
140233142235
12661288
5016253163
179116184117
15581860
187174189177
1201912221
7224175243
102112104114
6515367155
1419817200
1113711638
71309132
2615928162
145116148118
1152711828
183118184121
19131945
7623879240
7116072164
183197188198
1596817068
1904119244
168200171202
186112189114
153200156202
3716640168
96369938
9518997191
186183187187
3520740208
150204153206
1013510338
21755177
01622165
1587816081
1287613277
133146136148
6115963162
62229223
73767578
96559858
2913930143
8714489146
160193162195
177179180181
80268228
141217144219
4521048211
9241127
1084011141
1551815919
16411943
1084611347
1276813070
15611962
1293313235
142143145144
016517
16371840
163916512
129199131202
152167154169
117229122230
106178109180
4013543137
712410126
1376713969
3914641148
160239162242
94869788
135211138212
6016363165
15499157101
1234212644
1409214294
3512338125
20342137
1133511836
50345435
9421497216
1791918221
3314236143
6211665117
2218626187
29563060
154211156214
1818420186
1393014331
105235108236
52136216
3122436225
53755578
5817861180
101215103217
6421167212
8617891179
1112111423
61266428
3322736229
1024712249
143171144176
2211727118
348389
111194113197
1751917821
4316246164
2319226193
7814981150
94799781
1764217943
2322224226
163206167207
1592616228
5411055114
185165188167
14361541
64596661
991310215
3411437116
3114833151
9961298
176191178194
1724817450
16311663
127163130165
42874588
721310215
1737717878
145128147130
1164211844
1372514026
78458147
1887819978
191189192194
1339113593
112131115133
8611989121
7518480185
142191144193
1363514136
72467548
196201199202
54635666
196174199176
1616018162
02181221
126238129240
920942
162149164151
1275212954
3323835240
3124534246
1422717229
1065911659
7910981111
7412776130
194156197158
73847885
3021035211
63296630
167226169229
146238148240
4120343206
8021683218
15321833
1669216895
112103115105
5124753249
146200149202
8915792159
79598261
10341535
121239124241
1353713839
7187311
999810399
9019293194
39684171
1002210324
107228109231
36503952
1551315616
1449714799
2721630217
181183185184
3621439216
122114125116
6191120
131217134219
88579059
106163109165
1101711220
149115151118
6724470246
101226104228
1036610668
1384614148
14231446
142167145169
4820351205
1393714239
98499952
185227188229
161174164176
54795781
1818218683
129136130141
136138141139
16461678
987510077
1374113944
1821029210
195214196219
8523287234
1317413475
150136154137
1909419396
11621194
6610768109
433474
132122136123
102180104182
9124794249
151150156151
150188153190
6317466176
1710320104
3312334127
54105515
01681171
612211123
176112178114
34273530
91399341
163192166194
83658667
117163120165
5722059222
1724317347
98215100218
6720067210
5310058101
26472850
87289229
11371188
18499186102
241273
137215138219
5610857112
190174192177
2624330244
1786018161
156128159130
122101124103
9110294104
1279212994
13871688
56535756
6419267194
35873889
7211074112
1854818949
112234115236
125149127152
106219108222
3924640249
1586616367
1055110852
1913219533
50655268
9421797219
111152116153
3617038173
121194123197
126116130117
121201123204
6715771158
909792100
59336135
6418867190
5811162112
165151170152
1041910920
94929793
164124167126
25222824
560582
5320955212
2510528107
1851618818
62846785
2017823180
1846518767
32134216
1304613348
1813322134
146165149167
4021342216
58886091
6716270164
163224166226
3122632229
39854188
127112131113
1637416576
1062711028
1503315335
8712788130
8417784185
163216165218
58586159
54385740
64367336
2920034201
239640
1906419267
83258527
1624416546
111149114151
50165318
6813073131
169215172217
1691617218
177144180145
55885791
6010362106
3823543236
1685617357
44114613
146187149188
1518818190
3221235214
91709273
180199183200
1843419534
193143196145
1311613418
166141168143
1336113663
107169109171
195212199213
7551455
1662617127
1169812199
4310545107
170226173227
6820971211
177216179218
51125315
146172149174
191109193112
6220863211
6324466246
116103121104
6610468106
4823252233
184190187192
188107193108
110192113193
5423957241
86488753
3719339195
129191132192
2211323116
784987
167158170160
4324145243
3917442176
193231198232
179137181139
4021743219
167100169103
106223111224
160110163112
132117133120
162143165145
1465114953
8520888210
6513369134
4324645249
18182120
99106102108
123221126223
987810081
1632216427
6320266204
819811199
8916092162
41124315
91349238
681713
157141160143
113201116203
1196012163
1941019613
62576558
7219675198
1226012462
4810950112
1828418487
139108141110
1321714222
7516278164
62396442
143149146151
1765717859
7110472109
3210035102
1058210784
1974119943
184146187148
112128114130
148227153228
4422647227
1822618330
637659
3919641198
163158165161
192224
5620258205
107243108248
10497105102
2116423166
182137184139
1425614361
2524528246
0041
55245726
151163154165
170146173148
117130120132
3118533188
172242175244
148143150145
124208128209
6121563217
150237155238
53835586
7223575237
56825787
1036910671
91579262
1139411696
1094211243
1583316135
118142121144
503525
13851417
196131199132
9120093202
3523337235
173142176144
2615229154
159161161163
1781218113
7118874190
5823560237
1985919964
107156112157
4120846209
163189165191
1022810332
78488150
4423147233
143100147101
1035910562
185119189120
5111053112
165185168186
174109177111
8210284104
157155160157
1651416816
126197128200
1575216253
1975219954
1066010962
18999191101
1937119673
15831615
1689817299
192121195123
93539555
67626964
2513928141
6418169182
26912893
19751998
44524754
144179146182
1545115653
1022012223
196162199164
7517780178
62756576
101246103249
191197193200
169140171143
115244120245
3519138192
33763777
170206172208
7312376125
110170113172
30403143
7019173193
151141154143
12251428
93689570
8510287104
34663867
132214136215
864886
1052310825
103103106105
1471314915
5316755170
9313496136
18001851
8714092141
170102172104
185218188220
68377338
40294231
7415175154
9122995230
1515520156
5719359196
951983
126102129104
126106129108
8823393234
135172142172
1696917172
892510025
667689
5323356234
5818760189
135106140107
25832785
118205121207
1879019092
143119146121
6311267113
431472
9314195144
90649565
46494851
1472315025
6122564227
1733717838
159233162235
6214865150
7024875249
1476714872
189102192104
5914861151
321344
52445645
171150174152
127169130171
194111196114
104209106211
01618161
5214755149
19242027
116213125213
69897490
6018163183
157229160231
13891790
99125104126
174106177108
87739074
111204113207
1756017762
3320940209
17651968
28533154
143224145226
166170168173
147149150151
171221175222
2814830151
8222884230
165109168111
694897
1589316195
29273030
4718052181
181243184245
187152189155
6611769119
8924291245
180212181216
1852618828
175138176141
181247184249
1964919951
6416366165
161152164154
195247198249
1501015113
129241133242
144214147216
1123713240
126217128219
52048206
9218294184
49775278
819411196
1321518216
6223965241
1019310395
137112142113
160204162207
132168134170
194199195202
3813843139
36683870
86348936
132198135200
29453148
173211175214
1819321195
1308713389
5816961171
85168818
139203140206
1131711520
1855018852
96399941
1123314235
1918721190
1254612848
1793418136
5212455126
1106011362
190152192154
1769417996
155181156186
6710272103
1555416254
138142141143
1781018111
1818018681
130239133240
1258413085
68517153
9010592107
31135116
67937095
16731975
12201621
1519415496
1116311465
3012032123
190238191241
8912394124
13481550
104246106249
107188110189
1315013452
7513177133
57605963
1513817141
122153
1312816129
24402941
29893291
137213140214
118122120125
29693271
152170154172
894916
147191149193
1163011932
2220025202
3312035122
13599137102
127193129196
9214995150
6922372225
161141165142
6018463186
5910061102
96269828
39124015
768970
113216115218
1519117193
1462614928
1521718219
77377841
1648816592
42694471
1884318947
1046310765
122144125146
4114144143
8115385154
20112313
49315133
1048510687
52245426
4117744179
166916812
62596363
9589810
115154117156
21234126
12021224
4812050123
42264727
127232132233
139126142128
124193126196
1345513757
74687770
179192180196
535566
1744217545
150194152197
8613794137
1603616239
5519356196
132161134164
1516215464
53875492
2823932240
160183162186
4820050202
9316195164
1816218365
1885519157
121198123200
82158417
1313613438
1837518677
3019332196
187202190204
4419744207
1310015102
29493152
102202105204
21722474
13801412
15131535
109182117182
64646666
9516897171
87438946
12291531
1854318745
62646367
36273928
1788118084
1902619527
3717740179
9315597156
115141117143
176175179177
2321626217
1699117293
5924862249
32326234
832854
3994211
112208117209
8718690188
151152155153
1194212244
161146164148
9523698237
93759577
1458114685
13881429
5817261174
82898491
15541856
1753417836
18241875
131138134140
16921894
010210102
106100108102
127181130183
3522038222
109198114199
7413476136
107172109174
178209179214
7217774180
40214323
4714549148
41947196
105120110121
123226127227
61158117
191178196179
1551115912
124233126236
1946519767
849987101
29923393
9281130
196220198223
66757076
33193621
4265
8722689229
4315044153
88759077
157107159109
104135108136
1146011861
3613439136
4112043122
159149161151
5613658138
5813261134
5616658168
7310474109
1901219313
170168172170
56765878
5110052105
92889393
1205712359
7813480136
65317032
8613889139
41414344
1509015293
1725817559
5417157173
9010893110
1966819970
2224524247
4713149134
2612229124
1006110263
2722228227
60706571
1866118764
1614716548
64456549
31625164
481522
51985699
197179199182
1717719180
1612319125
640672
42794481
1321914119
193129195132
98201101203
171114173116
1538115584
26862888
991012
1522018221
8120083203
1841118613
1858619586
87309032
2614429146
83928693
1355813860
1423214335
4720649209
47585059
157173160175
6819771199
68867088
46864888
1503915340
8713590136
131181134183
169114170119
136140139141
118109120111
191919311
1607116373
2423326236
1731617618
1872318925
1133111534
015910159
6512269123
139209141211
514612146
81208323
120150121155
1806618368
10871290
24562857
5023553237
174230177231
42164916
44414644
8911191114
145152147154
87928995
1698817190
1973719940
4520247204
9613199133
1258612888
19922294
9324496246
615917
3010832111
2410827110
169218172220
34363738
121242124244
1366413966
1484315344
172138174141
160129161132
163204167205
71317433
82478549
191206194208
173103176105
1424614548
66476949
8611588118
1415116153
9322595228
9617298174
166213171214
138144141145
8414787149
121117124119
97185100187
3816341165
9020594206
76917894
384397
70397440
160816211
3014431147
862913
148169151171
62106511
124202126204
9220397204
42614463
197919911
143147146148
1523517237
43184620
231533
8021983221
81108119
2215325154
22812484
197113199116
1509715598
312013120
1819418496
2312125124
1112711428
25203021
1718124181
3319336194
7520778209
123217125220
1822923230
7020673207
88869089
1916021162
122104125106
1891419216
3416136163
4317446175
189128192130
103153105156
1411715121
1272012923
1877419076
1664416847
153216157217
184180187182
1217012472
139215143216
129156131159
78668168
29863288
86208922
31725174
128214131216
160100160107
1722322224
59836185
126179131180
8416186164
14897149102
168129171130
1352913831
6823971241
961610117
37404042
55335835
89519452
28742978
83738674
2718429187
1344113644
188141190143
822511227
7619578198
820710210
7723079233
186131189133
8113284134
169111172113
185172186175
453754
35793881
180209182211
1179612097
104233108234
141116144118
913611138
5321355215
119223122225
94389542
1387214075
8911592117
1716017461
5621358216
137185139187
15261828
6910470109
181228184230
5312955131
123133127134
120226122228
97225100227
106225109227
131127134129
3518939190
192124194126
1652916831
7216575167
27602863
4519149192
7011673118
188115189118
183110185113
101224105225
6918574186
147194149196
1904819250
163182164186
1441814620
8116684168
112228115230
119148123149
5212756128
145245148247
152122155124
1622520226
1859318994
1779718298
23582659
108239109242
105184108186
32476248
82758477
9311796119
129217130221
6113563137
150100153102
119126122128
152160154162
3515538156
137118140120
1624821249
1024110443
63776679
293316
198239199242
145232147234
1213614138
7518877190
6320566207
157211159213
165146169147
1198012083
6412467126
4716452165
106201109202
2217125173
8817490176
2324125244
2517928181
111121114123
61436644
146217149219
3316935172
132195135197
1255912860
1914721149
2020321206
171134172137
1917021172
9814799151
1737017671
1729417596
1638116683
1215512456
162243165245
144183148184
91749277
84288631
1497115273
4621948222
01273129
31826183
159247162249
127159
1089411196
6914172143
6522766231
1417514377
1735317654
765797
37964098
160183
4518547188
148113153114
163240165242
9022592228
1737217673
76777978
104144106147
173205175208
1434214644
43974699
5423657238
4612547130
169176172178
1699417197
1954419746
02142216
58366337
101152102157
181201183203
80308332
1445714758
1576416065
1120612210
10997110100
9520598206
64506752
98242101244
132165134167
8421786220
1945719958
1869719198
3814040142
1008910292
107205108210
1552416025
175150177152
1465414956
14201442
5119854200
1746317665
136240139241
7517478176
1507415277
1911321116
136226138229
15691871
113188115191
1610018102
168238169241
6911372115
9719899200
9420795210
4114942152
9614797152
1256112863
1419614398
2923036230
193174195177
108131111132
71279129
101187104189
15241825
11199115100
52195620
1848818691
1222415226
626828
105181108183
176157180158
25253225
71859188
8312886130
3714338146
1533015632
6116664168
109244111247
43284531
1820021202
1117312176
99205102207
183161185164
297377
2316927170
79428144
144104148105
6022062223
9401242
4418948190
166161174161
1156512066
129247132248
2910031102
1818221183
25383039
7018273184
64126913
1469314995
193220195223
124171126173
4519847201
6820171203
5214254145
7113874140
1134211545
111188112191
4121044212
1055510757
50835285
1088011281
112911510
73557656
1388013985
720742
154189157191
159158162160
69917392
2216025162
1633516836
97165102166
1117811479
180171182173
128109131111
1413317135
121122131122
1667416876
1433914641
114144117146
113156114159
65376740
158167160170
180110182113
106194108196
3323134234
6118763190
22352537
33463549
1691917221
151144154145
114125117127
13521375
168155171157
136233137237
1148511886
8513190132
111165114167
8612288124
723755
130105133107
13899142100
40324333
4210347104
164122167123
1871018913
262763
17141736
10771379
182176185178
3324138242
3510538107
4018943190
153239155241
6715970161
1887919979
9719498197
155170157172
16441747
6811071112
184140187141
1623119233
156209159210
1187712079
126114130115
6821270214
185168187171
1395614159
70437345
100173103175
1248912592
7419176194
158135160137
75427844
48915093
119135122136
1237512478
170228172230
1573116232
1531215416
91319433
178105180108
172200174203
22192422
152244156245
190184193186
80121
8524186244
158152160154
2223123234
15901622
1963419936
25942995
33423643
3524638247
3823342234
590622
7813080132
19812184
121208123211
154186
157199160201
7124676247
01608160
6516666170
919014191
106237114237
190231
2617431175
1822218425
7116873170
1747917781
5110855109
7123376234
164138166140
158216162217
1720720209
71059108
6019263194
138199140202
805856
164107167108
134119136121
6312764130
105123110124
1471814921
133243134248
167137170139
3917142173
166246171247
159218162220
1952219923
1835318655
116133118136
323114231
189222191225
164104167106
161113164115
7720580206
102239104241
3515738158
15441576
89159217
1587516077
128151130154
2617128173
8723988242
01082110
8751176
109101111103
750801
7912882129
1594316145
114205117207
5219354195
124214127216
194106196109
1582016023
1128711788
1903919340
30943396
5716259165
134238135242
98152100154
122158124160
136199137203
3819943200
111177114179
197121199124
99910210
181159184160
187239189241
11591461
6614367146
4413546137
6418367185
56705972
1213914142
3613139133
5712160123
99127102129
1427314774
110210112212
4124342248
188187190190
72517752
3121533217
1138011583
1155611857
34903991
1443114832
1924222244
6717469176
1012712129
96119813
11454147
142241145243
4417147173
1812122122
148111153112
47834985
1385314155
67257027
155167157169
148119149123
7510278104
6317768178
115210117212
194165196167
9415796160
1977119974
405428
165130166134
123137126138
123139126141
1695317255
5814260144
9420197202
155197160198
4514048141
98138100140
62726574
28723373
124164126166
8117783180
7510579106
195237199238
191203194205
2514727150
1135111653
8810190104
161101163104
9117694177
105141108143
151185154187
188168191170
01042107
1446115161
64946696
110183113185
79368039
1064811448
2515628158
2411427116
2616527168
30343236
118208120210
44764678
1697317076
9651267
6713770138
264287
4111542119
1076910971
109219111222
118178121180
49865288
4812451125
1344613748
5224354246
6215269152
192225195227
992710130
163246165249
110137111142
54585759
175134180135
1302213225
3313835141
152115154118
168105172106
1496815170
981810119
161214165215
78878189
125241128243
55316032
53215623
1067211173
1121311316
1014312145
7020473205
110239113241
17831815
3183311
17211923
78307935
9019591198
5513958141
8720589207
18781909
1921720220
51478149
988510088
1235012652
189220192221
116171119172
4210044102
9216594168
11201152
74347538
131141135142
188156189159
105187106190
1317813679
2717630178
1447514677
62459246
621811219
9614498146
59396142
156218158220
4418044188
154138157140
150191152193
170173173175
53465648
1522916229
3217735179
3915642157
138163141165
4312745129
1725117752
135133136137
1537315674
4612147124
1018413186
1768217786
45694871
3523140232
1609116392
90229423
7618680187
9011892120
128128130130
1715019153
61558158
139169141171
1693317136
2912532127
8810589110
193118196120
131220134221
110146113147
193194196196
3618239184
39534155
129207133208
117239119241
68167117
8721490216
9513797140
7724680248
4911352115
1694317146
18601892
193180196181
8420386205
3611737120
183134186136
59776279
3411137113
1931619717
3010335104
156225159227
116195117200
7418279183
6816671167
350372
44144815
23762678
8823192232
181148183151
193172198173
01793181
162171165173
369939101
3113435135
7371039
150119153121
1219214195
20402342
1128911492
02373239
4719651197
109186113187
9616399164
6614769149
3811241114
144110147112
33503552
103149105152
99231101234
105167109168
9319596197
131171134173
193102195105
4510047102
9311396115
1216512368
762784
4018343185
3922041222
1476415065
185137187139
5612958131
178197179202
106175109177
19001932
1159012091
1762917931
37923995
7416976172
190118192120
154107156109
9610498107
153125154128
978210084
7621879220
7411576117
98155100157
7122074222
176211177215
73127415
1727917383
01114112
149239152240
2713130133
78748175
151173156174
7921084211
12731575
145220148222
1375014052
104205106208
48255126
1723017531
18892091
52725574
139175142176
143714510
1049310794
1512415426
7219974202
62097212
120171123173
1464814950
143133147134
37434044
1524316246
47235124
154228162228
01415142
2816832169
01722174
116911712
01175118
1088211283
160224162227
141212143214
169179171181
155117157120
156239159241
42554557
1923519536
133190135192
196102199104
44214623
136197141198
