1804
127169129171
191919510
8611389115
51245426
1743717739
95359738
13781581
168207172208
189244192245
5412956132
1324315246
158205161207
96729973
7824780249
49445245
119180123181
163192166194
153176156178
63676569
1022210524
155181158183
99154101156
1763017931
01853186
1514716152
89579259
196156198159
139181140184
717012171
8318886190
8113283135
11604161
38514551
188173190175
107120108123
9210394106
18199183101
36103812
159225162227
65116713
61226523
63386640
20172220
179921100
164217167218
27103012
4015243153
91979399
8818690189
140231145232
111215113217
1033510538
1511715319
15711594
177218178221
24762678
1715217354
1346213764
56765878
921711219
10611093
1493815240
1067110874
119193121195
108130112131
1411216114
172111175113
1728217783
19231955
153150156151
124179127181
134128136131
1498915390
1693317235
1904319148
15711774
98151101153
8520988211
01361139
83238625
744767
846887
5524758249
153231156232
6818270185
5822661228
1777418076
7222576226
22175219
9614098143
141101143103
117151120153
1526915472
1366513967
01752177
109198113199
29783181
172181175183
8515488156
1258812890
177185179187
43104811
1665516956
176146179148
5319557196
119154121157
2318425187
6513968140
137173140175
149234151236
153208154213
4717849181
5317156172
195148199149
1114414146
7010272104
1373314035
105106108108
176157179158
143227148228
53675669
2819231193
46274929
1015513157
1024710350
131246133248
135215138217
585617
1154711849
1702117224
152113154115
138218140221
114140117142
11721473
128202130205
2116622169
14931524
81718274
5520457207
123227126228
1265812959
1721020212
120213123215
166101168104
2518828190
123221125223
152203157204
104203107205
60101
6212364126
106139111140
97126102127
174244177246
1384414146
11799119102
1407614378
152239155240
1765817762
1487715179
1417314475
103129107130
1662216924
53135714
2517430175
1044910552
2416827169
101210103212
1312515128
627829
1699417197
9151316
93489649
7610977112
132125135127
36724073
56736373
6611969121
1021410417
179171182172
142165145167
99143101145
10541257
101177102181
120227122229
043246
59246225
134206137208
1625316555
151191152195
5012052123
111169113172
193171194175
99244101247
7616479166
9720499207
1565115854
1648116782
1687917181
100161103163
8312985131
135102137105
169170170174
164112165117
132713312
1086511266
149170154171
6616170162
7891190
775807
111229116230
132215134217
50465348
2021721220
2813632137
327529
1861118716
1636516470
1683117132
21015103
68317133
6615270153
1617816479
6411366115
177154180156
87829083
112181115183
9601163
1406414366
45664868
1646016961
1721519218
127123130124
86328735
4812451125
22592760
106159109161
161191171191
2611329115
196244199246
172135175137
5922062221
131208133211
165150170151
186197189199
7111473117
1822118424
8017483176
113235114238
98191103192
1895619457
2922032221
32503751
5211855119
46585159
16321683
254286
7011873120
181138182141
1010713109
29893390
185122187124
160213163214
65926894
82918792
028231
163154166156
1919019990
117116120117
12161247
86148916
127163132164
1327
8514687149
1968419986
1916122163
126912811
111184113186
76767879
8915992161
1624319245
109134112135
131103134105
190130191135
1268112983
108141113142
1687417176
168142170145
120144121147
1678917689
2019824199
14151716
2092311
01222124
8813590138
7287510
4520747210
14811512
102134105135
82878490
8923292233
187106190107
175206178207
4319546197
36683870
3624639248
1116811470
3423436236
28243125
124215125220
12581460
147107148111
65506753
98104100106
62228225
150210152213
59776279
1854318944
62136318
168158171160
1591316214
4416748168
5410458105
132188134191
146188148191
184241186243
813310135
114195116198
240263
1066710870
4023342235
11251427
194133197134
5812661128
1718019183
4813550138
1524915551
3814240145
65866888
159218161220
5812963130
21684170
2924032242
31735175
1894219642
1421316216
2816730169
51888190
32213523
163241164244
150152154153
8910491107
43644865
12942094
8710890110
4417846181
159188161190
971810019
177192179195
5612065120
9618799189
154160157162
2615830159
184213185218
1466214963
2513427137
108132112133
1476915170
16491851
155184157187
141190143192
916611169
4812650128
9023892240
1298813289
88209221
125149127152
1508015382
1411214414
6216664169
2815131153
58416142
4987100
113112115114
76808081
31743277
186217188220
7113974140
101167104169
53765578
23172818
1817022171
144101147103
1192312225
5419257194
221523
02171220
8723989241
51555457
2117630176
1213714139
5814161143
1698217184
5910462105
62049205
5413359134
71947496
122147125148
192177195179
104245107246
107112110114
1264212944
171232174233
3419437196
2319131191
61019103
1714720149
2222625228
141245143247
1855518857
1475914961
989810399
1657816780
4024643248
9424297243
9014091145
5321054214
3918242184
164107167109
1186312165
11771209
1020413205
1617719179
1497315275
21626163
2022821233
6016063162
2314925151
9614898150
104200107202
11331155
1837318576
9315496156
107193111194
1223117232
5715159154
5611965119
190116192119
722763
12701302
2617028172
73917693
1255512857
90379438
1793918141
4010344104
76557857
184176185181
1471214915
6515467157
1228912491
98120101122
187165190166
185140186143
6820673207
181154184156
27432945
7518278183
1007210275
1051610718
1331913621
1686217363
73287433
2120822212
148220151222
38934095
259928100
650682
1603316335
72447545
146182149183
1747417677
146208149210
8517890179
16741715
9217099170
1423914342
54175719
177211180213
124123126126
3415137153
7224175242
8716389165
104145106148
63316732
1581916022
01415142
595897
131155134156
1449514896
1384713950
1966819970
7998211
1898119184
3217935181
115221119222
100910311
8513887141
154130159131
1609516298
1917119473
36133915
100114103116
134613511
9514498146
145239148240
463485
143198146200
6924472246
50795381
5923860243
119186122187
62119212
6518967191
5819260194
100129102132
7912782129
186178188181
178149181151
10241047
8418687187
104149107151
2911033111
69377438
41507152
27532955
94129614
183188184193
1025110354
86368938
1515515457
3193312
1786718368
1895019252
139161142163
141248148248
1074011041
75737875
20692173
7717080172
149227153228
1315813261
1176812070
43594561
1644316646
1882118926
1266613167
5214355144
13801403
191123194125
156132158134
167121170123
8421988220
1735817561
417458
119139122141
9523498236
3514237144
9522496228
44134715
10451248
6710069103
5120754209
120134123136
01344135
130222132224
117190118195
12301531
4419047192
15171539
73677669
369940100
1951219715
08211
98137101138
72817583
1728417486
128157131158
6114462147
3219135193
184237186240
132112135114
1466414966
103222106224
1797118273
8814089145
4924752249
918812190
1564215944
1758418085
162235166236
1028810589
32783481
90299232
1617016273
112109115111
1612019122
5917162173
1931619519
4022443226
47774980
12611464
1965319954
9421797219
8621290213
1849218794
43934695
5415756159
90239127
146164149166
11061138
87849086
019123
2717730178
69857685
4215447155
41524653
25562758
6216364165
96211100212
144204147206
116134119136
7117172174
190224191227
1529115692
1815721159
1624717247
105169110170
101117104119
3419737199
82588559
1067510977
191108195109
1734517448
163225168226
195143198145
61839184
1061010912
157173158178
81158317
185155190156
53915892
01902193
12121243
6512269123
1201212214
1306213364
92529454
1109511396
88619162
982210124
1572416026
175239178241
1521919220
92169518
1798718488
194137195140
2621328215
2624329245
1587916081
149161152163
433934
1935019553
5310656107
22892591
85739074
981012
7312776129
159165160170
118248121249
6622367226
924712249
4512747130
9523197233
6418767188
143136146137
8688711
99185102186
31913393
72737476
4819051192
89889290
15331564
1039210693
7720980211
4111144112
7520076203
151103153105
4422546227
36333935
4516047162
98100103101
1813218335
4016743169
12501265
180192182194
6422865231
129193131196
1422114523
1212012322
42664469
126212128215
4112046121
3423737239
16901793
182149185151
76137815
1417316176
3515738159
1679017092
160136161140
5122255223
1783618138
87698972
2416627167
190120192122
844895
108200110203
5317355176
1516218164
1483315035
8317087171
59826184
5723460236
97198100200
106109109111
32463349
24792681
144107146110
50405143
6818871189
709972101
7681269
36583762
277309
151148152151
1424714450
1613119133
129174134175
108246111247
31153516
8123085231
46244926
12124214
98123101125
124189126192
41934297
103175106177
3214634149
419843100
174153176156
106137
5715559157
150116153118
1962719929
115208118210
46204922
162218163221
1453014832
1156311766
1656216765
54795781
1334013642
1513418136
180185183186
1489115193
192234194236
10301053
105207106210
12599127102
15621963
10999110102
126104128107
110146115147
117132122133
27743076
32286229
8817490177
4022143223
6310766109
8888911
30943396
187240189242
137122138126
8623288235
4021245213
30853287
7720580206
85938895
2813433135
125172130173
02465247
31146116
13401372
172200174203
4119843201
102155106156
193202194207
49675269
118163121164
2718128184
1123913242
156142159143
2118924190
186146189147
32523455
139190140195
124185127186
1326513567
25402842
377409
1884518949
143214146216
1173211837
74587660
52307232
12561278
91449247
4723250234
3417035173
1663916841
6219969199
170188172190
8312685128
86578859
136179141180
1656916674
16882189
1122314225
7423678237
3322736229
1063310835
109120111122
1512515427
168228170230
10741125
1856418669
126110128113
1253412637
52139214
114184115189
8722589228
1819518497
5416959170
18499186101
88339135
1395314156
140137142140
6010670106
29493152
169167171169
71547455
189159192161
3422236224
4515747159
1912619428
169200171202
105164108166
39104212
4915252154
1387314075
8511053
3512038122
2973100
3619138193
177144181145
344546
12211523
112167116168
125199127201
1178212083
065366
130135132137
168111171113
54465748
1910722109
93289629
1916019461
1402914232
720761
1228612488
1171011720
77677969
82298630
17412043
1079610998
83338535
117129120131
193117195120
4514953149
147140150142
9324595247
5918262184
1261412816
21372438
4616450165
171244173247
194216198217
85878888
135222137224
102235104237
63856489
193194195196
125155130156
1413314336
1043910642
7410476106
18531876
161101163104
3810540107
18392340
24252528
82608365
1045810660
87258927
2411125116
34423744
98229100232
9401242
1596116164
7613978141
86399140
1963019932
4810950111
493534
173146175148
1862918931
6318066181
36904091
103189113189
18001831
3717740179
14221445
161119164121
179237183238
97409943
15241825
9319996201
195208196211
5612161122
1181712119
2021322216
4413948140
119142123143
18922393
97167100169
01152118
154197156200
160215163217
183220185222
30703371
196212199214
2011923121
189216193217
58126113
1788118382
15101911
135166137168
4224047241
2417726179
178226181228
104211105215
1115811459
155167158169
161163164165
158161168161
153205156207
3916044161
2613129133
114214115218
3620038203
7918181184
7615679157
1081311115
182183185184
58946196
180115185116
190198191201
70227423
127125131126
8623089231
6015562157
6017762180
2312426126
1318916190
164205167207
47945096
1569316094
5312055122
183130186132
6020563207
50975598
121244123247
1137811580
161126164128
2321024213
1803018331
141222143225
1386114063
7411477115
1659316895
103239106240
1431614618
9411297114
83558557
127176130178
146150150151
1811022111
80878190
116109119111
195150198152
170240173242
44764679
163195166196
3921841220
033335
171216173218
105142107144
2420029201
39664169
46344936
113154115156
3024332246
8824790249
5616259163
123137126138
148103150105
109912102
117137122138
912612127
141115144116
63266727
5323956241
7514480145
196919911
192131196132
146230148233
90759576
124234126236
161201163204
72777579
100170101174
149173151176
1714217443
1751717719
176109176116
4324448245
8419287194
25952996
039242
197130199132
720612207
1717420176
5112654128
7420476206
1516615468
64756976
1974619948
1572916031
1622119223
1851818820
186214188216
2424627248
193244195246
62826484
1221712519
1457214874
72617563
122193124195
108210110213
3623138233
189176191178
6623969241
131106136107
119241121243
102151103154
6516367166
187129189131
3018535186
45814784
1121411416
912311125
21942495
147160148163
1929619598
6720072201
4412447126
189137192139
7618778189
80268328
2111223115
920214203
1522418226
190195192197
108143113144
189191190194
181223184224
1314413446
5323456236
4823551237
1634916651
84138517
83458647
107221109223
121129124131
430732
1231412516
1117313175
1406714368
137110141111
38964098
116217117220
091392
13531457
3013033132
16791784
119127123128
9417599176
1879719099
194164197166
4216243165
1165212153
171197174199
1928219484
2013922142
167241169244
1075411554
179239181241
31926194
125194128196
162147166148
117104120106
1910321106
115236118238
5717959181
160197161200
99193101196
115211118213
196139199140
1671316916
181244186245
138222140225
1743417736
171120173123
1143311636
1057810682
2523528237
171141174143
5814460147
1903819439
1895319255
168216170219
26612863
162208165210
167817010
9951198
7918982190
157149160151
6010862111
1583616038
8218085181
4010143102
7716881169
5611658118
183231193231
3416036163
82828683
7722780229
4719649199
1920023201
6815771158
01293131
34453648
142229145230
1663316836
166179168182
8915591158
1796518466
93199621
1273413235
9117593178
126208127211
6824771249
1954619649
991410117
13101324
2521628217
124210125214
6123364235
59806481
1868018882
2018123182
1902219225
37773881
3819541197
122189123192
4120444206
54105712
178129181131
192212195214
3617041171
6214864150
1792818329
156191160192
16601691
34653767
9510797110
1132611528
6215969159
36173820
01255126
18642166
62296530
107195108199
905975
3110334105
1355613759
1045510757
2918734188
5715861159
102109105111
9110994111
1578715892
1218312385
24682571
165241166245
120221122223
4820451206
9011992122
879990101
1482315025
50215522
107173110175
6717868181
81818881
4712049123
87458850
1328213485
6123864240
1165412155
8921792219
1357713879
622924
177209180210
69917293
61656566
179110182112
4985111
1432914432
1311413416
128127131128
8412087122
3311235114
01407140
4720054200
140201143203
156217158220
152145155146
1598716190
185388
184133186136
152164154167
77938094
1365114052
64596661
4812951130
1889219193
150168154169
16001623
824210245
1508315384
126206131207
71288131
1843818640
14341735
5416456167
109123116123
8417487176
9511997122
1006510268
1295513257
1612419126
1863218934
198231199236
1673017530
7914681148
9312496126
7497
083484
31383440
102216104219
3022931232
5620959211
6913970142
969897102
6521167214
46384940
1167711879
3115434156
3823941241
1781818120
3420235205
6613568138
1189412395
117122119124
815837
30443345
4523850239
196247199249
1368013982
1501415316
1445714958
55825884
144192146195
1705517356
1423917241
116188119189
28292933
98217101219
6624468246
4815550158
7610179102
60486251
9617199173
384416
144186145191
147136150137
5114754148
20612263
13411643
6324365246
83738476
024226
8214484147
716310165
0007
1576516266
107126109128
1591516416
35763681
1182912829
147194150196
2415327154
116225119227
26702971
1523115533
4613147134
45855086
1676616969
1213414136
129105130110
55295831
3621039212
2310725110
1303913242
135200138202
1351314014
01111114
4622851229
111211114212
154100157101
1049010991
150216159216
5224454246
3616438166
25932994
4318244186
9320396204
170248175249
113127115130
1541715719
1584516147
148178150181
167203171204
87298931
169137171139
1373914140
150183153185
6823670238
124197129198
127142128146
1677217273
175123178125
5317954182
104115109116
106171110172
187236189239
130219132221
110162112164
6620869210
142186143189
39611
1068310984
7917884179
4114244143
9016491169
1613816243
1611016611
97659967
819511196
1734917651
187132189135
190127193129
146132151133
172101176102
184173187175
1529815799
4814550148
139213142215
34313932
184246186249
141217143220
2921731219
16398166100
171184173187
198225199228
1831618420
1710121102
1409314394
160157163159
149107151109
1628716688
1701517120
25822884
770793
131122136123
123117125120
164214167216
189203192205
8413386135
3916241165
6324766249
89509451
6621570216
1551315815
1622719229
8923491237
99234106234
181210184212
5418358184
8511688118
171230174231
361383
2018322185
3919840203
102122106123
140249148249
196108199110
1312324123
1018010482
8817091172
161149164151
19122214
134163137165
9124998249
60706372
181124183126
4410047102
7222776228
1855018851
31816182
9121295213
1612316425
7921782218
9214195142
83688670
1125011552
30303332
8921492216
52347236
4117743179
6017569175
5116453167
922210226
128100130103
1424314346
7121373216
1142911731
109136111138
1078510987
4941194
1835418457
144201147203
65836885
1749517796
53635566
4621149212
6922870233
112119113122
71117313
4419846201
24482650
11771280
11101412
28263028
1272013022
169129170132
180162183164
8023784238
2710130102
1814421146
1420418205
186184189185
9622098223
1672617028
7421477216
1418214484
162197165199
51347137
1312213226
8022185222
50125214
10281132
17597177100
95339834
2923531238
145171148172
176247179249
70747179
1798918291
3517439175
5418558186
144223146225
142164
11871887
7921983220
1278613287
912812129
1873818940
823111232
31583559
514815
78648166
1619216494
1075910862
1443814740
178242180245
44974799
5717559178
17231764
188140191142
1922422225
51605461
153109156110
1569515997
2612837128
1737217873
3515538156
6213465136
27462948
49305133
7020873210
18861909
3722539228
7322976231
193111196113
196120197123
7317475176
162171165173
1529315595
198180199185
192155195157
102172105174
141196142200
1501015213
3618039181
39164019
131101134102
1036510766
192220195221
3012533127
196153199155
4112944130
2618528187
141147144148
170124173126
13441845
1097311274
1254712849
24102612
9841016
3913941141
176177179179
22332534
7913982140
173144176145
30413343
01533155
102102105104
48825184
16141665
1111711419
37263830
173917611
2013223134
8398512
194237197239
174184176187
1932019423
942974
516818
1745517757
9321495216
8814990152
157246160248
1169812798
9117395174
166171168174
1885819060
1552715630
106211107214
96799981
162228165230
1010515106
4815952160
146167149169
425456
10761099
9216896169
63906493
145175148176
154157157159
152243155245
1137411477
1498715488
19641995
41374340
187228190230
137176140178
4615048153
6512668128
830853
1519918201
6421767219
1335613461
1867619077
1906919370
1096711070
100201103203
6414166143
60336235
81938494
108148110151
1789318095
1658316884
85419042
7515882158
190241194242
1354313746
1114012143
5419757198
486689
168184170187
115176118178
73167518
1916026160
4722550227
29683269
7516382163
175198178200
3723439236
1333313635
9624498247
176142181143
75227824
189232191235
188167190170
96589960
1623116732
125130129131
637678
9011293114
1235212654
133218135221
138105143106
148203151205
9510397106
6221264214
194135197136
181137188137
9222997230
261364
117169120171
4017342176
1266812969
160141162143
1685717258
149119152121
29173219
101229104230
185192188194
9213094133
185233188235
4916853169
1317013373
220235
177137180139
116173119175
63776878
4511047112
1499615497
1138611887
1582716328
197111199114
155155160156
1114111442
1003610239
6010062103
19461978
183112185114
7416876171
197173199175
121107123110
156239159241
1279113093
144237149238
6411667118
168107170110
93579559
133108136110
40304332
196218198221
120208123210
1215812559
19161938
14531484
3514537148
121114124116
3466
1079210995
8523688238
81848486
1457914684
8021282214
196117199119
1506415565
1952019625
1914327143
4319348194
9413797138
8321686218
67647165
4817052171
2117224173
4211547116
157122162123
4114944151
1114711449
116158121159
1711220113
3117633178
192187193190
138142140145
1112211325
1454714948
1904019840
66286930
137158140160
1612721128
1178012181
1029510696
1408714388
36553957
137139139141
58176119
6518267184
162182164184
2324225245
146234148236
2911932121
2017823180
1227812580
161245164246
23222524
115143118145
4623050231
1477615876
82518354
175126176130
1023010631
180247183249
171131176132
121169124170
152233154235
146184149185
1626216464
28583060
143182145185
7823080233
1759218392
978210084
1381514117
99213103214
161168164170
136218137221
