1754
196239199241
68197320
61288130
9710499106
157130160132
4123744238
1622416426
1135711659
22892591
1567915882
166202169203
186236188238
6620371204
754785
21744176
99100101102
34653866
21859185
105163107165
224328
7914981151
140218143220
115176118178
24182522
2114123143
1287513077
118419
3922442226
1124819248
7912480129
8623088232
80588261
4619348195
187105190107
1634916651
11411443
1728517587
2465
8610988111
12441295
169228172230
6418567187
170137173139
3221835220
1529015492
152186155188
2821633217
108187111189
1782817931
97155100157
8820691208
1689017192
822011222
8118882191
3317336175
168120173121
1611616220
30793381
1269113092
154223157225
184145188146
1023510537
2120326204
5510458105
76177919
19599198101
7019773198
151193154195
8419888199
9520498206
12371539
1814721149
187218189221
1016010363
152144154147
159249170249
1623216435
2410527107
152148154150
3712741128
429945101
1220416205
1792318225
1074111242
121163124165
104239107240
1778418085
172117175119
1953219734
3616338165
4113744139
38294230
270302
1084511147
7211075112
6413867140
8824690249
1889019093
127242130244
089391
66636964
9523397235
17102111
7823480236
8812091122
125171127173
4617448177
1648216784
154239157241
39114114
4824258242
169134171136
1405214354
119211122212
12901313
112248115249
81339138
12781382
151106153109
5212753130
177158180160
1373414036
178184181185
62886590
39154217
183102186104
1752717730
3712245122
1844918751
46364938
175134177137
162125165127
1332813630
1651416716
94559657
163214
1853918841
115174120175
116171121172
2415328154
53865589
151220153223
1377714079
821812219
177177180179
111163113166
16421673
42477249
137129139132
842857
7320875210
81999202
26242826
80268228
8122883231
1132711629
4918552187
147135150137
149177152179
96649866
257288
124152126155
158168161169
2221824220
189126191128
189125196125
148103151105
109109112111
3920242203
101187104189
194212196215
1937619579
92499452
5221255214
4316548166
62037208
57265829
10251047
120216123217
1206612367
138193140196
1815618458
8911892119
90929295
3423036233
171171173174
1206312265
189118194119
118181121183
120160123162
1565115853
165110168112
8820991211
184246189247
156235160236
6418966192
15601583
6522468226
78577961
182208187209
120230122233
3723340235
185112187114
192218194220
2116522168
19412243
96259927
70567258
1425914760
77297931
130220132223
122111124113
167219168222
84508752
43964698
10401063
1436314565
161132164133
114129117131
137106141107
97959997
529854100
902925
920910212
1715017452
4022743229
10341336
98242101244
1339613697
123203128204
34543755
177189181190
100152102154
127175129177
131231134233
1665517056
1518118183
3314237143
100247107247
1477715079
3324136243
20922294
5614659148
1701017411
8512888129
6121562218
8717089173
115125118127
158193161194
1054710749
168117171119
19822184
1244412845
10621563
1711921120
39794281
1918819490
922812230
79948196
19601973
4320645209
1109411297
193109195112
1710720109
174197179198
167204172205
127163132164
4211246113
1236312665
4018241185
127209132210
154135156138
4719652197
1742117623
190207193209
139229142231
1682317125
9210396104
7012573127
1134011841
365567
17621794
128179131180
6024063241
670721
104233108234
122182125184
7315276153
5619764197
178146180148
50695370
6319366195
460492
1313418135
6913672138
163172166174
7212074123
139146142148
1583016132
1164212143
177194179196
1553515837
27852987
139113141115
50365239
102180105181
5715259154
183139186141
148229151231
146132149134
547579
1421114314
116116119118
17061729
177235180237
1201212214
4316745170
1967719978
1931419517
1716520167
43584560
4211546116
3020433205
109193112195
35513753
112176114178
20292331
104150107152
1817321175
2214525147
177205181206
1834318545
149917101
116122121123
122169124172
36333835
1646316764
1864619147
8314484147
1113811439
1743117732
30903293
1922122223
080381
183156186157
666968
4917454175
145239148241
42504453
1466314865
42145314
125169130170
7417776179
1556115764
151196152201
165101169102
9524097242
26482850
6921272213
2918032182
9210594108
185181188183
1171311916
130118133120
1872619227
17761881
1623619238
1619216394
154245155248
74677670
101222104224
1414816151
111243113245
79928493
41516154
183136186138
1628116385
7598
14511492
103190105193
1832718629
8812591127
3718840190
3920942211
2615528157
73557657
153204156206
5310156103
4521448216
174199177201
180161181166
78837986
39864189
1409214295
1799618298
158125161126
7821081212
120204122207
67337035
2621134211
194126196129
148124152125
165165170166
142165144167
4422547227
170186173188
1004410147
144202149203
8724492245
45494752
172178174180
4913251135
7824682247
1472115023
83208621
2024522248
44694671
1891219413
45294732
1924419546
1719519198
4320144205
87848887
1222013224
141241144242
5220157202
5313555138
7421044
1219612896
1319516197
147182149185
4013343134
36793881
1674417245
7112974131
118216119220
140129144130
9712699129
190182193184
8523687238
1962219924
111161116162
197210199212
1523215335
181214184216
1686217363
62326335
103157106159
4913650141
130103132105
75907892
9017795178
2817131173
112119116120
392423
2318525187
5812163122
4814749150
1019310395
30143316
82368339
42664568
187219
112206115208
119241121244
95589760
4218845190
1907719280
1763717839
152103154105
23272828
1822919233
108162110164
5422157223
1576915971
3914441146
151135153138
163220166221
6616270163
1225212952
1584316145
3821741219
115135117137
1731617518
17331755
1921022212
2324526246
29393440
42384540
4324145243
147165150167
134137137139
425627
59766178
3820442205
1156711968
9417995182
9511997121
6620768209
4214044143
198215199219
6715969161
83588462
5317655178
107181108186
1292813230
180186183188
33903493
1744218142
1686817070
191230194232
1526215465
170114177114
51608162
02383240
158112160115
125185127187
4521748219
3317736179
6118963191
1205912460
4414747149
5314255144
139172142173
62946695
1878119282
165916711
183127186128
1686417165
42254526
1008910291
1065810960
16611963
14461478
108244110247
22372539
4521048211
2812031122
1556515768
5024854249
8010981112
9122094222
1323313435
177103180105
169130174131
7717980181
60446345
6021163212
4241124
8520088201
72797481
8313586137
6810971111
191143196144
1622619228
136215139217
31654168
3015832160
1252612728
51275329
80848385
4018644187
196110199112
3824041242
103153106155
4121444216
1757117674
83278629
1446114862
5613759139
187132190134
195202199203
150182151187
88629163
8621389215
4014742150
1116011661
8013285133
2219025191
1448014782
1052810830
1565815860
91829483
121104124105
1422018221
61489150
18882190
1703717339
137243140245
4112443126
175212182212
162193164196
140215143217
1226112762
4718849191
1311713618
1068310985
148196150198
1883219034
1378313985
3516938171
1506215165
1299613298
181158186159
1784618147
3811941121
143205147206
8221185213
98186100188
119124121127
5015752160
14571858
189180193181
327368
125104126107
47835284
17461851
3717944179
1503615338
180229182232
117195128195
104134107136
121128124130
489851100
27623063
8517488175
810013101
4917151173
1014813149
912811130
1003110233
1697817280
1122311525
1677616879
93849586
1194412147
1302213324
8116383165
51575459
5511758118
139116144117
1479315294
1015213154
117106118109
91319432
7781179
977999
4513948141
1685717159
29473150
38424144
3512937132
19271959
5120453207
6110064102
177118180120
118245121246
124228129229
4818250184
2023023231
8817989182
1439414696
756779
136147138150
8931195
2221527216
105132110133
133129136131
1319113294
2910831111
130238132241
1161711919
4219646197
8911192113
1244112643
3723640238
169126172128
1044110643
152211155213
02453246
393595
1257812979
191165196166
6910272104
67866989
115911811
344376
6924771249
9220994211
191130194132
7811881120
1417517177
8621689217
151166154168
15231825
1692617128
30413343
1353113634
10551078
157137160139
116179121180
177153178156
1379614197
117157120159
1856518867
180201183203
108151110153
7918880191
129205132207
6217964182
1654217043
74507752
7412777128
1661217412
107142109144
188206189209
72727573
713111132
1023713239
144106147108
162222164225
48505152
9119594197
114149117151
14781681
169244172246
46125013
30543355
109233110237
2110723109
7116172164
1014415145
41357137
56875792
1342213724
982810030
1543815641
820610208
87199021
110213112215
7123374235
133177136179
12271728
152182154185
4316245164
01363138
34823684
1357413776
3518339184
1412216124
164145165148
11361168
55575759
2123626237
15321735
34603762
5414058141
4110943111
1764317945
13671398
4616049162
159107167107
91209621
178113181115
1528615489
5413358134
7022172224
59266327
15921615
164235166237
91549357
590631
2313826140
2620628209
85908892
3814141143
7310476106
177116182117
1412114622
88339135
1366413966
1425514358
3610039102
1578415987
151162153165
167158169161
456487
178199181200
514716
0983100
149234152236
86688870
1251812819
1046110663
18141828
142152147153
52635368
428730
1120613208
109126110131
67416944
4824551247
195139199140
78328134
135115138117
80158317
1608616487
1024710449
5918362185
81538455
101107103110
122138125139
02042207
70121
195149197151
53125713
15941797
89899191
88499151
124135126137
1848318785
189176194177
3216533170
69487250
155166157168
819512196
85148816
3315835160
1611319115
1728917492
141245143247
8422786229
197103199106
163203165205
2011321117
2115623158
69907192
92389540
1464514748
143914710
8913891141
2411426117
52555756
1137712077
12171317
3714939151
5122252227
55975899
1285413255
2020622209
1475415056
7413276135
15411843
4522047223
152127155129
57445947
493507
412112121
126218127221
140179145180
299832100
102217105219
1412814331
171106173109
91189419
1569515996
171115176116
3615438156
1143011831
7822980231
7724078243
1684617148
153201156203
178130181132
118131121133
104128106131
2224123244
157188159191
8311788118
97919894
6313566137
1339113594
5819666196
118139121140
6920772208
8220485205
30943396
82818483
136111141112
313335
1017710678
3614438146
2323326235
96739975
181233184235
64656767
3314435146
1464315144
40314432
143172144176
1884819349
170146172148
3324436246
6210865110
170153172156
3322736229
108911310
107158109161
178238180240
64366937
5415565155
8751077
35363838
178135181137
1262912832
1235012651
7919382195
22207221
7401041
163218166219
32134216
3510437107
1243412637
164103169104
43854886
7011379113
258460
164159166161
1018812190
1419918200
1624119243
249352
1431514517
19202123
9518797190
39754276
87428945
143229147230
1594116442
1086411764
5924264243
154162155165
1634616648
2222425226
2622327226
1498615188
6096410
100128103129
9619999201
2819729202
51425345
175189176194
1599116094
10661268
7816781168
1555415855
3416135165
102182106183
71357337
5722960231
187127188131
40714372
163117164121
107208109211
1611416415
48325333
921613217
189164199164
1059510698
1901819320
180106182109
9523698238
54335734
100137103139
125200127202
6621068212
116187119188
1454014842
190168193169
1214812251
14731514
4517850179
8117688176
2512427127
81188221
1099111193
1839418696
1864218845
5216357164
1755118052
127226131227
8420887210
70257326
1614521146
42414542
1978519987
2821331215
110209112212
1274113242
11254127
168239169243
1231012512
85888889
11751207
159127161129
137223140225
106235108237
6517968181
9218293186
1506915371
612653
157156160158
98146103147
1085211055
62846487
82228523
6423069231
1366213963
118221123222
72098213
154106156109
38464148
163156166158
8810289107
130159132161
9223694238
41927193
6719569198
6981199
6821470217
114196115200
7016981169
90659268
106221109223
21054108
890921
6011162114
157214160215
137201140202
6124663248
95359837
154231155235
25592861
69237424
818111183
5014752150
3311634120
1119912199
3212934132
1424314545
173101175103
140208143210
7019173193
9371139
1462314631
6210364105
135104136109
98184102185
29313233
136220139222
115132117134
27542957
169198173199
0217
2410827110
565616
1481515116
106179110180
37774078
86648767
3620437208
1108011481
8115283155
136218139219
193141196142
7717680178
2217125173
136166139168
1724419247
7416777168
129151131154
102134
142187145188
193145197146
161159163162
4616748170
1192912132
9311696118
137151141152
1038910592
113193116195
6018663187
170122173123
5618258184
1507215573
113209115211
01235124
1666617167
7711481115
92879688
6217465176
1194013040
1108211284
7610078103
1117411476
557859
25462847
71519154
1571816020
137177139180
1779317995
7022773229
1112011422
1195512257
58555959
41914493
7251126
162226165228
1212012422
83888491
187202190203
2320925211
105137
733936
7521377215
1935119653
8117484175
134120136123
1613916640
7518278184
3622041221
123212126213
163241164244
3511638118
73747576
1012810430
1913219433
4412449125
1577716278
194198196201
1653016832
106137108139
4617148173
48475149
51257127
1115311554
1419116194
2813031132
919692101
196183199185
146220150221
123206124209
174107177109
116196119197
186176188179
173202174207
6721870219
140135145136
169132173133
1681917121
7419677198
1975419957
79898191
722745
174173177174
1067210974
1051310616
101148106149
54145716
685790
22862488
1837418875
4822350225
133125136127
42177219
478681
939994102
30703372
179110182112
6918871190
8619289194
14441845
62796680
97144102145
1743517539
38924094
1374414046
4221944222
62466548
5524557248
51745277
131191136192
138174141176
153177156179
21285130
922311226
723110233
180149183151
9619198194
159224161227
1616918171
80868587
188167189170
1447414677
39604262
29243226
100197102199
179223181225
3011333115
173219176221
175216
5293
5512359124
148171152172
1814020143
1067010971
1592216125
128118129122
1726417466
4417145176
68657068
1308713289
191190192193
1035010652
780803
120196131196
4922854229
7419176194
1372914031
166146169147
5712860130
1573816040
71617462
106169109171
145129148131
1969419995
197141199144
5112454126
1162512325
1217912381
5617761178
106191108194
9115994161
111100114102
25722675
139212142214
80408243
1218812490
107228110230
1144711848
3811241113
4324545247
98207101208
6122264224
133241136243
1016810669
1476914972
46394842
123150128151
109184111186
54435646
1019913200
75427943
1945919761
1953919741
170212172214
91599170
1946719769
115181117183
4012944130
54675769
1293113432
5010955110
2322125223
1318314188
24762678
1717317277
86938995
1084911051
4110343106
178228179232
142125144128
1028510488
1712120123
1077611078
143140144145
32673469
1945519658
8212187122
1107211373
1324215244
3668
21632465
11741575
7722680228
1595516157
72907493
153115155118
16661698
5710160103
187192190194
188233191235
140122145123
2713329136
58236025
1614425144
148218153219
9524397245
8022283224
52288230
122140124143
1749417696
107120110121
133199136201
1777117874
1334513646
8823791239
20592361
62448246
1722417526
1517415476
196245199247
17601811
187140194140
157204159207
144150149151
01413143
1867818980
8715689158
173110178111
108149113150
1757517877
3920642208
2022723229
12999132101
125140128141
20792381
1626716470
1609516397
5621059212
18201871
170168173170
46934995
8613888140
75447846
70767278
22532356
73987899
1076111063
1912419525
1756517768
85388840
161177164178
148106150109
164113166116
3810340105
177209181210
10999110102
80298231
193210196211
191145192148
81738574
122179125181
152152157153
1417214374
174238177240
6424667248
1623616538
26952997
8713690137
24232526
3521138213
1189312195
76737875
6012364124
1586716168
11311433
85118813
8821890220
94129713
6116764169
64686671
147191152192
1178412086
9015692158
4921754218
2821831220
64266728
135230138232
1721619219
6314666147
7121773220
2893111
8415488155
1355113952
5923664237
1813418436
1796918271
128218129221
170215173216
16741705
160206162208
21662468
8620289204
147111148114
99159102161
1512315325
135163137165
3911541118
105119106124
66756977
37974099
1964719949
56855986
1658516887
105125108127
14011442
2021621220
1977119974
8911493115
1395714159
1591316017
177207181208
8488710
150140153142
111129113132
99142103143
8271129
1472615227
02122214
6814971151
1168811990
31316133
5815660158
4615749159
10501155
61718174
1129011393
172134174136
996410266
9515496157
1882219025
182191185193
197199199201
15499156102
5711259115
61496849
1715920160
174166176169
8516086164
173211174214
3722939232
110124114125
161113163115
5619159193
192126193129
88819083
560763
134244136247
175182177184
89259326
126115129117
4615448156
9522098222
6616769169
163206166207
6920972211
1114114143
181124184126
116173124173
120185122187
11231145
14051437
3621438216
1348413686
9614198143
112104115106
119141121144
1445514658
32183719
5011953121
154154156156
74107712
2912632128
44784879
2416325166
94539854
1593316135
1248012583
75277631
24792681
1604716250
8321485217
171142173145
46644866
1134411845
124191125194
6422069221
5412856130
1818018581
192159194162
128142130144
183197186198
1177812080
4684711
49225224
127215129217
22212326
8919992200
63736576
820311205
8416588166
5411957121
13641666
160219162221
183153186154
182189187190
58156915
6314964153
163153167154
8312384126
1756117863
196120199122
13111415
1318413386
1312613527
1424516247
114139117140
146237149238
16221636
21695171
59176022
107122115122
172175175177
144213147215
2922534226
1224112346
1372714028
61226225
7422977230
1248412785
64206721
87299429
61638165
160140163142
4921553216
4212047121
1159612097
85818783
196171199172
1622916431
1837018771
150202152205
7014072143
91159417
1773418036
68266930
817513176
1378613988
161137163139
12911493
1472815628
42344536
1002210225
1915019254
1862018921
1223112533
7019473196
158174162175
119109121111
63556558
5019852200
8889010
1218212385
1546915671
63116812
41576159
7811682117
1912119323
171189174191
282484
178191181193
136142139144
1863618938
34273729
1333713639
50155317
6311166113
5311156112
3724340245
7920282203
1517815283
109205119205
25932994
930953
49755079
45534855
159239160244
96849986
1511215812
54645766
9218794190
91699570
1916019363
2018322186
138226140228
30563259
161237163240
195131199132
6617668178
3421435217
6512268124
17099172102
71117313
1317816180
6019262194
156217159219
1123115232
6815270154
9014993150
992010321
52605562
1235412755
107206111207
85568858
195114198116
181246182249
5021953221
193103194108
16398165100
1694917053
1909719399
104144106147
155182156185
18321864
19572458
71667368
51668168
1118511686
1554215744
72167518
166247177247
152112155114
148211151213
120134123136
19762178
158110161111
3323436236
2321226214
2024121244
1623920240
14331464
5921962221
145168
26702971
103115105118
1885519356
4885011
87369137
2922732228
7512478126
182178185180
17399178100
33303631
987810081
3019733198
2513732137
170184174185
1518417186
170157173159
59376140
192245195247
92419941
2915232154
148915210
58126114
7310075103
6712569127
1586416166
106114108117
8218284184
2917732179
9016992171
1146911672
130121133123
182183184185
1108712187
67317032
111228114230
8319385195
133223136224
68167118
178174183175
4614449146
170206172209
5415857160
126102129103
66226825
164231166234
1414814549
181118182123
137208139211
185195188196
1248612987
39334136
6817072171
31203422
5175212
104137105141
77548056
119150122152
3916942171
42874589
1823018433
924510249
52126216
170241173243
163187166188
79468248
16731975
56605962
53905592
144227149228
191202194203
113167115170
1114615147
4418247184
191221196222
1853218735
139124141126
60846189
111136114137
17642066
6523270233
96679969
13501372
146156149158
1049310894
4718052181
35453748
23402543
4916552167
116167118170
7210775109
1422317224
1937319675
74837586
1276813070
1013613138
01543156
5310454108
67797180
1109812198
9624697249
