1762
0015
1313013432
2221525216
62436545
4413647138
11941496
31933395
1814521147
187188189191
33323633
8111184113
90649366
18411873
8923290235
13651397
7213474136
185102187104
106234108236
1665716959
118247121249
189101190105
6015664157
8511288114
7520178203
80168317
162225165227
4618749189
2013923141
2312326125
9016894169
47825084
1186112064
8222187222
5122553228
132176135178
182133184136
89909192
143165153165
176205181206
113235115238
2219825199
34793781
150166153168
120161122163
8911291115
71809182
134205136207
104194107196
9616698168
667969
60206322
6115866159
4220444206
1227312476
133218135220
10011033
1120914211
117139122140
128242129245
767818
110204113206
1189012192
6018664187
3022532227
5222357224
152125155127
186241188244
1884519147
1404214245
7316276163
101137104139
110102114103
95239726
110143113145
6422466227
42374539
43244626
60556258
180243182246
4216744169
190226194227
1875519057
173244176246
17599180100
1661916921
39904292
9112693129
154120159121
18361868
144146153146
5114653149
7021272215
8815690158
01363138
1818618488
120155123156
150220153222
120118121121
5320656208
1308513287
164128167130
29173219
179223181225
138217141219
22043208
17521856
60236225
39664268
9751007
104206107208
02041208
39954197
60416542
82238425
102188105190
1118611587
8515687159
1338413587
8418988190
192212195214
1425514458
2410526107
1013012133
189233192235
1323315235
12591462
10741575
7916182163
1533815640
123219126221
127172130174
148124151126
108108111110
1366013863
157234160236
115116120117
23812583
1121311515
113154116156
149170154171
1748017782
7811480117
01452148
302334
712211123
4112048120
5317157172
1562715830
72587559
1187812080
1201812221
91279628
54905593
152148157149
165215169216
56745976
6824771249
5219355195
5819463195
172159175160
112181115183
125242127245
3421037212
2974100
7319778198
3918841190
167107169110
18281933
150203152206
1277413075
1881219313
1722417625
139124142126
1574415947
71327237
6413267134
1710920111
2520029201
6721670218
173111176113
10601092
159220162222
1081411116
75517852
5715860160
2414926151
1362613928
34253627
146219149221
1107411277
47755077
7618878190
179157181159
42594560
2719330195
2220924211
1014810449
140614110
51555457
4513349134
355657
120132125133
51796182
1452114624
6710369106
119234123235
147201149203
103242105244
170243172246
132223134226
193135194138
25462650
9317095172
69467149
178166180168
6312668127
21372439
8421186213
2215225154
20642365
193119195122
1715417456
112158115160
118230119233
65286830
3121633218
1738617491
185125188127
1506515367
5921061213
43524654
1355413856
2711630118
1298813389
85528853
67347036
9719099192
7513078132
1053610937
107114110115
1643516737
4015445155
1161311815
22123215
183240185242
1854618748
1119514197
709873100
128137131139
98509953
172208175210
3524638248
1447614977
104240109241
27442947
7816781168
62736575
7814881150
40314234
8413387135
978910290
43304533
1266512967
1529115394
8522986232
195196198198
87938995
181139183141
183243185246
1774417946
01162118
178106180109
81808482
1793218333
1379513997
43744577
115247117249
1517215375
1902319226
62706572
126160128162
13281531
129913310
8018085181
118225120227
1941819720
60266328
51325334
5313858139
1395914261
388590
184200186202
6218264185
99228106228
81918592
111177114179
1897819379
162163166164
1321713420
170204171207
12711302
2042
180171183173
145192146195
1051510718
190162193164
122107125109
12761578
135185137188
1697817280
4813549138
1943419539
145199146202
7112576126
39544256
6124165242
147149149152
024326
85879088
1298013282
1829218494
75767878
1512715230
1001310414
158183161185
42274429
1695117253
196171199172
7811881120
1654916652
3483710
8310584109
078281
8111584117
177171179173
181214184216
1266912971
31945196
1625616557
80648366
1325813759
5716160162
167150169153
108201109206
1842218923
110149113151
5219655198
31436145
94669967
1283313135
2314225145
117228120229
74187620
1275613456
88789080
163189166190
120197123199
441463
77827985
1023010432
14571758
9616998171
453754
39984499
31563358
98144100146
57335935
169154171156
6110563108
8321685218
31465149
7522776230
8919994200
43664568
85248826
3721639219
2413034130
2110224104
295327
10151047
77167918
3216135163
13421357
84989198
6715970161
175247178249
1306313265
1634616648
1036410666
131157133160
170102172105
2313126133
1001510416
101124104126
111134
1877018874
5415255155
4113344135
1213614138
3317135174
3017432176
122174123178
195126197129
7513478135
115174118175
86688970
111220114221
117184119186
1241112712
8017885179
10661367
6220064202
189127192129
163191168192
7616577170
1827318475
8621490215
158201160203
11794181
1952219923
102147104150
77298031
1137411477
137208139211
136176138178
115219118221
197210199213
1106511367
41367137
163248168249
089292
189152192154
5817161173
1571616217
155201157203
146167149169
42615361
8510790108
3917042172
170216172218
46734974
7010172104
2311028111
6413566137
127218128222
4911952120
146161150162
1782718129
1649416796
171116173118
79578358
17361768
97219100220
4015642158
34543855
856907
3016433166
83348635
1475315254
180237182239
134209136211
177717910
132184134186
038340
1019812200
162100164103
161126166127
26312932
1612418126
8922092222
155247158249
1236112862
29833285
122141125143
119109121111
174237179238
175147178149
96929894
8921690219
155210159211
150216155217
87469048
530543
172137175138
154168158169
1872418927
85218823
1912322125
189219192221
20232524
33193621
8510987111
1156211764
144172149173
57265929
141187143189
73818081
25102713
1208312385
1569316793
2416427166
1548915593
3622639228
138185140188
60346236
19202222
4021142214
126179128182
1005010153
141178144179
135160137162
189181192183
1019113193
1387414175
1114611448
870973
188222193223
4524548247
20302233
1964619947
3311436116
5113154133
143224148225
10411243
107143109145
62106412
123112125114
75917694
131109132114
103910511
81289133
8311033
149230151233
130243133245
1361013812
4014743149
1648416786
664866
183178186180
1006610269
76357837
192210195211
182160185162
1021811222
5614959151
14461747
192170195171
2721830219
1335113653
173161175164
1395414156
982010023
192207194209
74987999
8221987220
9622999230
1304113542
132179136180
166199174199
3711940121
15321734
1751417816
8711588118
3513640137
196130197134
58955998
63956796
6014861153
159159161162
189125194126
1112614128
922611229
774977
106180109182
7611179113
67157016
2510128102
185153188155
101170104172
131172133175
7824581247
118178120180
473675
7118273185
6013065131
146106151107
6217063175
5118453187
148119151121
1922321225
424456
9611199113
196214199216
128205130207
1904819349
1278512987
150158152160
152230154232
1918719389
21996200
5423356236
640941
7810579109
493596
42047205
29643266
182137186138
7320675208
2611929121
5111453117
9114094141
72277429
39864288
1221312515
1956219863
30593361
639866100
46474949
8588710
4021944220
95739776
1948819591
1522718228
9119094192
198217199222
161107162110
1529515399
7622178224
1878919091
10471349
1087211173
126107129108
126113128116
161175164177
2814432145
144614510
139132142134
2913732139
9311695118
194238197240
1423314435
137222142223
115138
119240121242
138146143147
91829483
126123128126
2824533246
9720999211
1662616928
113132116134
178113181115
196223199224
132103135105
173240176241
1324713648
1701417216
193139196141
186148188150
155220157223
157179159181
41724277
101239103241
8716389166
28103311
1576315966
37873891
134163138164
2414627148
44214623
3714839150
135191137194
1295813161
4619847201
6410466107
189216192218
6814471146
3724140243
1389214194
162149165151
4521748219
21662269
1112711428
1307713279
2123024232
1812923130
138233140236
109156111158
65876789
6323765240
1374713949
93589561
92389540
176209180210
174167177168
56106111
700732
1547515876
51508152
180201183203
9223794239
1253012832
1224212445
137242140244
168232171233
184128188129
1859218794
101183103186
58126114
81268329
5415956162
53645567
120216123218
67776979
72637564
18252825
1153411637
198203199207
193235195237
154212156215
4820550208
149103152105
1691217413
1143211733
171196174197
2011223114
87769077
1521118213
9712699129
4116443166
8518687188
172189175190
4724049242
23132418
149127151130
1546515667
138142140145
125248129249
1924623247
193194198195
1921822220
1446914572
1906119462
1947519777
1546815572
66696971
1324313545
1820821210
68547155
16732074
1481115112
16812182
5224454246
137169139171
12434245
163234166235
141212146213
138193140196
18001832
139128142130
5115654158
1207012372
70117412
129208131211
123194125196
7010575106
83899089
9215294155
1487015073
199919919
1674817050
6621369215
597899
6220864210
8115884160
424726
13791581
3523940240
55405644
1863918941
167137170138
1168311786
105225107227
131205133207
5512959130
98107101109
1911019611
125208128210
7222576226
9215995160
137246139249
1407614378
11201422
108140110142
1261512917
7713679139
1863618938
7924282244
2513427137
4215044153
147141150143
8814090142
196114199116
167116170118
1974119943
1381514017
8317088171
39284130
4310545107
187137190139
187140192141
1009710399
4424046242
8615388155
1898219284
18962397
43854588
146246149248
51765577
18572258
129187132189
4521247215
1215712359
1359014091
1120716208
181111185112
8523690237
1936619569
17931834
470483
137201140202
23192522
1210523105
5021553217
121228123230
1947819779
4210244104
3012533127
170120173122
1876618969
120188128188
3121934221
814713148
1822218325
1092011421
194173197175
134201136204
1532715530
327728
196122199124
5410258103
185122187124
3819840201
5917961182
1114414146
5123053233
492523
38224123
39784280
9222995230
8014485145
3620337208
4924451246
1516317165
9424096242
79368139
5720659209
17102012
6222863231
71979200
71837684
7319377194
1364313944
1814821150
196117199119
182219185220
13681399
8924191243
4812149124
2717730179
3421636218
80978399
116234118236
2722729229
2324426245
1626916571
30753277
184203188204
1782518126
1085711159
157239159242
75117813
6211665118
6414567147
179183182185
54685869
140168142171
143169145171
9214694148
145124147126
91889689
4111642119
497529
140205143207
159247162249
178135181137
1585716159
7822981231
36283830
195164196167
3723640238
164146167148
5361037
142196144198
158147163148
1339513697
1454514946
3322535228
1418516188
725757
45694771
2710528109
166217169219
1917022172
132122135124
4914454145
4518548186
73347537
4120045201
9722398228
7120973211
161122164124
1116011661
1152711729
1702717727
6422865231
146235148238
105124108126
162157163162
1461914920
193101195104
618669
4422446226
173213174218
10891192
9189311
72557656
8224583249
1052110724
46855086
1583516336
80838285
2618428186
7617879180
5912662127
1081211113
9514798149
135242136246
79498152
379838103
7712385123
39934394
1402314226
4924751249
3017032173
1094311245
61949196
36393842
37464048
180174181179
90709272
165175168177
8813491136
135154138155
1217515177
5021955220
183122184126
142105145107
9319595198
8614588148
168225176225
125120127122
189176191178
199822100
150131153133
136227138229
68437145
9123494236
181229184230
77868287
107150109152
7122774229
37743878
1194612447
180180182182
1164211944
179191183192
151173156174
1784718248
39424244
1810120104
7551156
4723750239
4120744209
760792
144204146207
1637516577
141214146215
1623220233
1004610347
1573716039
1778318085
01762178
185133188135
3723142232
183211185213
129216130220
5910163102
4520547208
95349737
5010353105
1027010572
158116161118
4622049221
1932819530
1322713529
1041910820
9313396135
54305732
74317633
67267127
7816980171
65906693
4110542108
4814850150
4321044215
8222984232
747950
139224142225
784816
1446214963
108187113188
153112156114
5823962240
115107120108
49375239
2319326195
4113048130
1651216616
5811063111
15421574
1452914731
59711
21926193
1055410856
1863218835
198173199176
1489715199
1326013562
4910953110
3111734119
12911493
177122180123
5913962141
1626716568
135239137241
4520948211
1358014680
8612688129
176138180139
193148195151
7712485124
118103121104
7411677118
1168711989
131101136102
189203191206
1578415986
3219837199
7912782128
5719662197
154163155167
63466548
1082211722
1213914142
9120892212
7214474146
1048110584
1743717639
01882190
1458615286
2918430187
130248134249
110239111243
172202175204
6321666217
190194192197
047250
1941219714
110202113203
1688217184
167162169164
183209187210
1393014431
184139186141
131127136128
99104102106
1909219394
114149116151
62836486
172231174234
531734
1749517796
5913662138
1604216245
151161153164
77278028
106177109179
1313913440
7019772199
197227199230
1245312655
189192193193
1274913050
6323466236
130106135107
5524057243
91759377
1222314226
57715973
45274729
105108107110
6413867140
8716789169
9119592198
177241179244
9523597238
115105120106
98244100246
114143116146
1634416845
162183165185
112106114108
9016392165
3423636238
32873688
105144106147
1146511767
136218137221
9519399194
2221224214
43404542
167178172179
150115155116
9119394194
1261313014
2317528176
147136150138
184131187132
15001532
25933094
1527715480
6112364125
187167190168
160181163182
119220122222
1087910983
85498851
1449814799
47225023
1461314716
8889010
109194112196
1223014232
2016323165
161184
34843786
162169165170
1531615618
131200133202
66746976
152233156234
7191021
1107811182
1318016182
1818318485
19342039
1182812031
02400248
24912992
159917102
25162818
156190158193
1605316255
1014110542
20132216
44154716
1364513946
116122119124
3114633149
84178719
119173121175
69287131
143141146143
169112172114
1466414966
4318246184
2424627248
1963219933
107214110215
4219045192
6021462216
8291230
130108137108
3014035141
124232126234
192155195157
1278313284
107146112147
4416446166
6019865199
99147101149
29423343
943310133
172129174131
181106183109
185145188147
2115524157
1966819969
36603763
9631165
2923032232
01232125
1963819940
082285
3813240135
1888519088
579962100
198177199180
9610498106
1336313565
948989
96139915
169238173239
185105187107
7620678209
4322745230
119194122196
1411314217
115166118168
36643867
129183131186
1434314446
108131110133
159229160233
147212148215
157113160115
138108141110
61316831
179149181152
1766317865
186217188220
1912819233
124203126205
959999100
1012310425
1314916151
178199183200
170169173171
8719690198
1710722108
56495852
2318924192
1082311125
179147184148
1841218714
59806183
124101127103
19197193100
105209107211
233435
2715032151
46374840
66687368
47975099
113228116229
2716929172
29243226
153108155110
128148135148
70747177
145183149184
149177154178
124176126178
6813870140
8524288243
1457314775
13298135100
9514497146
4123444236
4419346195
1785418057
1474114844
1254512847
84458648
185214188216
9421495219
95979998
84668571
2612629128
139158142160
150218155219
24582959
52435446
1216019160
5718558188
169167173168
1725717559
8910292104
156125165125
14031435
188122192123
1933119533
100119102121
174107177109
63766481
8917490179
139163142165
29223423
5414057142
3714539147
612411125
3412236125
6917672178
1932619727
1312113522
181127183130
179104184105
175199177201
185196186199
5821459218
1917519377
1406214364
150237155238
26822885
4719651197
172139174141
116237119239
98279932
074177
1823818540
1822818331
127175129178
152128163128
1509115196
5610758109
137120140122
1522415426
1051210714
166172169174
19902391
1311213413
1449414597
122101123106
186159190160
1795818160
168230171231
57405942
11351536
55465848
2715530157
15831614
126183128186
378581
16941707
987410077
4312545127
3020032203
4718148184
2819731199
92129514
2223524238
8312785129
189147191149
1665517056
1106811369
88159316
9410797109
50585360
3723340235
7321276213
1571816020
4015942161
145177
176157178160
1317413475
1409614397
168145173146
5518258184
113129116131
77258026
166229167233
95809881
103100105103
175140177143
5120455205
21102412
1212812629
91229424
9420796210
1231612419
195201199202
1599516197
47245026
158150161152
161193162198
179247182249
1625816560
175233177236
190239193241
185182188183
37574059
2814630149
239928100
1124011542
126140130141
1267712979
2918031183
115207118208
196100199102
1018012183
1253312736
106100109102
42396242
122118124121
116159119160
1522518226
193232196234
128213131215
3314436145
158172161174
170235173237
6381039
140238143240
1796618268
4220246203
194192197193
1911919322
195105198107
142152144155
125158128159
159195160198
2910830113
1532115623
6424374243
093197
2310826109
3618938191
132125135126
1696417166
147144152145
62686569
1610623106
8416486167
132149135151
2417726179
171147174149
1426914372
5317556177
32143515
44944697
138166142167
190184191189
109134112136
136105139107
5717660178
18441895
155151157154
183236186237
935967
16752076
3214236143
176175179176
164160166162
37703973
59846187
8513788139
71787281
147127148130
8310186103
188124195124
186117189119
7311477115
561763
106244108247
103180105182
109122112124
1711618119
63346636
3822241224
137212140214
170107173109
1210615108
26863187
1552415826
1703617337
105111106116
9610199103
1649716799
49355436
9611497118
177207182208
138190141192
1054310845
28783081
9511997121
189169191171
7918881190
167184169186
1652416925
1978419986
1596716169
43474549
155170158171
31793382
1138811590
59776279
4719049193
4022741230
1054910751
45784880
182113185115
191109192114
133195136197
84278630
111137113140
810011102
3424136243
100910211
21262826
3113534136
8915391155
159168161171
51475252
103119106121
26222824
1511716121
1368313985
138137142138
1306813171
161119164121
1036010563
1210014103
1121611518
62876489
159111163112
196112199113
1024310445
3715339156
164111168112
145131148133
6617071171
153204155207
12421264
4912751130
1566815870
7116178161
127239130241
1516815371
77148215
104222107224
174150177152
162105165106
1025210753
1317318174
128109130112
1222015222
1408414287
140208143210
2124024242
989510196
128223129226
2821031212
067368
182143187144
7920182203
23292830
978710188
1424714449
175154178156
166170169171
1057810780
79688369
98829986
124216128217
1596016162
358759
8912790132
131246134247
1094011142
37323935
15231726
47535853
8320088201
1836518667
1132511826
23842587
8823891240
9412596127
7810079104
1755217755
172205175207
66727173
86648966
60396340
196225199226
164171165174
33743478
1181612217
9720399206
6521068211
1353613838
156108158110
196148199150
1565015853
3621439215
182151184154
67567057
1419321193
8115182154
192176194179
8424686249
143138146140
9413697138
7317875181
111189113192
6518668187
1959419995
4622749229
101143102146
1462515126
5022151224
2021121216
14131715
17481851
106189110190
1666016862
156182157185
142216143220
163222168223
6810971111
1127811480
1917319674
198130199133
105136107138
4212144123
141112145113
1023310634
8420987210
16772477
136148140149
6417568176
51845585
127142128146
1553115833
9321196212
417449
3417637178
114137116140
33623565
147239152240
144216147218
2924732249
1720519207
3615141152
100100102103
1468814990
1709517397
7397810
77327934
106167109168
027229
6024865249
276677
2116126162
6912272124
165122168123
119129126129
164113168114
1858318786
5422857229
137111140113
1366413966
166224167227
1466015061
103122108123
17922293
3615839160
1127211673
1324718248
197231199234
192202194204
31383539
7920680211
192142195144
128155130157
01633165
4821250214
3816340165
188209191210
192242194244
19031935
1501715220
87299230
9618799189
5510458106
2316926171
16301662
180219181222
97212100214
17141727
105175108176
7113774138
1701917222
6814171143
129152131154
1427314475
1018413185
1788218882
4722550226
4123744238
141148143150
3416437166
187184189187
156187159189
1813122132
30443346
231263
50645267
144147146150
1667216974
186161194161
1275713757
71899192
1085011053
5615259153
3917844179
79458048
125136127139
6811971121
149209152210
117156119158
1779718797
8510487106
1708917291
1271812821
59686170
515313153
1578115983
87438945
5511658117
1483415136
