1736
175128177131
48835085
144176147177
6214064142
32873788
41114612
95196100197
7123874240
77527954
85739074
12751345
147132150134
76377839
3713340135
9324496246
196245199247
1314913451
1313113632
42594660
166241168243
085387
9622999231
77127915
1117514177
1110114103
174195179196
6211065112
17581961
9610298105
44524655
4713850140
47584960
166180169182
117224119227
170206175207
2710330105
175133178135
134913710
101147104149
165244167246
9211594118
1847618678
1264912951
112111115113
3019933201
7618878190
1817418675
2710729110
156212159213
811911121
134114139115
1473715138
1197512079
5024052242
120172123174
14371639
484885
9521297215
6212464126
107116112117
3922746227
163211166213
3316435167
1624516547
124208127210
30413243
1298513287
131208132211
26652967
45634964
192189196190
3416036163
1084411047
6223864241
75457748
16699169101
3013133132
163145165148
15431633
183198185200
65706673
1710020101
1211916120
1685917260
3012032122
170208173210
8318086182
5914461147
8913892140
1418614488
967910180
13099131102
102153
5620759208
155193156196
1515015651
721211213
1528415487
1745617758
1793518137
24762579
3413336135
147165150167
183139185142
6319165193
15482448
18499186102
106244108246
2113324135
160132162135
1713620138
43474648
152130153134
16271649
128208130211
1931219614
1342413726
4120444205
1622116622
1874618948
160137163139
9718299185
4918552186
1041910720
55895791
1615416555
3212533129
69467149
3520239203
4522448226
1711017313
1489615198
122244125245
103197106199
48505152
181178183181
56365838
187179190181
1727617578
3823041232
175136178138
140206145207
186200188203
2221427215
3517036173
1974619948
116168119170
131190134192
130200133201
3414037142
124219126221
160211162213
1689017391
823011232
25113012
1591516416
7910180105
617111172
1026910571
4516248164
156225158227
133205137206
8923390237
8717991180
3918842190
4012842130
71359138
1417217174
156121158123
157118160120
137169140171
192919511
2317025173
1793218234
1698317285
1125211454
6713969142
18931925
100216105217
6614873148
145128147130
178203182204
9616199163
1884919051
5018253184
176215178218
157174159176
6418468185
1275613157
09311
115247117249
1716719170
62266330
8423685241
32406242
33523654
154228157230
111122114124
23892591
102170105172
7913783138
130202133204
109133112135
1736617867
115155118157
63496651
12021234
116129117132
187189188192
124812513
4118243185
1799118492
155239156242
7587810
4521148212
3121633218
1261012813
3724439246
173113177114
190194193196
185126188128
129136133137
9122093222
4916852170
88489051
1415114453
148129151131
6018263184
154231155236
996810171
83718772
6010563107
109244111246
125139127142
14231446
8514292142
7919082191
1749417697
1144611748
1164912150
1338413885
197108199111
1955719859
148152149155
154154158155
5212655128
8420286205
1418014482
1954219744
8251027
6223166232
158203161205
795997
4510048101
1369513997
82158517
1572815930
112164114166
9514797150
182189186190
5124554247
57135816
107138110140
172201174203
146162149164
2619629198
107197108202
1120613208
198203199206
177189181190
102145106146
6023362235
168141170144
1674217044
1918519487
3914942151
2610029102
1667716979
108181111183
24802682
56406141
1134011841
131165134167
1326313564
8120083203
139199141202
8724790249
177210179212
144229145232
991410216
23262628
3514736151
7614379145
556588
161149163151
8724389246
53325633
1933619638
124180126183
185159187161
177207179209
283297
49245226
141164143166
187232191233
13011332
79228223
5511360114
9314493151
6322866230
5021952221
1656916871
150199153201
39574160
6612169123
1387414176
5495513
52068207
175125182125
155181160182
486689
7212975131
146192148194
10681370
7824080243
719512196
120108123110
1674517047
1098011281
1711319115
128150130152
126185129187
125163128164
8720789209
156222158224
35714072
8916391165
2215327154
6213765139
2022923231
4623050231
145204149205
196148197153
4520446208
6515367155
4113543138
4986100
160232162234
20582360
110212112214
8919691198
8124586246
143220146222
32383639
4916152163
56435945
179110182112
917510178
116114119116
171161173163
172153175155
5620959211
136210141211
127100129103
1841718620
2119024192
2422027222
1420817210
95129813
1119216193
149193154194
775797
9619099192
129113130116
143216146218
6721570216
169137171139
1781918022
143131146133
9314298143
1783018331
166113168115
41517153
17871818
8212884130
153248156249
32213423
105164106168
1564115844
922512227
1315314157
104157107159
8317786179
1957419876
2720530207
72167518
13791681
1211812619
7417076172
6019461199
29703272
872904
1193712239
188919111
2715034150
15741589
128213132214
1558115883
72827584
2016822171
1432914532
192204195206
35633865
5514958151
194136196138
8413986141
187214189217
182227186228
1516215464
82648466
115410154
149113152115
174193178194
1474915051
8719990201
1457014773
8916991172
181171188171
136138141139
169113172114
150210152213
96499851
1158311785
7122173223
5816060162
319833100
9313597136
17751978
14681770
191223194224
78808083
61946595
4913352135
98152101154
160216162218
82118513
116186119188
5811161112
4521948221
104112107114
174239178240
1352713829
5913561138
165138168140
4119643199
20742276
94359737
170169172171
786988
106209109211
4824049243
1118411485
1348113783
166129169130
38764078
9513998141
45225023
15301562
9511698118
5623359235
5120554206
4823651237
58176118
86128914
126128128130
127241130243
142239144241
69777279
1714417346
80548356
513814
193167195169
9216893171
10941395
1949519797
7022775228
168155170158
46754977
4814851150
115138120139
6424366246
9216595167
155172160173
1701817320
1582416125
7724580247
131108133110
66836985
1266913170
124197127199
1323014235
6216763170
4116444166
1458014882
83878888
24702871
1044110644
28933095
3421335218
26583159
93669568
52725574
6219866199
182237184239
17362037
1039410597
8810589110
17201742
1366013961
10201052
919712199
79738474
082384
812911130
1436214863
1510518107
90939196
1437714679
118234120237
226429
45864888
195223197226
10281330
02382240
58956098
10098101102
192233199233
163131166133
1713417337
22342436
9891191
1364413946
9817299177
9622599227
153185155187
132100135102
140231143232
613310134
48725173
165230167232
138126142127
42914494
38674268
66336836
3616439166
58266127
129141130145
4414646149
71567458
134157137159
1531615518
1735917760
103243105245
3019233194
1743617738
18812083
6523967242
5310255104
7017672178
18172119
3519138192
1218015182
96839985
7921282214
1856118665
8912692128
5119955200
114152116154
1066210964
105190108191
1013210633
180209182212
108179111180
2012223124
3810541107
1824019243
187152189154
3819440197
1304313344
7214375145
112136117137
62827182
8711992120
1315213553
9320996211
3120234204
124133126135
6020965210
241263
1952019821
195115199116
9312495127
1366213865
103133108134
129173133174
5622160222
114232117234
9511197114
2221625218
964210043
2922734228
1419714499
111220114221
2918832189
180195184196
56565858
2514627148
3318038181
3911942121
569958102
62316533
1267112973
1502115224
692994
97869989
100161102164
116189119190
124239126242
1451614818
81628563
17799180101
89259028
7018074181
31915193
1106111164
182166185168
19542256
179135181137
100192104193
1784618148
02162218
1475915061
1289613198
105178107180
56545955
1651016615
2512627129
5418256184
148121151123
143242148243
1711020112
63366538
135194140195
153222155225
56116112
1316716169
5414057142
8016483165
116179121180
179192183193
6916971172
140239141242
821411215
1477714979
981910121
1766817969
5022253224
11521454
305337
6724370244
1551015713
4413545139
1188412086
9111094112
1558715888
1539015593
2618429186
99194104195
101239104240
3018433186
1871718820
163241165243
13211523
1474414947
1712217325
1904719348
86379138
51125314
11223124
3312035122
90649465
6286410
4617749178
62346535
11251427
193177195180
129215132217
111160113163
1108811489
9313798138
102248107249
109172112174
129130130135
1616416466
1452114922
1779718098
8551156
4921254213
9124794249
1249512797
7617981180
6618869189
110240117240
317519
59776279
194227196230
182219185221
8910291104
1131711519
72447447
7011371116
162171165173
5114053142
174222177224
8021783219
69927294
124236127238
148151157151
1096911171
1392914231
140234143235
115171118173
187195189197
106118107122
134125137127
9218095182
1919419397
1022111224
106109109111
157145160147
9018793189
254655
146228148231
01732176
197207199209
1712119123
1315813261
86359036
159124162126
1561815920
1527015572
5412955133
1173312035
1127211475
178233179236
6523668238
7317676178
2313126132
4521750218
4015243153
147219149222
195210197212
19601992
149146152148
123226125229
56515953
51475449
14601491
178140181142
1114713149
1785518356
4717148174
5923664237
11851388
165158167161
1774217945
31376139
5913261134
1722020222
189170192172
5316257163
1483315036
4712248125
193112196114
125188127190
89629363
97244100246
121202124203
5619359195
1887519177
70627363
529731
1188712189
3813739142
1115014152
9024392246
115220118221
138227141228
117145120147
74597661
295398
55875988
1820722208
16141646
870973
163208165210
27252927
6912971132
51197121
179219181222
118140121142
1787618079
1914919351
168145172146
110209113211
171234174235
1087411175
63836585
1013713138
6324766249
1344313546
135165136169
179163182165
84298632
1017911184
8211583120
132186143186
1829618697
178181180183
2511526118
7401041
43434645
1649616798
2821829222
188112192113
839884101
6724978249
197112199114
3522738229
18292131
816511167
6515668157
4112446125
1622516428
1494115243
1648016782
1284013042
66766879
1736817571
1709517397
43154517
2711731118
114140117142
139116141118
1778317986
53375540
5318758188
125169128171
5910162103
189168192169
126195130196
120208123210
2521030211
61859187
125153130154
95239726
141134143137
7513778138
1586716070
1791812
14551478
8321387214
7010573107
1111511219
2914432145
1576416066
1917819878
19751998
1115312156
1384014142
72009202
229925100
3419737199
2110826109
5613658139
28393140
3317736179
8720490206
1203112532
4314247143
2918032182
143159145162
1949019991
1895219254
16571689
43324633
124129125132
42614464
91849486
1695217453
82298333
173144175146
2622528228
1863018832
1681417116
107227111228
186182189184
1133311635
1521318215
111157114159
67517053
117192120194
38214123
178168181170
959998101
6512467127
167212169215
151195154196
25482850
14001451
23852686
1104211543
6713772138
38244125
1499215293
174237178238
179157181159
13401841
1803818340
141195144197
7912681129
140161142163
1741317616
166116168118
19432244
1354913851
1314713648
1767417778
1179612197
1806918173
78898390
1624420245
120248124249
8916192162
152105154108
7516477166
1695017451
7710680108
013414
105233109234
1879319094
4110843111
21942495
38694170
114143119144
101131102134
7571059
7321274215
20612363
189125194126
865887
134201138202
51126116
179119182121
178113181114
490594
971710118
21256126
116166121167
1324715249
8721998219
155157159158
112189115190
1787017973
1336513568
51775479
127180129182
118232123233
9418697188
89299032
114208119209
84338734
121169124171
176197178199
6724570246
7613479136
1178012081
6723070232
63776580
7519980200
3010633108
1659316895
8110182106
2815431156
6116463166
182129186130
52625366
112180115182
141179144180
5619959201
37303933
4814150144
160164165165
164235166237
15131535
193184196186
1068610987
152161153164
1917220177
1722322224
6218066181
126155131156
89879289
02192221
1228712490
104139106141
5313655139
10751278
157241160242
1074010943
171142175143
1598016083
1214215144
9423299233
7621679218
1817118180
2316827169
6211865120
1463914842
115126118128
1210614108
3410537107
107152110154
9112994131
979110093
147135150136
187245190247
174171177172
83678669
1373314035
5214654149
61978199
3313640136
176229186229
41724474
750781
185217
143169146171
1737217773
132124133128
8310285104
11454147
668969
1038310586
21074109
84468748
37184020
26622963
7623678239
1078810990
138224141226
1489415195
13431645
1110914111
3921639224
158229160231
01592161
4284510
983510137
65966798
9623798239
1319814201
4111246113
4022442226
31596160
42467248
54615862
31898190
143121147122
4318946191
1406614171
1192812230
1243912741
178185180187
10051028
3423641236
265467
129205132207
30143316
178166181167
5121756218
11651467
183136186138
192139197140
1081911021
7611483114
67866988
1808618388
126244128246
97168100170
123124125127
1475215053
1204212344
167149170151
34683769
159115162117
5321955221
163247166249
4117545176
1798918490
7022473226
1611016411
9615599157
91339336
5121055211
2922932230
4015751157
127239138239
7518177184
1582116123
40544355
1695417256
1422614428
94609961
2416127163
7717679178
138134140137
8517488176
197241199244
97234100236
5615759159
2011923121
4210446105
2214225144
1006110363
11851207
3823340235
197183199185
850864
191220194222
190230193231
141122142125
1216415166
1323313535
4015843160
155148160149
1331413516
113167115170
994910250
115134120135
3712639128
193152195155
17801794
161181165182
136212141213
1536715569
36793980
1915823159
162223163226
4021743219
3919142192
1349313994
151182152187
184177186180
4811051112
98134100136
91229227
171110174112
3412636128
2320526207
195248199249
2816332164
1207112174
24202821
1636716472
124172128173
34593761
5916761170
111138113140
47395041
98214101215
182131187132
1657517076
153102156104
4215652156
9422197223
038340
81588361
6420769208
1836218465
1714117443
616719
148170151172
1771317916
62156516
1983619940
16801711
1696617268
55775879
982210124
1801318514
116148118151
1221412515
1498815290
1710219104
1885819060
71747376
1387013973
5410556108
874978
7224177242
1617916382
116181121182
62746576
1126911471
136106141107
8623988241
1331113513
7417376175
5524660247
5119355194
5417162171
174187177188
89589061
8113386134
12551457
167222168225
156214160215
174174176177
1144411945
15472547
3724739249
02443246
4424645249
1031510617
5010553106
9215795159
84549454
1677317074
2313726139
8512888129
2917732179
4317146173
4619449196
149227153228
8914392145
9012392125
39904193
157200160202
1233612538
8318785189
349736100
119103122105
1401814121
3418639187
191161194163
1348913592
1218312485
1621216414
1717417575
173102175105
1452615326
192201194203
1055810860
119196122198
772794
13001390
1625716658
1511617118
183124188125
128138130140
125144128145
142105145107
1624116642
8324786249
112127113132
6413265136
151156162156
196173199175
1699217294
78598061
7197410
1944919553
9215595156
51447147
2713129134
816812169
132187135189
20912293
1138611787
103227106228
153174156176
120185122187
1335713560
181153186154
3716140163
14871591
8516688168
102121103124
22972698
134136137137
1012213123
1821023211
01434144
42184520
194141197143
133222135225
122140124143
5195311
52825584
220234
1387714080
7917484175
39614164
115222120223
2823931241
1808318385
160195161199
3024533246
2713932140
503535
164107166109
111154113156
69177120
1209312295
26452947
3314335146
126122128124
144165146168
97144101145
6318668187
123234126235
154145156147
89809381
1459714799
161162164163
9420199202
34303632
95151106151
53925594
1244212744
5220155202
77167919
10361068
4519750198
12431265
2018322185
162244164246
193244195246
32913593
1602916331
58746176
4912851130
7919281195
23412544
6320466206
173166174170
120229122231
8717790178
3611838121
9524798249
112228115230
1256612868
4222044223
1910624107
190152192154
91459446
169117174118
1471015011
1656616868
1976019963
4022041223
52006203
188207190210
163141166143
2815232153
1953919741
74237626
5512358125
1407214473
52327234
5024857248
1511015411
176104181105
7013974140
121221123223
1935419656
1962219824
815010153
2223827239
1827018473
1037510577
16662167
48115013
127107130108
1456415065
3211535117
5215054153
10151316
1457414876
1544616146
18682070
1169311995
161239162242
4123344234
9315296154
8314484148
24222625
107146110148
2012924130
170185175186
6815271153
37104011
177173178177
3320536207
4615151152
3618838190
70897391
13311533
174189176192
190182192184
150161151164
5721360215
139182144183
8015883160
8913292134
1445614658
01683169
4618149182
157142160144
105192108194
3315236154
1324415246
911411116
112186115188
1623916740
185149188151
6021163212
104204108205
1928119583
2620029202
1421914421
1673317035
7224675248
1893419235
1817618378
622924
1153611838
1896419266
59806183
153183158184
5624158243
1893219433
113224116226
7510278104
1832118523
36893892
150168153169
1322713429
3811541117
17711974
20262228
21483152
66286831
94279629
442512
1532115524
1059110793
78427947
41557157
148108151110
6219465196
1754617748
181199182202
72487450
125159133159
115120118122
1348613688
197188199190
8917392175
5011653118
8618789189
3621339215
150204153206
8323386235
187226192227
154118155121
1354013742
1112011422
4021443216
28283229
163238165240
16621694
7320375205
182214184217
1891219214
126125128127
22292431
8723090232
40464846
9791281
18201843
127111131112
8623688238
179173181175
6615173151
47275727
1603416137
6617669178
1002510228
1623619237
172178174180
134103137105
7110274104
966610167
137196140198
4714550147
1023410536
02412243
99137101139
35213724
1920324204
18451886
137247139249
154204157206
171147173150
44654966
6913474135
137121140123
196218199220
079381
178128181130
1217512477
9321294215
51855586
9316195164
1481415315
591623
1031310714
149237151240
5821763218
1992211
57306032
33193620
101168104169
4017142174
12086209
18501901
7714079142
1507615278
149102152103
5620259203
90829483
131195134197
33283729
1594216145
2582810
154220159221
8311232
3810141103
60526354
164110167112
8622591226
6318865190
121145124147
21202322
1713817340
60236225
11131144
21372438
130149137149
4920550209
173130174135
5917662178
86558957
8319086192
133208137209
7014174142
438640
41764478
93509552
2814832149
1486915170
1964919951
170211172214
170218173219
197227199229
432733
19412242
8912193122
168207169211
6613268135
154162157164
115202117204
188176191178
138158141160
924712249
1497315275
2319925201
172244174247
155136157139
1753917643
186187191188
1927419477
62466548
150219153221
3010933111
8411386115
59336135
37364038
1024510547
5316958170
4917153172
1862518828
1423815242
1142911731
196178199180
29543255
6586611
36854186
4220045202
51155317
15001522
01623164
1895519257
4919050193
179213181216
7911087110
68157116
155207157210
151136154137
10201223
29603361
1427414476
137128139130
122117125119
175243177246
6323365235
1221114213
140220142223
185212188213
6623369235
82788580
41226124
114174119175
3124234244
3110134103
6614773147
110186111190
120226122228
4520948210
126118128121
1817918580
1365413856
154112155117
1326913373
155165158167
1245812562
5423056232
40304233
41504451
3620839210
599964100
2621630217
5220755209
7121975220
2117222176
172158175160
8018182184
1347813680
9222795229
112114115115
51445446
16198163101
879988102
1257413075
1312213325
125206128207
130180133181
1607716578
4013941142
9991999
176219178221
4419245196
1921421217
19451968
140814310
1114411347
9411997121
108161110164
7615879159
1045510657
4418349184
184143186145
114160118161
5710859110
164120166123
38164217
74717574
195237198239
170187173188
39874289
189189191192
3315536157
8641764
140249148249
4922550229
7123374235
9179210
7815381154
1075211054
10242024
80698272
108112111114
102115105116
107141112142
140191
146189148191
2016522167
2616427167
1798118482
143140144143
132246134249
9120193204
104135108136
026131
156112158114
182113183117
129244131246
1013810440
1014110343
3420039201
712411125
12304231
1658616888
368419
