1779
10601092
174917711
7723782238
14731974
89319432
1915219553
7310274105
195237198238
186151189152
8515187154
3815941161
7011473116
109134114135
1353613838
1858018782
68537155
1067011171
6118465185
59486250
153116156118
992410226
193211194215
5821159214
122237127238
51008101
1278213183
1019810499
90599261
142178144180
22075209
40374339
179110182112
830853
01123114
30273528
113128115130
178104181106
8722189223
66626864
1022012223
72167419
165118167120
104144108145
1662317024
183237186239
151220154222
186107187112
1943819740
1248912692
6022062222
1545315755
149142154143
11731196
142104147105
1428114583
118205121207
156239158242
1319115193
101215104217
3514438146
1652916831
192100193105
4320847209
2023424235
57715973
51258126
187220190222
1222713232
3019333195
1344313645
66266729
122205124207
1515320154
7621979220
169617011
1337313575
188103191105
162221164223
192203194206
53885590
5524460245
26532855
1129711599
181243182246
7523477236
1183612039
6020261205
1134011841
78518153
177155179157
192168197169
5122553227
1205212354
197130198133
2721630218
2114626147
8761178
132171135173
163156166158
105118107121
63536556
9021892221
1596716269
50555258
65896693
147114152115
97240102241
1267212974
1045410558
7012372126
8319086192
7823481236
4118943192
15491851
20732276
49445345
1211115113
176229179231
97152100154
143247146249
118102120105
177186182187
148147149150
121102124104
173171176172
172214173218
177213179216
7116173163
182170184172
63196522
13341636
090591
131144134145
7518278184
105192108194
8212484127
1521615518
25242826
3722340225
1519515397
145227148229
3113533137
88419242
172145175147
168128171130
65486850
1522815530
109240111242
102118104121
5722059222
115186117188
103198106200
988410086
7715779160
19842286
64356936
1426714469
3924742249
1526715569
2910932111
1597616179
93409543
107132111133
31566157
185209187212
1205512456
145102149103
1986019965
9311996121
1623016432
16801721
1515618157
76787980
02284229
115117119118
1161611819
1882010
3917541178
154225156228
1468214885
239540
114114117116
139100142101
5896011
16521954
81159119
1035910561
162241165242
1618019182
144221147223
616819
1625916561
4812351125
13131515
1342913532
1522515527
130231133233
1488615188
1099311295
4211445115
1913619637
1228912392
149112153113
146133148136
1568016081
1811021111
7915082152
1525615459
1077211074
1941019712
1344813750
193143198144
1345913761
108188111189
1716920170
102180105181
109122112124
4914052142
529633
8710792108
2519528197
41304631
15851886
136162139164
127100128104
174239177241
102182105183
150102152105
1626316565
817310175
141196142199
824712248
5415556157
170102173104
153130158131
1824218543
1464014942
4918654187
3320235205
7011773119
6114063142
166240168243
171162174164
127127129129
123162126164
574776
8013884139
136115138117
1967819980
3322836230
3110334105
1069510897
1078711288
118246121248
190106193107
165224167227
1411514516
45784880
1224212544
89116100116
8891190
4418848189
1855018852
110113113114
02132215
4120344205
134241136243
193129194132
72487550
583605
1321513616
14801502
105236107238
43584659
1304513347
173220176222
158233161235
184137187139
3416137163
2715631157
480511
392443
1345413656
3722639229
2222823233
1179612098
1335113553
195224197226
159197162199
135118139119
7917582177
6523967242
4524047242
110169111172
1827618577
129163132165
816510167
9423197232
7823081232
8113583137
137239140241
114247117249
1054010842
47905291
1312313624
1237112574
126244128246
4520348205
134148136151
1065710959
4920151203
8815191153
1151012310
3210035102
8513988141
116100120101
1605216254
3121133214
4823951241
2817231174
136132139134
111142114144
197112199115
1803818240
48325333
1926819372
1014514146
9120294204
39404045
1086411564
78438145
7323776239
6519166196
3624439246
133165138166
182160185162
6720068203
9518598187
018319
1216117162
863886
171113174115
4521948221
1802818132
712910131
8818489189
59966298
164109169110
124227126230
1718017383
31306132
1618316485
147165150167
116135118137
6311765120
159111162112
2814029143
56895990
3818141183
8514787150
150153152155
1315713558
111195118195
1425814361
87339034
163226164231
188106189109
7920181203
781822
190152193153
183177185180
146159147162
2712730129
2615029152
6322666227
172138174141
1303913540
2518927191
23722773
1883219035
15621570
124112129113
74237626
91759377
4024342246
42514553
118139122140
10531085
7911782119
167156169158
99233102235
27863287
1672616928
120111123113
56107
3912941131
4613247135
151237154238
121208124210
8317785180
61836485
1511315415
1024114242
170116173118
45204921
499852100
98219102220
155168158170
2924430247
99143101145
104165107167
1028610687
137150140152
176144180145
3821541217
4820651208
94229723
119243121245
5912661128
1518620187
1928519390
2620530206
143132145135
186100188102
189233192234
6615769159
150120153121
3316437165
38954197
12411263
1813419138
49635464
5414057142
126210128213
171105173108
1929119593
9581161
7613077133
1592216124
1651216814
1954719948
146182148184
145110148112
1731617617
115131119132
17782080
171817311
154162155167
1923021233
66196821
8820290205
4819952200
11681469
5118054181
156126158128
42944595
38854187
169135171137
169214171216
147193149195
154244156246
95729774
15281631
025327
100184103185
159168162170
117181120182
141241142244
1351813820
34543756
143191146193
3820340206
3022832231
2011223114
6815271153
42477249
95969898
119239120242
7313175133
4920454205
1624419245
1763117932
19492151
5422056223
134197139198
130103132106
136236138238
11241156
6776810
3317836179
171123174125
1893819141
1121911521
17431765
118147118155
153194156195
1523115434
2211724120
5614559147
1677217074
77158017
188202191204
3324435247
1495515158
97599962
107196110198
4112343125
1493015132
5724862249
193193196195
1507915381
1315514158
6922172223
4621048212
1622316524
1955719759
5014353145
1748017781
4320647207
173245177246
70847385
1188512187
62756577
1671616918
69167119
169132171134
161138164140
4317246174
79268128
6913072132
149133151135
8610189102
9711898123
1369914399
7616578168
4119843201
1841918721
31603461
3923742239
181127186128
8317086171
1246712769
3714040142
25302732
112167115168
1853818840
113216115219
02392241
3623738239
100224105225
9461149
17162018
182123184126
450472
174212176214
1593716438
8914192143
84588959
2218223185
7517178173
5221455216
1811218315
159247162249
71127413
7812980132
1874318946
1546316163
1214713150
31403442
53565559
196207199208
1169211994
3617039171
1053710839
23442645
129241130245
1828618588
3914542147
61196222
1282613028
609963101
6810170104
1756017861
1205712259
143167145170
4111043112
169242176242
1125211554
1948619689
156163158166
978710188
177222180224
1268412886
23102811
156113159115
7811081112
171187173190
1723117533
139124142126
19882489
144217147218
1494915250
67727173
152147154150
4717252173
1211414117
1177111973
141121146122
1293213135
4916853169
110245115246
920612207
5524658247
1655216953
3413637138
195158199159
8015883159
1915819459
97149100151
8817989183
9215294155
6613369135
799881101
143195146197
6816270165
1312813331
71887292
170167171172
2118924190
5313764137
127151128154
2312326125
2237
113122115124
104100109101
1748217783
177177179179
1281612919
9418996192
102201105203
6211065112
73347635
17272029
197188199191
117189120190
4616648169
1869019191
125114130115
160216163218
55265827
1869219193
42974499
1827418575
6010263104
1562315825
42244426
170120173122
1219715199
129221132223
102244105246
1629416695
21172618
1138711590
8220483208
106228107231
1486615168
77587960
110158113159
161164163167
1822718330
64696671
8823890240
132913510
7281129
1688817090
3723240234
159226162228
183145186147
53365638
1479614998
712735
1818118483
147121149123
103220106221
1037710778
158205162206
1102211423
638940
1416319164
188195191197
134199136202
129151130156
115144118146
1024010443
62376538
97190100192
2422126224
191136194138
178193179197
151151154152
125130127132
1113019130
138139142140
79228323
1111611418
680731
70747376
2215025152
9610097105
8011382116
1491815023
1737017672
4815152152
3323136233
91449446
15461748
1362913931
3223635238
1464714849
46504853
57126014
41096111
112185119185
2420325207
1858319084
1527315476
579959101
4715550157
1322016222
1687817081
1096511267
6721669219
1241412915
1092711229
45324734
6021164212
70237324
1445914860
5110354105
3515637158
7411476117
1431114612
8899012
4920952211
51438145
85438845
187146198146
46384940
127116132117
176122181123
27432946
3522038222
3620137206
168148173149
1415514357
190154193155
2024222244
5510257104
1818321185
9316895170
7713779139
3421237214
1572016121
102192104194
785817
1408414287
145198147201
68327034
57746076
189180199180
120107123109
141152143154
61736474
1674516948
112119119119
136218139220
144106147107
7010571108
953110032
175216
19798199101
12201522
4324546247
174127176130
078181
6521068211
9112695127
127123129125
3310735109
1088111083
20112214
7317982179
1291510
5212963129
3894310
3921242214
31793481
1275513056
01442147
106190111191
7322476226
1924619449
162208165210
1638716589
1734617647
1816521167
45974799
80898391
1956719869
3115833160
82818483
1575716058
128206131208
8851088
107161110162
57425945
56565761
18211843
1919119198
176208179210
1014711152
4817052171
54125615
516547
69107411
193232195234
0441044
123240128241
1162711929
179162181165
2024723249
75397940
75687870
195203196206
1818918292
7724580246
156160159162
1206512367
172201175203
1922119423
1527015771
9215694158
16221924
913611139
66746779
167150170151
10381241
98229100232
101156106157
97249828
3414036143
3911341116
1964919951
75107812
2424835248
60606361
1141111515
12971319
4916152163
49685170
4415047152
821711219
116183120184
7612579127
1178111884
5416857170
166237168239
7622179223
2411326115
4412147123
1275713058
6010565106
133136136138
1687017271
13921424
1557515876
17151737
1094711051
181202184203
190226191229
1666416965
7312275125
183217187218
1132811531
1367213875
028330
177173182174
73607562
5321756219
12163218
1923319535
198160199165
8911393114
4721649218
150106152109
183120186122
27623063
19641979
132190134193
192219195221
2813833139
1005110352
1068910792
2421429215
9711003
39334136
193115193122
2018023181
116164118166
3818540187
8921090215
7012772129
7424277244
8713589138
816813169
9310796109
182113183117
74517753
113189116191
42324434
194118199119
1699317097
2721130213
1675717158
1310114105
963610736
17751977
181188183191
196170199171
1902819330
11011123
61396441
165102168104
4722749230
5416358164
117222120224
1511716120
1968419985
187187188192
187131189134
101158104160
1423014335
65306831
97188102189
45224724
1228612588
919811201
7220575207
66536757
109192113193
6914072142
3221934222
90709272
6512367125
1602916132
195147198149
7120975210
140205142208
77837985
140182142185
32383639
71327237
6322166223
1906019561
67916896
1337813680
158207161208
1298413186
146231149233
9319996201
54325635
151163153166
4316545167
143181145183
101170103173
129140131143
1987019973
34313732
153153156154
6610769109
46434845
57396041
1599616199
122148124151
193241196242
48755177
655957
112240115242
6218165183
5718260184
154216157217
1810821109
263286
93129614
1323313435
1139111594
129209133210
17572058
161187164188
2814431146
116156119157
6914371145
01024103
11421444
01222124
9417897180
125170128171
1562915931
2117124173
7915382155
1432314625
5617859180
1268712988
125175128177
146173149174
26272929
33173520
111102114104
171173176174
910712108
186178188181
82498452
169196172198
92249103249
123138127139
1501015212
5816861169
7713480136
78638165
1165111853
1255912861
6824179241
82308631
20442247
80588261
8912091123
128132132133
114153117155
118216119219
693706
106222110223
652954
93489650
145171148172
11301153
7023073232
41414542
1455014851
7321775219
171151176152
5317156172
1114611349
30563357
9114694148
1719717498
197151199154
4916453165
5913462136
130246131249
52655369
112136115137
108199111201
90229323
1971319915
71457447
1635216456
157231160232
107208109211
4118542188
140233142235
988110183
120131123133
27902992
36723775
13371539
167162170164
59776180
132235135237
8613390134
1526515566
133222135225
179100183101
134152136155
6216364165
1519115394
3314835151
2717529178
45664867
1116313166
33873788
1146911672
126119128122
149130152132
1378713990
32823584
1841218714
35603861
154155156157
125144128145
185123187125
143198144203
1445714858
83188620
99167102169
5319957200
3816442165
7620678209
2019622198
139916100
135104136109
180177182179
434735
1201212314
2115324155
4916653167
199126199133
136169139171
1401314514
6410267104
1561616117
2116124163
48235125
175141177143
36273730
092593
104142107143
1561815919
157153159156
89259028
160159162162
8610389104
172207175208
62806582
4923560235
120116122119
168178171180
17362037
1524219243
6618269184
23902691
84878591
105122108124
40664073
3910343104
187249195249
4321145214
81158417
8420287204
76208021
2116823170
58605963
194101196104
5585711
180213185214
1965219954
15922392
7123474236
195136196139
4616348165
1252913030
1895019451
139228142229
155210158211
5915562157
9713299134
176119179121
3922041222
1423914541
160244163246
1963319935
4316245164
151197152202
144236148237
1638016682
1228412585
41127114
9523697238
37774079
1157411777
8911598115
4418648187
123140128141
1364013942
1551315715
132122137123
64326734
85549554
4512648128
4419446197
3317538176
57345936
57226023
21687169
98171100173
84678669
195126196130
106243110244
5817061171
113229116231
5722759230
11111215
1548715888
1117811283
175109177111
155199158200
195176198178
132197133202
181158186159
3819240194
1093911044
1049310894
43174618
112186114188
9424697248
1254612847
117208120210
7314078141
143205145208
6513668138
3215434157
163143166145
1774817851
4818150183
7515178152
132139135141
140168142171
72407443
1659616799
1123914240
68147315
139221141224
21906191
62058208
1144411746
2516628168
70257326
9113393136
40884291
78578657
1442914731
1814320146
7021572218
168165169169
143101153101
5412058121
12541286
496997
2918431186
1494315245
181199184201
1912019920
122219125221
74817982
7018473185
3121634218
159126162127
1264312845
1747717779
6319264196
1175411957
9515296157
1531015612
144143145146
974610048
153132155134
38924194
1554015643
4010043102
1931319614
01801185
7719579198
3112733129
1316513467
1636816571
717010172
141127144128
9422696228
24772679
162147165149
4111943122
121120122123
151140155141
744776
1388014182
140218143220
128201131202
117160118163
4522746230
8222884230
1438814789
41784480
1566715869
1117311475
1562615928
9324294245
140118142120
1622116622
1627216375
6917671178
4314645149
1483615138
5520759208
6220063203
2515328155
9321794222
492524
22962498
110129112131
166139168142
135124138126
913412135
1629616498
143184145187
7361237
1707517576
38304032
1245212654
18999191102
147224149226
9614699148
28763078
1326213564
115102117105
118178121180
21355137
114138117140
177180180181
1224812451
173197175200
157243159246
183242186244
3810543106
58565959
1237512677
2714832149
6913671139
1931519517
1777018072
138136143137
2324425246
48865188
1914127141
8321134
108140110142
4623248235
1757318673
45684870
3614939151
1520118203
193245197246
119198121200
2022523227
127712811
1615820159
396418
125205127208
2918232183
9120992213
15091579
100222105223
1868518987
30903392
1443214535
6210765109
197210199212
182106185108
912213123
119194122196
148215150218
8019182194
1220014203
167206169209
160155169155
7222777228
36814182
1442014622
129119132120
01042107
163169165172
1891419216
168194172195
1312113422
177158180160
181229184231
44104911
259927101
1162112022
185202187204
113711410
1624619247
1304813350
1184512147
156110158112
1712317424
9517197173
34113713
1206812370
6313265135
1914027140
8514588146
103114105117
16651967
1231612519
136185139187
65836786
7411177113
129176132178
1696017461
104213107214
31225124
11152118
135188138190
1146611768
89299430
128237131239
197104199106
136221138224
69487150
168145171147
1476415065
2114424145
103161106163
57176218
8521789218
6215865159
110149115150
44124614
1276313065
10531355
85128617
99113102115
27403042
641943
1566415866
162238165240
21754177
157180159182
336637
1591416415
2419826201
3222535227
6819469199
74647766
3811940121
1752317824
2511627119
10661088
108214111215
920912211
193140196142
8712888132
190243192246
6413966141
41764677
4719350195
194114196117
1833718440
987210075
188139192140
38114312
157194159196
2110526106
79488150
99164101166
136172139173
189819111
55535855
179139183140
5312656128
36173918
1704317246
119137122138
1510320104
4314048141
159163160167
8912990132
522824
148220150223
16821695
6023964240
13661389
73877490
1366813970
115174118176
073177
7916182162
180203
284487
119141122143
41787179
133181136183
8518687189
2319226193
51586161
1611016411
22192521
2410231102
1011511119
142914510
21652467
6314565147
1118014182
9451745
1666116863
177226180228
3224237243
3719840200
1619118193
173191176193
119175121177
01604161
9124392248
42204423
185130186134
31953398
140230143232
1482515127
1736817769
18192121
13141384
1317615179
1422715232
19952695
75987899
596628
132142135143
22632664
292307
168124170127
1578216084
99212101214
187213192214
107150109152
133167138168
7914081143
121222124224
1392214026
56875988
164203166205
1166311965
7417882178
4614749149
12711302
1233412636
16131915
1144211843
177237182238
1849618798
98199923
12881490
24922694
8724190242
184163185166
42349235
231433
41837185
9181121
9117693179
8522887230
6217163176
2118626187
157201160203
1277513077
7023381233
1623419236
186103187106
31133315
1437214674
783824
02043206
138209145209
134231137233
64946697
49655167
21772379
72098213
185113188115
107207114207
122178125179
3519538197
1513918141
85478849
182152184155
424446
44864788
2723029232
194111196113
1304113542
1611219113
613915
147196154196
9419395198
54915792
1837018771
103196106197
919411197
1741217714
4923151234
210261
124105126107
109109111112
37643967
87508953
1920720210
7423077232
1155911762
29213223
9321195213
1212712429
87268831
151215153218
186199189201
8010282105
3818840190
1148411686
116215117220
113106116108
1307013372
56775879
2923731240
188217192218
148198150201
5251225
98215100218
115109116113
1471914823
1969319995
3511740118
3624738249
9314195144
1309213992
81558656
2517227174
716010162
157100159102
25402643
1863218735
9016892170
9614398145
75717873
30693271
36194120
42134316
1816618271
195196198198
4115043152
1952919930
139165146165
1714720149
1385914161
194120197121
9010192104
81118413
34763678
1452614728
5511158113
8512588127
2210825110
141149143151
119146121148
119163120168
7418576187
1523718239
1379414096
45254727
1162512126
48825184
9018092183
128234131236
6014562147
169140171143
61926395
129224132225
7717478177
1635716658
1154811850
53425643
1573316034
34973799
1942719928
3813842139
13961419
137202139205
9520796210
9621198214
8310185103
1486915171
3023231236
21282232
37144016
68807083
59712
168189170192
157172160174
3612938131
161105163108
4615951160
139109143110
117106119109
01093111
114225117227
90159317
4217543180
68266929
1663516936
37383843
183109185112
4412945132
77227826
8324186242
150225153226
163159165161
12911493
1036910572
160115162117
77927994
094198
1412614427
148161153162
133219135221
1264012942
92829484
163206166207
7716380164
120185122188
60346336
8598711
118220121221
1123714238
2610728110
6321364217
1756217864
4314245145
14899152100
8418187183
1066610869
149183153184
117191120193
5324156243
1866518967
1754017841
4921254213
31533355
176217179219
95819784
2422629227
5619159193
108202111203
125197130198
145167
1714817450
18451948
7322075223
1328213485
1919619498
40744375
6412665129
160219164220
187167189169
191223199223
1073211632
6917972181
13601383
61878189
5214655148
4221844221
3214534147
2122023223
747779
8315586156
13241527
57846086
8212187122
3483710
178918011
194105196107
46634865
7618978191
29253426
