1740
5914060145
119233122235
3493611
1563715939
6114966150
182241185243
36474148
1478814991
260311
18521884
81358437
87818984
6814271144
6113564137
130172133174
1231312615
8711073
3918740190
1495415255
109206111209
1568516086
8315486156
173240176242
99237102239
2322425226
170137173139
1465414857
172216173219
51815285
3621939221
1105311454
3615139152
6210264105
1917321176
1965219954
4019543197
32593362
7814781149
2620728210
104219106222
1727617479
129123131125
3121533217
492523
1464414946
3223135232
15911892
6513968141
62146417
92879588
35553658
258560
1516318165
165121168123
41554457
20222126
1017911182
1255912860
1091811419
145201147203
189203191205
625827
4324146243
169239172241
7722279225
37284030
1132911532
6012761130
61258127
139181140185
314616
1218514188
1312915132
1929619598
111233113236
8421186213
187179189181
110100113102
1954819949
1811920121
1827018771
71837684
51535356
1788217985
197212199214
1203712239
122130125132
3920442206
64836785
166241168244
66207320
18431948
19642266
1879319095
1931819619
1616616468
100100101105
2922731230
1473615038
142116145117
1656616670
1807718379
4118743190
15241726
1843918544
32343437
16682069
8115784159
2114426145
19001932
1619621197
1204312146
7110573108
70327137
52008201
7224173245
19712472
37553958
119247121249
2910034101
1411314218
7741275
189144191147
100134104135
1745717660
14321833
120201123203
102191104194
1163111933
1353713839
3924640249
7222074222
137210139212
7220575207
58155918
1069410896
5122854230
1922522226
32933595
1922922231
194126195130
83908891
137242140244
01622164
1895719160
7521978221
5120653209
185102187105
150148153150
127150128153
8124484246
01548154
1258612788
1106611367
25153016
1518516189
182217186218
19332136
1333113534
113122116123
137157142158
183156186158
141221142225
182104184107
330353
1499215194
1624319245
1704117243
1615916660
1403914241
5018453186
2611731118
169234172236
1228412785
369838101
6517770178
9614498147
6123764239
65136815
79158217
160191162194
8122984231
3911542117
5016752169
9301133
122179124181
1424914750
2019823200
107244110246
7818280185
7113474136
8396
085387
169120172122
148234149237
5423456237
58776080
157165160167
21265127
72557556
1088011182
26762977
102181105183
151195155196
1173412235
3319438195
8123684238
22212326
129152134153
1219515197
1211112216
18572159
108201111203
60346236
1291613218
8921992221
145175147178
1114913152
160120164121
102122104124
12541556
939510195
4521447217
107240111241
6815769160
90199321
1703817340
44894990
5011653118
918314184
3986100
1023610637
4720348207
1391914221
1513420135
162211163214
1415517157
1681713
1748017781
7087310
161102164104
1916322165
144103146105
8817890180
2524128242
84858688
187217188221
957110072
40874588
1808218185
196117199119
141214145215
16522053
125205127208
1432114524
194109198110
1021412217
1421117213
5514558147
82938398
998910291
1786718169
3017031173
4911952120
124220125225
912612127
5813660139
195140198142
1333513636
1228812490
1799618298
170129172132
150235151240
173128176129
7021573217
116156119158
4418846190
9322695229
160133162135
1408714388
124201125204
124226129227
1445814563
1151911821
1123514236
1068610889
158113160116
144158148159
166207169209
1657716780
109152113153
107204112205
274306
8817397173
18599187101
60436246
8910391105
139233144234
4419548196
628831
195246199247
6513668138
160223162226
8712189124
1178811991
34623567
148119151121
1533615538
1922222224
100219103221
49125413
1766117864
127115130117
156194158196
182159185161
36593960
1724617647
1684417146
61656467
620513205
148178152179
6714972150
177227182228
6712870129
165192167195
158199161201
2924132242
194158199159
165112168114
2918731189
1763917744
21145115
1442614728
49505152
6417067172
134119136122
02093211
90699174
3093311
8112983131
5110853111
5517060171
196130197135
57396140
102188104190
1336313565
4910850112
84208722
153165156167
1409214493
44154717
53415543
156247158249
117912110
134240139241
194221195224
921812220
4717950181
7119673198
102242103247
1862619127
1281510
9021293214
3017433176
160136162138
161166164168
2814130144
65666967
95179918
48475049
1787018172
6922071222
1448614887
1955919861
177817910
77448046
183180186182
57116212
7457510
1818222183
50145515
106193111194
5723760239
130226134227
1020812210
02282231
8671169
1616018162
40234325
1723518238
29411
152145155147
100206103208
65436845
46664967
128207131209
169918102
160110163112
1508815191
119122121124
1077010972
138132141134
1142211723
3112634127
1151311815
9319694199
5513358135
195227199228
37674268
119125122126
93309632
15001551
1511717120
5319955202
141241144242
16632563
1523215533
156179158181
1526515766
9011892121
103202107203
8319888199
7811181112
192131195133
6624069242
6520968211
26252730
27102912
172187174189
145198147200
168147171148
192164194166
117180121181
6512366128
174138175141
135129138131
4616749169
479682
161175164177
126121128123
8221124
1434014642
44524754
1113911640
161113164115
70647168
108110111111
7223675238
7421779218
8115286153
8713688139
65906892
153169156171
2622429226
151193155194
2123424236
102178105180
7824080243
57325934
4622048222
3722240224
5215755158
1446714572
172176173179
01743175
1332413527
4921951221
3811840121
183108186110
154221156224
100229102231
163226165229
97201100202
167230169232
4422747228
61838185
2317827179
193173196175
1338413686
107222110223
1681617217
51755378
1586316165
50645365
199821100
2512928130
114100116102
187122190124
79910101
4418547187
1377814080
5824060243
21942495
3819840200
1755117853
6114264144
1956219963
83708672
1114611448
1702717229
25192821
1705717359
113160114165
10501101
2912030123
795846
120157125158
143247146249
152203155204
114174117176
30893490
96129914
96239728
13602160
103228106230
111131114132
52459246
159179163180
157207161208
88479348
1073410937
1516617169
112138114140
161220169220
1431514617
056557
1678917290
134164135169
9523898240
1664016942
134202137204
6920272204
2914932150
1029510597
193246194249
21672270
1101411117
42464548
1427314575
149158154159
72617662
5619758199
23652866
2010723109
7919382195
98226100228
35903991
172146174148
137228142229
4312846130
17782080
2416425167
1803918340
8520787210
08111
163221168222
1474015141
134105136107
116114119116
1374013942
1231112812
119913102
25463346
1298313284
181222184224
4010043102
8622289224
33233526
7022372225
115217118219
1188612387
111225114226
152197157198
141179144180
1362913930
3421336215
6712071121
26832787
3422236224
998310088
156118159120
1725017452
374576
3421037212
148200151201
1757517877
134161137163
7181020
13511553
154213157215
1174511947
138202141204
140190143192
184112187114
7122973232
119137122138
195148197151
194190197191
62238226
40694370
14061496
18651897
1961119913
5214554148
1546715769
115220118222
10601263
96859888
163144167145
91899491
1124115242
1922719529
1411217114
101186104187
102223105225
63946597
1024814249
177206184206
6720068204
9810299105
4117743179
97379940
17821804
151715310
32563458
194137197139
119141121144
187182189184
1496215264
246268
133128134131
4122643228
51455249
1973819940
3921242214
15499157101
1484815150
184152186154
1883719040
1188312185
6510467107
53905692
3511538117
1565615958
1027510477
36194120
1810421106
1658516688
154201157202
1184111944
620610207
179187180191
1626316465
569959101
1262612928
1179312095
55856385
194212196214
118149119154
11674169
149163154164
9016894169
9512397125
91499351
140103141106
1036710669
7424479245
60526254
162129165131
1634916850
3011133113
9624399245
1905319554
4414048141
9210893113
73857686
9421399214
186199188202
116117119119
1465914961
170104172107
56745876
24812782
2921630220
59766876
123123125126
7918680191
1592116123
2618328186
111218114219
1392214224
9210393107
114154117155
91529553
168127171128
396409
159202162204
4920151203
20892391
1415116154
135113137116
13101342
31016103
182138184141
7213975141
1495615258
116182120183
1698417286
98160105160
6322765230
195143198145
026327
108134112135
137213140215
46375138
54775778
106124109126
164169166172
4912154122
73877689
1883219034
28223025
142135145137
7617078173
1186712268
1964619947
20812382
1224212445
194819710
9014192144
158215161217
101147104149
7212175123
4410645109
7518577187
1154511648
1924219445
1717020171
101119104121
1254612848
5220355205
42384540
128217130220
1186912171
193177196179
8724690248
670702
8616289164
1112011421
021323
676977
1583016132
14311454
6324366245
1176111865
424529
24222724
2316123168
7819981201
1207512377
8923393234
101198106199
172185
1226912471
1003210433
5421857220
74357936
1784218144
421723
190175192177
5816361164
01702172
5418457186
693995
6910272104
178162181164
1399614497
130104133105
5024652249
2223924242
142239147240
196239199241
42274728
6015862160
01053107
9320898209
1006610269
127184130186
9220094202
191919311
152186155188
165217167219
764787
161163164165
171110176111
90819184
183209188210
2124322246
1009310594
9610698109
2223727238
154128156131
1864319144
6824471246
164237165240
1414119142
31325135
1715219154
1735417656
8523087233
1225712460
57886090
155148158150
182135184137
98119100121
739874103
3416837170
12999132101
9111594117
8611589117
145166146171
168144171146
84328734
10521084
148209151211
819511197
157171160173
109136111139
1514518147
4717150173
30333137
1425614557
4718849191
3024435245
4616048162
50165318
185137187140
1665516956
8121683218
53445646
484525
114151117153
1847818879
139129142131
130149133151
35843787
40414542
28263029
9313396135
1932119523
712812129
1177212074
1517415476
145129150130
162161166162
1622116522
186159193159
8320088201
14198142102
7322576226
8814795147
112240113243
1426814372
171202178202
87289030
121212126213
194188199189
164146167148
1713819140
115160117163
1238112583
85478750
8013882140
100177101182
715917
109247112249
1158311786
1465114953
157178164178
1099311196
1253012832
108235110238
1187812081
146214148216
125217127219
1696917370
3514237144
2819729201
3617139172
1738417686
4424445247
4317246174
8514787149
173131174136
9013192133
92689470
81308333
1897619278
173151176153
142132145134
191160194162
106195109197
8817091171
156145159147
166166169168
1054210844
4913352134
1629416596
97185100187
8398511
6720771208
85358837
1614516646
152238159238
94609662
6518667188
109149112151
811211114
13711574
8016383165
2410827110
1554115744
133208136210
1811120113
1092011025
157175160177
115128118129
1915119552
84288631
709872101
46394842
17801831
20142117
1369513897
12381639
1675916962
1977019972
143143146145
148238149243
133211136212
053355
127175129177
61989199
1673617237
175173176177
123234126235
2020321207
194120197122
32183520
343446
1135511557
136177138180
168178171180
102104106105
61916296
3613439136
317012170
159205164206
1219412397
112209114212
4821051212
813110133
1106811369
120118124119
3514939150
195104198106
100158105159
120113122115
3315836160
3715739159
136101137104
1615716658
80228323
1813021131
1549615698
16622362
1276912971
1493015132
2923334234
58686170
99232102234
166237168240
170185174186
3911041112
169181179181
148190150192
6313368134
3112032123
38514153
132196134198
1271313015
16541856
136167138169
146204149206
10241047
178130182131
171102176103
73507652
8912892130
2523328235
1863518740
7716179164
1945619758
1434714748
149715010
123159126161
1902119223
154139157141
4194411
17398176100
1696617268
87659067
83388441
6714772148
13581399
119216121218
1325513458
104237107238
166107169109
1827218574
9519996202
133157136159
7318276184
1345113752
2417527177
5212655128
1804718249
1516815371
9520397205
9312695129
4021742219
135238142238
163192164195
158160161162
42106213
1016210463
156203158206
5411556118
154715610
9410397105
161105165106
180210182213
4718249184
186160188162
44844786
2913831140
118236121237
174122177124
7421177212
210251
63266529
24922993
115225117227
47725073
1276413066
154108156110
5610258105
2414227143
7823780239
14398146100
175166179167
1121511417
1222315225
1928219484
6416767169
122212222
1545015752
1584216045
22972599
628669
12241426
539955101
72737575
29533454
16571708
14631495
170155172158
630662
106177109179
166183167187
7812780129
21272232
1162611927
1414922149
133189135192
146124151125
138246141248
168176171177
1146611767
1403314236
192142194144
7019972201
38854386
66226924
185229187231
162234165236
2021122213
6921372214
1099111492
3722540226
82638367
1778818090
51725374
136111141112
7620579207
199103199112
120150123152
5013853140
5411057111
33813583
77408041
125143128145
1435114553
5723459236
277299
67167217
119148130148
673724
5511958121
1463314835
55976098
1249412597
63566558
1625316555
36434543
139161142163
9321695219
152199157200
1913819341
3314636148
174230176233
72787679
1056310964
42924594
46875188
1402914330
119223123224
36643966
4013943141
146227149229
105132107135
146193150194
132180135182
88229323
5424657248
9024193243
16898171100
123139127140
7217075172
61776380
122141124144
81388243
2715631157
1185112352
4323345235
129236131239
432454
129154133155
9624698249
5620960210
1581116112
189139190143
1019213194
1852018821
1362213824
3520237205
384415
181214184216
3214034142
84738774
078182
177128182129
40894391
19182419
53325633
129120132122
46434748
9621899219
1249212993
9519596198
1237212574
1658316884
191194193196
96171101172
20482349
126107130108
180180182182
191187193190
186128189130
1929219793
198160199163
140113142115
1073810941
179139181141
177142182143
4222345225
59756875
6024462247
1420516207
134230137232
1466914774
133177135179
18221926
1393114332
153179155182
105189106192
2392611
8020583207
125101128103
110195112197
154121159122
3714640148
188229190232
1616916371
117131121132
124912910
149189156189
1204912949
183197185199
8821591217
9321097211
083484
158100161101
1563315934
120111123112
13171349
167102169105
8920091203
91459446
1851018812
63526555
048251
1322124221
1511315316
119193122194
3015832160
5018752189
72647665
8118785188
150227153228
1191212016
122120124122
1351713819
4122043222
6211065111
102113103116
118204121206
168183169187
1017810381
7917882180
130240133242
44294731
3618039181
104243106246
167141170143
3321935221
1618516290
01795180
44974699
42194422
1310516107
1023810342
76557858
74117713
12641305
66866988
189191190194
1572416026
2111123113
8021983221
198177199182
190118193120
63466648
93269529
01655166
67467048
1705317256
50425244
168202170205
4821451216
7915084151
5612759129
1528615588
178121181123
191180196181
1802418326
85588860
66516854
179234182235
62386342
1772517928
6721769219
56415943
1246112664
1712621127
2221425215
121231124232
13501381
29383140
8118183184
4014942151
78918193
4119846199
160230161234
159816210
8814991151
141230144232
84928695
1304813350
18361859
6817470176
145109148111
4914152143
61127115
02052208
754957
02192221
1508015282
157223159226
105121108123
4212647127
62278229
16297164100
1471415015
1308513287
130160133162
139176140180
99235102236
83828683
02162218
179192180196
180132183134
12599128100
187150189153
1442914533
15031554
2714529147
127240129242
9622697229
7510078101
1535415557
119108121110
126221129223
69927294
2416126163
14461747
1679217094
1868818891
70857288
1528915491
6918074181
140148141151
35373740
1047810681
2916430167
5414057142
1446414766
1252012822
8020283204
1420217204
3512238123
4320546207
164199167201
31638164
5323156232
12401291
195236197238
1822718529
21515153
145241147244
196113199115
14701492
52348236
1031610717
131223134225
5310658107
1811918421
1467714979
1289412998
53935695
1967819781
157218160220
110187111190
118162121164
91609362
5413757139
49215123
136135139137
977810080
3923541237
452655
6812271124
6012263124
110103115104
130243133245
6122266223
1020213204
1005710259
2810933110
01292132
114223118224
162207165209
109158114159
152209155210
103116
122162126163
137224138227
85388741
4823951241
1217812282
10761378
2518027182
2615829160
2613828140
1115313155
149151158151
112207121207
16541686
89899093
1237812580
196221197224
78478149
1017310474
1427614578
1571715919
7851286
1351014610
29583161
4515047152
1312616127
75917794
1098711190
1241712719
174196177198
14071439
119221123222
158125161127
3516338165
168101178101
185125188127
106160111161
1656316765
6520566208
121133124135
198127199132
12211523
1094311047
1321715220
13481650
1336913571
103231107232
1514315247
66556956
5613161132
1433915039
138164141166
162126165128
72357338
9612699128
619864100
157221162222
5221453219
125134126138
01371142
157168160170
29503351
87518854
96215101216
125118128120
1369313994
102175105177
4923552237
7111472119
159195162196
1720519207
4418146184
8524490245
4519146194
127243129245
939894102
17511774
102209105211
4216245164
142148144151
111220114221
138109143110
12198124100
1351513816
1362513926
183128185131
2817731179
33303631
834934
78298032
194114195119
1977319975
129112132114
5816761169
77268028
154106157107
1618117184
1268112883
7917081172
138122140124
1458314785
90789380
161151162156
166227168229
161117164119
183226186228
2111922124
129126131128
1623616637
122205124207
172125175127
1927119474
32055207
1911219413
2220224205
3618541186
77378039
4612148124
160238163240
586618
14021425
191125193128
145146148148
811611118
128181131183
192102194105
9224595247
5522357225
9023892240
1302813231
1937619578
129102133103
171133172136
52188219
97969998
9399611
417458
9218494186
189169193170
13131515
6024865249
1966619968
4822750230
192233194235
154227156230
1889819199
130199135200
9511897121
1431315013
4210446105
32184221
9423298233
6816871170
104239106242
170224174225
1731317714
31783679
191231195232
189217194218
167171169174
153216156218
1431814520
128138130141
8417786179
721110213
242264
129134132135
95339934
1069010893
106146109148
172243175245
51678169
191226194227
22444246
1856418669
44724674
6922870231
73247626
147142151143
78948196
122168125170
3820140203
382423
102102106103
1710719109
178137181138
37314232
362376
99117104118
1212712528
152239155240
98210101212
9219097191
141175142178
1512218124
194167199168
180229184230
25942895
107187109190
150131153132
1509515397
1253312736
32383440
131220134222
3319638197
423712237
8314086141
122164130164
163158166160
8417387174
37104012
187132190134
151105153108
1322717228
165110170111
4920450209
4112044122
153155155157
147101150103
1433414536
1752117823
8918193182
110119113121
9418197182
6411966122
1623918242
74427645
44124714
5911961121
1365813960
1191712219
69767179
60316233
9511598117
6120964210
107103109106
196231199233
145150148152
112107116108
106136108139
750853
1428014582
159246161249
241742
6113864140
9213697137
6417367175
95899891
33323633
5321055213
024325
1943619639
145230150231
19071938
1589616197
1038810591
663866
32433545
01762178
8714089142
56355936
1123915240
169243171246
15831615
154174156176
3511038112
8212583128
067568
75977899
5916162162
1746917771
9523698237
1076710969
1834819048
128179131180
69737175
44694671
271772
197204199207
4812551127
425456
1487115074
40644366
1876619267
1783218333
34713972
9516097162
991910221
24482650
6315967160
112199114202
8217383176
19272032
1149811999
71718176
167247169249
1920822210
2320725210
99910410
1348713689
171190174191
1888519186
104142107143
113179116181
516547
132108135110
107228110230
2514828149
142169144171
143138146140
62686470
1128611390
120145123147
6618368185
1406814172
1397314175
82488451
157227160229
117101120103
138218140221
1552715631
36233924
41604462
191228193230
1038210684
1462914832
3524638248
41095113
1106311365
9417897180
184176187178
105144108145
171142174143
1864518947
6824771249
1743117732
