1754
1802318424
189218191221
9112494126
117195119198
1783218134
1924919352
8523589236
111220115221
107187109189
125206127208
6023762239
104177107178
01203122
4512046123
8219384196
62339235
01782180
1304613348
1099411197
2923731240
38844185
1687916982
1753317736
93229823
1537015475
1071310915
87109012
10931125
2420526207
7617677179
68237124
02402242
1523915342
112105114108
1014213143
121220123222
1399514297
591010
97859889
165185169186
1533615638
192142196143
124187126189
8315286153
7810179104
156122158124
167159170160
171130176131
992210224
1075010953
3712740129
1422614528
8314986151
5010853110
2412226125
96139915
101173104175
19561979
19101942
1621618219
6814770149
2082210
6313966141
8115584156
6318865191
43774679
1707117274
1473315035
185119188121
183108186110
6220464207
1121014211
105184107186
1202412326
135190139191
7824780249
8823291233
8817991180
100209104210
107126110128
32863489
137210142211
1544815651
5410956111
108129110131
3413336136
24232528
175238178240
105133107135
42534455
73257726
107202108206
138243141244
165156166160
1105111254
5915262154
114232116234
1426814471
601623
101105104106
1035410557
2615229154
9215395155
190136191139
120117123119
39124612
16421683
484506
1922619727
01363138
9622498227
66316933
156175157179
153227155229
1323915241
105124106127
34643965
1843718739
1077911180
1322015222
71887489
6920372205
42845184
515547
3211834120
189215192217
971810019
125200128202
46964998
187156189159
1954219844
89369238
1583816140
5621459215
162247165248
112101114104
1607616378
168127173128
9941045
137113146113
8821991221
2711729119
2720631207
183234184237
1376813872
98179101181
1906719269
1838918691
19202122
1685517156
1529515596
6917272174
18522054
127197130199
01671171
1076210866
1029110592
8810589110
9313996141
21932495
1381314015
1568516086
111188114190
1036610668
29213124
193155195157
87818983
144218147220
1735017552
185167188169
1707817380
8715789160
78408142
138207141209
1415114354
437459
4316344166
1315616157
6424567247
18399186101
1163611938
1171611819
7812781129
9024894249
1216412269
101176103178
32213423
1422316226
118205121207
117247120249
149232152234
1904019242
152116155117
3623538238
8020882210
67786882
3520936212
51465448
1219413197
10351337
4510048102
1858418886
2417627178
116122119124
151220153222
9020392205
126241129243
1854618847
189168192169
16271829
8622187225
999310097
1383313938
153119155121
110109112111
3521537218
1587916180
1699117194
124194127195
4420647208
180224182226
182214185216
195171198173
18812083
18621885
167102168105
111180114182
9217694178
5524258244
3112234123
1681517117
8817591177
1617320174
7317275175
2021122213
1621116414
9412897130
8612289124
1665716859
9316798168
31796180
175179178180
8761377
7818581187
12321434
51545357
6321266213
8441245
6210263105
192212195214
52103
168113172114
4422045223
118103121105
6924271245
5711459117
9518998191
176117179119
190158193160
81288629
48245026
1414814350
6910174102
15831606
111142114144
168816911
1858118883
38224124
2811130114
7322576226
155133158134
19662268
1767917783
1191412116
186237189238
183138187139
1835618658
50425245
1561616716
8724088243
139231140234
164466
1583616337
1538115583
138106140108
7022171225
19842286
156241157244
1808918291
131227132230
168199
160205161208
86508952
81658367
181129184131
155184156187
8113284134
1712719130
164109167111
170184173185
3716441165
699871100
5215355155
166153169155
1674417045
55775878
113225116227
102166105168
177156180157
726929
88479149
4422646228
682786
1348513986
1879319095
6411567117
123122125125
1852718829
19441975
172248175249
2322226224
160816310
185228188229
1074410946
1894319047
59386141
19182419
8312686128
1186212363
1513917141
1522718229
12051227
1164911951
19702272
3821540218
1316213364
9014892151
5316755169
47624964
807839
1512115423
1288413186
138192140195
16461678
121240124242
2920131203
3210135102
4418247184
23522653
1619416396
2414527147
2019623197
134186144186
1127811481
55365937
8712590127
51255328
27903092
125100128102
622310224
103148105150
5812761129
33583660
5817961181
106172110173
162125164128
162177163180
1075710959
3114934151
178217180220
1622216524
129201132203
37594160
1367313975
5120454206
1123714238
1243712739
2412925133
91889391
1915819559
7320576207
1761517917
169121172123
110160112163
103136104139
118181121182
51978199
345367
179185184186
124118131118
25392742
963110032
170201175202
99122104123
1073211034
1345213754
9016192163
22202522
1155612356
1337013672
5118654188
90509451
722712228
111811410
100136102139
72737476
153225158226
8611591116
4317445176
1826718568
140155143157
487689
2518827190
059460
172110175112
186241188244
31777178
62189220
54175620
140114145115
31313432
4217945181
102197105199
5996103
1788118182
8711789119
119173121176
1709517397
5821162212
163210166212
1427514577
120212123214
9223494236
1603016331
68157316
93849586
4711556115
2223926240
51528154
179200182202
22472549
2813531136
4419746200
1439814899
1810421106
1215015152
75737775
166239169241
7320874211
96339835
1006510268
3124133244
194184197186
67687269
122143124146
47814983
197141199143
1374613949
4820550208
119146121149
34663768
37293931
8322686228
25932796
88329035
919611199
61736674
30183320
3117034172
1419117193
138203140206
92269528
174223177225
3517737180
1489015291
50815383
129204132206
1463014932
186146189147
8321886220
99164101167
8822991230
1312113622
6024063242
177192179194
823845
190198193200
160166163168
59176022
085387
9820999213
1921519418
1156211764
1852118724
135161137164
50655267
818211184
44464747
7617179173
120198124199
107159109162
11201152
123133126135
100169102172
491523
153102156104
5213155133
133130135132
8021282214
196194199196
139814210
38814083
6623577235
69607065
9420796209
6113770137
1813820140
2014323145
51348136
59646167
3010040100
158147161149
430732
56105813
3620038202
37323935
195218197221
5318256184
4020343205
148236150238
171115174117
2418125186
5023451239
101200106201
1106611269
1159311697
82798482
109611011
101228102232
151196154197
1569415897
12261329
157139160141
148182150185
154161155166
1265513056
132217135218
7223775239
415446
173102176104
1737017871
7597811
1911319614
8814391145
153153156154
1259512797
1178711990
139166143167
6218066181
1938119683
5822959232
5317955181
52467249
1311518116
135167138169
4015443156
719210193
41414542
175162177165
19152217
12354237
32286229
6514767149
5012053122
1104211245
157104160105
193239195241
9624398246
162237165239
162119165121
54815882
02243225
128136130139
95499850
37574158
159211161214
196212199214
6516468166
812012121
1212712429
143143145145
118178121180
2220824210
8010983111
800832
14601491
113195116197
198174199178
80458248
181155184157
1822321225
5914961151
9217394175
78748175
1620217207
42874589
1366313965
3217534178
1218512487
69397340
257558
131105133107
45504655
5124054242
1595316057
2410227104
162169165171
19031935
1608816389
101116104118
6018362186
3023331236
157211158214
53665668
106143108146
138161141163
120120122123
145176147178
9711003
1133311535
56495852
1643617136
1307913282
90249325
1203612338
1645316655
4918750192
1157711879
50915393
5517059171
2817631178
126122129124
8515588156
1345913564
45714773
107104109106
1555315854
6821871220
26252927
177166180168
1747917583
656957
9222695228
1782817931
1049310794
29411
118244121246
133201137202
7713180133
162213164215
1929619598
18612561
2417227173
190161193163
38884190
6816070163
171215174216
187109189112
1573316035
26212824
8916892170
158239160241
84148616
168229169232
192242195244
1504915351
1786418365
5117456175
178199189199
156227158229
4214244144
27433045
1244112743
8721690218
8781180
5012552128
145214146217
148170151172
37914093
1562215825
1504515347
5619058193
99225100229
2010923111
147201151202
7917484175
127103131104
1572915931
109239112241
1708117383
18782180
54145815
1462614927
74277530
7116273165
1736117862
131231133233
1405514258
167156169158
135192137195
179187181189
139100142101
185246190247
195138199139
11381242
01283130
4520347205
2817933180
161175165176
62309232
8671070
196168199170
4316745169
189211191214
76177919
3617039171
10121043
6321465216
136130138132
9015892160
6613269134
2456
8513488136
172242175243
1361614117
764966
164137166140
163198165201
180172185173
7410375107
44444945
4211245114
95569957
1774617948
116166121167
132191134193
10551086
1419918200
1436514567
968310084
63626663
122205124207
150114155115
1434114643
1418014482
39504152
01423143
107212110214
02123214
102145105147
82408641
37144016
182161184164
16881891
153194156195
183132184137
929794100
33793581
5915562157
4918352185
62059207
3511837121
912212124
1611219114
1823218534
198215199220
190146193147
023325
182175184177
5319055193
51897191
6821571217
1521119212
142214144217
1497415276
240263
1406314266
128112131113
5916162162
1423114533
4519447196
173151176153
187178189181
67887090
1392014221
153180155183
1121411416
6618969191
2223424236
3619738199
8720990211
118100120102
41946196
21553159
5711960121
144165149166
98196101198
2714930151
96679968
1802818429
1151411815
73347635
164103166106
2615729159
111228114230
137240140242
1433414636
94879689
7221777218
5314654149
101142104144
2612628128
6323065233
27643265
153230157231
9581161
4719751198
1537615480
720010202
1221212514
26282635
1119013192
54975798
1123414236
93479848
180114183116
1255912860
81308531
61796382
5021952221
4111742122
13971699
1244812651
15101911
30113214
1253312835
163141166143
159122162124
109152111154
8024381246
1626116464
67436848
131126134127
63596661
2211325115
187202191203
3713541136
3023033232
1643016633
180158185159
1924722249
1889719199
4013941142
6820870210
56385840
198160199165
6211263116
20112114
8522987232
1861618918
165916711
2313826140
96809882
1410117103
169198172200
1317220172
153158155160
40534156
125136127138
157125161126
98145101147
148148149152
51895690
1931019612
192123195125
161240165241
9018994190
7224574248
7720879210
134147139148
4813849142
184184193184
19071939
1636516567
1696217164
0031
998910192
6412365126
178148181150
1615119153
1695217154
1624219244
174208177210
53715573
19262228
1772517927
17611792
182121184123
166207169209
4010341106
1411314415
4815753158
4914351145
29343236
1671916922
62696670
196222199224
17322034
9019393195
1185212353
7224074242
166198168201
1027010572
186114189116
0243
1666716870
95909892
1719519197
12591461
22342536
91109412
190180192183
1127011572
177103180105
054158
99102108102
2621528218
138199140202
1204712349
180117191117
131149134151
39285028
312343
3921244213
1354113843
1676017261
1457014772
7321277213
112153
41227124
998610288
131145133148
4121444216
2817030173
129239132240
162161164163
154205157206
117148118153
1832019420
1692917131
1636816570
140190144191
717212173
5320056202
155109157111
165243167246
1578715989
148177151179
133154135156
193245195248
2416827169
36893698
2419326195
69527155
1713318137
423725
84668669
2316326165
31903393
1321613518
4210845110
55925795
899891101
119162120165
183126186128
75137815
5021252214
166172168175
129215131217
157152159155
73787680
171118174120
1245212754
158169161170
2121425215
174197177199
125103126107
829883101
179145181147
1529715598
189126191128
26152917
1501015511
59796084
972810030
3020932212
145162147164
6214465146
1517015273
151163153166
1073511037
5120754209
02484249
912611129
1484115143
4118944191
13821433
177226179228
140158145159
4810351105
02433245
15151816
73367638
10621463
4913452135
02305231
1451314815
820810211
95609763
1014713149
1258412786
10999111101
1129311496
1828618488
43214623
3423037231
1921520220
61489150
01233125
81928295
70121
5214354145
816111162
22762578
103169105172
101810410
462963
119132122133
823610239
80528353
1213012432
1298713190
1307013272
569959100
1718020182
172162174164
1497715279
90529354
1581916121
2713029133
90829383
104225109226
127209130211
1789618198
1344713650
169233173234
4617849180
99223104224
195114196119
5410656108
1169812199
193179195182
8715189153
11299115100
166193169195
155137159138
98175100178
1805318355
159111162112
1048310685
141199143201
77968297
121190123193
21812483
1307513576
1023215233
177234182235
1257812683
259726100
4112944130
41914393
1123611537
130176133178
1586216163
19501973
1446014762
1335613658
3620337206
49685270
8913292134
1657916782
5412056123
21816182
8610289104
137212141213
82338535
194187197189
141195144196
88849285
35863788
10701102
75207822
3523937241
3923241235
1392214224
109208112210
6122565226
94529654
7511177113
1448714789
116117119119
1947719978
127153132154
27602863
1078511087
104187106189
174170175173
067171
121217124219
140182143184
111212114214
1444714650
020720
1135311555
4119544196
30373339
1944719649
1647516677
6616768169
113120118121
127114130115
1704917251
1029510399
1514617149
1741217714
142248151248
142160144163
7916881170
147205148210
849886101
1495215253
1596516266
577599
92609463
9721999222
1394214244
1857518877
79688369
154167
1379213994
116143121144
1074710949
128183131185
132161134164
5024651249
135140138141
5610358105
125139127142
51298131
6220065202
80118313
7518280183
48725273
1893519436
4613348135
139139142140
159119161121
94809583
186210188213
87419142
147189150191
3013032132
6698
42218222
1725717758
1696517167
55605762
1138711590
9521097212
1831618519
6717669178
156180161181
2417027171
2120224203
56866087
8123684238
3522436229
161101163104
180196183198
188150189155
169134172136
3212735129
153216155219
87948899
915111153
14931696
57906291
107199110201
159233161236
8417086173
180191182194
6223465236
196239199240
2713932140
7422977230
1183312135
1729317594
1663716741
611210113
11334135
1402514129
190185193187
1120115202
5311256114
7871887
789881100
9718599188
107107109109
170144172146
85568759
136196139198
1172812030
9523498235
1864818950
31963399
6411266114
1041110812
9514497147
174244177246
21504152
109193114194
175217177219
6424067242
9613599137
161105163108
42504452
1857818780
104194107196
1727517477
63546655
165227167229
155210156215
42604561
2523128233
170139173141
99191102193
173113178114
1317315175
3710639108
27532857
134214137216
7416575168
1488415385
79228922
1448414786
17171749
271772
967999
1314313445
1511515417
1414217143
1219612497
1536315566
1371913824
6024365244
1436314864
138247141249
1793918340
36134613
13261348
139216141218
85888889
195106198107
8020382205
1738417686
42324434
148215151217
175122178124
1093811240
112138114141
1035810660
18301881
421922
144199149200
1967119973
66347035
8113584137
6520368205
33823783
129200137200
145179147181
1432014523
2223124233
46424943
74397741
151133154135
1829218594
71859188
9715698159
5520358205
123165126167
106164109166
33113514
103202106204
69447048
182208187209
86308735
1409214394
092394
1462314825
58586061
7019972202
3824041241
5017052173
49505153
177206181207
45854886
3214137142
164145165148
061363
190148194149
4122643228
98124102125
1379513898
134211136213
109132112134
174231176234
8419786199
33153617
1461814920
4717149173
109115113116
6811969124
1919823199
61476449
115188118190
719411195
1375914061
157185164185
1417214474
116218119220
3211537116
103192114192
41846187
6021462216
4312044124
128207133208
160189163191
189241191243
3423535238
156156159158
7714581146
98719975
1789218194
1133811541
63326535
118234121235
195149197151
1744517647
33473649
1624516447
4221943223
578781
9318696188
14431484
1659416895
82908791
48785180
75517852
1927319575
182241184244
90209223
72477549
104151106153
163112165115
205236
50155317
760792
179178182179
1935319655
1156012061
49595261
5210055102
122147125148
110234112236
1315213355
69817085
147192150193
15321636
1788717991
167219168222
2117531175
136100138103
138178139182
46924993
61409142
66496951
8814091142
6320865211
179921100
69377238
6811773118
38394042
2821932220
1038610588
182210185211
1737217574
170203175204
7221973222
1076710970
186161189163
105115108117
1518715389
1962819930
112204114206
4117142176
61756975
6824671248
105138107141
41144316
134137136139
1328513390
61866488
1557515976
128194130196
159244164245
1712420126
1666416866
122172122180
19872289
176241178243
160152162155
135189142189
5412857130
167142170143
196244199246
8222984231
9111196112
1496415265
1383914340
78268028
124184127186
3611139113
1906619766
2112223125
125162128164
67767177
61226225
173135176137
4921659216
124210126213
3618639188
148136151138
91559457
1721517517
176125180126
1034110544
5613158134
1375014051
148218152219
17632065
81878489
120169123171
179236182238
1147311676
104131107132
48765377
5022854229
19902292
1802518526
229724100
52127215
158247161249
163153165155
1417815183
189191192193
57435945
200231
171205173208
117211119214
1581316115
154169157171
188173190176
187194189197
913011133
148161153162
118126121128
2712535125
26362838
111148113151
4418546187
99245102246
1861919419
1755917960
1078111182
1252812731
3416035164
88459246
1863118834
77368038
1953619838
1495615158
7613578138
117106120108
1132411825
189208191210
1845318655
01172119
026328
8017283173
1677416976
6318466186
9018692188
3210339103
1128511786
137117139119
1654216647
1797018173
161202163204
176183178185
3618239184
21113114
7616678168
1743717838
7111174112
1097111075
1041410617
162158164160
113174118175
531554
6015865159
492794
7013075131
1301413515
163181166182
1418615190
1036210664
79498151
39434344
176247178249
61258127
1726317465
1043010534
184182189183
12541456
179110182112
1134311645
2119123193
8521387215
1293413435
193194195197
7920684207
51225424
1237012474
141170143172
105209108211
763814
901933
1033510637
1197612079
50625364
111145114147
71657467
115140117142
154192159193
1689817399
2215325154
8324484247
157194158198
99194103195
43104811
9210593108
17999182101
721753
9222995230
31403541
1755517956
127167129170
169102172103
8320286204
41115114
1467514878
100211103212
8711272
3022533227
157219161220
134159139160
185140186145
8821391215
85788682
5212459124
139111143112
156117158119
7123376234
146133149135
1348713988
2016125162
92589659
11581189
9222095222
134206137208
149227152229
93659568
179247182249
52087211
4018543187
7711487114
132102135104
97230100231
8211583119
40324135
2918131184
155149157151
7113274134
13299135101
192218194221
1353013832
90117100117
3021333215
174141177143
136183139185
160182162184
120208123210
1323013433
190194192197
121200124201
172105174108
117129120131
1418714390
178208181210
4911152113
116170119172
5118962189
47494854
3817741179
144201146203
176190179191
92299531
1575015952
7810879111
1673317134
1827918482
31926193
97199100201
1179612097
30753476
122181125183
718012181
193165196167
139109144110
276308
1561015912
6517468175
109202112203
157173160174
3722041221
59926493
1757617878
139219143220
4024543247
194112199113
3715244152
124812511
104112107114
17495175100
124129125132
1027710382
1123011532
159133164134
40294231
178141183142
9010397103
1512016125
4174211
3820643207
192202195204
1064110943
144192146194
80178220
15551856
1820620208
09114
8811393114
1261112913
152247157248
6617069171
28933096
8717290174
8320986211
37174019
18462148
133115138116
21475149
1125711460
133120136122
88629164
5021054211
1974519948
108140111141
192126193130
4712049122
986310264
143173144177
4719952200
9515696159
142212146213
29823087
1668316985
157246164246
4911854119
8619189193
30583260
12961318
27323033
1179412295
7319378194
184196186198
13941426
1022913231
159196162198
104212105215
29563357
14931524
47225023
129162131165
1762917732
128179131181
53585461
8713790139
2714131142
1313416136
1099011093
3024532248
5524758249
163151167152
1261412817
8720389206
4820949214
98126102127
1418314386
23852687
1498015282
180119181123
171244173247
