1707
5718259185
8020482206
3814942150
110178112181
21395141
10961299
12001214
3313835140
7220575206
184104186106
196130198132
149146151148
1088011083
147134149137
8020782209
910012102
32403741
8212285124
4917653177
1021210613
6022464225
1499615497
919511197
7024473245
5821761219
1656216765
4021842221
171118174120
1074710950
059361
20752377
1118011481
5821360216
153122155124
19172120
1597516178
2322325226
1819920202
161148164150
83368343
14141716
78678169
1411514417
2918930193
134202137204
0537
140204142207
1115614157
129212131215
3812742128
186153189155
85958798
1732617627
73357538
9213394136
2514827150
1823818245
01471152
89869287
55385840
196184199186
95719873
1077411275
1013014131
1551315815
1562416125
105119107122
9023393235
4312745129
10301053
81598461
151244154246
8514788148
194220196222
104246105249
822854
6320466206
8514088142
1903419934
99116102118
118204121206
129176134177
144138147140
8723189234
104133107134
480511
184135187137
60526255
1648616689
2724230243
118127123128
4616248165
1613617140
117188120190
157211159214
2019022192
6624069241
66276730
01391142
3224837249
462963
142169145171
1714217443
2913732138
172129175131
154247156249
147121151122
107227110228
145178147181
1716120163
2118124183
747769
916710171
3520438206
181158183160
3617038172
1651416717
167238171239
7523778239
1088811190
4184311
4716650167
54825684
1156411866
179168182170
1018410685
094197
65476849
45664967
158205163206
1323916240
1584816050
139242142244
194198196200
8612689128
169107172109
13871688
1213314136
1614516546
21532258
7511478116
6689
1211912420
1923422235
95469847
1255812860
7220979209
27323832
489952100
145129147131
3922641229
7422876230
1443714739
125122130123
99105104106
5414257144
72039206
2117123173
1324013542
1449514797
50345435
175212176217
180163183164
85728774
7211574118
19061928
7616377168
1689017391
1952119823
165194168196
180918311
178189181190
152209155210
910512107
46254828
165231169232
17232025
7423176233
63536655
8124582249
1565416055
101167105168
3319838199
7713480136
148178151180
88749076
22902591
171157172160
1093111332
1078611287
129102131104
84169216
195202198204
31383439
10141046
139245142247
1577715880
7119176192
074276
123222125224
9416897169
194111195115
172244175246
6617769179
1461914921
6512267124
87399240
109245120245
79848187
148175150177
8024083242
1607316574
1767717979
964210043
8118184183
41674271
192228195230
1868119182
185230188232
1685917160
1019012192
146182148184
24142716
9617998181
8113884140
1615416555
1003710141
1608816389
8321185213
3024432247
1513120132
9111994121
1319216193
5419561195
157164160166
129234132235
180237184238
11401243
182219185220
1622416526
100159103160
1964619948
55505753
130180135181
7118873190
69767477
3923043231
14371639
176245178248
1214515147
15851608
159207163208
21295130
16661688
161244164246
4922652227
38934096
1410819109
34673868
109142112144
97225100227
1426114463
2918031183
8620688209
152150156151
126163128166
131245134247
185107186110
4410047102
1377813785
173159177160
1807518377
7791180
116167118169
5417457176
6024362246
186111188113
1012910332
1196012163
1169311995
4224243246
125234128235
155185157187
1143211734
184138187139
53635566
8416486167
138248148248
123163125166
107137109140
5916762169
1189612098
101142102146
484506
1168711989
14131435
1816420167
917212173
13651568
1069310895
5913562137
8315086152
6121363216
131169135170
1433014433
164135165140
4219244194
2214227143
2611627119
3013433136
2416327165
5320854211
144241147243
1788218085
4621749219
40644366
6911571117
121144
25522755
1975919962
141236146237
6721470216
28483150
181101184103
5522058221
62228224
183214
9321396215
67747574
126199129201
1788618986
169187172189
1043210734
3623338235
108200111202
41006102
5512858130
93159518
119236121238
1331113613
122144124147
1071810921
6613969141
108132112133
1676617067
121122123124
5817361175
161126163129
46214824
1317813679
61948196
1922124222
8219785199
1795618257
7391040
178242180244
1332713629
1123511438
5822961231
149195152197
109242111244
35363838
138169141171
2116522168
1252712829
144151148152
10911132
26362838
189168192169
47354937
144227145232
134165136168
1009110293
1943619738
106166109168
2312526126
105115108117
37904291
1611021111
37333935
111122114123
9013793139
2510427107
6416368164
8922891230
8210185103
105127108129
156209161210
9122094222
2816331165
93579658
7516977172
163187166188
1115314155
154192157194
1514118143
124208127210
129194131197
3314136143
113144116146
1074111043
86248827
135245138247
2712029122
1383814140
7715978162
4216044162
196237199238
7220775208
1251712719
106154108157
8020284203
15171549
81628365
163214166216
192207197208
1891219214
93749479
7012473125
2412126124
140113142116
1320418205
6217366174
1921123212
02433245
6561057
132191135193
193177195179
4417146173
175220177222
1304313345
3413137133
6312568126
61288130
1511015511
155115158117
02325233
4614551146
24582959
5517958181
4114244143
161916312
7113673138
96669968
5124754249
2817730179
1899719199
3220034203
1364113843
15499159100
5817661178
3513538137
167213169215
1458614888
1804618348
94249626
6123764239
2610029102
150173
71607363
110207113208
86479148
02373239
1689517197
196164199165
2417327174
122167133167
6614967152
190148195149
1419614398
70107312
196168199170
5119753200
1723120233
7301032
1075111052
6586810
1513320134
57236025
76527954
61246327
9212595127
846950
123197128198
8522787230
1243812740
9215695158
1314613447
123199125201
156225159227
4522248223
185142188144
4019550195
1783818339
7610279104
1561015812
3222333226
483785
4511048112
22172419
16641768
31146115
190153193154
184123187125
155218156223
101178104180
170169172172
175171176175
66806982
1271012912
9423699237
3211435116
1685617158
128157131159
1844318744
1818919192
175188177191
8520388205
99190102192
59346435
169145170148
8615388156
6512070121
5812259127
125215128217
83498850
5816060162
128223132224
1156711868
119149121152
823013231
69597064
6222865230
156197159198
76957898
154129156132
113152116154
4723050231
54575759
1394114144
146217149219
169179172180
8312785129
1796518266
154101159102
2921932221
41494451
141143144145
913611139
1186912170
1617020171
60936395
4922352224
1931619618
1222712429
70137216
126146127151
126205129207
43564658
88819083
58586159
1283213035
74257726
3318836190
1345913760
1138411587
16631685
157150159153
3610139103
3720140203
82298531
170125173126
185145188147
2815231154
115123117125
1583516236
60776279
1703617239
912812129
178137181139
82868488
1876318966
1865618957
38984399
997210175
142189144191
180107184108
83898591
119153121155
5618858190
118247120249
65226824
1831218514
100119104120
3616538167
117140121141
1707317275
1725417456
721753
1578415986
1955119753
1649416796
1302413325
4518548186
6313568136
166107168110
178158180160
9123992242
155133157136
174141182141
112197114200
116164118166
1112311326
24762877
8324888249
012214
684697
4516848170
25462749
104154105159
110206117206
57265830
1494815151
13181359
105150110151
51208122
1921323214
102212105214
101126102129
153167154171
72397344
5511456117
189223192225
12501281
113201116203
159133162135
96184101185
914511148
3411737119
82118513
7122175222
966910170
132195134198
1609116293
1018013182
9719599198
65866987
1548115783
104200105203
1039110594
191194196195
1027610479
127202130204
8222784229
110185111188
1754117843
1224512348
173184174189
2214423147
447469
1372514027
61248127
195137198139
2316626168
150225155226
1415914460
2323327234
174196177198
176133179135
176163179165
52205423
52245526
42524455
72129214
1924120245
5413457136
1044010642
91549356
1844818750
196115199116
132103135105
9099113
1511417116
83718474
1099311295
194191197193
987610177
1158111883
154156156158
169142172144
56736074
107186109188
1737217574
7413476136
179218181220
55145716
1278013281
1215612359
8513889139
189206191208
148113151115
150133151138
1749117892
6518266186
6721970221
923211234
119191123192
8624189243
1534515449
34503653
1667116775
85778978
112186115188
5020852211
174138177140
1523815440
1499215294
2616131162
199199199209
4724750248
55195623
1746817770
142136143140
160158162160
1608516387
112228115229
8823790240
1891519217
1569515897
7415976162
8423687238
174150177152
1718020182
89249325
18831898
194162195167
176817711
32623464
14498146100
1822118523
813211133
19621994
118243121244
14799150101
1351914519
12781481
133241136243
26252730
6524266245
4916852170
17731805
113166115168
2113423137
89849285
1631916621
425456
1498415286
140119143120
1042810729
1414814848
4821349216
1106511367
187159190160
7118472187
2310025102
116156121157
1937119673
3115834160
12399128100
3718739190
1654016841
7911182113
1457314581
130160132162
2013821142
8518188182
9751277
1311314116
185130186134
9231126
1781718020
183244188245
151231152234
8717690178
1122111722
2613129133
1822322224
177203180205
176125181126
1258712889
3811141113
3519138192
153111155113
7110273105
133155135158
1018713189
10461249
8417786180
3218335185
3920441207
119137121139
3015533157
7612981130
01291132
192244199244
1316514169
1465914862
1799218195
114191118192
189188191190
3310742107
116171120172
5117353175
8191121
136209139211
104204106206
171197173199
1256812869
5114754149
112118117119
195140198142
922111223
4216844170
8821890220
165211168212
6615371154
130182133184
1346113566
48805181
166184169186
122215124218
6724269245
3020231205
48755376
150204152206
169115172117
41978198
165159166163
172214174217
9520297204
8317286174
5923261234
1514115344
157158159161
198122199127
257289
34853786
1264412747
5020453206
4413849139
129143132145
157178158182
125143128145
178121181123
4520348205
1908519190
140233143235
3914642148
8611591116
1758017782
90669269
35263828
1323613538
97150100152
6211267113
6610269104
66626864
090491
173200176202
1526115563
330343
1548715690
110158121158
6220965211
3813141132
919812200
265567
24402742
1116512169
110194113196
143205146206
149715011
149161154162
13451548
159183163184
4113843141
20782280
136161141162
63766678
57775980
193224197225
67506953
127152130154
13351357
187129189132
7511178113
84178719
3714040142
1211512416
8621289214
4017243174
11204122
149152156152
42594560
170136173138
90649465
126179129181
6018361187
1931119613
1321613518
3319636197
1115811559
63836488
6720470205
1198012083
1957719879
50615263
1642816729
6719268195
9511997121
1263012735
7917582177
982210124
15231628
135233136238
137104140106
3911942121
199922101
123179125182
8311285114
171221174222
1515319154
149102153103
1786718169
16341657
184169187171
1811422115
1619416396
68307132
78808083
1721718221
1043810739
492523
1028010483
184203186205
11161167
158199161201
117181122182
179116182118
19592261
153143155145
124183126186
130218133220
88289130
1406914570
1119111492
1218712489
2311026112
1686217163
1184512147
146233150234
11031135
6813071132
1306213364
148242151243
97240102241
9123693238
1124511746
1502415326
1524717249
1354413846
1124211544
45294831
124187127189
95749875
01732176
108229111230
79438146
96399941
9018693188
185237189238
1167812079
7418277183
5622259223
1948019782
157219161220
19471979
3119134193
271772
113131116133
2513927141
1024810351
1219712598
4210043103
71237326
2421127213
1338313685
23432545
157221164221
137110140112
178817913
109153112155
1506615171
1336913572
4424345246
3522536229
112159115161
137195140197
51497152
45785079
44645264
6614568148
1027110573
7523683236
189191191193
46605760
95359837
76387940
68657067
1382214024
119195121198
6922870233
1355413756
131200133203
8717392174
1168411886
4314746149
1465114854
34213922
26913391
30243226
1824929249
163224166226
159114161117
185207188208
717412175
64926794
31833386
3822039225
5510756111
1198412186
135138138140
130205133207
2213824141
127169130171
196176199178
1515518156
5212454127
168190171192
21533156
1712820130
9424397244
81113
21102412
138199140202
118148125148
10621364
197156199159
8716489166
170229172231
14491751
1755517856
1416514566
141179144180
171232174233
157154160156
193174195176
50475349
166142168145
6010065101
6810073101
157247162248
98244101246
6115863161
183210185213
1165911862
40224224
1751217714
195210197213
109164114165
190238191243
1313113632
21474149
3817943180
6317568176
23532457
1902119323
98113101115
7418777189
5455510
1767217974
80548356
152134154137
1633416536
187106188109
7212674128
138142140145
5120154203
88648969
86348935
148199151201
109203111205
1331014210
127239129241
151139152143
162175163180
186165188168
1142311724
1427314475
6320768208
69907192
1904619348
1115014152
7816980171
1452614828
1837018573
46394841
4916052162
2723930241
1725717558
101206103209
8924691249
4519348194
6815173152
17171739
177199179202
111128114130
136158139160
185100186103
7819081192
180165183167
113180116182
134150137152
194233199234
170129171134
101215103217
1049610698
11164118
1365013952
77618062
1142511727
60826284
11401172
6111466115
1807018273
194121197123
2911132113
1702717230
155107157110
1361613818
6214965151
1578715989
42477249
9321096212
1401314514
1477315274
22019201
187246190248
8511990120
1975419957
5614859150
5110354105
130148131151
2619128193
1688217383
1134911850
2519427196
84258528
165151167153
194109199110
7722582226
815110153
166247168249
1605116253
257558
62366737
912512126
1565215953
1623016731
105178107180
106109109111
159916013
799882100
106169110170
32434043
126173129175
7519880199
98219100222
8113583137
121115124117
7417475179
8815790160
1149811799
2116125162
42348235
1615616458
6022263223
1317316175
34333635
34553956
6914271145
43954697
157222164222
158147160149
56935995
1573715940
49905292
1312816129
1663216835
1522215523
5213757138
87848888
140191141194
1782518126
3412637127
102113104115
6010363105
3722938232
80918294
1921520220
1022210523
14061457
31255128
170112172114
7019972201
1005710259
6110663108
7824780249
139172142174
162219165220
1926419566
1518317186
7213975141
15591861
1164111943
22202423
29223323
61476448
1295813161
22463249
85709270
170139173141
26222824
1036610668
1603116134
193231198232
3818141183
1412514427
126128129130
182144184147
171121173123
6112262126
10998111100
6214565146
6122666227
1928619687
171145174147
193180198181
4213045131
1459314894
3615739159
1893019231
86228923
4220444206
21362241
91749277
8314484147
7123674238
4622448226
9510698107
180202
1876719069
1114114143
5420557207
913110031
3216134163
1617619178
1794118143
54545955
127242129245
133233134238
49565357
1697717279
2320126203
1016210464
7222576226
1829618499
4612847131
1305513357
3021533216
195246198248
284316
1366113764
139138141141
49305133
31616163
1684617148
5619658198
1128811590
184156186159
01834184
4523146234
1517715479
1462314925
173113175116
2622327226
5023951242
12531456
326827
30533355
1165311855
1546815670
7617678179
111189113191
9511698118
7811781119
79958197
986310065
155203157206
9112294124
1275412957
1511315415
1576615968
28252930
6418767188
153211156212
3415437156
1869018991
99139102141
107190110191
19031935
182183183186
3921242214
8520088202
93599660
5620859210
125212128214
156137157142
99137102138
1636816571
110166112168
115140116143
18492350
11296113100
1461314915
81518353
13671399
9521997222
9416396165
9218095182
7513182131
6818770190
188133190135
3918447184
6719669198
74107712
135163139164
1518015383
53675669
1867218776
57916292
1182512028
1648316785
181148183151
8023382235
1592116223
1135511557
179247186247
21242525
7614179142
13411643
31736175
164236166238
1515515457
1379514096
121185123187
1319013492
171161174163
61206422
70487350
3515140152
1882318926
95619763
2220724210
177173184173
156199157202
1614716449
1020312205
164124166127
175194178195
121107122112
4814750150
1887819180
5418556187
38414541
52078209
82578957
147237150239
119200122202
69337235
32123316
260301
1226012463
52175419
4515948161
188233191235
9012895129
7721879221
3924641248
16701702
1345713758
90719373
114105115108
61606363
9522596228
146210151211
10521155
1614718150
3317035172
1467714979
6910570108
164204166207
776807
184163185168
3312036122
153195157196
183233187234
124191126193
4624551246
8323386235
277480
1115111354
179144181146
4221547216
4321144214
1907519377
4322044223
161166168166
42026205
65956798
133126134129
175109177111
99205100210
58176119
111217112220
108134112135
154228157230
6614268144
93689570
26102912
178147180149
2710932110
10561088
716210164
3813341134
125101128103
55856086
43904692
167158168163
1621118213
106160109162
1385914061
5095310
169225173226
16399165101
1317413277
1639317493
1546415667
101218103221
136230139232
1895119154
15531756
378409
1798718189
44124714
1023510340
9419596197
85598861
8918291185
1165611858
5416456166
149227153228
161164166165
197146199149
109234110238
185118190119
1122413226
2515127153
113150118151
181152184154
102110105112
169193170197
35643866
120211131211
1789618197
5318256184
47935095
4511346116
1277713079
6615969160
47825083
175232178234
153197155200
6811373114
163247165249
70517254
01662168
574876
114137116139
7811082
1433414636
7818280185
148167151169
138107141109
1768817890
61726474
127220129222
7918782189
162141165142
4911151113
1795818160
5112854130
135147138148
1624626246
1043711137
147105150107
5610059102
18892191
2418427186
929894101
37104012
1828718489
1473515036
162181165182
1316713272
92459448
1502015123
3421438215
149170152171
97214100216
579682
158106159110
12311533
2324226244
143133146135
1641016811
115237118238
4412348124
7319376195
87319033
3012633127
86209121
122141124143
177153178157
1586216065
140230143232
1688417185
1952819929
1622519227
1104411149
172176176177
2814029143
130120135121
175119180120
196240199241
139133142135
33103611
175207
664965
168121170123
32923494
1766417866
161130163132
1477014972
9414297144
8619689198
119113122114
1820620208
21504152
1422217224
41124314
124202126204
76157818
117130120132
145175147177
51898191
13111342
54455549
1515717159
17422243
148156150158
1627716480
6017962182
5219356194
12231426
312614
9517396178
8151018
11271135
1639016692
102147105149
7416375168
1292613228
143164146166
140164142167
110137111141
172133175135
083385
1623418237
138249146249
1298713289
51168118
11431194
16441748
9101212
150221154222
8915092151
7722979232
102184107185
161154166155
63506652
2311326115
1910221104
65837583
9211694118
7120273204
1228312486
1014510347
1392814230
1925119454
166175168177
197216199218
7224174243
868971
1387214173
7816781168
122138125139
4915152152
130174134175
187239189241
7723379235
130241132244
132108135110
1311015112
30563357
115198118200
177174182175
97509854
1903519337
39294430
1928819590
210251
49455346
1884618949
122234124236
135174138176
161136163139
6116263165
43234526
1101811121
196107199108
157103160105
839988100
141223143225
962710028
143814511
1488015083
5721161212
3317538176
1712419126
129140131142
2423926241
47505151
76357837
3122734229
151123152126
130248135249
170242171247
821811220
116120118122
156172161173
157174161175
95489849
1863718840
8717990180
1432014523
165112167115
428929
120142121145
8616891169
4518746190
112126117127
1924919750
1274913050
4316646167
25182820
3412336125
127190128194
1418016182
2417027172
597629
1204312544
43324634
1441215512
175144178146
1681910
61106411
