1753
7918282184
4616951170
168817011
1424516247
1036510667
98137101138
1179712099
24112614
96202105202
189191192193
5613158134
73237526
133207136208
189126191128
7381040
5414157142
111112113114
195224198226
1931619617
6921672218
44664669
68577059
4010942112
7022973231
31146115
2320725210
1009310494
3667
1632016622
27263028
175114180115
9581161
1469314995
1501715319
141102143104
122168124171
1569516096
1713617338
2210725109
41214423
130183133185
811810120
50285330
171122174123
6022363225
1574616147
88469048
1103711240
1165311955
18141846
62776480
20152317
1166011862
61106411
1547215675
117228120230
7801281
1761217914
42109211
2915132153
1893919241
107204109206
6710270104
46434845
7410477106
162162165164
5613558138
152124155126
5722761228
6920971211
8323885240
6711170112
1737217873
119113122114
1192412127
73537556
9018592188
2512628128
34113812
1112313125
29443944
3919541198
116171119173
3218634189
2414227144
01742177
106184108187
10461078
19262129
145201147204
171117173120
1462014822
111145113147
109187112189
7222074222
4022243224
2423326236
6110364105
0821182
65357235
1658116784
1594216145
1603916241
1355413756
4118443186
69147315
2412327125
01582161
054355
3218334185
126106129108
5915661159
2317125173
1623818240
62236624
102235105237
102173104175
1321715219
81118413
2623829240
1902419525
99429949
7723481235
3618038182
9120193203
6821969222
1547615778
7312676128
7221273215
109242111244
138229139234
103182108183
15161547
2824130243
177245182246
169205171207
138203140206
6315064155
11001122
992510127
163216166218
153206155209
7614278145
7820580208
100166102169
1409014392
1255612659
12831305
1014112143
5411257114
5712160122
1906719369
22282431
110240113241
111119113121
112175115177
5524256247
52009201
179171182173
119145124146
195114196117
66606962
41194520
7013373135
5114853151
101229105230
7214275144
9110394104
4021442216
5211954121
99810210
156228158231
7912982131
5420055204
125114128116
1639016592
188242191244
168238170241
196194198196
183215
3224536246
3713841139
166205168208
1334913552
5617061171
162146165148
6512368125
3013134132
6781179
175205178207
19661998
6824270244
1517215374
1362513926
85568858
108157111159
82818582
1687217074
141166144168
1092511227
192141194144
107220109222
166224168227
42397241
70737375
0527
117106121107
76107
129198132200
1519718199
31593461
144220146222
32253527
31767177
12441275
9412096122
137240140241
2512929130
1099711498
02131216
184204191204
01433145
95220106220
929794100
1124411546
107112110114
192173196174
94909792
36563859
1321115214
4513648138
1543815641
169213174214
93639566
102152104155
157203160205
85368837
5118453186
87919093
5223556236
182130185132
1407314375
1916319465
26862988
89579061
7621779218
179205181207
124139127141
8191320
51775479
1621618218
117138120140
1288413087
8710290104
5422257224
138197140199
998810290
134112136115
4321547216
185110187113
187188189190
1235012652
1824318744
1447314775
23962599
79888190
3521038212
102232105233
143132146134
184197186199
1841318814
119183121185
174117177119
166126175126
163138166140
900923
1746917671
42176219
78648066
3023935240
3820441205
1669016892
8524388244
4418149182
45704872
181194184195
43594462
32313632
86258827
169132172134
96148100149
8520487206
7016873170
9224795248
153116155118
5724162242
1183412037
106234108236
711742
2920530208
20892291
1711017412
108133110136
171201176202
1611618118
4315046152
26612863
715738
1869318995
1968519987
144175147177
98242101244
1418516187
6613968141
3420437205
1932119523
7419076193
1446714769
6517967182
4912654127
64936794
32425245
4821151213
1513615338
039340
148172149177
196211199213
1748417686
157181159183
19051928
1962219924
137117139120
1636116662
3623941240
188227191229
106169110170
53905692
26572860
100233101238
1122811729
143179144182
102217105219
91449446
141205143208
3221034212
43284630
89911101
6215669156
049251
161105163108
7012772129
297698
94879689
195118198120
149127152129
2422626229
4821452215
57865988
19512153
1058610887
27233025
30843187
1555615957
56505853
51207122
82838584
4811951120
1211615118
98193101195
135136138138
190213193215
114231119232
98208103209
156218159220
81528454
5416359164
7717680178
89279228
112159115161
11411642
4617148173
4911157111
6914071142
9223795238
986410066
150203153205
7717482175
176149179151
8317487175
41654367
823813239
183157186159
29913293
123122125125
1603616338
155161158163
4022741231
15591860
3311335116
92409542
93479848
14541486
120154123156
133211136213
1916124162
174136176139
4115643158
118132123133
18201852
2710130102
132157134160
23812683
76777979
1402514228
3814441146
152144154146
1095211057
552754
1184112044
1061510718
163239165242
59826184
3723039232
11854187
1526815569
78557958
804818
88869088
188106190108
174231177233
42794581
8112683128
2121124212
53875689
3115434156
48135015
64596562
1699217195
7924181243
183172185174
1612521126
3321535218
92124
1635016652
115181118183
1414714947
61346436
144111145114
66476949
1362213924
193111195113
119142121144
711510117
6916672167
1125911461
86518952
135913811
2424627248
9410797109
139107141109
7021971223
1946619967
6020965210
183215185217
7510778108
1592016222
51245426
9219195193
2218924191
4423045233
142149144151
6011065111
1443614738
144172147174
2816530167
7811781119
127235129237
210261
151222154223
107138109141
49935295
1448814690
1014714148
2218223185
121194124196
2214027141
100221103223
194187197189
102200105201
7712580126
4914453145
50195520
1014110443
4522547227
8619888200
2419327195
1718520187
176152187152
99139101141
53715673
1755517757
02442247
455756
21534156
6723271233
8761277
109208112210
1166412065
9113693138
62856487
45844885
21202322
1136611668
1069010892
7124273244
1057211272
102170105172
155134156137
131111132115
137209140211
8213284134
71457447
1405614557
42384540
1921819619
1565415955
137171142172
55675770
60576359
35933697
128221129224
174188177190
180202
1275013051
1422214524
146135148138
3223435236
185142189143
50315234
52318233
96679969
161209163212
7211873123
1876319065
5619359195
116122119123
101142104144
1319217193
187217192218
1032010423
1815318356
8016182164
172215176216
9316996171
7914881150
357462
61676469
1921620220
8520187203
4210345105
4918752189
15311733
160225162227
1538715689
80578359
1894219642
169221174222
5024553247
184101188102
1721517517
3621539216
87199021
1803918241
2615733157
166161169162
188239191241
068171
154246157248
186149190150
19442345
113171115173
152158155160
1018413185
11231425
9621098213
1616819170
189208192209
136123138126
16497166100
6810571107
8512288124
1887319175
4312146123
109200111203
153119155121
5414456146
60856188
6997111
02273229
5913061132
41697170
8915292154
19962298
6813071132
119211122213
83388640
96109813
378581
21835184
602624
3610638109
1562215825
163165164168
1948119882
41296131
70707272
4213244135
1368913991
1838118683
2617028172
8698812
20182319
869989101
1257212874
2921131213
1701317514
1431614618
193233198234
113131121131
2110326104
101147106148
121134123136
1986819973
3124233244
7822880231
77147917
75207722
1903419336
1198212483
5321455217
1543015632
8810590107
1084111143
01511156
67306932
172109175111
6724769249
25762778
160191161194
8513687138
1096511267
4724050242
6512668127
191148195149
77607962
1057311074
119110122112
111192112197
4714750149
122219125221
1894519147
149157151160
7019173193
152103155105
060262
1945919761
9313396135
3623643236
695708
122234124236
7519878200
121178126179
26922895
109184112186
2910932111
16891991
1472914832
7518278184
2713129133
1424814450
174174176177
1231212515
142138145140
2813431136
1928019383
8714491145
38974199
109181112183
3722042221
1723017532
5315258153
1944919751
7411578116
40504451
1882318927
2921430219
625828
8320084205
1119413197
2617928181
110172112174
5185410
5321855221
1215712360
36513953
560592
7712484124
7522077222
1974119943
1302513129
158113160116
1582616028
43434545
4720650208
1763717839
5811261114
93359637
190175192177
178143183144
24492751
33623564
1503915341
326529
430471
4213644139
1031310515
156206159207
101176103179
85449045
55266027
1737517677
38854187
1065510858
1329513398
16799170101
1081411315
78488050
1752317825
160165162167
43104513
8315385155
7014773149
36384139
1017911183
159228164229
1388614188
93559460
196221199223
5210554107
76237825
12599128101
133161136163
192225194227
100196102199
813918
1003410336
7920983210
1339013494
134200136202
01142116
1254612848
1473315035
13521374
7213075132
177193180195
1761018111
46184920
103227106228
1162112122
84288730
22035204
14801502
1672717029
164113166116
1227812580
56335835
1438014583
172178174181
155189157192
51485450
345367
1927319774
159177164178
168188173189
1322015222
140181142183
151161154163
6817469178
22499249
1068911389
42874589
180200184201
4516447166
1318413387
2121324214
2618228184
1641616917
184231186233
153216155219
98134100136
12381279
2315026152
110139112141
3023431237
65666967
1696517167
5512857130
180191183192
161113163116
01811184
2622328225
1218412685
11381189
9723399235
1624416447
16631714
162160165161
117129121130
1772717929
5511757119
195151198153
137189138194
96429844
113137116139
59446345
177208178211
174171176173
2118625187
431634
149136154137
9715498157
9219895200
1348313785
171238179238
1320518206
196129199131
197114199117
8313193131
177218180220
87628964
182138184140
25642866
114144116146
188154189157
7420877209
6912271124
113186116187
1406414366
12701302
7317376175
68777378
3122534227
918711190
152230155232
133188136190
5923862240
1831219412
6610869110
156117159119
2418125185
1014913151
185139187141
1467614977
1504315246
15401591
1501415316
22592560
1371413818
192241194244
17872288
9621499216
429744100
7722580227
151178154179
1843218635
121159123162
170198173200
4911754118
191164194166
65896891
1191412216
74607662
81829185
72407542
6718769190
1574115845
156120161121
70247227
194245197247
1616317166
147149150151
126103136103
106237108239
178146180148
117225120227
1956219963
180136185137
2715831159
2792912
6415971159
923010234
4719850200
75657768
1454814751
119186124187
125180126183
9711372
2912734128
155193159194
3623339235
158174161176
22053208
961410015
84618663
180121183123
5917261174
104132107134
73357439
120172122174
86658868
22232327
7219474197
7822080222
3414037142
95205104205
1307913282
01461150
3520238203
7118274184
8823791239
2223924242
16491852
77297931
9423196234
63406443
9861288
2522028222
1712217424
194183195186
12341536
114223116226
438640
37214023
4311048111
167202170204
175128177131
4222644229
10941117
51648166
152170155172
60926394
137121140122
140135145136
1015213154
4919052191
58956197
1712717429
156171159173
102244103247
4312645128
76397940
198214199219
1593116134
5913360137
46115012
1607016372
1845118556
023226
02093210
4021743219
1769517997
132123135124
162219165221
99210101213
1123116232
176208
154148156151
6424367244
6418467186
134185136187
668970
1922421226
7111473117
74777582
1516515566
1643516936
168143171144
117243119245
107124109126
1676116963
7118574186
8523189232
177196186196
1275212954
1389314195
67637065
6112364124
5011555116
3522540226
130104132106
812113122
149237151240
9318496186
75328033
3617041171
5512764127
70187221
3610239104
137212141213
140117142120
977310075
91199321
8616689168
131142134144
12921495
1456214864
1039510697
1541515618
3615141152
1074711049
1036810571
53615466
105143108145
1623016532
1498015182
1019112193
98150100152
4924854249
65836786
16761978
126166129168
163225165227
1529115396
134238136241
178221180223
1310218103
49435244
441643
50165218
1549315596
1908819589
6319166193
128138131140
129116131118
24702772
57445849
1659416896
93749675
1181410
134107136109
1337513577
575626
1333313635
12051237
13111514
1138511488
4521750218
1746117565
109142111144
180110182113
125184128186
916412166
66686970
122116124119
1066810970
127191132192
148196151198
1845718660
1035510558
102211104214
1189612696
129913410
1612616428
140232142234
172206173210
220422
15521603
88229223
1796918172
2013825139
14701672
3123033233
1551915821
5510056103
126172129174
163243166244
963210133
1522718228
101190104192
1052710631
1385814359
31615163
1619316494
8122782230
1311313415
18999192101
1854818750
184117187119
39104211
1815019154
67337034
1406714368
179212182214
40314532
913512137
48655167
61546356
8315186152
11531194
1502415226
16352136
157151159153
91102100102
115202118204
65976899
13831434
167217172218
1852618729
163235164238
639864102
190245193247
2717529177
86318735
186130189132
97217100219
1785918062
6113364135
1009510298
1818618587
9617999181
30883390
1218013183
146101149103
19501973
157214161215
193121198122
1651316815
1617317177
184114186116
9716799170
143117147118
2013625137
6613369135
693734
6114163143
2114223145
104135107137
133148140148
8214283145
9421495219
146233151234
1724617449
2123024232
1194912250
161243162248
2119822202
971910021
164117167119
2124623249
7616479165
7923684237
37303933
1023614237
149185158185
5415059151
184154187156
158139161141
148132153133
9114893150
145167149168
117110118114
2014624147
11381440
11311433
9951027
70527254
172142177143
180240187240
8820389208
1293413236
1017714178
1729117394
13141345
1237512677
44634765
5914561147
59756276
2723030232
178140181142
144145145148
17298175100
840862
14431844
1013710340
21114113
3722739229
67797081
7312476125
127202129205
3814042141
6521167213
189921100
8716990170
1217415176
1907819379
02343236
197230199232
185207188208
116134118136
9623699238
1668816989
8217184173
99184102185
1225312356
1416214463
196148199150
164209166212
43934595
1802718229
41437145
1348613788
167148170150
1725517457
132126135127
119147121149
67526954
6521668218
195179199180
1237012473
1816421166
236268
138173140175
37774078
1859618798
160217161222
8817390175
122102125104
1653317034
1256812969
1607916380
91319532
5022352226
137185140187
1524218244
91689569
1483615038
195208198210
1778317985
9615097153
1688017181
167242169245
191248196249
42254527
6216765169
187211189214
8310286104
1298813389
198158199163
6324167242
5317455176
3819338200
1453914841
151182153184
178129181131
147130152131
8721689218
21782480
17151729
17181920
6811971121
1785418057
162141167142
123212125215
193221195223
912811130
5215455156
5621159213
1769017892
89379239
1115513157
151186154188
112234114236
116147
168190169193
184192188193
149152151155
190221192224
1183812140
2813831140
57135915
8711590117
122106125108
160170161173
9219595197
7520177204
0051
1055110654
4312945131
162222165224
186236188238
66716972
181145184147
178117180119
1492215223
1808318285
158232161234
82868488
168175171177
4415647157
817411176
104122106124
191117194119
4820153202
126102136102
4610348105
104115107117
144241145245
114207116209
83148517
82228424
1326213465
957989
4516248163
1566615968
1646916770
1034410547
166146171147
2812131123
4916752168
158239162240
130201133203
8621989220
1512319124
46574959
71878191
93279828
172203174205
1807918282
9214595147
66156818
186245189247
15921894
02304231
91169418
117224124224
61238125
183213186214
137164140166
9411397114
4314646148
02324233
1823018335
119134120137
139246142248
170137173139
172128174131
61656466
51115314
108110113111
913812140
722710229
6010062102
105188108190
142143146144
123112130112
159160161163
5422756229
5824761249
112162113167
70497251
167111170113
9622699228
5510558107
189102191104
8311283119
8716389165
104149107151
45364937
63476550
106248113248
3617738179
193198196199
3093311
4911252114
5224254244
1586316065
113210115212
80378240
133245136247
141121142125
3221337214
7613281133
146106149108
1143411735
177198179201
4812351125
8421387215
6111866119
27832985
1576915972
53985699
7820280204
24192721
1147211675
183236185238
21372438
195143198145
126135127138
10671270
5595712
45504852
2918131183
5414756149
159149164150
1919619498
1616416466
182149185151
1713619139
98188103189
1829318595
144157145162
150173155174
4310848109
115124116127
81918692
197171198174
1112111522
54215623
8823490236
7717980181
154213156215
21235124
1573815940
178187181189
126213128216
103106105109
3221934222
8317786179
7024572247
130176133178
76538054
13791581
1819618498
1632316625
110122111127
81938694
116149118151
1761618316
7516977172
159230162231
6323866240
5618259184
4417749178
8321686217
1048310685
1281513017
174208176210
137158140159
116211118214
171196176197
11301152
146248151249
58666068
116160118162
13999142101
7613479136
5317956181
150140151144
198175199178
35135
156179161180
59466248
157106160108
1036310764
7910680111
32173321
1083411136
1752117822
1458615686
4212447125
1108011282
193208194212
1713317435
2514727149
130207132210
35853788
105210108212
152141154143
6016262164
3217534178
1332313526
1334613548
1797518277
1793518138
33463648
86828983
18541886
116246118249
3516337166
2514530146
133214138215
42754676
3517540176
98112101114
71298132
6317666178
1427614578
146157148159
21515152
66756976
88408943
62827182
1837518776
1683017132
6613668138
40284230
96191100192
20752377
53325534
64447544
89949196
18842684
80778578
101248105249
165171167174
1182912032
993010231
177157179159
1072111022
11231146
4210645107
135174137177
5917562177
119812011
3210135102
620511206
1854018842
126124129125
1717217277
61196222
195106198108
13771428
6514869149
2424327245
115105126105
1209212195
22642467
12631764
27963098
1043210734
1177211974
117115124115
7412384123
84598860
102121103124
4513247135
9417696178
662964
1887618981
2216527166
1710420105
4513948141
78807984
46864888
579859101
1754217645
19412243
192102197103
118103121104
3521936224
12151516
2012123123
1132511527
1041110712
1110416105
106160111161
124160126163
4018741190
53415445
1953619838
6018263184
85418743
188140191141
108119110121
17811794
50565358
119204123205
6817970182
185120188121
102238104241
4910351105
2917831180
188152191153
1606716369
181183186184
1246212863
58166118
1306713369
70367239
10621093
179230181232
187159192160
1415017152
168173171174
7018873190
21922295
1735217654
1333113732
59356038
95539756
139140141143
1089511396
71509152
123201125203
81158220
1307013372
6416072160
1516115264
1573115835
1651816919
2621528218
7220575207
1499615198
192183193186
2317626178
8015482156
96639766
7423077232
148231151232
8219385195
51557157
1311321113
42128213
3012934130
122216124218
4317446176
6420769208
5621858221
3511738118
163153167154
119222124223
7341036
60101
108191110193
1268012982
1461314815
15231924
23902593
37933896
116165119167
180107183109
130107133108
1964519748
1931319615
128193130196
45825083
122142124144
31943496
63196422
162213165215
7017674177
89789280
1354013742
1314015143
1014415145
57545859
1158511787
7023972241
177215180217
1492715228
1019813200
177174178179
1120715208
1815718359
64136814
24522555
1162411827
5516860169
122182124185
1598316185
5120854210
1125211554
1006710270
2715430156
8714090141
167246169249
3917842180
3422836231
15951897
8612688129
170106173108
1446014861
6821371215
127117128121
1316118162
59796181
29563258
126209127212
4419545198
3919940203
5717860180
6423066232
1953119833
101116103119
1882819329
276308
1323416235
82738475
6714575145
57895992
146139149141
2120522208
56745876
491542
2320025202
3213836139
133192136194
14211722
155175157178
1725817460
4314044143
15731775
1755817760
187232190233
1149411796
598668
42564558
138243141245
1621918221
14281730
47685169
132139135141
175234177236
6912572126
1029110592
70287231
100122101125
172114174116
151111156112
95103100104
180202183204
1753417836
1214612448
98245101246
108217111219
30793381
8912591128
18652166
7724580247
157142160143
9322196223
15231545
4822850231
