4045
52735476
1617816480
112152114155
176158178161
8513690137
101214103217
1516615468
1311413316
104203106205
1123211534
64116614
133236136238
7312476126
1041510717
1719619199
994910251
1511115413
1019813200
89359237
4416547166
8117784179
189100191102
3718240184
171106174108
138162140165
166155168158
100169103171
1756117863
2314926151
27772979
5417857180
7119174193
197181199183
166159168162
1518518187
58866188
5321955221
1414714449
1238212684
1562615928
1242212724
44284531
1624616548
182150185152
7110174103
6721270214
1362213825
133185136187
94129615
112247115249
06111
121120123123
1863018832
144117147119
179185181187
1177212074
58256127
181199184201
143201146203
113138116140
143149146151
100211103213
76837985
7423677238
48805182
173109176111
77468048
6116264164
9013893140
194106196108
15131815
3913743138
1116714169
149153152155
7814781149
28411
1853818840
79910101
7417577177
6812071122
2811131113
48875188
5918462186
80898391
139151142153
1521518217
155205158207
4811251114
9211497115
1157011772
1551915821
146122149124
1391614118
174193177195
92124
112105115107
111105114107
56415943
1725017452
8710590107
37714272
168212171214
1811021112
130220133222
63516653
8513690137
1202912331
179232182234
1507415276
6719370195
8518688188
527559
038241
190180193182
5212055122
66286930
79128214
71859188
4521047213
161190163192
6111866119
4412347125
168114170116
5711161112
39854188
362664
9010893110
7511053
138135140138
185146190147
79528254
1284613049
149227152229
5824761249
9416997171
169158172160
164136165141
7921782219
8023283234
3321836220
57776079
1406714269
565597
8611089112
185159188161
574777
41857187
72197521
2518227184
160240162242
117122120124
84228724
1111414116
83608662
61946496
10621364
64116614
187113189115
150236153238
14101442
2115024152
10521084
560592
139147142148
1817021172
87289030
182101184104
168207171209
5620860209
1605516357
1374614048
117191120193
1278013082
2123124233
8016182163
113160115163
1861918920
1549415696
163208166210
1934719649
127234130236
22972599
1314316145
1246712968
154112157114
9213194133
1672817030
1913821140
180918212
1794618149
44434745
35533755
44234625
3319036192
200232
172132174135
6313666138
4723950241
7931095
196498
8688811
96559957
154160157162
192163194166
147158150160
41954497
145218150219
147220150222
21102412
6323168232
4817650179
17201742
127166130167
193129196131
54515753
168197171199
19692271
159225162227
166246169248
149120152122
7712780129
1284113043
180244183246
1136111663
109212111214
5517558177
1020113203
122150127151
2116623169
1221112414
3115534157
1906419366
188241191243
150150153152
1177712079
1902019322
2424026243
8611489116
89899291
5217354176
1175211955
1755117853
1552715829
9223295234
012117
285317
915412156
5913862140
1421214713
29753476
8113284134
104246107248
8612889130
46384939
1529615598
1198812290
3611239114
95127
1764117943
148236150238
83288630
3014733149
3821541217
12661298
116225119227
4314146143
1644316745
69437146
213515
1069110993
188214191215
196129199131
124172127174
2318726188
2515830159
193198196200
136101139103
1863218934
175136178138
999710299
197242199245
8016483166
116184119186
154227156229
112180117181
1445914761
171247174249
1842018722
166229169231
982810130
4916352165
1716317465
99128102130
121183123186
9522798229
8020683208
3784010
129216131218
106118108121
144187147189
3814041142
1474215044
1443414736
800832
116225119227
128194131196
171181174183
172220175222
19299194102
75287830
1566415966
176163179165
1628116484
92869588
161215164217
914012142
66916993
129242132243
430481
02193221
108215111217
5082
53905692
5420655210
7620778209
89259227
161175164177
51198121
1198713087
01661171
023325
6912372125
1562315925
849986102
167202170204
106181108183
5796011
1188212183
7110574107
11941226
32793384
188203191205
95869888
1012210623
41894392
1018713189
160141162143
4712651127
7916182163
9213395135
8681170
71767677
816311165
16198164100
150131153133
168238172239
974610048
116158119160
1823218534
181130184132
8715290154
2810831110
22182520
361393
106150109152
12198124100
79558257
192173194176
1221712519
816411166
3917942181
71957696
35893891
126110129112
106142108144
61329134
5310256104
8224185243
168233170236
3121934220
164169167171
165111166116
744767
44234725
174212177214
6914171143
41894392
2116623169
19172120
110102113104
7124374245
8314184146
1836218863
81118413
112180117181
65716873
1396114263
5120354205
4022743229
6721770219
12621464
176124179126
160102163104
4715650158
194175197177
6510767109
8513690137
4917251175
995010252
12271259
5217354176
1318513388
177181180183
1946719769
4821253213
1577616078
7714079142
92259527
5511258114
7722980231
1913222134
715710159
141175146176
190137193139
1718419186
146145149147
1536215565
192212195214
164192167194
174198177200
9213897139
369938101
98194102195
1312613428
1220815210
5821661218
7410177103
3817641178
1513915640
148167151169
7521278214
147213149216
25482850
7116873170
1952519629
423725
188233191235
109194112196
83928694
2413827140
100247103249
02133215
1536615568
91709472
168143171145
4324046242
180204183206
1768117983
1877619078
20642366
16621964
6016863170
182170185172
52235525
914012142
8911392115
86198921
1701717220
9016691169
1083311135
20612363
4123345234
39284230
988910191
1764218742
813864
1013810440
6114364145
159178162180
185179188181
1838918691
1888219183
172196174198
8324786249
1164111943
122141125143
125154128156
1178611988
125130128132
4223045232
93839685
99237102239
1864418946
6415967161
30943396
192218194221
122129125131
172205175207
125116128118
1013410436
20722374
166227169229
161112164114
1018013182
42404542
1053610838
3823240235
1715017353
935967
1323815241
140172
188153191155
4922452226
171142173145
1523615538
1809718399
126147129149
27153017
12811313
8722890230
7823581237
1538615688
138141140143
8823091232
2212125123
1756717869
61706372
146136148138
65956798
162235167236
76547857
22132415
7619679198
6220265204
89659168
104165107167
94809782
128101131103
1846918771
107201110203
102174106175
8831085
114127117129
1714717449
13701871
192173194175
78298131
152194157195
177112180114
42197221
174141177143
19621994
3612139123
1188212183
2218825190
68767079
1652516827
1677317075
78258028
124229127231
126209128212
1810023101
4620548208
5410856111
3522838229
65356837
7919282194
187164190166
7571059
1208412386
7211275114
174186177188
72397441
9212595127
39854188
43564658
1484015141
17499177101
164136165141
186129189130
4821253213
83768678
47355037
57295932
153200156202
1209412595
94939994
1939219594
127191130193
140155143157
28713173
2123726238
1816321165
097399
967610177
90879289
177162180164
6010563107
2614429145
77787980
4710850110
168123171125
91459447
175186178188
112135115137
1819218494
108140111142
151143154145
1132611529
161146163149
42017203
102132105134
135237138239
9614398146
3313936141
44534755
128161131163
61746476
174193177195
178100181102
2816331165
1134411646
8710590107
6510468106
333536
9422596228
116164119166
166166169168
2022123223
1127211673
54295930
77628064
3210035102
1898019282
19802481
174190177192
38384938
9324296244
6219764199
142914511
91959398
129112134113
120228123230
141233144235
197719910
8222985231
5323956241
9312296124
54515753
1799218294
130246133247
2210325105
1389314195
121104124106
192155195157
12471549
196112199114
110120111125
123135126137
9418497186
1389314195
18462048
13851587
111149114151
191108194110
8613889140
176119179121
4411347115
47734876
116163119165
815111153
5811960122
136113139115
193233196235
1248812790
158166161168
6115864159
186205187210
1519018192
94129615
128201131203
104151106154
107105110107
02123214
1513915640
82208721
2120824210
1004110343
19822284
1084411047
104194107196
13791681
1123114233
55605862
6115864159
16361938
102197104200
33463648
2993211
4120044202
34223724
673724
8621789219
62846586
6610769109
822510228
112236114238
8771179
1157211677
32216223
104186107188
810411106
8310486106
337369
1117411476
178217181219
53935695
127106129109
1082211124
55365739
32903493
133118136120
1293413236
127119130121
130109135110
1609316394
4813451136
157175160177
1966219864
1568215984
122213125215
7119874200
134222137224
85578859
822510228
4010943111
1154711848
3514938151
1182012122
4920352205
107143109145
159231162233
1908619388
1272613028
157171160173
449947101
158242161244
4412047122
4612647131
1737417675
1395814260
6116264164
1648116783
106113109115
61236624
131161134163
151148153150
4218345185
185918811
94959697
821811220
39894192
196229198231
15499156102
1824521247
1874819249
1795718062
120191123193
34823685
1022011224
2423727239
5022953231
114207117209
1111211414
191191194193
85258827
1756417866
9121294214
1036510667
02353237
145220148222
62886491
1689317096
82778479
8623891239
170136173138
320352
1013710439
1442114623
127137130139
159136162138
94509752
32046206
8524788249
774806
9323096232
49565258
49285230
184245186247
110160112163
1847718779
1925519557
112170115172
31315134
54175719
1956219864
1609016293
163247166249
1317316175
7520278204
7918781190
181239184241
104192106195
134104137106
75157817
103216106218
69747475
146152148154
146237149238
139133142135
1508015282
4816750170
155188157190
55145816
2720630208
1937419676
1926319466
36643965
722210224
9415697158
9614098142
88809182
977810179
2918532187
1878319085
107210110212
3914741149
1587916081
8821390216
164142167144
7514877151
142197145199
5624259244
93199621
06111
10999112101
98113101115
2120824210
109180111183
2322126223
70497351
5411556118
1135511657
127213130215
93539556
61796481
190188193190
153174156176
147213149216
182210185212
82288530
2723530237
1547415776
11321235
8020983211
4024342245
180198183200
1464414946
7717680178
1539815699
27583060
52287230
138222141224
1617816480
9213395135
112119115121
15301832
70227523
8924192243
012117
76137816
103179108180
157211160213
17482050
4723850240
109117112119
981410116
27613063
138176141178
1964519847
72637465
31245127
144214146217
1858118784
75767878
3916941172
1021310714
215517
146134149136
129208130212
31526154
18601892
1174512047
038241
5212063120
185229188231
1764218742
1481315016
01222125
62706572
14521484
41174320
3417637178
1123011433
3514037143
2817031172
1196212264
168197171199
3311935122
1326113563
27833085
2816931171
27343036
47924995
51975499
7020973211
9524597248
8119984201
1682217124
1096411266
1117611478
149177152179
92659567
8117784179
1743217933
145175147177
191145193147
540572
159125162127
172189174192
1858518887
82958399
121132124134
1286213164
57666068
122244125246
146134149136
37814083
26252927
95429844
191123194125
186192189194
113212116214
2818630189
1571516017
1406714369
143149146151
1973619939
6824271244
2811531117
4016243164
101229103232
10501101
15521755
114207117209
3021433216
196107199109
118128121130
1316816170
45604862
172123175125
1583016132
1085211154
1488915190
194178196181
6322165223
1968519987
88329134
7014773149
178223181225
129247132249
143210146212
2312226124
152197155199
35183820
6715470156
197118199120
107203110205
159128162130
124108126110
8715390155
144174147176
5422557227
1964219944
1773418036
97206100208
62206522
191165196166
196156199158
76547857
194187197189
6712770129
1411614319
01722175
51478149
193241196242
158113160115
119145121148
1065210954
01905191
1685017053
1608916292
1855719058
1655316756
91599461
1181212114
4814851150
193230196232
1576716069
129198132200
987810081
4512649127
139139142141
42564459
175103178105
24642666
6514568147
131243134245
5820661207
1816318365
76397941
162246165247
01083110
39894192
100176103178
78258028
130121133123
103226106228
8715590157
1261812920
163215165217
8717590177
8522188223
192223195225
187113189115
3520338205
189244192246
8122383225
3924342245
94489650
67817083
75497851
152187154190
1546115763
196198199200
032235
1455114853
1069110993
43504553
192212194215
111176114178
189138192140
167221168225
5519757199
42624465
95339835
115144118146
1222314225
178205180207
193134196136
6611269114
5913862140
3514938151
5714460146
118180121182
125231126235
25752778
177817911
2418827190
1805318355
1529015592
157144160146
8418988190
22732475
178213181215
131106133108
1135911661
4820051202
9311198112
6210965111
1949219794
1808618388
8719790199
132218134221
043246
80738276
37964098
106119108122
26272929
104115107117
189245192247
6215265154
164146167148
22912593
7811183112
1443714739
9317696178
173208176210
11291431
1955919861
44764679
156225159227
174230177232
58836185
18499187101
6015565156
163122166124
1036010662
168219
2212724130
126243129245
4010643108
1713317336
185236
152224155226
164117167119
7710180103
1168311985
143138146140
51315236
7814881150
978310085
43464648
116116119118
153245156247
1121114213
2716329166
155196158198
38624164
19972299
195162198164
37824084
1402014322
159203162205
139182141185
1857318875
6215965161
85128814
147129152130
3921242214
7615479156
1352913831
164110166112
145232147235
3722340225
5323956241
1114614148
106189109191
61166418
106109109111
175245178247
92759577
1845618561
78638165
82478450
100196103198
180202185203
01441148
7018472187
18131845
4020343205
3516938171
1244112742
8321586217
820710209
141161144163
177128182129
136165138167
88709072
1255312855
1205512456
160816211
849986102
188124191126
4320345206
7331035
83768678
86478849
174148177150
6721572216
29393440
1915822160
122209127210
106163109164
5623159233
169186172188
123236126238
1115111652
4120944211
139201142203
565867
167218169220
1192912231
111236114238
384416
72317334
5422857230
159240164241
5120354205
7611879120
1181712119
19361968
51608162
180918212
1142111723
4324345246
181239184241
122206125208
70897391
52895491
99123101125
159158162160
53645666
1725517557
6131014
85128814
10151317
147201149203
117109120111
1513615438
1368813890
75357837
5010252105
1817818381
3416537167
1428114583
1592716229
2120224204
190120193122
895918
149239152241
1110114103
157113160115
1720620208
173244176246
6514068142
6312366125
083384
1289613198
181166184168
134164135169
7461048
138247141249
8223685238
5420359204
84718673
8518088182
7518978191
6613669138
1964019942
1712819131
5817761179
124248129249
2013923140
2914534146
189132194133
7314076142
1624616548
82818582
137240140242
127136130138
7312476126
69177120
3913142133
71787381
163211166213
13791681
5018052183
2218425186
5212455126
53655567
1387114173
128198131200
1694417246
4421455214
9711003
038340
1089311095
108137111139
1801318216
9217295174
82828485
3814640148
058261
159192161194
33103612
11111313
1696717269
70537256
1243912940
77598061
44404742
188101191103
3413537137
5523358235
84398741
7161018
156163159165
55745876
1243012633
1418514487
5120054202
147187150189
195195197197
110112113114
23252528
4018541190
160119162122
1621019212
156133159135
175144178146
1255612758
977310075
1687017072
96319933
9110594107
1209412595
116213119215
170243172246
47404942
100201103203
9215695158
31313532
6521070211
9419597197
9517798179
721110213
1111411316
1176311966
127223130225
147147150149
1099511297
15901622
574876
92659567
73117514
53205821
164215167217
88229124
197239199241
2621029212
38424143
661684
52077210
3719640198
5813861140
1664316945
066171
8122384225
1889119193
2120524207
11111214
129177132179
6717071171
91499451
617668
21342337
22265228
52308232
1810721109
2515228154
4014943151
118160121162
4323445237
112177115179
19898199103
3220234205
157138160140
3824541247
169212172214
1453014832
2624029242
3312335125
1731217614
18661898
6422967231
134138137140
8214284145
77407943
135123138125
3417736180
9016593167
3823240235
823855
181179184181
1717117276
1237912581
1123813240
83558856
1003010332
109157112159
189819210
66916894
2417529176
120191123193
1773818039
142164145166
101225104227
01793181
01083110
174181177183
173238176240
8416786169
1113013133
807839
79368238
42874588
3515438156
187102190104
145192150193
7017773179
155209160210
1851618818
96609862
090392
5224755249
29873190
109201111203
1243012633
51315334
1039510598
189161192163
3913442136
6723670238
113228116230
60576359
3116436165
105200106205
170111172113
7513577138
3015633157
4011943121
160202163203
20482549
1366813970
2313126133
5510558107
1027710579
181166184168
879889101
4520748209
115175118176
1964219944
17772079
5011553117
5516958171
1808618388
135151138153
1711020112
9120994211
29543256
145131147133
39534255
1853818840
103216107217
1915119354
1067810782
10831115
96409941
528730
1363313935
174717610
3712540127
01905191
168238172239
19872289
177124180126
154104157106
1177412076
98185100187
2320526207
179242184243
081383
36683970
196244199245
16198164100
95509852
8291032
1807818380
99235101238
813511137
105109108111
142125145127
2212823131
38324134
186162188164
1459214894
7316776169
186227189229
1414614448
178144181146
1731617618
149171152173
1212415126
6623569237
1656716869
43744875
6913372135
5110954111
94979799
52408242
8811691118
344376
3519037192
44144716
7717980181
111245113247
6518768189
182209185211
6824271244
1783818140
190141192144
196193199195
62886491
1485515058
12599128101
192191195193
78208122
63256627
116134119136
47574959
1746817671
1569516196
184114186117
1478114983
1018413186
164237167239
186127188130
1282413325
8712090122
1472415026
49115213
11221424
1645416756
110149113151
4814250144
112234114237
1608416386
7519878200
992410226
8214485146
1774118142
1802718329
77588060
119210122212
32416243
9219995201
131141134143
2713932140
9523698238
1623719239
169240172241
198181199186
1675517057
98158101160
1734417646
02294230
17601792
1345713759
143209148210
72327534
115243118245
8315385155
3317336175
12921324
8122084222
149217152219
132216143216
87288931
14971548
176156177161
7820981211
6619669198
168134171136
176158178160
187167190169
1765717859
4617148174
1713119133
191123194124
6922972231
150163153165
181179184181
5322156223
5385
4718850190
1891219214
6914171143
115153117156
4011943121
22345236
94169718
6997211
3814041142
3212335125
122129125131
55365838
3312638127
1314916151
113223116225
160225162228
1773418036
1712520127
54325635
7616779169
5822660228
195152198154
1392414127
4012243124
109192112194
18301862
51465448
361393
70537256
2115324155
379940101
6520768209
116231119233
71717672
115167118169
1722717529
5414356146
15401571
146194149196
123141126143
1081311016
1474315044
4411347115
31576159
2013523137
1947119773
6015565156
85648866
42904592
181125184127
178176181178
110115115116
1324216244
180202185203
1265013151
1903319236
1488915190
4421946222
1903119532
151140154142
109208112209
1544315745
184196187198
629865100
33533655
100244103246
166137169139
7016273164
1494515247
136218138221
1395414256
76797981
192113195115
12851587
9323695238
1663117132
32046206
92539754
169126174127
48875089
9510498105
084386
1591916122
33313534
5219455196
141178144180
818213183
132180135182
1167911981
4516748169
161195166196
1042410726
112169114172
135183138185
65426745
14641766
8815891160
1205512456
184135187137
1225912561
22722773
1525415556
122226127227
1217515177
149244151246
29213223
9010893110
16481851
49915293
9311198112
129103132105
16971729
32183520
5519056193
138129143130
44774779
2324526247
19972299
127106129109
159206162208
119131121133
141225144227
142125145127
124227126229
8614789149
139121141124
1731717520
1492915231
150220153222
47855087
164147167149
189212192214
119141121144
1643416736
32253527
70357337
16601692
161234164236
4217045172
4419046193
167111169114
1816218365
097399
2410927111
181161184163
1818721189
113193116195
8920992211
14951797
3016633168
1801518317
972010022
85838885
103179105182
152191155193
3116436165
1634116543
16731975
6120963211
1648816690
4621557215
8223585237
14398146100
1102311325
3013433136
19131945
2522227224
146228148231
132149137150
1067910882
1278413086
5718158186
142241145243
107236109239
1441514716
38584160
1215015152
1745817760
97204100206
27513053
9418197183
4721449216
109186112188
8211385115
113132116134
48710
9622499226
163117166119
5416257164
1393914241
1353813840
1974519948
412215122
51435445
44684671
1875519057
1536815670
164205167207
1315713459
60926394
7624379245
19912293
6513368135
42864588
118216121218
1057111072
6421667218
120200123202
138116141118
1420516207
19572159
2512628128
1381314115
27383039
4710348108
1129211594
8513888140
185222189223
1912519427
682984
3410545105
17452047
169132173133
48795181
172215177216
1362113824
1206512367
1906719269
7722280224
1441214714
5812060123
150131153133
1714117443
6721570217
1526615568
156133159135
43464648
11101142
123223126225
51777180
38184021
6024163243
12521454
1554815850
3012032123
8514190142
1338413686
155133156137
79178219
1759117893
02073209
5520760208
150212153214
145232147235
5022953231
179220182222
17101742
1584516147
1933119533
122154
141183143186
119197122199
1255912860
1384314145
4510848109
1265612858
186154189156
117201119204
158166161168
109244114245
9022193223
9524697249
1227912581
1034810650
133213136215
165111166116
1518317185
638939
29893192
1728017483
3721640218
1918821191
133227136229
1024012243
65336835
46634965
136188138191
154130157132
135157138159
1373314035
118206121208
1895519157
1862318925
01172119
1681417116
190227193229
119247122249
1481215015
193202197203
1922521228
1039410597
93409543
60256327
94909792
1401914321
5615459156
7918783188
4323445237
112119114121
154172159173
34813684
122107124110
57226024
161163164165
133227136229
130153133155
4618349185
4121943222
25582860
115150118152
126237129239
158219161221
3910540108
45254827
140194143196
3210035102
37743878
3423337235
186222191223
194120197122
8724090242
68717173
1903319236
105100108102
82798581
69367238
8618689188
111204113207
2316426166
5112854130
4811851120
3021433216
7722580227
108184113185
8814391145
141234144236
184245187247
496518
1694417246
8614588147
19422244
36503952
100247103249
265467
1255612758
130167133169
13721575
1029110593
612411125
87959097
527559
62396541
7811481116
119125122127
120175123177
2417529176
19142216
1008010382
9123593238
5221655218
24222724
166155168158
1852618828
148126151128
1324713450
9612498127
1822918531
147142149145
3814341144
151230154232
7112774129
5720860209
1518715489
5914461146
11298115100
1727717579
92115
57226024
28793181
83428644
7510778109
4322346225
170176173178
35893891
1737317675
172161175163
17901822
197224199227
6121164213
80688271
47465048
1656416866
37464048
158106161108
1405614258
125125128127
4512747129
1615119153
140187143189
6717470176
8924091243
194219197221
27372940
119110121112
2511327116
137233140235
6516868170
171114173116
151107154109
118150121152
3618539187
1854318746
1319013492
1175211955
673724
1616416466
1839518697
188167191169
157149160151
1355413856
96739975
3410937111
163202166204
153155156157
1119214194
1772817931
9191221
1473315035
103141106143
01403142
6712470126
58256127
6514368144
8220285204
02161219
2424226244
128183131185
166150169152
7712480126
26612963
2210724109
1962119923
46404942
53935695
142186153186
6518867191
196211199213
5716160163
30103213
1512215423
5516560166
4413647138
189238192240
170179173181
1497315275
3012232125
6797011
9311896120
45434845
120237122239
97217100219
093395
3321135213
1322216224
1866518967
37144016
70121
9510498106
5215055152
127165129168
140190143192
1041510717
539841
712910131
1475615058
117202119205
4214145143
20822285
7622477227
128140131142
71767677
3813141133
125195128197
1728517587
7481050
1246712968
1222815230
194178196181
1053610838
1074111043
1096411266
142186153186
9321496216
120202123204
8719292193
192239195241
173110175113
36933995
253555
815411156
1169211994
1018510487
1864718849
36783880
1955319954
93389540
7119474196
1111611418
178227181229
1638616688
123138126140
139714110
9311695119
159123162125
998810489
55145816
89659168
174128177130
157174160176
147101150103
184202187204
181115184117
31573360
179242184243
132216143216
2319226194
7010972111
18161848
9016993171
2615229154
77958097
167107170109
15951897
130109135110
9718799190
37364038
63256627
7518378185
1148611788
67817083
193134196136
32353537
112188115190
197115199118
4521047213
33923594
126207128209
37654067
135162137164
15851887
170100173102
139172142174
52835585
22442745
1120414206
504536
1807118373
128178130181
128224131226
185123187125
116103119105
190117193119
1697817181
161187164189
4615149153
1114611448
109218111220
8024483246
179127181129
170110172113
1743417637
127232130234
1767017972
61258127
123188126190
160163165164
1424617248
1810221104
882913
109132112134
172123175125
1884119043
1921722219
8721989221
1538115584
4524548247
99134102136
1718417685
153179156181
21772479
123145126147
7720280204
1803418137
168116171118
191184194186
3017733179
3510538107
126186129188
164190167192
146189147192
1951119813
981410116
78918193
1636116663
3515138153
170229173231
131132142132
157187159189
133225138226
162226165228
4923552237
1841318715
98100101102
02042207
73587660
1014811151
117228120230
41744376
94899791
1515815460
105241108243
4311046112
1720519208
127162129164
8121382216
132190135192
82228524
5419957201
1875619058
1728017582
68147116
1583916141
1747617778
1612316425
185186188188
186114189116
430732
437469
100128103130
148230150233
197230199233
96429944
8518188183
53115613
145238148240
108233111235
1092611228
1254212844
25612863
1529315595
1539015692
85838885
6022962232
143134145137
1807518377
1682517127
967610177
01283130
1018413186
1458314885
1865918961
131106133108
1555115853
74897791
4915952160
4110244104
163133166135
188218191220
6196610
1656416866
5024653248
1964619848
7712780129
6018763189
102157105159
86728974
1729417596
3718341184
358660
37554057
3824041242
8913291135
113160115163
1196212264
155209160210
172165175167
122163127164
107171109174
1498415286
1352913831
126166129168
176241179243
973810040
111204113207
127159131160
77628064
174174177176
01113113
39764278
91969399
5420655209
8521187214
17121744
76737975
196211199213
1793018133
58836185
6720470206
1932119822
10891391
018320
1862618928
165103168105
21682371
137214140216
7521978221
179118182120
8820591207
1261012912
4015943161
32446246
26252927
1318513387
1573316035
2423526238
156112159114
7211175113
5013953141
9620098203
1885519157
7019873200
1191312116
160182163184
131173134175
059262
7813480137
873904
5820061202
182190185192
1724022241
3994211
8117484176
116115121116
7614079142
171139174141
156200159202
1012613128
6324266244
106233109235
118239121241
127205130207
71797481
98242101244
1162411827
140105143107
5114153144
8712590127
1514115443
5921562217
4211045112
196146199148
21352338
8016783169
1532315625
1084511048
8012183123
6120864210
1636116663
5513258134
01843186
98156101158
136132138134
103150106152
120185123187
44824784
7318376185
43304532
6321566217
4413249133
12474249
98111101113
4916052162
187192190194
161146163149
24342637
35263828
8617289174
7120574207
1314713449
192102197103
1221312515
193919611
159128162130
02175218
02323234
7810880110
1132611529
8891390
59166218
134114137116
144117147119
124175127177
7623379235
6710070102
112157115159
2021123213
8612889130
1243912940
1436614568
1005510357
11794181
144107146109
124232126234
554856
4917251175
139191140194
82818582
25922894
5421155214
1669316995
41127114
66727073
105168108170
1058510887
126147128149
15921894
7712480126
1355713859
743766
178207181209
1175912061
116160119162
109129112131
1196912271
140136145137
1858518887
9418596188
2822631228
7624679248
1562315825
1947119773
145161148163
9021993221
4812351125
193103197104
3722139223
80718472
186108189110
1216015162
122178125180
97120102121
867889
30343236
93839685
58696171
184182187184
81468448
167110170111
142228145230
8824893249
28483150
5423156233
8824491246
163128165131
3416137163
1852918831
1841718619
1772417927
140108143110
74247726
107152109155
6721770219
131223136224
76767878
3716640168
179158184159
48665168
90899391
151144154146
1810721109
1145311656
1523318235
6196610
122159125160
1378614088
1108711389
1518417186
1176311868
8101112
52735476
7822881230
4117444176
190105193107
154164156167
1083111132
89929294
1721420216
8514190142
161150166151
1777018072
117210120212
7110073103
111143114145
5618858191
6615169153
144235147237
18782080
1564815950
149116152118
6411567117
1012215123
3821541217
6719969202
160195162197
104138107140
1667616879
8322986231
71457447
45854887
5614759149
81828484
042443
1767317975
91769478
153121155124
5796011
6815670159
184108186110
171161174163
384416
3513538137
3915242154
15101812
14551487
1918821191
193245196247
5610859110
40144316
3622839229
11344136
126205129207
1962419926
9420296205
981710119
7123874240
168172170175
196156199158
31646166
8719292193
45704872
437469
1285813160
49705471
1957819781
12411543
4412047122
3523638238
7722580227
153168154173
5422857230
1511515417
917112173
7620579207
3020933211
123148125151
89359237
1324216244
1914119443
23912593
113205116207
9615198153
1778318085
16231925
2523128233
830862
124183127185
188169191171
5122653228
119814100
148915111
19896199101
1367713979
2015523157
1639116594
159206162208
9391142
4921751220
1918819490
170168173170
1405114353
31726174
31376139
1301213314
83348636
4110143104
617668
174239176241
167190170192
1342613728
128151130153
1148311785
132193135195
4421447216
1551015812
1769617998
176112179114
98140101141
10261058
2511928121
2113923142
8020683208
1419014492
424456
119197122199
3716139164
1619619198
141225144227
1597316275
3012733129
8716589168
100910311
1942719928
139143141146
15601583
1755017852
8816199161
104123106126
02013203
1063010735
1734417646
1016410466
7717080172
100229103231
139151142153
2714930151
7521278214
2221625218
1034210644
107236108240
612411125
1323815241
957989
1807818380
1458714790
18562158
111218114220
1755417856
157214160216
5910262104
165128168130
143171146173
3913442136
152161154163
107189110191
5213254135
093395
5621059212
4916851170
588890
23532655
129156131159
1949519797
412215122
7119474196
44764679
1216912471
126218129220
1041010712
5910262104
167816910
41686171
11511453
5215757158
149172152174
130238131242
31683470
108129111131
31006102
422444
153204156206
1169211994
110239113241
440491
01742176
169163174164
19212223
42204522
913512137
1339613698
3019232194
181141184143
41767178
118194121196
1098711190
139204142206
163183166185
1796518266
133182144182
1018012182
102238105240
138222141224
70121
1758717889
1242212724
196238199240
1169711999
185105188107
1669016992
69247226
165240168242
1022912231
19592261
5219554198
1683817339
6416367165
44954698
11204122
1884119043
1518118183
137229140231
130240133242
5513158133
8913191134
107222109225
028330
2922332225
1068410986
1563615938
15101542
1221413219
1452714829
855887
118155121157
133135136137
1249312795
146109149111
172202175204
1019013192
8410987111
2419826201
53575659
9941045
8315886160
153233156235
6722070222
157211160213
038241
158188160191
94319733
51357138
14551487
142158145160
927949
84638765
55775879
7415976162
4119343196
1892819230
62426544
85688870
133213136215
6319765199
146126149128
189133192135
680712
21934195
174133177135
106181108183
3220034203
141213144215
20262328
143104146106
181111184113
132138135140
156125158128
1074111043
3317236174
80688271
146197149199
185241188243
5912462126
1124111543
9120994211
2514628148
157169160171
136197141198
1644916751
113130118131
141122144124
1499115194
24192721
6417666178
2719329196
154246157248
95619863
5621358215
1923319535
054356
64926694
10541356
186110188113
108911310
2616029162
496798
31928193
1925919462
192126195128
1609516297
7024673248
89559257
9316696168
4513247135
9519298194
110124113126
1427314575
16471679
6422367225
613915
8015183153
1077311075
60476349
192167195169
89599261
87459047
154218157220
103125106127
3222535226
53675669
1743417637
121120123123
8112584127
423446
175184180185
1486115163
1814721149
6914172143
1286813170
92699571
119178121181
139121141123
5410557107
7321678217
1644316745
5524258244
193141195143
14501482
172158175160
1194312444
5022153223
152223154226
99142104143
147103150105
167182170184
422444
1319313495
1659616898
2614329145
1698217185
17361759
6317466176
1188712987
3622939231
1113014132
195236198238
1382614128
4112844130
01461150
3915442156
41174618
6921272214
4916352165
1812921131
5023153233
142112145114
122107124110
8716190163
47465048
1933619638
1851618818
62019203
126183128185
186160188162
182229185231
480512
108164111166
134209137211
2224023244
1016110463
5020953211
26742976
1641316715
142165145167
1368913991
180237183238
154107157109
74347935
58196121
50385241
34583760
145152148154
1823818441
61899191
3420937211
198214199219
157248162249
1192312225
107143110144
120157123159
134135137137
1437814680
1807518377
8321885220
7221024
8023283234
67247026
84638765
135175137177
3920642208
121235124236
1521918221
148199151201
24662571
8698911
172201175203
1483615138
189151192153
18531885
1722922230
1424014542
175179180180
124193126195
1713717339
720510207
780812
66866889
27382941
5112954131
3618839190
69487150
1024510547
1595116154
143201146203
58536154
114210116212
337369
1279613098
30243326
141101144103
155229158231
14098143100
74397544
143141146143
25812783
172201175203
18161848
165107168109
48675169
1651716819
112112115114
51608162
1256812870
55975899
99103102105
150244153246
1041810719
161152164154
9521797219
13191522
166159168162
188223191225
7518878190
178228181230
8913291135
187164190166
721810220
9223095232
4316346165
1115111652
6618069182
155110158112
104178107180
73867688
9410197103
2317726179
21352338
73227425
170226173228
118206121208
115246118248
109157112159
6913972141
1455714760
84368738
98138100141
187236190238
37934095
119812210
45294831
104138107140
3221134213
2820231204
4721449216
128201131203
1177712278
72187520
163159165162
188202191204
1823218534
7321678217
01885189
106200109202
223246
46504952
6013463136
99108102110
2222425226
184135187137
894917
135146138148
32476249
1267212974
1633916641
192242195244
58436145
786808
15271559
4019043192
9610198103
2823531237
1836218863
5020653208
109146112148
137178140180
191207194209
132144143144
02223224
01885189
1959019793
57636065
29411
7714480146
166246169248
5216855169
6111866119
5215755159
9211497115
147142149145
123216128217
46854987
1603616338
1195012152
244276
114140117142
8322586227
180109185110
10061038
1499315196
1771317916
9116194163
162229165231
125122128124
27313033
71897491
7017273174
1319313495
4513748139
02382240
13261358
104141106143
143161145163
81769181
83648566
7513178133
2492711
101191103194
1506215264
723610238
50155317
162155165157
01763178
12041236
1917519477
4422547227
1692217224
122151127152
21245126
97120102121
13721575
1247412776
168216171218
5917462176
711910121
1294313245
02383240
52745477
152104155106
1195112154
2612629128
4011443116
30413343
93379639
2318026182
6916770172
118420
161143165144
1801818320
1583916141
74107712
136191138194
142146145148
192218193223
8319385195
43514554
9018093182
116195118197
188219191221
112157115159
19872289
5822661228
88229124
719510197
31573360
6320765209
3721940221
561863
012117
69177120
5410956111
1322913432
3819641198
111215113218
113111116113
1009410396
1311613418
177235180237
168171171173
186210188212
27343036
61796481
2715430156
50155317
146126149128
181247184249
42354537
119113122115
127188130190
4418946192
038241
154185157187
58896191
141239144241
1058810890
01793181
100117103119
949897100
8213585137
83558856
1462414926
104175107177
1514915451
191194192199
814011142
12001232
133230136232
107160110162
1698417187
3622639228
24302633
1798918291
123211125214
025327
121243124245
01512154
161137163140
8413887140
6417866180
289931101
115143118145
177166180168
189216194217
129126131129
82958498
190179193181
1065310955
5610159103
152188153191
116159119161
190141192144
35393742
131231133233
1636916571
154211157213
7322276224
1925919462
1083811140
89839285
49755178
1209112393
132125134128
1626516468
16241656
152194157195
4916851171
8924491247
196178199180
7818281184
1913819440
01512154
1617819180
66416745
179188181191
4412047122
183135186137
5618061181
161212163215
490693
1831118513
105145108147
73927694
1364213944
177137179139
1816118363
1520018202
1893819141
194208196210
1077311075
66286930
31143416
9114694148
1058810890
1327213574
7914081143
1743517638
11361168
1295213254
80788183
103216107217
94289730
164123167125
153182156184
163247166249
1403014332
2910632108
2422427226
7311276114
190137193139
1081310
11464148
191127193129
1647216774
158181163182
67117013
5018252185
381413
0431143
147204150206
161222164224
56725974
169127170131
1206512367
1498315285
49755178
91969399
19601992
3411537117
6824371245
8014482146
1366513967
1474815050
119146122148
8918692188
1069310798
12282231
01902192
7222575227
9518998191
5822963230
1437514677
5214554148
01985199
69387240
2724329246
1387114173
1699717299
108206110209
177817911
62466548
65626864
107171109174
145177
7323076232
8711173
1414117143
4121843221
811210115
1265013151
192126195128
6523968241
161146163149
194219197221
4214645148
1292913430
1402014322
153136158137
1617419176
1426714569
114911711
1879119093
7118774189
5318556187
140204143206
7811183112
109179111182
159203162205
8524687249
137219140221
1317713479
1295213254
5922062222
186189189191
49715272
7412777128
146224149226
24402643
9941045
134146137148
6319466196
7610079102
1005310256
8723590237
7414076142
1477614979
6721570217
171235173237
7122573228
1568715989
126232129234
1813118433
142914511
131180134182
37763978
74517753
8312785130
3012633128
1154811850
130813310
1664016942
135131146131
1924419546
1217412476
60516254
162229165231
9291131
3719940201
154121157123
79158217
97126102127
1466414966
187233190235
15261828
4813451136
1031910621
27473049
61656467
2222425226
4614749149
1012210623
110169112172
2016225163
55435746
101146104148
44104811
1705817360
3710140103
168222171224
2210225104
194143197145
151211153214
163159165162
1111611418
122151127152
1522518227
1381614118
1126811471
3223135233
191145193147
1647216774
61766478
191147194149
52775579
192144193149
1909419396
4718850190
9513497137
179138184139
104197107199
117153122154
25862888
074179
1716019162
7513377135
190210195211
2413827140
911943
1642216724
1082911032
1723117532
7511053
184236187238
174128177130
8113584137
76677969
174212177214
2719329196
1177412076
1582116322
710412105
101122103124
184131187133
1805318355
8012183123
4619749199
1616819170
879990101
162187165189
42854587
1677317075
5215757158
125217136217
183121186123
16291931
2911834119
1687617078
4623049232
89259127
24172620
1820023201
160195163197
1420217204
1492715229
42564459
2419826201
1916719370
42624465
167219170221
101225104227
159229162231
6719969202
1762317925
163219166221
780983
1805318355
39434245
17361759
93116
61236624
112166115168
146181149183
60116313
177141180143
1728017582
21165118
21772479
38794181
172216175218
4019043192
153147156149
4521848220
6123364235
88629164
66466948
5718360184
164117167119
72827584
193118195120
8316986171
9119392198
780812
160132163134
1485215154
146224149226
124179127181
132157134160
1759017892
43904593
160237163239
170149173151
1975119954
6011363115
01608160
1519018192
3316936171
5219155193
559858100
8015483156
01552158
911211114
1561315915
118172121174
62296531
71577459
1916819371
9218094182
032235
121220124222
193140196142
1442114723
169154172156
5010653108
129127131130
100166103168
138110141112
1162611828
1237412676
168243171245
85888890
171113172118
1612019122
46924993
118233121235
3913742139
2417227174
1035110554
178225183226
151138154140
1162811930
17751807
187195190197
8112784129
195152198154
333536
61346436
134154137156
8821390216
2010623108
4315245155
01592162
12321434
5924462246
1716820170
12421274
38224025
184146189147
192219194221
116163119165
6323166233
1607016372
821511217
1499115194
8319185193
1426214564
1791818220
0133
1504915351
427729
4319845200
145218150219
182103184106
3520038202
1194312444
6611669118
1787018172
3013532138
132247135249
6522668228
1595116154
2222425226
10111043
047349
155143156148
82798581
9119392198
132129135131
5218255184
37474049
1319516197
1723620238
1221612321
11561188
1515418156
81398441
30143216
1816118363
7120674208
33823684
54605762
16071639
9121294214
36683970
9711273
1575816060
180135183137
72867588
16731705
8619091191
49715174
105219108221
9523997242
7415976162
74897791
14051428
6122563228
895918
151125154127
3718040182
1018713189
1035110554
1905219354
8421087212
8315986161
1322113523
1799618198
1555115853
7915982161
1378314085
1409014392
14551757
1476615068
139119142121
146246149248
101137104139
1938119583
7013473136
3015832160
9741276
3219335195
1225712758
61968198
170191172194
10951127
44684671
109197112199
1584316145
174226177228
4885110
7017873180
171106174108
116176118179
5923762239
576608
31963498
9110494106
1257212874
1077611078
189141192143
1205512456
104130107132
59606262
1657017071
60546356
133118136120
1264712949
17901822
165467
180244183246
154221157223
2721829221
8716689169
5219155193
49495251
2210325105
8623891239
172190174192
1513215533
86808982
1718917491
150194152196
71617463
186162188164
5619659198
122217125219
1303913341
0326
63386640
1221413219
119168122170
177236179239
6510368105
1255012852
1231312615
178225183226
66536955
855887
14341736
14441845
158116161118
1364713949
1513315435
138126141128
2614229144
163172166174
196146199148
8861188
175232178234
1027710579
1517815480
7421877220
2017822181
103210106212
6920870211
1933719540
4119645197
52835585
187118189121
37504052
176128181129
71849186
187219
1209112393
705737
15881890
83528654
1420017202
6312666128
181183184185
117216120218
1794518148
9214595147
43114613
89839186
1702817230
1619516497
1476915071
139218142220
6911272114
134105137107
1718917491
2319125194
5217055172
132157134160
2119923201
133177136179
12901313
140115143117
16671969
1315713459
2819731199
13701871
190141192144
127143130145
157214160216
116106119108
151196154198
14898151100
174194177196
1418415189
125101128103
111208113211
75457847
128238131240
69747475
172219175221
170129173131
137168140170
1198012481
143141146143
791994
192203194206
419743100
13401372
173241176243
85458748
1691817220
151208154210
81608462
02353237
168146171148
3520340204
153118156120
1326813471
27513053
01292132
97189102190
4618049182
139187142189
2924532247
130227132230
1255312855
1962019725
8191121
99107102109
8416486167
695727
194137197139
1875318956
124196127198
8715398153
40234325
4921751220
133108135111
5621059212
1653317034
2617729179
5318556187
95589860
820852
100104103106
175153178155
62426544
1122011522
16391941
1056810870
51465448
1657017071
11951397
5116654167
3013033132
1146411766
5315456156
15931625
168232171234
3122634228
1603616338
1529315595
170229173231
123239126241
1366813970
77407943
117103120105
6416567167
174190177192
84578759
2019923201
193196198197
1621316515
144194147196
5221855220
1691817220
122220125222
143152146154
5815761159
8961198
1865918961
151156154158
1018713189
1177212074
1426914571
1369013992
45634865
127912912
183128185130
196178199180
029331
189154192155
3413137133
36313933
1473315035
1522518227
1345413756
1766017862
195215198217
19001932
1355713760
1341013712
1956319865
9020293204
1108311385
163172166174
9591261
25862888
1210115103
135236138238
3017633178
98183101185
47225024
7361038
94939994
3917041173
1716717370
55555857
121160124162
1498415286
621653
4719150193
156133159135
9516198163
166138168141
9321696218
3611939121
182218185220
4614448146
1023310535
2115024152
2918032182
2921732219
72547556
2922731229
11921494
1413314435
1533015632
01683170
1814721149
178154180157
667869
194171197173
164199167201
116187119189
9514897150
108215111217
2315825161
124194127196
99131101134
104206107208
1017210474
1353713839
1123614238
744767
136219138221
183232186234
107152109155
19751998
1296813171
1825618558
170186173188
91289529
1451914821
73227425
5411957121
820910212
41127114
37364038
4223345234
721810220
1642216724
113111116113
1922521228
6722070222
7511478115
163208166210
159120164121
13571389
8712290124
150236153238
130208133210
184195186198
142197145199
5414057142
9314995152
146183149185
4615449156
158106160109
108184113185
149183152185
103125108126
7811381115
7113474136
32513354
1601616318
1743917940
137225140227
132127134129
162243165245
9319596197
14441845
1391714418
160163165164
170235173237
109240114241
170239172242
134203137205
6514167144
109221112223
11799120101
112198115200
90153101153
6824771249
2918032182
11621213
9112994131
34563659
9019992201
116176118179
92289333
71657467
4010643108
114219117221
105183107186
3312638127
147106149109
16172118
5315456156
1694717249
12401272
817311175
5912962131
5020653208
982410126
114185116187
120175123177
1813518437
154118157120
02392242
177181180183
9510598107
1108511190
180112185113
168205171207
147181149183
7123374235
4819251194
183119186121
1823818441
1507615378
34753677
65756877
6023763239
76217923
1411417116
1036810670
116106119108
1173612038
1586716169
34863788
1557815880
2613129133
182156185158
74957698
1715117354
194184197186
104230107232
15241556
3324636248
80738276
182214
12599128101
58386140
38234025
109218111220
112153114156
5515058152
170243172246
108137111139
9519298194
7519878200
123202126204
7918781190
13921424
46354937
107224109226
7317276174
