1785
4218344186
176117179119
49285230
140127143128
6823469237
1158611788
87228827
2913932140
117233119235
99210102212
180200183202
102172105174
54905792
19214
179192181194
106169109171
51467149
8119984201
104146106148
1804718349
71128117
85889089
9523998240
1421214414
143117146119
5224856249
1696617268
126210127213
01742176
1935919561
99215102217
33923595
63686570
1452114823
109226111228
1522218224
38694270
1236812670
5516958170
1518015482
54585759
1324415246
1551015713
7724680247
178129178137
3322636228
630832
379939101
8323585238
109233111235
144208147210
2719231193
119218121221
151178155179
2112925130
109179111181
1148211883
182219185221
1751317815
151136154138
74247726
130104132107
23442845
159203162205
116811910
3224333246
7716579168
105235108237
17561788
172204175206
168132171133
461763
1663516937
97201100202
6514867150
7322676228
31796180
89679269
106120108123
193191196193
1707717378
18261858
1716219164
8717489177
1429314496
132183135185
156197159199
6522468226
154210157212
85598861
1333613539
187119189122
9312994132
7412275125
1617416475
15321573
49775279
162189167190
9112193124
104195108196
8021583217
5514960150
46274830
135175137177
41494351
9418297184
68167217
40364239
2410027102
124167126170
992310028
163185168186
4111346114
101166104168
177215180217
1473114933
116245121246
178141181143
136165138167
95245100246
7111275113
6316365165
4811251114
3214434146
22054208
16421674
3514137144
8421788218
84288729
179234181237
9417696178
1494615248
17581961
31115113
136241138244
2521932219
1177011973
8322688227
66856788
3312335125
5618259184
8812190123
192183195185
1333213634
1836518667
2316424167
83598463
316420
02311234
89189121
7012473125
118188120190
193118196120
1319115193
77917894
6518567187
2917932181
21762379
147158150160
6512667128
4116044161
139230142232
135123138125
36193921
9216395165
3612238125
55515853
110110112112
177123181124
187165191166
8210086101
2913732138
2410426107
67727073
1383913942
131199133202
7919083191
1457514877
8721089213
1443314635
1189312096
8921491216
1765017952
45424943
8841186
127185129188
129108130113
15499157101
58576159
172122174125
156180157185
99179102181
1592316125
1205512158
15431845
7621979221
13861589
3120134203
158180160182
188246191247
789981101
6818170184
2810932110
672695
282484
56705773
5611759119
7871288
1323114236
1798318185
85378839
23532556
182192184194
4723250234
77898190
51905393
6112463127
24802682
179197182199
53775679
3022732230
1921819619
170105173107
6114864150
82458448
9011193113
3222335225
5020951213
149216151219
150226153228
97204102205
52057208
1521118213
1481015112
1043610837
118201120203
38624164
111229116230
191207194209
8810591107
116160118162
4221743222
1747117673
999210195
122107124109
187112190114
6610974109
596898
1788018182
177144181145
11581460
1917320178
13131403
464666
36673770
1828018581
1644916751
163195166196
4713549138
62946595
1368613988
136197141198
162171165173
1014510249
150105152108
2310927110
1137011672
130175131179
127136132137
131111134113
122114124117
111200114202
194240195244
4812450126
5413056132
66246926
1659616798
32026204
912312125
21454147
1055710759
161147166148
10621084
159126162127
1017514176
7417076172
136236139238
111164115165
1456014862
9521498216
114231116234
21352437
1810721108
4111942124
313615
1535415459
4717949182
4312045123
161225164227
3322936231
128116131118
42297231
21602462
1307513476
1905619358
3919841201
911210117
137229138233
99103101105
431482
6414567147
1367813880
621011211
5224555247
93789581
8410885111
1821118413
185124188125
113152116154
125171127174
162128163131
58706271
36403842
136913811
127192130193
118194121196
5515456159
62408242
7811681118
60516353
3718040182
3323236234
780802
22632564
195207199208
180165184166
7224175242
159174162176
126165131166
153232156234
149115151118
1783918240
77828183
4518246186
873905
61978199
1918019382
8417386175
01632165
132117133120
1236112563
8418187182
1824518746
9422197223
148188153189
1266012862
4811052111
26612864
73847686
4516647169
134186137188
1277012873
197101199104
182109185111
7016575166
139242141244
164240167242
183211185213
5210354105
1763018131
189194191197
9124494246
147181150183
94149915
102222105224
1903819340
142149144152
7210475106
081184
6024063241
144201146204
720212203
5423257234
1719717598
179139183140
148169151170
71759178
712714127
137129139131
1621719219
118119121121
815011152
50645168
9221294215
194174197176
123119125121
50485152
479949101
1099111293
1921222214
154222157224
143133145135
949998100
1871718822
8715489156
8619789199
157459
88849186
1706117363
160120164121
16599170100
8313484139
179152186152
185154188156
190131199131
82888490
15341575
1515315257
3820443205
3813239135
136147138149
1168911991
58736076
1629616499
90459347
127104129107
5021452216
87949096
138138143139
1372914031
1838918591
1791018113
1276813069
115141118143
88829183
122156124159
9015995160
4819650198
196137199139
58436046
175219178221
161213163215
10351336
66896891
129152132154
9517096173
160195162198
43714872
177106180108
83538854
183204185207
30653267
158915914
103202104205
7615681157
1489014995
1610219104
1451114714
139185142187
1691217413
112213114216
39874189
79338235
1494315245
36843986
2715330155
12599130100
7714982150
6517967181
1777517978
110187112189
1114514147
97118105118
43664568
102134104137
8112884130
877909
143220146222
175197178199
1221014213
169155171157
39404044
4721449216
136219140220
4219646197
173189175191
1311515118
110241113242
1419917200
191214199214
16521954
70507551
1601216214
154245155248
0116
189217194218
2916532166
84178818
1615618158
1244712848
4616348165
37363939
146137148139
102112107113
131190135191
184183186185
149150150155
1732417625
050252
8623489236
194133199134
47355037
1728617390
1806318166
1715919161
3210335105
171130174131
159177162179
1658516887
3517338175
1112211623
52217224
9222795229
63366637
140129143130
51658166
4714550147
138188139192
1705717260
1891219313
4010347103
39524254
5986210
1882519127
7316175164
125159126162
2523329234
49745276
58566756
172144174147
4419846200
5110754109
197186198190
1166611968
1751617818
426629
146134148136
17231755
575607
1072111022
20252526
151159153162
113161115163
4515647158
124219126221
10531157
1161911921
13321634
1237112476
01345135
147227149229
2316126163
6120764209
112122114124
3111834119
1065211153
6013863140
1517316176
146102149104
183134186136
14061428
1646816770
130172133174
13999142101
143100146101
1638016682
80178318
181215184217
78138016
2920432206
53645666
62906591
125144128145
372423
26222924
194137195140
14799150101
1415119152
1704217343
5521060211
82498750
2818533186
1865918961
2821529218
112210114212
6123466235
1154411845
23722674
177241178245
7014275143
1013310435
7615879160
2912232124
8217885180
197399
55365838
172153174155
127189130190
1698817191
57475950
134200136203
6418267184
44494950
126146127150
68557057
1819420197
094296
1327213474
9391141
1552215824
41146116
816311164
160183
1546915574
3312637127
126138128141
1206812270
184187187189
59926493
61666567
188187191188
3511940120
175109178111
14821495
146165151166
539642
5420656208
9217393178
103241106243
2016522167
1306413267
177222179225
1362213924
97185100187
6121463216
134229136232
1611719119
8417087172
93289829
56935895
31783480
1823318634
21532256
9311696118
48465247
1904719448
3023132234
102192105194
1164011942
69847285
84148616
179149182151
1202712528
107126109129
183237184240
109194112196
1614616647
3613237137
62132
193177195179
1941119613
339836100
79948196
6819269197
121212124214
1643916741
14621477
147172149174
108109109112
1921024211
100235104236
124101127102
55325834
113110115112
2124424246
75538054
183231186233
9301232
125204128206
49915094
160190161194
1203812340
810861
5220355205
43694770
30943297
115128120129
178247180249
5516556168
4812252123
171161174162
76737974
135206137209
1418615190
182101183106
1485315056
139146142148
192141195142
1622516626
77177920
67806884
1884518948
2320225205
172150175152
4015243153
104161106163
026327
1853618838
1241612619
1407314375
1914119443
130159132161
1723019233
1452515026
1581516017
165113167115
99159100162
105166108168
113117116119
8524187244
4313546137
18601901
196239199240
125108128110
25863087
18441875
140201143202
1121411715
1248412785
3316535167
196237199238
30203521
1493915340
7223774240
6717670177
194106197108
133136134139
135137137139
1749517996
125198127200
86468948
92879589
1424814550
169149171152
63286630
195232198234
2723530237
6110763109
71127414
193211195213
35793881
7823780240
4216444166
177165179167
112120117121
12511553
133235135238
822610229
6319567196
19101942
17381941
3320437205
1395814459
157143165143
74787680
4413947141
161154166155
147142150143
153214160214
128133131135
1808918291
1746117762
174230177231
17199176100
4924651249
112217114219
59196121
141102143104
167231170233
1067311174
149119151121
139165143166
176917812
1888919290
6824773248
4319345195
85828784
7916283163
129236132238
1732617528
120242122244
2021822220
8611389115
4923952241
11661207
2422226224
3313735140
9020092202
137201139203
1514518147
8714190143
1914524146
84858786
51365437
65316832
14861518
109147110151
115247120248
50395143
144184145187
2514227145
1079410996
1241012613
13141404
58816084
1025210553
1136211664
139109143110
7712380125
2918731189
7124374244
191232194234
1358913891
10601101
5115754159
133157134160
1243912741
120168123170
180203182205
145147148149
133249141249
170188172191
46754878
107190112191
32383440
153174158175
71737574
5214355144
1109511396
61806284
6018263184
8812990131
1303413236
98120101121
5310056102
7924181243
1891519216
111133113135
140161143163
01422144
53465648
1887018975
193112196114
8816590168
1555215854
1271512917
1218213187
1311915122
1611516219
5313954142
1454014842
1272813229
20232524
1375413858
2312226124
054256
119199122200
1874919050
175192178193
139914112
8222184223
1682317025
9614399145
8016484165
8216684168
1369213699
175194178196
5815761159
8818291184
164212166215
36603763
76337835
161132164133
1913222134
116188117191
185101190102
3321735219
38964098
197193199195
21202422
1269713098
51208121
106192108194
7624178243
5810463105
149163154164
123228126229
17941816
1873918941
180146183148
580631
712811129
1413418135
1464915150
8751376
1059210893
184171185175
57406042
1802518227
8816191163
180224183225
8211122
94739774
1624518248
83778481
197227199229
168121171123
181112184114
1191212214
114194117196
102218103221
136118141119
2872912
135104137107
1431514617
109132110135
160238163240
1636516567
34563659
968010181
188170193171
3320638207
1299113293
4515949160
1455214755
54825783
30903293
7523777240
61756576
1398914390
69307132
116169119170
1595116253
1628316486
1593616238
46664968
9124794249
169194172196
90529354
111249122249
98115101117
155180155191
158247161248
8110284104
142223145225
193215198216
151151153154
1201912321
148105149109
176140177143
9521098212
145195147197
2423526237
4014642148
31254128
1745317656
18898191100
4016245163
20692371
96779979
1792818229
24762977
6724974249
20582359
80738276
148110149114
6317166173
17651967
1905319255
119222121225
189919211
7022672229
3916441166
01553157
127225128229
2317228173
117106120108
16291699
9020391208
156155158157
1315615158
15951897
1568015982
115192120193
1117712077
151182154184
52715573
974910051
5916362164
55295831
6317666178
3921342215
144159146162
74367837
1127311575
2810331105
1149511796
91589460
2620428207
1827118573
8212187122
1549316193
6717172172
18892290
1664316945
993010232
165223168225
15831615
166179167182
2321225215
1735917760
85418743
1412914232
156153159154
3610546105
123196124201
126207128209
1617816679
2514927152
172243175245
13781581
132186133189
76127716
1706917371
1341313616
182137186138
41957196
9951198
5111853120
393595
101237102241
9520797209
9012694127
127167128170
106222109224
43734874
016219
3923341235
4117543177
78558057
1679317095
175232178234
5712162122
183197186199
12901312
1110113104
168238172239
6917372175
5617458177
186115189116
2215326154
189125191128
192194194196
126163131164
112226115228
31823484
1305813163
14131454
139221140226
87319033
120209123211
1652916732
1710520106
189123194124
5214654149
120102121105
1955219854
193115196117
3511638118
133154138155
289930102
2511326118
321425
8616187164
77278128
5510357105
54405545
108182111183
4823157231
42864787
8524790248
6913771139
5123253235
1124114243
32123415
26533054
69767477
170108174109
193180195182
1636016464
1519715399
31706172
19972299
58776179
01234124
1929219793
1122711728
1973219935
5917662178
153125155128
124135126137
02123214
156200159202
3914942151
1198012083
32623564
1219512398
4320845210
135140137143
12251726
3610239104
87648868
1781918022
147161150162
1810922110
7616178164
161234166235
8513387135
3923841240
1492215124
172132175134
1551815820
168144171146
916948
1524118243
157117164117
134165135170
8520089201
7714179143
53885789
1812720130
1610717111
110222111225
1873019032
3616238165
40154317
1196212263
7423077232
8911892119
70597163
1583116232
70667269
129241132243
3213139131
157233160235
1965719959
7416776169
8516587168
73197621
161158166159
3517039171
7322075223
158103161105
20382241
111197114199
192145194148
210261
1432714432
02373238
122153124155
171164176165
453485
9911293
62856488
3520240203
1576416265
7917481176
2317028171
149199151201
6721972220
3611139113
1764317945
44144715
1161211
2518228184
107215110217
23902691
3317134175
6513168133
163101168102
680731
8211583120
19701993
146247149248
167110169112
8513687139
181247183249
19131945
7988110
1515815261
48710
1603916341
91379339
7917181173
2722729230
1911321116
102206104209
9622599227
2313127132
1128111384
1702817231
61438145
117152120153
114179116182
7022272225
164138166140
22172419
103212106214
128101130103
8420986212
5322756229
038241
1177512176
144108147109
1772517927
2518928190
639866100
7524476249
5821460216
1497315275
46224824
1362513926
2319326194
132150137151
7117672181
842865
118204121205
61609162
1949619997
103201110201
147126149129
1503415435
98191101193
150125152128
4418847190
28942998
196244199245
3014631149
182176186177
109136113137
1769217994
8623089232
184200186203
1218412387
10021043
12601283
2019823200
87979099
1943619639
1215912560
30703371
29393142
51555358
1511515417
19422244
582785
7421044
94409545
4224544247
172247175249
21605162
180184183185
13721674
1868918794
63206522
51248126
733935
1785818060
158100161102
137193140195
12211522
109168116168
8813291134
41564458
5724059243
1687217074
102232104234
125111128113
18782080
11771280
9014793149
1448114783
51736177
60226224
1796718269
136114138116
1457014773
1113812143
184245185248
6711075110
3114134142
4714949152
4412947130
132208134211
2312528126
5724759249
8511688118
2912532127
813013131
1058610887
1536215664
192165197166
1332713530
7116072164
1138911591
3421238213
5622358226
1265312855
74817683
43354636
4815650158
3623639237
4823057230
98242101244
40324533
7714479146
170215173216
152216154219
2719430196
1534415845
122217125218
028330
2011923121
9318696188
2918232184
170234173236
71237326
821712218
1506915172
21292332
187233189236
44444746
1032810531
129138132139
4417447176
01581162
2110323105
156150159152
133129136131
135134138136
7611178113
1866218964
1842718729
135178137181
175122176125
131181134182
8923792238
105233108234
2320625209
83368440
1569416195
95129813
190221193223
122245126246
1487915082
32184221
1047010971
107239109242
104246107248
1629416695
173119175121
142122144124
8614589147
109142112144
157165160167
1815818261
156171159173
59376238
43544855
3721939222
42129213
1011210315
1713317336
79668169
5020753208
171229173231
174187
1336313566
85908793
126236128239
5823063231
1618618189
117103119105
2615627160
54555757
1142511926
163187168188
129205132207
186104187109
186217188220
174101176104
1615616359
8423987240
1534115543
153108158109
2322925232
102188105190
151185154187
163202165204
147150148154
6422866231
105134108136
6116064162
8020381207
88629163
135161139162
4223446235
15901622
02283230
72597561
2815030152
71897292
7511477117
42007201
183209188210
073275
107211111212
195143197146
7212674128
166127168130
1446414965
1389314195
72477549
97136101137
00100
1139211694
2817631178
169208172209
1049610698
1114611349
179245183246
152242154244
1396314165
37584059
114174115178
3722540226
8891290
1182912131
103156105159
111246114248
6013563137
196179199181
419843100
197125199128
1320615209
182143185144
68527054
50595361
99141106141
22405242
179128182130
1118511486
85328636
183128185131
184161185164
9616298164
724812249
8314086142
7919281195
180186183188
1656216764
186127188130
144140146143
168162170164
6720369205
1973719940
139181142183
2114724149
141217144219
1547615877
96899892
1913623137
154249165249
115138118140
104183107185
90409342
3814341144
25502852
164238167239
142914411
1288513985
166226169228
1966019862
3521039211
9023394234
99163100168
151195156196
8813590137
1471515017
812835
162246165248
133161134164
117197122198
3817640179
15551856
196211199213
17462048
157138159141
5016052162
7921384214
169137171140
17322034
58906191
2913432136
136215139217
8322887229
1746317567
8611089112
117156121157
1363613838
24572659
1919021192
8217383177
2215024152
065366
196225199226
132195133198
12401254
113128114131
7023073231
30743177
157231160232
43524753
79498151
131121133123
1509315196
166246168249
31634168
3619838201
60656765
1271813020
2211324116
83198621
46384840
7323375236
022225
95196100197
18162018
1769718198
1316813371
66626964
1494115242
3721640218
89229124
188229191231
165118167121
195196198198
3519038192
1136011761
6715371154
187131189134
4922452225
26252927
7521378215
196246199248
815311155
085287
1746817869
1414817150
5816060162
1653317034
4215444156
195147199148
320371
83648665
134118135122
107139110141
1549415598
198217199220
132175134178
1288113382
1713817341
7019872201
1939019691
548589
1362713928
7220274205
1924419546
98208101209
1322816230
13701871
73177618
77767979
193109196111
7221075212
22165217
111166116167
57155918
1194312146
178229180231
157118159121
153145156146
6810571107
155135157137
195209199210
52187220
1029410695
1522115424
112107116108
107142108145
84879187
1621521216
4314746148
1529015591
1051010613
6710170103
133239135242
5112953131
96194101195
135223138224
1597516079
910923
19641995
1402514228
1612119123
1735717658
176149178152
1051911020
3115832162
060362
3021438214
36873889
1417915182
1006410267
17161748
190133193134
138142140145
1425114951
1744017742
50445345
128222131224
26942799
3310837109
4021941222
198160199163
72407542
131100134102
21802382
175138178139
6412366125
1604216245
1905119452
2816332164
1391610
5914364144
48825184
143179146181
26843085
1249512796
140167143169
5722759229
01902193
8921790222
92169419
142195144197
182178185180
1027211272
140188142190
166141169143
1073211034
2218527186
103238106240
9220894211
1366313866
122204124206
147220150221
100142101145
152113155115
7910880111
1155111853
1417614379
1218912690
12434245
63476550
3417637178
820410207
1876619067
3818541187
140245143247
167237175237
7812680129
28283329
81558258
82828484
98112101114
8015387153
8815191153
1305213354
5019952201
9117094172
1514118143
43904692
9510498105
93659667
159244167244
60476250
181229184230
159106162108
190121195122
702725
168106169109
1641016811
4218753187
162122165124
153197155200
119109121111
179173182175
61426345
112125115127
16751707
1777318174
77298031
5324156243
5321455216
1045010751
154227157229
9023097230
71797381
167213169215
1564115943
5311057111
1358113883
131108134110
4214143144
1697917281
1922619527
74647765
50695570
1386014162
20272528
2813131133
1188412087
656957
75677869
4117846179
188107193108
168113170115
109119111122
6410467106
187214190216
1954819751
67276830
122129124131
4111044112
1013413136
71547456
1316816170
7281229
100146103148
97659968
140191144192
65926993
10921123
171232174233
5817961181
6716170162
2212727128
7621679218
609962101
42204522
7810280104
38674268
195203196206
8510587107
912011122
