1746
0621062
169121172123
1794318046
1117611478
17597177100
181125182130
194219197221
2724328247
54175620
1311313415
53395541
5213954142
172128174130
42294730
24102712
163111168112
145140147143
1718719189
172216176217
9613199133
44664967
3121533217
80128314
74317633
109190112191
77448145
119246122248
036239
7512977132
1243012633
130220131224
155110156113
3515638158
1854818850
170817310
104131107132
7619878201
1484915051
3624339245
124175127177
68827085
94779679
54935795
31225125
145165147168
189124192126
148103151105
3414039141
189101191103
1302313225
1355813761
1108211285
135132137135
155229158231
9318296183
1209412396
86218923
138221141223
194155196158
118200121201
1443614737
8624288244
71849186
6012161125
7998211
181199184201
126218129220
169200171202
2216624169
8922891231
80598163
1272713029
8401042
4411747119
85908891
1121414215
1902319225
105204110205
155194158196
3111834120
1069610799
1613916441
1256813069
144208147210
7123574236
154132157134
01854186
5321358214
8423687238
166150169152
196173197178
197119199122
96249727
161102164104
1513415436
1245912960
1485215652
1422217224
154100157102
164233166236
8324083249
182204185206
1526615468
1087911181
11571188
17781809
115205117207
6220865210
103181107182
449947101
5510756110
1563815940
191146194148
49305034
1896819270
132173134176
1695517356
8931095
1517318175
1887119173
132112135114
4315546156
67236926
986310066
75697771
128241133242
1586016162
148106153107
6219465196
155190166190
4818350185
107164110166
4411548116
67706973
152114157115
1819021192
1042510727
986810170
1936119564
38284130
229332
138123142124
3922042221
6711969121
2723830240
9214694148
165230175230
125234130235
02073208
1931619618
4112243124
123139126141
7119774199
7219075192
12401291
1927519577
137185141186
1081111014
189231194232
3419837199
1015710359
5419757199
112206114208
51915592
404435
31296131
74467747
8421086212
140193142196
816210164
102210103214
4117743179
1299514095
46205121
142131145133
9801282
34323635
2324224245
2510528107
5212554128
1766217964
176119179121
3914541147
18462048
1667316876
159152160157
136913911
8916193162
81868487
1224316244
89879289
9420995212
149237151240
3716339165
1273212935
3313736139
590613
17601792
75667768
127182128187
4111843121
1724617448
178114180116
156191159193
81678370
6121562220
9861188
8913092132
7822881230
117140120142
91759377
1818020183
111203114205
1833818540
138224142225
184116186119
3618639187
3113034131
1865318955
325627
89579160
120226123228
2322026222
277299
109156112158
1966219964
1777118073
198240199243
153214156216
118208121210
1218812988
121183126184
168218169221
152197157198
7010573107
5320057201
150230153232
1392314225
6911773118
2512727129
1939619698
1813218434
8912091123
5321056212
1887519177
183164186165
13999142101
158172161174
182222183225
2516728169
85388741
1643516736
196137199138
1251712819
101147103150
1436614667
1287712980
164224167226
1224512448
142229145230
28233125
140169143171
1437814680
7815480157
190111194112
161202164204
193137195139
8321885220
9122093223
40314135
1031310416
117181120183
7713581136
8415186154
8813590138
8616688168
116164118167
154201157202
2614429146
4418547187
48710
87139015
1269512898
97559957
779980101
196237199239
42229223
21972698
65796881
1319217193
110143113144
2110324105
157161160163
121130123133
106126109128
103226105229
1117314175
188118191120
1028610588
178147179152
96429944
178122181124
111218113220
120118123120
111165115166
1245612758
179236181238
501515
126122128125
92549457
73367538
1022010423
7212175123
12461548
615511156
9312396125
1806118462
169237173238
6910073101
4421347214
1208312385
1110715108
53535854
124203128204
24752678
72767478
8514687149
8521154
93979898
8810591107
1497415276
9623398235
1822718529
40414542
47384940
1305213354
185168187171
136229138232
1372113826
1115211454
3710539107
1096711269
18272029
094197
6723670238
1122013222
98208102209
21576158
62496650
1778718089
4911251115
113157122157
118191123192
179191181193
39434145
14371469
39604262
146235148238
130211135212
70397540
162107164109
20922394
4321845221
4011443116
56386039
1021014211
21262428
120147125148
1146611669
126158129160
37313934
65306732
2423327234
1795818260
1177512077
1521018212
158199161201
107220109222
336637
1734917651
68777178
717739
1911422115
2215225154
160216162218
171103176104
93809681
44124615
1613419136
194245199246
32793581
1714417645
43464648
92689470
97129914
64936794
79798083
5023153233
36573959
60406342
1011112113
133177136179
3911740122
4522650227
134203139204
1492515227
26622964
11601175
6713768140
8512288124
1254312845
146239148241
92449446
113125116127
2313025133
150227153229
142165144168
157175160177
1806618368
34363837
1416717169
1162112321
64766778
47965098
181233186234
1931919423
5224655248
193247196249
1704117243
117196120197
129203133204
18632065
615916
157237161238
8213585137
697899
2320026202
1304413545
2324828249
48285229
1626216465
90279229
4712048123
1009610298
33463549
126158
16801702
4820949214
1023110433
14511492
17521954
96869988
110194113195
18892390
01811184
23602563
02442246
1036110662
5216257163
90219323
4415747159
146202147207
7812782128
5817062171
26652867
6315866159
1323918240
1699017193
1377813980
174153177155
144184146187
18841925
109212110215
125116128118
152103154105
9210495106
1847418776
99912101
117103121104
51438145
174172176174
3819640198
8924291244
1174912250
1294613148
9623098232
4716652167
143175
124121125126
4414647147
1431714718
1748217685
122243125245
1432914531
168116170118
6118564187
1716317366
1168011982
131105132108
61546356
196102199104
198196199200
1384614048
1291710
186210189211
024911249
483984
58616063
130195133197
177134179137
1064310945
107206111207
1271313014
97389941
161159166160
7320874211
2019823199
56566057
4811751119
6317165174
1176712667
161177164178
1821320216
9618799189
4921553216
31693371
1974119943
127209132210
31403442
187219
1231112612
1114511447
297598
1955619759
3216436165
130158131162
2417527177
1682417027
109172112174
1055211053
924012241
180174181179
1853419234
6014565146
72217622
1547415776
998210284
4218149181
5422657227
21292332
1525815460
6222364225
3317738178
1155211655
130205134206
115103116106
70107312
126188128191
181112185113
77737975
148229149232
11001151
8312685129
103119114119
1619516397
1974919951
2310826110
2918231184
3222735229
1782318026
1173512037
135140137142
1005510456
125149127151
3912740132
9617999181
181114183116
39164019
70717373
135107138109
101143103146
170183173184
1683917240
51485450
19601992
1731917820
4022741230
9424499245
156224157228
106225109227
37654067
148146151148
871010
21735174
6412666128
9311498115
109108113109
18001822
1455814761
3819340195
1318814191
3093311
4020343205
1458514887
1874518947
108131111132
82429245
1194312444
143197144202
1139111594
4314146143
126180130181
123206125208
6011065111
178103181105
170167173169
1465114754
149150152152
2420625210
11341156
145110148112
23572659
184144187146
183120186122
32207221
1613919141
141204142207
1514818149
22202522
12511454
1966819969
1720620208
28943196
1724519248
1745317755
9119392198
89549156
21165118
7816480166
9512098122
62906591
140208143210
30453247
62476548
84958797
161105166106
18131844
9799100101
175107177110
1967219974
15021553
128113131115
17182020
146131147134
1816921171
114221116224
1097211274
109216112217
1276112865
011116
6111363116
5119653199
1645616758
82114
176191178194
1829418496
84618664
128221129226
14071429
194184195189
191160194162
1020311207
1089111292
167147170149
5721060212
1604216245
1366313965
87769077
121142124143
1067510977
156155158158
197157199159
107150110152
40944595
7014074141
713912140
835858
1407814281
95539854
23532655
1066910872
8218084183
29903193
1142
6010263104
161161163164
1151112
1817018373
95899792
169163171166
1049310795
17197172100
153223155225
4314844153
114133115137
17931806
2214225143
162191165193
1422614528
1518715987
3310736109
1306013263
1610419106
7119376194
1154511748
1391314813
193149198150
150160152162
7017972181
15381741
112152115154
1662516730
98810110
1419419195
1815518457
5322857229
153184156185
4720449206
1086511266
167159169162
479780
1419414496
1965219954
57155820
99123102125
1963319935
1515618157
843884
7223775239
1808318186
239926101
8619290193
20352337
2521130212
2214625147
1846918771
6417666178
116174118176
11621563
5214354146
1922924230
1712717329
159136162138
1526915969
116202119204
1729417596
192225194228
116191117195
82049207
119241121244
105190108192
1697217273
2620428207
151181153183
1046310765
8912693127
145179147181
119220122222
136209139211
4013344134
3317538176
174246177248
1421914720
33173520
7024774248
158246161248
1924319644
78468048
549956102
4712751128
36423845
140187143189
87619162
89909391
52338234
1622516527
4223542244
4320847209
3223034233
829683101
188114190116
133136135139
8718689188
1146111763
4423146233
8116484166
116169119171
55495851
1162512126
172207175209
3618840189
188175191177
14941697
15721587
9318596186
113225117226
174166179167
102219105221
130213132216
911412116
975810059
28293131
1456214864
29793181
159139161142
138145141147
31533355
6481149
1181412116
7724480246
5413657138
179222181225
18752376
8610391104
3816840170
1953619937
9210794109
1332213624
3612238124
96144100145
1458814790
89849186
22563356
1075810862
11099113100
127155130156
4519448196
712810130
4624551246
1556715968
13651397
1328513487
5410359104
20772378
1605016253
136114139116
155170157173
5918162183
12097121100
3818340185
1863618938
13811432
17897179102
107175110177
174237178238
18521874
992210124
85698871
9519398195
7913282134
1245112653
68417142
35213626
143191145194
992810230
21755176
105245108247
71899191
109101112103
86298931
7510278104
1876519067
291493
1205512357
136221137224
2711332114
1331913521
97183100184
42694570
116111117114
43194521
3121136212
6724769249
1415119152
185125188127
4414448145
31615164
1122911531
126206129208
4116843170
7010974110
52357237
12881589
134200137202
2615229154
183160188161
1142311724
98226101228
47774980
32123414
4421548216
1627716480
722611227
8017483175
5719460196
19212123
42126214
1944919651
71567358
188168192169
19541986
188149189154
5117253175
1655916861
18171848
1457414875
6014364144
1717720179
85878888
1133711639
8419085193
1231312615
1275012953
128236138236
2811031112
135218137220
074375
7615183151
1507915580
166165168167
9610298105
144137147139
187220189223
106108108111
1051210715
1545315557
791832
152119154121
7524178243
153161156163
121144124146
4815953160
132913511
153211156213
174817610
149127152128
5024053242
163145165148
166113171114
81718373
7514377146
5211857119
2010624107
115247118248
1414814449
1905219354
111199114201
4924751249
189226191229
1188812090
101192104193
120170123172
1612916431
59506054
139229141232
193164196166
02474248
79368139
14321634
76347836
96329934
1034210545
6922872230
1958919990
193233198234
45104811
63226624
1821218514
166198168200
185228188229
518113181
131156134157
19952496
111122122122
1039610598
1688417185
6521468216
1552016021
5512959130
145233150234
1559515699
1936619569
1299613497
1319715200
712734
6712669129
21434146
129123131125
7110274104
122209126210
115128117130
98138101139
8115283154
6518868190
94589661
116232120233
717012171
158114161116
1135811369
1313713340
2222323226
153247156249
192119194122
1167211974
45835084
60747174
1856118665
2518228184
132222135224
1912922131
153186155189
166115173115
1089310997
5622157225
6013863140
7320075202
187246189249
197719910
4923656236
13661568
82208323
2817931181
31383639
1307813380
179203181206
42234426
5020653208
170151173153
103155105158
6510068102
1191112213
1254612847
58966996
122100123104
1279213094
147189150191
6013462136
1387114173
97499852
8713988142
70237226
1427314475
180247182249
137238139241
9616699168
113235115238
42434545
9323495237
176138179139
7616179163
21652270
116179121180
046547
725928
1112411327
5410558106
2922631229
174188175193
115210117213
3713639139
7212774129
6311966120
3919940202
182219184221
127135129138
63256627
7814281144
143238145241
1574815950
59476149
1154011842
1872619028
1520118203
9413897139
139142142144
4118343185
8221586216
7322676228
6124063243
3324635248
184214186217
5822659230
84928694
190919311
1210415106
4311046112
109110114111
155119159120
1342513628
48495052
1016010263
8423987241
1806318265
88399140
61926394
172213174215
113174115177
9413496137
1358413786
143223145226
1765817861
86278928
99105102107
2121122214
101202104204
1736717868
2423726240
33933695
2622329225
9217395174
103176106178
41564458
179194184195
1927119474
338640
01632165
93289432
170136175137
817510178
126119129121
3716040162
15491751
70637166
168224173225
182235185237
177175179178
1052111321
169187172189
131142134143
3920642208
5817760180
157214160215
1803018531
178189181190
7923783238
1308813291
1818718489
117218118223
68636966
1017910481
4119444196
8214484147
100173103175
3622739229
143175148176
139106141108
154244157246
152237154239
109123112125
5021152214
1801518715
113112115115
103129107130
115186117188
41516154
2518528187
60656367
1818421186
6921672218
99196101199
184177186179
1705017252
1421514716
01664167
2413427136
7218674188
1737217673
159816210
6410466107
158168161170
66337134
1712317424
59366337
5423957241
1933019533
1608716389
8719690198
1057810781
1621316415
1515315257
112131116132
141344
6012663127
162141165143
176147177152
106235108237
4916852169
3915340158
194115196117
1305013551
058360
113189118190
188155193156
193222195224
4922852230
15401581
165170167172
100222103224
2721530217
4411348114
991910121
51978198
197215198218
148153150155
1778217985
1018912192
104133107135
1812318425
20592261
142102145103
1045810660
1414614447
1693317235
66426745
8115784158
180107182110
143227148228
101215104217
178168180170
102235105236
107208108213
1311613418
1492915231
1846618668
58246126
113124120124
149915111
38204122
6622668229
70547455
576627
48875288
44614663
165102168104
5612059122
1319213494
1746517966
6123064231
97185100186
99102102104
134159137161
189192193193
146192147197
1496715170
1862918733
104146105150
78528153
74107712
7919282194
100176102179
10291331
2024522248
109192113193
1524516249
59826483
46414943
150244153246
1120114202
1313013332
1917221175
174138175141
8921792219
156136158139
6421167213
6615167154
1878919091
6318864193
32823584
105233109234
8115586156
1702117422
183158186159
1847818979
85458748
100235101238
8410087102
1736917671
50775578
68467048
1713617437
1781618118
1710120103
61757178
6721972220
51467148
13298135100
13151517
151165153168
02161219
1552215923
190246191249
2216427165
127712812
40854190
455658
4116245163
72167418
102120107121
7711779120
54965798
1689417196
15281631
138131141132
18572258
2118124183
50655367
10051027
82278529
29323135
8722988234
7620278204
078181
1454614848
142115146116
124102127104
90819283
137177139180
8016182163
62796481
4375
138125143126
137227142228
15521655
3515936163
103103106105
165227168229
3015037150
9113693139
1406414465
1602216127
190180193181
133107134111
189233192235
1733917740
143120148121
186111189113
9214195143
8419987201
4522848230
145198149199
184153187155
4824049244
1158511887
23692571
182227184230
3714240143
185230188232
2918530189
185241186244
123234124237
2620829210
114160119161
518710188
73257626
6316764170
1708617388
1313615138
7381039
868971
76278128
122185124188
126163128165
8911392115
1049010792
108104110107
1664116943
9011093112
2815730159
169156172158
91159417
1351213814
8120989209
101114112114
15371569
1359314593
105115112115
1834318744
24362738
89459148
68157117
3711638121
99232101234
1912719429
1447614877
7181618
116244118246
7910282104
162246166247
939996101
8016782169
91109412
171116174118
2112526126
6017563176
1556616466
146223148226
1919119991
18861918
5618458186
174164177165
150132153133
143172145174
160123165124
1335813463
194151197153
103207106209
5417457176
32243427
195146198148
44644865
974510246
123158125160
154199157200
1507115373
1459414796
1418514486
175218177220
1533815541
770784
909792100
105122108124
16211824
1312515127
1918819490
24502652
1162711829
101194104195
121135
159229164230
77137916
72277529
14691770
37234025
5715361154
166129169130
9417596178
1032810630
1638116683
8781379
27262928
1605416555
7717579178
1606716269
1272013021
1905019351
139233144234
144177148178
8522986234
37933995
1426914372
7024473246
4123541244
1822320226
12731973
31928193
1347813680
15441566
5420456207
1023613238
516610167
190184193186
123221126223
8823591237
1462814831
131180136181
54635666
160226163227
107159110161
4222744229
1213415135
123114124117
1176812169
138219141220
7021272215
124170127172
143242145244
126238127242
185101188103
1082511028
2911532117
1264113142
176239180240
7118273185
48245027
61436544
78678070
1223416235
175203178205
17322034
1529115493
4616148163
1728917690
61196223
4018643187
4418347184
1967719979
6318066182
1949419995
140190142192
9424699247
110167115168
1163011833
183128185131
1872318925
109139112141
106155108158
6122165222
9422197223
20512254
1037210477
1116513168
112178115180
1411014412
104210106213
83888491
13011323
1288513186
37964098
93249527
118155122156
8878910
81828483
102138104140
99117102119
163138166140
123214125216
179153179162
3114033142
58956795
5423357235
5110253105
1327113474
1522015423
175212178214
118229121231
3614438146
92589363
151207152212
116184120185
56775879
1342913731
1619619198
4024543247
190152192154
100245104246
105136107138
3511038112
48554959
94879496
82388440
793834
162237164240
148165150168
1138111584
134123137125
120158122161
185182189183
12731286
977410076
8814491146
95201100202
134241136244
150116152118
153174156175
1449714799
156165159167
8518088182
1481515116
1326713569
2317034170
104179107180
170161174162
1245412955
180158182161
712612127
1233412636
122189125190
1015213154
4910952111
1025010452
113123123123
194919612
94229723
2317827179
1398714289
89699172
195201199202
172195177196
22166217
1819718499
2810031102
78597964
114120119121
122152125154
1705717359
195118196123
186212190213
1173912539
1358713889
1383314035
192177195179
1358113883
151170154172
45855086
107194109196
2221724219
187238188241
45814982
4612451125
7623778239
122178125180
104151106154
140240142242
8013884139
127140131141
68977199
550582
7124074241
113209114213
4221522
5423057232
103240112240
132184134186
112184115185
126173129174
118213126213
3417139172
12551457
1395514456
1538
121149124151
1963819940
126243129245
149119151121
1311515118
1311321113
3014431149
5612359125
01775178
1296413266
5823160234
71877489
1904519745
1334113643
161194163197
1145811760
197230199232
142214146215
150184152187
1320314207
142105144108
4022442226
1382914031
178207181209
6012962131
9412696129
150199153201
45224725
7820580208
1315513457
8012283124
68277129
127211129213
145106147109
120137122139
48465347
379940101
1884319144
198173199178
151193154195
8117886179
60976399
1723519238
1494715348
197179199182
7012473126
67496951
1482015122
3217934181
1581116113
1759117893
50625364
1542415925
69797181
102112107113
9319696198
2910632108
4616948171
1568415986
1373614037
158218159221
218322
117131120132
143140144144
151188152191
113158117159
1894819349
1859418697
7321875220
18301881
140109144110
128142130145
143117146118
168173170175
123217125220
42844487
1432314625
1426114463
5415559156
4919052191
184114187115
4117142174
122105126106
180156184157
15251727
9111694118
6319866200
192173193176
24462649
134104137106
159205161207
2524126245
79338135
5513958141
1653716740
1181712118
114144117146
1761318114
57216023
129200131202
25152817
132198133202
194126196129
76377839
169921100
128192129196
