1762
104175106178
147150150151
109100112102
106194109196
67937094
1904819350
190148194149
51678169
34333635
2515428156
8551157
116102118105
161187164188
132174134177
01752177
7223474237
1492915032
100135108135
183199185202
158161165161
191191193193
1827118573
9813499139
966710168
1711217414
181103185104
1148611887
95139815
21242426
4811051111
1110516106
7523478236
39504153
3314934153
677979
3111034112
1038610588
143245145248
181127182130
7019273194
5516459165
11911222
142212146213
1228212484
58146914
8113584137
2214525147
2111924121
98171103172
188105190107
1708117185
8588810
1191612118
711411115
8912892130
28373040
48255226
192170196171
8022483226
168120170123
107175110177
90359138
64336834
130119132122
1311313415
13911423
187203190205
5123254234
02453246
112168115169
25642866
74517752
1069410996
156107158109
196129199131
3616439166
3519838200
46654867
1587615979
180214184215
174247176249
1402714329
1017413176
5419956202
1519515596
7915282154
119103121106
190185192187
1568315985
2023221235
33303532
51857188
29863188
62686570
187245190247
3520137204
80178518
159125161127
127242129245
5112252125
104179108180
196136199138
107158109161
1638416586
127125129127
1901219313
112239114241
159190164191
9311897119
47124914
11201142
108187111188
879990101
1777518176
15798158103
169210170213
5711260114
1514816153
1631316615
7322776229
1689617197
128195131197
184146187148
165226168228
146219149221
91299234
142185147186
145204147207
2323725239
1177011973
93669569
4712652127
9610699108
42126215
1469114993
143190145192
5313254135
8516587168
195196199197
039341
192118195120
22272331
1737717580
055755
29653167
179183183184
1258113082
2110126102
64666967
64566658
161206164208
1572616028
10101312
89809381
2110324105
82114
1723919242
51315632
110144113146
7020272205
126236128239
722924
184237186240
1296213165
156224157228
1711120113
178168180170
220522
1195712358
123147125150
82248526
1367613879
2716328167
6111263115
266297
1659616799
1206712270
41258126
2721630218
153146156147
2222923232
7161018
1016210464
1384114143
4420547207
178242181244
38104012
8910292104
9223095232
998210284
7713480136
192207194209
4211347114
151150152154
14731505
1432314625
31943297
5414058141
1125511457
61436345
52725673
125223126226
2314225144
1725017751
193104195107
1212215124
187218190220
1367313975
7411279113
70667467
81208621
115183118185
11031125
1663316836
3211535116
1816718668
8124383246
158152160154
88869287
71557656
138105140107
3413636138
8423987240
194212196215
94229823
186198187202
73357637
9416799168
1319915202
22322435
1676117262
78468048
01723174
107243110244
5917361175
140195143196
112188115190
4818250185
45105011
5913560139
1766217964
4616149163
1879219094
135193136198
172139174142
168134171135
133200136202
8819691198
1809018392
1924522246
181168183171
85588860
1285812961
97183101184
5512058122
160168163170
3015032153
19321946
140128144129
7424477246
1811620119
8111584117
195150198152
6010563107
149226152228
152122154124
17921814
777828
35384039
3911541117
2714929152
1952819929
1623816441
129135132137
186206188208
110204113206
995110252
22622465
196100199102
156206158209
115246117249
11281232
125104126107
153221155223
110213113215
1205512356
174237179238
116107120108
451465
103106105108
31395141
5516860169
1524316246
585608
1693417236
99155100160
1166711969
7722978233
116188118190
55745876
721210213
37693971
843874
103222106224
4910351106
11799120101
103125105127
153229154232
137110140112
9014393145
24532655
1041210714
166157174157
18001851
6215865159
145136147138
89899490
1754017645
1819023191
3118632189
229926100
1067011071
387409
1603016331
3715446154
1928819590
414617
915612158
1617216375
193100195103
1156111863
34903991
1134
70437345
1939619499
1715219154
175156180157
103236106237
6320464207
7314076142
8511188113
120154122157
157232159235
180239183241
44374739
1012712130
4317946181
28423243
120227122229
1271512917
125216129217
570593
1839618598
4521347215
101210104211
4213644139
152192155194
153211155213
61608162
114202117204
1164111942
8823991240
52135416
151233154235
1434314645
57776079
550753
9514997151
1671517116
46424844
6017663178
180166184167
1746717570
26152917
8322288223
195226198228
507529
110123112125
4913752139
1318516187
20402242
154160157162
87289030
191218194220
1132911631
1204112145
3612337127
25342638
1147511677
173175177176
5414257143
69767178
8618188184
180108183110
143159146160
9010593107
4915151154
3511737119
126130129132
89779677
3420937211
3922042222
155173165173
173111176113
45914893
6318265185
1921522216
133136134139
8711892119
36563858
113109115112
2222524228
2413827140
170242172245
1112111422
189191190195
1853918940
1253112636
4521648218
13298135100
8517490175
1444914751
142176143180
8320686207
186117189119
0008
978710089
5914062141
6410567107
186126188128
21925194
1851818621
3222536226
7617178173
13941408
6921372215
3815941161
185194188196
1710220104
78498052
1235112653
77448045
1117011471
1492115123
187238189241
68487149
8714789149
66536955
1902419227
1569515997
8121283215
135183138185
154196157198
79958297
136168139170
173202176204
1743717739
1022810332
103243106245
101227104228
1935319754
140172143174
5814263143
116224117229
1383914140
991210115
21942496
2819729201
60116313
129101132103
167110170111
118204121205
3021333215
150230152232
126108129110
190221193223
147165149167
164167166169
1918519487
1474315044
1244712948
32316233
184182186184
190204
87398942
51925494
2117829178
107120110121
89469248
4219045191
170115175116
9120493207
5810161103
129223132224
1149311795
924112243
4510847110
6719670198
182143185145
191130194132
156120159121
97145102146
5613558137
95249627
1323616238
166160167163
6319866200
44734675
128227132228
103144106146
18241847
5016052163
1303413535
128183133184
2121923222
90579558
130108132111
6516566170
170235173237
191143193145
70527254
166105167108
3524238244
1555515757
183179186181
9622998232
60926393
02123213
1384414146
2224024242
1244012741
5421656218
1766018161
1418414486
1826218564
25222824
6113563137
1158211883
5621966219
4511547117
1359313994
1816820170
77327934
145128147130
17582059
2411026113
122204125206
8513987142
9420297204
5816060163
1706317364
8119084192
14999151102
100137107137
8724998249
22692471
9315996160
177177180179
176125180126
157247160249
68297131
694897
5310555107
5314756149
159206160209
1415914362
193180196182
135175137177
11671469
1288813190
4914351146
127213129215
31253328
9418597187
15921615
4111943122
177203180205
39794281
4911852120
7014872151
185137193137
102180103183
1127811580
145140147143
1326013661
210223
1095311254
2520630207
1862618928
20792381
1016510466
044246
28613162
140149143150
1152211724
103215105218
1471115112
99152102154
5311555118
3113533138
1405414257
35363837
1723419237
108151110154
194143196145
184169186171
8220984211
105140110141
48165117
53175520
1218912292
5719959202
2212825130
7020974210
1376014062
4016245163
111233113235
188151191153
992310225
724610248
4619649198
147160152161
5014053142
139228141230
101118105119
107206108211
2117123174
14961528
69797281
1379613899
37593961
9424597247
17751816
6618169182
3313935141
39764178
170214171217
3012032123
8810589110
191174192177
1927719479
356379
1372713930
191493
57305932
4217345175
57876188
1477015072
9921043
16371688
5022253223
62816583
173117176119
171121174123
7312075123
1233713037
120185122187
108240111242
1802518327
1215214155
1877219074
150240152243
194193196195
6124264244
121114123116
1447714582
610710108
9221994222
7619579197
112207115209
71279129
8824899248
3716941170
53255626
165208170209
169131172133
2118325184
7719382194
36173918
1213614139
161210163213
117221122222
2223324235
1084211144
125122126127
19332136
491522
41517153
96198101199
1714718150
4115046151
2424828249
7820382204
3023531238
2524227245
126147127152
6116864169
1689017192
171151172156
72607363
1581915924
9418196184
110194112196
187179189181
1318116183
1516215365
1312313325
147196150198
100248105249
31755177
1148811790
179147183148
8922397223
1511417116
136115139117
40654268
9013892141
114214115219
197193199195
1346213664
110218113219
121100131100
162244164247
4112843131
1712620128
6914072142
1622518227
1965819959
1407514476
121172125173
1961119913
1479515097
116122119124
185176187178
1793418236
1704717349
12521355
1779117994
9619598197
168145173146
155229157231
160174162176
5022454225
441743
142168144171
192162194164
77357937
142914411
160137163139
1674416946
120121123123
3110134103
6612568128
112154116155
3515738158
1619616498
155237156242
156117158119
1359113992
101810410
77798081
1172611929
194113197115
9510098102
7715979162
150175153176
8024083242
1093411136
139221142223
1968419986
6811771119
128233130235
3113932143
85148816
109207111210
8315385156
6424673246
174234177236
3513443134
177180180182
1602216324
164224168225
191188193190
621010211
185111188113
1863618938
110160115161
170126175127
8812591127
1937419676
1417319174
17771818
65476749
5315555157
7516478166
154245155249
174143175147
818610188
66357136
601633
146232149234
123155124160
4375
2218523189
1182112222
8822991231
42694373
154128159129
38824184
8513587137
196120197123
10761099
1483615039
126168129170
5620859210
2320025203
3323838239
175122178124
193177196179
155154157156
1222415225
126119129121
116208119210
791993
7371039
161146164148
1946719769
8419787199
144229145234
5815662157
15131535
1635316457
137133141134
88959296
9217396174
8011184112
152102153107
2414826151
1943219734
133108136110
84458747
1538715688
191226194227
8912292124
3422038221
43314633
5522858230
169205172207
55135716
55645866
186138187142
4920351205
186108189110
177141181142
32643367
5619360194
159149164150
8823793238
137215138220
126111129112
1375014052
3317538176
3210735109
7923684237
1044010941
3718040182
7320375206
9523598237
7711480116
156176159177
912411126
33543556
056557
195220198222
125232127234
1874119042
22752577
1751417816
8720890210
74687770
188188190190
18699188101
131245133248
7211674119
13971699
74277729
8221684218
4678
2121223214
1231312615
6321268213
1173011932
111228113230
15741589
100190103192
59756276
409943101
4016442166
127165130167
63627162
144102146105
4616749168
150210152213
198181199186
101219104221
114104115108
127203130205
17222024
5610559107
4813350135
1514015342
83928694
161111162114
101186104188
1088711188
1354413746
1678116983
1616019162
1581416016
191244194246
167231178231
195246197249
43654568
1824823249
1656716868
5424657248
3014632149
1724417446
1636116662
185212187215
79118213
147103149105
162157163160
65197219
1947119673
1484715348
151131153133
1358013882
5418357184
1466614869
141165144167
124235125238
2111223115
1323916241
1465714762
7223875240
166210168213
6321666218
32623563
1758417786
1599416694
1515315257
192202197203
111244115245
2212627127
1423114533
8016583167
1444614748
177245182246
1219117192
184231187232
992610327
48235124
43944597
9712099122
127122129124
1351513816
1154511650
1507615278
2819431196
5216653169
1767217974
1864718750
180224183225
8918490188
123137126139
9998102100
136178139180
1655216953
153206155209
73177619
1746117566
142145144148
186159188162
8015782160
88319034
173244176246
01085109
4420146203
176166179167
8819992200
3215435156
3710438109
148135150138
24792681
3316936170
33953697
9420997210
123227127228
1905119253
7722282223
1184912949
55675671
182203183207
991810022
108147113148
125240130241
1922321226
1153312034
9118193184
3121942219
6314465147
1195212254
130181135182
1189612098
49775378
5510157104
104213107214
4523047233
1668617087
166189168192
183161185163
1558015782
71927693
20722374
129207132209
170112172114
1334713848
106234110235
136177
9118693189
110129121129
164171168172
3912447124
1382214124
86498951
196126199128
154199156202
166151167156
133102136104
1451814820
184217186220
168176170179
189124192126
1327113672
84718674
186121195121
1768117983
7923281235
151143154145
174101177103
6712070122
7824380246
126206128209
174817610
76117813
173239176241
1132511627
1882919032
3921440217
130123132125
158178161180
3915743158
154180157182
2916832169
3024432246
650682
1109111592
417439
153164155167
8801182
78258127
171173176174
359838100
3820140204
87619063
41126115
5912061122
7019973201
53815584
1819418695
922812230
3412837129
161183162186
67856988
30703471
160231162233
966910070
99193102195
1948119783
168128171130
14721774
622211223
169223172225
50795281
99231103232
21572360
162126165128
106172109174
30163716
85958798
66697369
1833718440
120209123210
6511170112
449947101
5612758129
51565358
178164182165
165244168246
132148135149
864967
69377238
108200117200
71747475
104181106183
8917890183
156163158165
8218085181
4716950170
1932019424
9615498156
22972598
172192173197
18998192100
164219167221
2120624208
14561479
84288631
1317913481
54775680
6924372245
114211116213
5024453246
4823150234
8016283164
2310726109
28523154
165186168188
1123214233
6120462209
1312616127
2013923141
112177115179
55455649
140145141148
624411245
145147149148
109198114199
179233182235
264295
815011152
113122115124
147162150164
2324627247
1821920222
181111184113
51357138
124191125194
66687368
3615540156
196175199176
1538
1323913540
3623240233
158227160230
1124111543
178173181175
1241612520
2416027162
147107150109
3314534148
1423814342
9111493117
62376638
1806918174
37943997
1848918791
99235102237
1677717278
1717820180
1745817959
56505952
131126134128
42764578
164222168223
139137141139
137151140152
2922531228
151134154136
716739
87218923
145164146169
140116142119
138191140193
4120343206
6417467176
77588060
137131141132
1621518217
9313695139
110110112112
2513127133
8516288164
189213192215
6513666139
5323956241
64896791
4114643148
187182189184
25602763
190239191243
158238161240
5217354175
992810130
986310066
15281633
1818618488
171136173138
9023393234
1049110793
128179129182
3120933212
6851086
78558157
40744375
084585
13051318
69257227
70957298
1555115853
194154196157
11331155
1188912092
1219514197
2421327215
192112199112
1020512207
186587
1661916822
4521047212
8521386218
829884101
1165111854
154215156217
1417516177
086093
88459745
133223136224
1066210964
4718755187
13281359
127138130140
12601365
1021110316
117238119241
4714049142
125180127182
104122107123
199721100
74807683
148140150143
63286630
2819231193
130214131217
9951297
1472414926
182158185160
105128106131
161216164218
41924493
144195146198
7619079192
6021062212
1952219626
97233102234
179199182201
182120185122
6524268244
27832985
117134120136
7581060
184203186205
15901892
19902391
181209182213
1762617729
1542215723
56906191
2013623138
192165195166
49905291
1338813690
168247171249
3611239114
3813541136
49415342
29353336
60316333
2618427187
1963519937
174207176210
157241160242
94799682
121107123110
1509115393
2918430189
159816210
76147916
56535856
7622081221
159163160167
101157103160
3221635218
158134159137
989410196
2413629137
2321626217
5821159214
174182175185
1198712488
69327234
1173511938
15671770
189159192160
142130144132
22012208
7122173223
97205100207
68227124
169186170191
7110776108
6916173162
75648664
5415259153
151137154139
180158181161
4516448166
113100115103
23202821
011114
45344836
1202912331
1914222144
42514453
56175720
1204612348
24562659
623911240
139914112
74577659
2924732249
118200122201
193140195142
41978198
51827184
1583916141
360373
1827418576
77897992
81658368
1034310645
1094511246
4823951241
1311016111
198113199118
8720590207
1347413578
132164135166
167239172240
1085711159
189207191210
171177174179
163203165205
24722674
27692971
1391914121
2711229115
1875118953
1912321125
3713040132
197239199242
1792011
154102156104
103197108198
12501282
1161311915
4114143143
5118253184
1484515246
103238106240
44694770
559960100
150116152119
148121155121
90539355
55395840
5522457227
5520358205
1128611390
1114114143
1499815698
551564
126141131142
40594560
2216023165
7220775208
15401572
7819981201
118206121207
182139183142
188231190234
152236154238
18196182101
10411343
9113394135
529854101
165214167217
3621438216
147157150159
537559
1908219384
151157154159
153118155120
114158117159
5220354205
87119
99217100220
8915590160
101207106208
187185189187
146191149193
3617137174
5018054181
87728974
5117053172
4022341226
5510858110
44234724
1108011185
1106111462
52955597
7322476226
11061147
1013510337
1517215275
3923941242
162177163181
6521069211
84528754
1717417376
3820743208
4219645197
6710070102
73327634
1378513988
1094711448
126101128103
72317931
6817471176
187216192217
7813282133
6023363235
192210196211
4319845200
4216845170
111183114185
5022653228
1774218044
7716778170
438640
52745476
197108199111
1653716739
1725517457
99238102240
2113124133
1352713632
3914046140
3618339184
6715068154
1019812200
188132189136
160120163122
123200126202
95719873
98209106209
1712917233
6513468135
1197612080
139234143235
25253026
171232173234
3421239213
40874191
53645469
20272132
11561188
135105137107
7821679219
6721669219
150221152223
1418817190
118196119199
01623164
67567057
1224715249
62079208
167197168201
77827984
125163128164
98210100212
3316136163
145224148225
3113033132
1697917280
1554315845
177212180213
5714960151
43614663
157130162131
1803018233
101109104111
24432744
142133145135
3617739179
1773017933
51355337
111225115226
186102189104
88979198
30553258
6020264203
40854486
134129136131
172128174130
13999143100
133123135125
1515518157
118162122163
1949419995
168101170104
173151176153
1837718579
114174117176
184115189116
112236114238
157104160106
84438944
2116823170
3318534189
62866588
147213148216
471485
11123115
10611164
34673968
4815650158
126171128174
1944719649
10461249
110158113159
1161611819
1638116683
107202112203
5122954231
2821030212
161117163119
8924191243
166916712
104103107105
7891290
2710030102
1867518878
5021253214
93299531
1828218783
1326513567
7310176103
66836984
188174190177
99229102230
4212545127
1692217224
6922672228
131167134169
155122157124
1039610598
4917351175
9124493247
916948
9319098191
98103101105
3919842200
167241169243
1642816631
74607662
1217814180
1949119793
1131511518
116168118170
141160142164
1443914741
82558360
3017933181
1985319957
4811351115
1463014832
171160174162
166202169204
2813330135
73227624
137164140166
31325134
164240166243
1055410856
1487414979
2722328228
121134123136
02204221
6186410
18541877
9616198163
13501382
63536555
21474149
1287013172
100106102108
155157158159
77177920
1068310984
1916019462
1468915190
102199107200
6520168203
125183127185
1566416065
1468615786
83618663
132105134107
197207199210
6912473125
7112072123
147235149238
9851008
1027010572
1018910590
5316055162
8217887179
99196102197
85126
73257726
144175146178
3917144172
1463314738
64116713
72717473
112170115172
1642516727
1892219223
21182619
4211544118
258560
115180118182
1376314264
8521190212
2192311
196199199201
40614264
1729618096
1932519430
197211199214
1515815261
919411197
132240135242
2222326224
7467510
140113142115
3017735178
8211883123
13021334
179149180153
197156199159
1977019973
1339113494
1284013042
113125116127
144173149174
20782878
11751477
194237196240
72767478
186191188193
957410075
1003810339
1275012952
1128211485
1691917121
7022972232
1714217443
170201172204
80918294
8723289235
145144148146
34923893
43104413
966110062
1591116113
1045710759
61938196
1316317164
61759176
1845818561
155168158170
1166411866
88789379
197153199155
179121181123
94119812
81508352
2822030222
7917484175
153108155111
105225107227
28273029
27552958
8518788188
7024175242
01673169
196105199107
4414647148
12631294
6023663238
19661998
53505553
16898170100
92979599
47604963
132214133217
6315066151
63756478
9222895229
122101125103
108225110228
114144116146
276577
1271313014
4415747158
9614198143
98226100228
1782818229
185208
1733417636
36544155
1956219963
1614516347
1014712149
10911294
1219712498
1502415227
93849488
168147173148
