1788
4911052112
396419
8714192142
595797
5318054183
36243926
165175167177
1758917891
177129182130
8011385114
183199188200
40864388
138137147137
1395614258
22043207
143445
127102130104
6818970191
194129196131
3018534186
25872889
1573715939
155153160154
175108180109
108113111115
3114436145
16771709
193115196117
584886
44304732
7817880181
4615751158
21849184
28223124
3921042212
196103199105
1653716739
74417544
1036610668
104146109147
194106196108
157197159199
7920381206
118199121201
4521447216
104123106126
6513667139
358660
1381314016
923814239
1674016942
45895090
150207153209
185229188231
1874919250
99141102143
165159168161
9019592198
7613280133
4618049181
166150168153
1295313254
1619519196
5023152233
1421117212
172187174189
1327013373
96183100184
989510196
181106183109
106140108143
2113124133
162104164107
88399140
127147130148
1183712040
1219612497
1466915070
1352213824
1586716069
37104012
7224675247
78788080
82288430
6523668238
7817481175
103100106101
1643516736
6215864161
159102161105
7418277184
3519838200
7087310
1868818891
6423168232
1295512962
1376414066
107123109126
184168186171
60326235
1304313245
104205106208
2423327234
9519298194
1083911141
11621464
4913453135
1577716178
84158617
2616028162
21945196
123177125180
56705773
08211
7401042
131201134203
1610820109
50645267
185216187218
1512915232
99167101170
149219152221
2411427116
929996100
194171199172
116144119146
123163128164
14061429
86578859
116137118140
1697617278
149243151246
6424367244
110228113230
115221118223
5215153154
185122188124
121239124240
7214076141
62448247
4317147172
2514927152
1857418776
99123101125
150161153163
176157179159
160192163194
98146103147
1818818490
195220198222
178188181190
131135134137
81898490
1710220104
1055410657
1406714269
45335034
293325
13501751
3216435166
1076511266
1154411845
36683970
9012392125
119154121156
126165130166
189198192200
96169918
68147017
1097311175
139141142143
106118109120
179239181242
168230170233
27253027
149204152206
3121033212
194247196249
6014562148
81228424
5517060171
88269128
4114144143
1952019921
672874
1289513097
6813976139
2221525216
8321086211
1308313286
122136127137
7317276174
145233150234
848889
97509853
82698571
41687170
6922972231
4619348195
94589759
12099122101
1772318025
3413537137
145130147133
119239120244
1807918182
27383040
1754017742
1189412096
192173195174
32206221
1832118523
76197822
43584660
62338235
133126136128
17651868
187168191169
163152165155
15241826
1885519157
1289213094
62656566
146236149238
5419056192
8610587110
149232160232
16431845
1742017623
104179108180
60516353
123181126183
2821931220
91459447
11741476
8989110
995110352
6311564119
5095310
4217945181
122205125207
13651397
141128143130
5311058111
1123811540
7224374245
183178185180
1341513618
1120713209
8911494115
90229324
1866418867
71397540
39294231
1368613988
3314136143
119162122163
20362537
1862318925
122106124109
124122125126
83558557
65186820
137116139119
52765578
174117176119
56196020
61966697
1597016173
194118197120
5210155103
137242140244
1556015763
3519639197
16812082
120218122221
152144154147
28753376
1499115194
103244104249
169150174151
137113139115
815613157
1026010463
189117192119
67457047
31325134
2911932121
156155159157
1438814590
1218612487
128199133200
1973319936
181114183116
69877189
78588359
1574815951
1615316455
5717861179
7421177212
37843987
69377438
132186133189
2011423115
108191109194
171115176116
4013543136
187148190150
147198150199
1817819278
189245192247
18931925
4312745129
182227184230
80418343
123161128162
143198144203
194196198197
88379138
195213198215
2912232123
7523677239
6214064142
82808582
102115105116
19182419
17832084
102130107131
6117669176
2015622158
9624498247
35343836
1623119233
8016783169
5310456106
549756100
195141197144
1913821140
156171157174
52595560
9613998141
9018092183
136151138154
11521193
213813138
1737117673
7823680239
134163136165
85138814
4017643178
16411673
4110743109
1459314895
166167171168
2524527247
12541556
192157194160
34514551
51925693
1436714668
169203172205
172102175104
122165125167
6815673157
156118159119
64536755
79911
160122165123
993110133
70487251
133211136213
137171140173
84918694
8521788218
59796181
15281830
178209181210
104810610
176199177202
152188155190
1483315533
194188197190
190218192221
23402642
129218132220
3515138153
170125175126
142181145183
5816969169
9271428
1954419746
65606862
4518847190
1001410216
19161947
1529415397
12481649
6511869119
9611199113
52835585
1424314347
189231194232
23972699
1339013593
6419367194
4020242204
1682817030
5414059141
191207194209
9620599207
111210114212
104183106185
3023231236
140146143148
196209199211
1494515246
114911711
182918313
1604716250
1707317275
1782617929
124153126155
4320646207
589759100
8718489186
4612848131
7921686216
813510137
7912284123
1563316034
115212117214
6119562199
161140164142
133205135207
1895819259
1611016411
111120116121
6412567127
104103107105
8123382238
183172185174
889891100
6917372174
1316115163
6520567208
187106188111
1081310
105231107233
112199114201
1954719749
111246115247
1772018021
145217148219
189122191124
67257226
16498167100
133229136231
183129186131
61638165
136102143102
91509651
7116472169
179481
9111694118
41114512
73477550
1262013021
3421238213
2110724109
13941696
19531976
100110103112
263285
67777079
915312155
63306435
33813584
107222109224
2715831159
5312855130
112154115155
140138143140
6518267185
16171649
3015633157
154206156209
6321665218
74667669
45934796
01293131
1319415197
151142154143
1424814550
37583961
1578016081
1495615258
5821161213
8410485108
1804718249
0537
1401814319
158125161126
3918841191
41614463
439946101
111156115157
78628164
2418028181
102234105236
7621980220
3020333205
1553615640
1195612258
53645467
997710179
46494951
4010544106
1124613249
37543957
71357536
159215161218
156189159190
1819921201
1317715180
5922166221
30103311
166248170249
1668316885
133218135220
7911581118
112206114209
144102148103
2621130212
161211163213
1579416095
7511378115
1412614329
1355713859
1862019021
62156516
9314796149
45654966
63876491
1027210773
32363438
3415437156
14811513
179136181139
57746076
180133184134
123218128219
102153104155
94119712
57675969
4523846242
7224074242
151195154196
77328034
4820151202
16098163100
58876090
185210188212
16171819
163143165146
8614588147
9216294164
61948196
4415947161
3415739158
96309832
8815691158
1201512120
49355436
69597261
77527955
101158105159
87928995
141178144180
994810250
27963098
11198112102
8323486235
89689469
1409814399
57435946
62236525
3421836221
61766378
3619038193
135138136142
8024585246
18312133
1216812669
81399142
4321845221
52865489
135221137224
42904493
1737417675
6517368174
2611928122
102197106198
180157183159
90819383
193109198110
9117294174
5916362164
191143194144
159246161248
1651316618
21544156
9616898171
125119128121
99194102195
171231174232
1465914861
1052610630
114174118175
2023123233
428730
1445114753
9522899229
181112186113
152139155141
1896719169
9316895170
42046206
23652766
354557
6015861161
183193185195
175153178155
92799680
7523377235
10999110102
69567258
90299231
2012923130
1063210736
170140173142
52078208
5924762249
1305913361
427458
187188190190
150225153226
1708117482
1418117183
138248142249
1896419266
176103177106
7112472128
20692371
115127117129
166142168144
154228157229
153199156200
7819281194
28333234
7516677168
1689717398
161127172127
5723260234
01743175
193102195105
1013911142
8810191103
02353237
1117811480
22802581
4616748169
15831615
1812418426
1353613838
113142115145
1377613979
5311757118
6720068204
112140112148
1937419875
16801711
21527153
156120159121
1745017752
769978102
106241107244
3421038211
1464414847
7417877179
1103111332
998510287
3722340224
56555857
1094211144
4216245163
169185174186
149229151231
1549715699
1407214373
138223140226
21202322
7815481156
144104147106
1012810430
60106511
24522555
5913561138
4620948211
47574959
4112043123
54705573
1079611098
115188118190
4218844191
1634916850
1749517598
100213102215
81788479
1688817090
487690
1721617320
1497815083
1114711349
8810590107
50465348
184164185167
196173198176
1324013542
1709317594
107152110153
154130158131
3824140243
155105158107
1443114733
196226198228
168102171104
3012935130
40664467
1441814720
168147171149
45774879
02402243
183190186192
171220173222
163149165151
1676916971
1357613680
1668617187
182161185162
1354713849
8812990131
102216104218
1521215514
95759678
435737
152230157231
52255626
8011185112
173164175167
121118124119
142184150184
134129136131
4014743149
6012762130
97219100221
8220583208
116247119248
8619287195
66216824
951010310
4712149124
175188177191
184148186151
7823081232
1407614378
3823841240
60126314
1101611121
43805280
6514168143
3012434125
01902192
12261248
185201188203
9617299174
1012412126
1129511796
81918394
2516627169
85648866
1939319695
60446545
6022662229
85378740
8711790119
32425245
153118155121
169237174238
110195115196
117185119187
6415567157
579781
174219177220
468869
2824329248
1206412267
116141119143
6331134
157233160235
48915094
26533054
22892492
45634964
156221158223
19801993
165230167232
137163139165
22084210
185119188121
111158113160
163172166174
1349613698
130153133154
79378140
118164121166
148106153107
20932395
2412327125
149102154103
6110563108
93309532
19571998
3319438195
1175312055
1148711788
5710360105
129139131141
167221170222
119202122204
162156164159
1023110532
3223835240
34463748
1898119282
68337035
175239178241
125105128107
6515166154
1765517957
117132120134
1575316055
33593661
166116168118
110149112151
37984299
3012734128
3424441244
810011102
1948819592
3024433246
132223134225
1372914031
1245012653
147165150167
1075510859
166227169229
5522358225
62796680
51899190
1024510447
154221155225
140113142115
171135173138
197130199133
2316530165
1018910590
2213824140
31393440
111203118203
2621328215
127181130183
108168111170
1144811750
15331546
1468714890
1379413996
9419796200
135208137210
73327634
2815230155
1213712241
3917042172
6920270205
141205143207
1339413695
71437346
3618738189
197113199116
5312456125
4013343134
7022673228
49725174
3822540227
94659767
149916102
1526415467
4517548177
33623664
2110323105
121145124147
177235180237
454476
6914071143
9523399234
135234137237
193244195246
1868018883
100189103191
110109113111
7587810
82378440
76357837
823115231
104135107136
1325513458
3610439106
10651096
60706571
60466348
116164117167
170217173219
15798159101
62816483
110180
8321288213
18742176
146195150196
144142147144
978010082
4375
1685617157
1534115543
68807083
4614849150
31853387
14798149100
1113614137
127158130160
149122152124
4322646228
1869819199
52325534
7120273204
131206132211
6820670208
167165172166
191161194163
44704771
105151106155
44374739
15691871
8713590137
13699138101
2119128191
1468114884
1441314517
148142150144
189100190105
24692671
6015362155
171208173210
1292813230
1561116012
74177521
122138125140
122199125201
1164111843
1598616189
853958
1415114353
11191322
5314654149
174206175210
1517915481
2218524188
159136162138
2123423236
1619117194
7210775109
130172133174
5121653218
182240184243
162216165218
7722380225
2922332225
1312213424
1822718529
850872
88849087
132103135105
3121333215
1442114723
1368414085
118812011
1632716529
2612629128
77667969
127232130233
982210223
190227191230
1634016642
172176175177
1966719969
3322336224
02113213
2414527147
1835618757
141153144155
3517438176
69927195
190125192127
13311353
9013893140
12871319
72179219
102148104150
1121013213
1766217864
972610227
1645616757
2014122144
5712562126
67876890
1591816121
104189108190
7422476227
13891690
137177140178
143220148221
1482215223
7921784218
40204322
7024571249
11341166
169134170139
56145816
2222825230
97120100121
173110176112
17361768
5688
1617619178
180143190143
4612548127
192202197203
3524738249
188159191160
6111162115
649867100
187139192140
151210153212
126220128223
1746217565
1398914290
4916852169
1411314315
1711619119
1334313546
49445345
139107142109
8712289124
1496015261
7120574207
4015043152
1371713919
118148123149
72209222
1903619141
2622828230
1921619418
3013533137
81758477
174142179143
1805418257
48255126
3524137243
3711738121
103160105163
118205121206
17462048
16241656
129161131163
157194159196
5815061152
1755817760
1208012481
13341357
548579
8941196
6524768249
178181181183
2513828140
173203175205
1235912760
31926193
2919332195
165156169157
1321914222
47755176
142118143122
184234187236
174127176130
114217117219
161244166245
192121194124
5616257166
54295631
8311132
12011233
9351237
75937895
5619758200
920952
175182177185
1634516548
7312480124
120157122160
1424417246
150227153228
159130161133
10591560
2816630169
1264612749
9315896160
256278
1312215125
137145139148
3019931202
1671316916
83728674
01511154
160228163230
2118924190
174163185163
5710760109
82608463
2316624170
123220125223
26552957
16912192
112163113167
8124784249
1382514028
184102186105
1391014112
5120554206
01673169
60426443
1185012052
3823041232
144185145189
39324135
1413317134
1611021111
32407241
99104102106
1613316335
114158115162
198141199144
179121181124
1545115654
180178182180
170213172216
1799518297
82118414
12551278
5620859210
51796182
62206422
16541856
1823018531
100210102212
9318195183
1409614397
174122178123
116157119159
114110119111
6314666147
177194179196
43284829
1824721249
1268112983
164147167148
135111136116
082384
1251712819
7224877249
103106105108
139175144176
5918670186
129167130171
159219160224
157163160165
85878790
84188720
172128173131
1887019172
105175108176
156110157114
145214147216
1111513118
313515
994510147
6314866150
164185167187
130245131249
7717680177
156122157125
1859318894
33323833
20962298
01702172
6217364175
114133116136
1807018273
8617688179
1836218564
10111115
431463
163188166190
1773218034
50235324
193177196178
01392142
138197141199
133214136215
165113168114
30663269
124130129131
7010173103
120110122113
73597760
822510228
165169168171
154162156165
71847585
162246165248
164191166193
1483015032
1710021101
6021462216
96137
1618418186
1809818599
1068710890
32483352
3420336205
2918231184
2319225194
14301453
102172104175
8222984231
160195161199
1799318494
140164144165
189201191204
5022454225
156249165249
160120165121
6420166204
11897119101
3423437236
1110515106
6818371185
6224263245
98196101198
3221933222
84418644
7820879212
94839984
182124184127
162201165203
157127160129
1813818440
8417386175
4414446147
2814830151
153122155124
1223314236
174243177245
157140159143
188241191243
80558257
35293831
1827918581
17731795
50275329
1776917972
195231199232
160237163239
3513838140
1773518236
5023751242
98115101117
74807782
196233199235
1291013211
1278612988
1683317035
64366639
1226112762
9771009
8522290223
712911130
143171145174
1571516017
1259412797
173197176198
45444845
186155191156
3920542207
141212146213
3714340144
135200136204
8014488144
132138134140
164234166237
225329
1045110653
145245148247
65316932
36213923
1619116294
165129167132
100128101131
1785818160
7011878118
1725817460
131101135102
1677216974
1363913742
3917343174
979999102
123215126217
7823380235
916312164
1116111462
1617919180
7710979112
33953697
6022365224
78838185
4813750139
110202118202
6023962241
32563458
2518928190
1336213664
44234725
145108148110
1411516118
8512987131
981910121
6312865131
7818580187
7123374235
1478515286
6123466235
191150193152
6824371244
126167128169
107182111183
924410247
189233192235
1267412976
136218138220
2823931240
175186178187
148145151146
1314824148
137200139203
179172182173
8813291134
1343313735
1067010971
1256612867
5311258113
1541515618
4211345115
119222122223
169143173144
26622864
100229102232
189191190195
2710529108
167172169174
125224127226
151110154112
1745317954
1521515318
132247134249
1725617557
1513915440
3720538209
1126911571
151164153167
1194512247
66656967
1012112123
108231119231
1564115844
516538
8113084132
1182912131
9671269
42264727
188133193134
1413014333
118127125127
40584260
182175184177
124196127198
46115112
133108136110
8914892150
27123013
2716331164
5911068110
1522019221
135166140167
1494115242
516718
7818281184
1307913182
7420877209
1049110793
11761207
14541486
6323965241
121142124144
123158126160
29583160
153815411
9320295204
30913393
69397044
9622297225
4211044112
119232120235
1311015112
13901422
9518997191
69687071
5323256234
6322568226
179174181177
18401940
15311734
1235712758
178184181185
131149134150
1394614149
1596316464
1721117315
3721839221
799980104
8420787209
197122199125
1714119144
1318713389
3314934153
1402014321
53535854
191187193190
1413414336
160147163148
1021711220
37944096
119191122193
184135186138
7621678218
166162169164
107207109210
1414916151
5817259175
21355137
1463414935
126156131157
139151144152
1985219957
1214812350
108215112216
14941526
69237424
7020973211
144127147129
162182163185
116181118183
161163165164
122185125187
184114186116
1722417525
13791581
8914391146
25752778
1586516266
21232326
1918221185
5119954200
139214144215
37894091
1243912642
38393846
60926394
470511
1335013552
4219445195
171139178139
65886693
1386114362
1124111543
87708973
9610598108
142185143189
2410127103
6319564199
120249129249
165139168141
1447814780
1984719951
9215594157
8019983201
73867687
7212275123
3514939150
128184131186
137123142124
625827
1143211733
1822620228
8121983222
1053710938
8013582138
1194212244
1904719448
1926719372
29893390
1197412475
1199112293
10921114
2622528227
172190174192
1455414856
41944495
609963101
1026910571
76427944
164204167206
185240187243
192137196138
21462251
1275012952
1843218734
35543658
1034910750
2814636146
6120063203
114178115183
150235152238
1813320135
9310398104
144120147122
3919841201
1862618828
1947219973
156136158139
57325935
179213184214
1377414175
125170128171
106132109134
121208124210
2020822210
1418514487
167235168238
179150183151
124912710
9024793249
1616018163
126179129180
186144188147
3322736229
1157311875
2017923181
2120224204
94229723
165219169220
140110143112
1114913151
7422977231
1127511477
62566361
183246186248
1813218334
2922630230
5216255163
12401263
98241101243
1257812880
67916896
8523090231
144134147136
17599177101
108128110131
80448148
126139128141
7219775199
71177319
1517318175
112113114116
1501315116
144145145148
2911032112
97144102145
1138411686
172158175160
1816618368
142242145244
1188312185
025129
86298931
34273928
3421536217
1922119423
4121344215
156217158220
172239174242
82458448
1696117263
193218194222
1095211155
113197116198
1496415166
16361938
133226136228
919410197
137194140196
8720591206
71637465
7015072153
1605616358
1306213264
90709173
2112123123
48375139
1894319344
12911593
39444146
263465
184237187239
12941326
191179193181
41374340
1167811980
42334435
192193193196
64466649
192201199201
1946019762
484525
1113311336
090392
48855187
716010162
89659167
6123063232
920710211
2314328144
103211105214
823215232
107195109198
1491611
4723849241
178145181147
175149178151
185196187198
154226157227
2618228184
6514472144
911410118
6213365135
796847
1636016562
127201128205
9515296157
7719578200
121114124116
1874618948
135175138176
1965819959
2218225184
146162149164
1244312745
162214165215
10021034
1817719277
148134150137
128134130136
4320446205
192184195186
1572815930
161222164223
182119184121
2224424247
20562358
40544455
02141219
1818318485
98240108240
130333
137120140122
8611388116
51209121
28493151
1288913091
195158199159
9012092122
1108111383
171195172199
184100188101
46724874
6722070222
116154118156
3823541237
134240136243
116160119161
64506652
7323674239
2052
185226187228
10099102101
95479849
472523
102168104171
62846486
2811631118
119194121196
161151162155
180140183142
64767576
143101151101
2813133132
54465648
6412066122
1664516947
212235
4294510
125210130211
88329134
7751076
9317795180
152215153218
1368113983
51905691
7018077180
1197112273
719212193
7211074113
670721
171108174109
17221763
2817030173
88199121
87769077
7019473196
193125194128
1937619677
1021810520
31943298
4918653187
119137121140
45674869
4714449147
1701317118
47975099
1866219163
1651016812
140239143241
