1819
1043410636
164206166209
60566259
8361138
180195183197
161165163168
62239224
98183101185
81648366
1161211815
76607765
2513127134
172146175148
5518857190
10561358
1267613077
175245177248
44274729
1275613058
1508715389
160105165106
5714160143
898510085
44624664
144152147154
163240164244
101127103129
4516750168
170196173198
1211514117
92439446
1256712770
81588261
1641616618
6516268164
2220525206
171208174210
3423035233
3112932133
120158123160
107227110229
1306013362
9116593168
1422717229
110132113134
89569159
1737417577
16381940
82688570
80308332
1154211943
169175171177
72117513
181239184241
8524788249
135202138204
191155193157
1818321185
995310255
1452414826
170135173137
224525
154118157120
150172153174
3620041201
2513527138
1013910243
1516315465
9114694148
21962398
50635365
105167109168
126188128190
120119123121
126233129234
5595712
177141181142
171247174249
92679569
119153122154
2410126104
147220151221
140243142245
119811916
4216844170
108120111122
169120171123
6322567226
1927019572
58326133
02123214
1965319954
181144184146
28213123
1034810550
1663717038
5723359236
1752117822
7110472108
146232149233
102178104180
28243027
5315455156
1963619937
1939019692
1536615867
108151110154
3424236245
137226140227
41344436
2213524138
170211172213
170139173141
15301832
127241129243
122229124232
175220177222
1913122132
194154195159
193142196144
127123130125
39514056
995010252
8211584118
1554215844
529831
9513998141
8418687188
1366913772
98134100136
61938195
8714992150
8511988121
1789218194
8316486166
5211755118
117129120131
4921952221
62856294
446487
1419519196
1536216162
4222144223
21722277
1956219864
88329134
2010722109
1036510667
1935119553
4118543187
37184618
47244926
1771812
52895491
1011910421
0537
1441514618
5022953231
25812883
8524288244
148194150196
6021265213
1633816540
65436845
83338535
4721848223
1162112521
4114643149
153142155144
4818552186
107245111246
160120165121
2422026223
42964598
523536
5688
26862988
2020225203
281322
178137180139
1492415126
70277329
57376038
196162199164
8321586217
104220109221
33313632
118189121191
1809718797
184128186130
5510856111
4723852239
5516758169
7517377175
2818331184
110199112201
2920530208
8622789229
1046210764
184203188204
1671616918
1348113783
71607362
183135186137
14211624
24592662
154223156226
127139132140
183235185237
45654670
17151746
2218625188
146218151219
151195154196
6720370205
1587416077
1411914620
7724380244
147211148214
1889219095
12431445
1718718190
6615370154
3511337116
137195140197
9817399177
190106193107
128133132134
119247121249
36143916
1811318315
1610018102
126247128249
1764217844
72637564
3415036153
966110162
01407140
3517137173
8518190182
3019837198
7810179106
1415814360
99139101142
74397641
8614589147
1658016782
6918871190
1678917091
63156418
139123143124
47565058
1613016234
1278513086
1336414464
1767318174
1652317024
1801718220
114165116167
1523418236
7819281194
830881
5821662217
8423786240
812011122
60736474
34113713
197130199132
175174178176
8521288214
995610159
7217574177
106185111186
1887819081
6520566210
1592016122
948989
74927794
55176018
1603616337
71567358
1226912472
192176196177
7816079164
96489850
596897
177208178211
135229137232
140232142234
110194113195
049450
14851986
6515567157
4113844140
6217463177
41338134
4921753218
44714872
130212139212
169105174106
1783318135
3623343233
178127181129
5118253184
1391214214
96309832
8310487105
115102120103
21317132
01773179
194197196199
6116463167
1626416565
3619037193
720742
6912970132
171214173217
6418868189
1645616758
157224160226
1721020212
5118054181
7219180191
823210234
55775879
54195720
1024921249
6720669208
192145194148
125158128160
7715679158
164190165194
1605316355
038539
7421777219
01411144
4411047112
14681969
700713
114186119187
148174149178
1143411735
1797918281
194118196121
61728174
164154169155
133179136181
1682617028
153145155147
4522948231
5520359204
151199153201
1954619848
2722632227
132141134143
130198133200
1321920219
4916452166
61187123
1761917920
4223645237
042443
61956397
35713972
5719159193
2521628217
153184156185
15581860
67817082
4719650198
130171135172
120108125109
188151191153
129158132160
1014713149
66467147
52307232
1381514017
9114394145
131165136166
86328735
167247170249
1893819141
15921894
101237102242
116106119108
116101124101
1035110653
96269729
9313295135
21242327
35653867
4521448216
6916571168
107204110205
15321563
120132125133
4214144143
102201104204
183179186181
2923831240
1443914741
165198168200
767970
27153017
192232194234
187179190181
4614451145
920212203
94709772
110128112131
14731775
1901719318
6420266204
9611199113
6814371145
1785317861
99152101154
94879789
1732417625
1749717998
7412776129
1059110893
1316816170
116125118128
1338713589
1634116543
6016863170
3111234114
5119754199
43934595
192124194127
11482148
1183112034
193163195166
72237326
1517515378
99216102218
15451847
85158817
116176119178
1208312385
115152117155
7817880181
1922619428
5812460127
161216163218
1319613697
417619
5810660109
1047810780
36943896
172144177145
177170179173
162125165127
6410767109
7517180172
2418926192
1617016373
21654167
4510748109
3316435166
1206312266
8523089231
1658316884
8321985222
3113934140
3312638127
31133315
3293312
156249163249
45884890
5412857130
1114511347
1571015912
158139160141
195126197129
57395843
19592161
1117011472
26933094
8801082
987810180
1572515732
1888219184
19071938
1339514495
3024433245
20642266
8917392175
8717488179
108182110184
3811241113
3817141173
172203175205
15111616
127199129202
183243186245
78818183
918911192
187187191188
69157216
45854887
99159101161
1621316415
82989098
8014483146
1417214473
1206712172
5916160164
1085111153
150244153246
7816579168
156218159220
5720860210
138134143135
17271759
1484515246
1156111862
186199187202
3515438156
148163150165
566598
1033910542
4815549159
113218115221
52057207
1502715229
31735176
156190157193
815011152
156207161208
142127143131
1132611529
5110354105
109213111215
3614341144
51507152
1462114823
9521296216
29893290
112155114158
149227152229
482514
158115162116
85458748
153216155219
140210141214
2310826109
1797018172
1311916120
1687417176
4911651119
147141150143
8113582140
137172138177
8021084211
96549857
100105102107
7724182242
74237725
1325513756
2812732128
1117811480
4022443226
1794518147
7019772200
2014323145
1644716650
128111131113
27552957
8419587197
46114913
117180128180
11351157
10301135
2321325215
158174161176
4112143123
1761017912
16771979
6411466117
176177179179
10961127
6412467126
121168124170
131228134230
1743417736
148150149155
98234101236
31533455
84858688
61878190
1031110514
3516939170
54715772
6120964211
148100153101
178220180222
113176115179
1663316835
1275912961
40714372
110189113190
1517115274
1157611779
2611327116
6823570238
13941407
192226193229
1471610
1135511459
1121013212
1925619361
7211173116
1547415776
43734576
1646916771
17541776
8118983191
193239196241
129108132110
102181104184
178180181182
2214625148
145227148229
7220574207
163144166146
3822141223
106217108219
80788280
109206110210
171160174162
1417414476
114222116224
182161185162
3321436215
4418547186
140216143217
74807782
8919090195
4094311
3417439175
4922552227
8310684109
8231124
8814190144
1022913231
195110197112
186231187234
101123106124
4217643179
157239161240
6115564157
162210164213
8313588136
111149113152
017319
2416427166
1687217872
110167111170
20692371
134155137157
91229424
819986100
61817185
105150107152
139147142149
818411186
184131187132
187238192239
105137
81738674
3323435236
112244114246
39294330
1817518378
65106713
87209022
1951319815
64256727
1076911070
1276212866
1129511796
77858286
122190125192
7457510
1606716369
5217754179
111175112180
124181127183
172206176207
50445345
167146171147
177205181206
35233825
86288731
1162711830
1118511487
1561815821
117203120204
2617928181
105205106208
1323113632
143103147104
3218434186
23352538
175199177202
2710030101
16021672
112225115227
061070
189198193199
028230
13398135101
1434814849
3924741249
8217283175
7518577187
1498315285
12291431
32423445
01235124
171172174173
167137169140
134113137115
5922761229
1296313066
8716790169
1965919961
6522968231
1413418135
3017132174
170183173185
165129167131
1215014153
137185140187
65526655
9612099122
155126157129
1316513467
146192150193
24682573
4412347125
3310736109
154204156206
165112167114
128223131225
1162411826
168156171158
149915013
189246191248
1424416246
1889619099
99213102215
8520087202
1411514318
185142188144
126151127154
174134178135
82818484
177125180126
42374439
21465148
6812171123
6822671228
11301152
1611619118
162237165239
1718020182
495518
1017010671
1179212094
176122179124
97170100172
5817862179
8423385236
1854619047
97225100227
10671170
5911261115
193180195182
35363837
152242156243
1801118312
149160151162
8621991220
7020671211
4921452216
6624069242
110160113162
6414068141
4222744229
114190117192
8620689208
162169166170
161122164124
93259528
2711729119
1711920121
35463748
84188620
1623719239
127169129171
2823131232
72307433
148202150205
88479049
3513036134
82438744
33183620
38464048
10098103100
181483
7718880190
107147110149
1983219935
1099111193
01281132
136148138151
2921630219
7319778198
7817381175
3211043110
196100199101
192151199151
3514543145
129207131209
16251828
136236138238
1352813830
1098611090
51355437
1039410696
187156190158
166190169192
3710038104
1089711298
4816950172
5110656107
170182177182
103245106246
8924791249
135130138131
3114832153
59836185
23402543
114205116208
115123120124
6020462207
41905195
187184189186
92124
9423197233
1967119973
1847918781
63856588
1221412516
63586461
2317026171
61489149
169132172133
1767517878
195203199204
1457014773
37803983
124148126150
81238425
184195185200
1535015552
7011271117
3724244242
01255126
8117884179
1796318265
172107175109
41194321
6914072142
18661897
123114131114
110145114146
1820425204
1125111552
1078310985
1426714469
4824751249
178186180188
121199123202
51638165
68867088
3818240185
1505815360
120239122241
19222027
916910172
56866187
1106211364
55555857
9218394186
1520417207
4024342246
176116179118
4414545148
14601491
178143180145
5422756229
7724580246
11621213
121193125194
65316832
160102163104
181101185102
115146118148
382433
132195135197
1329013492
1364313944
4818250184
1397814280
1736817471
182219186220
7416577166
1125311554
162225165227
62816484
1895319156
1521617218
1481415116
2714930151
62008202
105243110244
1231012513
7510780108
127210130211
79498151
954210043
66856788
6114564147
175149178151
01722174
988610188
1024113243
140207142209
3419436197
01543156
4913352134
145144147146
32963597
9523998241
14871591
8211122
149116152118
1018310485
139246142248
182229184231
69377438
1917419377
817810181
2819431196
1842818730
98186105186
198182199187
1061110813
68596869
8417186173
130145134146
4524148242
11031125
1267812881
1689617397
154121159122
62337236
1610319104
29503152
102248107249
1317013372
31683370
6023363235
3817641178
4584810
73347636
1421016213
9312595127
166103168105
80268129
1921119413
1620118203
41404641
9312896130
156144158147
171112174114
137224141225
145183148184
99201101204
19312133
7616077164
197102199104
105178107180
1291113114
3616138164
1011210215
155210156215
1443614638
4485
1669216895
8810391105
1711217513
2124523248
38444245
1491715219
1079411096
1068710890
1832018424
141138145139
77337836
101210103212
113127115130
126196129198
64336834
2620331204
8320585208
1210115103
132183134185
6916971171
1368914190
12601283
145223147225
2215826159
489850100
153227156229
1568415986
4319346195
2019621199
419943101
1492015023
1952819829
1493315036
1822722228
1646716968
197117199120
5422359224
82968797
122187125189
117140120142
181114186115
9224897249
67797080
33563658
1022412226
177228180230
125172127174
153210154213
1123614237
6819869202
529955101
119151122152
86588861
2216026161
4121844220
138132143133
51975598
143245146247
7420875212
1905019252
1393014331
1944919750
64626764
192221194223
76717873
1565215954
131167138167
2492611
104209107211
1341113514
191111194112
4422446226
196169199171
163156165159
1012313124
13781581
9616399165
011114
1913322134
121134123136
1166611968
8618491185
1192912230
1114412244
112185123185
1392114025
188174190177
3111141111
168163173164
164187166189
124142126145
1877218877
192919710
114193117195
138162140165
55925795
76177919
3321835220
104161105164
104141109142
6624869249
5624258245
1404514148
8716289165
92589559
136107139109
103107105109
164235167236
7910982111
97242100244
1539715699
43654468
116157119159
132163137164
44524655
166156167159
6110763109
1312716129
1261012813
83398542
1536815670
141160142165
87638966
3011732119
189202194203
1342413527
284387
1503015332
1434214545
180130183132
16831706
8823490236
2010223104
118217127217
5122253224
159210161212
158172162173
78528054
5224655248
8731076
1956719869
152220155222
3114136142
1659616799
8316786168
3810540108
71787579
1247412975
146171149173
1583216035
116225119227
1417516178
1812518427
6423366235
150225153226
1067410976
9510198103
9013192133
192246199246
8219285194
178104181105
151192154194
21815183
1032810530
364396
158117161119
174229176232
1795118153
127147129149
3517837180
90819184
7013775138
22282331
6921773218
57585961
65736775
186162189163
101146104148
155148158150
811611117
145158148160
118231121233
84648667
1609116293
8215684159
4518050181
1858218785
1926219465
151183
158215160217
2620528208
1613918142
2615227156
1025710460
181246182249
1281512919
148144150147
199141199148
1204912450
171168173170
1557915881
6619268195
7421377215
92389540
146120150121
20952795
123151125154
31243426
70487350
910714108
109211114212
150175157175
1156911673
7416777168
152236155238
160916212
189919111
1914519447
31833684
30313234
61136218
71397341
1004410246
1864018842
1525415556
120155122157
100219103221
156234159236
145176147178
1773017932
173122175125
113142116143
103125106126
1397214075
1929619598
7313975142
1622221223
107124109127
144215149216
1166311965
1879019291
916311165
627928
174183176186
148102151104
981910022
171199174201
124242126244
153139155141
966810169
14511555
101230104232
1716019162
76767879
149131152133
124102126104
12221254
142211146212
47365037
8124383246
153107155110
1968419986
1419816200
28763178
1523915740
198239
326528
1663016932
9391241
5615259153
181120184122
66226824
36873890
1198712190
98137101138
1615219154
188145191147
1064010743
8111284114
138138140141
1952219923
5220559205
194173196175
30863288
68517153
7687811
29653267
112104115106
138115141117
49285230
569859100
121129124131
1077111073
4419047192
69307132
133108135110
24853585
174167176169
8921294213
241273
1658816691
1028610588
1228612488
105146106149
156237161238
192248197249
1384114242
22044207
7318377184
124123126126
01279127
1861018812
1322213523
6011065111
104133107135
14199142102
24982799
7016172163
142169145171
3915541158
1626116563
2921432215
96129814
1448114783
1026810669
104193105197
5624865248
114172116175
2715928163
21102313
129188132190
31803482
68117112
193214196216
7812380126
174126176129
2512930130
982310823
138110139114
90299231
2619427197
1158711888
39864189
9514298144
8517686180
1579616197
1222013223
18410
1487115074
1203612338
26392842
1165111755
2815330156
8911291115
1685617157
41975202
181123184125
8619288194
1184911953
197239199242
31603462
6020263203
6014861153
157204160206
81218422
4912652127
154186
1651316815
9513697138
1334013543
190184197184
6713769139
41787180
182216184218
7222877229
179174181176
1678717188
10501101
1876119162
1893419235
915311155
5721462215
1565515858
172220174222
1178211985
1941819620
142177144180
25632865
5615459156
38264028
1335713659
186102187105
1117311475
16891891
1123011531
104130107132
57745976
5220054203
1368713988
8810691108
162137164140
85498751
158125161127
183155186157
195220198222
4018943190
9222695228
1718117483
5324255245
92109512
1507915480
116234121235
044445
2524130242
196138199140
147242151243
18631885
8112284124
969797100
333635
186196188198
170203171207
170153173155
1361213814
1019110493
192178196179
1841318715
175103177106
70121
56305733
1651916821
114160116163
6413267134
178195179200
61249126
1037510577
1611616318
54215623
123139126141
182141184143
1713619138
7218774189
99187102188
23442845
40144217
3820442205
132191136192
175243180244
779778100
1117613178
1969319995
1732617727
19892191
124184127186
1419214394
1241712719
1294013241
1818618687
72439245
1621916421
164166166168
167142170144
5510357105
32416243
117171120173
85248825
170188173189
6720969211
158193161195
140814210
7423677237
7517680177
1647216774
99108102110
121137126138
2013521139
29443147
3715042151
1006310266
1802818330
164102175102
77487851
21446145
2016423165
165183166186
1985519958
117223122224
583984
839909
129177132179
6215866159
174196177198
1916719469
13711393
45304832
16531675
194200199201
1538215883
2220724209
15581599
185108188110
78898191
8220284204
4912052122
55365640
41244326
23792880
142114145115
1786618566
87818983
1722020221
22902591
12901312
169165170170
54635666
195223199224
131123135124
186117189119
4110543108
4522748228
151197156198
159142162144
5214356144
1639216595
166201169203
162204163209
110141112143
1243812740
1499115293
7822880230
1408714388
133249143249
127163131164
81558357
100166102168
17352037
6222063223
161228163230
1489415295
19922294
148199150201
1723217336
092393
170240173242
2016623167
19801995
1923421236
7819981201
144237147238
155123157125
145107148108
189143192144
32763577
1515518157
182103185104
32783679
6518468185
84718772
144217152217
464766
813013131
179216181219
1686917171
977310075
14951796
825848
4015242154
1723119233
920952
9620098202
157247161248
1317713380
1605916560
6186410
169817111
172175174177
122235127236
77267929
4413546137
3312336125
2812031122
133186136188
1224212743
22872589
1155611858
49165218
617513175
13341636
1012512128
60666169
194190199191
458959
151119153121
19471978
711411115
84368738
1543015632
963610037
6012863130
195237199238
171150174152
110220111225
1514618148
1665916763
111247114249
88509351
104233105236
150148153150
105181107184
085188
152102159102
822844
1456614769
183171186172
77127915
020223
51925493
93299532
1743717838
472774
2423826240
41574459
1707717279
9720599207
112109115111
1757017871
122142123146
111240113242
156137157141
059360
131168138168
53535854
4412148122
6416568166
130240132242
122161125163
1904819349
1928219584
1445914761
2217227173
4916253163
17771809
85108811
151124154125
795818
117165120167
4521846223
2222923234
194113197115
7814781149
1347813780
90359935
8410186103
24262728
180170182173
72118214
159189163190
1806718369
104223107225
8511688118
167186171187
185175187178
192205195207
75527754
1827018374
48795180
01172120
6321767218
1852018722
132223136224
50825285
1321513716
179149182151
5719464194
124199126202
1702917231
3623938241
86688970
6222763231
1113811639
436737
2817631178
1116612170
181213184215
1487914982
143148145151
6921272214
1448614788
13681399
8312585128
155169158171
81628663
47614963
165241169242
01052108
111228114230
62656766
4723251233
118192120194
36733777
180167182169
16531955
441463
15001523
8520988211
150169153171
1888519087
1629616499
66896891
6318264186
492793
9317696178
7821782218
1945619758
128183131184
71767577
1177011973
7411377115
6514466149
42854488
143241146243
62696571
9320095203
8918999189
154199159200
30563259
61786480
1346113763
9319296194
103226106227
51195321
131210136211
1947419677
91709372
7922482225
9610499106
1612616428
129180132182
9620898210
41544356
52945496
161214164215
69907291
90529354
23742676
31096111
157213160214
17841815
148113153114
182174184177
1303313335
31205122
1314913253
41224423
1096011461
189219191222
177146180148
9523497236
9222195223
146166149168
2621328215
49505153
123177126179
8622389225
8917692178
58956097
47504855
17621964
104120107122
159178161181
92839784
8322585227
3217634178
124134127136
191119193122
1896719070
127102129104
1362213825
187113190115
74207921
1591316115
6214864150
124226127228
163171166172
4617349175
137218142219
159148162150
1219116192
137198140200
7811380116
20432245
154201157203
924110041
2719129193
1915623157
157196159198
10141046
43154617
112811510
6811871120
103710410
1689817399
9418097182
67957495
6518668187
2418227184
2112526126
37334833
139166142168
151163154164
1517319174
4217145173
10271328
150151154152
130243133245
