1803
135209137212
181210184212
4324145244
1161911920
1351513816
6617268175
4712750128
191222194224
3920142203
5118354184
126184129186
69857287
1113514137
8478510
61809182
141162143165
7412781127
165117167120
051352
128154131156
74277531
152208154211
1368513986
16352136
8620389205
143172148173
2224025242
47744976
145127147130
1226012462
139125142127
7951097
1652216724
176176181177
161167168167
85478749
2616528168
112203114205
167188169191
18441875
3221235213
196238199239
3821441216
152203155205
1466514967
157140159143
1458114783
1775418056
534566
125198127200
38294032
10299105101
17471788
4221346214
1225212455
129205131208
8322086222
1074610850
119104121106
189199190202
1218412387
107159109162
58916292
148130152131
061363
173242175244
1156011861
89159217
22232525
5817261173
9423595238
146103149105
14371739
1601116214
174215176218
1619516497
1481515017
68937195
116113118116
1338813591
1276512967
1419917201
1278813089
1177211975
1128311485
23202522
192126193129
1915119354
80208124
5514558147
6014162144
6016362166
61566259
1248312685
19431994
4021843220
1781018111
194113197114
52175519
8320686208
3814941150
2719130193
5812861130
1741217714
1619116294
51565358
13661668
71349137
2123023233
1893419236
99226102228
169113172115
2024623248
9417096172
31273528
01872190
130144134145
3112432127
1614617151
1012510328
155169157171
395696
158169161171
1782818130
167149170151
1132611529
31153516
9021092213
5124053243
1967119776
984310145
57306032
77737876
165221168223
1017811182
3218935190
190196192198
01680176
167204172205
1445014653
179110182112
169214173215
2919432196
9213794139
1515715459
6524667249
5316056162
97234100236
1331213614
2510028102
047348
183219185221
142240145242
9721999222
1093811042
1711117313
918712189
1611021111
01433144
1144811750
5016152164
182192187193
54775779
11733176
161166168166
156246158249
2919840198
1885019052
129116132117
97131100133
127147130148
81378241
110125113127
4621049212
2217027171
137202139204
7712379126
109137111140
114127117128
163215166217
83388541
179172183173
3111033112
38364138
150194153196
35713972
193146195149
2220327204
1511617119
1162611928
7214377144
5620357208
17598177101
17098173100
147107150109
100106102108
1767217777
111220112223
120131123133
1417214473
183156186158
5311155114
116216117221
69887489
7012873130
118126121128
81148317
159219162221
54955896
023226
143140147141
159192162194
114189116192
197211199213
85158817
1115214154
1967719978
02315232
49895290
4714650148
9515598157
3624638249
89809182
1431714718
7417377175
558860
1033510637
43314633
165143167146
1717021171
58746176
1276112963
1089311195
172176175177
67717172
2512628128
2017823180
11031125
15021543
1282613128
1678917091
183114186115
193163195166
87969098
69567158
111109113112
30833584
42384441
194173196176
1109711299
61606461
172103176104
83588859
154216158217
132126133130
136163140164
3924642248
1415214354
139216142217
8551157
69907192
5010453106
16101912
150149153151
122160124162
5311955122
116184119186
1935919661
136132139133
182230185232
141113144115
174167178168
1121411515
4217044173
4516147164
165210168212
7916881170
3618939191
2515728158
190161194162
6920472205
1476215064
1323613538
3911641118
1492415226
1314913252
188240189243
1310015103
126128128131
1953119734
50615264
52078208
18998192100
8012285123
1895719358
106174108176
155177
1922419725
6714069142
118142121144
168141171143
195194198196
4522248223
69387439
179130182132
1243012633
7116075161
95205100206
102192105194
174171176173
142181143186
187166189169
6010362106
5124653248
3215436155
140181141185
16901992
7813780139
11521454
14551487
9217393178
32173320
80568258
8818091182
181213184215
1420916212
196248199249
108221110223
116224119226
7861088
132207140207
132240133243
6718168185
31433445
35413843
7110373106
101118103120
8812191122
119195122197
4010043102
150168154169
79728175
72537654
1018610290
1318713292
6124764249
1561315915
1959419896
129215131218
3414437146
52225424
113184115186
143167146169
8124083242
5422357225
1720919212
8319085192
93659567
173158175161
1816420167
51858187
1879119093
72557656
4917652177
9851017
102177106178
163218166220
171171173173
11721474
158232161234
181189184191
164156165159
270302
136223138226
41114412
98147100149
44364937
23572659
32353437
194120197122
02143216
2513728139
173127176129
7319275195
93259527
8678711
3819341195
76427845
8515587158
1552415726
9518099181
129109134110
44974799
1788418385
113216115219
2711230114
107141108145
1974119944
91319432
154195156198
8423686238
122138125140
1816018264
2417429175
31246126
144228145231
178162181164
1129311496
61679169
108157112158
3417235175
1006510367
1457214774
140149143151
1353914040
7518178182
2716331164
6921672218
31928193
21344136
178232180235
114131119132
173179180179
141159143161
171182174184
74597860
19582260
27643066
2411226115
98188102189
1718117482
4319245194
159205164206
1611319115
7018573187
1934719649
186178187181
016218
163140166142
1573816040
173165178166
66766878
637668
2423025235
6521369214
55975898
11351337
1483515037
3417838179
1352213724
177216178221
61856487
640672
180122182124
7310775109
1095711159
27382941
8518789188
7616078162
354556
46214823
29503252
192173193178
1638916494
6911671118
56385840
153200156202
20332534
974910250
31526154
1891919919
21155116
8810395103
11911493
49685270
128100131102
73797581
48445146
11461349
6620168203
104810611
92829485
7531054
115196118198
185189187191
432463
164123167125
4613548137
133164135166
4510947112
126157133157
107244109247
6020962211
131120133123
8322686228
190218193220
105235108236
101166105167
4213544138
163243165245
5412957130
7461048
35343736
78498150
196227199228
189230193231
12443246
1169711999
7424777249
720512206
8271030
107177108180
133181135183
1114611349
33583759
103246106248
3814040143
101109103111
42126215
9513896142
180223183224
2419326195
159137161139
95120100121
123218128219
1421214414
146132148135
177226180227
43754676
141144145145
377409
127237129240
1037710580
168198171199
15521593
8720790209
23662668
104161106164
66527053
1027210773
21472349
52815484
1613116334
713735
90749376
87779078
75687870
2010722109
1952819830
9216594167
136113140114
199821100
116107118110
16298164101
112197114200
1626516468
1242712729
1397914182
7524178243
1822720230
1365213854
1219115193
180156181161
22532456
136187141188
1682317125
3818241184
79598162
1449614798
1212117122
813854
4715551156
130167134168
160149162151
88479050
25782780
92569558
1394614148
132131135132
1838918691
1455414856
3910344104
120171125172
60346336
1719517497
154218157220
37104011
1386014261
59376238
7410376106
2823131232
1499315294
1518715389
52407242
9521297214
1516915371
2020921213
139189141191
13471379
191112193115
43784580
5415259153
8019082192
188226190229
1409314296
5120753210
131162132166
9019092192
6019765198
5123053232
6713569137
125103130104
1815919163
10021034
1339613697
5010255103
227529
9014292145
2217227173
5221261212
102191111191
711742
2211027111
1761517817
5613759138
1397214077
5724059243
2919740197
2419926202
6217265174
1514020141
99183102185
01592161
122205125207
1707517376
7221275213
464486
7823080232
190118195119
99173102175
106122109124
1034910651
4414446147
1732117623
1743717738
161183165184
1425514458
181179183181
1622616428
1365114351
6524168243
2124324245
1916824169
820210204
864895
59686170
12551458
184125187127
1551716617
21632465
53885590
193201195204
5610359105
53125614
184178185181
02371242
61156318
24702772
8511388115
165207168209
6013464135
1120113204
1655616858
9018793189
83848686
14721494
99229102231
2722328226
5410656109
35313733
1719317494
1414014541
503525
1356813672
14231725
7916081162
83688869
4911552117
1747217577
5813161133
113236123236
9312998130
8899011
92389540
132155137156
4115944161
1831918521
744766
145209150210
8711689118
5315755159
185108193108
7220875209
135230138232
29213223
157154160156
1062510828
121121124123
21206121
3210135102
6024163243
88399141
7817580177
137145140147
5413157133
4217447175
5817461176
1922619727
13791681
111211114212
121231124233
94289829
100207103209
13281630
914810048
9314498145
115232117235
145136148138
71157317
1402914232
2817030173
157225162226
280482
8913391136
37924094
2916531168
3113933141
1096011461
985710060
4114143144
155228157230
4110944110
29743176
6824671248
15861608
1024310545
2518928190
7211575117
975110152
6921972220
93949597
183100186102
31853387
1823120233
68407142
1610118103
8310887109
104125109126
3711139113
1464714948
132205135206
7423077232
113158118159
2512928130
1966619968
173200176202
189206191208
172141175143
196115199117
2719428198
127191130193
94116
2310326105
6615870159
179168182170
19201952
1788118083
90529354
191179194181
76277730
1178812090
135242136247
163149166151
25533353
17452047
127139130141
180201184202
127125131126
13501372
79428244
8523189232
91889391
126179129181
1052110624
822711229
2513328135
110167115168
1494515246
1897019970
8810691108
1096911172
184109186111
102154105156
3323835240
1721920221
7723380235
1509015292
81308432
1643816641
118216119219
160141162143
12621303
157198159200
86518953
76777978
7721980221
9519099191
1417216174
6217565177
1819718399
61309131
172137175139
7813582136
79458148
105181108183
1152211724
26462848
1839318596
499852100
4613849140
163126166128
9623799239
1127211673
16321934
1157611779
197138197146
9021793219
14601762
197173199175
193227195229
6216066161
81638366
147232149234
158210160212
1363613838
104106105111
240345
71487252
40424344
73327534
1039210793
143215147216
1085111153
6013862140
100176101181
150116152118
11661269
6819871200
84968698
1896619367
9016893169
107237110239
179215180220
176209179211
1329914399
113153115156
1805718259
5911261115
5912362125
1783417939
3117233175
163176166178
9491052
153231156233
89579160
167171170173
3623739239
1344113644
1229512497
139104140107
61649166
124221127222
8923393234
2514627148
24132715
76317734
3511939120
1368713889
142814411
4913352134
119135122137
98241101243
1745417656
24432944
150158153160
53685669
8917691179
263295
177114179116
815856
143212146214
7115276153
161126162129
5817761179
1923830238
55505852
6314765150
2121824220
1786718169
3818540187
1703617337
01512154
41274329
158160161161
51915394
9112695127
146204149205
167176171177
1821218514
3410836111
105134107136
152155155157
160213163214
1874518947
8813791139
104240107241
8120485205
4718350185
123115124120
29313432
2912931132
41934494
61476648
124148126150
9214894150
186216187221
7111174112
1942119723
1315813262
1914419645
940963
1502815230
127123130124
134239137241
182103184105
136227138229
1687217174
186151188153
44264728
92599560
194108195112
62329234
9521597218
114104116106
129244134245
1245712659
56575860
137121140123
102172109172
162171165173
1453514738
110245112248
2522027222
9322296224
103157107158
7411042
169132174133
127166129168
144174146177
1533115632
123135126137
11111413
23752577
74617862
67816983
16171639
17131764
115146118148
3612641127
87449145
1945619758
286327
6814570147
8816191163
12501301
3520638207
31683469
79668071
96679968
920710212
12641305
2618127186
148152150155
130238131243
1143011732
7022171225
2821931220
166245169247
1371013913
10771099
6720468207
3610039102
1420217204
109192112194
110120113122
194216199217
8420986212
1797118273
1858518887
7022973231
166229169231
86348837
3224535246
117122120124
1336113663
114138116141
1621318216
5714159144
1405514159
104195106198
9624499245
182161183166
110182112185
6310966111
7317675178
6316666167
3223134233
075377
169127172129
131200134202
120217122219
6023062232
8716689169
129171137171
537569
132208134211
167218170220
73367837
1717619179
109195111198
156137158139
8123184232
334835
88219123
165129168131
161222164224
2818231184
1656916771
122208127209
712010122
999410196
6310768108
32953796
164160166162
3418037182
1603516237
11631465
31895191
77227924
1557315775
159124163125
1257013071
5117954180
81828683
1564315944
9514697149
5021151215
2092410
9012892130
164199167200
1863319433
112144115145
180113182116
127159129161
89369138
4414146143
7019172194
196147199149
28723173
116247119249
137135139138
1474315044
164236167238
19451996
1122011521
51495451
175180177183
7914682148
01292132
3622541226
5915861161
417448
5587
1279013092
910012102
924610249
41534455
6422466227
9215594157
2122122224
153182156184
175207179208
99158102160
1718817689
9222895229
7819880201
84658767
123178125180
62956796
7716778170
164168167170
01415142
4023343235
26242926
1712917431
6712270124
59956197
84608662
196108199110
72907493
174245177247
170817310
31635166
1892419127
21262428
169216173217
118205121206
21382340
9615898161
816111163
6223865240
117190128190
173144176146
4815752158
31795181
1398914290
138241141243
1672817030
6215765159
4911352114
1016810669
112227117228
107227111228
1595516157
51346139
105132110133
122168125170
31576158
5723368233
120186123188
125223127225
70237225
3124133243
6917372175
1046510767
523516235
1734917650
1582416026
1046010762
121114122117
712312124
177171187171
15041535
104233107234
6918170184
5823663237
1303113532
6121464215
2914430148
1628316486
3414937150
2116523167
141121143124
38954197
1406514267
2012225123
1424714548
1164111744
1675916962
1184011943
112174121174
1298313186
5612258125
712512126
144149146151
128209131211
9424699247
179145181148
1247812780
123196128197
1123813240
7416275167
4811949124
9321294216
6022563226
138199141201
2524529246
3613639137
66647364
54915792
2913531138
1120713210
1924119443
3114733150
1201912221
34113514
68810
1419617198
1564815950
146191151192
1195212155
919894100
1613816341
1475115053
172206174208
45914695
152114156115
188218189223
4521948221
195223199224
1336813471
5123353236
496528
109234112236
74667867
1701617219
193245196246
56885990
102179104182
5016851173
1919119891
92449546
1987119976
1676517066
5976100
194106199107
121151122154
37834085
155134163134
561863
121163124165
1276813069
82458448
132184134186
73847685
135175137177
1017010671
153152156154
169120171123
5615457159
167152170154
01451148
01854186
8514686150
1044110842
10411082
80548355
2921732218
6320965211
677708
9020392205
187114189116
40654367
1318715190
185182186185
62686669
169209170213
8210185103
6618871189
8115684158
9719498197
122214131214
69337235
2020622208
156162158165
6811170114
1219012691
8923591238
38244027
1515319154
1114713150
9416897169
1165611958
3319644196
718312184
1754317646
2618729188
171111174112
197103199105
17642066
121157123159
171134173136
1833618539
7219875200
195129198131
191225199225
9611497119
1231912620
70657168
5822363224
4324545247
2320726209
124155125159
64336834
6319074190
19371988
5011952122
77838085
1811619121
2413128132
108130113131
191232194234
9417594186
11411443
9751178
4817452175
4216645168
152177155179
125122126127
110242113244
45514853
31103312
1871619018
1723418237
77168018
094197
42904492
157100159102
38173920
7710380105
664966
25932895
195178198180
5416359164
38214123
110104113106
1271812823
156191163191
48415143
182106184108
1814421146
68287130
166243169244
162145164148
4515747160
335367
153103156105
1746317864
143131145134
60886390
36263730
29463049
1451315014
166163169164
1511315514
5424556248
1463114932
119112122113
823613237
709873100
4815949164
8712590127
1471914822
1041210614
35373739
1259512797
1902819330
5824461246
45444746
8314584150
101232103234
153164155166
1316916171
85128814
183128185130
3617038172
134120136123
139141142143
48245126
1604216245
178183181185
3814641148
1753417736
3122435225
1138811690
131173134175
01552158
5611958121
1021512217
6722670228
121227123229
1323313535
41304235
1686917171
91499451
1292213423
24492552
165112168114
119155120159
6716769170
194152197154
96399941
67697170
196127199128
197243199246
101195103197
102112104115
160198161202
4914151143
172150177151
3022833230
8917091172
5817063171
54545756
1705817359
7820282203
1631316814
1258112982
38594659
142187144190
189150192152
5213954142
96649966
178140181142
1983119936
5317557176
1357913881
13501751
16421944
02273228
4411547117
140133140140
11631195
26202823
100244102246
89889092
127142129145
1921421216
103220106221
9711199113
197100199102
1187612079
168116170119
1003910341
6211263117
1818018283
178180180182
86559755
9622898231
140196142198
1803218334
5311758118
1624420245
18492051
1937719580
3414037141
2715928162
134124138125
1628116582
96619963
142221149221
1683116936
34533656
45674869
1759117893
1143311735
78518053
12881590
1261412817
457479
7422882228
107192108197
141204142208
1534715550
113178116180
83568857
7616579166
4420446207
2424727249
19782479
177228184228
1624619248
1436514568
1508515486
1616116662
6710170103
185176190177
30583260
6322866230
195232197234
1558015684
1216512269
1610819109
110217112219
434456
154246155249
149161151163
150231152233
579881
29273030
116171119173
173162175164
178105181107
6623569237
109199111201
91689470
119160121162
196218199220
2712232123
164105166107
1134211544
18522154
998510089
5314356144
106169109171
3910542107
7321976220
122101124104
1601916321
4523847240
1579315896
120248123249
73867687
84278629
1123014232
40714472
158173161175
143202146203
161245162249
157151159153
1303313138
1201212214
1626316764
148915111
26612863
35783880
187203192204
152136153139
4895111
13101342
1812720130
155210157212
179242181244
13431375
136178139180
6015564156
420471
330362
110161114162
52755378
176157177162
1904619249
129194131197
7123374235
20952397
71597361
1625616458
62266627
1906419565
8610191102
9015993160
6161017
189142191144
1558515887
157103159106
177137180139
87729073
31596161
4916552167
196201199203
2913930143
919411197
1188412087
1575215857
40864587
198231199236
43214524
5775910
56155818
114107115112
1612319125
5114654148
44624764
14131436
1687917081
9419596197
21945196
1335013552
151185156186
4418246185
158229161231
153184
121238123241
2219024192
94199720
1742517727
41436145
1884219044
8212485125
817010172
2114024142
01622165
542583
111225115226
9610297105
62106314
1065710859
168144171146
1539115593
6317966181
8612889130
45884890
1532215426
169206171208
123152125154
155158157161
100237103239
1578216084
175111178113
9518298184
106152109154
34603961
1863618839
117163120165
184161186164
152133154135
02343236
185196187199
1818618488
170168173169
114120116122
1689317095
6923972241
1595116153
7320376205
4918951191
01773178
57836284
135115137117
136236139238
1354813849
5424056243
117812010
145193148195
133187135189
913812140
18501901
1893819141
44424743
1719017491
17272029
77148015
194142196145
5322158222
7723780239
125100127102
31825184
8815689160
2524329244
37544056
61138116
229824100
6411265117
26272829
94909792
106120109121
147149149151
136102137107
5216954172
922010223
11761207
9315396154
99162100166
168185171187
77547957
94719575
132111135113
131813310
150220153222
3122635227
1716317366
4612047124
125187128189
15598156102
100136103138
9016491167
1552216023
1517215473
142178144180
3624237245
106165109167
4517047173
194235197237
1291613119
01792181
6319366194
167110170111
73517752
138170141172
958310084
1256512669
112187117188
184172185175
1435914561
7117973181
2221227213
6420466206
126205128207
182150185152
8410485107
68547155
164185167186
17771882
170188171192
7824683247
681703
1158311786
1938119584
7916382164
123107125109
3483610
1176712069
6010962111
1198012083
8721089213
144152147154
7611879120
8921492216
16932194
82728375
125160126164
1327513577
96959898
159215162217
6712572126
7321681216
61958198
4920550209
1025210454
98115101117
8924893249
135167139168
2711929121
189244192245
3817541177
1097311175
191182192187
2112924130
41784282
114242123242
152234155236
1306313265
107163111164
155173157176
141146144148
2221426215
32793482
175147178149
122183125185
2814930151
5022353225
1348213587
1574616247
193185197186
2211223117
959998101
170124173126
142192144195
30913392
1382214024
152161154163
57476049
1837118474
1523315336
3216533169
486689
13201622
95809782
1139212492
106127109129
1472414828
189153193154
89279228
2411627118
171117174119
1322713628
1275913060
150218153219
51278129
1892219323
44655565
183154188155
18001841
27902992
153109156111
50825185
20902391
155221157224
29613362
148216151217
9616298165
191226199226
1106211364
