1796
54445746
1822618429
6922172223
190117193119
160124162127
9419396195
168190169193
2912532127
3514038141
76777978
171124173126
1664716850
5117053172
174141177143
4221144213
149124152126
50645167
220242
82298432
93669569
144135149136
3915841161
7511178113
148196150198
98115101117
1959419797
2717728182
1053810740
64196721
1414716150
1308713289
8917692178
7621879219
6821270214
1783517939
94379640
153229158230
1261712919
502525
4512848130
7617378175
4011143113
120204123206
9213697137
7224075242
01613163
12801312
1622816431
179223180228
35483849
1382613929
8317484177
1861919120
103155105158
123216125219
33103611
2110324104
35943896
77738174
1156511966
83658667
155122157124
1526815570
823311234
62656666
1464614948
189244194245
32087209
23352440
1510920110
10761278
109223111226
175246178248
1186812170
3311335116
144209148210
5621966219
145202146206
9218197182
122226123231
150145153147
190177192179
31445146
5319957200
1701817220
1913619637
52645368
147230149232
6119763199
116220121221
26612863
9118994190
82458448
170158173160
1067910881
2520627209
7815381155
85468748
3921442216
5220454207
5222654229
1643416736
1116611467
162100165101
19361968
100238102241
68637364
175212177214
3121634218
3617137174
1416817170
1717617378
114183121183
6713668139
142205144207
1048310685
49305133
103237104241
162175164178
16901893
136119139121
192109195110
1621116513
9419996202
1946519767
154154159155
1864018842
86688970
125167128169
1056010961
1620317208
779981100
99142101145
2220724209
1024612249
129156134157
191227193230
191160194162
1338313685
195126196130
1604216245
2617531176
31646166
1074511047
1128711589
495796
183173185176
162180164182
9215694158
165153169154
1883219134
6911672118
5018053182
82908394
2023423236
6416467165
160220162222
1443814839
87359037
109149112151
1466414966
179204184205
124101127102
1724917451
191184194186
2218724189
6119164193
02062209
3024834249
295327
109217112219
120113123115
180118183120
106160109162
7391140
129220132222
76357937
176114181115
6719470195
1581016112
18882389
111113113116
82878489
91979499
2322928230
134222137224
8112684127
130153133155
3419739198
86588761
102222104224
4420847210
1004510248
161129163132
69787181
2521927222
111203115204
1317315175
1210415106
121147123150
143165145168
50735276
194111196114
129241132243
1812321125
3812741129
9320598206
79438145
1116213165
8811892119
121107122112
86148817
130158133160
610810109
3917742179
71789181
105119108121
135167
92809582
7620879210
3519938201
56126013
8831085
1922322224
21474149
20772181
7117275173
151118154120
1611616418
3220134203
107227110228
123104123112
1461814820
44104811
1123513237
6316666167
111241115242
791110
1513215434
1925619459
700751
114195117196
155172157174
7319176192
059360
128209132210
4216744170
9019393195
155144157147
8788910
227529
115174119175
517918
65897589
1083211034
195210199211
5715662157
5723862239
1785718059
7322275225
1918220186
97196102197
168112172113
171217174219
41104312
151142154144
1122013222
1864318845
44124813
84958797
3213834141
136178140179
18781981
1052111022
9422697228
188113191115
180220182222
91879489
157119160120
3121933222
9116794169
1416017162
80198321
1619923199
5714659148
102193104195
5119654198
84128517
172144174147
1906719369
1320615208
59376140
590612
125114128116
01265127
1627216574
58196320
7471148
6720969211
2519427196
1573215836
4623748239
73167519
161226163228
4018343185
119230121232
1502715229
5220955211
1265312955
053355
98166100168
1167711879
11299115101
193101196103
1061210814
1162811930
1368913891
012214
84628764
140209143211
1163911842
81588559
1656616768
134913612
181151184153
5622160222
9311897119
2024723249
183180184184
5311555118
1755118052
2115826159
105163107166
124209127210
1236512667
14698149100
91779479
157116160118
168106171108
143236147237
1929619499
115176118178
1213913142
7624179243
1545315755
5512262122
119235123236
8922399223
152179155181
259927101
968010081
11001151
8122484226
171116174118
164117167119
1683417136
3611237117
141109143111
79238225
44624665
5814161143
145195147198
02182221
180482
1921919323
173917412
182122187123
71328137
4012045121
63466449
4115043152
152109155111
189103192104
177149179152
173137175140
124203126206
2322325226
121101123103
263465
1317413475
9010993111
4212844130
108108112109
197114199117
124233126236
116222120223
1483315035
40915191
51435346
18542355
2922230225
186132189134
2414227143
8920392205
161246163249
3022632228
1468514790
1886419166
51146118
60316134
137124140126
120226121229
4624047243
6214567146
54975998
173211174214
196136199138
198181199185
1431114712
1816920172
5610859110
129161131163
1894519247
175197179198
5214355145
119245121247
111145114147
15441654
152216155218
138197141199
176194179196
1793218234
79498251
72277529
8420087202
1616816470
1069010892
187149189151
3421937220
135231138233
774977
75227824
137140139143
97219100221
1554715750
7916882169
1910120106
136161139163
4812052121
18001823
144247146249
188819110
973810239
162916510
4515850159
5417158172
01144115
131223133226
130238132240
1813320135
137158139160
155162157164
186199188202
172104177105
88949097
1913920143
186158188161
2215023155
1145911761
1393014431
1908619388
15651767
3217834180
8822789231
91459546
164187166189
992010123
13431375
87899090
1946819969
1697217274
1809618298
184120189121
130186132189
129136131138
137112141113
7214375144
190169193171
4217245174
5412456126
144229146232
189223192225
5620859210
5619659198
1566615968
267289
5122456225
8215385155
1181312016
112212114214
86118913
91169418
1572915931
2821630218
148216151217
5616457168
2713129133
12561288
35644065
130109135110
41587160
1404114144
3422137223
7918781189
139194143195
141212143214
139144140147
107196109199
1136211664
103183106185
1607716379
13361368
160149161154
5423457236
99191103192
193178196179
759776100
7917884179
1678816991
30163716
1717720179
02273229
1011310415
57736075
1985219957
17311744
1487115074
171208173210
15371740
120172122175
109200110204
106145109147
2122124222
1616317263
187101192102
156247158249
77847986
32823584
1769217994
8478610
53115513
175199178201
7820181203
1421914521
104210106212
5619258195
1119216193
159241160244
5417859179
176133179135
4619849200
146165149167
1011412117
3924041242
1595416256
122154
19902192
31943297
45494752
1816120164
176222178224
176137179139
2611828120
165155170156
6717469176
41346137
88769078
182158183162
18199183101
1485515058
1520917211
102213104216
1119611398
1647516777
8921693217
1498315384
148242153243
41154317
1128311486
8491052
62376638
1512415625
168217170219
111177114178
1267112973
1006410267
192238193241
1114713150
18498187100
4416347165
70917294
1735317654
62296431
7414076142
185196188198
7119474196
116218121219
5011153112
347379
1612317127
17182020
17531794
1237413074
1177112073
1678216985
66237124
7097311
1616516467
152167154169
2513827141
140189142191
1107311374
3910344104
17361758
1462614927
183189185191
179156184157
7519578197
48555157
130125132127
1207513075
62686669
20132315
1946019564
68827184
1427314774
8323684241
45294830
8620888211
147158149161
71219123
153170157171
153210158211
132183134185
150211151215
8941096
160133163135
18282031
8620388206
2117024172
1353013832
48345136
156181159183
109122112123
8920691208
1221014213
72777579
5924864249
270340
6924772249
1579416095
192194197195
172205175207
8911592117
9315396155
8213583139
193919413
10651106
115125118127
56365838
181194186195
175189177191
84928694
2116023162
4016543166
2711232113
7321775219
5822761229
1522719228
2719231193
87209022
8019283194
1149311598
176116179118
146162148164
1889819199
170241173243
156107159109
97179822
192141194143
118104121106
77327934
148107151109
36273731
5911262114
163201165204
1686017162
1707917281
5316755169
41214423
69567258
1862318924
6010863110
168134171136
55405643
4719349196
113207118208
141138144140
25102812
95169100170
4616947174
174239177241
151103153106
77598060
1117616177
8523386236
1022010423
1586316065
11583160
1711120113
117911912
129128132130
6524868249
5520463204
1921721219
1115514157
83498651
161113163116
99193101195
105196106201
159166161168
175119179120
1095111154
67257226
23822683
71737375
1506215364
54905791
364415
100101108101
122121124124
5924768247
1123811540
1183412136
6421467216
1711720119
1315913461
3810943110
1226912571
01783180
4921952221
1079311095
1517115373
1318417185
99138102140
6914271144
37574058
1154512445
51475548
101204103207
112120117121
720410206
77618162
42277229
1873019031
2920432206
118129121131
1652916831
2612528128
142102145103
6117564177
2120426205
157141159143
1899219493
2918134182
171121173123
122142124144
37224023
89919293
154212159213
136167138170
179171182172
4112244124
21924194
11682171
44364738
2912831130
1483015032
126185129187
181196184197
1923319933
7221175212
1815718359
1552615631
4914052142
84338636
158173161175
1274213044
8722490226
118139121140
5412956132
6623269234
62226524
133239138240
169220171222
3423239233
1012213123
8824492245
152207154209
192146197147
8512888129
24442745
122245125246
3822141223
1313013432
64446745
3910544106
172134174136
1311216114
150160154161
155199157201
42874588
1852518630
1357413776
163192167193
199198199209
157113160115
19431975
913413135
766798
1594816053
7018872190
160107165108
7220575206
9313294135
67757077
105150106153
25662768
186117189119
2321325215
191123194125
7222674229
8615391154
6419466196
65176818
4812250124
189194191197
152175157176
145104147106
987610177
189165190168
161120164122
1091311215
2710429107
179123181125
1316513467
1875718960
1368714088
169132174133
100128101131
910411107
72217424
140215143217
1456914772
16799171100
1794018143
104225106227
1894919251
10671108
154194156196
3521538217
2210723110
120209123211
14801512
8615588157
142114144117
01753177
1123814240
8617088173
90669269
144108147110
50165218
102180105182
146184149185
45774780
6210467105
48375139
22202522
11421156
52108211
106180110181
160183163184
113217115220
8671069
11921243
125213128215
4723552236
23582560
7722980231
15701871
116146119148
4414647147
3110734109
3314235145
52365538
134103136105
121100128100
168177171179
1762317825
151148154150
1894019143
187155189157
61497154
7421376215
125111127113
7723280234
1017811183
121188129188
1494915250
123194125197
149244151247
73147715
83548557
203254
144238147240
9111294114
1243712639
2438
67416943
6021062213
1367214173
1977019972
2915534156
151153153155
152163154166
6495
58256326
155165157167
5613358136
6512267124
32018202
3620639208
8610689108
149915210
1967619779
1912819430
41714473
2818335183
1110014102
54305732
166246169247
41364339
531582
6224365244
3517538177
102122104124
67116913
1877919081
1620018202
162104165106
1745817563
6717769179
4917654177
21362241
5924061242
79418741
1734217644
147121150123
4718950190
382433
150114153116
10441545
6611668119
71129114
8010981113
165141168143
126912911
2123124233
6317966181
28752980
138222140224
9317998180
3811748117
127121130123
2911930124
1424219243
170244173246
2111123113
5414656149
6612569126
132180135182
1512115423
170188173190
90709372
8410592105
77388039
4418946192
1866118963
175182178184
9323297233
135211139212
180139182142
106172109174
1054110843
144241147243
188180190183
350373
3516539166
2118223185
5019952201
79668268
104231107232
4024442247
5811082
136180141181
194188195193
18442345
141223144225
7811881120
583785
6321267213
152156157157
3810743108
1076310966
6312665128
56675771
8213090130
1737217673
14831505
145137148139
99810210
95769779
158203160205
160101161106
19411
54195720
149138151141
166137171138
190137193138
6515566159
02442246
7022081220
131167134169
5321254217
21835184
5721359215
7719079193
7615881159
1279512899
140135143137
144143147145
153231156233
61526355
122131131131
1296313066
1156711769
1115113154
15799159102
51195322
7520177203
1769517997
122198124200
137213140214
99205100208
1717017671
45734775
120145124146
3813040132
1491415315
188127189131
636668
987810379
101118104119
056358
3219234195
97183100185
5917261174
1292713328
109140112142
191236195237
9411597117
409843100
178146180148
1792618129
126227130228
1619316395
185126187128
8719690198
1402414129
8723988243
707758
7121373215
114180117182
133241136242
1515717159
2922931231
1531115613
40524255
1276013062
1663716742
107169110171
1743217833
65306832
1708217185
7620681207
1379514097
1695717159
9114696147
26862888
5016253164
57176218
157103159106
100154102157
2919631198
1204212344
59786180
147203149206
8814990152
114151117153
172100174103
62396540
137104140106
7210375105
1795518356
1488515386
7221024
1529215395
25162619
8818490187
1519823198
1486915170
128150131152
1656916771
60466248
1796918172
195218198220
5712859131
17422043
124912512
132161135163
2313425137
1297913281
35323635
98133100136
133126136128
1384614048
1624419245
142112145113
1709017591
42307232
195131198133
3610138104
127205130207
149207151210
5712359125
163220166222
4516048162
20232226
1526515467
153225156227
5118356184
117156120158
7415782157
4215644158
126225130226
190213192216
137107140109
6122163224
1158211884
1311516116
36863889
27922995
107132110133
2921332215
65907590
126195129196
1015810559
1714617448
453755
173167175169
1361713919
4219346194
1705517456
166916713
84398740
3821941220
1413217134
73327634
862894
147181149183
101208103210
9214094143
23692671
3918943190
133234136235
80128314
131141134143
5323956241
195246197249
4020442206
1065010853
47535853
48865188
907510175
1589616397
1809018195
1019710498
9719298195
78468148
114172119173
189200191202
118151121153
8122984231
1355813959
1446014762
8916990174
41786181
5520557207
165157168159
1837518677
192217194220
13298135100
6818071182
388419
109136110139
174162178163
164237168238
1068710889
15671599
91389341
13251627
1686817071
1312213324
1687617078
1402214523
8212084123
639865100
180158181162
189239191241
1649416696
160157163159
99188102189
179163182165
2517030171
992410226
99186104187
54335635
42324633
111228119228
8517488176
8517992179
76257730
139165142167
42477249
29103211
47985299
171234176235
145118148120
161193
9423797239
1626116762
5916462166
1661416817
183246185249
1357713879
9223693239
9610798110
169103171105
105139108141
21172419
62866588
1217912680
1427914581
111194113196
1798618288
14411643
162149163154
1248312685
194240199241
168186173187
8518787190
186190188193
124248128249
71669169
24642865
193214196215
1851418815
1817818679
129213133214
180179182182
103244105247
918711189
124211129212
921812219
157234160236
5416258163
189192193193
1498015182
22036204
41584261
4720549207
130170135171
91339435
1509615398
1094211244
135164138166
1143211734
149227152229
78948196
1515615261
1339113494
49295729
2517227174
195232199233
6323265235
190155195156
1753417736
3520240203
1655716859
194118199119
172247174249
155139160140
1483615536
106155109157
115211118213
1778317888
5021252214
4617648179
180198183199
9711199114
919014191
166103168105
116235118238
5624258244
3718040182
1851118813
1834918850
5023253234
5621159212
9421696219
6810070103
4916550170
121185124187
44434745
196237199239
1818721188
160160161163
78308131
107215112216
1638816689
2915132153
8923891240
173149176151
91199421
4513146136
02303232
126197131198
88469049
122182125184
32203423
1816520168
5823460237
1017012173
177179179181
1863218735
188227190229
126147129149
149132153133
2219226193
37594061
62248226
168817011
13811422
1644516550
198102199107
8218085181
141233144235
79558058
167148170150
6824573246
146233149235
193174196175
1722417526
118164121166
1141311715
02131217
140127141130
190132193134
1034410645
105241107243
130177132179
110211111214
5010352106
161117163119
82958399
1015410257
1375514256
1515519156
165170168171
1295613158
1067110973
4222246223
3618339184
5024352246
163207166209
146179151180
78638165
1856718869
21282331
106113109115
11699120100
913111133
1105911361
58816183
2821930221
188123190126
1246112664
5022255223
95229627
1231512616
98245100248
162239164242
8712390125
40854586
1212812430
2810031101
31303432
1527415476
150183152185
12601562
1411514417
62796482
98147101149
196108199110
165175167177
890993
122157125159
157215160216
101104104106
1819021192
2116624167
14321446
23252527
2212924131
1387414175
1051510817
1114511447
196226199228
2415127153
68447047
3116534166
114232116234
121132124134
71177220
3010231106
166172168174
75517852
130202133203
178211179214
1507515179
119123121126
1564315746
126216127221
194167196169
7410179102
1877019072
1076711069
01853187
139513916
1429514597
5913766137
106221109222
8516686169
1921522216
1034610648
180212182215
141177144179
113109115112
82608364
7019771201
144218151218
169229172231
136174137177
1327113573
1741317714
164199168200
195216199217
4621547219
1124415245
4414048141
01285129
8416186163
85739373
67877288
8613989141
140614111
3210135103
3510537108
1621618218
1451514817
1953019832
9817199174
162160165161
185182187185
453485
72129214
106143111144
191157194159
3023233234
6311266113
1044910553
26762779
193164196166
10041036
12941326
180130182133
188203191205
42404542
1895219453
4911352115
38364039
7014073141
2416225165
43554458
7710685106
45965097
125124129125
3616341164
2813631138
145140148142
5610660107
88309033
78147917
58876189
01113112
1099111392
1858518887
985810061
3614438146
189219191222
73857686
3512138123
67526954
169194170197
173111176113
1583716238
4614950150
813916
93919692
183111185113
2219026191
141121143124
102145105147
1378313986
1294713348
111201114202
074277
1610218105
30393739
35363738
8511987122
1832118524
3216035162
13541755
8210087101
120167122170
5024753249
137135139137
98679972
1016813169
162172165174
1699217493
106177108179
533564
46245025
186244188247
9317596177
6215864160
1289213094
112159115161
14211723
166225169227
1964919951
43594561
113154116156
76897892
2121125212
7714682147
186165188168
60446345
1418017181
5310455106
197177199180
1344413549
31696170
870973
159229164230
1612416426
8522987231
01811184
3311938120
148236149241
67686971
141149143152
141104144106
172106174108
6517566178
128145133146
138175143176
181234184235
169236172238
1796018361
124105126107
1844618847
5913562136
1806418366
183132184137
37324133
369839100
1485215154
5310258103
1481115113
5611558118
2622328225
920112203
1535015361
140230143232
9122693228
1349513697
94729774
9119694198
131247134249
1299513099
1572616028
116143118145
8923591237
1119311395
133147138148
1271412916
194200197202
152197157198
3520937212
142180145182
35193623
4120245203
183215186217
128110129113
67926994
3314635148
136197137202
6121563218
920934
6922771229
1208212384
154242155245
456758
1504415346
138218143219
156150159152
02102212
3524436249
5611958121
176144181145
14521475
158239161240
1581416514
178104182105
128118130120
12461449
5418057182
5524658248
88619163
19601992
02243225
3715641157
8924191243
12371440
7211973123
318423
1215912660
124223127224
113106116108
2414727149
37104011
21305132
1875519156
130111133113
4320646207
6920772208
156110159112
1313613240
1926019365
170168172170
1878919091
1754517748
6018569185
29903391
123162126164
7912882129
150219152221
1714920151
88799082
9513898140
1813021132
150230152233
147150150152
1462114823
1016110463
4817451175
1679717298
155168158169
71657367
192111193116
2622629228
1415116154
9591162
151121153123
14341636
1810721108
61298131
9014091143
8413687138
12561558
6624269244
21535154
149162151164
9013894139
139186141188
8111584117
1458214884
375676
9219993202
1325413358
151194153196
7597811
196222199224
179208181210
85818784
8321685218
171119174120
154239157241
117248121249
117107120108
18972298
2411126113
7614379145
9718698191
5910061102
1291510
1549615798
100211101216
180134182137
6113864140
91229226
126126129127
3013931142
57335935
4122743229
170214172216
9117293174
12291431
068173
67657067
173231176233
7717778182
1261212913
99179101182
44144617
94129714
4215944162
178239180242
1171711821
4778
1206312266
113122118123
9117094171
185152189153
121179124181
1845618658
88859088
1820721208
9022093222
168232172233
7918282184
9714198146
186218188220
3322435226
1158012081
184158185163
4019742199
175153178155
1872518927
31793481
6222966230
1110914111
194120197122
8221283215
107182110183
197126199129
1219512696
155237160238
187212189215
1572316025
8511588117
559958101
9115993161
