1805
94709574
194143197145
115141118143
145245148247
5011855119
112211116212
98183101185
112152117153
3619938201
1314814152
1927419379
4017345174
31273628
3523137233
1208912291
8512989130
1586116064
39294230
127214131215
5219454196
1259913299
7216276163
9213695137
5314356145
186149190150
1621717222
74647865
104108105111
145134148135
65956897
112206114208
3420239203
6118864190
52725573
1975719960
984610147
2623829240
1774617949
1011910224
183197185199
121107124109
70237324
104132107134
703726
1116211364
1152211724
155192158194
1383214035
193228195230
1813321135
6111664118
419843101
149177152179
164210167212
1604116542
4823449238
105232108234
1557115676
2810831110
4719649199
142239145241
02313232
5012052122
33593561
1712819131
107149110151
182106185108
52195520
8224484246
1822718430
125140128142
143184145187
6220463207
1717517377
6324465246
1471915021
32493551
135188138190
4922351226
104207106209
3317634181
134247141247
1297813280
129248134249
2712031121
1973319936
835858
1023415235
2213825140
1447814780
8923292234
11497116100
1014210543
9622698229
29783181
8317186172
1922019920
166105167109
144217147219
1051610817
1603616338
11851208
49555157
170177172179
142213144215
5319758198
18001823
83678570
67496951
33533556
42624464
53875689
01163118
4423947240
193197198198
112120115122
1356213864
1752117823
1422417226
6217264175
98216100218
198119199124
18512053
33173619
134154141154
83558557
1427214475
162162169162
5317556177
70117313
178197180200
1642516727
12241725
179229181231
1621519216
1181412116
119913102
01777177
91159417
195719710
87379038
1783618038
15121913
1448414885
80248226
186166188169
1121411516
103119105121
5620359205
153109155111
169153172155
115149118151
7510778108
3822341225
104235109236
114137
1311213513
4223645238
185117187119
1448114783
4020244203
9317296174
1088911092
10671118
56856086
58506053
146132151133
129122131124
5122754229
1194512147
1871419215
131182133184
142197145199
71887490
111136115137
84588859
89319432
13711403
1792011
02122214
2021621220
49685170
3716540167
7224374245
134176138177
116186118188
194218196221
100128102131
107221110222
01422144
62267326
4614947152
1656116863
103151106153
1364513947
525566
149208152210
50445445
1754017742
25592861
28353336
16341685
1914219444
85148816
6410967111
60346236
8323486236
4010843110
8314685148
167221170222
136143139144
10051037
15271549
149916102
38324233
9217797178
23252528
169112172114
9618098182
815211153
5216253167
155189160190
1626616468
1087211173
136198141199
4516847170
160202162205
91729277
6810070103
127163132164
01235124
1145711659
8618687189
1414514447
151121152124
47945096
5121253214
8310184104
6815271153
40144315
113243115246
29523254
118194121196
123116133116
44864788
9616899170
1387214173
11231155
176134179136
69727075
60756576
6718070182
43354636
181218183220
42007201
1207112572
1906419465
5519159192
193170196172
52298231
66666869
118230120232
125113130114
1867818980
9118794189
6923780237
15521755
120142123144
162225165226
1224412447
161165164167
120209123210
129241132243
168127171128
9222094222
176174179176
4211444117
152188154190
1956119962
193114196116
1658016683
154164156167
33713476
194179195184
8818690189
2422125226
182128185130
981910021
1619416496
4814749150
4713452135
33333734
51795381
2215324155
7012872131
198160199163
8510288104
77218122
18772080
0528
46125113
96319736
133234135236
9017691179
180203183205
164175168176
84178719
2312326125
1509715398
109240110243
120129125130
122181125183
8418885193
6513268134
16381840
1020717207
160119162121
3612937132
10151217
347379
18601891
2012922132
1596516167
1932419725
119132121134
125169128171
142116146117
1597016173
38404142
21363140
189153192155
1947219675
3311836120
5123953242
1069310995
191233194235
77277929
2618230183
4914051143
197155199158
27152918
3610938112
1431814620
267289
187245188249
120239124240
11481649
80908591
171196173198
223255
96509951
108118113119
38904192
4619349195
158230160232
126147130148
01835184
96719973
391413
153121154124
157164160165
147106151107
1615316455
12151246
6010363105
126179129180
42184520
1373814040
190919311
1533815640
122174123177
78468049
9516198163
42604661
1342513926
01344135
145166146170
134164139165
47845185
1876719069
1564416045
1786618367
91819384
191160194162
2712231123
191191193194
140165142167
100170103172
174197177199
71347336
168116170119
1847618581
81779181
3022435225
9013791141
10651096
108134112135
3022931234
463495
17602062
2120523207
1879019092
3910541107
6481049
116126118128
194217
13732373
43314632
2815129154
195176198178
1164911951
50235325
43904692
1220014203
42416244
599962100
154212157213
638689
163149165152
111209116210
58706171
1449314598
11297113100
3814441145
9014292145
94599661
1743617539
2818430187
5917561177
114123117125
2011023112
354386
899991102
116233118236
1520018202
1209612497
50585360
8713889140
141234143237
5312055122
191122194124
10611264
922912231
171150173152
1299613298
6012361126
1025110752
1024010741
43784879
37224024
185156192156
106241108243
1144711848
1152511926
51905491
1292913231
1372214024
99910211
9515696160
97245100247
1457214775
9618799189
160237162240
26113311
94809782
120158122160
976810070
90649465
191117192121
65877088
724510247
1626416565
1921122212
169233172234
171142174143
3324738248
139244142246
7716779170
4513948141
3023932242
1038410685
1036510866
149160150164
68607062
1321913919
129221132223
192127195129
86518755
1091311115
4823950242
8724292243
1978419987
19232225
104145106148
178237181239
93129614
160198161201
926977
193118195121
103204106206
195146197149
774806
123220125223
131228136229
150100152102
1388514088
964210043
5118253184
1173212034
30553257
1137811481
4617649178
97156102157
42594959
5522760228
6720170203
7417375176
1761617918
107237108240
106130109131
622653
1463914941
105123107125
7116876169
3521938221
1704317246
1424216244
989010391
29583260
137191140193
157203159206
181144184146
181232184234
80548256
1107911281
4222144224
177158180160
191218193220
1169411996
2317925182
181149183151
71739176
1456214863
2317026171
5021557215
162227165228
1817320176
9315396155
144148146150
6086210
8391141
82228523
2420526207
77818083
182170185172
14211922
6014861152
149190151192
9271130
11799120101
1685017152
024525
1116512170
11841287
777828
1531515517
15431566
153148156150
12501301
128129130132
26283029
1218114184
182229185231
1559515698
111203119203
130137131140
1258812889
9118494186
58406141
99106104107
6817071172
125232126237
186163189165
89219123
3921842220
186228189230
179130181132
181195182199
14797148100
160106163108
188199191201
7920684207
1921819619
115207118208
1622718230
1113414135
6322466226
171717310
186126188128
64476748
1463414935
6111162115
157125159128
17862088
118156121157
171239172242
459761
1454514846
1476015061
140216143218
1639016692
3311135114
124190126193
166158167161
24432645
4216244165
4818350185
5713660138
168165170168
02294230
1068110983
1854518847
8120284204
3615739158
1952219923
28393140
6514468145
112105114108
1976719969
3817040172
106108108111
107142110144
17632065
3013533137
112126115128
3915442155
9012592128
1793318135
159133162135
9011693118
1243112438
118174121176
4522248223
2417529176
98289931
1127211475
4615749159
6712072121
82298531
167242169244
33143516
198231199236
11704172
123228125231
1013410535
6385
2323725240
3712540126
174116175121
4124743249
1897519177
1920324204
47355036
6215866159
108165111167
155225158227
1307513277
1539015592
86568957
185123187125
1573815941
1141811621
72217622
1394814449
97194102195
1006410267
154203156206
7622477227
1681617118
32793581
25932895
919011193
182227185228
2622429226
25782880
1416319164
69957496
1023610538
92519553
1598616288
152182154184
7120173204
170213172215
198202199207
6321265215
100146103148
75377839
1807418575
177127178130
5319956200
7911782119
189239191241
01271132
9613998142
1159011792
1928119484
102173104175
45624666
160146162148
2613129133
171193173195
87648967
57326133
3816843169
35743777
195164196167
4223345235
127190128193
1418314386
7861088
35403742
42504552
6219566196
2710530107
107217108220
9012992131
5423856241
4316048161
3413536137
100158103160
6523668238
3324236244
177152186152
117191120193
13751398
168156169161
1067010971
8711888121
9521253
180193185194
102207103211
5711658121
95233100234
57836284
1812218424
30613263
138131142132
6110664108
1935819461
7220774209
8416586167
1944819750
7512477126
1794218144
148226150229
74407742
197199199201
1902319225
87369536
162216165218
1072311025
1207312177
136100139102
4111944121
161122164124
131217135218
21632564
9261826
3114033142
2110723109
1879719298
2010324104
186196189198
195168199169
1603916540
9416595168
109180111183
157174159176
4924853249
215516
44674868
196133199135
1844818750
15571579
39184121
107179108184
1421314317
1687616979
7819981201
174171177173
117216120218
1565116152
169120171122
1227312574
1807118373
32383440
919411197
2512828130
7723078233
198141199145
5313358134
74357836
61886490
41274628
3874010
181120182123
177242180244
145192148194
1617416476
14431744
1802518426
8212884130
172135175137
148158152159
1295413255
8817789180
65426844
6219366194
1245612758
130209133211
1057810880
6819871200
188117190119
110172112174
126202129204
60776279
3323638237
11911294
4912452125
36293831
131199134201
196117197122
171115173118
181200184202
1611219114
2218524188
1845318755
918712189
1046310964
113218116220
1498315185
1252312825
1326313466
9213395135
35383839
153100156101
194190197192
1801718220
1801118512
134208136211
6715870159
153177155180
184159186162
1674516948
61856487
1719417297
71727573
78578258
4621449216
162177166178
116243118246
1665616859
1526515566
142164
14651668
1237512677
180124184125
911513116
628830
818211184
181111185112
72537455
1004410545
6716269164
19572259
76308131
41527153
7017672179
24722973
1017512177
12198124100
9312494127
190203
167235172236
177107180109
1484215144
1905019352
11191322
1494515246
9424396246
41654368
6624468247
6724169243
138219141221
4512448126
7011375114
26462849
175209182209
5681069
6113763140
163236166237
26552957
27882892
111239113242
2912632128
167223169225
39604162
179246182248
1535715659
42414543
1121014212
3115534156
1747217774
1879319095
2516527167
5420655209
1443614738
1009610298
1725917560
6721970220
1747517678
67707171
51755476
18912192
174115183115
1367413976
107152110154
175216177219
1848218784
9721299215
4219944201
107226109229
1581516117
146174149176
140714110
2019621200
116167119169
1351413816
4122643228
120171123173
1839618698
6410367105
5019852201
4214245144
179183184184
70497251
1566515867
7615879160
109184112186
1345813561
159160162161
161187164189
8521788218
101191104193
1954519847
21545156
191149194151
60426245
133204136206
1677317075
68547155
128119132120
1528115386
2211324115
56695773
24702971
174195179196
1555316054
151195156196
1807618378
112229117230
1145311556
153197157198
1515815262
88939195
31823484
1587716378
181222184224
1575715959
6716070161
1662116724
2811631117
1655016753
9323198232
5416458165
679882
1322915231
13399135101
17898180101
1831618518
17641796
125111130112
9410199102
36783881
30253526
361383
182166184169
152116157117
1023614237
1218212483
1846718670
184218187220
99139101142
80158120
46494852
1699817299
60816482
1222015222
2522728229
76748075
3823141233
1919419496
1844019440
436937
6920571207
1254312745
289491
6019161195
113109115112
559958101
612211123
3014633148
174245176248
77247926
151225153228
1320416206
905995
9020892211
3711940121
1233912840
8212585127
01501155
176153179155
170129173131
54815683
1522315426
55465848
42349235
184189188190
77598060
146160148162
1626916373
12281431
57135915
6323366235
4820451205
131187133189
1389314394
138133141134
179161183162
173158176160
90559356
121218124219
1535015552
971710118
155121158123
14121444
150140152142
171190174192
125149127151
196130199132
178214180217
1764317845
63516653
138205141207
177177180178
158191169191
1084910952
151224158224
1894719249
1256012862
7219875200
54775778
8319888199
02165217
139242144243
191229192232
137118140120
32463548
47614964
103197106199
114139117140
52845585
1913419336
754767
3621338215
99226101229
177817911
126207128209
174221176224
478582
102149106150
6617669178
127216130217
85718774
2515327155
3516837170
865897
37183821
125106128108
196223199224
1924022241
107246109249
5522357226
191143193146
175206178207
1877019072
22902691
165116167119
122194125196
6891190
2710130102
192210197211
64616763
9216294164
67797081
173161175163
84868987
99120102121
54315634
6912272124
1334913551
104157108158
6919371195
1952619728
120200121203
3410339104
1658616888
155218157220
7418477186
8023282234
4718850190
01684169
8722891229
1084011042
81738474
36653770
103142106144
81628463
196245199247
5817861180
151125153127
41367138
10501082
178201179205
8015883159
2215027151
1146611768
40844386
110161113162
90399341
131111134113
9901022
90189320
102227103231
130155135156
8223085231
97219100221
2320028201
3924340248
150211152213
119243122245
66226924
100241103243
109120111122
1134011841
1719619199
123151124154
199170199181
1511815321
2821831220
126210127213
88339135
8019283194
3713439137
163129168130
1072111222
63937493
7615381154
10651367
140109143110
149103152105
109194114195
83248526
1906219463
1307013571
9512496127
105112108114
180225184226
1588016181
1413414336
1831918521
9222795229
2423326236
6212367124
151166153169
3015131154
90689569
133119136121
155170156173
158217161218
54605762
521823
111138113141
51187121
145195150196
1017213174
81718472
1695617159
49475448
100210101215
82968697
6021462216
52187221
9410495109
1916819470
119912112
194111197113
61656566
9320397204
149185152187
9614699148
71747277
113101115104
8321086212
31895191
129238132240
1714822149
158246161248
4614547148
6181518
185202188204
1765917862
105174108176
981110
155134158135
2919731199
1583116133
1183512137
1739817799
71797481
4512946134
41006102
163202164207
111199114201
5218554187
36933896
1009310395
816011162
1285613058
8521986222
105192108194
8623089231
6723271233
144107146109
121197123199
189245192247
11321434
1202512327
5114452147
158214161216
186131189132
1482215124
119222122223
87449145
2324628247
113154115157
61639165
113186115188
166184169186
9316995171
4816951171
5620859210
61736474
1623016433
423455
103129105131
4212244124
147177148181
173187176189
4422648227
1322013522
7287510
958989
169192170197
53125614
113225114228
58345937
1725517458
193163194166
998610387
8715590156
4320946211
5721160213
1588216184
264286
86688970
149193154194
822711228
199620100
1977019972
243545
77788080
1487815279
37874288
91379438
17472248
110101112104
161151162156
109156112158
1236512667
7222675228
140208143209
1409514198
153199156201
6020163203
89469248
4823253233
113189116191
1208412385
1317213573
1882619227
1755517856
18399186101
83658666
122161124163
192167194169
81818582
1916619467
100196102198
21872489
2518427186
7118273185
74327734
7324676247
503554
60946297
153145155147
177187180189
160102163104
1126511369
8522388225
1956519669
170184
166198169200
5518858190
1202812330
129207133208
1579416096
67527153
178185183186
1725017354
5719959202
1693317235
12541456
14099142102
41989199
61878190
39944197
1533415636
9791182
820834
433635
11816182
8510988111
8720592206
120140124141
2316827169
90789380
1672816832
39754277
6515669157
168173171174
5222354226
7310475106
122133127134
95379739
4518052180
11201142
1761917920
110244112246
6318066181
1132711529
8711489117
151128153131
5216954172
2314125143
1217812480
34973799
167219170220
45564858
9312994132
80668268
2219623199
1122313226
152170154172
183120185122
185180189181
1532715529
1210415106
5931094
8014982152
3510538107
9319097191
120226122229
9110493107
1121312218
1820821210
79648265
997410177
5515258153
1321615219
7513378135
114179116182
8720789209
119235121238
1932619430
01255126
75967699
130100132102
154228157230
103244108245
7621879219
174149176152
1715419156
842864
1492715228
6821470217
177222179225
1933719638
12353237
1312713628
1321513418
416486
6122662231
111115114116
1838718590
4516446167
1852618729
210232
71147217
3211741117
151163153165
1728417586
01787178
2117122176
124137126139
118247120249
1258012783
2016521168
97599961
1584816150
154154159155
1366913773
19231945
171132174134
1755717858
048250
1714419147
189242191244
942974
191248196249
21752477
192225194227
5913062132
1503215235
1368013982
1405214254
189189193190
3923441236
6420768208
134240139241
6122262225
4511649117
156156159158
924011243
196227199228
5119154193
517010171
20412145
012513
1728717589
164198165201
6722469227
1162711929
134161136163
126157129159
4916551168
7312875131
01472149
6522968231
1795518356
82388440
1144411746
1653316835
98134101136
166213169215
4520447207
1610419106
6924672248
144236149237
4013543137
25852887
180153185154
99206101209
763965
8310684109
1554215943
73778077
1063610838
7419176194
2220825210
136212141213
1171711920
8812292123
36894789
39514153
160194165195
9019393195
29463149
219823100
141127143130
69377438
97849889
62386441
1915819261
5017552177
1462514827
44814882
7617779179
6217969179
1678417185
84358637
151151154153
181109185110
162242165244
1712520127
132128135129
79378139
108223111224
1521118212
1613818141
196127199129
1196812270
6517468175
171219173222
7220577206
156139161140
19262228
9123794238
188191190194
125238128240
46374740
173153175156
179126181129
9318095182
184173187175
4224445246
108168111170
150243161243
1209412495
1977319975
1202012920
185245186249
9717199174
193244195247
4320444207
3517439175
1512320124
74667967
1426114463
01633165
25752877
173240176242
3212134123
25162621
1777517978
6123864239
67116913
182117184119
161229165230
9610698109
51489149
178218180220
1753217833
51667169
171166175167
189202192204
184243188244
96199101200
5014852150
6322964232
7921282214
112129119129
1561015812
105115108116
76107715
3512238123
3024535246
49495152
114158117159
144190148191
157151160153
1184212144
75787683
101180103182
49215422
1815718359
173111178112
162183165185
5616859170
1892019122
8317785179
3111232115
1087411176
9619699198
3122634228
12821305
7818281184
68637065
165102168104
8919092192
621310214
2313125133
176161178164
163120166121
1734317546
119108120111
1483615138
31853487
145248148249
086388
34103513
923814239
1745317954
4820653207
154240157242
1821719221
823213233
1488115182
1312313326
137169140171
170186172189
111196114198
612411125
829885100
169237172238
1365713761
145213146216
450472
152132156133
1924722249
4911351115
1272613028
61158117
105126107128
195108197110
134159137160
92879489
1441314517
7114573147
162246165248
6020863210
141178144180
133195136196
137186142187
188218190221
98137101138
1783918041
124172128173
154126156129
01664167
1602716329
18172020
1492915231
8619088193
180133183135
1498915290
43244626
168135171137
110147115148
2014422147
98239103240
14461478
13141346
125218129219
61928195
49755078
88509052
121247124249
120178122180
83518554
7112574127
144171147173
4511847121
5613959141
1112411426
413213132
816610169
12881589
140194144195
1177111974
106171109173
136214138217
01571162
136129140130
24552558
181189183192
115195117198
86778978
1625916560
153159155162
138126140128
6316765170
1768118182
2117726178
1419416197
1076111062
182126185127
167142170143
1733417835
1133411635
1710119103
3012440124
157101165101
6215066151
1885319354
89103100103
172122174125
86208823
134185136187
147149152150
129126131128
779880100
9522298224
116102119104
1116011661
2410526107
3313838139
103246106248
8816892169
4013141134
118161121163
7331035
137210140211
181214184215
1885519057
98191100193
1552215823
5913362135
108188112189
171168174170
111213113216
6421667218
1435114554
157118159120
150198152201
107145109148
1721517517
132122135124
8617787180
141189143192
38473950
170148173149
5723760239
1885819060
900932
7912781129
149143151145
86908795
21602462
1496315165
119135122136
1048611286
1804518148
38344235
1888219184
674697
3324037241
17101742
67257625
102224105226
01733175
163133165136
31454149
3522640227
196215199217
15321734
188231190234
5423556237
32883590
2410827109
7520778209
1746917771
141113144115
109199110204
185215188217
1048710789
1215812361
55425745
124198127199
139121141124
16861708
123178125180
105190108191
