1765
4211544117
1219216193
1078211084
4924852249
5910362105
1889019093
2819529199
143101146103
1916019461
192164194166
3619038192
93709672
79298131
1716020162
4623749239
2116623169
198204199209
116161117166
59846186
91399244
1283313035
82348339
1523215534
164223168224
141114145115
119195122197
335367
1424314347
183156187157
9123396234
171212174214
67336935
1044110743
1651416816
7220576206
53465847
97226100228
1767517878
1679517097
1036610668
1195012252
5510358105
27262928
190245191249
155209158211
7019673198
1924519447
5310956111
7223679236
19332136
6516368165
120230123232
8814991151
02362238
169179172181
8418987191
2019823200
1015810659
52207223
1632316625
119246121248
70257327
01805181
42176219
238540
1228812490
4714950150
174243176246
146162148164
143126146128
1196712268
15591860
1016210464
6913671139
6314166143
193137196139
8220385205
121150123152
633935
1304913351
1678017181
8710889111
5516557167
1312113422
3517937182
140146143148
1441514518
1708217384
25932895
516817
1796618169
4320246204
1386314066
1683817140
137170139173
1429414497
1188812190
114232117234
128139131141
1492415325
1587916180
82123
1718418187
179212182214
1286513068
102119105121
1075711059
9222995230
1123811540
183187186189
119243121245
9318696188
125145129146
165117167120
43964598
68817084
6619568197
140196143198
155108157110
1605116353
194190197191
14471517
1294613148
5814561146
4316144165
173142176143
2522027222
162104164107
100165103167
4720649209
103243105246
1661916822
127110132111
12621564
1085111153
1009310395
3314834151
181166184167
7810981111
109911112
123102124107
129227132228
196112199114
181121185122
7571059
180918211
135102137104
35643866
4313544138
87659067
09510
131247134249
189132191134
146165149167
172207175208
1327113473
82738476
172119177120
4318844192
14551757
105124108126
149208152210
137163140165
5118153183
978710089
14601501
60446345
2313826140
6410865111
1773118033
1124111642
1325613360
130813211
1923719539
4414048141
19642167
5913562136
144147146149
432473
9112693129
163210164215
46914993
132127135129
191178196179
2382511
99116102118
160136161141
70627364
1401314514
172196177197
1358813692
19102211
89609262
58555959
87728974
3124136242
5324655249
16201922
5814160144
6914071143
4214143144
55395742
44624665
124230127232
8422987230
8317785179
8717989181
4421246214
7423276234
49455247
164242169243
177160184160
1815418356
12341266
181184184185
8424195241
5118453186
2023423236
110228113230
190148194149
85828884
33863688
108118111120
1827718579
7413175134
61158117
3021034211
5615760158
23763076
92579459
1108611289
190227192230
77458047
7220973213
42594560
1663516837
5613758140
1935519557
1695317057
1492115123
1615119152
194140197142
39754276
289392
1027010572
173240176241
1458514886
57435945
128135139135
195109198111
115143117145
181188182191
9017093172
15861608
82898790
6416766169
1824721249
125206127208
119148123149
1003710239
173131175133
171243173246
12671298
62116314
8111684118
118163120166
01162118
80578359
4415847160
138224141225
1024419244
5816760170
1338413785
3117533178
189922100
15931625
108169110171
8721790219
5818361185
143159146160
159169162171
8111284114
154127158128
178120180123
8124684247
3617638178
125225128227
8401142
192167194169
1261812919
31493650
5513458136
71289130
4911352115
1733717738
22602562
7323776239
151149154151
68307132
4016441167
170154173156
1529615498
1345913760
5521157213
1716317465
16422043
158246161248
4020642208
856907
168120171121
713311134
1125011552
193170195173
137142140143
64896791
30243227
170188173190
8812990131
1596216066
151125153127
87418844
70857288
108165111167
72217523
5224056241
112111114113
140185143187
85698871
1523816241
8510290103
122245125246
158106160108
3416037162
114247117249
128179131181
613815
158217161219
1229512497
8519788199
136148139150
111177114179
20232325
17731976
1818318485
51358137
2416226164
99236102238
1514815351
171219174221
195239198241
131154
122178126179
124195127197
32283530
14491652
936010060
135245138247
100234105235
85108911
1099111193
9723299235
65366937
1715917362
64247324
187153189155
73847685
9791281
51889189
8513588137
14221454
1371413819
162125165127
5524256245
3910944110
1746117762
9891291
2914632148
90899192
22652467
142118144121
1086011361
9313395135
2823930241
1537615877
117130120132
818311185
4720150203
154166157168
131221132225
1959319895
68657067
3915342155
9417097172
1814218643
98810110
62706771
149124150127
115195118197
44664669
138113148113
194106197107
6613168133
174112177114
144141147143
192100195102
1946519767
9320895210
163207166209
1636116662
1566716068
17401791
82228424
49125213
1168411788
1757917881
8213584137
333536
6541055
1634616648
111194114196
1123714238
90709273
6324265245
9614499146
722610227
117811911
1661117112
9751078
9224895249
164187166189
62058207
101184103187
1903319434
137111142112
1617420175
129199132201
8112984131
116201118204
196193199195
1494715051
2822630229
59776279
109123112125
120155125156
1534115544
75107811
840871
118219121221
1664116943
136146139147
61616562
4122744229
1316313465
128215130218
4723049233
8616488167
112118115120
1377013973
91659467
58336036
196103199105
172124173128
1942019921
1710720109
5313155133
1025010751
02191222
815311155
1051110616
66626864
7461048
190137192139
151139154141
1207412475
1269113092
88459147
1523915640
750801
9215994161
4522748229
6517568176
133234135237
4024245243
505537
180198183199
3561356
1311413316
9614099142
7120273204
3322238223
7723779240
1697517276
3713840140
3619541196
35694070
93469648
41517153
1737117573
12171258
1412519126
82788580
74577759
75437647
73867787
57835886
1458214983
997710179
1896419067
137241142242
3310135104
150199153201
1056210765
121145124147
465497
1723519238
1138511588
31155118
172164176165
3823641238
114122117124
70547256
16471679
159103161105
165245168247
9618298184
67810
178220180222
5522756232
138227143228
7119374194
71657367
9714799150
1391814023
177170179173
28163018
2416526167
4421946221
1312313425
73407642
7822481226
116211117216
177236178240
93849586
119204122206
34763678
1614119143
9014192144
125102127104
39664367
181244183246
168176171178
194134196136
8114384145
15401562
188161195161
1517322173
8023484235
1616616567
12211522
18882090
1189112094
104108105111
2013922141
1895119252
2513128133
1333613539
276327
157238160239
1220914212
72717572
190196192199
1921122213
4619849200
1415814361
4210345104
8423987240
715737
1764318044
1843218535
7910081103
147147150149
50375239
8517188173
7414875151
1254612847
1674417046
184176187178
27443046
156163161164
95309832
124172127173
192203195205
7118773190
78638066
1286913170
657689
196115199117
1751917820
127157129160
148140150143
6522468226
4024442247
160152163154
55255926
181193184195
9181121
7123074231
151211154213
3015533157
6510070101
759978101
146187149188
134205136208
2317125174
193233197234
120198123200
28733075
111158113160
119107122109
3712438128
29543355
168103171105
136237139239
1647216674
4021742219
94809781
13331635
4917950184
1432114623
190170192172
152119155121
145218147220
116118118121
55505851
6624569246
6613468136
179179182181
19822184
54935795
70367338
120211121216
1318016181
128143131144
144199147201
1146611668
174171176173
192118195120
69487250
8818290185
189242191244
159102167102
169244170249
140238143240
105129106132
28843087
1666816871
8915392154
155136158138
02484249
1843618539
192103195105
3424339244
5817960181
107223110225
1955819959
1410416106
3911341116
1813118333
8412686128
1808218882
1852718729
98198101200
157175162176
1734317546
192214194216
1691517216
1145911761
7614280143
180145183147
165139168141
5722758232
1263012832
91499650
1131411517
27682971
199137199148
9121693219
153230155232
172175173178
79268128
1275012952
107172110174
1144311745
1271313014
1469314796
8113384134
1767317974
110207113209
430732
8020685207
99244102246
1135611658
128172131174
158220160223
17751816
61408143
91369438
166113169115
2321425217
183214186216
1893819141
747779
70577358
3619939201
130101133103
124133127135
2212824131
111220114222
111245113247
139176141178
1913519536
1411714320
8518788188
113125116127
9411897120
5414157142
188195189200
91529354
5624861249
23262628
100142103144
140135143137
8422089221
94279729
46724974
2817130174
157125161126
191919411
124180127182
112148114151
95127
1311213413
1465914861
9711199113
1831018513
575678
1842018722
320343
34223724
1738817690
9022093222
1205512356
68907192
7221775219
1782318026
7822180223
99124102126
1863118933
19561988
19601974
100156102158
2412227124
1288413285
186162195162
1712721128
174156176159
3212934132
12361340
7821182212
1581116511
16531685
116185124185
85728676
183108185111
8014982152
2314826150
1745917960
7716981170
3010633108
202233
149163152164
816210164
10721104
91339435
98215100218
3813039135
4811052111
1657516876
22409240
156228158231
1496215065
44294731
4110746108
97389941
102208103211
3415537156
140209142211
1131811819
122120123125
01374138
191191193193
158196162197
144195146198
8510088101
99159102160
16861708
5819460196
143165145167
73787680
1175311956
4315545157
195212199213
60246326
2111324115
1214512447
6313265135
02391242
10261058
198230199235
31443347
104203107205
165200173200
132149135150
8112683128
1820720210
1162612027
6213763140
1118211484
81648466
151195154197
1945219953
1188412087
6921071213
141159142163
1127611479
6824771249
1774917952
1672317025
2918231184
179205181207
2816831170
1633316536
1067010971
181200183202
6012462126
6119563198
1319013492
1874219044
78608062
7110174103
1248012782
57376238
4212244125
2117723180
1602916232
123240126242
85238825
8210886109
162142165144
1162412025
5619159192
192121194123
183179186181
1667716879
109180117180
118135122136
8611589117
12761578
144204147206
1715417356
38174119
1158111883
1829018493
6611869120
137198139201
36283930
120181123182
4320946211
1311015112
35714072
164229175229
3817041172
2819231193
115218117221
132172134175
124129126132
44104911
720742
9217795179
29563258
128112131114
89189419
9599100100
1477515875
61948196
145131148133
1719417297
01552158
1491315018
16151817
1715217453
9421397215
108188111189
158177161178
1415916162
1384014241
2312526127
4817251174
1029110692
47624965
166184169186
11511354
968310084
119913101
164228175228
7316277163
11211153
131215133217
178189180192
151115154117
1710520106
01435144
1104511347
41124314
636938
2717928183
140203143205
44424943
6110863111
1018610488
106160110161
146179149181
424725
9410398104
73557756
2122824230
1559715998
107228109230
55165719
4821751219
194152195155
1819518398
11241625
167143170145
34673868
9617799179
1416917170
9412596128
858899
7422177223
130204133206
86608862
1123014232
149128152130
2522627228
104185105189
911933
103239106241
151244156245
22682471
45514754
1224812749
775806
1949119992
3912440128
1777018072
132182134185
1366113766
1191612119
29883092
13761408
76127815
1375013853
162177167178
180228184229
10799109102
942974
99248103249
2021422216
9320096202
7317375175
5211655118
87879088
178112180114
17699178101
32193520
58616063
1498515187
1248412785
1812418426
182217185219
1129411497
1388213985
8815891160
6415173151
2319327194
200231
110215115216
6911472116
1422517227
8117284173
8014683148
62836485
127152130154
69147215
1218612487
161816310
1415014255
31246126
1545315755
2014625147
41906193
11461349
4123042235
184100187102
30213323
106185107189
1086211263
8722489227
7723379235
52765777
186210190211
9101212
3710640108
115189116194
1409014292
1313313236
2210325105
173139176141
8523587238
34513753
121101122106
1669817199
160205168205
6116163163
1611220113
177107180109
1719117493
24892692
62329234
3524738249
25822784
5221454217
107215109218
164152166154
74247726
2715229155
1912921132
1459714899
177154179157
6020263203
3810143102
1014012142
7421077212
1584816050
122213125215
162149165151
13921414
1101411217
1423316235
7513677138
113132115134
1186012063
389740100
50885291
125136128138
1902119224
132195135197
62726475
176177181178
4217245174
1696917271
8514688148
8324291242
6723969242
1803418336
188228189231
94909792
97193100194
360761
104221109222
71597361
1511615418
4117543178
127166130167
1985419957
6224664248
51485450
1333313635
136219139221
1086411365
153204156206
9123796238
4022043222
3310936111
156118159119
18261848
10851117
2414127143
144242146245
137185139188
154198159199
169222172224
7422477226
1737417577
1544815552
1915819459
26523053
1561315915
1421916222
126912910
73497453
40524156
131104134106
1954719948
1235012454
104181107182
162122165123
165220168222
30353337
8620489205
317013170
173107176109
156156159158
150131153133
31395142
9712398128
1481115212
2821931220
130107132109
8221485216
77328034
127184129186
8121786218
4511749118
60916393
195146197149
97185100186
3124333246
38904093
18998191101
177162180164
1341413616
189102191105
7017972181
117104120106
177241180243
3523440235
54705772
184246187247
50425244
7819283193
914612148
20732276
123183126184
2321333213
3911144112
9318095183
70121
192127195129
111213115214
130157132160
124119127121
170106172109
127175129178
523554
1375414056
976810070
6218467185
952510026
163155165157
17321754
1966819969
102910610
22632764
8918692188
1513717140
140139143141
144227147229
140247143249
1411416116
1644916651
150166153168
5113454135
7811480117
9411296115
912311125
6323366235
139214141217
30703272
1324713548
87759176
165215167217
161130166131
3721639218
1384414145
17522054
33693474
166202169204
1932419526
170122174123
30313333
33563658
159225162227
79128214
5912961132
132167135169
91279330
1068510987
181124184125
2021721221
114186117188
66866988
182137185139
83528555
7823182232
29393241
1723919242
195167197169
1274113242
31143316
1574516047
41774479
95339736
114135117136
8511288114
197181199183
1149811799
2220325205
82308731
114128119129
37404042
1045410657
166122169124
2814029144
172247175249
112114115115
84378640
35313833
171129172132
13651567
126209128212
128237131238
119241122242
135105137108
2416827170
152190153194
126199128202
96739975
1169511996
157146160147
41404641
1542415925
120122121127
1382414126
43744576
99127102129
4923554236
6316070160
1063610740
6021663217
5120053203
5517158173
996110065
128195131197
1558615888
7087310
145182148184
7311275114
41204422
111169114171
109201114202
121128123131
5412256124
11921493
3116534167
96163101164
1877419076
1288713090
145150147152
4515150152
131218134220
8919591198
8118983191
38504251
1258613286
179203183204
913512137
7019174192
8241027
112165115167
8911893119
42154418
129168131171
1841618519
61346436
53395444
2812130123
96180100181
140229143231
175116178118
1267113172
1791918022
2714930151
16371840
115205118207
94109613
192124195126
149137154138
1094011143
1509215294
8519287195
142122147123
1352113724
117158120159
146169151170
62946795
133117135120
186146188148
178209181210
84268728
118122119127
83698472
6523668238
1513815838
1816920171
168194171196
190153193154
8315586156
8120884210
6822071222
169146172147
1472114825
7024472246
8122289222
1615416356
196173199175
128131130134
187140189142
101178103180
1967119973
5314755150
46964899
8416585170
9624798249
186137189139
74607762
1101811121
33403641
1619416496
109103114104
6812372124
99104102106
85158620
130244134245
172116174118
412011120
109147111149
5422159222
1164811851
8823490237
14641486
4223645237
1099411196
9089310
2518427187
190142192144
144144147146
7118273185
4619651197
492794
119168122170
154216156219
177142178147
2318126183
3493514
7422776229
5219757198
187179189181
197227199229
1911819320
91259426
122220125222
6415767159
174174177176
2511327116
992810230
1555615659
125243136243
106235108238
939894102
5217456175
1798718190
7214275144
8816191163
4012941133
947979
1693617237
9020393205
3112132125
803854
112143114145
51785679
180196184197
161239164241
5415258153
34543755
175220177222
154248157249
3322836229
1933019731
18301861
37573960
1072211522
610624
5221154213
119235121237
1858818791
79910101
9412296124
24232725
112107117108
155172157174
8913692138
8620690207
1914219942
44124813
218321
1092611129
31843289
9520498206
46324835
1520917212
1861718819
23962599
138243143244
1499615199
6016462166
147104150106
3415738158
5523362233
278329
1434014542
155151159152
134166142166
187201190203
47805181
41827184
39854287
75688368
9123596236
1759117893
56525854
9421697218
63866588
1859218795
43444845
144104146107
5817661178
142215144218
53885689
81158417
7112973131
103225106227
8810490107
5911262114
5222357224
88329035
161198164200
8721089213
38523956
1302613328
1257312776
1078810990
84858688
4213045131
12411543
193180196181
109113111115
45834885
162216164219
65836785
154224156226
1363614137
47775079
8616891169
1419416197
1342613628
169226174227
183210185213
140199143201
8217485176
1343013732
105104107107
134186136188
128119130121
7917481176
2013622138
163225165227
6311266113
184238186240
118143120145
062463
195196198198
94168105168
6421667218
124912512
182126185128
9820799212
1927619379
34343637
80848386
114208116210
1016713169
4115044151
752784
7310476106
82258328
131121134122
6512668127
97519953
138129142130
115148115156
4521547218
193174195176
2120625207
105190107192
3122533227
6511468116
133200136202
1424717249
48565158
6022363225
127239130241
118229119232
11301432
185241188242
8723189233
4210546106
121114124116
158172161174
1856118666
111198114200
112185113190
64926793
1676017061
171234174235
136215138218
1774617948
127105129108
38224024
1445714958
49695271
185158187161
5821459217
1184512047
1537815483
024325
1088011381
222523
162172165174
135113137116
269928101
119153122154
140218141221
48495052
7621979220
58396042
1812718230
53135615
111203114205
158149161150
5314557146
299931101
1142811929
40314333
15701584
1018310485
176179178182
33383839
40284728
815846
3823140233
3914141143
3914840152
5114752150
2110622111
53905592
195216199217
2311027111
108175110178
1751017713
135167
103102106103
4824551247
1014517145
68697171
22065207
2711730118
168217170219
193115195117
1597716278
152153159153
94879689
1074410947
100232103233
121132123134
126216127221
97219824
170150173152
7324176243
78168019
196218197222
1433414636
9011291115
2712732128
43864887
8513888140
1071310916
25792781
9017395174
144246146249
159231162232
6010063102
147101150103
196100199102
1812221124
151103154105
8314987150
107226110227
122142124144
180238183240
74317634
37484249
1198012381
197242199244
8281329
2111229112
65976899
25652668
0133
2113324135
479880
76277830
144185145189
10961298
24472948
190188190195
5710059102
94169105169
125105126109
1385914062
1745717758
1345613658
157224158227
541743
02122214
9020992212
482514
1487015073
166225168227
1598616288
2912931132
176203178206
1219112294
14151437
8617488176
02479247
160228163230
1768217984
28202925
1203612338
86519052
96230100231
1196612766
8511888119
1221812519
6818770190
152111154114
179115183116
145119148121
5023354234
25692673
191183193185
163117164121
4121243214
4624048243
6010767107
108203110206
1012210424
13791581
101215103217
1245612659
116237118239
3814642147
174153176155
1755317855
108181110184
153227155229
2513426137
8523186234
397429
1249913499
190150193152
62686569
9751075
152134154136
1364214143
78358137
7819980202
64496751
1517115473
3010932112
1275913160
109233110238
1457014773
81628563
8301032
713812139
7720380205
1828618489
161147164148
19061928
188156189159
196119199121
4219345195
132142134144
26582861
3117236173
2621528218
988010182
486689
154200156202
58155918
105175107177
41934395
1927119573
88279030
147195150196
1964919951
179129184130
23772878
1448714789
1731017415
1254412845
63476848
176207177210
1462614828
1721819221
50625364
9422197223
2415126154
124233126235
4019743199
1622116522
162181167182
174150177152
21122314
156187156194
165148174148
101218104220
2310826109
133136136138
127168128171
1215712359
