1767
9715699158
21522454
122148124150
16851987
1642816729
1715919162
73927693
152145155146
120128123130
157230160232
1189212095
84658667
1426314664
6819869202
8741176
103140106141
7514377145
109243113244
139146142148
1667616978
1161611819
17192220
162161165162
4718150183
152199154202
143184145187
4118444186
1461514718
183121185123
182237187238
1365913764
85108812
9210596106
190194193196
1391614218
7410579106
9212194124
169229173230
158237161239
110161114162
175191176194
1082411026
18572159
142242144245
01523154
6023663238
5495611
2018223183
194139197141
1069410995
1427114474
58826085
1716820170
6118663188
13501401
180195183197
1922119423
44764679
37584060
4810953110
15961628
139242141245
5719459196
3263311
3523438236
8916292164
192157195159
484507
92839784
79418243
4813749140
196148198150
9316694171
188178199178
2720428208
32246226
1298713190
154139157141
9616399164
1817218573
1042410726
7511277114
1822718529
3821541217
123203126205
45694771
917911182
194194197196
2813133132
61639165
1425614557
135177138179
162172165174
42214622
3714739150
7316076162
1143411935
1852018822
36183821
6616268164
76277830
4912450127
7817481176
5222153224
8924491246
22054207
161168163170
34533557
3324137242
1315113652
1332713728
32456247
1152711730
102239106240
4120246203
924411247
114126116128
7412777128
1206512367
1328713490
5522358225
5412456127
1112711428
1856218864
1966219963
1176311867
122154
45434845
92589559
50175319
822844
1203612338
171248176249
3513537138
166169168171
175214180215
14311463
1626716768
130143131147
9220995211
70437345
113141116143
1959519798
7912180126
6319566196
8918291185
150239152242
106171109173
164146169147
1644816750
1337513578
1317013472
1388514088
19671999
7110274104
29493151
132176134178
162175167176
150168151171
113175115178
4274410
187194189196
2122423226
172193172200
68767178
585887
13971428
2118825189
02413243
7916584166
33243526
1613919141
6121663218
125165126170
1924722249
7921082212
192118195120
5721160213
63516652
555757
87959296
78948196
22982699
1673617038
196180199181
1896419265
1642516727
1369113993
115189117191
41704471
173197176199
2216325165
1457014773
183142188143
189821100
3723140232
125112129113
68567158
84158717
33833585
5112353126
166225168227
8217384176
87779078
7811182112
1531715619
191206194208
1110414106
8520788209
154229156232
25883288
115135117137
118223121225
1125111553
1568615988
2715828163
31833287
942964
123219127220
5520558207
109190110195
57126014
6014963151
168143171145
69277229
1608216285
1058210785
1718019183
96619765
61666667
191201194203
1417814282
3810340106
32583363
7422476226
8517285179
1198612487
1010715108
176127181128
02442247
35783880
13299135101
1538115584
533735
5116454166
8551256
177106182107
57576258
683984
1367314174
775797
188157189162
8014682149
9419696198
25783079
1087411175
159214162216
1928219583
154131158132
8617388176
3711039113
147224151225
4722852229
1826618568
186151188154
369738100
193179195181
1266412966
198230199235
61778180
133205136207
9015691161
148113150115
64926695
96259827
12501282
97929994
14998151100
8311133
190144192147
75417645
133219135222
6211165113
120206125207
93259527
4420447206
1613516636
134135139136
8311286114
1734217446
152224155226
61816482
141164144165
118201123202
155240160241
25752777
5317158172
99125104126
173186174189
29173219
143196146198
3022532227
36713873
99190102192
78528153
5213954141
3323937240
2011422117
1489215393
2319724200
5923064231
144152146154
12201621
57266028
90399341
3112934130
4518748189
166205169207
111152114154
130108133110
38824184
1362513926
627829
26583159
192188195190
106159109161
163126166128
8501152
195236198238
2017123173
127156129159
6517566179
3824041241
40894391
32473549
27252928
132143133147
9123494236
1881519117
12451335
1782818129
28333036
142193144195
63466449
88539155
1965619958
149126151128
1251512817
1892519227
3921242214
639841
145150149151
27892992
110145113146
6981199
7122872233
1219312495
879889101
82718573
17371940
143172148173
1305813161
111189113191
115154117156
1895219056
1707717578
9419397195
47225024
1913219533
1512315524
169216171218
1547415776
4421447216
101119104121
188177199177
823011232
1437814482
43614663
141240144241
14961528
8815091151
539955101
1821118414
173200175202
107113110114
1682517027
133180137181
87659066
176200178202
4415647158
1881019112
85418843
134155137157
850873
178247180249
185102188104
107235111236
99154102155
114149116151
43254527
3410537107
1207312375
38674169
107205110207
5421955222
118161121163
01834184
128214131215
193146195148
6114066141
1653916741
116115123115
4410645109
5220353207
1127611478
5513958141
123812511
1518417186
1462614828
1013410934
148209151211
149192151195
169193171196
21662368
22782481
80118213
108201111203
7461048
1767717979
139212140216
143211146213
75947797
1361213914
6520868210
127140130142
182217187218
35633865
6821772218
97132100134
5416156163
19441976
9113394135
8115384155
5810261104
135102137104
2018025181
4574710
1321613321
6697
6916272164
102184107185
6214565146
5523658238
1428714589
6212464126
1361913921
155188157191
51465448
1604716349
137206139209
100104102106
2223423237
196153199155
21625164
41134614
196239199241
1745317854
155186
1616316464
127243130245
4111346114
54825783
94229724
125161127164
5516458166
5422757229
1306213264
0032
1768017883
22252626
1623016433
86688970
73237625
8710891109
14961699
1742617628
9417696178
1122011422
140203143204
3621038212
89609162
124188127190
9413697138
168162169165
5316958170
2418327184
1515518157
153129156130
4423045235
4813450136
1781618118
13781581
155199160200
1010013102
2617928182
3010333105
1546115763
4624047243
181112184114
198200199205
164139168140
159209162211
72179220
10661367
132223135225
136113139115
1612516328
11851387
187206190208
01692172
9512098122
1747117673
2717030172
137513810
6410569106
1099111193
154111157113
12921494
1731417517
119149121152
61956397
136247139249
2316628167
120186124187
171240173242
169113176113
1127311475
573775
1258412886
459661
134241136244
79448146
8319888199
181157184159
119142122144
13121614
185108187110
117209119211
2610529107
85498851
1523718238
1218514188
1575615959
132115133120
12571758
1133111533
41194620
1751917721
132183134185
93169618
6410267104
9222695228
140246142249
153220155223
2714029143
194113196116
192224197225
7213874141
192226194229
181204184206
1572616028
1549215597
21872489
6420367205
1238912691
153155156157
105218107221
132148134150
13531556
163103168104
108151110154
123176126178
148915111
9210795109
121131124133
187203190205
78358037
3824843249
42176220
7823380235
35514052
1358113783
1898219185
1710122102
4823648245
4210044103
154133155136
8813390136
2417126173
64446745
1453014732
1939019692
3620339204
6521167213
6024164242
1020212204
73547556
151165154166
159161161163
181201184203
52665567
124235127237
032235
125238126241
2520326208
162240165242
8791082
5613658138
1161412115
22592462
81868488
31015103
1045810959
116203118205
1785918061
162238167239
155122158124
65606763
101207104209
58416342
6623270233
1520318205
4920551207
6518668188
163202165205
9421496217
1464814950
93709871
123105126106
54305831
1245612758
167177172178
1591016212
1474314847
182161187162
111205115206
6813971141
1815518656
147152149154
142149144151
147185150187
16532054
95185100186
8011382116
744766
19262128
151185153187
138171139174
4422746229
175245177247
5418656189
145144149145
6215264155
1394514148
693708
9851088
1163111933
133162135164
141111146112
6411466117
122161124164
4617251173
2021223213
5012852131
101167104168
119220121222
82238425
1944419746
167158170160
109117112119
9215895160
1592116322
45494751
113101116103
72167518
1911319614
1821918421
8515588157
1803818240
1532715629
22024204
37903993
166247170248
198206199209
150203152206
186245188247
117103121104
1463914841
146156149158
5814561147
177112180114
1483315035
2010722109
9241126
41516154
3815441155
152176156177
8822991231
1575416255
1723317436
1894619248
34413643
1657116873
52945596
160146161149
1510519106
5719761198
144160146163
1618716489
2120824210
1502515227
7318375185
1915219255
186148189150
8721190213
812011121
197113199116
13421356
3712440126
1699117492
12051236
17962297
1711419117
57866088
133158137159
192243194245
7211474116
7018075181
63776480
6717770179
459946103
881903
165152168154
5410856111
11271207
059360
150237155238
124242126244
2819331195
1433014433
125179127182
639864101
104179108180
1187112372
7316678167
1379613999
572604
112237121237
912512126
184212189213
1571616117
121169124170
1112311226
1621517219
4215445155
1146811969
1866619766
1317615178
141116146117
1721017512
52016204
7011171116
1114511646
3012632128
1488515386
106226107229
61266926
1952619828
131243133245
119122123123
56176018
7615580156
182243183246
1535015851
977610078
1851319014
122183124185
65867087
911212113
3618439186
5124054242
9314595148
1728117582
17231925
198100199105
1712020121
4617051171
9281130
2811630119
25502852
54435645
194170199171
189102194103
81818582
1601316315
130239132242
24152717
116196118198
182137186138
6713669138
105115108117
1121411516
187197190199
2513127134
13821423
9316395165
1733717539
169201172203
1204312345
911933
9710499107
43954697
1479415195
6922870231
14698148100
105194108196
10521093
104122107124
101174104176
1005610358
105119108121
7312075123
119198122200
85368838
17812182
4811153112
1633716442
17841807
094395
1303113333
1269212994
29403143
1904919251
9019393195
162122165124
120231122234
99212101215
1076211063
6118364185
1617319175
12241426
6114264144
4321145213
6220065202
9520197204
123107125109
18799190101
31213423
9523197234
154106157107
168213171215
101187104189
1836218465
4715150152
1431514518
2513528137
5312854132
6012261126
181108184110
4110643108
147202149205
5521064210
172214174217
4781278
102212104214
5121554217
1367513780
154183157185
47955097
65366837
1012310326
101169104171
1820720210
159195160198
86458947
160125162127
1424714548
1271313114
1854518847
1246812770
1603916241
430732
2119025191
3014533147
116231119232
159136161139
81508451
90889390
186179189181
276777
01451148
1965919961
1473815538
1867118973
62706571
692894
30243226
1386114163
104200107202
1098611487
96469848
45314634
70247226
31735175
2313424139
66716873
166172169174
138180140183
8823490236
192220194223
139175142177
182149185151
74197622
575606
4020443205
8617793177
1013110333
49635265
2213124133
75357737
119203122205
185114187117
7618778190
121158124160
1125411457
111194112198
65966799
2215224154
7517880179
1275212955
112174120174
012214
8823293233
612634
99193102195
181168184170
1937419676
6217367174
164214167216
7013474135
1626916472
01112114
131152133155
6918372185
94869689
7819281193
1458115082
183163185166
176129181130
18882091
5924360247
31743277
1576515968
17742076
90799381
183193186194
44864788
5913064131
1803018134
59396340
89309231
1712617328
145104147107
4213645137
1366513967
126124129126
1505915361
7513377135
3715840160
16961709
1551015812
9310296104
191238194240
113238121238
5917268172
151152154153
1344013742
3318838189
1755718058
62916394
7621779219
2010325104
1388014083
1175512256
1892119124
039242
175216177218
1106711369
168238171239
179164182166
127176129178
1076610969
5717862179
108169112170
156247158249
39954297
8815291154
58326035
1472115023
78178119
1511116116
103142104145
50425344
1481515316
1828318387
194167197169
3010932112
95499850
719410195
6613469135
6223265234
164166166168
1629616498
172150175152
9014395144
9119094192
136223138225
1562215825
23902692
32683570
122102125104
5321156212
146237149238
1943419539
170207172209
1914019343
39874388
53875689
9424697247
2216126162
1410016103
1908619388
01284129
1821720219
1638416686
82968598
5913461137
67927094
144119146121
142199147200
154227157228
1899319195
2515329154
5716160163
152188154190
1046710670
1072211023
15411743
5710760109
1541415616
722210224
52685669
178817911
9422097222
85218723
129138132139
108217110219
8424788248
188230195230
25123013
6518368185
1913121133
24182720
3221935220
222254
1094711448
98140101141
186163189165
396418
40644366
79228124
104117
15371640
6216765169
6213465136
1348413786
13371369
33183520
170197171200
148226151227
47114913
7117674177
185167188169
1173611939
8924793248
1035010652
65826685
132191140191
81388440
6213764139
50775279
5321356214
4924651249
6524267245
5420861208
189151191154
9512698128
3493514
117181120182
1929319794
65886791
4921250217
116247119249
131187134189
4110445105
30443148
48595161
3111734119
135198142198
4111843121
1913419337
1287013072
4413847139
479849101
1884219044
5310257103
192121194123
181214184216
154210156213
105197107199
50915393
66417142
977210074
61276827
155150157153
156142159143
3611737121
1569315995
988110183
2622529226
1235412655
135188138190
9017295173
01344135
3711440116
1158011981
172116173120
117169120170
1302613228
7018872190
1715022151
17571779
1522015522
816710170
171114174115
1178212083
157108159110
186243191244
3457
6824170243
1244712749
13641444
128205131207
2817331175
3815643157
1265912961
4011042112
28153316
167219171220
182124184126
135147138148
174195179196
01082110
146129150130
93139615
47314934
8311888119
1781918120
188214191215
718310185
147220152221
1355413856
302334
116179121180
5319255194
72118214
9121296213
107157111158
5414557146
129200131202
184182186184
1189612099
126812810
8020682209
1514426144
17499177101
2316825170
159247161249
152115163115
186200189202
6495
8310886109
5524558247
3311436116
40114512
117108122109
660682
1395614158
9512398125
1052710729
152216157217
4013441137
156201159203
115152118153
111138114140
1016510367
2424727249
192191195193
4419047192
6117564176
4922653227
5714859151
019321
75517753
89859785
6715068154
196188197193
6315965161
11251166
181139184141
162163164165
5622059222
171166173168
6212765129
178217181219
1654217242
2418526187
6624871249
192214
166109169111
1383913944
1745117952
169169171171
131246135247
1622218224
154159155162
105212108213
136137138140
21292331
99236102238
44284730
690712
46814983
9614598148
52575559
168128171130
112209116210
622824
8817092171
01732175
15312032
1334613648
100107102109
174170174178
1404114144
23822684
30893390
1761317718
2719629198
6722171222
1534516045
8622987234
12331535
186128188130
2615029152
85608862
142103144106
172218173221
2022124222
1773518036
52078208
1506815172
122221126222
18581958
1597216175
16371688
1218115183
1854218744
79548455
153119154124
9617299174
130102132104
120248123249
189232192234
1798018182
3693911
191216194218
1298113283
8531254
163143166145
188237190240
178152179157
39804481
1292913430
20382241
96289830
3317837179
092393
1508715588
167231170232
131248135249
188227191229
1813518437
01552158
161189166190
129813210
7510278104
8413887140
144204146207
62197319
4616450165
182190187191
48855187
124119127121
62596462
139139144140
222524
8323485236
172102175104
1781218114
32663767
76737975
1204812350
182219186220
4716650167
114211116213
103222105224
3415537156
33763677
105175108176
1423918240
63576758
69727175
1478315284
1619117194
54325734
180121182123
7623181232
31323633
113131114134
5623359235
1692017024
174107176110
172146174149
6110563108
1487315374
3811840121
4315046152
124227128228
68597161
62866488
19199194101
72357438
713736
3817640179
144201146203
5411757119
1715117353
736938
197215199217
96339835
155137158138
1597616278
144136146138
195132197135
1983119936
1038610588
23362737
1806418167
9523598237
8516288164
162235164237
1513415435
141119143121
41687170
148106149109
98205100208
720751
01403142
105111106114
103235106237
02313232
1411914620
26222924
01773178
188155193156
1316716169
01152117
182134185136
179115182117
1717517576
185227187229
8161018
124122125127
143445
5113353135
72467548
85888989
159182164183
11594161
9611263
84278532
41105115
128186139186
174162177164
180178183180
48685169
8320185204
99122102124
112121115123
181247183249
159206162208
6311865120
1344313745
1522019221
142156143159
1366813970
176133178136
131208133210
171131174133
162136163140
1866718969
6421767218
2918831190
102244103247
6614870149
2714429147
454476
1833118534
1321113513
1164311944
50315333
1341513816
179209182211
1149811799
2924732249
720010201
1304013341
11731196
1948619589
9799102100
113111116113
84568758
218259
1977019972
9517998181
128224131226
2022723229
2622729229
127193130194
1409614299
117140122141
1674517047
163187166188
15699159100
123245126246
76387940
51745376
56706171
184131187133
112247115249
2324425246
4411947121
61009102
2519926202
1196212264
59646069
227529
4910553106
79288131
194152195156
25612863
470483
170111175112
170140173142
8912892130
15231564
15721672
79898490
144208147210
138116140119
1131711519
29623164
150137154138
050252
159219163220
123143126145
51358136
1154811850
3320235205
140171142174
125183127185
140206143207
6916672168
106148107153
1244212744
5815661158
1509015591
185209188211
161157163160
3816341165
495896
6022163222
1661916821
126122130123
117147118151
169106172108
148102149105
174237179238
125149127152
2014225143
9122093222
9271627
1162411826
116243118246
114166124166
1853618838
5812761129
8021382216
143146145148
51975598
994610247
175174178176
1934919552
190142195143
1026110364
2323024233
166182168185
163119166121
72737575
65386839
1811022111
1634316645
7124374244
103190104195
1057810781
143219146221
125111133111
533564
5410457106
147135149138
104244106247
9618799189
14831515
103101106103
108133110136
2913631138
180192187192
3422236224
2916532167
172128175130
155164160165
1424314644
8321086211
6616768169
3322838229
1577916180
197184199186
1206812370
1015513157
47914994
1955319855
122188123193
6019462196
3722340224
8223085231
10051056
32503452
126196129198
7220575207
9515396157
194198197200
196118199120
115160117163
7916784168
140208143209
101177106178
133237135240
179134181137
125199128201
54125614
39984299
116811910
15571589
113171115173
1758817791
109179111182
6121464215
108223109228
54175522
158111161113
93199521
3012033122
1358713790
21342237
921010213
7420879209
3015232154
1302313723
1592316324
48565158
182127185129
1767417876
31805182
1223015232
16831793
1575216253
17672069
535566
146131147134
1111514117
26642866
138106141108
198225199229
127239129242
90509352
8319090190
599962101
819986100
1174012042
160141162143
5023053232
61226225
94439546
174239176242
1219612597
189245191247
136237138239
143167144171
150116153118
41377139
3923647236
98111101113
159179162181
111217112220
186118191119
1418314386
2913434135
689972100
129172132174
2523028231
6711772118
190235197235
7316377164
9741054
1098811190
18399186101
1487715079
1873319035
61836485
3023531238
148199151201
159234161236
881011
2314925151
1208012381
5815361155
62106711
8117784179
81159119
31566158
6915972161
7114274144
1310914113
117129119131
9318296184
128179129182
1642216624
161106165107
72777579
4013041133
172182175183
3324536247
182152185154
1520817211
1963719939
141212142216
453754
1837618677
1815718359
170204172206
115138120139
41324433
6811970121
4623047233
96369937
173205175207
9724399245
5318254185
1636016562
23932894
23702871
77207825
1874918951
169121172123
1419918200
264296
1684817051
34933696
8816892169
19552456
91919393
11891491
0528
196230197234
40284329
42534456
113811511
1916919471
79568158
1868818990
8511588117
169181171184
6916578165
24302732
122116125118
37373841
1568115983
150158160158
189138192140
1605616159
1932419625
805856
190158191163
1907219573
129133132135
6518068182
3510836113
1339713698
1308413386
1451014613
1323416236
1027110573
1728617687
2310026102
195129198131
138109143110
1406714369
20832286
382413
39744375
4220045201
44894692
182241187242
107246110247
164157166160
2712129124
1023714238
4014643148
1492815229
2220424207
02282230
191169193171
279929102
947510175
1627916481
4014942151
