1718
750782
1332213624
1297013471
186204188207
1476915071
24532655
167236169239
134613511
5420157203
1281613217
9011693118
192174194177
7681070
8217487175
1386214065
117123121124
50595361
1178211985
8117981188
1910121104
51278129
8015583157
99240102241
130104132106
35224023
9517396177
3322436226
1264612849
5117854180
2320026202
185132187135
3619038192
24102612
142103147104
1405614557
7823186231
916112163
5821663217
160146162149
7621979221
112235117236
143149146151
4210944112
151143154145
184197189198
102117104120
975710059
2317127172
1662016922
1623419236
182213185215
3915742159
161163164165
181217184219
1038910592
1474215044
16591861
60816582
107187110189
188209191210
3312636128
196243199245
1778317985
147212148216
164207166209
1911719618
5022254223
3510039101
107190112191
3315435156
178133183134
1453314736
163215166217
7211073113
187184190186
4515647158
170227173228
7111472119
77308231
1139811799
5617658179
116156119157
189619011
6624871249
43784580
33953697
5320955212
122148124150
4916454165
8861089
18031844
112204113209
142154146155
3022732229
1328813590
1928819589
089490
2321525218
7422175226
4722949232
02403242
6015564156
1113413136
1026210465
1256213063
143247146249
137201139203
9118692189
7622478226
1481415315
8317888179
73617465
7724579248
2817030172
2822031222
9223197232
106210109212
34563659
154192156195
87969098
55445648
9013893139
142156145158
190195192198
8622689228
8815191153
1281410
1297513277
4117144172
11231425
85168818
50795281
8024083242
1456314865
100155102158
6310865110
32346236
7613077133
187154192155
193138195141
1887219075
7816980171
1064310945
1622916431
3273311
162181163184
173154176156
147192149194
110192114193
7122974231
1814921151
71487450
6517070171
1217315175
176208
1313713240
5618158184
191191193193
171190174192
138128140131
2613931140
4316345166
1813418436
20752377
4519348195
5412356125
176198179200
163244168245
178150183151
1803818340
4795011
113199116201
01453147
1044810650
77968098
1918922190
12341934
140194143196
167916912
1364013942
137213140214
1395214155
64856787
1701817220
1669817199
1595416157
1831618518
170106173108
186200191201
3814241144
13291730
3014431147
181223185224
5414963149
1194112046
106173109175
1474915051
8011583117
4818951191
1412815133
1712117224
160205162208
170171172173
1485715159
84398940
106219109221
31154118
1222415225
1686217363
159114162115
53325633
26642866
1021812220
1977119874
1227312575
1829718798
02485249
186230187235
163110166112
1937319576
8619791198
4821451215
14671769
1018814189
102248106249
6120264204
18301881
163187166189
1179612097
7914282144
1261913020
36603763
139215142217
128193129197
148101151103
8923892240
97193100195
159193160198
60216522
157112158115
753785
1633316536
1546815670
161128164130
522554
96299931
159172161175
1462215023
61836385
1922722228
812410126
156227159229
717010172
1451214715
9523698237
19601992
7614877151
7110274103
53625466
9941395
102175105177
128113131115
88249027
100141102144
13951427
69857287
197102199105
154188156191
169179171181
1139511697
128207132208
10751278
26832985
114103116106
5111954121
126240127243
5122055221
8820692207
3722540226
84528655
1861018813
23342636
196398
6414867150
1965619958
1719017491
1520518207
1884018848
02182221
6712469126
1258412786
65966799
182135184137
637939
41404641
3912042122
21675169
27362939
9224495246
1956619669
7922582227
4711052111
1824420247
1829318496
120223123225
8915692158
5515258153
52195720
132226136227
4815850160
616918
3719340195
622654
187146189149
147224149227
49415144
1405914261
986310164
31816182
1911119313
4412847130
1737317575
2810430106
163155165158
1862318925
371403
120145123147
1486015361
149228152230
154199156201
1621519216
77148015
1625416556
191111194112
9411497116
112165114168
1922321226
128216131217
2621528218
1216415165
4265
3212335125
62896591
137151141152
111186113189
194181195184
62116413
135210138212
3016641166
147110149113
02312234
150163155164
171144176145
5921062212
89839285
143144144148
93259627
1201712121
597619
136215138217
1348113783
15221824
18351848
1737117872
1211112314
1347413776
31906192
5416257163
1685517356
85779078
1601216313
42864588
6611068112
7224875249
1759218093
4819851200
163117165119
161177164178
133191135194
191142196143
2418127183
131199133202
98187101189
2523328234
135140140141
1372213925
18442046
1861418718
76907991
551853
141122143124
1743917940
27263028
2010923111
1679617297
103195106197
1195712259
58106111
4619647201
1787618079
146172149174
1631416418
138197143198
8619089192
17999182101
97479850
1626916571
3314536147
19712273
4322946230
100200105201
114123116126
1548115783
1067211173
7923782239
119189122191
74117713
34603565
5917862180
1473014932
110240113242
9314296143
18782081
153204156206
126167129169
8711489117
14801512
1402514128
181152184154
102209105211
13301353
1048510688
1571315915
64696671
4821355213
152157154160
1092411226
16961998
7220575207
80448247
185208187210
6401141
9020191204
123235125237
157239161240
132240135242
1449214597
51528154
147217150219
105102107105
131134133137
1673217034
145146148148
132125135126
271772
7919181194
109165111168
72887392
29313233
28223124
140148142150
9217095172
1518115383
99116101119
190188193190
159119161121
108148110151
6724569247
28803381
135167140168
1015710459
103149105152
01291134
4318746189
4518549186
3321035212
196138199139
100137108137
131231133233
7511578117
3523337235
8416587167
1185112352
180240182242
1737717679
1663616838
1099511297
1516717169
1767317875
8989111
150123153124
3024432246
110104113106
417458
1416214463
93669568
177218178221
2614429145
1755117853
12021234
2312326125
9114095141
1547115674
176203178206
6616269164
102147105148
1333613539
61866388
123168124171
151140154142
242444
149127151129
136183140184
194189196192
373675
6513267134
1065810960
2018123183
72447545
57355938
123132126134
171240174242
8321684219
1113111334
3821641217
112247115248
106164108166
12931325
6615270153
7314975151
3121434216
15261828
114179116182
57176018
1345013752
1915219354
30143118
1824218543
11098112100
3521438215
1596016262
49514
61926693
169126172128
229332
8918198181
129103137103
5721566215
100196102199
8512688128
60236225
189150191153
1229112692
9011392115
102121103124
9614099141
1125311554
1522815530
149237151240
6624268244
95849886
2124226243
7523177234
15911623
12901322
167228169231
97207100208
43754577
6215265154
146208148210
1932619628
1579615999
56535855
9419896201
7218075181
1539615698
7013974140
8310385106
1611719119
8820889211
128134130136
101205103208
1317815181
19631995
115134117137
113153115156
34823685
599962100
7913882140
63536456
193101196103
1481115013
1234212544
102182104184
1498415385
6622569227
139189141192
185128188130
144140147142
45295030
155157158159
6720669208
128191132192
4020143203
5618859190
57435848
6418266185
3811241113
46854888
67416944
83288729
178232183233
6119563197
112127117128
127219129221
168164169169
1726817470
153169154172
6119863200
76447945
8320987210
26582960
153227155230
80938295
862875
236538
20292331
1425114453
1695317454
8721289214
174124175127
127198130200
193211195213
172118174120
1517215374
1909119195
1311715119
99912101
144110146113
128224131226
12199124101
9312796129
164113167114
1426614568
2182310
169155172156
21935195
1285613158
130209132212
7816783168
5624759249
147126148131
1299613297
99216103217
116163119165
9022093222
122186124188
196193199195
22285230
133127136129
1948119782
8722988232
164169166172
37854087
103172105174
110219113221
147144150145
2020323205
8023282234
170198175199
215517
1434014642
1143211535
02132216
188227190230
165175168177
189205191208
6317468175
1282613128
1219612498
13901421
188139190142
4510846113
173195175197
813013131
34383640
1584416146
6214565147
1112713129
138231140233
116228121229
130122135123
1158711790
176249183249
155246158248
1312014120
107184110186
58126113
921612217
4815651157
178148182149
47894893
5918161184
21872489
5024052242
191919610
67706972
91369338
1444814650
922112223
102231107232
137171139174
1316213364
1346213763
112230115232
159246162248
1639416696
114120117122
47354938
13341375
9421497216
62457249
1516915371
3513937142
1806618368
2016522167
54675670
131186133189
434485
20332833
91139316
4613147135
93699571
2322625229
1622718230
4912251125
13191422
1211512616
1122915230
1214012245
143241146243
1666716870
3517538177
181104184106
2013925140
136148138150
4320446206
119247122249
992010123
2713229135
1485415056
182243184246
9117494176
1847618977
1419314395
134223137225
1920621208
3810741109
18291933
1112315124
50625264
1323313535
8811993120
136207139209
52187220
21345136
1455214953
68247126
52218223
136177139179
9018294183
9024295243
919512197
17472248
1315013353
1149311994
9619699197
141170144171
185103187105
713210134
560763
159160162162
114189117191
9017793179
4014643148
5524256245
31986200
7019775198
9110299102
2793110
1055110853
75538054
8824491245
155167158169
108116112117
29463148
1024910353
1522315525
26902992
14941795
57506052
7920182203
112122113126
1213112632
32463349
167137170139
107114110115
1941119613
150231152233
1355813761
9714299145
5522357225
138247142248
176174178176
62436347
1569315995
6016462166
995110154
01483150
45174720
3211833122
72257726
8011183113
63486650
02373239
148133151135
176194180195
6618768189
197147199150
9518797190
171187174189
102226105228
5022855229
9411798118
1136511866
106126109128
3020332205
2112823131
160219163221
2111524117
71577658
67456947
100153105154
41564458
4521347215
1449814999
116141118143
1354713849
1583816041
2119522200
6123064232
88289329
173136176138
7201022
179188181191
8116383166
179203182204
170917113
5615457157
1525715459
90399341
4191219
2320826210
274288
187246189249
189106191108
149209152210
715612157
122138127139
60346335
8516996169
180198183199
50365238
5011754118
180247183248
167222169225
181229185230
1895719159
47465048
4216744169
125111127114
17331764
9611998121
18399186100
195161198163
179176182178
9320696207
179123181125
171161174163
3922041222
1953619937
21902591
78467950
110130113132
117213120214
4318048181
190170195171
5114754148
183177186179
174146177148
137116139119
4211445116
194165195169
4521648218
96359837
51465448
1337713679
124912514
18492350
166183168186
1724217643
01583160
01990208
1294713149
25932895
185173188175
1929319595
5420657208
1854518747
71527454
93879689
128116131118
68307331
175187176192
124194127196
8411386116
5917664177
179164182166
1083811041
99228101231
47404845
140201143202
7116474166
3412138122
166141169143
12441276
1705717359
124179127181
157147159149
123191125193
193194195197
119199122200
8410086102
101202104204
1108611487
157163160165
113226115229
3316436165
42184420
256459
5913462135
163160166162
8791082
1534115643
083484
1348513787
9020892211
5723367233
5514158142
110181113183
68507053
180114183115
5020153203
124175126178
141140142145
43954498
147195150196
8511987122
103125105127
6311970119
128179130182
1388714388
65516753
107233109236
1758017782
8623988241
181167184169
67697469
31968197
7820680208
9021293214
210242
6523170232
167187170189
1319018191
2012222125
1853518738
153111155113
114187119188
46744777
144167146169
222524
6318068181
122228127229
43234625
133219135222
149131153132
8210785108
1008510387
169203171206
2719730199
6721372214
5916761169
166246169248
125101128103
19112312
178103180106
1823018731
180158184159
151244156245
7319378194
1609516297
30353337
87199021
1252612729
34543955
7810180104
8314484148
3911641119
57396041
61139115
177207181208
183101186102
121142124144
156208157212
191493
70417145
7224274244
135159138161
11656166
133180136182
6810569108
18931925
6316666167
181138184140
164145165150
176139177143
7321277213
581784
108224110227
2020922211
1614417148
65597060
103238104241
1925919561
91179319
1311620116
1047510677
173149176151
122226127227
159190164191
116152120153
914712148
136218139220
2818930191
199172199183
2215324155
914011142
1023410535
49905093
1455914762
6515567157
1846518767
57265928
1226512370
3223935241
1235712659
39494151
64446647
62626367
100224105225
6621868220
1188912190
4312046121
1574915952
154196156198
1515315256
32153716
154179156181
1492415127
125151128152
1023115232
1197412177
94559558
5621058213
42264727
1091411116
6010762109
72277529
2318825191
97249927
325527
114184117186
7510778109
1462714829
1215014152
168190170193
1521916223
1618118184
1322014223
91229424
5723460236
1362613928
9624698248
1523615737
170174175175
6024263244
1078811289
130119133121
019321
92249101249
1687317274
156217159219
50101
1612621127
1906419366
152133154135
80868487
5123153234
172247175249
1894519048
1379514096
54415643
186151188153
054555
106145108147
33323633
156220159222
1046710769
1965319954
122208127209
1519518197
4219645197
27532955
1331513616
1327213573
610711108
109158113159
7510177103
69827284
8323785239
1576316065
02095210
11471449
154131157132
190168193169
1913219434
34283730
626928
167208170210
2124523247
1638216584
19862089
150165155166
8715588159
196117199119
5324056241
82118513
32883689
11761199
189216192218
147152150154
152197153202
4816150163
134135137137
1688417385
192172196173
1882919131
153231156233
193247196249
3114832151
1684317145
196114199116
142159143163
126165130166
1755417856
6924271244
61746376
1888819190
1243312735
7016172163
3919641198
1502815132
16341666
924112242
1481915021
4218444186
1432914531
148175150177
90929295
145136149137
2210127102
193198196200
5915061153
188102190105
1646316765
3921042211
7617278174
4721950221
169123171125
131249142249
7522778229
1617920180
1125011552
2711330114
17299174102
7324576247
773976
339541
47245225
1498015083
8514789148
92109512
9514798149
6520268203
15652066
2017022172
183203185205
9719899201
1887919081
1177212173
120119122122
7514078142
3610239104
821853
166219169221
85838885
1848218783
191184193187
30903292
193226194229
182160185161
692895
930962
118158121159
64616862
3917441177
1575315857
116208118210
72227424
1496215165
9114894150
8721589217
39294032
139157141160
1605116353
1562115923
3623940240
5712359126
32315233
191214196215
46784880
1547515777
179173181175
5123556236
6624174241
3013132133
189239192240
124153126156
177114179116
124233128234
188231190234
1697517276
1818722188
178211179214
1523115632
01892191
1954519648
73327733
670702
9518298184
8519988201
127175129178
4814950151
2124025241
42514553
79398241
2316926170
8122884230
84348636
3417137173
1208012382
881110
101170105171
195236198238
127210129212
182124185126
917311175
111153112156
2424728248
1934919850
54385640
1766018161
147243158243
2921731219
2618627191
117221119223
187156190158
7017772179
1483615138
1637216476
1657216774
1206012165
166100169101
1925719558
179223180226
144107146109
169918102
2616028162
1775718059
3323740237
1922922230
01132116
35733776
37594659
155133163133
2412727129
73817584
374396
756797
87139015
722710229
81169119
104206106208
171114172117
6918071182
1716019162
66887189
159215162216
3823440236
137121140122
175100178102
16801694
193243195246
1612216324
8320486206
1363414035
1019310495
65546955
2910034101
4621149212
119210122212
120181123183
134118136121
8814493145
1344413746
6215170151
01103112
1666017161
1086111163
149104150109
86588860
35663867
69617263
135175139176
4221444217
2818231184
1888219183
4614947152
135142140143
915011152
1013210433
1602616131
141110143113
80258228
7716380164
8218984192
109141112142
1143011731
987610177
8518787189
2113223135
987410175
7024572247
55105712
15951627
157179159181
109162111164
1288813190
516539
9311195113
10611363
4922652227
1122011522
3014134142
175163178165
107195108199
2924732249
125204127207
70967398
27733075
68277129
4420747209
8812191123
6412366125
140164144165
925948
1158111686
101192105193
187113189116
53495651
93909493
157203159206
6721570217
1123815239
117117119119
140218143220
4319147192
915311155
6321068211
1392914231
170146173148
165190167193
138244141246
1210615108
29953297
6818370186
164916612
1645116753
115173118175
188131189135
189241193242
134113136115
173133176135
7621779218
162202165204
192208194210
344367
963210033
114144117146
1523815540
9515198153
61396341
1391014211
129234133235
039241
158233161235
5822060222
150203152206
1572815931
82679267
75487751
29443445
74347636
1413418135
1246012961
114129117131
106170109172
108228110230
133146135149
136123139125
11681370
01511154
110200
159243162245
58746076
128141131142
17551957
1309113194
83608562
7920982211
6210367104
25502852
158128160131
51208121
110204111207
37244026
167212170214
5911691
10261328
143215146217
141127143130
1862618928
130175132178
144229145233
178137180140
4415947161
5419159192
7421775220
9624098242
135229137232
1846918771
178238181239
2034
1974619948
14301438
1458514787
123245126246
111150114152
1121511517
1417314376
1123515236
8817091172
404426
1441614718
4720449206
30583360
183120185123
8712990130
6312965131
1255013051
162233165235
3318935192
98214101215
7813179134
30633365
107215109218
131168134170
719974101
194130199131
37564058
1279112994
11401155
161105163108
1078510987
1615521156
7014173143
155170157173
75677869
91709273
1651316815
5712759129
137180140182
1774117943
1217616177
804827
3918241185
3813940141
1674817050
5817061171
157194158198
141167143169
128184130187
41294233
129236131238
112118116119
1377214073
566589
5510856113
1387914181
1345513657
1229312595
1116814170
1339713698
119216124217
127201130203
1756217864
103131108132
32944194
51378139
148220151222
1324713449
157236160238
38404042
49775278
57625865
6310565107
5823761239
22192521
100110103112
7117273174
105178106182
1612819130
190246192249
95809683
133173134178
92599461
1635916562
4678
87508855
8810891109
1333013632
155815810
150169152172
3714539147
5813761138
8661367
177144181145
9711003
157189158193
163199166201
7817879182
54775878
1008810290
2413026133
146157148159
1419614399
187238188242
110202115203
129204132206
134200136203
1779618098
2023125232
1059310895
4221945221
186117189119
6413866140
103113106115
196135199137
100179103181
57676069
6810270104
1369213994
5020952212
1966119963
2623029232
2912632128
134233135236
2318425187
11394141
148244150247
1576615968
110210112213
134164139165
219824100
74467747
9521198213
40794281
156127157130
6321266214
98185106185
1873219034
96119912
141136144138
85868888
22602561
152223155225
3618840189
7019972201
6223965241
22232525
136221141222
183110185112
157230160232
142152146153
163246165249
109101112103
1843918741
166155168158
4516846172
128110130112
48315034
62319233
125104126107
37894091
1710520107
48135115
1509315395
1932119524
177153179156
89869287
52135515
2424529246
187213190215
4612651127
39604262
61938195
1924319644
64636765
60806980
68647166
1056310766
19661998
3112934130
50215721
106226107230
127170130171
1126111762
1634816650
159167161170
49495251
161230163232
28763079
12051236
01623164
66336835
14801782
175239177241
3817140173
192118195119
3316043160
1713817340
30193321
1714119143
1287813180
185218188220
1067011171
114216115220
1916719469
73557856
986510167
54905792
136233137238
3319336195
9522098222
586789
1117911481
6520466208
491514
193224
135130137133
146231149233
3221935221
1663916941
7316276163
7619579197
59776279
152220155222
190235194236
1822718529
8521890219
1246913569
172204175206
1511115412
5820661208
12441745
15299155101
22262528
