1844
149145157145
1681617018
184128188129
3718540186
3911144112
4510947111
3217134174
3621639218
1142311725
12471278
191162194164
7816081162
149143153144
128214131215
173174176176
7819281194
1892019122
13581409
01434144
1488415385
1203612239
6320266204
143106147107
2720828213
189200191202
1231312418
58126114
5321156212
12861587
8419789198
149177153178
157192160194
10351336
4115441161
39914095
6311266113
153160156162
2312326125
1959019892
1884119143
01553157
134115137116
191221194223
5024053242
1304313245
1605616258
170183173185
5495
47155016
1932619528
7413477136
8912897128
197218199221
3916640169
3316036162
167197169200
133174
85738775
35633865
3311838119
1073011032
58826084
177209181210
62139214
1759617798
1397914182
1973719939
57856186
1426714370
102106105108
194118197120
6621168213
160129164130
88289229
7416276165
107193108198
155110158112
185241188242
7420876211
9415096152
1723019233
13251627
150196154197
2312628127
4911651119
192241194243
1771218013
7010173103
119913101
93259527
1024810550
15621667
1115513157
01633165
189230193231
1074611048
149209152210
2920832210
1166311965
1676716970
129122131124
2221525217
1921119414
1768817990
132103137104
47495051
1138111583
152224155226
1793518138
144191146194
177141180143
7123374235
8714489146
1718717588
53805484
80348236
195248199249
8711989121
1118511486
7223973242
9622998231
4311545117
126183131184
106173109175
9019992202
143237148238
5523358235
162149165151
59686170
110100112103
102202107203
137138141139
4215444156
5724659249
77387841
1363313935
3615740158
2218125183
1838118882
7622478226
129120132121
135129137132
19001932
1748217783
186111188113
1144712447
106146109147
1195212155
142112153112
813612137
32563459
14231455
2011121116
1782018221
1472915031
100209105210
6620971210
1534115643
1812921130
119245120249
5816861170
175207
163216165218
6312668127
6523668238
139217142219
99111104112
9321295215
187106192107
1181310
15551857
160147165148
66246926
9010893110
132158137159
48710
142160145162
961710317
2117723180
1634016841
3022632228
2710135101
1013110235
1895419954
1277613077
23152419
131813410
9314898149
37733975
101167104168
178111180114
164137165142
155179158180
90709372
1215612260
62706472
3813041132
1966219964
162137163140
575877
8321083217
43544459
179213180217
156119157122
286299
179233182235
93639565
1854618847
9222094222
1492215223
7120274204
5012252124
109191114192
46234925
133127134130
1368813890
183233186235
189719110
188188190190
85778779
42724574
039242
8120284204
1127211673
173117175119
30413243
5613459136
160231162233
1795718259
13998142100
5618558187
1481611
3322635228
9115794158
187232190234
186186191187
60896291
86309031
1420417206
2310426106
6410569106
192133194136
141170143173
635937
14201452
153108158109
79408142
3917942181
101227104228
131101136102
998510088
42466248
1138911493
170220173222
3111134113
1049410995
9320195204
8413487136
8911591118
4118343186
45774780
173216175219
181176186177
1534815849
156167158169
66316933
98178109178
2817631178
56405942
127108130110
1452314825
2316625169
3910743108
170212175213
86378740
964210143
130154134155
177203182204
7815480157
129176132178
1783118133
3115433157
11351167
5511757119
196102199104
185154187157
6524767249
110214112217
160152163154
1333713539
4217444176
1837418577
2124723249
5816260164
18931925
1904819349
1108111283
101131104133
1402914232
128204131206
52188220
1113811639
12481550
8120684208
146120149121
021125
101242102246
41205123
811910121
1457314875
51155317
142126144129
1466414867
1446714570
133163135165
27153116
47685070
1562215924
78558157
151231154232
10571089
75137815
140158145159
2711929121
7716379165
1779317995
1846918771
8421586218
110218113219
21115113
1944919751
2920231204
1664416946
191103194105
93569559
7813981141
35663868
3423838239
4819650199
24762679
5822859232
5717959182
622653
114180117182
1639016692
121201123203
25332637
1002410326
1846518767
1701117312
7224474247
8724690248
174220177222
1259213592
1702717329
110146114147
1207112174
1039610598
8722490226
4418647188
4618348185
133117135120
2813829143
173155175157
175205178207
198177198185
79818184
172105174108
5222754230
133206136208
94609762
14711503
4320445207
195226197229
10251228
183110185113
1002710230
681703
6521467217
183190185193
1017910382
1581416116
176146180147
145128148130
66607061
82378440
1036310466
123133126135
2824133242
118160123161
1033010632
2617929181
4315045153
1494015242
7017873180
4621749219
1728917591
28273129
1217912481
3620041201
923212233
138204141206
8515588156
1114115142
6317566176
114221116223
77898091
1633216436
1274913649
138242141244
97195100197
160226165227
112199114201
9621398215
1624418246
4217145173
22074209
1471415015
4424049241
37234025
2414527147
167143170145
155136157138
3712640127
2918834189
157214160215
53245626
97150100152
36694070
232534
1532715629
50355337
144241147243
1613121132
85628667
24932695
6923680236
3918740191
174145175148
02192222
1941819621
1624119243
166197166204
181718210
132112135114
190179193181
7710879111
8922991231
185130188132
151121152126
122189125190
120155123156
1032710529
1621616518
23582859
120230123232
294345
056357
185133188135
17801794
138113140116
3813340135
1145611658
02133215
8611089112
1911519317
1705017352
1295213154
150211152214
182155184158
9522197223
5922263223
69487449
107106109109
99179102181
14998151100
178221180223
195202197205
2824330246
98171101172
6022861232
196106199108
129138131141
21505152
192226194229
72917593
9751177
9115999159
8721690218
6024063242
69167218
1559415896
18621885
84208622
1635616857
6514268144
2410727109
4420146203
1627216376
4618048182
181227185228
178165180167
137178139181
4121642220
122245125247
16711686
15741597
8018782189
88919093
1219712498
121118125119
182114187115
30443246
105204110205
41914394
101153105154
66936895
1621719219
191111193113
191117193120
1182912131
012115
121182122187
96175100176
166161168164
120179131179
2415127152
1602616328
186181189182
45534855
1223913244
31603362
01031106
105187109188
187140191141
1226412665
79378139
147152150154
173115176116
157172160174
127164132165
616111162
9224294245
5516457167
191189193192
87628965
100190102192
9211195113
4316845170
168152171154
191100193102
75767679
4718949191
54175619
1311216114
31766178
117228121229
164171167173
7211073113
3011632119
10921115
168237173238
854886
68346937
155133158135
34373938
135192138194
114132116135
3312035122
588658
150198152201
149163154164
67406942
184172185175
1727517577
91889390
4814451145
488691
9117194173
150240153242
138130141132
195148198150
6121764219
41254526
9119693198
52775579
440472
183100186102
1610319104
1312913431
2710430106
1539715699
136117143117
1734517647
5021753219
153122155124
1614816450
4814850150
143153146155
1039010791
156224161225
179184182186
1349514195
157160159163
42624564
8021082213
49275229
15141915
5317954182
36333934
11761199
84588859
1024712249
1658617087
1771418016
49915293
8815790160
188217189222
56775880
180197182199
7815283153
1421614418
8518188182
1709917799
1621319215
150160152162
1885619158
1164111943
160134163136
11899120101
152130154132
1235612658
7520280203
1428714588
12321534
1526815569
1935819859
124203127205
1087210975
106150107153
1765417956
1258912891
2317026172
125147127150
127223129225
9218197182
91919492
147234150236
152216157217
2718230184
1818121183
24222724
1017012173
091393
1342413528
28713272
168115170118
8017485175
1492615228
8024083242
1033
14721774
12011232
1296413167
135242136246
16951727
1034310645
140163142165
154204157206
142143145144
159167160171
7221277213
196171199172
2111924121
12411263
01742177
72557556
28523054
139245142247
547579
191121194123
133136136138
1394114243
106241109242
124167126170
2619229193
4215747158
108120111122
131218138218
91869687
2121326214
11581460
163122166124
105128106131
125151129152
115247118248
139151141153
141233142238
102186104189
190213191218
1857818880
19271978
166223169225
118140121142
134166137168
196163199165
1966819969
116231119232
98379940
138110141112
01363138
1291113213
1638816789
35553757
978010081
53645666
1788218283
88259027
2823933240
194187196189
8721492215
103134104137
123227127228
120193122196
10692069
192174196175
160113163115
4616449165
183234
93289629
2211727118
117107119109
4918251184
1227112573
1898019282
11731195
9212696127
1319815200
107208108213
108118113119
95779779
1581916121
6318865190
2413126133
1574216044
6018062183
25402742
325528
55815784
1564515947
177144180145
181218183220
132221134223
114166117168
128216130219
1123111533
119217122219
1817020173
144140147142
1566715968
90509351
1224312744
170197171201
2712232123
1603216235
120162125163
1621916521
1518715688
105183116183
1513215434
1449414597
82788480
4617148173
1316716169
32883789
165117167119
6324566246
33103414
85128814
1364513946
8815091152
195143198145
111224114226
55135716
5012852130
2995100
180200183202
107116112117
7021873220
9021192213
84278729
153139157140
151218153220
113131120131
169132170136
170208173210
3614939151
4024242245
165235167238
44904792
2212823133
96239727
1062610928
28493151
1298613288
111177114179
82508552
62936595
2914832149
88478952
127111131112
75707872
166181167184
362664
182124184126
2117022175
115140117143
20902391
7312876129
17331755
33193620
195237199238
01692172
4614747152
153209154213
50755376
1612318125
1867619077
7914881151
1357813879
1818618687
84688671
7421775221
70527254
154175155178
720412205
143445
9024091245
1818421185
8524289243
112106114109
7013075131
137144141145
19182220
5522762227
1669316896
160137161140
192129194131
161141163143
929994102
1413314336
6715770159
132122135123
7819981201
171247174249
140215143216
4520948211
1173312035
8116784168
167150172151
106118107122
139201142203
8561059
101810410
149102153103
1886419166
33713574
16298165100
9216895170
615817
162120166121
37204022
1613918142
5912662128
170202171207
1157611977
7418177183
63866687
2515330154
167201169203
1602916331
85468749
1501015113
1121614218
2120523208
7720984209
5518858190
65886790
101239103241
2922037220
153228156230
59476150
31943496
1695317255
1631316615
3414036142
8714089143
76278028
76538154
140166143168
119220121223
19572258
1423914640
7313874143
103231106233
19112212
180195184196
100135102138
158203160206
1112011422
1468114983
6414068141
139207144208
87549155
1805418256
155249166249
97234101235
159109161112
171130174131
1374913951
1533915740
7014474145
1391614118
1034010642
1939519499
1677517176
154240155243
5023553237
362385
2715530157
615214152
4412447126
110173112176
149127153128
1894419047
169103171106
20862289
01254126
1017010671
21395141
13621467
2713129134
147158149161
28603063
2616328166
143180146181
1913920142
115104122104
8491151
1823718539
6312366125
62686669
2616728169
186162189164
1766117963
3622938232
1404614347
111193116194
2912633127
134201137203
683984
98216100218
1425714758
15171539
167218172219
100119103121
6718270184
97810010
1643017430
52077209
109133110136
1666217163
154115156118
5920562206
24912792
41274628
1572915932
118184120187
1784618148
4112443127
143149144152
5910062102
8823591237
196239199241
1251212615
6917170174
61226623
5214055142
1538215883
9820999212
65917092
1711517318
162176164179
136225138228
1106311365
1082111024
7720480206
95479849
137120140122
141914610
133185136186
7813380136
1832118623
3910242103
181247184249
42425245
8721189213
136164139165
2811030112
130207132209
184184189185
1035710659
147245149248
8423387235
1921819323
159240162241
3311436116
190238192240
163187166188
1699417296
104239107240
144166146169
182210184212
176214178217
1703717239
2522928230
2719430195
638840
1106611368
3424037242
1091411117
138127141129
7415875161
137198140200
5917361175
140177143179
7422277223
165108168109
7922482225
1488715090
191167193170
24442647
136239139241
2016023162
34253628
5318555187
139123141126
61176419
7911782119
142122145124
21145116
3017231175
3822443225
39424244
8713190133
148217150220
423446
169128170131
136123138126
6824873249
7410579106
127135130137
1912322125
119125122127
20152217
40324334
519710198
1012210423
20962497
2216325165
6524370244
189191190194
459760
752955
1645216754
139133142135
1121711519
188154190156
850882
15341565
1807118273
541843
183204185206
1446114962
09311
194193197195
1561116112
70257326
01223124
69387239
178179180182
110241113242
5420157202
175179177182
62486450
1797918281
118199120201
1362513926
27843285
126207129209
146143148145
5521958221
141196144198
32016202
800832
109184112186
1402614328
01303132
63886492
9223695238
5216454166
37263928
41357137
120157122159
106214109216
2521828220
5918462186
5313756139
192919710
39604162
172138175140
9619199192
178106181108
111811410
1510920110
4024743249
1767417877
7912680131
6514569146
1088411584
1629516597
54935795
136222138224
178225180227
8514992149
1648016781
97242100244
8711588118
153125157126
7417877179
45854887
169137171140
1421914521
8314286144
963210033
128220131222
9881092
169179174180
3910944110
50645267
71607362
9511497117
5315161151
1038710589
1018810291
1878519087
9621697220
818211184
3023633238
890922
5517956182
192114195116
121172123174
6111262115
6196411
63316533
109228112230
1614519147
1306913272
2122024222
100117105118
10241047
6115271152
1129411596
74667768
1813319138
149915104
1855518757
44684671
14281730
1586116163
7016273163
152238156239
100211103212
10611961
177918011
183197185199
9616298165
57885991
4512748129
157916210
106219108222
31538154
7621979221
8718390185
175199177202
1325813461
9622698228
1289413097
492794
145197147200
175235178237
8913592137
115112120113
01663168
56535856
156198159200
1587816180
6219365194
57245827
33823585
1953219734
78738174
25292732
115144117147
150221153223
5914162143
1804018242
27432946
106113109115
139226140231
178238179243
26552857
161214165215
1067510778
1517217174
1257812979
100222103224
185210187212
105225108227
5717660178
182137185139
164152167154
145131147134
1323016232
7919082191
5896011
3523338235
89969298
142104147105
153244155247
91569259
4722050222
1426514566
187168190169
105166107168
41694371
7619579197
29903391
29563159
198202199207
14941526
1005710259
1898819190
6310268103
21292431
187101190103
123208125211
102207110207
1511515317
186117189119
172241175243
1863618938
135183139184
113185117186
1819021192
53965698
179191182192
463495
148169151171
6914172143
779980100
161105164107
7022173222
67627064
6723270234
1336713669
1781813
770793
9221795219
153198155200
28923094
3518836191
01803182
170146171149
5319757198
72207621
3794011
166102168105
569958101
13971798
7212175123
5214355144
1429414397
1802618229
1235912660
9723699238
171817310
7422475227
2123423236
103190105193
5912962131
1071811020
176154181155
74227625
1173611939
7511478116
89229124
1786718368
197186199189
6113566136
183159185162
1508015283
8314788148
77207922
1616416466
132139134142
33753676
1906719369
757789
1959519996
1434314644
59646365
174238177240
9314195144
123226132226
118143120146
121197124199
1541716117
152233155235
1583916141
6019161194
6318366185
195222197225
3013533137
117105122106
150243152246
19699199101
4716149163
1391914121
6618668189
18351848
1445914960
416512165
1073511036
49865188
1839418695
24542557
160157162160
1011412117
1009510298
26252728
5512057123
186137189139
1797518277
229824100
1256812969
5010854109
117102120103
1701317514
189206191208
62407243
4912552127
1951219715
337369
6517368174
132125135126
3615439156
94119515
105180108182
160181161184
9211494117
20672468
6316665169
126240131241
1656516670
4917952181
6116063162
119211122212
1505815261
9524196244
183140184143
894926
83328535
4620449206
8113483136
1146611768
32233328
23202821
156164159166
192208193211
14061486
8423886241
9013892141
1323313535
3321735219
18301881
2223024233
6013863140
175244176248
1699117193
4419046192
1368013882
1683517136
453656
172197177198
52216224
6624069242
61709172
3015832160
120107123109
1932919830
1702217523
867899
158216162217
192148194151
62846685
5811961121
1124211544
10531454
1741517618
59266427
820613207
123164126166
8417187173
981012
18881992
171113172118
9510598107
11551457
197199199201
1627716381
23252528
64626665
1041510618
125139126142
148197149201
1068710889
186236189238
95205100206
188150189153
33313534
112196115198
3217735178
1218712887
10201052
1228212484
180231
3022433225
1711119114
3511038112
144171147173
97929995
1723117732
188203191205
1473914844
198128199132
127138128142
1464715048
8423687237
102182104185
7617278174
1084910952
155209159210
4521549216
1816321165
2311426116
1224112742
132219136220
1626116563
3711542116
15201552
157101162102
65276630
109202114203
1258013081
1928819490
19332136
148230150233
8718688190
3423639237
63596561
3518038181
92759776
2116622169
126244128246
185140186143
819411196
3510738109
170194172196
407458
6222466225
1275812961
195196198198
8710290104
1106011561
1521215514
197244199246
30803581
100247102249
148146156146
135154138155
126122128124
165110167112
137173140175
127168130170
18432643
162108164110
182236185238
1417514476
6121464216
1704317146
178169179173
182243185245
3621339215
130246132249
9611098113
9761017
125143130144
3314735150
105161113161
18841987
165916712
8510286105
2023021233
134149136151
6812271123
1142811730
1355713760
37393844
4515948160
9311896120
3923841241
480511
3613639137
153119155121
48895390
1139811799
8318386184
115137117139
156244158247
94389740
170232173234
1127811580
1867318975
922814229
147178148181
182116185117
40354237
8823291234
9219195193
152184156185
172199174202
64206821
157141160143
120169123171
142239143244
150105152108
7518477186
1319413397
73347635
176119179120
7021572217
4317845181
3218433187
126237128239
1737017473
5515260153
9813799140
197173199176
170155172157
6410767108
22322435
27952898
151152154153
30753277
054355
150193154194
1307813479
184149187151
157103159106
6914871151
1165111853
192184195186
81139118
181246189246
127197130199
67276930
150227152229
58716172
182239184242
193244196246
61826483
3422136224
2523128233
813845
3313836139
1023810739
76637965
90189419
2424527247
5923362235
6320565207
44424943
5624159243
12199122103
2815030152
152168153173
1733617538
922412226
8115483156
15601583
1723317535
17641967
7617579177
6721969222
1642316924
164125166127
124191125194
60406441
133234137235
4481148
4813553136
1432914532
807839
1423915243
1539215496
14441547
107162110164
11231624
168155169160
88809181
5124556246
722110223
43774481
128242133243
3017934180
12303233
41867188
2110723109
6722871229
3914140145
1606716269
165113167116
52115414
8113184133
83538655
1663117132
4722349226
9510297104
2922931232
147192149194
71637564
127131129133
93166104166
184208187209
1557615778
1331113513
186165189167
1206112165
116196119198
2921832219
5211954121
5522258224
047349
01111115
1926019463
2120924211
1258213282
82898790
163241164246
4918552187
176104181105
2419827200
6821569218
8816691168
149139152141
1924523246
130156134157
129236131239
1302313128
1885519955
1275513057
12701284
1189512098
82308531
97289931
2010322106
9012192123
28223124
13801412
98207101208
122240125242
28683170
133177136178
57176018
137185139188
4313847139
111164116165
8801182
40864388
17201752
127166132167
317513175
71657368
43444845
21802383
124214126217
118123121124
7111474115
8210484107
7312475127
159247162248
49445146
160126163128
132187136188
416415164
6415766160
18522054
01835184
1171312015
3622847228
161166164167
1023614237
1688817090
144135146138
186227188230
1938219783
88789179
813412135
54675669
172203174206
82918394
1121912223
89569059
87698972
139222141225
73877490
113228116229
25162619
1326313565
137195140197
4616950170
2413629137
3713839140
38544156
196137199139
144217147219
1789718099
3624539247
1406214165
1808818589
194179197181
181213186214
126210130211
1745917860
145163148165
165128168130
48795180
2423426237
1745517558
8613788139
13099135100
163144166145
3415535158
1879319294
6912472126
59666467
4811051112
6317966181
190144192147
8918691188
105124106127
1599516197
149173151176
1397214077
11711374
1063411634
98128101130
1334313545
1006310266
5410457105
141119143121
602615
72457447
21474149
163158165161
125176128178
19442345
1705717359
154149156151
123136126138
774806
101196106197
131148133151
155231159232
192137195139
6323366235
87609261
4122143223
1109311197
9322595228
75507852
1523619237
41214224
46654967
237538
971310015
76107
6314768148
121144124146
4021444215
168110170113
1323316235
127134135134
70417145
982110023
15752076
5022352226
46744976
19431994
96569957
1520720208
188209191210
725766
153214156215
1098711090
197232199234
170214175215
93959697
1313015132
105184108186
02061209
5310155103
899991101
174183178184
181149183152
94219524
8851187
7917181173
1819718399
1167811980
36353936
1067911180
