1724
6719871199
1246712768
1578416086
024724
819411196
1803518337
7723380234
1223115233
1714917351
5517058172
28222927
171247174249
02442247
415446
156201159202
136215139217
6417069171
6514770148
106111109113
7114274143
8312888129
112138114140
101194105195
198182199186
1368914090
3818241184
6718869190
3421539216
119186122188
186193187198
1259312795
25902693
1206812171
7618279184
6223965241
159182162183
175233178235
2923631238
159193162195
1756117863
2419126194
191194194196
4710850110
438640
163207166209
1117911481
4020242205
2616728169
1688017182
83928694
28693171
2216426165
164183166185
1254913050
1756417766
102108104111
01623164
1216414166
1801918321
1492215223
2711230114
45874988
1576415966
1801118214
1124011542
38174019
112102114104
8017981184
12999132101
470673
140166142168
1708817390
22852488
2422929230
19312133
99119101121
1602716229
1795818260
1511223112
13131344
1626616468
1311114116
154234159235
1036710570
1548015782
4918252184
7110273105
1713120133
151137158137
2317026171
38984399
57446145
1929219693
8913691139
146131147136
6617568178
2815831160
35413843
8512290123
114209119210
427729
65426745
154181158182
110111113113
81618364
93499650
5996211
101137102140
9622099222
181246182249
98709975
126102131103
5517359174
3819941201
1693017730
3613939141
55595762
1109611398
142130145132
89589160
50635365
2612028123
4916752169
142189144192
44654966
1164111942
1686117362
63566558
8117591175
161185163187
194188198189
185176187178
128180131182
6515668157
1681717119
127112130114
110215111219
4410846111
1901919420
10399106101
7421475218
3921242214
1518618188
1217312376
92599560
170189175190
107201110203
68347036
35833786
87939095
7119374194
158111161112
60126314
1411514417
147201149203
5316854173
119235123236
69587160
8521190212
144160147162
1013810440
1365313856
8741176
3514337146
127200131201
50425344
148143153144
43584659
1742417726
120209121214
101247103249
1423914541
1647516876
120155129155
44534954
6112564127
1555815859
61819183
161211163213
170204174205
1412017122
186218188221
1421117213
111165114167
1841318715
158119161121
35873889
3811341115
129123132125
7124373245
1976919971
8523686239
6614967152
1617719179
132102135103
5310960109
4017042172
1451414816
154199157200
1186212065
158198160200
1947519677
3817642177
585887
07112
66286930
158196162197
125152128154
25462847
1112211423
137213142214
175153176156
3321936221
6410767109
1895419156
9023393235
8814890151
15697157101
6620369204
20392440
9421495218
2615329155
32113512
1702017125
80848485
145189146192
1513815340
136100137103
3510737109
1117715178
188194190197
8220483207
9223697237
1745117952
3721941220
1614519147
186127187132
30303531
16371939
21972499
118173121175
2016025161
170146173148
7531054
103188105190
170244173246
533564
4616048163
120159124160
144213146215
125159126163
1626916372
1303213334
8113183134
8814091142
111249122249
108189111191
3917343174
1812318425
196244199245
2017322176
1723918244
663965
63596860
14851508
30553357
160220163221
1621618219
134138139139
6917572177
1761617818
2816131163
52155418
85158718
1748617590
1794618050
19212422
144144147146
178128181130
1839418895
5712659129
20722374
9310395106
4720350205
146173149174
111195112198
1883019132
102129105131
6014564146
7216374165
116126125126
5418556188
280287
4110843111
1894619248
144193147195
15221724
8915790160
141217144219
178106181108
181229184231
7621779218
19852187
3022932231
104244105249
95809783
8719991200
513310134
31353437
83528654
176181178183
129222132224
9019393195
149101151103
1873518938
5313656138
6221264214
156815910
138221140224
1727917482
148145157145
14601492
58710
40914194
94129813
98127101129
1114311345
7912882130
153205155208
106209108211
132105140105
92399541
139196142198
46285129
34553856
574776
120245122248
81909193
44134615
5520657208
52115513
1397314176
136205138207
14551478
187207188210
374406
1299113293
4111742122
1009610299
76797882
72537455
22215223
1877018972
4614749149
6017263174
109153114154
57376238
1710020102
140215143216
13781581
1121416215
8316184166
7121975220
174172176175
156108159110
88459047
5514058142
188126191128
70897391
109181111183
1119311395
79258128
23252627
7814180143
1786918171
2918531188
97203100205
7519978201
18698188101
27132915
141178144180
25942995
2721430215
6518668187
1506815370
3514836151
125133126137
17671799
179183184184
111711310
1533515537
190188193190
134191136194
1036110662
90339335
1181412116
1418916191
9513697138
165214167216
173161174165
4124642249
80918293
5123354235
105125108126
25162818
172218174221
303335
129233133234
02165217
136178139180
3723342234
8410487106
3017934180
4414047142
7519577198
1456814771
1316513467
57835986
1302813329
184140187142
1474815050
1103311335
1011412116
75517853
124209127211
157236160238
8421486217
9401242
191158194160
180126185127
64836785
60746376
1767418175
059360
1319216193
129183131186
151106154108
124190126192
3424237244
118101121103
49235126
610624
182158184160
02412243
167122172123
1417216175
1279612899
173230177231
8021383214
175243176248
10661269
157247159249
8617788179
99178102179
9611099112
8424786249
4212745129
4922851230
141244143247
1877419076
1262912931
126123128126
1354413846
76147916
1644916950
132180134182
5321056212
3822741229
9219694199
7920081203
4723650238
1537215574
7223973242
170242174243
1304213543
1655916762
80178220
197148199150
1884019043
134239137241
6010063102
959897100
16699169101
178246180248
150172152174
125214128216
951910519
1414514447
906947
192165194167
2424829249
46845185
132176134179
12731305
156151160152
1765717860
1782318026
5921761220
15601762
1612719129
2218425186
187149190151
79358137
42924397
132108134111
175239177241
122150127151
164131167133
7610278105
169173171175
3012233124
1210414106
3721742218
5618258184
6324266244
57725974
590604
54945795
28403341
73567657
106179111180
31695171
8711590117
41115114
155170157173
1597216174
9513998141
158173161175
12301731
3715042151
7424879249
83198820
1428014582
21113114
58176118
1451114713
6720969211
3220134204
200232
123207127208
1024310446
134234137236
149209154210
1035910760
130154133156
4613549137
634714
1372014221
1515415257
1918223183
147230150232
11201171
195232198234
88379139
100159105160
187245190247
114133116135
11681199
73377838
8398611
3513043130
159208160213
8514787150
188130189133
1545515856
1434314644
92189420
6319165193
8723990241
113193116195
86218824
453485
68467148
137169140171
1006610269
74897791
2414027141
177115180117
1179611998
123223126225
2315030150
25392643
175218178220
172216175217
14121444
8810591107
39354436
12801312
164186167188
112163
3619539197
33463549
153172154175
151140154142
89549156
1584716149
117152120154
47364938
7219574198
1314713350
1848018782
104240106243
60546257
1033510537
1434215042
2623427238
3712540126
6613468137
164168165173
4722350225
44324734
9119094192
5111054112
1491415018
197919912
124226129227
50365338
78638065
164220167221
185216188217
78438145
7621979221
1182412126
2622628228
522710228
123245127246
10951496
139133142135
47394844
1759117892
53325435
1856718869
7213875140
1337513577
720742
3212834131
503525
121161124163
169817210
63106811
54695672
1431914522
6318866189
01302132
1361613918
1110715108
2014723149
173206178207
145167156167
14101451
167150169152
98145100148
1848718592
11334135
93479848
76597762
11521454
194246195249
47755077
161222164223
69117015
2510127104
148163150166
3811840121
13641666
38514053
1610419106
192204194206
1057710780
9311095113
5721060211
7613378136
1020612208
68937096
7413077132
1342513628
459761
5823961241
37574059
2017924180
2410829109
45304831
0216
5224960249
192243195245
2783010
1244012742
6111369113
1376713969
16821696
2115324155
152109155111
30263427
150168151171
85848886
1706817370
1146411766
855878
6612669128
63866688
2011322116
9316295165
67867088
265567
1226412566
115108118110
1746917771
17041736
7910281104
42854488
119221122222
1899519995
4215444156
168185170187
5524557248
5318255184
1020313205
51169117
02323234
1659316796
3519037192
187233188236
192133195135
123146126148
1435414656
01802182
8217885179
112176115178
68496952
124184128185
8711888121
119201122202
1876218964
142140145142
65906892
6613869140
11661207
132183134186
4410047102
151236154238
815411156
7921081212
1408614388
104161106164
1751417815
127115129117
143227146229
3324536247
381403
109208113209
2121823220
178224183225
4511448116
3412238123
349937101
136113139115
1413414336
1355913761
01582161
1522018222
3116639166
29653167
36313933
02181223
1941019612
1308713290
1145811661
74397641
145177150178
97329835
1543815740
21232524
128236129239
1372413927
1917519378
8724589247
8911893119
2122923231
126141131142
38824184
56895792
1415519156
12141615
4515548157
803844
147213149215
1302213523
113236117237
98559958
156219164219
1683317135
677699
1152411726
120107123109
1693117432
140152145153
90799381
152186155188
9411896120
123123125125
160115163117
143118144121
1498015183
172144181144
1112411425
148126151128
169137171140
109168111171
50215422
177155179157
1954919950
1651616719
1711619119
1783818239
123200126201
162123166124
189216193217
5422055223
80308531
1453014832
1911719618
12661289
1382914330
9214295144
4419947201
1964619848
65346736
2618428186
7916282164
181201185202
98136100138
1506415366
805818
7022872231
133219136221
1221715218
1779718099
912213123
134155136158
218520
1841918920
01512154
1716318167
116149118151
1751917721
23752478
4512549126
164104165107
5610159103
197108198111
14631514
82218325
1703717339
7118575186
61346435
6520966213
150197154198
117243119246
120168122170
152150155152
13571389
187188189190
128173131174
1463814841
2214224145
193232194235
866970
47165117
98107101109
137193140195
29513054
12298125100
112173115175
177149180151
5520259203
171109174111
117239119241
1889119193
131227132230
129213131216
51915592
30213124
8813291134
7012370130
193138196140
174114176117
101201104203
27422945
160201163203
9711273
1091311215
6213865140
1597916280
517513175
140148142151
2824132242
40324334
1014013142
1149511698
1331713520
5620061201
1443414637
9610198103
187168189170
192152195154
1107311474
916411167
3822341225
145103148104
1747617778
01052107
118237121238
3223935240
15701772
1628116583
1474314847
172134173139
86348935
1447314874
134211136213
176103177106
26212724
58946196
1393714140
6711972120
5010353105
4316345165
8817096170
109192112194
101191105192
128138131140
10031035
6013463136
3218535186
1603016332
1966219671
183104186106
59196122
39374239
1922119423
38114013
114206116208
4411747119
132713410
166146167149
2317227173
521823
2813031132
125195128197
6020265203
134123137125
1661116913
1962319924
0031
176179180180
1511316118
794997
168217171218
37294130
1268112784
6415866160
15221544
194148196150
5014751152
3520436207
1342913731
8422189222
129231132232
104120107121
15491851
111186114188
19499195104
193226194229
51475449
920952
1716517467
23682471
1013014131
01702172
1468114884
148149149152
6911773118
5824461246
16241646
416312163
1712817429
196200199201
186186189187
2916730172
89829184
172232174235
1068810990
19502153
171106173108
45825083
99196101198
82348535
160106161110
1753417836
1226912571
138218140220
1036510666
112136115137
1648616689
101145106146
4619148193
194145196147
1488915191
6612171122
9024392246
5822960231
26282733
178185180188
7812487124
2622328225
196127199129
1943119732
1902419525
8510887111
61428144
181232184234
39874190
171142176143
32143416
169103172105
109125111128
80538256
116123119124
6713069133
12043207
41114314
1918519487
7717480176
190198193199
109157112159
47585059
9324294245
4316646168
38204321
185174190175
21734175
129161132163
1854418846
8518390184
5124353245
259930100
4418746189
1158012081
190239199239
1668316985
16541857
71787579
1952019822
60866289
173191176193
102166104168
31445147
1214912351
5412955133
1031310814
84598662
165248170249
166198169200
1445814561
16399165101
61499151
1910721109
1735817560
2623129233
13501372
1475315054
168219171221
7723679239
30383439
3417438175
171130174132
4315046152
1084611048
1678716990
181185184186
1461914921
102196105197
161164163167
6395
112180115182
8271328
117132121133
4616449165
7218275184
21205121
154102156104
1589516097
60836385
101244103246
27783080
188224193225
193240196242
975110052
58575961
176166178168
1923423235
115233118235
1221212514
167175168179
1310116102
122171125173
15731974
1835618658
109141114142
1737217575
1076110866
3720439207
1697517276
8318985191
616720
110137111140
1324413446
2024823249
196212199213
1019112193
7018971192
139234141237
96149916
33193521
1676517067
8581160
1241812720
134222137224
1394214244
1921720220
8721389215
32853488
10851126
41454447
6410267104
115187118189
2313126133
129168131170
21555157
4120843210
196102198105
128210131211
161147163149
1009310395
166137168140
151162153164
9441246
107145109147
129143132144
9616198164
1148211783
1135411557
18998192100
12331265
137188139191
13151346
3617039171
185182186185
4921152213
1002510327
21942495
17621794
127161128164
1743717738
26512854
1096411365
9520898210
1965719959
3818840191
36733974
1254512847
1373414035
30253825
192101193105
187179190181
59816482
2216227163
1045710758
72807581
1208412385
4811758117
183189186190
3322736229
57775880
31316132
30623364
75237825
1926719372
12601463
2410526107
125174127176
174124175127
10771108
1663916842
992210224
1818718390
178226180228
154244156246
549955103
1561115912
47974999
1311213513
5910462106
143200150200
145163147166
4118943191
60466348
169181171184
2920231205
71927297
2512428126
65136815
78957998
1563515837
31154119
1114812151
395696
1055110852
1032010522
150203152206
51765577
15401842
174138175141
87518854
185116187119
41164319
127188129191
1784018141
6520566208
1064310845
7918982191
9315296154
74657767
15001551
184196185200
1717319175
2819830201
1412315128
191143193146
6016763169
113157115159
130191133193
1366413966
196167199168
23522555
174134176137
2813531137
181115184117
1067210974
196130199132
63616564
4421447216
138240143241
5523357235
144220146222
5321355215
192123193128
166102168105
100122105123
1314914153
95719774
1711319115
8418188182
131149132153
262276
6316365166
1153211834
18232025
168134171136
4320346205
8618987193
1983119935
1155011753
42754577
4217844181
108245110248
62916494
191179193181
2720630207
5510458106
1320616208
4419045193
4211344116
5823461236
15497155101
1361313915
9331235
57516053
8810290104
1761117913
1132611429
882913
195236198238
2716430166
1338913592
988110183
8816391164
156164159166
7317276174
196133199135
27372939
3024432246
135140137142
1689417097
6318266184
54965698
44424644
183245186247
135106138108
4715049152
4321145213
1925619956
189120192122
88159316
163234164238
9118793189
19342236
105132106136
197216199218
1225812560
93659468
30583359
19632265
114711512
1117711977
155122157124
5722760228
113120115122
75467847
1725617557
124119127121
5711461115
8181020
1151811721
1811022111
11341156
15521584
44904792
135175138177
137126140128
175236178238
141169144171
72507452
84458550
141221143224
4612748129
1674316946
186124191125
9317195173
5012552127
87489050
191148193151
102232105233
72049206
2413527137
8811084
748950
062762
178229180231
974210044
31526154
16471688
7211683116
1187212074
44944697
1015110452
98188102189
194197197199
31823484
124164126167
132126135128
1719020192
198112199117
5219553199
192218195220
151180153183
1519615398
1916221165
84638765
106187107191
28603361
147107150108
17902291
01442147
5124053242
188117191119
1486514970
56545956
722210224
1624516547
72487749
6716070161
115117124117
4518048181
107212110214
7420776210
9022193223
102228103231
8516187164
2016623168
1299613198
192161194164
2220426205
35653867
3014432147
34593661
1414217144
1929619797
1816718468
1731017415
71247327
763795
1699117293
4423145236
5775812
1136911572
81718971
750782
879990101
160248164249
413444
105168108170
5013453135
02293231
2237
18641877
1122814230
103172104177
1448515185
37144016
6616271163
1512415426
1072111022
180219185220
4623046238
4713249134
165217167219
5515158153
9213394136
560582
35793881
177199178202
101215102220
175176178178
96669968
8915492155
6523668238
167222169225
8410287103
76107813
189241191244
356658
59776179
185241188242
1361013912
2514429145
1507615876
3517937181
139107146107
3217533178
82828783
2922732228
6221764219
104156111156
20812383
150214152217
1237712480
99155106155
8714489146
178163180165
02133215
115111118113
7122173224
1903519436
139230140233
1429414397
23602662
170224175225
9519798198
1782717930
52595462
2321426215
19582260
132199134201
1247312775
34923695
1852718829
1489215293
1113514137
8012183123
153224155226
9301132
31793481
191212193215
4924751249
8810891110
167141170143
9414797149
4518448186
79468148
4512046123
1224012345
12021225
182108185110
6319764201
56755976
3311536117
8113582138
174208177210
87729074
39544256
3319335195
101147103149
171208173210
1827718579
5021452216
994510148
106192108194
1093811140
62696570
025327
1153511836
142138146139
8023684237
997810180
2416625169
129813111
1064111142
196152199154
38224123
31805183
175111178113
54635765
3323034234
5424157243
1168911990
1666816970
4222645228
195227198229
148193151195
128108129111
149219152221
95909792
131158133160
720114201
1408314385
3520137203
156220159221
5013852140
1653616838
15651597
154240157242
149129152131
117207120208
151165155166
4419446197
8912892129
18321883
47725074
178146181148
60716372
1114611349
4819951200
100241103243
131135134137
68757177
138146142147
173102175105
72587560
195183197186
3412436127
195164197166
156222158224
23572659
8214484147
160160165161
177142181143
13731477
132214135215
4222045222
1822718430
185231188232
9516698168
31967197
1481215313
90699371
1947119574
113160118161
929894101
4622648229
62776479
141154145155
9213794140
7516580166
129126131128
7371039
65766779
124234126236
193110194113
151120154121
8422786229
108243113244
194179195182
1694717448
7824381244
2311027111
70102
3815441155
189202191205
97154106154
102198104200
115155119156
8819691198
1176012061
1963919940
145216148218
182143184146
5575610
516548
21662271
1596316863
51728174
8516587167
1216112463
46485049
103150105153
1103011531
62436445
1812121123
5823763238
146235148238
1266112963
175203177205
31766178
9610498106
81868488
107132110133
1085711059
13321833
4218344186
8816591166
4912851131
42297231
111114114116
582784
1497315275
1723317436
67167217
5117556176
1096011361
1652216724
13341635
194142197144
163194166196
41424344
1215413158
124237127239
150233153235
1549515796
139108141111
98244100247
6815169154
13431645
132225137226
155193158195
8523086233
2320027201
156225159226
6522666230
1402414127
715212153
1916019661
147196157196
3521037212
411462
1802718130
169176170180
126220128222
28282933
78668168
20262228
1743917740
64476749
1022910531
1386014261
12401272
57395941
183149186151
1914919451
105165108167
68657067
165109167111
174107177108
2418229183
6423169232
73217622
51535258
2212225123
2712730129
157146160147
3723040232
7017873180
1151311716
1066711068
4621748220
37913994
126217129219
1708517387
1116611368
161198164200
66637064
6988100
150242153244
1168812488
92379738
184237189238
138172140174
1317713281
1198612487
1519616199
99141102143
1166711969
177190179193
5713761138
