1745
7718380185
120199123201
17421765
1421915222
106133108135
19671999
3823243233
4421247214
5612759129
1732417526
147161151162
132121135123
031333
01792181
1785718059
9224397244
7519678198
2122922233
190176192179
1545115654
1832818729
1196612367
67476950
513545
4213045131
10631365
4321547216
8514889149
151141154143
820011202
37404042
3321335216
45214822
175176178177
1688417285
170172175173
64896791
3823043231
132188134190
3114033142
15061529
112161115163
1621316515
62216523
6115862163
52235426
9619198194
148123151125
170223173225
134130137132
1411214414
37264028
1086211263
106232109234
28953197
2218224185
167111169114
149126151129
120145122147
7416277164
6816271164
174240177242
13999143100
1185011953
91539355
123175131175
7915089150
109128112130
5516560166
159116162118
173216175218
3456
7910180106
5618959191
22612563
682983
139130142132
9310495106
1651916721
56715973
142158145160
1319313594
9515897161
395446
68187021
1596616168
70227523
4212447125
47965097
46724875
116103121104
147245149248
21224124
4923553236
53675669
1593816140
28723174
575607
39874189
155191157193
104142108143
1367613879
684986
108147110149
3117933181
3610239104
1417114374
153212156214
191125196126
7018473186
6822371225
3523037233
168218171220
1617619178
196172199174
73607562
98242101244
1015710359
3420636208
2995100
1333013532
140141141145
51128114
8520886212
151144156145
50125314
5710760109
125158126162
3520936212
196236199238
26443045
36544155
6616869170
131223134225
81608462
136101138104
9519596200
59866189
4115944161
7819079195
163179164184
58776179
139190140193
127139129141
189131191134
179194184195
175199178201
24492552
111205114207
184242186244
71107412
162134165136
4712048123
48765079
8114684148
42184421
11661269
67127014
142187144189
1662416729
24722773
102232105233
61166418
8821391215
1918219683
108217110219
7121373216
127234130236
775806
165816711
183111186113
105197107200
185142187144
31203323
5615758159
4015043151
1410015103
193106198107
1121911521
23883288
1318413386
8513587138
186161188164
7617279174
997910380
147232149234
52385739
36314032
145127148128
184155186157
6112364125
3419437196
5121553218
171140173142
99185101188
1872518927
123145130145
9513098132
1934619647
1743617738
122163125165
1437514577
109111112113
113171120171
191164193166
4212144123
42724574
1912819429
175120177123
26602863
4916852169
1902019223
689972100
1033210535
870973
3414136144
173115176116
157187165187
90929295
80398242
128188131190
8115183154
120158124159
168157169162
1874419046
135146140147
127214132215
12599128101
8724690247
8820592206
70497252
1312713428
42227223
2811029115
1626516567
4415046152
3617438176
887909
190227192230
1467514878
143216146218
8613987142
1299013093
1405614258
1311916120
52525753
69911
7517580176
2915731160
1457214774
6316265165
1116512170
4519146196
163166168167
183171185173
234436
1448614887
149111152113
150236153238
1448014782
194246197248
1111316114
1145011752
158207162208
158137161139
141146144148
3224034242
4820050202
181124184125
136161138164
8912392125
1314813350
116144119145
1766117963
1067311174
111180115181
1156711769
5217754179
1481315115
3815243153
166174168177
83388441
188188191190
7315776159
185137188139
3212734129
174138176141
173131176133
912211124
5813161133
6317868179
35343836
108108111110
1216115163
1002210225
17101733
1713619138
1711119114
188234191235
166238168240
4822951231
92349337
61668169
70597261
1112211325
195168198170
187201190203
71167319
5218255184
01133115
1518317185
1893419236
1681117312
5723359235
3916942171
141169143171
1722519228
260330
8120484206
76437945
140219143221
155133158135
44804782
7713479136
8224186242
4811151112
11174119
1307813183
31443346
151138154140
94559757
103246106248
2923131233
1006010362
80778182
1355813760
51259126
1392914231
1898919390
66296931
192180195182
151120153122
1255713058
859887100
42784779
534638
35183820
809782100
1905219353
127241129243
18898191100
1687217174
1497515178
96239826
173151176153
26402941
7123674238
104117
125103135103
7017773179
130237132240
1502915331
77368038
145135147138
159173162175
172109174111
8814090143
8811291114
112123115125
412453
42704671
39344335
1062310728
2215025152
183227186228
18252127
77928094
183197188198
4018942191
58336036
7422977230
2918432185
124203127205
64366738
7322476226
3215435156
1012512128
139160141163
119151124152
776979
9622698229
8424093240
26152917
113159118160
13251627
1315615159
124240126243
61928195
133176136178
30623165
1498415286
156235161236
8013582137
114149116151
129218132220
168154171156
3619739199
5620259204
134105137107
98170101172
136241141242
9111694118
1578415986
94969798
10821114
107161111162
7020575206
7915784158
7412482124
927610376
81938495
161132165133
6314865151
889890101
193102195105
6819570198
5310456106
1139211694
1362913832
2413926141
129106130110
117184120186
1693417137
1411519116
1247812583
32693472
1618316485
176219180220
1304013541
1032710530
123146128147
148213151215
1371713820
1245312655
7416577167
16151656
110184115185
145152147154
169215172217
53875689
54125615
27533254
1217512477
68757077
62776480
2620629208
313345
146192148194
918212184
67247225
5021953221
42854488
4117944181
1933619638
14941895
5714560147
02122214
170145173147
3621338216
1353713839
1703017233
184120186123
52715573
6710172102
6620169203
1916319465
8498711
164234169235
1947619977
1019513197
74317633
0527
1813818440
109197112199
111217114219
133235135238
165145167148
17721794
524210243
1489115193
3219735198
150130153132
1208812390
7820781209
116181119183
17771818
1537615877
137227142228
27922994
1094011143
1035110553
109139111142
9124894249
1751317618
19341975
122208127209
89219123
2614429146
9014893150
189248193249
3014532147
92499452
112137115139
1952819829
9322196223
161156166157
1778217984
076378
3922544226
7519978200
58656167
113244117245
4312950129
1723417338
17901992
46374740
1849718798
24532656
102136104139
172123174125
111104114106
117131120133
104189107191
1016910670
2710030102
142149145151
1124211543
1324213543
191157194159
1921719519
3510143101
1314115143
1931019611
6622968231
8923292233
7019972201
148151153152
9891191
4320646208
169126172128
5522158223
9513496139
114203119204
98199922
1519018191
9417497176
127198130199
154169155172
154222157224
1781918120
1196312165
132127134129
6211865120
194198197200
16731696
113208114211
36384139
181184184185
26462848
257360
73847686
9313094135
145147149148
101207103209
1694417345
1916619368
1146011761
916610171
148179149182
157212159214
1653316835
91829484
116139120140
98174101176
110243112246
101910410
39434146
142183143186
3616643166
131148134150
37904291
5317456176
2719429197
155237160238
1153011832
100136101139
2417227173
167228170230
159163160166
196175199176
1726917471
157515810
1277513077
4719550196
1210914112
26252728
1085311753
8224684248
7524178243
1877519077
93699671
70627264
121131124133
3015031155
51755676
66866988
1518618188
0391139
1542815730
3617138173
152125154128
155161158162
2017922181
1128212182
124224127226
151166158166
161247170247
3724739249
153111157112
5813561137
2715528160
4816652167
71828187
6411265117
1284213143
1157011673
4220947210
1424814550
153115156117
1195712458
1218412585
169123171125
146195150196
8523388235
117196120198
107156110158
7320074204
181213186214
123114124117
1004710349
1452514926
177125180126
1322313326
124244126247
6821370216
72547556
1516418166
1669517196
126428
6512167124
128176132177
138138142139
8720888212
41304432
196148197153
8915490157
144177148178
1615718159
6814569148
189152192153
6921772219
149118153119
2913632138
1078111182
816211164
6911071113
153100156102
5911961121
1884119143
80168219
1115711360
2114826149
189919111
16171649
175226177229
110153113154
170239173241
1416114363
6518266185
9016591170
6812070122
72807582
149209154210
128116131118
180130183132
150242153244
20782280
195141198143
84649564
175192180193
6410367104
124195129196
120160123162
1741917721
2111823121
1116611468
9311196112
170242173243
44894990
8012183123
1844318646
21952497
2215623161
5721459216
150146154147
15901622
5915562157
110220114221
3922742229
180165183167
8813091132
1669817199
131145134147
5423356236
6611068113
2220525207
4621949221
135222138224
98235102236
3024433246
122101124104
95619863
3921442215
107181109183
1715019153
76497851
1574516047
75397742
146165148167
2622629228
182126185127
1779117994
1619816599
117172120173
166204167208
2111424116
143140144143
1045710958
174129182129
47424944
9113894140
2813331135
18541876
11221154
1920222204
132173134175
1221614218
146107149109
1312318124
01103112
1393414435
9312495126
1009710398
41264428
1326213366
6318867189
49355436
1716719170
107246109248
25132814
189101190104
3813440137
1468314885
02061209
1494915450
1013512137
9320196203
8715189153
1902419227
01373139
1808218186
146157148160
123229126231
95879889
193178196179
172205175207
196240199241
1521515716
165225168227
31163418
1008910291
124216128217
1411514218
96140101141
537569
1074811050
1920621209
146172149174
1086411365
1419722197
118110121112
1420318204
1114713150
130141133142
92609463
102175104178
8717690178
182144184146
51295232
1945219555
187213189216
2724629249
85168818
129151132153
9420997211
12371259
14631543
3310735110
53465647
996410266
9417797179
8411995119
38164117
1307013372
4124544247
1927819779
1546915572
194193196195
7622885228
135152137155
21647165
1609216394
183199188200
144161146164
139234141236
1131411615
1729817799
64426744
194109197110
9523297234
8716689169
1144411746
1723917740
8821691218
170109171114
572604
2710529108
7110374105
148225151227
8415986162
167102168105
145235148237
5811363114
157194159196
191148195149
1485615158
122148124150
822110224
1317513576
7319674199
127126129129
173149178150
51289129
20902591
08111
126153128156
76767978
9921043
74167619
23782581
5817561177
1617919180
176203179205
120216123218
5112955130
1943919741
1607116373
1047710779
710751
166129169131
3714040142
9423996242
2214525147
146119148122
1658416787
1497915480
106169109171
186245188247
459761
2721930221
1148511687
2618528187
8551157
177155180157
163154167155
57235925
1948619689
7014572147
2921031213
178229181231
12311533
4614451145
1686917171
1214212247
195111197113
1831718818
1718617388
150228152230
1044810650
51605363
131134134136
65776779
1333313436
128612911
185192194192
1415914460
1488915190
4624047245
6210363106
83128417
2517427177
5112353125
9418096182
165107168109
174106177108
1261212913
1153312034
4621750218
147184150186
14998151101
180190184191
18692171
8622791228
1525515458
8213085131
7823079233
185718610
6722171222
1841918920
105194107196
20582360
1209312494
83968697
6514267145
146199149201
145238148240
6211065111
177246179248
1610220103
21254127
6518070181
116189119190
52825683
77837985
1916019462
63306532
101156103159
264566
85629063
27552958
181161185162
7119373195
1658116783
166183167187
1366113764
51775479
6213366134
19872289
63616564
574975
8521387216
5414058141
8520587207
171247174249
102166104169
22252526
7811380116
157131160132
7714180143
73917593
1817918381
7116075161
8312688127
14497146100
5618059182
1076610871
80838385
01913193
54425645
5414256145
3820541206
170244177244
3024733249
168203171205
154157157158
3617738179
1254212745
60526353
71747476
01284129
3010532108
5122354225
1883019331
81638366
5811061112
49865288
145129148131
6812373124
196201199203
1252812929
162239164242
1161811920
1543815640
1502215324
1647216774
156197159199
480512
1451614818
157200160201
4821250215
138179140181
1772918031
13151716
57196220
45114912
232264
920934
1148011981
78468147
188168190170
1346113566
173245176246
619864100
7018971192
124232126234
3778
3110134103
1124316244
1608616387
132173
5517160172
192231194234
9216394166
172202175204
90131
155207157209
6814071141
20662467
6322466226
3821839223
135138137140
9324596246
3524038241
943958
186194189196
147104150106
199191199200
164211166213
2320824213
3611940120
194164195167
68907192
7211073113
119123121126
1136211763
172219175220
4315545158
5120554206
1423614737
1721717320
4819252193
1562015822
195189196192
24202821
1024613248
140171
87419142
5318758188
01511154
45234824
128205133206
5714260143
145204147207
10751278
2324427245
1473114834
73497551
2011123113
9523597238
1434214843
51357138
132167134169
84658667
137111142112
1776618866
136243141244
5323158232
62866588
617668
8319888199
175178180179
161243166244
121181124183
1794918053
2412627128
115174117177
1853818840
152169153172
355386
98205100208
8219084192
7520176204
17281831
191146196147
8221084213
33253626
1632216524
1765317855
2821835218
155125157128
195231198233
4319344197
13701475
3221034212
11797118101
64516554
195196198197
1619516497
5612057125
115126118128
720310205
19161957
128222130225
189171192173
1177212173
159122163123
127162130164
8111184113
4522247225
96739975
1506715270
39974199
195161198163
22063209
526631
3820141203
1488115182
38224123
11341436
047348
154129156132
128104133105
6223165233
2714832149
9222795229
138198143199
183224
18001832
119153122154
630662
104156106158
99190102192
1071210914
9610697109
1082211025
24742776
9315397154
120247123249
35463748
8722190223
1754117743
4621162
135135138137
1894719149
108194113195
1087711079
1783818041
166143171144
175109177111
2918232183
51218123
114224116227
3912848128
194127195130
94449548
31465148
6117170171
3713140133
4319845201
129122130125
3910742109
4322746229
1957419975
131191134192
134231136233
33573559
1744417746
66626963
148135150138
1711920120
157104160106
2114224144
104206106208
184215186218
125102135102
21362240
45874888
1837518677
7217474176
42554457
5010352106
2823931240
1626816570
34423645
8710290104
1654416845
1036310764
44654966
16321933
195214196219
8622991230
89589161
7823681238
3424636249
184140187141
8920790212
61979199
6720569208
139222141224
169107173108
77157918
7424777249
154122156124
6118562188
46254927
1049610699
18241847
120202123204
1203712240
818921
8111584117
012214
670702
1829518399
68787081
82778480
2518328184
14501560
3714338146
92309333
1821520217
61466349
1114912149
23182719
197155199158
81368437
5421959220
171196172199
8121683219
123176124180
79128214
184203186205
1114511348
4912150125
164214166216
1787718080
180147183149
59816482
187180188184
1227012572
6424267244
28333633
5913861141
104146107147
182152185154
12531284
2012923131
148204151205
8313584139
29423343
10801131
165199168201
133239135242
122121124123
124237127239
811513116
1223012333
99164101167
73777579
52007202
1201613116
5118055181
115233118235
105138106141
8823693237
13271359
1379013993
4923252234
170208173210
3917241175
6814271143
5117254173
161198164200
154200156202
125166128168
1441914920
167248170249
519953102
101219103221
110202113204
1033610538
9510298103
57406042
65966799
5624658248
9212795129
112102115103
66606961
1922122223
01442147
115129120130
9215894160
21725174
184229187231
8217985181
185102186105
120155122157
144202147203
77228024
71347535
190117193119
1133911641
1178512087
186172188175
179199182201
919893100
133158136160
60126513
8019081195
1712719129
3918241184
54205622
178162180164
9114195142
114152116154
114117115120
1123813241
76807982
44634964
3520337205
46485049
15381840
176190179191
1783318135
6815772158
1517115274
6521168212
45284632
1818718887
84198622
7418476187
1965319955
105174107177
1610417107
8520090201
64756776
5322657227
5423957241
20752377
369838100
1205512356
6612669128
01773178
3621737220
88379138
120190125191
6323466236
6020462206
127119130121
1456714769
2920332205
3316035162
151133154135
118192121194
176168179170
1512615328
31945197
168717010
1132611429
1511720118
175162177165
3311835120
130243133245
156169159170
1259212893
195208198210
921014211
6724769249
2222625228
112240114242
24702971
106220109221
9516698168
910013101
152246155247
3721148211
4714649149
143172145174
151184154185
7720278206
84688571
113157116158
12411742
167221170222
1623816540
4414048141
192114195116
122214126215
171100173102
8122092220
1099711398
49705173
1853318735
192154199154
102196104199
178122183123
2218724190
1366513967
7916081163
165217167220
140206144207
67337035
4220245203
1234012445
97245102246
10796108101
10041036
51508152
2024723249
1579315995
115218119219
17571960
1143511836
187107190109
174145179146
180204183205
92389540
57875891
135202137204
6424569246
3613437137
1377214074
9010592107
5410057102
38683973
6419067191
158112166112
115220118222
187117189120
5413357134
1120313205
1433814839
35713773
169200171202
180202
1566615869
3618037183
1418214189
061363
103179106181
1442114922
50445345
154220159221
136236138238
175194178196
1919021192
7924181243
125176127179
9119395194
02313233
7621679218
2817332174
1506415266
60246227
3116535166
24922694
125133126137
6116664168
1878019082
823710239
663965
493507
2219825199
106104108107
30553258
118164120166
1956019762
813010133
51575359
1201812221
10151217
1469415195
1708217383
185187187190
176206178208
143111145114
181169182174
146132149134
15951609
1093411335
1781910
74967897
171148172151
45985099
9511598117
1814521147
4819750199
7223974242
175180176184
49815184
113196116198
50185320
7222175223
144222147224
5024653248
67696971
131199134201
1084411047
085189
14221454
102182104185
53325534
1316414169
8223684238
1794618248
180244183246
57305932
193174195177
27903291
14551478
3020032202
1691517216
1274913050
149239154240
9810699109
1036510667
81738376
4317146173
3917642178
1612816529
1536615568
116246119248
13531854
62656467
21695171
5810163102
95329735
15881691
163207165210
1364013942
52318233
157248162249
52098211
9216997170
186151188153
86578860
171133172136
54165619
51836187
147163152164
107179110180
1818421185
1934319545
80298331
3215734159
2615229154
540562
181220184222
3723440236
22434246
915312155
18421893
93909692
16761978
94309831
1716017362
83428644
67537055
4021843220
570621
7716882169
5824060243
7024773249
135187139188
121106123109
6621868220
1621616518
4822250225
8118284184
1659717397
3122634228
164122166124
5221156212
175231177234
1576416065
91169418
196101199103
13299135101
4024845249
8724190242
174223177225
57836284
992610031
190221192224
1849418696
73247526
186126188129
73668066
180247182249
6320466206
27113012
1721019213
8523687239
158230162231
1112912134
196244199245
1417514280
143247146249
1949419796
1266912971
1898719388
179207181209
8416686168
144229146231
140247142249
134184137186
10241724
198122199127
1674217243
31795181
187121192122
4011043112
179206190206
13921414
22132415
152215154218
1145611857
14641667
1879319893
1101311216
67837085
7920280206
7321775219
99215100220
5119853200
1142211823
155163158165
141152144154
180202183203
41895193
488690
1847818681
157149160151
88868991
117155119158
174101176104
757808
35513853
170120173122
155183158184
2117023173
7614480145
2413027132
109101111103
1484615148
2812831130
02173219
1054010644
6110763109
132113136114
174185176187
8816291164
180133184134
110119113120
6924374244
2322126222
62177221
1513919140
192215194218
130180133182
117149118154
1451314715
1889619397
82868588
3819240195
9401142
87659067
20412343
440471
193220195223
193183195185
9319694200
61889189
8417287174
127244129246
1017110672
129167131170
186130188132
1591016411
189160194161
1949019792
87839085
38473950
3511139112
1661316816
7816581167
1265912861
463486
101215102218
162161164163
96279829
132162135164
193186196188
13211623
118237122238
922812230
113128114133
105184109185
125106128108
1307313574
161128168128
7617781178
113199116200
156147159148
171221176222
52128213
42154417
5511558117
184149189150
145241146246
50645366
915114152
147183154183
219823101
023325
