1815
8119284194
2910033101
2214723152
131108133110
119141122143
189821100
145175147177
8815589159
154132156134
1663216835
1959519897
106202108204
106243111244
158144160147
2110125102
1508015481
34623664
125120127122
1243912741
183115185118
1883019331
156164159166
150116153118
101173104175
101124110124
6811372114
7320876210
2012821132
60886589
164109167110
3012132124
8911192113
492595
193217194222
38114013
93559657
1967719978
7014375144
97214101215
3811141112
2923431237
19312035
1054010842
131713310
151137153139
188102190104
117207120208
4513747139
9012192123
8141115
139198141201
124242127244
178219182220
2321328214
2412627128
5914462146
1255512857
5619358195
5413957141
120156125157
910112103
111235115236
1324215244
1874919250
3416937171
164111167112
917312175
2823036230
1393114332
2919632198
65316832
10301431
142189144192
1817518377
67657067
170243172246
7712580127
197233199235
37334035
818811189
1759217893
1521718219
111143114144
84868787
1512915332
2510527107
1724117443
105143106148
1323213335
1487315374
49445146
125111127113
8710289104
162180165182
1546615668
1619116493
2423227234
172172174175
9516698168
3213541135
155218158220
1096711269
103150105153
105232107235
6624570246
1510817111
15171539
1727117573
1922819529
100221103223
92829783
32145216
1153511837
191229194231
1623519237
8020291202
4614951150
47644967
190238193240
41894491
185140187143
148175151177
1088911092
105127107129
942993
94779779
57505952
264287
124194127195
3911942121
41324633
180173188173
4911051112
22362538
229925100
1186812170
174146178147
163240166242
1766817870
5214953154
3622541226
1484515246
168225173226
9515496159
824310245
5020052202
22962598
157214160216
1771518415
8423388234
114172116174
161128163130
1682517127
167208170209
177137180139
46684970
1928219583
103177105180
112171113174
117163120165
9015390160
92219622
1447414776
98219101220
6512168123
548579
184192187193
6617468177
97196100197
158152161154
2915231154
146202148205
96169917
1033610538
8020390203
64196820
013315
1939019791
1649416696
8214685148
196115199117
140209143211
6512468126
100245102247
5618557188
1348713988
99167104168
156119157122
65126814
2411026112
1614417147
109200111203
1623916541
130161131165
156137158140
10111043
5922262224
612811129
1608816389
7217875180
1911119215
139217141220
128246131248
123912511
78558157
189128192130
01604161
148167151169
82458547
155196158198
9124099240
2216324166
140110143112
2817331175
84958797
182156184159
4410545109
6814871150
154193157195
1847818680
5616858171
1848918692
12431265
1679317095
105175108176
1075310857
1934719649
148183150186
80348336
2711129114
147178148181
111153112158
8478610
90609361
85658668
6920872210
4320746209
1133811540
194189196192
0142
56566157
123187126188
1086511366
116235118237
1817818380
160120163121
6510070101
6615969160
19182220
3312335125
138226140228
936968
8510587107
1585515959
6619368196
2424326245
6212364126
1879019191
136248141249
1648616788
41918192
4324545247
7019775198
1974819950
45744876
131100134102
180212183214
1055410657
586888
83158617
5822759232
2318925192
1016110662
160175163177
145107148109
171142173144
9314296143
36494150
137135140136
1221412515
127210130212
1306513367
27273029
1711017412
1082310926
192196197197
8716990171
196137199138
1399214293
193102198103
24132715
1972319926
126158129159
51345337
95183100184
120154124155
142105147106
105182108184
172156175158
4418547187
184211188212
1611721118
94429545
68257027
3415735160
9613699138
71277429
44564559
103240106242
4813656136
7718880190
976210064
5817960182
058260
186167189168
21833186
154112157114
161143164145
51775578
2011423116
94539954
1768818089
118245121246
5214354145
185230188232
1648116882
54545955
90199320
7812283123
158192160195
6622671227
347369
4319046192
120117122119
81908491
179239182241
68467148
178129182130
8324186242
465766
64416644
1533715639
164139168140
42524753
143125146127
103236107237
9621198213
8913092132
1524819249
894926
4416347164
77408041
107205110207
84208722
126912811
3020831211
117230118234
5923860242
3523238233
141232144234
5721960221
142164
148234151236
9119594197
1014710349
2118822192
9519596198
2511526119
158189160191
127147130149
117121118125
2117723180
1805718260
745786
1767317974
11561188
138193140196
99812100
12176218
96179100180
71228127
9124493246
97329835
6118663188
8921692218
1087211174
93279728
6514667149
1366113963
1622116622
77788080
178142183143
145170148172
168141170144
155110158111
8714890149
919511197
114189118190
116192120193
175212177214
114130121130
3221134214
68787080
2917732179
132171135173
1114014142
23182819
149130150135
17021743
414715
1414514447
69367238
8213484137
110180115181
3222634228
37514053
9019993201
1276412967
4818350186
12201522
196168199170
53336033
3421537217
93959597
8810589108
169174170177
01743175
143159146160
52337236
1196112263
6721969222
1304513546
181229184230
11741476
148191151192
7816483165
2813431136
1198712488
129119133120
1025010452
53875490
61156417
913412135
19632165
1852018822
8020982211
109182111184
1261212913
76347936
4718850190
4522948231
9117494176
1077510978
595617
3010933111
1771918021
12501282
7522978231
01072110
77378039
113246116248
1772517829
135223138225
90659366
164210167212
4810450107
19782280
128136131137
61988201
1477015072
1137411676
174121177123
153101154106
3314435146
158172161174
8815091152
56585860
186129188131
121198124200
13461369
73647666
6322266224
121213125214
120135123137
113110116112
1038410586
65586860
879888101
186186189188
1402314128
141193144195
110187115188
158233161235
130177132179
166180168182
135154137157
4621948221
17432144
65926794
319621
9622697231
7381239
107139109141
132240133244
1008810489
1581916121
183238186240
7412776129
1598616387
9010292104
99126102127
2417626179
1182812031
186199187202
1591416216
19551978
1941319715
2011922122
9422495229
128193129196
3220034203
1625217052
5110553108
1076110964
191124193127
181138184140
1558115883
16962197
133188136190
6418667188
161199166200
57865988
10621363
91489351
8017884179
102191109191
6123963242
172159176160
4120742211
1216214165
198160199163
61216522
102201105203
1168711889
69577062
2522428226
2717030172
3519838200
303335
1624516447
1821118314
144241146243
111194113197
1906419366
8513386137
8315384156
189100194101
46415441
167247170249
187196191197
1237812581
151135156136
4114243144
171247174249
50645169
1574815950
3921242214
152167155169
4422246224
6113464136
23212524
140149143150
194236197238
157178162179
1118511586
108241113242
139160142161
2422927231
145216147219
1796418166
1769718098
555857
136147139148
57705973
2924532247
8812591127
1915822160
104209107211
41704471
1548915593
824611248
16801711
7211074112
129613010
178236181238
4115943161
101147104149
169216171219
95125102125
61938195
8781180
193128195131
1481515116
187122191123
8017485175
65836885
1437814680
161195166196
71787579
114136117138
175239178241
1976919972
61396540
1502015322
1746617867
174142177143
3715540156
1163211834
26932895
9310796109
1614921150
110159121159
4714448148
24902595
3817041172
149114153115
7424477246
134138136141
1210415106
3615039151
1418914590
40634365
6319866200
1592916132
179197182199
73377441
74717574
2121525216
2513627138
1481215812
1455214854
137209139211
24532755
1702217224
6310566107
37764476
7123774239
1818718688
1819618697
461493
144102147104
1503315335
996510466
1298413286
5813861140
172153174155
175246177249
110191113193
1058910791
6823570238
134146142146
6821772218
9413397135
72129214
6023161235
133176135179
150225152228
89749375
75137815
119219122221
1719317494
107106109108
9616999171
197230199232
1442714629
14001441
6719975199
2123925240
167172171173
422454
3624638249
9223495236
1708917590
7813581136
1198912291
2424628247
3614541146
26913092
6124764248
1259512797
16612162
8421486217
1185112054
8513887141
349837100
173211174214
32373738
159218161221
01131118
15861609
188132189135
70857287
41847186
1676917071
4224244244
9216995171
117178119181
5817261174
2215324155
145193148195
140215150215
4418149182
165183166186
45714872
1922524226
189181194182
02282230
196201199203
6521168213
1872519027
1325613657
8021282214
151245153247
2482610
117240119242
72179220
1656317563
51905294
147160152161
24562758
1795418256
6513467136
1511015411
122217127218
99108102110
96969998
104113105118
253455
156176159177
109164114165
100118103120
177105181106
84528754
18661907
174166179167
1317213474
1548516485
8321085213
5522258224
102218104220
51427145
156247158249
141241143244
82558557
4515547157
7924282244
2417026173
3613641137
4115544156
15231924
1555515757
109122113123
1248412885
19922293
95126
125144128146
14461478
8919394194
1809018392
1757517877
1276112963
22632564
64456548
193198196199
51825484
172126174128
122147126148
44274729
195222197224
13541557
2724132242
1188012083
1227112573
78468147
80688469
4415849159
3824239245
183243185245
155231160232
291342
1207412376
6710270104
8322786228
23252527
176197178200
161816410
1473314935
139141141143
5610259104
1796718169
34263728
6010063102
1406114362
2918032182
4819652197
1418917191
5615761158
117103122104
150204153206
818413185
1206512367
9517496177
141122142127
4712052121
6921272214
192120194123
195148198150
117172119175
101185104187
178206183207
178122181124
166101169103
41136115
10271328
771793
83288630
5612258125
115143118144
9422197223
1171411817
1681517117
7598010
5621058212
92114
1557915880
136104139106
168157171159
147220150221
9411996121
77947898
139232140235
1516215364
7223277233
1515318155
29373139
1479215193
1753517936
4620449206
129142132144
198240199245
8519088192
4919852199
6416766169
111114116115
11912091
5224253246
1812719132
1509415396
15281631
1905219354
151196154198
2311724122
196126199128
1576615969
1537515876
178245180248
13311353
117228120229
1137711580
173101178102
1224412545
156204159206
142196144199
142224144226
130224133226
02311234
15501573
1484315144
2513327135
178221179225
5216454166
71597362
7620179203
12461278
52467249
87108913
5817661178
1429414497
55415644
6223467235
1318913391
63756677
77237926
161151171151
3820240205
3818540187
193215198216
112224113227
40274230
107156110158
1471914921
1189312195
8820890211
145237148238
29853188
36293931
58106012
1742417626
72907592
1810520108
8911493115
122144124146
106159109161
9571160
120172122175
57166018
149237151240
6912271125
170238174239
154115162115
18531885
98279931
160101161105
41154417
61116214
1220917210
1003010233
862966
152233155235
168145173146
193183195185
1127211573
717010172
6514368145
101196105197
1119711399
2318525188
173164178165
1915919362
065366
138181142182
152237155239
5320955212
90409342
15831615
1726817570
8722190223
149140152142
13341636
4119945200
13241375
1708717588
113152115155
7013473135
1771318114
147211148214
1877418879
6216763171
4924351246
194212196214
134245137247
5914162143
4921252213
91359239
8212885130
6311765120
192176196177
1605416256
1306113264
172149177150
8417086173
4719249194
19112412
123183124186
56795981
31646166
9115794158
3320637207
1803318236
18512252
191146194148
9419997201
1089311195
5921161213
120169125170
1224912451
1749517996
1426714469
757808
8923294233
1014611149
36193822
723912240
170101172104
115196116200
74237626
7610878110
14621566
1011112113
173222176224
42724475
02484249
1792210
9122193223
1314113442
4717251173
102198105200
01232125
1335813859
17811984
695997
5410557107
7712488124
4024542247
4621547218
113161116162
2516627169
816411166
4817451176
1255012951
60976399
9471149
122204125206
87608963
184146187148
1476314965
55835885
1122311425
181179185180
76167819
1622816729
4312146122
126170135170
16551678
124233127235
1821020212
18321845
10341237
231254
151111153113
164159166161
104247107249
1212320123
53915494
1236812670
1413217134
121225123228
1810921111
101181104183
5222755229
109166112168
4120144203
81499154
45965097
8118884190
1754017841
1741917621
1314415147
1899619199
7916881171
119183121185
4321246214
2818729190
142216144219
157133158136
41794481
3912540130
43204523
901933
1631616618
712735
7110174102
4616949171
111136113138
4384
82588759
174115176118
839984104
5520558207
106195108198
147198150200
161209163212
2210827109
3913141134
5812661128
137128139131
2022223224
1716119164
137162140164
139100144101
9416296164
2812732128
1617720178
1417315176
170168174169
1255812760
2219825199
3611439116
1267912981
112228114230
01372140
5713560137
121138132138
9711999122
197226198229
77598061
1120313206
124136127137
101227106228
194143196145
3324136242
87319033
1493815240
65866987
8218085182
34333636
150119153121
137212142213
1693517137
1111414116
12321733
92879589
1125911560
107147110149
1016813169
1063710939
197173199176
2711929122
091392
4210247103
163172166174
1523818240
18698188101
151180154182
74327933
1195612258
61507153
4118343186
9123794239
20222225
50475249
151184154186
1844518647
103156106158
1662416727
109245112246
149125152127
182236187237
161247164249
164175166177
3810541107
195152198154
165222168224
1624118244
38914094
4616751168
98188103189
140147144148
1322713628
1654216647
40544355
1484115242
4211245114
1838519285
516718
9417299173
6314066142
8511188113
1669117192
17161820
4511048111
89579259
7222775228
154116157118
134123137125
71738178
39404044
82848387
1059210795
4112546126
1384014241
8220485206
137240140242
108219111221
1405614160
95479848
711410116
1851518718
155101157103
6423966242
7620681207
1264212745
100241102243
159125162127
6618368185
67686970
68887190
123102126104
4119644198
195119198121
134203143203
31573260
24162917
1753017832
193171194175
3813841139
3314236143
187149189151
167174168177
163118168119
1797018172
8518388185
1866918971
59926493
189109199109
39194122
1112111522
197198199200
188241191243
49315233
6022863230
92249526
1168411986
22592760
1881719119
15401643
6421767218
147162150164
7817283173
6110863110
1711817320
193186196188
1466014862
193111196112
32055207
8818090182
162137163140
54955797
7621778219
3510537107
2120923211
1418417185
91319632
196131199133
344376
167186172187
5217457175
153170158171
105163116163
9010595106
79968397
1723217435
6611769118
186161189162
183130185132
13861589
1106011164
6724270244
11331155
131148132152
171183173185
121222124224
145147147149
1895819061
50505451
4317246174
65817082
185124188125
140229143231
95369838
7124473246
100224105225
7222475226
129122131124
115139120140
115133117135
5023053232
183197186198
1065810960
172216173221
1364514046
1315618157
3723640238
45244826
151164154166
1966219963
41756178
13761398
4813749140
161116162119
1574515947
611624
9010792110
4417749178
2213224135
8720490206
1132611727
185133187135
1454514748
53145715
11699120100
7521253
9113393135
46395040
157180160182
161222164223
7022072222
168170173171
138186141188
5619659198
141162144163
31943396
127106130107
526729
9024793248
47494951
136175138177
6119562198
1468415584
939895100
53385540
1323415236
173200175202
119123121126
120190123191
8517788179
588629
1602316524
1409814599
14061438
121161124163
132236135238
177208178211
17197172100
1289513098
130233133235
182124184127
2710332104
116222120223
1622516527
196247199249
1521417216
23512652
1118711390
1357813880
1048210783
24762778
1351213814
1610417107
130169137169
8191121
3222435225
186178188181
1419218193
1837218674
154244156246
119176124177
2793010
9541256
114107117109
52445446
085387
6914572147
1107511278
1853918840
183231184235
9611699118
1735017552
10641071
19171948
73867589
96239726
48835085
5016151165
1310914113
1014312145
1909219195
26252926
5411957121
1741317615
814010142
1912519427
32433545
124139127141
1835618658
55895990
67416944
135113137116
8813790140
114120116123
7618279184
6988101
42404542
1489715398
9724599248
49225124
2024723249
177242180244
813213133
153125156127
8523188232
142220146221
71369139
94719773
5715060152
128140133141
187216192217
193193196195
1156111863
127179129182
2021725218
94809881
9420997210
1406814172
151231154232
59826185
112198114201
9519297194
51855486
154153157154
124132126135
5319754202
170115173116
8922992231
1294713448
121194123196
1641216615
47365037
110139113141
02072209
138107141109
89289230
3723442235
158116160119
2512927132
3014631149
1398014282
145140148142
110189113190
6917673177
146152148154
106186109188
120181123182
162154167155
183216185219
1856518867
127176129178
561764
178232179235
73547755
160206162208
8610989110
13371639
63497249
4816049163
125174129175
1895519157
1753717839
1247412677
45385238
57475949
32085210
8323586236
9721077
1102311126
173136174139
1213012332
1696117262
180148183150
190222
1838118882
6220165203
117214120216
170184
1833218634
8216685168
1727417477
151215152218
7218275184
141178146179
117197120198
6917472175
17361939
73938493
5614458147
3317336175
2918331186
31797180
151144153146
9518598187
1567216372
356461
61188121
1144911850
190131191135
11711473
14699151100
3714240143
920114202
820410207
7222974231
1674617048
25112912
140129143131
125152128154
5912361125
74577660
1765017853
16851708
156144157147
86888890
1593716438
3723940240
9320296204
156237161238
37824084
113160122160
3420437205
174219177221
1579416195
166114169115
3423436237
1697917281
157149160151
3516538166
4323448235
6716769169
41726174
31376139
1082711228
1197112173
1013410535
34593761
1443414636
149203159203
3712638130
126236128239
6218964191
3517838180
2422127223
89219124
69157118
161162164163
137189139191
119230120235
5324056241
1903519337
1496015361
13791681
35874088
6223164233
5619159192
124240129241
147136150138
120239123241
6515067152
45774780
138116140119
184149186151
117247119249
34923695
1079611098
163189166191
1568615888
94659767
32823584
7116476165
94589760
123219125221
1613819140
7518876192
7321378214
912111123
51755576
1041510618
899992101
178154181156
76737975
143212146214
8522988230
119144121146
9212494127
1819818599
5415356156
1516715369
72757477
8315985161
1514118143
62806483
130432
41374439
130205133207
1658316885
3612338125
151147154149
3917842180
28763078
42944695
138110139113
7318974194
9113994141
28743175
1276813070
56385840
169222172224
1149011692
2310326104
01042106
1027110573
138243140245
178179180182
7321178212
125183128185
1143011731
156224159226
169147171150
1397714279
19599198101
131210134212
1914222144
141164144166
1929519498
143239148240
1904519248
5817565175
1221113215
1313515138
173187177188
1221212513
127206129209
38954197
163214166216
169106172108
1121614218
188233192234
69637264
54635568
1088611088
142187145188
1132811729
01413143
3520937211
9311096112
2123422237
1959319994
182204187205
80268229
120132123134
154128159129
479780
143118146120
162237165239
98193101195
3011232115
5120354205
1277313075
159137161140
43134714
160122163124
1725617557
86468948
1417715180
144183145186
16198164100
3011934120
827932
3618239184
519954101
1372513927
823210234
1343413735
8719689199
3312636128
1357113972
14021434
033235
3520137203
154158157160
128203133204
8524388244
100248103249
138132142133
144134148135
1541315616
77297931
98132102133
52645369
12911323
01115112
1962819929
3223633239
151101152106
569959101
38374039
69397240
91529354
409943101
56686069
29353336
8211583118
923714238
38144016
121230124232
1461015011
193919412
41226124
1510118103
1128111782
64956797
103139106141
138246143247
70237324
65176818
8612888130
64546955
3511838120
5517857181
2118224183
1016910670
8013183132
135207136212
17399178100
515610157
106179109181
4222747228
114231116234
32863489
120248124249
7523677239
683984
1873218935
5512757130
123158125160
61186320
039340
120151123153
1351513816
136172139173
43494651
79158217
7717679178
1868319184
1473015032
1793018232
107143108146
2212924131
4822551227
2616028162
8618688189
1151811819
1873618938
5223357234
70527254
146187149188
112175114177
1792718229
1088111183
1165811860
18501901
1473615237
154199157201
5411758118
1511216116
7716678171
1698517386
100139102142
32303532
31263329
129153131155
155183159184
1114711349
1105611159
8019983201
28563059
44544955
64906791
7020273204
132181134184
144115147117
1015013152
128103131105
187207189210
53575560
193115195118
129183131185
148216150219
1682817130
65357335
1585116153
170117173118
31913393
113126118127
113102116104
3216134163
1071810920
3821542216
81518354
9424596248
8241126
5212854131
179157181159
8724090241
15111812
1932219624
130220132223
6721572216
1517815479
115149118151
144128147129
160164162167
1414814449
94749776
1921619419
136234137237
53306030
