1733
78528154
1416117163
1153511837
126123128125
58896390
147150149152
1539015592
71247227
166114169116
4622748230
3520938211
1587916081
1603516337
124239125244
1622218224
4424447246
3611140112
67627064
1075510859
15521754
2023021233
1962819929
168121171123
157150160152
12324233
1529315495
7811681118
1311216114
1795818160
1865418956
569958101
3716940170
169154171156
11498116101
1128311585
170240173242
69167217
1755617858
01910199
7213474136
1724217544
1354814049
630932
64206821
137201140202
76207822
2619529196
10498105101
56785980
149817100
1424217244
120247123249
137130140132
1429414397
1445215352
4511548117
1117011274
47365038
5019954200
1366314064
5910762109
164248169249
6820670208
122214126215
110187113188
194101195104
5610858110
2221725219
85788979
1705717359
5417355177
150130152132
147179149182
114166116169
3012733129
141139144141
196188199190
102234105235
22162518
48745077
1769517997
5422657227
1014513147
155130158131
105183106186
430462
5615260153
8571059
2515027153
8521888219
22235225
39114114
185203188205
1644516946
52298231
7814982150
218421
6112664127
6919772199
2013222135
195139197141
2110723110
172127175129
1576416066
155137160138
175215178217
1171312015
1311717118
146138149140
88579060
8020682208
7121773220
1763617937
197158198161
192142197143
110102112105
129201132203
16841706
192155195157
51078109
6314665148
152122155124
919711199
1911219413
197181199183
197242199244
5514557148
97196102197
125128127131
168146171147
130170135171
1155112052
1624519247
7914282144
2921031213
8324786249
137217140219
1591416216
49125413
9961027
1053610838
160217164218
2317327174
1951219715
105175110176
126161129163
158239161240
17211821
1371213816
22652468
187133189136
1818718488
30673269
185148188150
1266912971
115126117128
5022151224
573676
51418143
48825184
111239113241
170200172202
165197
2816830171
801824
90489251
106233108236
27853087
7223375235
1739817899
69287229
175218178220
126244129246
152114155115
1202912331
127144129147
24492652
1155311755
11301162
2424727249
89659267
7816782168
79738274
4923552237
42114512
1725017452
130248133249
995110153
7122772232
1198612091
155224156228
194248199249
3221835220
9116594167
1481515116
186111189112
1448414885
187129188132
32863488
124195127197
4024245243
16171819
1546615669
8921691219
9111993122
1515315256
1264312846
1533615637
120171125172
116221119222
110213112216
194162195167
1208312385
135208137210
93409543
1702517129
4015243154
137135140137
2817230175
2522627229
146236148238
164237165241
1915519656
11431166
133136134140
7419276195
2612029122
1133411439
139196142198
46644867
3814441146
8118782191
63616663
132813510
1385013955
2313424137
2914637146
100129103131
5924060244
1696417167
11113113
150102152104
111195113198
22192520
4484710
920612207
9213094133
137113140115
109184111186
7916183162
1019310395
136158139160
2923731240
19061928
7401041
1625916561
2615429156
14799149102
5510558107
140175142178
62058207
1173912041
1417317175
1704217145
177183178186
1078810990
01491153
59816183
7019173192
143108146110
62736476
194215197217
6513268133
667869
1806718368
1251612719
7710178105
19201942
1528115583
1816219167
1904619348
191245193247
390422
8624488246
175109178111
7719680198
193233198234
166162167167
122237126238
117242121243
101116103119
67697071
175237178239
131224134225
193178195180
4622550226
1226012562
85608762
3917542177
140164142167
1417514477
777808
61476449
2115826159
154106158107
8314987150
39544355
7516377166
106219109221
133235135238
1112011422
1728217584
196107199108
111133115134
149142154143
17421944
4619949200
1639516697
73197521
8612889130
197148199151
47584960
191226195227
1084311244
2410427106
1331613618
1812920131
25392742
4616449166
146165148167
1222915231
162185165187
5321155213
6720969211
153110156112
122154
1844018543
694726
98233101235
1424819249
96299832
175189177192
138162143163
11084110
148169151171
113226116228
39854287
157237161238
80268129
13881590
125206129207
8713789140
922711229
11351338
4321245214
4123243235
1715120153
173193177194
1838519085
34593760
154162163162
130120133122
1679717298
148145150147
181141183143
01183120
58605964
32416243
75317733
79218222
8422088221
150196154197
104205107207
107242110244
9514398145
1817420177
1267613077
62199221
147214150216
121121123123
73347636
2813431136
4613148134
141190143192
65687668
163226165228
1023610439
129176130181
747769
62256330
171142175143
01373139
1691917022
145199148201
163234166236
7713779139
57675970
01401144
1820821210
1295413255
62449246
188161193162
5410155104
9622099222
101113104115
126219129221
161166165167
2917633177
98126101128
7618978191
4914350147
149121151124
681786
7911093
677780
1887619079
4410046103
3122933232
79398241
8416086163
7921983220
1323316235
41404641
93669668
3423037232
1114011442
18399186101
139149142151
157216159219
180124183126
65596860
8618888190
7216374166
625927
1949619798
1631616518
58256127
142115145116
61199121
1123111533
58216024
2611829119
179179184180
1449514797
184135186137
911116111
1957619778
4419346196
1964619948
1310116102
775806
1108711389
15551856
6212467125
76557957
7317475176
10241425
1795518257
134166136168
32383739
1078510987
172103176104
195184198186
16301681
1397814280
104139107141
171197173199
6317666178
383463
1621619218
41156118
3413235135
8413186134
1491015212
36723875
66667067
42214522
143180146182
2724328246
111154113156
1289613397
37943997
9511698118
12901313
6211065112
103166105169
100122101125
968310184
129242134243
24532656
14401741
119178121180
32445247
189213192215
915310156
146226147230
114117116120
4314646148
1259412895
88339135
1012810430
3521437217
4216445166
6818669189
5421955224
151230154231
3413639137
68537055
53905592
119136122138
1258812790
122218125220
291322
2111123113
6510068102
121161124163
92229424
6515067152
1281313314
1224312545
1656216864
4013843140
111107116108
7521477217
177228180230
1885718962
185177188179
14371639
61738176
184246187248
1614116443
4618249184
8820890211
73167518
172146174148
178157181159
4413546137
73777579
1431814520
7017274173
1083111132
17151729
2220624208
1416714370
5222153224
722210224
9215694158
1317614179
130244134245
81648366
51568157
33933595
1510517107
01327132
18772278
1722617429
1357713879
1069610898
1752717828
11651367
6014363145
93569558
3010832111
175100178102
83528654
115104122104
5018653188
139212140216
17671970
5111553117
1652216724
1847518579
193181196182
51745376
929994102
1801318314
35543855
160203162205
65467047
137154145154
1862718929
174154177156
180222183224
151194156195
3417538176
63426644
1347513976
1858818791
3811643117
8910191104
4815152152
8711890120
171177174179
169173174174
11751278
7719384193
82358537
151220153223
91599461
185212188214
87828985
75647766
100137102140
1973419936
164103165108
3822839232
93539555
51435345
77238124
16899169102
1314823148
1839618698
1728717589
2112926130
166201169203
137176139178
14571759
117116120117
6510768109
7212777128
8161117
5612358125
174203177205
1444914751
976610466
4010943110
18452047
7910181103
2514028141
6720069203
181229184231
10201034
92839584
3994310
3118633188
3110034102
179183181186
1752317824
41116114
369839100
7218274185
9217295174
4317946181
1496915271
13431366
78318034
7815480157
93309532
1492815229
1846618669
77677969
154174156176
99165102166
174197179198
10621264
108139112140
125111127113
46635563
01452148
96719873
164229166232
8021382216
1973719939
6117462177
22176218
1555716058
2216925171
1475615058
167229171230
112171115173
132187137188
175172177174
22512356
1372613928
15571589
176222179224
121216126217
34323833
8531154
1022010423
30303332
45265027
154177155180
38824184
175112178114
161164165165
1264913449
9619998202
6223167232
13299135100
144215146217
1876518869
1551315815
161101164102
8610990110
6422566228
01143116
95609862
128195129200
44284630
169213172215
167154168158
1654116644
2821831220
4621248214
1382914032
1461814920
1898019282
161154166155
1711220113
173118175121
64506752
154242156245
180202
181240185241
125173128175
170248175249
65486949
60676170
109911111
1871018912
185818611
22592760
157141160143
3618239184
6813970142
1162711929
157199159201
112112114114
69567258
94339735
823410237
1771117913
10401062
6013863140
135203138205
4015542158
137173139175
153233157234
1099611198
180165185166
815847
150150152152
5412755131
8619689198
31235126
155153158155
1514315247
11261428
126240131241
1710119104
9124894249
7114773149
14498146100
6910770110
6414468145
159158162160
1307113572
135241139242
1922321225
110189113191
575606
2220926210
1921122212
1528715589
173123178124
2313126133
140118142120
5716958174
4895111
1313415136
6221265214
182183185184
2522327225
105187109188
17731795
4321548216
144212146214
132239134241
8816790170
346387
8388511
60126214
1903319236
3015732160
8916191163
371872
167241169244
83939293
3524039241
1317413376
114153117155
54575759
108115111117
158196162197
1025010452
141127143130
108204110207
9617298174
143132145135
66346936
157139160140
153150156152
84508951
146233149235
1815420156
472523
084287
25642865
1512317126
1935919561
2414528146
1213812440
026328
164214167216
55165818
94129615
52325534
170216172219
1213715139
1114712247
178199182200
1643516936
99142101145
6624769249
175232176236
1810720109
33503552
1657316875
1731717619
183106186108
81608363
111203113206
1911519317
479949102
1519716200
140209142211
1206712270
7622078223
9510697109
162147165148
715010152
8415588156
47685169
2014523147
136237139239
131103135104
130183133185
1622516526
1874219044
7520278204
1248012584
194240199241
120100122103
165223168225
1916519368
117185119187
115161118163
192169195171
5124253245
75457747
1466514967
14711773
164141166144
1498415485
3714140143
41356138
3413837140
22882491
2317527176
171113174115
180109185110
43784879
18541895
4620349205
97389941
1106511367
02125213
38364039
1853318735
84738775
210242
104179109180
2814830151
101205103207
167117172118
1545015752
91909492
1017012173
1586116163
1013210434
1223913244
113128114131
22692571
6711170113
6022162224
38164019
162149164151
93509652
1403914144
115191117194
136102138104
39324333
6121666217
6517070171
8922092222
162244165246
9521396216
1452414628
5014853150
1541715620
02352237
178148183149
159226162228
8710690108
62258228
4621749219
1613818140
5513758139
102124105126
1191712119
160209162212
721712218
5620659208
1658316885
1266012961
72457447
180212183214
15521566
106169110170
72747576
178193180196
1507415376
1193412137
02052208
1576716168
151148155149
34793880
197130199132
193228195230
191131196132
1052010625
184152187154
15461748
8211285114
1641916621
1555915762
2711229114
2414727148
1235612658
118244121246
86228923
168238171239
158119161121
2410927110
102213104215
4021642219
93279529
160183164184
97139816
105160110161
6420465208
9215994162
1362313825
78168019
01684169
8917692178
103149107150
196152198155
7187311
1595116253
128119129122
1717820179
1905219354
2819729200
112162114165
6286410
1817918382
1595416156
1965719762
9318196183
90799282
192191195193
114206116209
8217685177
173195177196
173138178139
160193162195
1431014611
2222624229
155229157232
1405814360
83558558
1194812848
1383313938
101109106110
1799018491
184124187126
125102127104
2918231185
170159174160
102242106243
153211156213
1074111042
22019201
8322493224
41974499
92114
140222143224
13431645
39434245
1617416475
121181123183
2120426205
1633016831
1613319135
543566
1867218776
143193146194
114196117198
21564158
142111147112
154246156249
99228101230
44465346
120186123187
1734717549
02192222
1349513697
967610177
159126161128
199172199180
147172150174
1554416444
1137011572
4717849181
19162119
6624573245
9421097212
66896891
1072211023
196225198228
172187174190
9614098142
82788481
82888490
44544955
8511690117
188245190247
60776379
7421878219
3716341164
1919519397
48875089
169132171134
61239125
189227190230
80918294
83338734
158234161236
86108813
158229160231
10651106
436487
30393143
1484815051
4622049222
10201521
188159193160
20432344
6318466185
863895
3417837179
1129311496
5817862179
1179812199
1045510657
123114131114
916957
129127132129
30243425
38514053
8519287195
1501715318
3420536207
14931515
1142311725
24312634
93489649
1293213433
147105150107
27833184
32533455
1584716149
156180159181
51775479
139138140142
86418844
106125114125
19922493
1134411646
103154104158
997210175
1599616298
976810070
8314488145
1733117832
7220374205
5317056172
1901019511
3914740151
9623798239
101239104240
1609116294
55245727
1593916240
12501264
102232105233
14001451
10699108101
112234114236
71358140
132191135192
1163011932
6818071182
105189109190
181234184235
6013462137
3515337156
19031925
1492515227
1265013051
71657467
4617047174
14491751
1699117293
27533055
8115783159
1066010961
121198123200
6211865119
8413886141
1212514128
84968997
45234725
16891892
1747717779
4716749169
081283
2621328215
196619711
8816490166
127167130169
111247114249
1421917221
120139122141
128100130103
5021653218
107162110164
174245177247
1110514107
88369137
170220174221
6913271135
2318026182
614415144
2324324246
104203107204
6812571127
1625416456
126170129172
165129168131
13671399
2016522168
1116211364
192172194175
18761898
1902819230
139143142145
163156166158
1053310835
79428443
1789218194
3115434156
918910089
159132168132
78638066
170243173245
90179319
140171
1614118144
17381769
150217153219
8120983212
8217887179
1933219436
7910886108
1273413235
72597561
14961519
96559858
759877100
29223323
7212975131
70487350
167170172171
122245125246
109112111114
1926219564
120142125143
144204147206
146141148143
94199720
5718060181
116212120213
84868787
110217112220
30603362
819512196
1689417196
1698117184
10221523
1336213564
131101135102
4913453135
61978199
2222224225
34623764
1185412156
1432414428
142160145161
195111197113
128224130226
127212130214
37404042
4723149234
27242926
186207187210
171116182116
52306130
6312074120
1306913570
6324765249
8516487167
183198185200
618811189
7218075181
143174144179
1698517486
139182141184
163171166173
175199177202
259828100
52605562
78888190
6223365235
90759178
1568615889
1446714572
55515853
3723642237
1514115542
622924
1009610398
166108169110
96208101209
889891100
1442114723
3617139173
124199126202
1374013943
1058710690
1552315626
138190140193
1549615698
71518251
143142145145
2710338103
32833585
4018242185
162237163241
108195110198
12381269
1879819299
1879319095
3613338135
4322845230
111159115160
143196146198
189182191184
137121140122
29643166
163199168200
102201113201
6119362196
183155186157
48235125
5017052172
1415517157
18872687
106122109124
150204157204
2810431106
1308513386
61709172
6123864239
150183153185
1148611788
115124120125
1106811469
7211674119
9323397234
01653167
173224
7020975210
160214163216
2713035130
62836485
5414157143
177177178180
7612981130
8714190143
1888819091
147189148192
182215184217
1712728127
115176118178
140241143242
2117222176
149167153168
129133132135
1024512248
1655516658
1052711028
135105137108
1119014192
5411157113
8212885130
3921043211
1268013081
137118139120
151118154120
3318038181
32265228
128215131217
117199120201
2022621229
93859488
137179140181
7114374145
186239189241
8410087101
9417897180
172132175134
1405214354
18292131
710410106
7322976231
83458647
8012183123
1514518147
1189212194
141201144202
23352537
159103161106
1314015143
1451514717
7620579207
16321934
54465649
157134159136
1962219923
7310476106
1275612959
196167199168
1533815640
148226152227
7817880180
182144185146
103137107138
47175019
103188104192
23463446
73387640
7919980204
8712190123
1095711259
56855790
98156102157
8314788148
8371039
185230188232
4817049175
31464149
198172198180
62696670
163159165161
154209159210
189100191102
7618179183
133178136180
1803018133
3615739158
7319676198
1812421126
104198107200
31763478
1564115943
1723019233
192235195237
9313895141
11911493
5323556237
117214121215
1823118334
197210199213
4619751198
117167120169
128115129118
8410288103
153125154128
5016855169
3422737229
152108157109
7320675208
1475915061
1811821120
3116333166
5910362105
56315932
8617488177
1731017612
1498015183
21504152
172151175153
1347414174
118190119194
8115483156
85148816
138226140228
50485350
3310735110
1489615397
128111131113
9119995200
998110482
105156107159
1865218953
103159104163
721743
6022563227
1914119344
102216103219
1657716879
167217169220
113138116140
3622041221
8218187182
160178165179
910112102
1314916151
3218335185
170193172196
107132110134
6818371185
119204122206
198100199105
70867288
8214691146
16421693
1081211113
158206161208
164221168222
6313667137
519821
02035204
19331956
3411537117
9411996122
1444714748
187121192122
185215188217
4321845221
12021233
14021434
9017992182
2922733228
53145715
4413847140
1603216334
27302933
124135127137
127233132234
188242191244
5018053181
134120136122
1602716230
169103171106
100167102169
1418617188
50575359
7024877248
51678169
18031825
35343737
18512152
12521455
172175176176
123110132110
124203126205
134184137186
148153151155
094297
121201123203
76107813
4017145172
3822440227
59166019
108152110155
179244184245
105112108113
180167183169
19972299
110109112111
1813518436
4111144112
1848018782
9524597248
171161174162
182158186159
3221034213
23612663
9322095223
1698817190
179218182220
13781581
3311135114
4713652137
734766
162126165128
2115024152
1167811980
119173121175
128136130139
7824181243
199218199229
112179115181
5019153193
1724517546
49645365
13611564
1620518207
1423917241
195208196213
139146141148
176140177143
4716150163
172149176150
1256612868
154240157241
2922930232
9416896170
4415747159
80568259
9510398105
1693017232
15241547
157211159214
091393
8420987211
7421177212
4120344205
147193149196
52225424
9716899170
1897119871
5114253145
5917061173
9422495228
116172118175
71547555
177242182243
1835518557
116223119225
1695317155
3323735239
1768017785
174125179126
102181104183
1156811969
078280
170107172109
1707717379
396428
5013953141
70777279
15951627
189169191171
117207120209
1774218044
103177108178
2212225124
163205166207
1281613217
1945219754
47345135
7019373195
178246180249
699972101
509651100
190146195147
1392214124
6716172162
4824050243
971710018
119229122231
146218149220
186163187166
2713129133
1788318085
136191137194
3615038152
173184176186
10999111101
8621389215
196119199121
8324186243
6322064224
1763817841
4010043102
133124135127
1812121123
832854
9114394145
157192159195
126164129166
25662768
111176114178
3414136144
189216192218
44374639
592695
118195121197
1174412046
41289129
1662816929
196237199239
170203173205
3821639219
102134105136
106143109145
18301844
1257413075
1324515247
196101197104
51185321
9491052
100170103172
169223172224
73247428
98186101188
1985819963
102142105144
1224912551
135137136142
14601501
33103611
10881290
3910343104
9419396195
1985219957
02093211
444495
2921634217
4815750160
9110893111
116134118137
5915661159
154202157203
136164139165
94169618
1048710494
6020265203
131105134106
3811341115
45744777
111210114212
164118166121
7281029
79118213
521415214
154168157169
148208151210
7924682247
4213243137
7511677119
1667017071
170206173208
3020131206
4420947211
8519990200
9119694198
1874518947
2316626168
9214694148
71897391
26762978
75277730
1722719229
103102108103
58576059
166245169247
882987
819883100
1521315415
2921434215
1093411236
5423955244
1666716869
117100119102
13501391
992410226
2912534126
1146611967
191118194120
1809518298
1148911691
158163160165
1811422115
7820980212
911212113
1211512416
1651316815
