1744
1211312415
154201157202
92779579
1096111263
912212124
1625316555
98131101133
178187180189
57246225
36503951
2819530197
6613568138
198126199131
85628665
7722479226
101188106189
2918631189
913420134
50595361
01091114
8320984214
3324636247
1633016632
40744376
7610179103
157230162231
3821741219
916613167
134201137203
2323724242
5023258232
133123136125
114144117146
132223135225
108234111236
8314685148
79268228
592623
21765178
2524328245
3015534156
1344813651
1425114454
918313184
1086411365
30913592
1677317075
17541785
3614338146
1691517216
1555715759
152182159182
147179149181
296399
91689569
1332313625
8318388184
6922772229
6016363165
1443414736
5718160183
138179141181
172201174203
1784618147
2615927163
5114054141
1835418557
116160118162
4511048111
229724100
15731775
35833785
1573816040
1182412027
124194127196
3316135163
108130110133
157220159222
15911623
1726317466
38873990
11316132
210233
1725717559
59476249
8016485165
7619679198
8015885159
714727
4215545157
1142411726
14151716
199619916
17097172100
85408743
103108106110
7419575198
108186113187
60216223
28393141
3111933122
54515753
154215157217
1318213385
87819083
01335134
2622031221
1614217147
125122130123
88479149
9110593107
9718398186
6618869190
2621429215
62238225
8815090153
1551015812
2819830200
8217384176
109202114203
9315996161
31555157
112204114206
96249106249
22232525
101233104235
151145155146
1515815460
13271359
1955919762
58506053
986210064
125183127185
68476952
168717010
1847918682
154186
125216130217
22632764
122207125209
23202522
1249612997
196236199238
18692171
40144316
1712021121
5422857230
114120117122
1462414827
02392241
146198149200
36584059
1387414176
2518728189
118122121123
1468614790
8714091141
158192160194
96259927
82918592
61196620
1258012782
4819951200
1366214163
32113316
533564
114103116105
193145195147
8715890160
163142165145
169128170131
1975019855
185218188220
5415756160
6921871220
100196102198
151160153163
619921
910711109
1432214525
68747176
114222116224
141146144148
8119984201
192239195241
694897
194222197224
141199143201
172197177198
1258912791
4923157231
1917219474
5719358196
131163
1813218434
16161639
914412146
01283130
8019283194
98224100227
3010333105
81698371
11141136
6919972201
9316794171
191201194203
127158130160
112179113182
194167197168
72049206
49665268
187212189215
55775779
1982110
141113144115
2913631138
1243312735
9617298174
7615178154
55895891
28253226
66286930
1622216424
135167140168
189207192209
85788879
175137177140
37683971
2218724189
77228024
32235225
1588316086
28223123
1381014311
1145511658
115189118191
2223426235
181187182191
152122155124
38104013
99240103241
129227132228
128154130157
196218199220
136241139243
194234195238
0243
73857886
195202197204
8513587137
1423315238
4212144123
1033110633
1795218353
122170122177
122146125148
137101139103
4418246185
545596
104239106241
8720390205
244276
1757517777
1334013543
183123185126
1225112652
5411859119
8819991200
49575358
26392742
6216865170
172239174242
185192190193
183190184193
175189177191
094595
1967719978
151188152191
152244155246
139224141226
170227174228
30953297
126138127142
121245122249
4416846170
91122
156156159158
111132115133
1414214643
5222554227
1522115522
171187173189
1847018772
9212695127
914712148
156112159114
153167154172
1695417156
2222025222
35793881
42564558
012314
8861188
1906719269
146122148124
1142711729
4013343135
1185112152
1831618518
1621016413
157203159206
6011363114
238540
409741102
152239155240
132102136103
141149143151
1418514586
141195144196
27892992
157237161238
170115171118
1336113563
166143168146
1018010482
1216412267
125222129223
58816183
5321356215
1696217165
99242101245
3522936232
1914119344
8912092122
21465148
1647516677
1911619418
178234181236
1239412895
7610479106
143185146187
1437814483
760792
2721730219
73227624
7310777108
85968898
9313596137
156195161196
100160102163
163242165244
1624616548
816212163
2515329154
164166168167
7921782218
1464015141
1475315154
103209106211
1810620109
165220168221
1376014061
142169145171
1747217674
28613163
142214144217
1088711188
1639116495
75697871
124203127204
192175194177
1319613697
173101175104
8224586246
145131148133
1864018843
22166217
8311133
3817741179
1197712279
4113944141
132141135143
1752417627
128150131152
412714
6524168243
7624279244
195151196155
1161611819
6411267114
3521138213
1911019412
175246178248
1705017351
165207166210
166616711
39444345
160216163218
1666616968
195118197120
1974619949
9014393145
01234124
1306913570
7912180126
1787418077
7220273205
502524
7251126
5811161112
127210130211
21204122
181113182118
2410526107
7324876249
39194121
31355138
4320746209
128181131183
150128152131
1461114814
1119411496
173917611
143247146249
994610247
8618889190
151207154209
1396414167
8614788149
69777279
7110374105
61468149
68147116
8617788179
1536715569
54205622
72568056
8822991231
1894119044
148106152107
33603761
100112103114
90199420
4516650167
2017923181
8710790108
130241133242
3612739129
121225123228
1018710489
1814821150
2618228184
91449446
1492215124
7915282154
5224856249
1595316155
5721460216
197225199227
19212222
125163130164
30833285
112148115150
138169141171
7817679180
83728476
2710429107
67197220
5814759150
161206164208
1074610948
177106181107
1877819079
1885319354
1191612218
175135179136
18872288
5516456167
178185182186
180247183249
3723440236
7416679167
54825784
4916851170
59336235
6914172143
14399146101
4720649209
1104611347
155208156213
15201821
1816523166
1227212574
1945219655
1425514557
178127181129
128141131142
1537615877
52335535
14471479
125224127226
1452814830
114207117209
1728717588
192101195103
2120924211
148212150215
126199129200
21112314
79888191
60126314
01352138
2416727169
144102147103
1342613628
4911052112
138104140107
1351314014
02112214
17698178101
683984
89619064
3419735200
1668417185
173114175116
78138314
1195712358
5813161133
72179219
5522557227
5283
106157111158
1107011173
150164153166
108134112135
23572659
1773818040
195162198164
89329333
1012910232
076279
1914027140
204236
237307
185101188103
98187100189
1749417696
722753
178174181175
101118102123
15399158100
163168167169
119151122153
8519188193
164105167107
121201123203
104244106246
156141159143
2020523207
3317935181
1872019221
11541456
22182719
2912534126
454656
6715769159
1045410657
1815523156
3322636228
3913840142
158232163233
95499850
142106147107
1415617158
147201151202
1366913772
1058911289
192231199231
2024222244
61428145
143179146181
1859618898
11001131
169173171175
9223095232
6919573196
456469
912720127
132184141184
190133193134
41124413
7711480116
767808
103201105204
1933319536
51658166
6917372175
1861719018
81788479
1513115632
1327113572
4623947243
131155132160
7415976162
1054210844
61889189
3922042222
1908019282
158188160191
291493
7920382205
02053206
71107313
194156197158
1119111493
115183118185
140172142175
1057810880
189821100
88379139
1361813821
8712390125
1483515037
148232151234
1454514847
1364413946
1321713519
2816330165
144119147121
118158121159
135146138148
717110172
102199105200
54865987
139221142223
1872918931
1723022231
1511815320
173222176224
27442947
105112107115
2219024192
4216551165
56386039
2024823249
9216294164
189102190107
17292031
97166100167
160134163136
1821318415
1938219683
187185189187
100106102109
84158816
164111168112
61866687
71809182
1477715079
5212457125
5921060213
6314066142
92809582
1725417556
4419545198
3111133114
304336
9217295174
46345135
159170161172
2510827111
143165148166
8522188223
1828018383
4520146206
3512540126
65936895
159101164102
8614489146
116129117133
127134132135
3414037142
20832484
1228612488
191226193229
126240127243
132211134213
101158105159
977810080
97217100219
1224212445
116911811
1398014282
10391241
1847418776
152143155144
1302713328
60696173
152235154238
75317733
2222323226
3521637218
106192108195
78318033
2215124154
1813620139
129207133208
7518877190
3424039241
1421614717
8112184123
138137141139
3618638188
121213126214
172209176210
36763878
186149191150
559856102
7912882129
5619058192
2823932240
1952219824
7521678218
5717860180
1092611228
16701721
107244108249
1001410216
166176171177
32623465
1655016752
815111153
185136187138
107138109140
194171197173
3824240244
9599711
165129168131
4421654216
1844018543
181194184196
2914832149
1654216645
5016253164
92759576
1662616928
97233100235
15231626
1127711479
106120109122
105184107187
120217124218
5020652209
14801512
1339313695
24432646
182235184238
12444246
195178198180
179110182112
130220133222
179162181165
49125214
9271228
50175319
125179128180
77388239
56325835
39914193
182100184102
111196114198
1682317025
1795618257
176161178164
157207160209
35653767
25822983
121179124180
15361641
8111584117
101156105157
1446314864
35473849
1457314875
1905519357
170211172214
1148811690
167171168175
1353713838
8761177
130136133138
1819319197
3415739158
168237171239
4322646228
1095311454
140233147233
81538654
197146199148
1516219163
65966798
1599215999
127128130130
60406541
157175161176
38244225
25652867
89789180
170179174180
136222138224
34113712
591893
140231143232
117139121140
110162113163
1848818691
174187177188
435449
30443246
1076710969
13421365
60426344
101218103221
115228118229
4118243185
11421443
3710548105
145146147148
4021443216
2012922132
01552158
1810129101
432733
8320285205
160202162205
1031510616
815411156
148218153219
125110130111
6921270215
82628366
317368
31816182
4621749219
512016120
51775479
97228100230
4910251105
9516998171
1075610859
179166181169
11471449
112158115160
39611
763786
9510299103
191125196126
137213141214
3410937111
32383441
35403842
3617038172
145192150193
1127011572
10931106
33323534
164217167219
169113172114
19501973
7916881170
134120136122
92359438
7322976231
283296
2922832230
162117165119
1923922241
51925494
7361038
132126135128
37933897
42974599
104180107182
121186124188
121129124131
99210102212
127165129168
182144186145
1629616598
1324515248
71657368
190246191249
6118663188
059361
9710499106
2622628229
2011225113
8711892119
3921346213
4223544238
9322196223
23892691
18772080
381413
1669416996
3311636118
3515137154
5217354175
140241144242
520214202
44604663
2312925132
1237912482
12861489
107108112109
1313313335
1755117853
6220165203
6014761152
1603616337
1122111523
95979899
161223164225
85458748
1392414127
174232177234
178222180225
3015232154
8711590117
1256613067
9410596108
9323998240
84138814
1651316815
139163142165
180242183244
5210254105
149238151240
171127174129
192118194120
1317215175
74258525
241941
1627616379
1303913241
1016210464
1643516737
7219275194
922110226
106126109128
115151118153
1520018202
1655616858
96299931
184120188121
178137179140
123143126145
93839586
10599108101
103118105121
6415766160
168148171150
182230186231
7221773220
7723080232
163226166228
1902419227
8417086172
15311563
23852687
111104113107
14631567
93279529
1892219423
178176180178
3610139103
125150127153
189217191220
1023613237
123219126221
921952
147227152228
19232126
1409414495
1221012512
163238167239
1582415834
1348913592
135175139176
14031435
182129185131
141238146239
107224110225
6412765130
1553815643
195184197186
159103162105
2922632227
1254312944
8724492245
144116147118
1258612888
1345813660
1182912131
167208170210
3521439215
1254512846
1414014541
110145113147
1848318785
101148106149
8710990111
134136137138
188156190158
95215100216
01633165
154247156249
6224064243
4514047143
102205103208
1520317205
4823749242
5320756209
51205322
164214167216
1311417115
196102199104
177818010
30883390
196241199243
16481950
8819595195
18781909
197151199154
8910292104
165100169101
1228312485
147150151151
464495
1593316235
104135107137
1695717159
175237176241
66896892
1321116213
4516048162
1674217043
51895491
32473449
129204131206
17841986
189145190148
8018182184
190189194190
793816
122222124224
1773117934
1377714079
1414917151
7422476227
1569415896
196232199234
1813718340
1517215277
153107156109
114180117182
6119363196
4415849159
181245186246
7217975181
1119214194
1069010991
114106117108
152195155196
152149154151
6910172102
1758917791
118201120203
176130181131
130170135171
142190144192
112212114214
135172137174
74467847
4024542247
134191135196
181239183241
1954419647
2021322215
5018253184
118106121108
1656416865
917412176
7541056
110241112243
3214635147
4720349205
1717617478
94549756
1578715989
1094211244
1499215194
2924432246
43294631
6210965111
10041084
8223087231
1517815479
143136145139
181217184219
5514058142
185105188107
1666017061
173204175206
1647816780
1510417107
148146149149
2321425216
168217171218
1494615248
53675669
2624129242
187197190199
547569
182169184172
181202184203
1459314894
177210179212
1682117222
4522948231
176118179120
5520358205
125124128126
44904792
162195167196
122189126190
48395041
7015173152
119154122156
4718149184
7415175154
3119333195
1811721119
7317275175
179147182149
96469848
1291610
9220294204
13101333
193212196214
3618041181
1872518928
610011101
74917693
1959519798
1422116224
179220183221
81558357
192161194164
53125613
51825384
9020993211
824211244
1652216625
7117674178
134104137105
90929294
7616479165
63216623
187133189135
5219556196
1963719939
171158172162
5511659117
3523738239
1033410835
7722780229
26302833
137158140160
96719873
117237121238
1615616458
187246189249
14441746
1646916970
195176199177
1712221123
4921251214
1648116683
34933696
8621164
3217635178
13711412
122161124163
46364938
5221953224
1317617177
72347536
9111093113
174146178147
32185221
73777679
2124524247
1127411476
21722474
171185174186
1893319235
72737476
9951027
157247160249
5724759249
141202146203
43244428
111130115131
119183121185
192108197109
112244115246
7717181172
1265812761
60286330
2119923202
6317566177
9023892241
2820431206
5923260235
107110112111
4014542148
139143140148
137215139217
5323956241
48754980
18321854
144104147105
6122463227
103230106232
1509615398
99136103137
830862
176202178205
5914062142
62556262
139117142119
103125
1194212145
2518528186
51158117
958710088
75747876
189121191124
8318187182
1063610838
78958396
67647066
8618589187
6411869119
5416258163
6313465137
187232188236
122138125140
145225146228
14861518
135211139212
4814750150
115126118128
138204141206
4814353144
135106137109
78428144
6712070122
7618178183
3024835249
69847285
172243174246
64256727
125169128171
146136148139
1148311685
1803018331
162164163167
82598461
1923119632
34173719
3920642208
157125161126
4322146223
21084110
6613268134
1932519627
135113137116
6720469206
4975110
171247174249
116134120135
1267613077
1162111923
38824184
5813460137
2416427166
3922342225
173229175231
1087410977
6214465146
168119171121
52445546
028230
109101112103
4012943130
40294231
6723870240
113176115178
179142181144
8410187103
1925919462
170101172104
1298613188
1862218824
123172128173
98819986
142211147212
31735175
67627163
65526754
111219113221
1214912650
15271559
133156135158
32213424
193216198217
16962197
175141178143
7321176213
71827483
120215124216
8313386134
147229150231
158164161166
1468314985
1618316386
196239199240
198139199144
1444814650
157243159246
2810933110
7517677178
12441295
182156184158
1985719962
164211167213
54145716
1635916562
9713498139
459661
45134815
139245142247
1491115016
1023813240
19612761
122102125104
1309914199
55305931
570584
1046610669
81308332
72627564
4411547117
103215105217
08211
176108181109
15711584
188180193181
109194113195
1252912831
15651588
2917631179
8813590137
180212182214
82818682
45234726
30793182
48715173
133188135190
1766918569
195242195249
577599
7113473136
73597661
9124298242
26222727
5822559229
2813931141
1911319614
151185154187
3515538156
143220146221
1529415595
51475252
1337813680
1633916641
7617378175
17941825
191191194193
5224453247
1315213355
89879289
8016685167
155119158121
4413546138
88409142
9523698238
172109175111
87298931
102242106243
115141117143
77638065
1288912993
97231102232
64626665
8813191133
1647216674
1668617187
64426744
1017911182
187237191238
1624819249
435637
2714631147
24482750
188159191161
139190141192
2624729249
8820689211
919811201
114154117156
139218141220
2612028122
170234172236
1743518435
26523053
19161939
78818183
2216025162
114123117125
1191012112
151113154115
58585961
1384714149
186130189132
97119100121
138113140116
150183154184
2912732129
118231120234
5023452237
110120113122
9591659
103177108178
45664868
138123141125
4918952191
1481915021
155227157229
19562158
108112110115
79911
50365238
105164107166
172119175121
6910672108
1312316124
1488015182
6219967200
1812421126
185203188205
8623989241
18621877
123133126135
192121194124
6620769208
45774780
8221124
69107013
173112178113
12331535
172122177123
5314655149
1420817210
191145192148
119160121163
160112163114
125119128121
700751
29323233
52307232
85218822
1013910244
64736576
129102131105
01514152
1865518957
1622516427
40694370
36313932
1082311125
167159170160
40324533
82338535
1379614297
1624518247
108199111201
1222812431
148169151171
129172132174
1024512248
130175132178
58846185
6717568180
1093211037
8520887211
101227104229
139134142136
6086310
11445145
2214824150
175199178201
1936319467
1556015663
1909219393
6210470104
168107173108
10661367
1446114862
1078111083
117212120214
038142
169219172221
4412947130
126116128118
163137164141
8823590237
1317413476
152139155140
74117713
1511617119
92259526
186242191243
1218016181
5219754200
1106711269
7012473126
158199161201
42404542
1219814201
122159126160
3322336225
1905019352
146109148111
3615936167
1039010592
158115161117
102131107132
1304413545
4912050124
1782718029
01077107
47594961
117102120104
157160162161
14799150101
1348113684
4823249236
105233107236
8114382147
60266327
4211346114
11899121101
1175311955
8111284114
159120164121
93599660
8122784229
168223170225
82888490
2923134232
388690
259828100
46444749
5917162173
12711303
65776878
1522518226
1585616059
1186112064
98115101117
72807781
5914461146
5812459129
43774480
1275613057
3511938121
160239162241
194105197107
4614550146
1788717991
62097214
104219106222
31257126
9421097212
187239190241
9111496115
144229146232
5417856181
37264028
41299130
77788079
1861018912
1715919161
6012963130
6115663159
108164111166
1811421116
1283313035
1522415426
165223167225
471575
1552415726
219521
1808818390
2611330114
195174199175
2612728130
6514766150
131108134110
1224316244
63896592
7715879160
6317966181
182103184105
171130172133
102244103248
145213147215
154162155166
108150111152
1188212183
155187157190
163202165205
9120594207
54585760
142224144227
1006510366
148102149105
86328835
1923819540
02375238
3221134213
9213195133
1267113172
1617319174
1315613657
2110523107
1122312226
152141155142
118130120133
043246
182106184109
1746717570
141103143105
1817418377
152116157117
37723975
8120684208
1034010641
1113111333
24522555
5412059121
168156170158
270302
1423918240
183212186214
1853218833
160244162246
85598761
8421887220
9214094142
7614480145
6495
6010563106
5017351176
2420426207
1609116294
1256812770
167247170249
1842918631
7412578126
112911510
1839418795
118204123205
6214764150
138108139112
469949101
5220154204
29643166
023325
824856
51517154
985510356
5418256184
28423243
128175129178
5721767217
1384014043
119175121177
182159184161
5916062162
153156155159
180203
181120183122
1771810
9520797209
1878018982
3922642228
138201140203
7720880210
158167161168
127132131133
1876218965
35873790
186114188116
1411514815
118179120182
93118100118
32125214
48475050
53365837
103129107130
27863187
10371059
33253626
1765517858
59886290
1079510998
5114552150
128224131226
30583260
71317433
