1799
143210146212
166160168163
129140130144
287392
02153217
9421599216
154170157171
1425014452
1008410485
113235117236
3014733149
1844918651
7723480235
1535415557
2121525216
26292931
2911030114
17101718
20962398
79968297
19752277
107156110158
160112163114
1174411946
173165177166
93849586
1367513779
2514728149
1763017931
46124814
191101194103
195175198177
134138137140
1514718149
12201522
89599161
158233160235
1920322205
182101186102
107104110106
1755317855
27463048
1377014072
7419576197
2412226125
1668916991
7514377145
13461548
186195188198
103247106249
25852887
111138113140
11144116
1363913842
1275612958
62336535
146235148238
41124215
45924695
154116155121
97240102241
111202114203
3121833220
100208103210
3116532169
130195133197
181187183190
21672468
717510177
3321438215
1467514878
119170123171
1368914090
155199157201
172109175111
55805882
70357337
1946119763
178128181130
14721495
815111153
166156169158
1117213175
86228923
1869319094
113225115227
4841184
43244526
1223115233
131152133155
174178177180
912812130
175181177183
6510168103
107220109222
2611328115
7481050
97242100244
999510197
1610819109
181179185180
2823730240
121110123112
8214685148
4714650148
1071911120
1119111492
1064810950
1439514796
4918050183
171185174187
137238142239
190133192135
58655970
1985919963
68187618
1083911042
177125180127
1383514136
160196163198
6724370244
33933695
813111133
1228612488
9221795219
9113893140
6010363105
4215444156
11099113100
3517138172
8915291155
3617939181
1917519377
152246155247
137229138234
29113213
1171312015
128207132208
34463748
20392341
1302713329
16041636
1417216175
153157158158
21782480
149149152151
59946894
7824381245
1914219444
7381040
1563715840
5722759230
155176158178
8424786249
145140147143
93669568
986510266
793995
9119592198
125182127185
1723017532
65126714
1715217453
1958019783
3215735159
130158132160
1319915202
1779618098
1905119253
2615329155
184148187150
117143119145
2016922172
1088911092
183155186157
7817681177
1656216764
8741275
23822684
2016623168
1473015032
2515727159
5120154203
43964698
1337513578
1497915480
8021682219
4211344116
4810856108
169219179219
108107111109
114183115186
7020071203
1276913071
2723330235
32046206
41756177
9419096192
170208173210
110225112227
6815670159
1736117762
187189190191
147104149106
138104143105
1442614728
168237171239
02381242
1322517226
8817395173
8418386185
5317956181
8201122
3123633238
1496115263
1011510416
1471314915
18531885
115155118156
2713330135
139182142183
1647816779
167102169104
19471979
183109185111
7516377166
1812518427
184173187175
186158188161
1319216193
2912831130
137171140172
186142191143
1352713829
9611199113
1662416926
153175
103124106126
196156199158
51608162
22712474
3513537137
107194111195
8316485166
1745617857
25362838
158171161173
171243173245
103242106244
1775017952
1596016261
979210492
13141715
1102711328
6414166143
136135138137
144192146194
3923042232
1241612520
1182912131
4416247164
101153106154
1774418145
52905592
112112115113
1341113613
46544758
118237119242
178135181137
3919141194
195161198163
3517739178
117131119133
41007102
178247180249
2615034150
68837284
47975098
2120624208
129161134162
3420239203
195188198190
1607816380
1069410897
176107177111
1768117983
9211195113
10671269
61968198
1505815360
53935595
1753417836
70647267
192142196143
3710339106
72329234
1712220124
32373439
100137107137
115228117230
55435745
6161117
1022011224
72209223
1411216114
1615021151
177202179205
154110157112
41847186
178142180145
1655916761
1827018473
181171186172
121225123228
982810030
5422457226
106140108142
175132177135
9524597247
19896199101
6521767220
9421297214
116129121130
10531255
4116243164
86338935
128145133146
7110474106
1075110953
1865818960
149217152219
1254612847
110207114208
141169143171
123243126245
1401514516
8321686218
2118823190
126119129121
8310791107
1736317864
7618778189
1217812480
419943101
54715872
1901819319
1818018482
131239133242
351383
114134117135
172717410
2215025152
681983
72507453
1933619638
106143108145
6321267213
1648416589
189152191155
6511368115
1023811243
1579616098
3218537186
29353138
1253312637
139221141223
94589759
19852486
6216763172
134238136241
1605116253
170156179156
179235182237
4212544127
5019954200
4924551248
32573559
180224181229
118138121140
1831018611
613815
7621779219
5121254214
2410926111
084386
8724892249
1668416886
818511187
183237186238
106201108204
1455014851
21667167
3013135132
193111195113
6214565147
01633165
1148511786
2320125204
415011150
140208145209
13421374
194183198184
77608161
2121325214
107119110121
3614939151
127214129217
128133132134
5423356235
3511437117
1437614579
136223138225
97194102195
38534056
165116167118
33113613
3122832233
179162180165
137207139209
1359513996
186218188220
1497615278
5619559197
4911251114
1359713799
174173179174
50615462
1275112953
99124102125
8823191233
56295931
1656716770
161235166236
4422148222
1708817389
145232148234
839886100
8122684228
9410196104
195235196240
129236131238
7116174163
1515818160
1781718119
7722978232
1415319154
104111105116
7316776169
16001623
1993102
16301932
109215111217
140196142198
125168128170
101176104178
104207107209
9312396125
19101942
11601183
128175131177
131913610
9411497116
102157105159
1566415867
3610247102
1059010793
2112223125
5020953211
121221123224
1536415567
7223376234
2917632178
6924671248
19912293
161716210
4219245194
1587316274
140177143179
15501852
57865989
110212112214
7124373245
1338113486
4824051242
6092
825847
30833285
112167115168
124166124173
1612616527
1036510667
1874918952
8323885241
8624488246
81798481
2613931140
8915892160
31203421
499952101
9419396195
1748717690
2712230124
82608463
8219685198
654695
129201132203
2819231193
152140154142
124159126161
62776479
121183124185
3021033211
5913062131
1215219152
145195147198
1046310764
62576658
4320846210
4216744170
125152127154
163160165162
125199130200
135173139174
104134107136
78808083
195229198231
7814881150
149160152162
49395142
79628164
173139174143
1447014971
6918772189
115244118245
117163118166
1004510148
18601892
133227136228
4022743229
1952919831
13401381
4010344104
1154111743
78248126
1766817870
1316916171
195197198199
1593916141
145163146166
01791184
8623888240
186179189181
4815151152
142175145176
1182612028
87248829
189200199200
4122043223
98104100107
8851186
8317585178
7011173112
913613137
3615538158
192180195182
9418297184
6717670177
997310275
1798918291
128204131206
3516438165
8810891110
136185140186
119175121178
147211148216
162220167221
1020715208
1234912651
5114452148
26273028
1273312935
124227127229
7710980111
153147156149
148132151133
1623616438
151143154144
6215967160
1624618249
194227199228
8423587237
150168153169
1533515538
2710328108
2413627138
13011333
3414237144
164239166242
122208125210
140211142214
1317915182
118230121231
171133174135
158169161170
4615751158
122230124232
7087310
123197124202
19692470
39574160
1778418285
31673469
173237178238
1076511565
103197108198
1291511
3824240244
103245107246
33713872
1737517578
124224127226
6113564137
2518127183
49735175
42466249
137133142134
46744877
7623881239
1805218453
117213120215
116136117139
3718239184
112175115177
7613378136
107224109226
69917292
8916192162
769979100
121141124143
80558357
28603361
144144147145
28423243
195172198174
68617163
4513148133
5016453165
8911191114
1853718740
44634665
119155122156
58326134
165185168186
43784779
120190123192
3884010
49685170
21532455
91759676
1176712069
82248625
69747375
170226173228
168111171113
7716882169
5414057142
1320916211
1547315775
3618737190
184214186216
2910332105
013314
1356113763
4918652188
1585516057
44444845
1099711398
152106155108
1532415725
5816161163
197236199239
1385613959
115140117142
1795418256
4014643148
1810221104
670693
188123190126
2322924233
16431675
7311676118
1954619650
7419277194
165243167245
9891092
2492711
186112188115
1462314825
145227148229
7915482156
01451148
918912191
117207120208
191190193193
90579358
1913322134
157231161232
118225120227
121211131211
171230173233
29893192
1591416614
153150156151
182141185143
7117974181
6314868149
67547056
1409814399
1765817959
1884119043
196117199119
122148124151
135129137132
28403341
1448114684
192230194232
83298631
58106111
1883518940
128152130154
155138157140
8219385195
384415
51885689
50535953
1546815671
74357637
1623016432
53425447
40764278
1937819779
81549159
17661871
1228912492
129222132224
131225132228
41274429
1506915371
5211255114
192174194177
9713599137
1107211473
64616763
440462
46494851
1323113632
1709017392
5517658178
1511916124
178113181114
4922152223
71809183
91549356
1968419985
272377
136115138118
8810491106
47924895
17362037
9261826
169917111
713412135
134141137143
128136131137
1323515238
1078610988
1029510597
1720919212
2716232163
5420755210
1784118142
1557915881
102149113149
128179131181
1243812740
1871018912
28563158
49925095
1812818429
170215172218
1888819190
910012102
191238194240
140205143207
1716318167
41704671
7410179102
161158162161
1349113992
7824680248
1303913540
5310956111
930953
78658366
38453950
92609462
178104181105
1686117262
194193195196
82898491
6022761232
108161113162
63306632
6412668127
164206166209
12711285
20202123
144246146248
1455914861
21465148
190130192132
5419056192
2311325115
90409342
1114611448
50825383
181145184147
125134127137
126218128221
125171128173
134154136156
2114424146
1261212913
157206160207
6417566177
120196122199
1053410736
133157134160
168137170140
101181104183
6012663127
1831218613
189112192113
765797
2621329215
4919351195
7722680228
175817710
7820681208
9011992121
108174111176
148152155152
108110111111
100196102199
2313126133
37763979
195151196154
113245114249
181153186154
139113141116
1613819140
18782080
2314025143
1955719958
9141215
6821570217
153202156204
55145816
1018910490
423455
1743717738
4515447156
1423014432
125139128141
7121272215
108168111170
139139142141
1163211834
106171109173
4423947240
1426114464
1368013882
100219103221
3723548235
073178
5521156214
047348
31376139
76908191
21265128
189208192209
70117313
3217134173
162119164121
167148170150
67866988
1915722159
1420317205
173136176138
9210293107
161228164230
1672816832
1384414046
81388440
119150120154
8115886159
2218124183
5717959182
126205127208
124203127204
8914392145
174188175192
8818690188
162122165124
89222100222
108245110248
1618019182
1623518238
23262528
85368739
126107129109
3923941241
20562258
1114514146
1455214854
805818
109102114103
9319897199
112216115218
1662717327
1952119822
112180115182
129168131171
37694070
4216547166
1221913224
2215325154
8112284124
168173171175
64426546
159125161128
49365238
134164136167
8220585207
137162139165
170153172155
141120142125
1318213286
144167146169
153216158217
1929019990
156119159120
109189114190
3613140132
122178125180
95369838
13961698
139230144231
1134911850
113128115131
55465848
161102163104
83268628
1892519127
134120137122
1887319075
1016413166
1096611168
6010062102
2512628128
99170107170
127157129159
6386510
1142611727
1863118833
1717219175
709873100
173202176204
6218567186
512563
3124533248
3214036141
101215102218
1774618247
137248142249
18812083
1020912212
73557557
135106140107
110159115160
2010823109
130246132249
170117175118
1156811673
2417726180
49495251
8819790200
6018063182
12294230
1422216224
1689417196
141151143153
6719470195
8588710
8341136
1078111182
116183119185
104108107110
1419422194
9511898120
1866219362
118195119199
52129213
13571659
8722188226
1926419566
1655616758
1483315035
8113084132
037239
40794281
120131123133
049350
10098103100
1417314475
080381
1653916840
1619521196
132177137178
151163155164
140154145155
8921092212
9021393215
8410187103
172126175128
2019722200
1806618368
3313836139
01883190
4814951150
13541656
4617049172
4418245186
41414443
101188104190
1748417686
02102212
73867588
5112353125
1453314735
5211655118
1782618029
1120313206
111150114152
190169192171
1394014143
6418066183
1506515268
139224142225
76217823
35423844
1887019072
662963
193170196171
36573859
3514935156
157194159196
3110834109
1463814841
186241189243
6811971121
7417381173
9316298163
1212214125
4522748229
116123119124
911411116
158201160203
90159217
80458248
1108611288
3712739130
8620488206
1914721149
5422956232
1734417645
192165195166
29863288
8222085222
9499514
4413647138
152133155135
1736817571
156141159143
1817718379
167206171207
129104132106
1214914151
149220152221
145239148240
159246161249
69477249
4320244207
86519052
1720620208
1405714260
112126115127
1798618288
180197182199
195232198234
6614569147
8024082242
14461487
162147165149
43154617
6920970212
51125414
85828883
3722240224
76788079
6324570245
3920442206
128239130241
134125136128
2818130183
107151110153
1423614737
147166149169
10941595
169106172108
138814110
75807783
111200115201
452655
146173149174
99142102144
30753277
1037210673
126196129198
1013210633
1519315298
43104513
102122107123
744758
80588359
1928019483
1856618868
9418899189
3113534136
121186124188
9817499177
41907192
143188146190
1117811380
1852218824
1844518746
9417497176
99116101119
77348036
7722380225
5519857200
9614198143
176100186100
180238182241
1015513157
103239106240
125142128144
106185109187
188132189136
2510028102
8913890142
71797282
120144121147
809882101
138119140122
111104113106
66346936
9323296234
9420397205
1162211824
98459949
1582516028
3916541168
195247198249
59966696
4918452185
92189420
26503151
108179111181
177213179216
106166116166
3420842208
197151199154
1602916132
58576158
1908419386
8220284204
2621627221
37923995
94819683
139190140193
5120653208
1184112043
42399240
98211103212
33803881
4010542107
11231425
153815511
46284830
5212855130
1622816629
170102172105
138177139181
1126211564
116118117122
31253427
776978
246278
1086211164
97132100134
97829984
2417427176
162246165247
152136156137
33863688
177120179123
142115146116
1561315815
183244188245
157115162116
171197174199
133247136249
130107133109
12301531
2216025162
4520247204
99128101131
1561815919
33823684
42417242
36633866
2423426237
142146144148
1619719199
3212936130
166146171147
6723271233
7319078191
137194140195
1974819951
192233194235
9320697207
1514316146
96709873
79858287
37254027
54325733
1431714718
1210715108
1072111022
7415382153
5512066120
6521467216
10699109101
428829
133205135207
8517287174
1423314435
81418443
1043910642
1099311196
1425314456
7913080133
85908891
1302213523
01693171
2723130232
156179161180
158110161111
1773218233
147163150165
142223150223
1241212515
3420438205
88629064
1138711590
71639165
11231155
2524528246
183160185163
13831415
1959419995
46104911
1858518887
175223177225
193105196107
88459147
5423657238
159244164245
1793618736
132168135170
1835618558
1617516477
43754577
169123172125
13341636
132171135172
110185113186
1742717729
1705717260
18892190
3818540187
9661017
220330
32356236
3416036163
168230170233
1077110974
3611838120
2215525156
1767317875
8315285155
1325613757
82498550
182113185114
4618248185
4915951161
122144124147
7819281194
167197170199
140164142166
1697717278
42444349
8721790219
132181135183
193212195214
88929095
1334513647
1917319674
879890100
174232177234
11441545
26202725
5524658247
113117115120
4017543177
42109211
120189127189
114193117195
32076209
5224454247
162126165128
01853187
4021442216
4515948161
124130127132
96139815
66226825
1028610687
125100128102
1316813273
8711989121
8914991151
1112111522
178178188178
3818840190
944210342
3716140163
160194165195
76277830
1478115182
1722220223
5016653168
1142811730
9199311
1852618828
2212925130
2520526210
191162194164
39284033
106129109131
3516938170
1649616797
23642865
1582915932
63536655
13671470
16211923
178188180191
3020433205
67577059
5117156172
50565358
144204147206
153181158182
1697517276
8615288155
94229723
61476449
6021462217
8113386134
01490158
15241925
472774
61268129
61686470
40654367
4511556115
1189412196
1135511558
1386314165
89819183
4021743219
6515267154
1591116113
5719260194
69937295
2214724149
1772018121
135159138161
138200140203
102147105148
1847718679
4914151143
9411243
8917690179
170200172203
8823490236
1355813760
303335
126192128195
77408041
7222675228
126127130128
107125116125
19501973
131198134200
198719817
1221112315
1892819230
1022812230
1976619969
2920136201
168126171128
152113155115
5710059102
14121713
89759080
154228156230
4520547207
48475248
144104146106
724410246
7314075142
51195421
61736474
2216324165
4115944161
197202199205
6214470144
1574316045
8620789209
141202146203
183197185199
1364913951
78888189
1023412237
1061010813
171177173180
9012392125
10701173
2013521140
10621264
820110204
129234132235
145147148149
1310117102
31816183
174150183150
720743
3419138192
1852918830
354376
62116413
8511388115
126129134129
4414646149
890921
7811480117
85628765
15799158104
474515
01213123
187249194249
1975219954
9123593238
42196222
166179167182
3419836200
120100121104
8221184213
184128185133
9616598168
615647
1337213674
52755478
15599156104
112109115111
8920592206
16632363
1973319936
108122115122
1935119653
6113863141
4619248194
133201137202
93909692
1894719448
1443814541
1409414297
7417077172
176175179177
7424577247
1042510727
6510967112
1711517317
62226524
1335013552
100108103110
1851518718
1207012372
01317131
2924430249
16951708
4412846130
174214176216
1135911661
143224145226
02352237
4210946110
5513259133
1129311496
120160123161
1812218424
1305413158
182192185194
1218617187
9413496137
1632216525
471503
113811510
196245199246
41707171
93699571
93729574
3723342234
137100142101
8111584117
55185721
134219137220
59716372
134243136246
3620939211
42224523
1593616138
1135111653
02312233
140130142132
168114170116
174104177105
91909295
189921101
1323313435
161100165101
178168180170
129138133139
02072209
5813560137
2020924210
147246149248
164139167140
105177107180
178230181232
177138182139
6422468225
138110141112
144118148119
171114173116
750781
148198149201
108137110139
6722670228
139146141148
196180199182
192152194154
1821719220
116176118178
98205101207
3424038241
4117944181
72607661
98245100247
116231117234
1418514686
91979499
1858118882
5610359105
139917100
149145152147
118190119194
184246189247
104104106107
60426344
5120454205
35603862
189159192161
1304213245
9681009
11201152
156241163241
8212585127
90699272
1613316435
83858687
7816682167
149239152240
138219141220
3015132154
103155106156
1457214774
37383841
1127411477
147209150210
172248175249
159216161219
3211835120
1916221165
751954
4221144213
138215143216
7013972142
180195185196
1719717499
326827
821711219
6315173151
1596616169
1614516347
1735817560
70867288
189220192221
1143311537
1723120233
922512227
1183512137
1929119991
5210455106
611711118
168209
8617688179
916957
581613
164143167145
160129161132
4314246143
3916941171
02433245
167208169210
154205156207
9320896210
4223644238
187203189205
1626716470
6017563177
2416625169
1436514568
322425
711211113
3524237244
1258912791
1281512919
1268113082
33743676
44324635
33323633
185145188147
71547258
131190135191
85418843
2018121184
9271130
5322155223
73807484
199519916
8111284114
1705517356
179157182159
125150128151
2123022233
8518988190
158224163225
105189107192
5313756139
67317033
1619416396
94187105187
13621564
585608
1803018431
154224156227
1588415989
4217145173
167202169205
102222106223
6611669118
41304531
1114714148
61939195
90349335
113172115174
4212244124
191148192151
192178197179
105182108184
10251047
33283531
1481615118
19482250
1195612257
4420049201
147189148192
137167139170
7118274184
2022621229
6724069242
1324316244
5022553227
184188186191
35684368
109182111184
5710860109
1573316035
119246122248
7518278184
5416857170
5117454176
1417914282
8912692128
90202101202
179185183186
107124115124
173151176153
1337013671
108123115123
4418952189
1741117713
170157178157
157146158151
36283831
817010173
18351848
194155195160
8613089132
15396154101
1797318175
171130174132
8416186163
149227153228
133100136102
1362513926
1316513467
132136135137
9621899219
8651166
7412377125
48905191
024226
1032010424
11534155
1381513919
46184821
9118793190
7114374145
100173103175
1579416095
3915441156
4820550208
4012943130
59976299
20292331
101105103107
91499650
1245912860
1620019202
186200188202
113196117197
196211199213
1221615218
